Information,4/17/2023 10:26:56 AM,Microsoft-Windows-Sysmon,1,Process Create (rule: ProcessCreate),"Process Create:
RuleName: -
UtcTime: 2023-04-17 01:26:56.571
ProcessGuid: {2048537D-A060-643C-BB00-000000000B00}
ProcessId: 6464
Image: C:\Windows\System32\MusNotification.exe
FileVersion: 10.0.14393.1884 (rs1_release.171101-1233)
Description: MusNotificationBroker
Product: Microsoft® Windows® Operating System
Company: Microsoft Corporation
OriginalFileName: MusNotification.exe
CommandLine: C:\Windows\system32\MusNotification.exe Display
CurrentDirectory: C:\Windows\system32\
User: NT AUTHORITY\SYSTEM
LogonGuid: {2048537D-962F-643A-E703-000000000000}
LogonId: 0x3E7
TerminalSessionId: 0
IntegrityLevel: System
Hashes: SHA256=4122383944A3A824EF2FF1743ECAD5F81FDB81E85DC0B80379186A6732485707
ParentProcessGuid: {00000000-0000-0000-0000-000000000000}
ParentProcessId: 1236
ParentImage: -
ParentCommandLine: -
ParentUser: -"
Information,4/17/2023 10:26:56 AM,Microsoft-Windows-Sysmon,1,Process Create (rule: ProcessCreate),"Process Create:
RuleName: -
UtcTime: 2023-04-17 01:26:56.008
ProcessGuid: {2048537D-A060-643C-BA00-000000000B00}
ProcessId: 6392
Image: C:\Windows\System32\MusNotification.exe
FileVersion: 10.0.14393.1884 (rs1_release.171101-1233)
Description: MusNotificationBroker
Product: Microsoft® Windows® Operating System
Company: Microsoft Corporation
OriginalFileName: MusNotification.exe
CommandLine: C:\Windows\system32\MusNotification.exe LogonDisplay
CurrentDirectory: C:\Windows\system32\
User: NT AUTHORITY\SYSTEM
LogonGuid: {2048537D-962F-643A-E703-000000000000}
LogonId: 0x3E7
TerminalSessionId: 0
IntegrityLevel: System
Hashes: SHA256=4122383944A3A824EF2FF1743ECAD5F81FDB81E85DC0B80379186A6732485707
ParentProcessGuid: {00000000-0000-0000-0000-000000000000}
ParentProcessId: 1236
ParentImage: -
ParentCommandLine: -
ParentUser: -"
Information,4/17/2023 10:26:48 AM,Microsoft-Windows-Sysmon,5,Process terminated (rule: ProcessTerminate),"Process terminated:
RuleName: -
UtcTime: 2023-04-17 01:26:48.467
ProcessGuid: {2048537D-A037-643C-A800-000000000B00}
ProcessId: 1556
Image: C:\Windows\System32\sppsvc.exe
User: NT AUTHORITY\NETWORK SERVICE"
Information,4/17/2023 10:26:48 AM,Microsoft-Windows-Sysmon,5,Process terminated (rule: ProcessTerminate),"Process terminated:
RuleName: -
UtcTime: 2023-04-17 01:26:48.451
ProcessGuid: {2048537D-A037-643C-A900-000000000B00}
ProcessId: 4784
Image: C:\Windows\System32\SppExtComObj.Exe
User: NT AUTHORITY\NETWORK SERVICE"
Information,4/17/2023 10:26:38 AM,Microsoft-Windows-Sysmon,5,Process terminated (rule: ProcessTerminate),"Process terminated:
RuleName: -
UtcTime: 2023-04-17 01:26:38.663
ProcessGuid: {2048537D-A037-643C-A600-000000000B00}
ProcessId: 4728
Image: C:\Windows\System32\userinit.exe
User: EXAMPLECOMPANY\admin"
Information,4/17/2023 10:26:30 AM,Microsoft-Windows-Sysmon,5,Process terminated (rule: ProcessTerminate),"Process terminated:
RuleName: -
UtcTime: 2023-04-17 01:26:30.725
ProcessGuid: {2048537D-A03C-643C-B800-000000000B00}
ProcessId: 5920
Image: C:\Windows\System32\mobsync.exe
User: EXAMPLECOMPANY\admin"
Information,4/17/2023 10:26:25 AM,Microsoft-Windows-Sysmon,5,Process terminated (rule: ProcessTerminate),"Process terminated:
RuleName: -
UtcTime: 2023-04-17 01:26:25.037
ProcessGuid: {2048537D-A03B-643C-B700-000000000B00}
ProcessId: 5872
Image: C:\Windows\System32\dllhost.exe
User: EXAMPLECOMPANY\admin"
Information,4/17/2023 10:26:24 AM,Microsoft-Windows-Sysmon,5,Process terminated (rule: ProcessTerminate),"Process terminated:
RuleName: -
UtcTime: 2023-04-17 01:26:24.967
ProcessGuid: {2048537D-A037-643C-9D00-000000000B00}
ProcessId: 2440
Image: C:\Windows\System32\dllhost.exe
User: NT AUTHORITY\SYSTEM"
Information,4/17/2023 10:26:22 AM,Microsoft-Windows-Sysmon,5,Process terminated (rule: ProcessTerminate),"Process terminated:
RuleName: -
UtcTime: 2023-04-17 01:26:22.814
ProcessGuid: {2048537D-A039-643C-B200-000000000B00}
ProcessId: 5588
Image: C:\Windows\System32\dllhost.exe
User: NT AUTHORITY\SYSTEM"
Information,4/17/2023 10:26:21 AM,Microsoft-Windows-Sysmon,1,Process Create (rule: ProcessCreate),"Process Create:
RuleName: -
UtcTime: 2023-04-17 01:26:21.889
ProcessGuid: {2048537D-A03D-643C-B900-000000000B00}
ProcessId: 5980
Image: C:\Windows\System32\wbem\WmiPrvSE.exe
FileVersion: 10.0.14393.0 (rs1_release.160715-1616)
Description: WMI Provider Host
Product: Microsoft® Windows® Operating System
Company: Microsoft Corporation
OriginalFileName: Wmiprvse.exe
CommandLine: C:\Windows\system32\wbem\wmiprvse.exe -Embedding
CurrentDirectory: C:\Windows\system32\
User: NT AUTHORITY\SYSTEM
LogonGuid: {2048537D-962F-643A-E703-000000000000}
LogonId: 0x3E7
TerminalSessionId: 0
IntegrityLevel: System
Hashes: SHA256=B62ACACFCAF99A50149F9DCE06136D478723992A61014FC3DBAE81289FE219F9
ParentProcessGuid: {00000000-0000-0000-0000-000000000000}
ParentProcessId: 732
ParentImage: -
ParentCommandLine: -
ParentUser: -"
Information,4/17/2023 10:26:20 AM,Microsoft-Windows-Sysmon,1,Process Create (rule: ProcessCreate),"Process Create:
RuleName: -
UtcTime: 2023-04-17 01:26:20.364
ProcessGuid: {2048537D-A03C-643C-B800-000000000B00}
ProcessId: 5920
Image: C:\Windows\System32\mobsync.exe
FileVersion: 10.0.14393.0 (rs1_release.160715-1616)
Description: Microsoft Sync Center
Product: Microsoft® Windows® Operating System
Company: Microsoft Corporation
OriginalFileName: mobsync.exe
CommandLine: C:\Windows\System32\mobsync.exe -Embedding
CurrentDirectory: C:\Windows\system32\
User: EXAMPLECOMPANY\admin
LogonGuid: {2048537D-A037-643C-5471-310000000000}
LogonId: 0x317154
TerminalSessionId: 1
IntegrityLevel: Medium
Hashes: SHA256=65C2A4AD1E69454BAD5C2BE41828E0025749F132786F394F0D38679EA0C68931
ParentProcessGuid: {00000000-0000-0000-0000-000000000000}
ParentProcessId: 732
ParentImage: -
ParentCommandLine: -
ParentUser: -"
Information,4/17/2023 10:26:19 AM,Microsoft-Windows-Sysmon,1,Process Create (rule: ProcessCreate),"Process Create:
RuleName: -
UtcTime: 2023-04-17 01:26:19.965
ProcessGuid: {2048537D-A03B-643C-B700-000000000B00}
ProcessId: 5872
Image: C:\Windows\System32\dllhost.exe
FileVersion: 10.0.14393.0 (rs1_release.160715-1616)
Description: COM Surrogate
Product: Microsoft® Windows® Operating System
Company: Microsoft Corporation
OriginalFileName: dllhost.exe
CommandLine: C:\Windows\system32\DllHost.exe /Processid:{46B988E8-BEC2-401F-A1C5-16C694F26D3E}
CurrentDirectory: C:\Windows\system32\
User: EXAMPLECOMPANY\admin
LogonGuid: {2048537D-A037-643C-3771-310000000000}
LogonId: 0x317137
TerminalSessionId: 1
IntegrityLevel: High
Hashes: SHA256=EE8364C07B3F4F71FA649E0E6C4C73C15D285130E4B16E79890EEBBF89C2164E
ParentProcessGuid: {00000000-0000-0000-0000-000000000000}
ParentProcessId: 732
ParentImage: -
ParentCommandLine: -
ParentUser: -"
Information,4/17/2023 10:26:19 AM,Microsoft-Windows-Sysmon,5,Process terminated (rule: ProcessTerminate),"Process terminated:
RuleName: -
UtcTime: 2023-04-17 01:26:19.957
ProcessGuid: {2048537D-A03B-643C-B600-000000000B00}
ProcessId: 5832
Image: C:\Windows\System32\consent.exe
User: NT AUTHORITY\SYSTEM"
Information,4/17/2023 10:26:19 AM,Microsoft-Windows-Sysmon,1,Process Create (rule: ProcessCreate),"Process Create:
RuleName: -
UtcTime: 2023-04-17 01:26:19.911
ProcessGuid: {2048537D-A03B-643C-B600-000000000B00}
ProcessId: 5832
Image: C:\Windows\System32\consent.exe
FileVersion: 10.0.14393.0 (rs1_release.160715-1616)
Description: Consent UI for administrative applications
Product: Microsoft® Windows® Operating System
Company: Microsoft Corporation
OriginalFileName: consent.exe
CommandLine: consent.exe 1236 320 000001ACBFE275E0
CurrentDirectory: C:\Windows\system32\
User: NT AUTHORITY\SYSTEM
LogonGuid: {2048537D-962F-643A-E703-000000000000}
LogonId: 0x3E7
TerminalSessionId: 1
IntegrityLevel: System
Hashes: SHA256=8B1522BA0FE25D268781C2DF68BAE2BA4991D5BD02F161E61DE1B9194AE54DFA
ParentProcessGuid: {00000000-0000-0000-0000-000000000000}
ParentProcessId: 1236
ParentImage: -
ParentCommandLine: -
ParentUser: -"
Information,4/17/2023 10:26:19 AM,Microsoft-Windows-Sysmon,1,Process Create (rule: ProcessCreate),"Process Create:
RuleName: -
UtcTime: 2023-04-17 01:26:19.124
ProcessGuid: {2048537D-A03B-643C-B500-000000000B00}
ProcessId: 5776
Image: C:\Windows\System32\wbem\WmiPrvSE.exe
FileVersion: 10.0.14393.0 (rs1_release.160715-1616)
Description: WMI Provider Host
Product: Microsoft® Windows® Operating System
Company: Microsoft Corporation
OriginalFileName: Wmiprvse.exe
CommandLine: C:\Windows\system32\wbem\wmiprvse.exe -secured -Embedding
CurrentDirectory: C:\Windows\system32\
User: NT AUTHORITY\LOCAL SERVICE
LogonGuid: {2048537D-9630-643A-E503-000000000000}
LogonId: 0x3E5
TerminalSessionId: 0
IntegrityLevel: System
Hashes: SHA256=B62ACACFCAF99A50149F9DCE06136D478723992A61014FC3DBAE81289FE219F9
ParentProcessGuid: {00000000-0000-0000-0000-000000000000}
ParentProcessId: 732
ParentImage: -
ParentCommandLine: -
ParentUser: -"
Information,4/17/2023 10:26:19 AM,Microsoft-Windows-Sysmon,1,Process Create (rule: ProcessCreate),"Process Create:
RuleName: -
UtcTime: 2023-04-17 01:26:19.084
ProcessGuid: {2048537D-A03B-643C-B400-000000000B00}
ProcessId: 5716
Image: C:\Windows\System32\wbem\WmiPrvSE.exe
FileVersion: 10.0.14393.0 (rs1_release.160715-1616)
Description: WMI Provider Host
Product: Microsoft® Windows® Operating System
Company: Microsoft Corporation
OriginalFileName: Wmiprvse.exe
CommandLine: C:\Windows\system32\wbem\wmiprvse.exe -secured -Embedding
CurrentDirectory: C:\Windows\system32\
User: NT AUTHORITY\NETWORK SERVICE
LogonGuid: {2048537D-962F-643A-E403-000000000000}
LogonId: 0x3E4
TerminalSessionId: 0
IntegrityLevel: System
Hashes: SHA256=B62ACACFCAF99A50149F9DCE06136D478723992A61014FC3DBAE81289FE219F9
ParentProcessGuid: {00000000-0000-0000-0000-000000000000}
ParentProcessId: 732
ParentImage: -
ParentCommandLine: -
ParentUser: -"
Information,4/17/2023 10:26:18 AM,Microsoft-Windows-Sysmon,5,Process terminated (rule: ProcessTerminate),"Process terminated:
RuleName: -
UtcTime: 2023-04-17 01:26:18.438
ProcessGuid: {2048537D-A037-643C-AA00-000000000B00}
ProcessId: 3404
Image: C:\Windows\System32\slui.exe
User: NT AUTHORITY\NETWORK SERVICE"
Information,4/17/2023 10:26:18 AM,Microsoft-Windows-Sysmon,5,Process terminated (rule: ProcessTerminate),"Process terminated:
RuleName: -
UtcTime: 2023-04-17 01:26:18.407
ProcessGuid: {2048537D-A037-643C-AB00-000000000B00}
ProcessId: 2212
Image: C:\Windows\System32\slui.exe
User: EXAMPLECOMPANY\admin"
Information,4/17/2023 10:26:17 AM,Microsoft-Windows-Sysmon,5,Process terminated (rule: ProcessTerminate),"Process terminated:
RuleName: -
UtcTime: 2023-04-17 01:26:17.860
ProcessGuid: {2048537D-A037-643C-A500-000000000B00}
ProcessId: 144
Image: C:\Windows\System32\ServerManagerLauncher.exe
User: EXAMPLECOMPANY\admin"
Information,4/17/2023 10:26:17 AM,Microsoft-Windows-Sysmon,1,Process Create (rule: ProcessCreate),"Process Create:
RuleName: -
UtcTime: 2023-04-17 01:26:17.835
ProcessGuid: {2048537D-A039-643C-B300-000000000B00}
ProcessId: 5624
Image: C:\Windows\System32\ServerManager.exe
FileVersion: 10.0.14393.1737 (rs1_release_inmarket.170914-1249)
Description: Server Manager
Product: Microsoft® Windows® Operating System
Company: Microsoft Corporation
OriginalFileName: servermanager.dll
CommandLine: ""C:\Windows\system32\ServerManager.exe"" 
CurrentDirectory: C:\Windows\system32\
User: EXAMPLECOMPANY\admin
LogonGuid: {2048537D-A037-643C-3771-310000000000}
LogonId: 0x317137
TerminalSessionId: 1
IntegrityLevel: High
Hashes: SHA256=2F0618FFA4670D946A8D283266B64357B325EA867EDB7BC48970560A479674C5
ParentProcessGuid: {2048537D-A037-643C-A500-000000000B00}
ParentProcessId: 144
ParentImage: C:\Windows\System32\ServerManagerLauncher.exe
ParentCommandLine: C:\Windows\system32\ServerManagerLauncher.exe
ParentUser: EXAMPLECOMPANY\admin"
Information,4/17/2023 10:26:17 AM,Microsoft-Windows-Sysmon,5,Process terminated (rule: ProcessTerminate),"Process terminated:
RuleName: -
UtcTime: 2023-04-17 01:26:17.829
ProcessGuid: {2048537D-A039-643C-B100-000000000B00}
ProcessId: 5544
Image: C:\Windows\System32\consent.exe
User: NT AUTHORITY\SYSTEM"
Information,4/17/2023 10:26:17 AM,Microsoft-Windows-Sysmon,1,Process Create (rule: ProcessCreate),"Process Create:
RuleName: -
UtcTime: 2023-04-17 01:26:17.818
ProcessGuid: {2048537D-A039-643C-B200-000000000B00}
ProcessId: 5588
Image: C:\Windows\System32\dllhost.exe
FileVersion: 10.0.14393.0 (rs1_release.160715-1616)
Description: COM Surrogate
Product: Microsoft® Windows® Operating System
Company: Microsoft Corporation
OriginalFileName: dllhost.exe
CommandLine: C:\Windows\system32\DllHost.exe /Processid:{E10F6C3A-F1AE-4ADC-AA9D-2FE65525666E}
CurrentDirectory: C:\Windows\system32\
User: NT AUTHORITY\SYSTEM
LogonGuid: {2048537D-962F-643A-E703-000000000000}
LogonId: 0x3E7
TerminalSessionId: 1
IntegrityLevel: System
Hashes: SHA256=EE8364C07B3F4F71FA649E0E6C4C73C15D285130E4B16E79890EEBBF89C2164E
ParentProcessGuid: {00000000-0000-0000-0000-000000000000}
ParentProcessId: 732
ParentImage: -
ParentCommandLine: -
ParentUser: -"
Information,4/17/2023 10:26:17 AM,Microsoft-Windows-Sysmon,1,Process Create (rule: ProcessCreate),"Process Create:
RuleName: -
UtcTime: 2023-04-17 01:26:17.787
ProcessGuid: {2048537D-A039-643C-B100-000000000B00}
ProcessId: 5544
Image: C:\Windows\System32\consent.exe
FileVersion: 10.0.14393.0 (rs1_release.160715-1616)
Description: Consent UI for administrative applications
Product: Microsoft® Windows® Operating System
Company: Microsoft Corporation
OriginalFileName: consent.exe
CommandLine: consent.exe 1236 348 000001ACBFD88740
CurrentDirectory: C:\Windows\system32\
User: NT AUTHORITY\SYSTEM
LogonGuid: {2048537D-962F-643A-E703-000000000000}
LogonId: 0x3E7
TerminalSessionId: 1
IntegrityLevel: System
Hashes: SHA256=8B1522BA0FE25D268781C2DF68BAE2BA4991D5BD02F161E61DE1B9194AE54DFA
ParentProcessGuid: {00000000-0000-0000-0000-000000000000}
ParentProcessId: 1236
ParentImage: -
ParentCommandLine: -
ParentUser: -"
Information,4/17/2023 10:26:17 AM,Microsoft-Windows-Sysmon,5,Process terminated (rule: ProcessTerminate),"Process terminated:
RuleName: -
UtcTime: 2023-04-17 01:26:17.719
ProcessGuid: {2048537D-A039-643C-B000-000000000B00}
ProcessId: 5532
Image: <unknown process>
User: EXAMPLECOMPANY\admin"
Information,4/17/2023 10:26:17 AM,Microsoft-Windows-Sysmon,1,Process Create (rule: ProcessCreate),"Process Create:
RuleName: -
UtcTime: 2023-04-17 01:26:17.731
ProcessGuid: {2048537D-A039-643C-B000-000000000B00}
ProcessId: 5532
Image: C:\Windows\System32\ServerManager.exe
FileVersion: 10.0.14393.1737 (rs1_release_inmarket.170914-1249)
Description: Server Manager
Product: Microsoft® Windows® Operating System
Company: Microsoft Corporation
OriginalFileName: servermanager.dll
CommandLine: ""C:\Windows\system32\ServerManager.exe"" 
CurrentDirectory: C:\Windows\system32\
User: EXAMPLECOMPANY\admin
LogonGuid: {2048537D-A037-643C-5471-310000000000}
LogonId: 0x317154
TerminalSessionId: 1
IntegrityLevel: Medium
Hashes: SHA256=2F0618FFA4670D946A8D283266B64357B325EA867EDB7BC48970560A479674C5
ParentProcessGuid: {2048537D-A037-643C-A500-000000000B00}
ParentProcessId: 144
ParentImage: C:\Windows\System32\ServerManagerLauncher.exe
ParentCommandLine: C:\Windows\system32\ServerManagerLauncher.exe
ParentUser: EXAMPLECOMPANY\admin"
Information,4/17/2023 10:26:17 AM,Microsoft-Windows-Sysmon,1,Process Create (rule: ProcessCreate),"Process Create:
RuleName: -
UtcTime: 2023-04-17 01:26:17.357
ProcessGuid: {2048537D-A039-643C-AF00-000000000B00}
ProcessId: 5260
Image: C:\Windows\System32\backgroundTaskHost.exe
FileVersion: 10.0.14393.0 (rs1_release.160715-1616)
Description: Background Task Host
Product: Microsoft® Windows® Operating System
Company: Microsoft Corporation
OriginalFileName: backgroundTaskHost.exe
CommandLine: ""C:\Windows\system32\backgroundTaskHost.exe"" -ServerName:CortanaUI.AppXy7vb4pc2dr3kc93kfc509b1d0arkfb2x.mca
CurrentDirectory: C:\Windows\SystemApps\Microsoft.Windows.Cortana_cw5n1h2txyewy\
User: EXAMPLECOMPANY\admin
LogonGuid: {2048537D-A037-643C-5471-310000000000}
LogonId: 0x317154
TerminalSessionId: 1
IntegrityLevel: AppContainer
Hashes: SHA256=23A80E09DAE6DB17909E81B1CA7E9BF43158BDEE69C1646125FC62E6BFE2745B
ParentProcessGuid: {00000000-0000-0000-0000-000000000000}
ParentProcessId: 732
ParentImage: -
ParentCommandLine: -
ParentUser: -"
Information,4/17/2023 10:26:17 AM,Microsoft-Windows-Sysmon,1,Process Create (rule: ProcessCreate),"Process Create:
RuleName: -
UtcTime: 2023-04-17 01:26:17.106
ProcessGuid: {2048537D-A039-643C-AE00-000000000B00}
ProcessId: 1408
Image: C:\Windows\SystemApps\Microsoft.Windows.Cortana_cw5n1h2txyewy\SearchUI.exe
FileVersion: 10.0.14393.953 (rs1_release_inmarket.170303-1614)
Description: Search and Cortana application
Product: Microsoft® Windows® Operating System
Company: Microsoft Corporation
OriginalFileName: SearchUI.exe
CommandLine: ""C:\Windows\SystemApps\Microsoft.Windows.Cortana_cw5n1h2txyewy\SearchUI.exe"" -ServerName:CortanaUI.AppXa50dqqa5gqv4a428c9y1jjw7m3btvepj.mca
CurrentDirectory: C:\Windows\SystemApps\Microsoft.Windows.Cortana_cw5n1h2txyewy\
User: EXAMPLECOMPANY\admin
LogonGuid: {2048537D-A037-643C-5471-310000000000}
LogonId: 0x317154
TerminalSessionId: 1
IntegrityLevel: AppContainer
Hashes: SHA256=632C9EF4F26CE0C2AA415E1DC4C1515E0CD2A72422F3F81663BA612752EE6B72
ParentProcessGuid: {00000000-0000-0000-0000-000000000000}
ParentProcessId: 732
ParentImage: -
ParentCommandLine: -
ParentUser: -"
Information,4/17/2023 10:26:17 AM,Microsoft-Windows-Sysmon,1,Process Create (rule: ProcessCreate),"Process Create:
RuleName: -
UtcTime: 2023-04-17 01:26:17.035
ProcessGuid: {2048537D-A039-643C-AD00-000000000B00}
ProcessId: 4740
Image: C:\Windows\System32\svchost.exe
FileVersion: 10.0.14393.0 (rs1_release.160715-1616)
Description: Host Process for Windows Services
Product: Microsoft® Windows® Operating System
Company: Microsoft Corporation
OriginalFileName: svchost.exe
CommandLine: C:\Windows\System32\svchost.exe -k wsappx
CurrentDirectory: C:\Windows\system32\
User: NT AUTHORITY\SYSTEM
LogonGuid: {2048537D-962F-643A-E703-000000000000}
LogonId: 0x3E7
TerminalSessionId: 0
IntegrityLevel: System
Hashes: SHA256=438B6CCD84F4DD32D9684ED7D58FD7D1E5A75FE3F3D12AB6C788E6BB0FFAD5E7
ParentProcessGuid: {00000000-0000-0000-0000-000000000000}
ParentProcessId: 556
ParentImage: -
ParentCommandLine: -
ParentUser: -"
Information,4/17/2023 10:26:17 AM,Microsoft-Windows-Sysmon,1,Process Create (rule: ProcessCreate),"Process Create:
RuleName: -
UtcTime: 2023-04-17 01:26:17.031
ProcessGuid: {2048537D-A039-643C-AC00-000000000B00}
ProcessId: 3988
Image: C:\Windows\SystemApps\ShellExperienceHost_cw5n1h2txyewy\ShellExperienceHost.exe
FileVersion: 10.0.14393.447 (rs1_release_inmarket.161102-0100)
Description: Windows Shell Experience Host
Product: Microsoft® Windows® Operating System
Company: Microsoft Corporation
OriginalFileName: ShellExperienceHost.exe
CommandLine: ""C:\Windows\SystemApps\ShellExperienceHost_cw5n1h2txyewy\ShellExperienceHost.exe"" -ServerName:App.AppXtk181tbxbce2qsex02s8tw7hfxa9xb3t.mca
CurrentDirectory: C:\Windows\SystemApps\ShellExperienceHost_cw5n1h2txyewy\
User: EXAMPLECOMPANY\admin
LogonGuid: {2048537D-A037-643C-5471-310000000000}
LogonId: 0x317154
TerminalSessionId: 1
IntegrityLevel: AppContainer
Hashes: SHA256=AA4F4331E0DD65926D6C2EB585306B760F02C8F9DCC637020915EBAD8BC6E060
ParentProcessGuid: {00000000-0000-0000-0000-000000000000}
ParentProcessId: 732
ParentImage: -
ParentCommandLine: -
ParentUser: -"
Information,4/17/2023 10:26:16 AM,Microsoft-Windows-Sysmon,5,Process terminated (rule: ProcessTerminate),"Process terminated:
RuleName: -
UtcTime: 2023-04-17 01:26:16.969
ProcessGuid: {2048537D-A037-643C-A400-000000000B00}
ProcessId: 3780
Image: C:\Windows\System32\taskhostw.exe
User: EXAMPLECOMPANY\admin"
Information,4/17/2023 10:26:15 AM,Microsoft-Windows-Sysmon,1,Process Create (rule: ProcessCreate),"Process Create:
RuleName: -
UtcTime: 2023-04-17 01:26:15.717
ProcessGuid: {2048537D-A037-643C-AB00-000000000B00}
ProcessId: 2212
Image: C:\Windows\System32\slui.exe
FileVersion: 10.0.14393.0 (rs1_release.160715-1616)
Description: Windows Activation Client
Product: Microsoft® Windows® Operating System
Company: Microsoft Corporation
OriginalFileName: slui.exe
CommandLine: C:\Windows\System32\slui.exe -Embedding
CurrentDirectory: C:\Windows\system32\
User: EXAMPLECOMPANY\admin
LogonGuid: {2048537D-A037-643C-5471-310000000000}
LogonId: 0x317154
TerminalSessionId: 1
IntegrityLevel: Medium
Hashes: SHA256=E28263F4DA43E8598412BA0D13E4D2E6940DE6A02E40109BEFAA4E69FCE693C1
ParentProcessGuid: {00000000-0000-0000-0000-000000000000}
ParentProcessId: 732
ParentImage: -
ParentCommandLine: -
ParentUser: -"
Information,4/17/2023 10:26:15 AM,Microsoft-Windows-Sysmon,1,Process Create (rule: ProcessCreate),"Process Create:
RuleName: -
UtcTime: 2023-04-17 01:26:15.701
ProcessGuid: {2048537D-A037-643C-AA00-000000000B00}
ProcessId: 3404
Image: C:\Windows\System32\slui.exe
FileVersion: 10.0.14393.0 (rs1_release.160715-1616)
Description: Windows Activation Client
Product: Microsoft® Windows® Operating System
Company: Microsoft Corporation
OriginalFileName: slui.exe
CommandLine: ""C:\Windows\System32\SLUI.exe"" RuleId=31e71c49-8da7-4a2f-ad92-45d98a1c79ba;Action=AutoActivate;AppId=55c92734-d682-4d71-983e-d6ec3f16059f;SkuId=afd55ac6-d0b0-4812-9047-6c756d82bedf;NotificationInterval=1440;Trigger=UserLogon;SessionId=1
CurrentDirectory: C:\Windows\system32\
User: NT AUTHORITY\NETWORK SERVICE
LogonGuid: {2048537D-962F-643A-E403-000000000000}
LogonId: 0x3E4
TerminalSessionId: 0
IntegrityLevel: System
Hashes: SHA256=E28263F4DA43E8598412BA0D13E4D2E6940DE6A02E40109BEFAA4E69FCE693C1
ParentProcessGuid: {2048537D-A037-643C-A900-000000000B00}
ParentProcessId: 4784
ParentImage: C:\Windows\System32\SppExtComObj.Exe
ParentCommandLine: C:\Windows\system32\SppExtComObj.exe -Embedding
ParentUser: NT AUTHORITY\NETWORK SERVICE"
Information,4/17/2023 10:26:15 AM,Microsoft-Windows-Sysmon,1,Process Create (rule: ProcessCreate),"Process Create:
RuleName: -
UtcTime: 2023-04-17 01:26:15.690
ProcessGuid: {2048537D-A037-643C-A900-000000000B00}
ProcessId: 4784
Image: C:\Windows\System32\SppExtComObj.Exe
FileVersion: 10.0.14393.0 (rs1_release.160715-1616)
Description: KMS Connection Broker
Product: Microsoft® Windows® Operating System
Company: Microsoft Corporation
OriginalFileName: SppExtComObj.exe
CommandLine: C:\Windows\system32\SppExtComObj.exe -Embedding
CurrentDirectory: C:\Windows\system32\
User: NT AUTHORITY\NETWORK SERVICE
LogonGuid: {2048537D-962F-643A-E403-000000000000}
LogonId: 0x3E4
TerminalSessionId: 0
IntegrityLevel: System
Hashes: SHA256=41275D40DA00B875283F04CE27856A8D71E7B6EFBA05533296C3FCD2F8320F01
ParentProcessGuid: {00000000-0000-0000-0000-000000000000}
ParentProcessId: 732
ParentImage: -
ParentCommandLine: -
ParentUser: -"
Information,4/17/2023 10:26:15 AM,Microsoft-Windows-Sysmon,1,Process Create (rule: ProcessCreate),"Process Create:
RuleName: -
UtcTime: 2023-04-17 01:26:15.625
ProcessGuid: {2048537D-A037-643C-A700-000000000B00}
ProcessId: 1928
Image: C:\Windows\explorer.exe
FileVersion: 10.0.14393.1532 (rs1_release_d.170711-1840)
Description: Windows Explorer
Product: Microsoft® Windows® Operating System
Company: Microsoft Corporation
OriginalFileName: EXPLORER.EXE
CommandLine: C:\Windows\Explorer.EXE
CurrentDirectory: C:\Windows\system32\
User: EXAMPLECOMPANY\admin
LogonGuid: {2048537D-A037-643C-5471-310000000000}
LogonId: 0x317154
TerminalSessionId: 1
IntegrityLevel: Medium
Hashes: SHA256=0327B7630D585AD01F6EC2EB847622645B81DF94A1370B5E466DB9F09F933951
ParentProcessGuid: {2048537D-A037-643C-A600-000000000B00}
ParentProcessId: 4728
ParentImage: C:\Windows\System32\userinit.exe
ParentCommandLine: C:\Windows\system32\userinit.exe
ParentUser: EXAMPLECOMPANY\admin"
Information,4/17/2023 10:26:15 AM,Microsoft-Windows-Sysmon,1,Process Create (rule: ProcessCreate),"Process Create:
RuleName: -
UtcTime: 2023-04-17 01:26:15.629
ProcessGuid: {2048537D-A037-643C-A800-000000000B00}
ProcessId: 1556
Image: C:\Windows\System32\sppsvc.exe
FileVersion: 10.0.14393.351 (rs1_release_inmarket.161014-1755)
Description: Microsoft Software Protection Platform Service
Product: Microsoft® Windows® Operating System
Company: Microsoft Corporation
OriginalFileName: sppsvc.exe
CommandLine: C:\Windows\system32\sppsvc.exe
CurrentDirectory: C:\Windows
User: NT AUTHORITY\NETWORK SERVICE
LogonGuid: {2048537D-962F-643A-E403-000000000000}
LogonId: 0x3E4
TerminalSessionId: 0
IntegrityLevel: System
Hashes: SHA256=8ADF7A1C96DAE005E9A974D90BE8954F88D49B6848252B88513C49E0A3BD9774
ParentProcessGuid: {00000000-0000-0000-0000-000000000000}
ParentProcessId: 556
ParentImage: -
ParentCommandLine: -
ParentUser: -"
Information,4/17/2023 10:26:15 AM,Microsoft-Windows-Sysmon,1,Process Create (rule: ProcessCreate),"Process Create:
RuleName: -
UtcTime: 2023-04-17 01:26:15.615
ProcessGuid: {2048537D-A037-643C-A600-000000000B00}
ProcessId: 4728
Image: C:\Windows\System32\userinit.exe
FileVersion: 10.0.14393.0 (rs1_release.160715-1616)
Description: Userinit Logon Application
Product: Microsoft® Windows® Operating System
Company: Microsoft Corporation
OriginalFileName: USERINIT.EXE
CommandLine: C:\Windows\system32\userinit.exe
CurrentDirectory: C:\Windows\system32\
User: EXAMPLECOMPANY\admin
LogonGuid: {2048537D-A037-643C-5471-310000000000}
LogonId: 0x317154
TerminalSessionId: 1
IntegrityLevel: Medium
Hashes: SHA256=CFC6A18FC8FE7447ECD491345A32F0F10208F114B70A0E9D1CD72F6070D5B36F
ParentProcessGuid: {00000000-0000-0000-0000-000000000000}
ParentProcessId: 508
ParentImage: -
ParentCommandLine: -
ParentUser: -"
Information,4/17/2023 10:26:15 AM,Microsoft-Windows-Sysmon,5,Process terminated (rule: ProcessTerminate),"Process terminated:
RuleName: -
UtcTime: 2023-04-17 01:26:15.563
ProcessGuid: {2048537D-A037-643C-A300-000000000B00}
ProcessId: 2376
Image: C:\Windows\System32\conhost.exe
User: NT AUTHORITY\SYSTEM"
Information,4/17/2023 10:26:15 AM,Microsoft-Windows-Sysmon,5,Process terminated (rule: ProcessTerminate),"Process terminated:
RuleName: -
UtcTime: 2023-04-17 01:26:15.563
ProcessGuid: {2048537D-A037-643C-A100-000000000B00}
ProcessId: 1832
Image: C:\Windows\System32\XblGameSaveTask.exe
User: NT AUTHORITY\SYSTEM"
Information,4/17/2023 10:26:15 AM,Microsoft-Windows-Sysmon,5,Process terminated (rule: ProcessTerminate),"Process terminated:
RuleName: -
UtcTime: 2023-04-17 01:26:15.547
ProcessGuid: {2048537D-962F-643A-0E00-000000000B00}
ProcessId: 896
Image: C:\Windows\System32\LogonUI.exe
User: NT AUTHORITY\SYSTEM"
Information,4/17/2023 10:26:15 AM,Microsoft-Windows-Sysmon,1,Process Create (rule: ProcessCreate),"Process Create:
RuleName: -
UtcTime: 2023-04-17 01:26:15.529
ProcessGuid: {2048537D-A037-643C-A500-000000000B00}
ProcessId: 144
Image: C:\Windows\System32\ServerManagerLauncher.exe
FileVersion: 10.0.14393.0 (rs1_release.160715-1616)
Description: Server Manager Launcher
Product: Microsoft® Windows® Operating System
Company: Microsoft Corporation
OriginalFileName: ServerManagerLauncher.exe
CommandLine: C:\Windows\system32\ServerManagerLauncher.exe
CurrentDirectory: C:\Windows\system32\
User: EXAMPLECOMPANY\admin
LogonGuid: {2048537D-A037-643C-5471-310000000000}
LogonId: 0x317154
TerminalSessionId: 1
IntegrityLevel: Medium
Hashes: SHA256=72EE5BD75AB5617A2FF4535EA7A62DE178A89A883C29DB606789BE112E6EF38E
ParentProcessGuid: {00000000-0000-0000-0000-000000000000}
ParentProcessId: 1236
ParentImage: -
ParentCommandLine: -
ParentUser: -"
Information,4/17/2023 10:26:15 AM,Microsoft-Windows-Sysmon,1,Process Create (rule: ProcessCreate),"Process Create:
RuleName: -
UtcTime: 2023-04-17 01:26:15.522
ProcessGuid: {2048537D-A037-643C-A400-000000000B00}
ProcessId: 3780
Image: C:\Windows\System32\taskhostw.exe
FileVersion: 10.0.14393.0 (rs1_release.160715-1616)
Description: Host Process for Windows Tasks
Product: Microsoft® Windows® Operating System
Company: Microsoft Corporation
OriginalFileName: taskhostw.exe
CommandLine: taskhostw.exe USER
CurrentDirectory: C:\Windows\system32\
User: EXAMPLECOMPANY\admin
LogonGuid: {2048537D-A037-643C-5471-310000000000}
LogonId: 0x317154
TerminalSessionId: 1
IntegrityLevel: Medium
Hashes: SHA256=A0A677D6C943AD1A7BC1879DFCCB400211DF68100F8EDD7BA6120067A18BEE0B
ParentProcessGuid: {00000000-0000-0000-0000-000000000000}
ParentProcessId: 1236
ParentImage: -
ParentCommandLine: -
ParentUser: -"
Information,4/17/2023 10:26:15 AM,Microsoft-Windows-Sysmon,1,Process Create (rule: ProcessCreate),"Process Create:
RuleName: -
UtcTime: 2023-04-17 01:26:15.515
ProcessGuid: {2048537D-A037-643C-A300-000000000B00}
ProcessId: 2376
Image: C:\Windows\System32\conhost.exe
FileVersion: 10.0.14393.0 (rs1_release.160715-1616)
Description: Console Window Host
Product: Microsoft® Windows® Operating System
Company: Microsoft Corporation
OriginalFileName: CONHOST.EXE
CommandLine: \??\C:\Windows\system32\conhost.exe 0xffffffff -ForceV1
CurrentDirectory: C:\Windows
User: NT AUTHORITY\SYSTEM
LogonGuid: {2048537D-962F-643A-E703-000000000000}
LogonId: 0x3E7
TerminalSessionId: 0
IntegrityLevel: System
Hashes: SHA256=046F7A1B4DE67562547ED9A180A72F481FC41E803DE49A96D7D7C731964D53A0
ParentProcessGuid: {2048537D-A037-643C-A100-000000000B00}
ParentProcessId: 1832
ParentImage: C:\Windows\System32\XblGameSaveTask.exe
ParentCommandLine: C:\Windows\System32\XblGameSaveTask.exe logon
ParentUser: NT AUTHORITY\SYSTEM"
Information,4/17/2023 10:26:15 AM,Microsoft-Windows-Sysmon,1,Process Create (rule: ProcessCreate),"Process Create:
RuleName: -
UtcTime: 2023-04-17 01:26:15.512
ProcessGuid: {2048537D-A037-643C-A200-000000000B00}
ProcessId: 2196
Image: C:\Windows\System32\taskhostw.exe
FileVersion: 10.0.14393.0 (rs1_release.160715-1616)
Description: Host Process for Windows Tasks
Product: Microsoft® Windows® Operating System
Company: Microsoft Corporation
OriginalFileName: taskhostw.exe
CommandLine: taskhostw.exe {222A245B-E637-4AE9-A93F-A59CA119A75E}
CurrentDirectory: C:\Windows\system32\
User: EXAMPLECOMPANY\admin
LogonGuid: {2048537D-A037-643C-5471-310000000000}
LogonId: 0x317154
TerminalSessionId: 1
IntegrityLevel: Medium
Hashes: SHA256=A0A677D6C943AD1A7BC1879DFCCB400211DF68100F8EDD7BA6120067A18BEE0B
ParentProcessGuid: {00000000-0000-0000-0000-000000000000}
ParentProcessId: 1236
ParentImage: -
ParentCommandLine: -
ParentUser: -"
Information,4/17/2023 10:26:15 AM,Microsoft-Windows-Sysmon,1,Process Create (rule: ProcessCreate),"Process Create:
RuleName: -
UtcTime: 2023-04-17 01:26:15.510
ProcessGuid: {2048537D-A037-643C-A100-000000000B00}
ProcessId: 1832
Image: C:\Windows\System32\XblGameSaveTask.exe
FileVersion: 10.0.14393.0 (rs1_release.160715-1616)
Description: XblGameSave Standby Task
Product: Microsoft® Windows® Operating System
Company: Microsoft Corporation
OriginalFileName: XblGameSaveTask.exe
CommandLine: C:\Windows\System32\XblGameSaveTask.exe logon
CurrentDirectory: C:\Windows\system32\
User: NT AUTHORITY\SYSTEM
LogonGuid: {2048537D-962F-643A-E703-000000000000}
LogonId: 0x3E7
TerminalSessionId: 0
IntegrityLevel: System
Hashes: SHA256=BABFAEE679E6005D49F7C314BA7FDA93F31B447E8D799256CCBE8B07252B726A
ParentProcessGuid: {00000000-0000-0000-0000-000000000000}
ParentProcessId: 1236
ParentImage: -
ParentCommandLine: -
ParentUser: -"
Information,4/17/2023 10:26:15 AM,Microsoft-Windows-Sysmon,1,Process Create (rule: ProcessCreate),"Process Create:
RuleName: -
UtcTime: 2023-04-17 01:26:15.501
ProcessGuid: {2048537D-A037-643C-A000-000000000B00}
ProcessId: 2660
Image: C:\Windows\System32\svchost.exe
FileVersion: 10.0.14393.0 (rs1_release.160715-1616)
Description: Host Process for Windows Services
Product: Microsoft® Windows® Operating System
Company: Microsoft Corporation
OriginalFileName: svchost.exe
CommandLine: C:\Windows\system32\svchost.exe -k UnistackSvcGroup
CurrentDirectory: C:\Windows\system32\
User: EXAMPLECOMPANY\admin
LogonGuid: {2048537D-A037-643C-5471-310000000000}
LogonId: 0x317154
TerminalSessionId: 1
IntegrityLevel: Medium
Hashes: SHA256=438B6CCD84F4DD32D9684ED7D58FD7D1E5A75FE3F3D12AB6C788E6BB0FFAD5E7
ParentProcessGuid: {00000000-0000-0000-0000-000000000000}
ParentProcessId: 556
ParentImage: -
ParentCommandLine: -
ParentUser: -"
Information,4/17/2023 10:26:15 AM,Microsoft-Windows-Sysmon,1,Process Create (rule: ProcessCreate),"Process Create:
RuleName: -
UtcTime: 2023-04-17 01:26:15.500
ProcessGuid: {2048537D-A037-643C-9F00-000000000B00}
ProcessId: 2260
Image: C:\Windows\System32\sihost.exe
FileVersion: 10.0.14393.0 (rs1_release.160715-1616)
Description: Shell Infrastructure Host
Product: Microsoft® Windows® Operating System
Company: Microsoft Corporation
OriginalFileName: sihost.exe
CommandLine: sihost.exe
CurrentDirectory: C:\Windows\system32\
User: EXAMPLECOMPANY\admin
LogonGuid: {2048537D-A037-643C-5471-310000000000}
LogonId: 0x317154
TerminalSessionId: 1
IntegrityLevel: Medium
Hashes: SHA256=32FABBC09CA776A819D40CF3E33A3FE44BF1DB72EA351845B20ED9FF528B64D4
ParentProcessGuid: {00000000-0000-0000-0000-000000000000}
ParentProcessId: 1236
ParentImage: -
ParentCommandLine: -
ParentUser: -"
Information,4/17/2023 10:26:15 AM,Microsoft-Windows-Sysmon,1,Process Create (rule: ProcessCreate),"Process Create:
RuleName: -
UtcTime: 2023-04-17 01:26:15.456
ProcessGuid: {2048537D-A037-643C-9E00-000000000B00}
ProcessId: 632
Image: C:\Windows\System32\RuntimeBroker.exe
FileVersion: 10.0.14393.0 (rs1_release.160715-1616)
Description: Runtime Broker
Product: Microsoft® Windows® Operating System
Company: Microsoft Corporation
OriginalFileName: RuntimeBroker.exe
CommandLine: C:\Windows\System32\RuntimeBroker.exe -Embedding
CurrentDirectory: C:\Windows\system32\
User: EXAMPLECOMPANY\admin
LogonGuid: {2048537D-A037-643C-5471-310000000000}
LogonId: 0x317154
TerminalSessionId: 1
IntegrityLevel: Medium
Hashes: SHA256=20A7EB74EFD23933A5C0887D3D8CE66FEA009A6CD257508CB4B0EB70F8D27C57
ParentProcessGuid: {00000000-0000-0000-0000-000000000000}
ParentProcessId: 732
ParentImage: -
ParentCommandLine: -
ParentUser: -"
Information,4/17/2023 10:26:15 AM,Microsoft-Windows-Sysmon,1,Process Create (rule: ProcessCreate),"Process Create:
RuleName: -
UtcTime: 2023-04-17 01:26:15.258
ProcessGuid: {2048537D-A037-643C-9D00-000000000B00}
ProcessId: 2440
Image: C:\Windows\System32\dllhost.exe
FileVersion: 10.0.14393.0 (rs1_release.160715-1616)
Description: COM Surrogate
Product: Microsoft® Windows® Operating System
Company: Microsoft Corporation
OriginalFileName: dllhost.exe
CommandLine: C:\Windows\system32\DllHost.exe /Processid:{E10F6C3A-F1AE-4ADC-AA9D-2FE65525666E}
CurrentDirectory: C:\Windows\system32\
User: NT AUTHORITY\SYSTEM
LogonGuid: {2048537D-962F-643A-E703-000000000000}
LogonId: 0x3E7
TerminalSessionId: 0
IntegrityLevel: System
Hashes: SHA256=EE8364C07B3F4F71FA649E0E6C4C73C15D285130E4B16E79890EEBBF89C2164E
ParentProcessGuid: {00000000-0000-0000-0000-000000000000}
ParentProcessId: 732
ParentImage: -
ParentCommandLine: -
ParentUser: -"
Information,4/17/2023 9:22:45 AM,Microsoft-Windows-Sysmon,5,Process terminated (rule: ProcessTerminate),"Process terminated:
RuleName: -
UtcTime: 2023-04-17 00:22:45.588
ProcessGuid: {2048537D-90FB-643C-9B00-000000000B00}
ProcessId: 4608
Image: C:\Windows\System32\wbem\WmiPrvSE.exe
User: NT AUTHORITY\SYSTEM"
Information,4/17/2023 9:22:45 AM,Microsoft-Windows-Sysmon,5,Process terminated (rule: ProcessTerminate),"Process terminated:
RuleName: -
UtcTime: 2023-04-17 00:22:45.478
ProcessGuid: {2048537D-90FB-643C-9C00-000000000B00}
ProcessId: 4708
Image: C:\Windows\System32\wbem\WmiPrvSE.exe
User: NT AUTHORITY\NETWORK SERVICE"
Information,4/17/2023 9:21:15 AM,Microsoft-Windows-Sysmon,1,Process Create (rule: ProcessCreate),"Process Create:
RuleName: -
UtcTime: 2023-04-17 00:21:15.455
ProcessGuid: {2048537D-90FB-643C-9C00-000000000B00}
ProcessId: 4708
Image: C:\Windows\System32\wbem\WmiPrvSE.exe
FileVersion: 10.0.14393.0 (rs1_release.160715-1616)
Description: WMI Provider Host
Product: Microsoft® Windows® Operating System
Company: Microsoft Corporation
OriginalFileName: Wmiprvse.exe
CommandLine: C:\Windows\system32\wbem\wmiprvse.exe -secured -Embedding
CurrentDirectory: C:\Windows\system32\
User: NT AUTHORITY\NETWORK SERVICE
LogonGuid: {2048537D-962F-643A-E403-000000000000}
LogonId: 0x3E4
TerminalSessionId: 0
IntegrityLevel: System
Hashes: SHA256=B62ACACFCAF99A50149F9DCE06136D478723992A61014FC3DBAE81289FE219F9
ParentProcessGuid: {00000000-0000-0000-0000-000000000000}
ParentProcessId: 732
ParentImage: -
ParentCommandLine: -
ParentUser: -"
Information,4/17/2023 9:21:15 AM,Microsoft-Windows-Sysmon,1,Process Create (rule: ProcessCreate),"Process Create:
RuleName: -
UtcTime: 2023-04-17 00:21:15.455
ProcessGuid: {2048537D-90FB-643C-9B00-000000000B00}
ProcessId: 4608
Image: C:\Windows\System32\wbem\WmiPrvSE.exe
FileVersion: 10.0.14393.0 (rs1_release.160715-1616)
Description: WMI Provider Host
Product: Microsoft® Windows® Operating System
Company: Microsoft Corporation
OriginalFileName: Wmiprvse.exe
CommandLine: C:\Windows\system32\wbem\wmiprvse.exe -Embedding
CurrentDirectory: C:\Windows\system32\
User: NT AUTHORITY\SYSTEM
LogonGuid: {2048537D-962F-643A-E703-000000000000}
LogonId: 0x3E7
TerminalSessionId: 0
IntegrityLevel: System
Hashes: SHA256=B62ACACFCAF99A50149F9DCE06136D478723992A61014FC3DBAE81289FE219F9
ParentProcessGuid: {00000000-0000-0000-0000-000000000000}
ParentProcessId: 732
ParentImage: -
ParentCommandLine: -
ParentUser: -"
Information,4/17/2023 7:58:16 AM,Microsoft-Windows-Sysmon,5,Process terminated (rule: ProcessTerminate),"Process terminated:
RuleName: -
UtcTime: 2023-04-16 22:58:16.773
ProcessGuid: {2048537D-7D87-643C-9A00-000000000B00}
ProcessId: 3508
Image: C:\Windows\System32\wermgr.exe
User: NT AUTHORITY\SYSTEM"
Information,4/17/2023 7:58:15 AM,Microsoft-Windows-Sysmon,1,Process Create (rule: ProcessCreate),"Process Create:
RuleName: -
UtcTime: 2023-04-16 22:58:15.332
ProcessGuid: {2048537D-7D87-643C-9A00-000000000B00}
ProcessId: 3508
Image: C:\Windows\System32\wermgr.exe
FileVersion: 10.0.14393.1884 (rs1_release.171101-1233)
Description: Windows Problem Reporting
Product: Microsoft® Windows® Operating System
Company: Microsoft Corporation
OriginalFileName: WerMgr
CommandLine: C:\Windows\system32\wermgr.exe -upload
CurrentDirectory: C:\Windows\system32\
User: NT AUTHORITY\SYSTEM
LogonGuid: {2048537D-962F-643A-E703-000000000000}
LogonId: 0x3E7
TerminalSessionId: 0
IntegrityLevel: System
Hashes: SHA256=99A3BBD357A66BBBE00D9215277A42417D1EC243BB5B88D12324318592BBFD58
ParentProcessGuid: {00000000-0000-0000-0000-000000000000}
ParentProcessId: 1236
ParentImage: -
ParentCommandLine: -
ParentUser: -"
Information,4/17/2023 6:00:00 AM,Microsoft-Windows-Sysmon,5,Process terminated (rule: ProcessTerminate),"Process terminated:
RuleName: -
UtcTime: 2023-04-16 21:00:00.392
ProcessGuid: {2048537D-61D0-643C-9900-000000000B00}
ProcessId: 4436
Image: <unknown process>
User: NT AUTHORITY\SYSTEM"
Information,4/17/2023 6:00:00 AM,Microsoft-Windows-Sysmon,1,Process Create (rule: ProcessCreate),"Process Create:
RuleName: -
UtcTime: 2023-04-16 21:00:00.394
ProcessGuid: {2048537D-61D0-643C-9900-000000000B00}
ProcessId: 4436
Image: C:\Windows\System32\wsqmcons.exe
FileVersion: 10.0.14393.1884 (rs1_release.171101-1233)
Description: Windows SQM Consolidator
Product: Microsoft® Windows® Operating System
Company: Microsoft Corporation
OriginalFileName: wsqmcons.exe
CommandLine: C:\Windows\System32\wsqmcons.exe
CurrentDirectory: C:\Windows\system32\
User: NT AUTHORITY\SYSTEM
LogonGuid: {2048537D-962F-643A-E703-000000000000}
LogonId: 0x3E7
TerminalSessionId: 0
IntegrityLevel: System
Hashes: SHA256=D63A0022309C39B48CFFB1F858388046D358FC8CFE376ABBD5DB1373116B05D5
ParentProcessGuid: {00000000-0000-0000-0000-000000000000}
ParentProcessId: 1236
ParentImage: -
ParentCommandLine: -
ParentUser: -"
Information,4/17/2023 5:19:06 AM,Microsoft-Windows-Sysmon,5,Process terminated (rule: ProcessTerminate),"Process terminated:
RuleName: -
UtcTime: 2023-04-16 20:19:06.841
ProcessGuid: {2048537D-583A-643C-9800-000000000B00}
ProcessId: 316
Image: C:\Windows\System32\taskhostw.exe
User: NT AUTHORITY\SYSTEM"
Information,4/17/2023 5:19:06 AM,Microsoft-Windows-Sysmon,1,Process Create (rule: ProcessCreate),"Process Create:
RuleName: -
UtcTime: 2023-04-16 20:19:06.820
ProcessGuid: {2048537D-583A-643C-9800-000000000B00}
ProcessId: 316
Image: C:\Windows\System32\taskhostw.exe
FileVersion: 10.0.14393.0 (rs1_release.160715-1616)
Description: Host Process for Windows Tasks
Product: Microsoft® Windows® Operating System
Company: Microsoft Corporation
OriginalFileName: taskhostw.exe
CommandLine: taskhostw.exe SYSTEM
CurrentDirectory: C:\Windows\system32\
User: NT AUTHORITY\SYSTEM
LogonGuid: {2048537D-962F-643A-E703-000000000000}
LogonId: 0x3E7
TerminalSessionId: 0
IntegrityLevel: System
Hashes: SHA256=A0A677D6C943AD1A7BC1879DFCCB400211DF68100F8EDD7BA6120067A18BEE0B
ParentProcessGuid: {00000000-0000-0000-0000-000000000000}
ParentProcessId: 1236
ParentImage: -
ParentCommandLine: -
ParentUser: -"
Information,4/17/2023 4:09:48 AM,Microsoft-Windows-Sysmon,5,Process terminated (rule: ProcessTerminate),"Process terminated:
RuleName: -
UtcTime: 2023-04-16 19:09:48.768
ProcessGuid: {2048537D-47FB-643C-9700-000000000B00}
ProcessId: 3580
Image: C:\Windows\System32\wermgr.exe
User: NT AUTHORITY\SYSTEM"
Information,4/17/2023 4:09:47 AM,Microsoft-Windows-Sysmon,1,Process Create (rule: ProcessCreate),"Process Create:
RuleName: -
UtcTime: 2023-04-16 19:09:47.333
ProcessGuid: {2048537D-47FB-643C-9700-000000000B00}
ProcessId: 3580
Image: C:\Windows\System32\wermgr.exe
FileVersion: 10.0.14393.1884 (rs1_release.171101-1233)
Description: Windows Problem Reporting
Product: Microsoft® Windows® Operating System
Company: Microsoft Corporation
OriginalFileName: WerMgr
CommandLine: C:\Windows\system32\wermgr.exe -upload
CurrentDirectory: C:\Windows\system32\
User: NT AUTHORITY\SYSTEM
LogonGuid: {2048537D-962F-643A-E703-000000000000}
LogonId: 0x3E7
TerminalSessionId: 0
IntegrityLevel: System
Hashes: SHA256=99A3BBD357A66BBBE00D9215277A42417D1EC243BB5B88D12324318592BBFD58
ParentProcessGuid: {00000000-0000-0000-0000-000000000000}
ParentProcessId: 1236
ParentImage: -
ParentCommandLine: -
ParentUser: -"
Information,4/17/2023 4:06:49 AM,Microsoft-Windows-Sysmon,5,Process terminated (rule: ProcessTerminate),"Process terminated:
RuleName: -
UtcTime: 2023-04-16 19:06:49.457
ProcessGuid: {2048537D-470D-643C-9500-000000000B00}
ProcessId: 4084
Image: C:\Windows\System32\wbem\WmiPrvSE.exe
User: NT AUTHORITY\SYSTEM"
Information,4/17/2023 4:06:49 AM,Microsoft-Windows-Sysmon,5,Process terminated (rule: ProcessTerminate),"Process terminated:
RuleName: -
UtcTime: 2023-04-16 19:06:49.457
ProcessGuid: {2048537D-470D-643C-9400-000000000B00}
ProcessId: 2220
Image: C:\Windows\System32\wbem\WmiPrvSE.exe
User: NT AUTHORITY\NETWORK SERVICE"
Information,4/17/2023 4:06:19 AM,Microsoft-Windows-Sysmon,5,Process terminated (rule: ProcessTerminate),"Process terminated:
RuleName: -
UtcTime: 2023-04-16 19:06:19.453
ProcessGuid: {2048537D-470D-643C-9600-000000000B00}
ProcessId: 3944
Image: C:\Windows\System32\sppsvc.exe
User: NT AUTHORITY\NETWORK SERVICE"
Information,4/17/2023 4:05:49 AM,Microsoft-Windows-Sysmon,5,Process terminated (rule: ProcessTerminate),"Process terminated:
RuleName: -
UtcTime: 2023-04-16 19:05:49.461
ProcessGuid: {2048537D-470D-643C-9300-000000000B00}
ProcessId: 756
Image: C:\Windows\System32\conhost.exe
User: NT AUTHORITY\SYSTEM"
Information,4/17/2023 4:05:49 AM,Microsoft-Windows-Sysmon,5,Process terminated (rule: ProcessTerminate),"Process terminated:
RuleName: -
UtcTime: 2023-04-16 19:05:49.461
ProcessGuid: {2048537D-470D-643C-9200-000000000B00}
ProcessId: 3344
Image: C:\Windows\System32\DeviceCensus.exe
User: NT AUTHORITY\SYSTEM"
Information,4/17/2023 4:05:49 AM,Microsoft-Windows-Sysmon,1,Process Create (rule: ProcessCreate),"Process Create:
RuleName: -
UtcTime: 2023-04-16 19:05:49.316
ProcessGuid: {2048537D-470D-643C-9600-000000000B00}
ProcessId: 3944
Image: C:\Windows\System32\sppsvc.exe
FileVersion: 10.0.14393.351 (rs1_release_inmarket.161014-1755)
Description: Microsoft Software Protection Platform Service
Product: Microsoft® Windows® Operating System
Company: Microsoft Corporation
OriginalFileName: sppsvc.exe
CommandLine: C:\Windows\system32\sppsvc.exe
CurrentDirectory: C:\Windows
User: NT AUTHORITY\NETWORK SERVICE
LogonGuid: {2048537D-962F-643A-E403-000000000000}
LogonId: 0x3E4
TerminalSessionId: 0
IntegrityLevel: System
Hashes: SHA256=8ADF7A1C96DAE005E9A974D90BE8954F88D49B6848252B88513C49E0A3BD9774
ParentProcessGuid: {00000000-0000-0000-0000-000000000000}
ParentProcessId: 556
ParentImage: -
ParentCommandLine: -
ParentUser: -"
Information,4/17/2023 4:05:49 AM,Microsoft-Windows-Sysmon,1,Process Create (rule: ProcessCreate),"Process Create:
RuleName: -
UtcTime: 2023-04-16 19:05:49.157
ProcessGuid: {2048537D-470D-643C-9500-000000000B00}
ProcessId: 4084
Image: C:\Windows\System32\wbem\WmiPrvSE.exe
FileVersion: 10.0.14393.0 (rs1_release.160715-1616)
Description: WMI Provider Host
Product: Microsoft® Windows® Operating System
Company: Microsoft Corporation
OriginalFileName: Wmiprvse.exe
CommandLine: C:\Windows\system32\wbem\wmiprvse.exe -Embedding
CurrentDirectory: C:\Windows\system32\
User: NT AUTHORITY\SYSTEM
LogonGuid: {2048537D-962F-643A-E703-000000000000}
LogonId: 0x3E7
TerminalSessionId: 0
IntegrityLevel: System
Hashes: SHA256=B62ACACFCAF99A50149F9DCE06136D478723992A61014FC3DBAE81289FE219F9
ParentProcessGuid: {00000000-0000-0000-0000-000000000000}
ParentProcessId: 732
ParentImage: -
ParentCommandLine: -
ParentUser: -"
Information,4/17/2023 4:05:49 AM,Microsoft-Windows-Sysmon,1,Process Create (rule: ProcessCreate),"Process Create:
RuleName: -
UtcTime: 2023-04-16 19:05:49.142
ProcessGuid: {2048537D-470D-643C-9400-000000000B00}
ProcessId: 2220
Image: C:\Windows\System32\wbem\WmiPrvSE.exe
FileVersion: 10.0.14393.0 (rs1_release.160715-1616)
Description: WMI Provider Host
Product: Microsoft® Windows® Operating System
Company: Microsoft Corporation
OriginalFileName: Wmiprvse.exe
CommandLine: C:\Windows\system32\wbem\wmiprvse.exe -secured -Embedding
CurrentDirectory: C:\Windows\system32\
User: NT AUTHORITY\NETWORK SERVICE
LogonGuid: {2048537D-962F-643A-E403-000000000000}
LogonId: 0x3E4
TerminalSessionId: 0
IntegrityLevel: System
Hashes: SHA256=B62ACACFCAF99A50149F9DCE06136D478723992A61014FC3DBAE81289FE219F9
ParentProcessGuid: {00000000-0000-0000-0000-000000000000}
ParentProcessId: 732
ParentImage: -
ParentCommandLine: -
ParentUser: -"
Information,4/17/2023 4:05:49 AM,Microsoft-Windows-Sysmon,1,Process Create (rule: ProcessCreate),"Process Create:
RuleName: -
UtcTime: 2023-04-16 19:05:49.119
ProcessGuid: {2048537D-470D-643C-9300-000000000B00}
ProcessId: 756
Image: C:\Windows\System32\conhost.exe
FileVersion: 10.0.14393.0 (rs1_release.160715-1616)
Description: Console Window Host
Product: Microsoft® Windows® Operating System
Company: Microsoft Corporation
OriginalFileName: CONHOST.EXE
CommandLine: \??\C:\Windows\system32\conhost.exe 0xffffffff -ForceV1
CurrentDirectory: C:\Windows
User: NT AUTHORITY\SYSTEM
LogonGuid: {2048537D-962F-643A-E703-000000000000}
LogonId: 0x3E7
TerminalSessionId: 0
IntegrityLevel: System
Hashes: SHA256=046F7A1B4DE67562547ED9A180A72F481FC41E803DE49A96D7D7C731964D53A0
ParentProcessGuid: {2048537D-470D-643C-9200-000000000B00}
ParentProcessId: 3344
ParentImage: C:\Windows\System32\DeviceCensus.exe
ParentCommandLine: C:\Windows\system32\devicecensus.exe
ParentUser: NT AUTHORITY\SYSTEM"
Information,4/17/2023 4:05:49 AM,Microsoft-Windows-Sysmon,1,Process Create (rule: ProcessCreate),"Process Create:
RuleName: -
UtcTime: 2023-04-16 19:05:49.117
ProcessGuid: {2048537D-470D-643C-9200-000000000B00}
ProcessId: 3344
Image: C:\Windows\System32\DeviceCensus.exe
FileVersion: 10.0.16287.1005 (WinBuild.160101.0800)
Description: Device Census
Product: Microsoft® Windows® Operating System
Company: Microsoft Corporation
OriginalFileName: DeviceCensus.exe
CommandLine: C:\Windows\system32\devicecensus.exe
CurrentDirectory: C:\Windows\system32\
User: NT AUTHORITY\SYSTEM
LogonGuid: {2048537D-962F-643A-E703-000000000000}
LogonId: 0x3E7
TerminalSessionId: 0
IntegrityLevel: System
Hashes: SHA256=8F4109DEC88F0BF8D64F9527C79B2FF747E42AAEB8433FEF7B7C036E66F9CB3A
ParentProcessGuid: {00000000-0000-0000-0000-000000000000}
ParentProcessId: 1236
ParentImage: -
ParentCommandLine: -
ParentUser: -"
Information,4/17/2023 3:35:46 AM,Microsoft-Windows-Sysmon,5,Process terminated (rule: ProcessTerminate),"Process terminated:
RuleName: -
UtcTime: 2023-04-16 18:35:46.459
ProcessGuid: {2048537D-4002-643C-9100-000000000B00}
ProcessId: 3124
Image: C:\Windows\System32\conhost.exe
User: NT AUTHORITY\SYSTEM"
Information,4/17/2023 3:35:46 AM,Microsoft-Windows-Sysmon,5,Process terminated (rule: ProcessTerminate),"Process terminated:
RuleName: -
UtcTime: 2023-04-16 18:35:46.459
ProcessGuid: {2048537D-4002-643C-9000-000000000B00}
ProcessId: 2936
Image: C:\Windows\System32\CompatTelRunner.exe
User: NT AUTHORITY\SYSTEM"
Information,4/17/2023 3:35:46 AM,Microsoft-Windows-Sysmon,1,Process Create (rule: ProcessCreate),"Process Create:
RuleName: -
UtcTime: 2023-04-16 18:35:46.431
ProcessGuid: {2048537D-4002-643C-9100-000000000B00}
ProcessId: 3124
Image: C:\Windows\System32\conhost.exe
FileVersion: 10.0.14393.0 (rs1_release.160715-1616)
Description: Console Window Host
Product: Microsoft® Windows® Operating System
Company: Microsoft Corporation
OriginalFileName: CONHOST.EXE
CommandLine: \??\C:\Windows\system32\conhost.exe 0xffffffff -ForceV1
CurrentDirectory: C:\Windows
User: NT AUTHORITY\SYSTEM
LogonGuid: {2048537D-962F-643A-E703-000000000000}
LogonId: 0x3E7
TerminalSessionId: 0
IntegrityLevel: System
Hashes: SHA256=046F7A1B4DE67562547ED9A180A72F481FC41E803DE49A96D7D7C731964D53A0
ParentProcessGuid: {2048537D-4002-643C-9000-000000000B00}
ParentProcessId: 2936
ParentImage: C:\Windows\System32\CompatTelRunner.exe
ParentCommandLine: C:\Windows\system32\compattelrunner.exe
ParentUser: NT AUTHORITY\SYSTEM"
