Information,4/15/2023 9:17:04 PM,Microsoft-Windows-Sysmon,5,Process terminated (rule: ProcessTerminate),"Process terminated:
RuleName: -
UtcTime: 2023-04-15 12:17:04.258
ProcessGuid: {2048537D-95BB-643A-FC02-000000000A00}
ProcessId: 4100
Image: C:\Windows\System32\dllhost.exe
User: NT AUTHORITY\SYSTEM"
Information,4/15/2023 9:16:59 PM,Microsoft-Windows-Sysmon,1,Process Create (rule: ProcessCreate),"Process Create:
RuleName: -
UtcTime: 2023-04-15 12:16:59.281
ProcessGuid: {2048537D-95BB-643A-FE02-000000000A00}
ProcessId: 4280
Image: C:\Windows\System32\SystemSettingsAdminFlows.exe
FileVersion: 10.0.14393.953 (rs1_release_inmarket.170303-1614)
Description: Settings
Product: Microsoft® Windows® Operating System
Company: Microsoft Corporation
OriginalFileName: SystemSettingsAdminFlows.EXE
CommandLine: ""C:\Windows\system32\SystemSettingsAdminFlows.exe"" LanguagePackInstaller
CurrentDirectory: C:\Windows\system32\
User: EXAMPLECOMPANY\admin
LogonGuid: {2048537D-8D5D-643A-5E45-030000000000}
LogonId: 0x3455E
TerminalSessionId: 1
IntegrityLevel: High
Hashes: SHA256=0F2429231FBDEB74DF51ACFA3857F2B1A8E7110767CD0A686B8C081DC57B474E
ParentProcessGuid: {2048537D-8F96-643A-9500-000000000A00}
ParentProcessId: 5012
ParentImage: C:\Windows\ImmersiveControlPanel\SystemSettings.exe
ParentCommandLine: ""C:\Windows\ImmersiveControlPanel\SystemSettings.exe"" -ServerName:microsoft.windows.immersivecontrolpanel
ParentUser: EXAMPLECOMPANY\admin"
Information,4/15/2023 9:16:59 PM,Microsoft-Windows-Sysmon,1,Process Create (rule: ProcessCreate),"Process Create:
RuleName: -
UtcTime: 2023-04-15 12:16:59.272
ProcessGuid: {2048537D-95BB-643A-FD02-000000000A00}
ProcessId: 5008
Image: C:\Windows\System32\dllhost.exe
FileVersion: 10.0.14393.0 (rs1_release.160715-1616)
Description: COM Surrogate
Product: Microsoft® Windows® Operating System
Company: Microsoft Corporation
OriginalFileName: dllhost.exe
CommandLine: C:\Windows\system32\DllHost.exe /Processid:{E10F6C3A-F1AE-4ADC-AA9D-2FE65525666E}
CurrentDirectory: C:\Windows\system32\
User: NT AUTHORITY\SYSTEM
LogonGuid: {2048537D-8D03-643A-E703-000000000000}
LogonId: 0x3E7
TerminalSessionId: 0
IntegrityLevel: System
Hashes: SHA256=EE8364C07B3F4F71FA649E0E6C4C73C15D285130E4B16E79890EEBBF89C2164E
ParentProcessGuid: {00000000-0000-0000-0000-000000000000}
ParentProcessId: 736
ParentImage: -
ParentCommandLine: -
ParentUser: -"
Information,4/15/2023 9:16:59 PM,Microsoft-Windows-Sysmon,5,Process terminated (rule: ProcessTerminate),"Process terminated:
RuleName: -
UtcTime: 2023-04-15 12:16:59.258
ProcessGuid: {2048537D-95BB-643A-FA02-000000000A00}
ProcessId: 3776
Image: C:\Windows\System32\consent.exe
User: NT AUTHORITY\SYSTEM"
Information,4/15/2023 9:16:59 PM,Microsoft-Windows-Sysmon,1,Process Create (rule: ProcessCreate),"Process Create:
RuleName: -
UtcTime: 2023-04-15 12:16:59.256
ProcessGuid: {2048537D-95BB-643A-FC02-000000000A00}
ProcessId: 4100
Image: C:\Windows\System32\dllhost.exe
FileVersion: 10.0.14393.0 (rs1_release.160715-1616)
Description: COM Surrogate
Product: Microsoft® Windows® Operating System
Company: Microsoft Corporation
OriginalFileName: dllhost.exe
CommandLine: C:\Windows\system32\DllHost.exe /Processid:{E10F6C3A-F1AE-4ADC-AA9D-2FE65525666E}
CurrentDirectory: C:\Windows\system32\
User: NT AUTHORITY\SYSTEM
LogonGuid: {2048537D-8D03-643A-E703-000000000000}
LogonId: 0x3E7
TerminalSessionId: 1
IntegrityLevel: System
Hashes: SHA256=EE8364C07B3F4F71FA649E0E6C4C73C15D285130E4B16E79890EEBBF89C2164E
ParentProcessGuid: {00000000-0000-0000-0000-000000000000}
ParentProcessId: 736
ParentImage: -
ParentCommandLine: -
ParentUser: -"
Information,4/15/2023 9:16:59 PM,Microsoft-Windows-Sysmon,1,Process Create (rule: ProcessCreate),"Process Create:
RuleName: -
UtcTime: 2023-04-15 12:16:59.238
ProcessGuid: {2048537D-95BB-643A-FB02-000000000A00}
ProcessId: 3752
Image: C:\Windows\System32\dllhost.exe
FileVersion: 10.0.14393.0 (rs1_release.160715-1616)
Description: COM Surrogate
Product: Microsoft® Windows® Operating System
Company: Microsoft Corporation
OriginalFileName: dllhost.exe
CommandLine: C:\Windows\system32\DllHost.exe /Processid:{133EAC4F-5891-4D04-BADA-D84870380A80}
CurrentDirectory: C:\Windows\system32\
User: NT AUTHORITY\SYSTEM
LogonGuid: {2048537D-8D03-643A-E703-000000000000}
LogonId: 0x3E7
TerminalSessionId: 0
IntegrityLevel: System
Hashes: SHA256=EE8364C07B3F4F71FA649E0E6C4C73C15D285130E4B16E79890EEBBF89C2164E
ParentProcessGuid: {00000000-0000-0000-0000-000000000000}
ParentProcessId: 736
ParentImage: -
ParentCommandLine: -
ParentUser: -"
Information,4/15/2023 9:16:59 PM,Microsoft-Windows-Sysmon,1,Process Create (rule: ProcessCreate),"Process Create:
RuleName: -
UtcTime: 2023-04-15 12:16:59.230
ProcessGuid: {2048537D-95BB-643A-FA02-000000000A00}
ProcessId: 3776
Image: C:\Windows\System32\consent.exe
FileVersion: 10.0.14393.0 (rs1_release.160715-1616)
Description: Consent UI for administrative applications
Product: Microsoft® Windows® Operating System
Company: Microsoft Corporation
OriginalFileName: consent.exe
CommandLine: consent.exe 952 456 000001747CC4E350
CurrentDirectory: C:\Windows\system32\
User: NT AUTHORITY\SYSTEM
LogonGuid: {2048537D-8D03-643A-E703-000000000000}
LogonId: 0x3E7
TerminalSessionId: 1
IntegrityLevel: System
Hashes: SHA256=8B1522BA0FE25D268781C2DF68BAE2BA4991D5BD02F161E61DE1B9194AE54DFA
ParentProcessGuid: {00000000-0000-0000-0000-000000000000}
ParentProcessId: 952
ParentImage: -
ParentCommandLine: -
ParentUser: -"
Information,4/15/2023 9:16:59 PM,Microsoft-Windows-Sysmon,1,Process Create (rule: ProcessCreate),"Process Create:
RuleName: -
UtcTime: 2023-04-15 12:16:59.225
ProcessGuid: {2048537D-95BB-643A-F902-000000000A00}
ProcessId: 4708
Image: C:\Windows\System32\taskhostw.exe
FileVersion: 10.0.14393.0 (rs1_release.160715-1616)
Description: Host Process for Windows Tasks
Product: Microsoft® Windows® Operating System
Company: Microsoft Corporation
OriginalFileName: taskhostw.exe
CommandLine: taskhostw.exe
CurrentDirectory: C:\Windows\system32\
User: NT AUTHORITY\SYSTEM
LogonGuid: {2048537D-8D03-643A-E703-000000000000}
LogonId: 0x3E7
TerminalSessionId: 0
IntegrityLevel: System
Hashes: SHA256=A0A677D6C943AD1A7BC1879DFCCB400211DF68100F8EDD7BA6120067A18BEE0B
ParentProcessGuid: {00000000-0000-0000-0000-000000000000}
ParentProcessId: 952
ParentImage: -
ParentCommandLine: -
ParentUser: -"
Information,4/15/2023 9:16:56 PM,Microsoft-Windows-Sysmon,5,Process terminated (rule: ProcessTerminate),"Process terminated:
RuleName: -
UtcTime: 2023-04-15 12:16:56.625
ProcessGuid: {2048537D-926B-643A-E802-000000000A00}
ProcessId: 2176
Image: C:\Windows\SystemApps\Microsoft.LockApp_cw5n1h2txyewy\LockApp.exe
User: EXAMPLECOMPANY\admin"
Information,4/15/2023 9:16:56 PM,Microsoft-Windows-Sysmon,5,Process terminated (rule: ProcessTerminate),"Process terminated:
RuleName: -
UtcTime: 2023-04-15 12:16:56.281
ProcessGuid: {2048537D-926B-643A-E502-000000000A00}
ProcessId: 3744
Image: C:\Windows\System32\LogonUI.exe
User: NT AUTHORITY\SYSTEM"
Information,4/15/2023 9:16:56 PM,Microsoft-Windows-Sysmon,5,Process terminated (rule: ProcessTerminate),"Process terminated:
RuleName: -
UtcTime: 2023-04-15 12:16:56.266
ProcessGuid: {2048537D-95B8-643A-F802-000000000A00}
ProcessId: 3036
Image: C:\Windows\system32\taskhostw.exe
User: EXAMPLECOMPANY\admin"
Information,4/15/2023 9:16:56 PM,Microsoft-Windows-Sysmon,1,Process Create (rule: ProcessCreate),"Process Create:
RuleName: -
UtcTime: 2023-04-15 12:16:56.272
ProcessGuid: {2048537D-95B8-643A-F802-000000000A00}
ProcessId: 3036
Image: C:\Windows\System32\taskhostw.exe
FileVersion: 10.0.14393.0 (rs1_release.160715-1616)
Description: Host Process for Windows Tasks
Product: Microsoft® Windows® Operating System
Company: Microsoft Corporation
OriginalFileName: taskhostw.exe
CommandLine: taskhostw.exe KEYROAMING
CurrentDirectory: C:\Windows\system32\
User: EXAMPLECOMPANY\admin
LogonGuid: {2048537D-8D5D-643A-7B45-030000000000}
LogonId: 0x3457B
TerminalSessionId: 1
IntegrityLevel: Medium
Hashes: SHA256=A0A677D6C943AD1A7BC1879DFCCB400211DF68100F8EDD7BA6120067A18BEE0B
ParentProcessGuid: {00000000-0000-0000-0000-000000000000}
ParentProcessId: 952
ParentImage: -
ParentCommandLine: -
ParentUser: -"
Information,4/15/2023 9:16:56 PM,Microsoft-Windows-Sysmon,5,Process terminated (rule: ProcessTerminate),"Process terminated:
RuleName: -
UtcTime: 2023-04-15 12:16:56.266
ProcessGuid: {2048537D-95B8-643A-F702-000000000A00}
ProcessId: 3424
Image: C:\Windows\System32\taskhostw.exe
User: NT AUTHORITY\SYSTEM"
Information,4/15/2023 9:16:56 PM,Microsoft-Windows-Sysmon,1,Process Create (rule: ProcessCreate),"Process Create:
RuleName: -
UtcTime: 2023-04-15 12:16:56.247
ProcessGuid: {2048537D-95B8-643A-F702-000000000A00}
ProcessId: 3424
Image: C:\Windows\System32\taskhostw.exe
FileVersion: 10.0.14393.0 (rs1_release.160715-1616)
Description: Host Process for Windows Tasks
Product: Microsoft® Windows® Operating System
Company: Microsoft Corporation
OriginalFileName: taskhostw.exe
CommandLine: taskhostw.exe NGCKeyPregen
CurrentDirectory: C:\Windows\system32\
User: NT AUTHORITY\SYSTEM
LogonGuid: {2048537D-8D03-643A-E703-000000000000}
LogonId: 0x3E7
TerminalSessionId: 0
IntegrityLevel: System
Hashes: SHA256=A0A677D6C943AD1A7BC1879DFCCB400211DF68100F8EDD7BA6120067A18BEE0B
ParentProcessGuid: {00000000-0000-0000-0000-000000000000}
ParentProcessId: 952
ParentImage: -
ParentCommandLine: -
ParentUser: -"
Information,4/15/2023 9:12:49 PM,Microsoft-Windows-Sysmon,5,Process terminated (rule: ProcessTerminate),"Process terminated:
RuleName: -
UtcTime: 2023-04-15 12:12:49.589
ProcessGuid: {2048537D-9467-643A-F502-000000000A00}
ProcessId: 4324
Image: C:\Windows\System32\wbem\WmiPrvSE.exe
User: NT AUTHORITY\LOCAL SERVICE"
Information,4/15/2023 9:12:49 PM,Microsoft-Windows-Sysmon,5,Process terminated (rule: ProcessTerminate),"Process terminated:
RuleName: -
UtcTime: 2023-04-15 12:12:49.589
ProcessGuid: {2048537D-941E-643A-EE02-000000000A00}
ProcessId: 1340
Image: C:\Windows\System32\wbem\WmiPrvSE.exe
User: NT AUTHORITY\NETWORK SERVICE"
Information,4/15/2023 9:12:49 PM,Microsoft-Windows-Sysmon,5,Process terminated (rule: ProcessTerminate),"Process terminated:
RuleName: -
UtcTime: 2023-04-15 12:12:49.589
ProcessGuid: {2048537D-9469-643A-F602-000000000A00}
ProcessId: 4692
Image: C:\Windows\System32\wbem\WmiPrvSE.exe
User: NT AUTHORITY\SYSTEM"
Information,4/15/2023 9:11:21 PM,Microsoft-Windows-Sysmon,1,Process Create (rule: ProcessCreate),"Process Create:
RuleName: -
UtcTime: 2023-04-15 12:11:21.930
ProcessGuid: {2048537D-9469-643A-F602-000000000A00}
ProcessId: 4692
Image: C:\Windows\System32\wbem\WmiPrvSE.exe
FileVersion: 10.0.14393.0 (rs1_release.160715-1616)
Description: WMI Provider Host
Product: Microsoft® Windows® Operating System
Company: Microsoft Corporation
OriginalFileName: Wmiprvse.exe
CommandLine: C:\Windows\system32\wbem\wmiprvse.exe -Embedding
CurrentDirectory: C:\Windows\system32\
User: NT AUTHORITY\SYSTEM
LogonGuid: {2048537D-8D03-643A-E703-000000000000}
LogonId: 0x3E7
TerminalSessionId: 0
IntegrityLevel: System
Hashes: SHA256=B62ACACFCAF99A50149F9DCE06136D478723992A61014FC3DBAE81289FE219F9
ParentProcessGuid: {00000000-0000-0000-0000-000000000000}
ParentProcessId: 736
ParentImage: -
ParentCommandLine: -
ParentUser: -"
Information,4/15/2023 9:11:19 PM,Microsoft-Windows-Sysmon,1,Process Create (rule: ProcessCreate),"Process Create:
RuleName: -
UtcTime: 2023-04-15 12:11:19.578
ProcessGuid: {2048537D-9467-643A-F502-000000000A00}
ProcessId: 4324
Image: C:\Windows\System32\wbem\WmiPrvSE.exe
FileVersion: 10.0.14393.0 (rs1_release.160715-1616)
Description: WMI Provider Host
Product: Microsoft® Windows® Operating System
Company: Microsoft Corporation
OriginalFileName: Wmiprvse.exe
CommandLine: C:\Windows\system32\wbem\wmiprvse.exe -secured -Embedding
CurrentDirectory: C:\Windows\system32\
User: NT AUTHORITY\LOCAL SERVICE
LogonGuid: {2048537D-8D03-643A-E503-000000000000}
LogonId: 0x3E5
TerminalSessionId: 0
IntegrityLevel: System
Hashes: SHA256=B62ACACFCAF99A50149F9DCE06136D478723992A61014FC3DBAE81289FE219F9
ParentProcessGuid: {00000000-0000-0000-0000-000000000000}
ParentProcessId: 736
ParentImage: -
ParentCommandLine: -
ParentUser: -"
Information,4/15/2023 9:10:44 PM,Microsoft-Windows-Sysmon,5,Process terminated (rule: ProcessTerminate),"Process terminated:
RuleName: -
UtcTime: 2023-04-15 12:10:44.672
ProcessGuid: {2048537D-941E-643A-ED02-000000000A00}
ProcessId: 2840
Image: C:\Windows\System32\conhost.exe
User: NT AUTHORITY\SYSTEM"
Information,4/15/2023 9:10:44 PM,Microsoft-Windows-Sysmon,5,Process terminated (rule: ProcessTerminate),"Process terminated:
RuleName: -
UtcTime: 2023-04-15 12:10:44.672
ProcessGuid: {2048537D-941E-643A-EC02-000000000A00}
ProcessId: 5040
Image: C:\Program Files\Windows Defender\MpCmdRun.exe
User: NT AUTHORITY\SYSTEM"
Information,4/15/2023 9:10:44 PM,Microsoft-Windows-Sysmon,5,Process terminated (rule: ProcessTerminate),"Process terminated:
RuleName: -
UtcTime: 2023-04-15 12:10:44.672
ProcessGuid: {2048537D-941E-643A-EB02-000000000A00}
ProcessId: 1516
Image: C:\Program Files\Windows Defender\MpCmdRun.exe
User: NT AUTHORITY\NETWORK SERVICE"
Information,4/15/2023 9:10:44 PM,Microsoft-Windows-Sysmon,5,Process terminated (rule: ProcessTerminate),"Process terminated:
RuleName: -
UtcTime: 2023-04-15 12:10:44.672
ProcessGuid: {2048537D-9440-643A-EF02-000000000A00}
ProcessId: 1456
Image: C:\Windows\System32\wuauclt.exe
User: NT AUTHORITY\SYSTEM"
Information,4/15/2023 9:10:44 PM,Microsoft-Windows-Sysmon,5,Process terminated (rule: ProcessTerminate),"Process terminated:
RuleName: -
UtcTime: 2023-04-15 12:10:44.625
ProcessGuid: {2048537D-9441-643A-F402-000000000A00}
ProcessId: 3808
Image: C:\Windows\SoftwareDistribution\Download\Install\AM_Delta.exe
User: NT AUTHORITY\SYSTEM"
Information,4/15/2023 9:10:44 PM,Microsoft-Windows-Sysmon,5,Process terminated (rule: ProcessTerminate),"Process terminated:
RuleName: -
UtcTime: 2023-04-15 12:10:44.609
ProcessGuid: {2048537D-9440-643A-F202-000000000A00}
ProcessId: 4196
Image: C:\Windows\System32\MpSigStub.exe
User: NT AUTHORITY\SYSTEM"
Information,4/15/2023 9:10:41 PM,Microsoft-Windows-Sysmon,1,Process Create (rule: ProcessCreate),"Process Create:
RuleName: -
UtcTime: 2023-04-15 12:10:41.208
ProcessGuid: {2048537D-9441-643A-F402-000000000A00}
ProcessId: 3808
Image: C:\Windows\SoftwareDistribution\Download\Install\AM_Delta.exe
FileVersion: 1.387.1114.0
Description: AntiMalware Definition Update
Product: Microsoft Malware Protection
Company: Microsoft Corporation
OriginalFileName: AM_Delta.exe
CommandLine: ""C:\Windows\SoftwareDistribution\Download\Install\AM_Delta.exe"" WD /q
CurrentDirectory: C:\Windows\SoftwareDistribution\Download\Install\
User: NT AUTHORITY\SYSTEM
LogonGuid: {2048537D-8D03-643A-E703-000000000000}
LogonId: 0x3E7
TerminalSessionId: 0
IntegrityLevel: System
Hashes: SHA256=268D7C0E52B2AB7210AC5C0310AF9903760C3D2787F52283FF9F8AA9D65A7EF0
ParentProcessGuid: {2048537D-9440-643A-EF02-000000000A00}
ParentProcessId: 1456
ParentImage: C:\Windows\System32\wuauclt.exe
ParentCommandLine: ""C:\Windows\system32\wuauclt.exe"" /RunHandlerComServer
ParentUser: NT AUTHORITY\SYSTEM"
Information,4/15/2023 9:10:41 PM,Microsoft-Windows-Sysmon,5,Process terminated (rule: ProcessTerminate),"Process terminated:
RuleName: -
UtcTime: 2023-04-15 12:10:41.187
ProcessGuid: {2048537D-9440-643A-F302-000000000A00}
ProcessId: 1360
Image: C:\Windows\SoftwareDistribution\Download\Install\AM_Base.exe
User: NT AUTHORITY\SYSTEM"
Information,4/15/2023 9:10:40 PM,Microsoft-Windows-Sysmon,1,Process Create (rule: ProcessCreate),"Process Create:
RuleName: -
UtcTime: 2023-04-15 12:10:40.893
ProcessGuid: {2048537D-9440-643A-F302-000000000A00}
ProcessId: 1360
Image: C:\Windows\SoftwareDistribution\Download\Install\AM_Base.exe
FileVersion: 1.387.0.0
Description: AntiMalware Definition Update
Product: Microsoft Malware Protection
Company: Microsoft Corporation
OriginalFileName: AM_Base.exe
CommandLine: ""C:\Windows\SoftwareDistribution\Download\Install\AM_Base.exe"" 
CurrentDirectory: C:\Windows\SoftwareDistribution\Download\Install\
User: NT AUTHORITY\SYSTEM
LogonGuid: {2048537D-8D03-643A-E703-000000000000}
LogonId: 0x3E7
TerminalSessionId: 0
IntegrityLevel: System
Hashes: SHA256=DDC118761F2B1455412C536898FABFAAD2720C4A4C50B018E377998726491AE9
ParentProcessGuid: {2048537D-9440-643A-EF02-000000000A00}
ParentProcessId: 1456
ParentImage: C:\Windows\System32\wuauclt.exe
ParentCommandLine: ""C:\Windows\system32\wuauclt.exe"" /RunHandlerComServer
ParentUser: NT AUTHORITY\SYSTEM"
Information,4/15/2023 9:10:40 PM,Microsoft-Windows-Sysmon,5,Process terminated (rule: ProcessTerminate),"Process terminated:
RuleName: -
UtcTime: 2023-04-15 12:10:40.700
ProcessGuid: {2048537D-9440-643A-F102-000000000A00}
ProcessId: 1408
Image: C:\Windows\SoftwareDistribution\Download\Install\AM_Engine.exe
User: NT AUTHORITY\SYSTEM"
Information,4/15/2023 9:10:40 PM,Microsoft-Windows-Sysmon,1,Process Create (rule: ProcessCreate),"Process Create:
RuleName: -
UtcTime: 2023-04-15 12:10:40.108
ProcessGuid: {2048537D-9440-643A-F202-000000000A00}
ProcessId: 4196
Image: C:\Windows\System32\MpSigStub.exe
FileVersion: 1.1.18500.10 (bd3bd17b10e8c188734ef863541b1db0d3f8b954)
Description: Microsoft Malware Protection Signature Update Stub
Product: Microsoft Malware Protection
Company: Microsoft Corporation
OriginalFileName: MpSigStub.exe
CommandLine: C:\Windows\system32\MpSigStub.exe /stub 1.1.18500.10 /payload 1.1.20200.4 /MpWUStub /program C:\Windows\SoftwareDistribution\Download\Install\AM_Engine.exe
CurrentDirectory: C:\Windows\Temp\D07284E0-8299-486F-AD40-133B21A1D9AE-Sigs\
User: NT AUTHORITY\SYSTEM
LogonGuid: {2048537D-8D03-643A-E703-000000000000}
LogonId: 0x3E7
TerminalSessionId: 0
IntegrityLevel: System
Hashes: SHA256=FA42B9B84754E2E8368E8929FA045BE86DBD72678176EE75814D2A16D23E5C26
ParentProcessGuid: {2048537D-9440-643A-F102-000000000A00}
ParentProcessId: 1408
ParentImage: C:\Windows\SoftwareDistribution\Download\Install\AM_Engine.exe
ParentCommandLine: ""C:\Windows\SoftwareDistribution\Download\Install\AM_Engine.exe"" 
ParentUser: NT AUTHORITY\SYSTEM"
Information,4/15/2023 9:10:40 PM,Microsoft-Windows-Sysmon,1,Process Create (rule: ProcessCreate),"Process Create:
RuleName: -
UtcTime: 2023-04-15 12:10:40.097
ProcessGuid: {2048537D-9440-643A-F102-000000000A00}
ProcessId: 1408
Image: C:\Windows\SoftwareDistribution\Download\Install\AM_Engine.exe
FileVersion: 1.1.20200.4
Description: AntiMalware Definition Update
Product: Microsoft Malware Protection
Company: Microsoft Corporation
OriginalFileName: AM_Engine.exe
CommandLine: ""C:\Windows\SoftwareDistribution\Download\Install\AM_Engine.exe"" 
CurrentDirectory: C:\Windows\SoftwareDistribution\Download\Install\
User: NT AUTHORITY\SYSTEM
LogonGuid: {2048537D-8D03-643A-E703-000000000000}
LogonId: 0x3E7
TerminalSessionId: 0
IntegrityLevel: System
Hashes: SHA256=A19450CDF3AF78261734C4C29998912FE40D9F3D7A7642283791C556EC7EC36C
ParentProcessGuid: {2048537D-9440-643A-EF02-000000000A00}
ParentProcessId: 1456
ParentImage: C:\Windows\System32\wuauclt.exe
ParentCommandLine: ""C:\Windows\system32\wuauclt.exe"" /RunHandlerComServer
ParentUser: NT AUTHORITY\SYSTEM"
Information,4/15/2023 9:10:40 PM,Microsoft-Windows-Sysmon,5,Process terminated (rule: ProcessTerminate),"Process terminated:
RuleName: -
UtcTime: 2023-04-15 12:10:40.073
ProcessGuid: {2048537D-9440-643A-F002-000000000A00}
ProcessId: 4764
Image: <unknown process>
User: NT AUTHORITY\SYSTEM"
Information,4/15/2023 9:10:40 PM,Microsoft-Windows-Sysmon,1,Process Create (rule: ProcessCreate),"Process Create:
RuleName: -
UtcTime: 2023-04-15 12:10:40.074
ProcessGuid: {2048537D-9440-643A-F002-000000000A00}
ProcessId: 4764
Image: C:\Windows\SoftwareDistribution\Download\Install\MpSigStub.exe
FileVersion: 1.1.18500.10 (bd3bd17b10e8c188734ef863541b1db0d3f8b954)
Description: Microsoft Malware Protection Signature Update Stub
Product: Microsoft Malware Protection
Company: Microsoft Corporation
OriginalFileName: MpSigStub.exe
CommandLine: ""C:\Windows\SoftwareDistribution\Download\Install\MpSigStub.exe"" /Store
CurrentDirectory: C:\Windows\SoftwareDistribution\Download\Install\
User: NT AUTHORITY\SYSTEM
LogonGuid: {2048537D-8D03-643A-E703-000000000000}
LogonId: 0x3E7
TerminalSessionId: 0
IntegrityLevel: System
Hashes: SHA256=FA42B9B84754E2E8368E8929FA045BE86DBD72678176EE75814D2A16D23E5C26
ParentProcessGuid: {2048537D-9440-643A-EF02-000000000A00}
ParentProcessId: 1456
ParentImage: C:\Windows\System32\wuauclt.exe
ParentCommandLine: ""C:\Windows\system32\wuauclt.exe"" /RunHandlerComServer
ParentUser: NT AUTHORITY\SYSTEM"
Information,4/15/2023 9:10:40 PM,Microsoft-Windows-Sysmon,1,Process Create (rule: ProcessCreate),"Process Create:
RuleName: -
UtcTime: 2023-04-15 12:10:40.062
ProcessGuid: {2048537D-9440-643A-EF02-000000000A00}
ProcessId: 1456
Image: C:\Windows\System32\wuauclt.exe
FileVersion: 10.0.14393.82 (rs1_release.160805-1735)
Description: Windows Update
Product: Microsoft® Windows® Operating System
Company: Microsoft Corporation
OriginalFileName: wuauclt.exe
CommandLine: ""C:\Windows\system32\wuauclt.exe"" /RunHandlerComServer
CurrentDirectory: C:\Windows\system32\
User: NT AUTHORITY\SYSTEM
LogonGuid: {2048537D-8D03-643A-E703-000000000000}
LogonId: 0x3E7
TerminalSessionId: 0
IntegrityLevel: System
Hashes: SHA256=0B31BAD785AD6505596A9921058339D61BB6407682AC6953ECA27ED075CB8C47
ParentProcessGuid: {00000000-0000-0000-0000-000000000000}
ParentProcessId: 952
ParentImage: -
ParentCommandLine: -
ParentUser: -"
Information,4/15/2023 9:10:06 PM,Microsoft-Windows-Sysmon,1,Process Create (rule: ProcessCreate),"Process Create:
RuleName: -
UtcTime: 2023-04-15 12:10:06.267
ProcessGuid: {2048537D-941E-643A-EE02-000000000A00}
ProcessId: 1340
Image: C:\Windows\System32\wbem\WmiPrvSE.exe
FileVersion: 10.0.14393.0 (rs1_release.160715-1616)
Description: WMI Provider Host
Product: Microsoft® Windows® Operating System
Company: Microsoft Corporation
OriginalFileName: Wmiprvse.exe
CommandLine: C:\Windows\system32\wbem\wmiprvse.exe -secured -Embedding
CurrentDirectory: C:\Windows\system32\
User: NT AUTHORITY\NETWORK SERVICE
LogonGuid: {2048537D-8D03-643A-E403-000000000000}
LogonId: 0x3E4
TerminalSessionId: 0
IntegrityLevel: System
Hashes: SHA256=B62ACACFCAF99A50149F9DCE06136D478723992A61014FC3DBAE81289FE219F9
ParentProcessGuid: {00000000-0000-0000-0000-000000000000}
ParentProcessId: 736
ParentImage: -
ParentCommandLine: -
ParentUser: -"
Information,4/15/2023 9:10:06 PM,Microsoft-Windows-Sysmon,1,Process Create (rule: ProcessCreate),"Process Create:
RuleName: -
UtcTime: 2023-04-15 12:10:06.199
ProcessGuid: {2048537D-941E-643A-ED02-000000000A00}
ProcessId: 2840
Image: C:\Windows\System32\conhost.exe
FileVersion: 10.0.14393.0 (rs1_release.160715-1616)
Description: Console Window Host
Product: Microsoft® Windows® Operating System
Company: Microsoft Corporation
OriginalFileName: CONHOST.EXE
CommandLine: \??\C:\Windows\system32\conhost.exe 0xffffffff -ForceV1
CurrentDirectory: C:\Windows
User: NT AUTHORITY\SYSTEM
LogonGuid: {2048537D-8D03-643A-E703-000000000000}
LogonId: 0x3E7
TerminalSessionId: 0
IntegrityLevel: System
Hashes: SHA256=046F7A1B4DE67562547ED9A180A72F481FC41E803DE49A96D7D7C731964D53A0
ParentProcessGuid: {2048537D-941E-643A-EC02-000000000A00}
ParentProcessId: 5040
ParentImage: C:\Program Files\Windows Defender\MpCmdRun.exe
ParentCommandLine: ""C:\Program Files\Windows Defender\\MpCmdRun.exe"" SignaturesUpdateService -ScheduleJob -UnmanagedUpdate
ParentUser: NT AUTHORITY\SYSTEM"
Information,4/15/2023 9:10:06 PM,Microsoft-Windows-Sysmon,1,Process Create (rule: ProcessCreate),"Process Create:
RuleName: -
UtcTime: 2023-04-15 12:10:06.198
ProcessGuid: {2048537D-941E-643A-EC02-000000000A00}
ProcessId: 5040
Image: C:\Program Files\Windows Defender\MpCmdRun.exe
FileVersion: 4.10.14393.1794 (rs1_release.171008-1615)
Description: Microsoft Malware Protection Command Line Utility
Product: Microsoft® Windows® Operating System
Company: Microsoft Corporation
OriginalFileName: MpCmdRun.exe
CommandLine: ""C:\Program Files\Windows Defender\\MpCmdRun.exe"" SignaturesUpdateService -ScheduleJob -UnmanagedUpdate
CurrentDirectory: C:\Windows\system32\
User: NT AUTHORITY\SYSTEM
LogonGuid: {2048537D-8D03-643A-E703-000000000000}
LogonId: 0x3E7
TerminalSessionId: 0
IntegrityLevel: System
Hashes: SHA256=8B00E302B4B162C9462B6E5BEB07AE33D817CBE41287CFDA2546BC4E8494D49C
ParentProcessGuid: {00000000-0000-0000-0000-000000000000}
ParentProcessId: 2384
ParentImage: -
ParentCommandLine: -
ParentUser: -"
Information,4/15/2023 9:10:06 PM,Microsoft-Windows-Sysmon,5,Process terminated (rule: ProcessTerminate),"Process terminated:
RuleName: -
UtcTime: 2023-04-15 12:10:06.189
ProcessGuid: {2048537D-941E-643A-EA02-000000000A00}
ProcessId: 2488
Image: C:\Windows\System32\conhost.exe
User: NT AUTHORITY\SYSTEM"
Information,4/15/2023 9:10:06 PM,Microsoft-Windows-Sysmon,5,Process terminated (rule: ProcessTerminate),"Process terminated:
RuleName: -
UtcTime: 2023-04-15 12:10:06.189
ProcessGuid: {2048537D-941E-643A-E902-000000000A00}
ProcessId: 4472
Image: C:\Program Files\Windows Defender\MpCmdRun.exe
User: NT AUTHORITY\SYSTEM"
Information,4/15/2023 9:10:06 PM,Microsoft-Windows-Sysmon,1,Process Create (rule: ProcessCreate),"Process Create:
RuleName: -
UtcTime: 2023-04-15 12:10:06.191
ProcessGuid: {2048537D-941E-643A-EB02-000000000A00}
ProcessId: 1516
Image: C:\Program Files\Windows Defender\MpCmdRun.exe
FileVersion: 4.10.14393.1794 (rs1_release.171008-1615)
Description: Microsoft Malware Protection Command Line Utility
Product: Microsoft® Windows® Operating System
Company: Microsoft Corporation
OriginalFileName: MpCmdRun.exe
CommandLine: ""C:\Program Files\Windows Defender\\MpCmdRun.exe"" SignatureUpdate -ScheduleJob -RestrictPrivileges -Reinvoke
CurrentDirectory: C:\Windows\system32\
User: NT AUTHORITY\NETWORK SERVICE
LogonGuid: {2048537D-8D03-643A-E403-000000000000}
LogonId: 0x3E4
TerminalSessionId: 0
IntegrityLevel: System
Hashes: SHA256=8B00E302B4B162C9462B6E5BEB07AE33D817CBE41287CFDA2546BC4E8494D49C
ParentProcessGuid: {2048537D-941E-643A-E902-000000000A00}
ParentProcessId: 4472
ParentImage: C:\Program Files\Windows Defender\MpCmdRun.exe
ParentCommandLine: ""C:\Program Files\Windows Defender\\MpCmdRun.exe"" SignatureUpdate -ScheduleJob -RestrictPrivileges
ParentUser: NT AUTHORITY\SYSTEM"
Information,4/15/2023 9:10:06 PM,Microsoft-Windows-Sysmon,1,Process Create (rule: ProcessCreate),"Process Create:
RuleName: -
UtcTime: 2023-04-15 12:10:06.174
ProcessGuid: {2048537D-941E-643A-EA02-000000000A00}
ProcessId: 2488
Image: C:\Windows\System32\conhost.exe
FileVersion: 10.0.14393.0 (rs1_release.160715-1616)
Description: Console Window Host
Product: Microsoft® Windows® Operating System
Company: Microsoft Corporation
OriginalFileName: CONHOST.EXE
CommandLine: \??\C:\Windows\system32\conhost.exe 0xffffffff -ForceV1
CurrentDirectory: C:\Windows
User: NT AUTHORITY\SYSTEM
LogonGuid: {2048537D-8D03-643A-E703-000000000000}
LogonId: 0x3E7
TerminalSessionId: 0
IntegrityLevel: System
Hashes: SHA256=046F7A1B4DE67562547ED9A180A72F481FC41E803DE49A96D7D7C731964D53A0
ParentProcessGuid: {2048537D-941E-643A-E902-000000000A00}
ParentProcessId: 4472
ParentImage: C:\Program Files\Windows Defender\MpCmdRun.exe
ParentCommandLine: ""C:\Program Files\Windows Defender\\MpCmdRun.exe"" SignatureUpdate -ScheduleJob -RestrictPrivileges
ParentUser: NT AUTHORITY\SYSTEM"
Information,4/15/2023 9:10:06 PM,Microsoft-Windows-Sysmon,1,Process Create (rule: ProcessCreate),"Process Create:
RuleName: -
UtcTime: 2023-04-15 12:10:06.171
ProcessGuid: {2048537D-941E-643A-E902-000000000A00}
ProcessId: 4472
Image: C:\Program Files\Windows Defender\MpCmdRun.exe
FileVersion: 4.10.14393.1794 (rs1_release.171008-1615)
Description: Microsoft Malware Protection Command Line Utility
Product: Microsoft® Windows® Operating System
Company: Microsoft Corporation
OriginalFileName: MpCmdRun.exe
CommandLine: ""C:\Program Files\Windows Defender\\MpCmdRun.exe"" SignatureUpdate -ScheduleJob -RestrictPrivileges
CurrentDirectory: C:\Windows\system32\
User: NT AUTHORITY\SYSTEM
LogonGuid: {2048537D-8D03-643A-E703-000000000000}
LogonId: 0x3E7
TerminalSessionId: 0
IntegrityLevel: System
Hashes: SHA256=8B00E302B4B162C9462B6E5BEB07AE33D817CBE41287CFDA2546BC4E8494D49C
ParentProcessGuid: {00000000-0000-0000-0000-000000000000}
ParentProcessId: 2384
ParentImage: -
ParentCommandLine: -
ParentUser: -"
Information,4/15/2023 9:02:51 PM,Microsoft-Windows-Sysmon,1,Process Create (rule: ProcessCreate),"Process Create:
RuleName: -
UtcTime: 2023-04-15 12:02:51.157
ProcessGuid: {2048537D-926B-643A-E802-000000000A00}
ProcessId: 2176
Image: C:\Windows\SystemApps\Microsoft.LockApp_cw5n1h2txyewy\LockApp.exe
FileVersion: -
Description: -
Product: -
Company: -
OriginalFileName: -
CommandLine: ""C:\Windows\SystemApps\Microsoft.LockApp_cw5n1h2txyewy\LockApp.exe"" -ServerName:WindowsDefaultLockScreen.AppX7y4nbzq37zn4ks9k7amqjywdat7d3j2z.mca
CurrentDirectory: C:\Windows\SystemApps\Microsoft.LockApp_cw5n1h2txyewy\
User: EXAMPLECOMPANY\admin
LogonGuid: {2048537D-8D5D-643A-7B45-030000000000}
LogonId: 0x3457B
TerminalSessionId: 1
IntegrityLevel: AppContainer
Hashes: SHA256=CB9F18E482C4F92E8CF6BCAE477B7BADB17878EB2C9A5F7397E92202636876EE
ParentProcessGuid: {00000000-0000-0000-0000-000000000000}
ParentProcessId: 736
ParentImage: -
ParentCommandLine: -
ParentUser: -"
Information,4/15/2023 9:02:51 PM,Microsoft-Windows-Sysmon,5,Process terminated (rule: ProcessTerminate),"Process terminated:
RuleName: -
UtcTime: 2023-04-15 12:02:51.084
ProcessGuid: {2048537D-926B-643A-E602-000000000A00}
ProcessId: 4196
Image: C:\Windows\System32\taskhostw.exe
User: EXAMPLECOMPANY\admin"
Information,4/15/2023 9:02:51 PM,Microsoft-Windows-Sysmon,1,Process Create (rule: ProcessCreate),"Process Create:
RuleName: -
UtcTime: 2023-04-15 12:02:51.086
ProcessGuid: {2048537D-926B-643A-E702-000000000A00}
ProcessId: 3612
Image: C:\Windows\System32\LockAppHost.exe
FileVersion: 10.0.14393.953 (rs1_release_inmarket.170303-1614)
Description: LockAppHost
Product: Microsoft® Windows® Operating System
Company: Microsoft Corporation
OriginalFileName: LockAppHost.exe
CommandLine: C:\Windows\System32\LockAppHost.exe -Embedding
CurrentDirectory: C:\Windows\system32\
User: EXAMPLECOMPANY\admin
LogonGuid: {2048537D-8D5D-643A-7B45-030000000000}
LogonId: 0x3457B
TerminalSessionId: 1
IntegrityLevel: Medium
Hashes: SHA256=7DCD690FF965F80DF86F325CA206573C50E7799CC72279594D2CF0D973E67201
ParentProcessGuid: {00000000-0000-0000-0000-000000000000}
ParentProcessId: 736
ParentImage: -
ParentCommandLine: -
ParentUser: -"
Information,4/15/2023 9:02:51 PM,Microsoft-Windows-Sysmon,1,Process Create (rule: ProcessCreate),"Process Create:
RuleName: -
UtcTime: 2023-04-15 12:02:51.083
ProcessGuid: {2048537D-926B-643A-E602-000000000A00}
ProcessId: 4196
Image: C:\Windows\System32\taskhostw.exe
FileVersion: 10.0.14393.0 (rs1_release.160715-1616)
Description: Host Process for Windows Tasks
Product: Microsoft® Windows® Operating System
Company: Microsoft Corporation
OriginalFileName: taskhostw.exe
CommandLine: taskhostw.exe KEYROAMING
CurrentDirectory: C:\Windows\system32\
User: EXAMPLECOMPANY\admin
LogonGuid: {2048537D-8D5D-643A-7B45-030000000000}
LogonId: 0x3457B
TerminalSessionId: 1
IntegrityLevel: Medium
Hashes: SHA256=A0A677D6C943AD1A7BC1879DFCCB400211DF68100F8EDD7BA6120067A18BEE0B
ParentProcessGuid: {00000000-0000-0000-0000-000000000000}
ParentProcessId: 952
ParentImage: -
ParentCommandLine: -
ParentUser: -"
Information,4/15/2023 9:02:51 PM,Microsoft-Windows-Sysmon,1,Process Create (rule: ProcessCreate),"Process Create:
RuleName: -
UtcTime: 2023-04-15 12:02:51.057
ProcessGuid: {2048537D-926B-643A-E502-000000000A00}
ProcessId: 3744
Image: C:\Windows\System32\LogonUI.exe
FileVersion: 10.0.14393.0 (rs1_release.160715-1616)
Description: Windows Logon User Interface Host
Product: Microsoft® Windows® Operating System
Company: Microsoft Corporation
OriginalFileName: logonui.exe
CommandLine: ""LogonUI.exe"" /flags:0x0 /state0:0xa3a36855 /state1:0x41c64e6d
CurrentDirectory: C:\Windows\system32\
User: NT AUTHORITY\SYSTEM
LogonGuid: {2048537D-8D03-643A-E703-000000000000}
LogonId: 0x3E7
TerminalSessionId: 1
IntegrityLevel: System
Hashes: SHA256=AA62D29803D52EC06CD27ED3124E034048F09606EB7342181913C9817C7B44C5
ParentProcessGuid: {00000000-0000-0000-0000-000000000000}
ParentProcessId: 520
ParentImage: -
ParentCommandLine: -
ParentUser: -"
Information,4/15/2023 9:02:49 PM,Microsoft-Windows-Sysmon,5,Process terminated (rule: ProcessTerminate),"Process terminated:
RuleName: -
UtcTime: 2023-04-15 12:02:49.695
ProcessGuid: {2048537D-920F-643A-E202-000000000A00}
ProcessId: 3292
Image: C:\Windows\System32\wbem\WmiPrvSE.exe
User: NT AUTHORITY\LOCAL SERVICE"
Information,4/15/2023 9:02:49 PM,Microsoft-Windows-Sysmon,5,Process terminated (rule: ProcessTerminate),"Process terminated:
RuleName: -
UtcTime: 2023-04-15 12:02:49.586
ProcessGuid: {2048537D-920F-643A-E102-000000000A00}
ProcessId: 4084
Image: C:\Windows\System32\wbem\WmiPrvSE.exe
User: NT AUTHORITY\NETWORK SERVICE"
Information,4/15/2023 9:02:49 PM,Microsoft-Windows-Sysmon,5,Process terminated (rule: ProcessTerminate),"Process terminated:
RuleName: -
UtcTime: 2023-04-15 12:02:49.586
ProcessGuid: {2048537D-9211-643A-E302-000000000A00}
ProcessId: 4088
Image: C:\Windows\System32\wbem\WmiPrvSE.exe
User: NT AUTHORITY\SYSTEM"
Information,4/15/2023 9:02:44 PM,Microsoft-Windows-Sysmon,5,Process terminated (rule: ProcessTerminate),"Process terminated:
RuleName: -
UtcTime: 2023-04-15 12:02:44.518
ProcessGuid: {2048537D-900B-643A-B100-000000000A00}
ProcessId: 3752
Image: C:\Windows\System32\svchost.exe
User: NT AUTHORITY\SYSTEM"
Information,4/15/2023 9:01:23 PM,Microsoft-Windows-Sysmon,5,Process terminated (rule: ProcessTerminate),"Process terminated:
RuleName: -
UtcTime: 2023-04-15 12:01:23.684
ProcessGuid: {2048537D-9212-643A-E402-000000000A00}
ProcessId: 4616
Image: C:\Windows\Temp\033E8EC8-891B-47C6-98B3-3AE334FF1D66\DismHost.exe
User: NT AUTHORITY\SYSTEM"
Information,4/15/2023 9:01:22 PM,Microsoft-Windows-Sysmon,1,Process Create (rule: ProcessCreate),"Process Create:
RuleName: -
UtcTime: 2023-04-15 12:01:22.080
ProcessGuid: {2048537D-9212-643A-E402-000000000A00}
ProcessId: 4616
Image: C:\Windows\Temp\033E8EC8-891B-47C6-98B3-3AE334FF1D66\DismHost.exe
FileVersion: 10.0.14393.0 (rs1_release.160715-1616)
Description: Dism Host Servicing Process
Product: Microsoft® Windows® Operating System
Company: Microsoft Corporation
OriginalFileName: DismHost.exe
CommandLine: C:\Windows\TEMP\033E8EC8-891B-47C6-98B3-3AE334FF1D66\dismhost.exe {8EC5D5DD-282B-4151-B9B4-6B2A542F264D}
CurrentDirectory: C:\Windows\system32\
User: NT AUTHORITY\SYSTEM
LogonGuid: {2048537D-8D03-643A-E703-000000000000}
LogonId: 0x3E7
TerminalSessionId: 0
IntegrityLevel: System
Hashes: SHA256=D8C41210EC8CDEC379E66D28DDCA2F5AB07041B1132F83DC5C763EAE116E995F
ParentProcessGuid: {2048537D-9211-643A-E302-000000000A00}
ParentProcessId: 4088
ParentImage: C:\Windows\System32\wbem\WmiPrvSE.exe
ParentCommandLine: C:\Windows\system32\wbem\wmiprvse.exe -Embedding
ParentUser: NT AUTHORITY\SYSTEM"
Information,4/15/2023 9:01:21 PM,Microsoft-Windows-Sysmon,1,Process Create (rule: ProcessCreate),"Process Create:
RuleName: -
UtcTime: 2023-04-15 12:01:21.956
ProcessGuid: {2048537D-9211-643A-E302-000000000A00}
ProcessId: 4088
Image: C:\Windows\System32\wbem\WmiPrvSE.exe
FileVersion: 10.0.14393.0 (rs1_release.160715-1616)
Description: WMI Provider Host
Product: Microsoft® Windows® Operating System
Company: Microsoft Corporation
OriginalFileName: Wmiprvse.exe
CommandLine: C:\Windows\system32\wbem\wmiprvse.exe -Embedding
CurrentDirectory: C:\Windows\system32\
User: NT AUTHORITY\SYSTEM
LogonGuid: {2048537D-8D03-643A-E703-000000000000}
LogonId: 0x3E7
TerminalSessionId: 0
IntegrityLevel: System
Hashes: SHA256=B62ACACFCAF99A50149F9DCE06136D478723992A61014FC3DBAE81289FE219F9
ParentProcessGuid: {00000000-0000-0000-0000-000000000000}
ParentProcessId: 736
ParentImage: -
ParentCommandLine: -
ParentUser: -"
Information,4/15/2023 9:01:19 PM,Microsoft-Windows-Sysmon,1,Process Create (rule: ProcessCreate),"Process Create:
RuleName: -
UtcTime: 2023-04-15 12:01:19.583
ProcessGuid: {2048537D-920F-643A-E202-000000000A00}
ProcessId: 3292
Image: C:\Windows\System32\wbem\WmiPrvSE.exe
FileVersion: 10.0.14393.0 (rs1_release.160715-1616)
Description: WMI Provider Host
Product: Microsoft® Windows® Operating System
Company: Microsoft Corporation
OriginalFileName: Wmiprvse.exe
CommandLine: C:\Windows\system32\wbem\wmiprvse.exe -secured -Embedding
CurrentDirectory: C:\Windows\system32\
User: NT AUTHORITY\LOCAL SERVICE
LogonGuid: {2048537D-8D03-643A-E503-000000000000}
LogonId: 0x3E5
TerminalSessionId: 0
IntegrityLevel: System
Hashes: SHA256=B62ACACFCAF99A50149F9DCE06136D478723992A61014FC3DBAE81289FE219F9
ParentProcessGuid: {00000000-0000-0000-0000-000000000000}
ParentProcessId: 736
ParentImage: -
ParentCommandLine: -
ParentUser: -"
Information,4/15/2023 9:01:19 PM,Microsoft-Windows-Sysmon,1,Process Create (rule: ProcessCreate),"Process Create:
RuleName: -
UtcTime: 2023-04-15 12:01:19.549
ProcessGuid: {2048537D-920F-643A-E102-000000000A00}
ProcessId: 4084
Image: C:\Windows\System32\wbem\WmiPrvSE.exe
FileVersion: 10.0.14393.0 (rs1_release.160715-1616)
Description: WMI Provider Host
Product: Microsoft® Windows® Operating System
Company: Microsoft Corporation
OriginalFileName: Wmiprvse.exe
CommandLine: C:\Windows\system32\wbem\wmiprvse.exe -secured -Embedding
CurrentDirectory: C:\Windows\system32\
User: NT AUTHORITY\NETWORK SERVICE
LogonGuid: {2048537D-8D03-643A-E403-000000000000}
LogonId: 0x3E4
TerminalSessionId: 0
IntegrityLevel: System
Hashes: SHA256=B62ACACFCAF99A50149F9DCE06136D478723992A61014FC3DBAE81289FE219F9
ParentProcessGuid: {00000000-0000-0000-0000-000000000000}
ParentProcessId: 736
ParentImage: -
ParentCommandLine: -
ParentUser: -"
Information,4/15/2023 9:00:47 PM,Microsoft-Windows-Sysmon,5,Process terminated (rule: ProcessTerminate),"Process terminated:
RuleName: -
UtcTime: 2023-04-15 12:00:47.862
ProcessGuid: {2048537D-8FDF-643A-AA00-000000000A00}
ProcessId: 940
Image: C:\Windows\System32\wbem\WmiPrvSE.exe
User: NT AUTHORITY\SYSTEM"
Information,4/15/2023 8:59:44 PM,Microsoft-Windows-Sysmon,5,Process terminated (rule: ProcessTerminate),"Process terminated:
RuleName: -
UtcTime: 2023-04-15 11:59:44.515
ProcessGuid: {2048537D-90FC-643A-C300-000000000A00}
ProcessId: 4960
Image: C:\Windows\System32\VSSVC.exe
User: NT AUTHORITY\SYSTEM"
Information,4/15/2023 8:57:21 PM,Microsoft-Windows-Sysmon,5,Process terminated (rule: ProcessTerminate),"Process terminated:
RuleName: -
UtcTime: 2023-04-15 11:57:21.151
ProcessGuid: {2048537D-90FE-643A-EF00-000000000A00}
ProcessId: 3100
Image: C:\Windows\System32\dllhost.exe
User: NT AUTHORITY\SYSTEM"
Information,4/15/2023 8:57:16 PM,Microsoft-Windows-Sysmon,5,Process terminated (rule: ProcessTerminate),"Process terminated:
RuleName: -
UtcTime: 2023-04-15 11:57:16.139
ProcessGuid: {2048537D-90FC-643A-C200-000000000A00}
ProcessId: 4372
Image: C:\Windows\System32\taskhostw.exe
User: NT AUTHORITY\SYSTEM"
Information,4/15/2023 8:57:04 PM,Microsoft-Windows-Sysmon,5,Process terminated (rule: ProcessTerminate),"Process terminated:
RuleName: -
UtcTime: 2023-04-15 11:57:04.684
ProcessGuid: {2048537D-8D04-643A-1E00-000000000A00}
ProcessId: 1752
Image: C:\Windows\System32\svchost.exe
User: NT AUTHORITY\SYSTEM"
Information,4/15/2023 8:56:59 PM,Microsoft-Windows-Sysmon,5,Process terminated (rule: ProcessTerminate),"Process terminated:
RuleName: -
UtcTime: 2023-04-15 11:56:59.187
ProcessGuid: {2048537D-90FC-643A-C700-000000000A00}
ProcessId: 5036
Image: C:\Windows\System32\conhost.exe
User: NT AUTHORITY\SYSTEM"
Information,4/15/2023 8:56:59 PM,Microsoft-Windows-Sysmon,5,Process terminated (rule: ProcessTerminate),"Process terminated:
RuleName: -
UtcTime: 2023-04-15 11:56:59.187
ProcessGuid: {2048537D-90FC-643A-C600-000000000A00}
ProcessId: 3712
Image: C:\Windows\Microsoft.NET\Framework\v4.0.30319\ngentask.exe
User: NT AUTHORITY\SYSTEM"
Information,4/15/2023 8:56:59 PM,Microsoft-Windows-Sysmon,5,Process terminated (rule: ProcessTerminate),"Process terminated:
RuleName: -
UtcTime: 2023-04-15 11:56:59.187
ProcessGuid: {2048537D-910B-643A-E002-000000000A00}
ProcessId: 4296
Image: C:\Windows\Microsoft.NET\Framework\v4.0.30319\ngen.exe
User: NT AUTHORITY\SYSTEM"
Information,4/15/2023 8:56:59 PM,Microsoft-Windows-Sysmon,1,Process Create (rule: ProcessCreate),"Process Create:
RuleName: -
UtcTime: 2023-04-15 11:56:59.174
ProcessGuid: {2048537D-910B-643A-E002-000000000A00}
ProcessId: 4296
Image: C:\Windows\Microsoft.NET\Framework\v4.0.30319\ngen.exe
FileVersion: 4.6.1586.0 built by: NETFXREL2
Description: Microsoft Common Language Runtime native compiler
Product: Microsoft® .NET Framework
Company: Microsoft Corporation
OriginalFileName: ngen.exe
CommandLine: ""C:\Windows\Microsoft.NET\Framework\v4.0.30319\ngen.exe"" RemoveTaskBootTrigger /LegacyServiceBehavior
CurrentDirectory: C:\Windows\system32\
User: NT AUTHORITY\SYSTEM
LogonGuid: {2048537D-8D03-643A-E703-000000000000}
LogonId: 0x3E7
TerminalSessionId: 0
IntegrityLevel: System
Hashes: SHA256=CCF4A28D9A102D58A6754A9D151E73C037CFD388824329FC3010E0679409A31A
ParentProcessGuid: {2048537D-90FC-643A-C600-000000000A00}
ParentProcessId: 3712
ParentImage: C:\Windows\Microsoft.NET\Framework\v4.0.30319\ngentask.exe
ParentCommandLine: ""C:\Windows\Microsoft.NET\Framework\v4.0.30319\NGenTask.exe"" /RuntimeWide /StopEvent:824
ParentUser: NT AUTHORITY\SYSTEM"
Information,4/15/2023 8:56:59 PM,Microsoft-Windows-Sysmon,5,Process terminated (rule: ProcessTerminate),"Process terminated:
RuleName: -
UtcTime: 2023-04-15 11:56:59.156
ProcessGuid: {2048537D-90FC-643A-CB00-000000000A00}
ProcessId: 3764
Image: C:\Windows\Microsoft.NET\Framework\v4.0.30319\ngen.exe
User: NT AUTHORITY\SYSTEM"
Information,4/15/2023 8:56:59 PM,Microsoft-Windows-Sysmon,5,Process terminated (rule: ProcessTerminate),"Process terminated:
RuleName: -
UtcTime: 2023-04-15 11:56:59.125
ProcessGuid: {2048537D-910B-643A-DF02-000000000A00}
ProcessId: 4688
Image: C:\Windows\Microsoft.NET\Framework\v4.0.30319\mscorsvw.exe
User: NT AUTHORITY\SYSTEM"
Information,4/15/2023 8:56:59 PM,Microsoft-Windows-Sysmon,1,Process Create (rule: ProcessCreate),"Process Create:
RuleName: -
UtcTime: 2023-04-15 11:56:59.098
ProcessGuid: {2048537D-910B-643A-DF02-000000000A00}
ProcessId: 4688
Image: C:\Windows\Microsoft.NET\Framework\v4.0.30319\mscorsvw.exe
FileVersion: 4.6.1586.0 built by: NETFXREL2
Description: .NET Runtime Optimization Service
Product: Microsoft® .NET Framework
Company: Microsoft Corporation
OriginalFileName: mscorsvw.exe
CommandLine: C:\Windows\Microsoft.NET\Framework\v4.0.30319\mscorsvw.exe -StartupEvent 66c -InterruptEvent 0 -NGENProcess 664 -Pipe 658 -Comment ""NGen Worker Process""
CurrentDirectory: C:\Windows\system32\
User: NT AUTHORITY\SYSTEM
LogonGuid: {2048537D-8D03-643A-E703-000000000000}
LogonId: 0x3E7
TerminalSessionId: 0
IntegrityLevel: System
Hashes: SHA256=0B48C8BAF88A1672650007F29CB1FF48D6F5309C9AF7F9F78161BA8172877B4C
ParentProcessGuid: {2048537D-90FC-643A-CB00-000000000A00}
ParentProcessId: 3764
ParentImage: C:\Windows\Microsoft.NET\Framework\v4.0.30319\ngen.exe
ParentCommandLine: ""C:\Windows\Microsoft.NET\Framework\v4.0.30319\ngen.exe"" ExecuteQueuedItems /LegacyServiceBehavior
ParentUser: NT AUTHORITY\SYSTEM"
Information,4/15/2023 8:56:59 PM,Microsoft-Windows-Sysmon,5,Process terminated (rule: ProcessTerminate),"Process terminated:
RuleName: -
UtcTime: 2023-04-15 11:56:59.094
ProcessGuid: {2048537D-910B-643A-DE02-000000000A00}
ProcessId: 3580
Image: C:\Windows\Microsoft.NET\Framework\v4.0.30319\mscorsvw.exe
User: NT AUTHORITY\SYSTEM"
Information,4/15/2023 8:56:59 PM,Microsoft-Windows-Sysmon,1,Process Create (rule: ProcessCreate),"Process Create:
RuleName: -
UtcTime: 2023-04-15 11:56:59.071
ProcessGuid: {2048537D-910B-643A-DE02-000000000A00}
ProcessId: 3580
Image: C:\Windows\Microsoft.NET\Framework\v4.0.30319\mscorsvw.exe
FileVersion: 4.6.1586.0 built by: NETFXREL2
Description: .NET Runtime Optimization Service
Product: Microsoft® .NET Framework
Company: Microsoft Corporation
OriginalFileName: mscorsvw.exe
CommandLine: C:\Windows\Microsoft.NET\Framework\v4.0.30319\mscorsvw.exe -StartupEvent 650 -InterruptEvent 0 -NGENProcess 658 -Pipe 5f4 -Comment ""NGen Worker Process""
CurrentDirectory: C:\Windows\system32\
User: NT AUTHORITY\SYSTEM
LogonGuid: {2048537D-8D03-643A-E703-000000000000}
LogonId: 0x3E7
TerminalSessionId: 0
IntegrityLevel: System
Hashes: SHA256=0B48C8BAF88A1672650007F29CB1FF48D6F5309C9AF7F9F78161BA8172877B4C
ParentProcessGuid: {2048537D-90FC-643A-CB00-000000000A00}
ParentProcessId: 3764
ParentImage: C:\Windows\Microsoft.NET\Framework\v4.0.30319\ngen.exe
ParentCommandLine: ""C:\Windows\Microsoft.NET\Framework\v4.0.30319\ngen.exe"" ExecuteQueuedItems /LegacyServiceBehavior
ParentUser: NT AUTHORITY\SYSTEM"
Information,4/15/2023 8:56:59 PM,Microsoft-Windows-Sysmon,5,Process terminated (rule: ProcessTerminate),"Process terminated:
RuleName: -
UtcTime: 2023-04-15 11:56:59.062
ProcessGuid: {2048537D-910B-643A-DD02-000000000A00}
ProcessId: 5032
Image: C:\Windows\Microsoft.NET\Framework\v4.0.30319\mscorsvw.exe
User: NT AUTHORITY\SYSTEM"
Information,4/15/2023 8:56:59 PM,Microsoft-Windows-Sysmon,5,Process terminated (rule: ProcessTerminate),"Process terminated:
RuleName: -
UtcTime: 2023-04-15 11:56:59.047
ProcessGuid: {2048537D-910B-643A-DC02-000000000A00}
ProcessId: 4664
Image: C:\Windows\Microsoft.NET\Framework\v4.0.30319\mscorsvw.exe
User: NT AUTHORITY\SYSTEM"
Information,4/15/2023 8:56:59 PM,Microsoft-Windows-Sysmon,1,Process Create (rule: ProcessCreate),"Process Create:
RuleName: -
UtcTime: 2023-04-15 11:56:59.047
ProcessGuid: {2048537D-910B-643A-DD02-000000000A00}
ProcessId: 5032
Image: C:\Windows\Microsoft.NET\Framework\v4.0.30319\mscorsvw.exe
FileVersion: 4.6.1586.0 built by: NETFXREL2
Description: .NET Runtime Optimization Service
Product: Microsoft® .NET Framework
Company: Microsoft Corporation
OriginalFileName: mscorsvw.exe
CommandLine: C:\Windows\Microsoft.NET\Framework\v4.0.30319\mscorsvw.exe -StartupEvent 664 -InterruptEvent 0 -NGENProcess 5f4 -Pipe 634 -Comment ""NGen Worker Process""
CurrentDirectory: C:\Windows\system32\
User: NT AUTHORITY\SYSTEM
LogonGuid: {2048537D-8D03-643A-E703-000000000000}
LogonId: 0x3E7
TerminalSessionId: 0
IntegrityLevel: System
Hashes: SHA256=0B48C8BAF88A1672650007F29CB1FF48D6F5309C9AF7F9F78161BA8172877B4C
ParentProcessGuid: {2048537D-90FC-643A-CB00-000000000A00}
ParentProcessId: 3764
ParentImage: C:\Windows\Microsoft.NET\Framework\v4.0.30319\ngen.exe
ParentCommandLine: ""C:\Windows\Microsoft.NET\Framework\v4.0.30319\ngen.exe"" ExecuteQueuedItems /LegacyServiceBehavior
ParentUser: NT AUTHORITY\SYSTEM"
Information,4/15/2023 8:56:59 PM,Microsoft-Windows-Sysmon,1,Process Create (rule: ProcessCreate),"Process Create:
RuleName: -
UtcTime: 2023-04-15 11:56:59.018
ProcessGuid: {2048537D-910B-643A-DC02-000000000A00}
ProcessId: 4664
Image: C:\Windows\Microsoft.NET\Framework\v4.0.30319\mscorsvw.exe
FileVersion: 4.6.1586.0 built by: NETFXREL2
Description: .NET Runtime Optimization Service
Product: Microsoft® .NET Framework
Company: Microsoft Corporation
OriginalFileName: mscorsvw.exe
CommandLine: C:\Windows\Microsoft.NET\Framework\v4.0.30319\mscorsvw.exe -StartupEvent 658 -InterruptEvent 0 -NGENProcess 634 -Pipe 654 -Comment ""NGen Worker Process""
CurrentDirectory: C:\Windows\system32\
User: NT AUTHORITY\SYSTEM
LogonGuid: {2048537D-8D03-643A-E703-000000000000}
LogonId: 0x3E7
TerminalSessionId: 0
IntegrityLevel: System
Hashes: SHA256=0B48C8BAF88A1672650007F29CB1FF48D6F5309C9AF7F9F78161BA8172877B4C
ParentProcessGuid: {2048537D-90FC-643A-CB00-000000000A00}
ParentProcessId: 3764
ParentImage: C:\Windows\Microsoft.NET\Framework\v4.0.30319\ngen.exe
ParentCommandLine: ""C:\Windows\Microsoft.NET\Framework\v4.0.30319\ngen.exe"" ExecuteQueuedItems /LegacyServiceBehavior
ParentUser: NT AUTHORITY\SYSTEM"
Information,4/15/2023 8:56:59 PM,Microsoft-Windows-Sysmon,5,Process terminated (rule: ProcessTerminate),"Process terminated:
RuleName: -
UtcTime: 2023-04-15 11:56:59.015
ProcessGuid: {2048537D-910A-643A-DB02-000000000A00}
ProcessId: 4788
Image: C:\Windows\Microsoft.NET\Framework\v4.0.30319\mscorsvw.exe
User: NT AUTHORITY\SYSTEM"
Information,4/15/2023 8:56:58 PM,Microsoft-Windows-Sysmon,1,Process Create (rule: ProcessCreate),"Process Create:
RuleName: -
UtcTime: 2023-04-15 11:56:58.993
ProcessGuid: {2048537D-910A-643A-DB02-000000000A00}
ProcessId: 4788
Image: C:\Windows\Microsoft.NET\Framework\v4.0.30319\mscorsvw.exe
FileVersion: 4.6.1586.0 built by: NETFXREL2
Description: .NET Runtime Optimization Service
Product: Microsoft® .NET Framework
Company: Microsoft Corporation
OriginalFileName: mscorsvw.exe
CommandLine: C:\Windows\Microsoft.NET\Framework\v4.0.30319\mscorsvw.exe -StartupEvent 5f4 -InterruptEvent 0 -NGENProcess 654 -Pipe 640 -Comment ""NGen Worker Process""
CurrentDirectory: C:\Windows\system32\
User: NT AUTHORITY\SYSTEM
LogonGuid: {2048537D-8D03-643A-E703-000000000000}
LogonId: 0x3E7
TerminalSessionId: 0
IntegrityLevel: System
Hashes: SHA256=0B48C8BAF88A1672650007F29CB1FF48D6F5309C9AF7F9F78161BA8172877B4C
ParentProcessGuid: {2048537D-90FC-643A-CB00-000000000A00}
ParentProcessId: 3764
ParentImage: C:\Windows\Microsoft.NET\Framework\v4.0.30319\ngen.exe
ParentCommandLine: ""C:\Windows\Microsoft.NET\Framework\v4.0.30319\ngen.exe"" ExecuteQueuedItems /LegacyServiceBehavior
ParentUser: NT AUTHORITY\SYSTEM"
Information,4/15/2023 8:56:58 PM,Microsoft-Windows-Sysmon,5,Process terminated (rule: ProcessTerminate),"Process terminated:
RuleName: -
UtcTime: 2023-04-15 11:56:58.984
ProcessGuid: {2048537D-910A-643A-DA02-000000000A00}
ProcessId: 2864
Image: C:\Windows\Microsoft.NET\Framework\v4.0.30319\mscorsvw.exe
User: NT AUTHORITY\SYSTEM"
