Information,4/15/2023 8:16:25 PM,Microsoft-Windows-Sysmon,1,Process Create (rule: ProcessCreate),"Process Create:
RuleName: -
UtcTime: 2023-04-15 11:16:24.933
ProcessGuid: {2048537D-8788-643A-2800-000000000800}
ProcessId: 2448
Image: C:\Windows\System32\svchost.exe
FileVersion: 10.0.14393.0 (rs1_release.160715-1616)
Description: Host Process for Windows Services
Product: Microsoft® Windows® Operating System
Company: Microsoft Corporation
OriginalFileName: svchost.exe
CommandLine: C:\Windows\system32\svchost.exe -k appmodel
CurrentDirectory: C:\Windows\system32\
User: NT AUTHORITY\SYSTEM
LogonGuid: {2048537D-8778-643A-E703-000000000000}
LogonId: 0x3E7
TerminalSessionId: 0
IntegrityLevel: System
Hashes: SHA256=438B6CCD84F4DD32D9684ED7D58FD7D1E5A75FE3F3D12AB6C788E6BB0FFAD5E7
ParentProcessGuid: {2048537D-8778-643A-0A00-000000000800}
ParentProcessId: 556
ParentImage: C:\Windows\System32\services.exe
ParentCommandLine: C:\Windows\system32\services.exe
ParentUser: NT AUTHORITY\SYSTEM"
Information,4/15/2023 8:16:25 PM,Microsoft-Windows-Sysmon,1,Process Create (rule: ProcessCreate),"Process Create:
RuleName: -
UtcTime: 2023-04-15 11:16:24.932
ProcessGuid: {2048537D-8788-643A-2700-000000000800}
ProcessId: 2440
Image: C:\Windows\System32\svchost.exe
FileVersion: 10.0.14393.0 (rs1_release.160715-1616)
Description: Host Process for Windows Services
Product: Microsoft® Windows® Operating System
Company: Microsoft Corporation
OriginalFileName: svchost.exe
CommandLine: C:\Windows\System32\svchost.exe -k utcsvc
CurrentDirectory: C:\Windows\system32\
User: NT AUTHORITY\SYSTEM
LogonGuid: {2048537D-8778-643A-E703-000000000000}
LogonId: 0x3E7
TerminalSessionId: 0
IntegrityLevel: System
Hashes: SHA256=438B6CCD84F4DD32D9684ED7D58FD7D1E5A75FE3F3D12AB6C788E6BB0FFAD5E7
ParentProcessGuid: {2048537D-8778-643A-0A00-000000000800}
ParentProcessId: 556
ParentImage: C:\Windows\System32\services.exe
ParentCommandLine: C:\Windows\system32\services.exe
ParentUser: NT AUTHORITY\SYSTEM"
Information,4/15/2023 8:16:25 PM,Microsoft-Windows-Sysmon,1,Process Create (rule: ProcessCreate),"Process Create:
RuleName: -
UtcTime: 2023-04-15 11:16:24.923
ProcessGuid: {2048537D-8788-643A-2500-000000000800}
ProcessId: 2388
Image: C:\Program Files\Windows Defender\MsMpEng.exe
FileVersion: 4.10.14393.1794 (rs1_release.171008-1615)
Description: Antimalware Service Executable
Product: Microsoft® Windows® Operating System
Company: Microsoft Corporation
OriginalFileName: MsMpEng.exe
CommandLine: ""C:\Program Files\Windows Defender\MsMpEng.exe""
CurrentDirectory: C:\Windows\system32\
User: NT AUTHORITY\SYSTEM
LogonGuid: {2048537D-8778-643A-E703-000000000000}
LogonId: 0x3E7
TerminalSessionId: 0
IntegrityLevel: System
Hashes: SHA256=26BFDE8E8B068B8108A2F12F7E8B87F51927A2ECCB88DA6B13178515E35D6CE5
ParentProcessGuid: {2048537D-8778-643A-0A00-000000000800}
ParentProcessId: 556
ParentImage: C:\Windows\System32\services.exe
ParentCommandLine: C:\Windows\system32\services.exe
ParentUser: NT AUTHORITY\SYSTEM"
Information,4/15/2023 8:16:25 PM,Microsoft-Windows-Sysmon,1,Process Create (rule: ProcessCreate),"Process Create:
RuleName: -
UtcTime: 2023-04-15 11:16:24.922
ProcessGuid: {2048537D-8788-643A-2400-000000000800}
ProcessId: 2380
Image: C:\Windows\System32\ismserv.exe
FileVersion: 10.0.14393.0 (rs1_release.160715-1616)
Description: Windows NT Intersite Messaging Service
Product: Microsoft® Windows® Operating System
Company: Microsoft Corporation
OriginalFileName: ismserv.exe
CommandLine: C:\Windows\System32\ismserv.exe
CurrentDirectory: C:\Windows\system32\
User: NT AUTHORITY\SYSTEM
LogonGuid: {2048537D-8778-643A-E703-000000000000}
LogonId: 0x3E7
TerminalSessionId: 0
IntegrityLevel: System
Hashes: SHA256=29BDF4D2040D24E02B830A272D02CF29F19FD4E1A0F54F22BCC76301A0BFD26F
ParentProcessGuid: {2048537D-8778-643A-0A00-000000000800}
ParentProcessId: 556
ParentImage: C:\Windows\System32\services.exe
ParentCommandLine: C:\Windows\system32\services.exe
ParentUser: NT AUTHORITY\SYSTEM"
Information,4/15/2023 8:16:25 PM,Microsoft-Windows-Sysmon,1,Process Create (rule: ProcessCreate),"Process Create:
RuleName: -
UtcTime: 2023-04-15 11:16:24.921
ProcessGuid: {2048537D-8788-643A-2300-000000000800}
ProcessId: 2372
Image: C:\Windows\ADWS\Microsoft.ActiveDirectory.WebServices.exe
FileVersion: 10.0.14393.0
Description: Microsoft.ActiveDirectory.WebServices
Product: Microsoft (R) Windows (R) Operating System
Company: Microsoft Corporation
OriginalFileName: Microsoft.ActiveDirectory.WebServices.exe
CommandLine: C:\Windows\ADWS\Microsoft.ActiveDirectory.WebServices.exe
CurrentDirectory: C:\Windows\system32\
User: NT AUTHORITY\SYSTEM
LogonGuid: {2048537D-8778-643A-E703-000000000000}
LogonId: 0x3E7
TerminalSessionId: 0
IntegrityLevel: System
Hashes: SHA256=D40478A82BB2993F39A3ED6066CD0599BE37FF9A0898636A680926FE145C64D6
ParentProcessGuid: {2048537D-8778-643A-0A00-000000000800}
ParentProcessId: 556
ParentImage: C:\Windows\System32\services.exe
ParentCommandLine: C:\Windows\system32\services.exe
ParentUser: NT AUTHORITY\SYSTEM"
Information,4/15/2023 8:16:25 PM,Microsoft-Windows-Sysmon,1,Process Create (rule: ProcessCreate),"Process Create:
RuleName: -
UtcTime: 2023-04-15 11:16:24.910
ProcessGuid: {2048537D-8788-643A-2200-000000000800}
ProcessId: 2324
Image: C:\Windows\System32\spoolsv.exe
FileVersion: 10.0.14393.953 (rs1_release_inmarket.170303-1614)
Description: Spooler SubSystem App
Product: Microsoft® Windows® Operating System
Company: Microsoft Corporation
OriginalFileName: spoolsv.exe
CommandLine: C:\Windows\System32\spoolsv.exe
CurrentDirectory: C:\Windows\system32\
User: NT AUTHORITY\SYSTEM
LogonGuid: {2048537D-8778-643A-E703-000000000000}
LogonId: 0x3E7
TerminalSessionId: 0
IntegrityLevel: System
Hashes: SHA256=96761691CF4447710D65573044A1005F2F0F89443DF581A30B97D7944940BB70
ParentProcessGuid: {2048537D-8778-643A-0A00-000000000800}
ParentProcessId: 556
ParentImage: C:\Windows\System32\services.exe
ParentCommandLine: C:\Windows\system32\services.exe
ParentUser: NT AUTHORITY\SYSTEM"
Information,4/15/2023 8:16:25 PM,Microsoft-Windows-Sysmon,1,Process Create (rule: ProcessCreate),"Process Create:
RuleName: -
UtcTime: 2023-04-15 11:16:19.681
ProcessGuid: {2048537D-8783-643A-2100-000000000800}
ProcessId: 2248
Image: C:\Windows\System32\taskhostw.exe
FileVersion: 10.0.14393.0 (rs1_release.160715-1616)
Description: Host Process for Windows Tasks
Product: Microsoft® Windows® Operating System
Company: Microsoft Corporation
OriginalFileName: taskhostw.exe
CommandLine: taskhostw.exe SYSTEM
CurrentDirectory: C:\Windows\system32\
User: NT AUTHORITY\SYSTEM
LogonGuid: {2048537D-8778-643A-E703-000000000000}
LogonId: 0x3E7
TerminalSessionId: 0
IntegrityLevel: System
Hashes: SHA256=A0A677D6C943AD1A7BC1879DFCCB400211DF68100F8EDD7BA6120067A18BEE0B
ParentProcessGuid: {2048537D-8778-643A-1000-000000000800}
ParentProcessId: 932
ParentImage: C:\Windows\System32\svchost.exe
ParentCommandLine: C:\Windows\system32\svchost.exe -k netsvcs
ParentUser: NT AUTHORITY\SYSTEM"
Information,4/15/2023 8:16:25 PM,Microsoft-Windows-Sysmon,1,Process Create (rule: ProcessCreate),"Process Create:
RuleName: -
UtcTime: 2023-04-15 11:16:18.785
ProcessGuid: {2048537D-8782-643A-2000-000000000800}
ProcessId: 2176
Image: C:\Windows\System32\svchost.exe
FileVersion: 10.0.14393.0 (rs1_release.160715-1616)
Description: Host Process for Windows Services
Product: Microsoft® Windows® Operating System
Company: Microsoft Corporation
OriginalFileName: svchost.exe
CommandLine: C:\Windows\System32\svchost.exe -k smbsvcs
CurrentDirectory: C:\Windows\system32\
User: NT AUTHORITY\SYSTEM
LogonGuid: {2048537D-8778-643A-E703-000000000000}
LogonId: 0x3E7
TerminalSessionId: 0
IntegrityLevel: System
Hashes: SHA256=438B6CCD84F4DD32D9684ED7D58FD7D1E5A75FE3F3D12AB6C788E6BB0FFAD5E7
ParentProcessGuid: {2048537D-8778-643A-0A00-000000000800}
ParentProcessId: 556
ParentImage: C:\Windows\System32\services.exe
ParentCommandLine: C:\Windows\system32\services.exe
ParentUser: NT AUTHORITY\SYSTEM"
Information,4/15/2023 8:16:25 PM,Microsoft-Windows-Sysmon,5,Process terminated (rule: ProcessTerminate),"Process terminated:
RuleName: -
UtcTime: 2023-04-15 11:16:12.179
ProcessGuid: {2048537D-877B-643A-1E00-000000000800}
ProcessId: 1432
Image: C:\Windows\System32\slui.exe
User: NT AUTHORITY\NETWORK SERVICE"
Information,4/15/2023 8:16:25 PM,Microsoft-Windows-Sysmon,1,Process Create (rule: ProcessCreate),"Process Create:
RuleName: -
UtcTime: 2023-04-15 11:16:11.979
ProcessGuid: {2048537D-877B-643A-1F00-000000000800}
ProcessId: 2084
Image: C:\Windows\System32\svchost.exe
FileVersion: 10.0.14393.0 (rs1_release.160715-1616)
Description: Host Process for Windows Services
Product: Microsoft® Windows® Operating System
Company: Microsoft Corporation
OriginalFileName: svchost.exe
CommandLine: C:\Windows\System32\svchost.exe -k wsappx
CurrentDirectory: C:\Windows\system32\
User: NT AUTHORITY\SYSTEM
LogonGuid: {2048537D-8778-643A-E703-000000000000}
LogonId: 0x3E7
TerminalSessionId: 0
IntegrityLevel: System
Hashes: SHA256=438B6CCD84F4DD32D9684ED7D58FD7D1E5A75FE3F3D12AB6C788E6BB0FFAD5E7
ParentProcessGuid: {2048537D-8778-643A-0A00-000000000800}
ParentProcessId: 556
ParentImage: C:\Windows\System32\services.exe
ParentCommandLine: C:\Windows\system32\services.exe
ParentUser: NT AUTHORITY\SYSTEM"
Information,4/15/2023 8:16:25 PM,Microsoft-Windows-Sysmon,5,Process terminated (rule: ProcessTerminate),"Process terminated:
RuleName: -
UtcTime: 2023-04-15 11:16:11.960
ProcessGuid: {2048537D-877B-643A-1B00-000000000800}
ProcessId: 1268
Image: C:\Windows\System32\taskhostw.exe
User: NT AUTHORITY\NETWORK SERVICE"
Information,4/15/2023 8:16:25 PM,Microsoft-Windows-Sysmon,1,Process Create (rule: ProcessCreate),"Process Create:
RuleName: -
UtcTime: 2023-04-15 11:16:11.724
ProcessGuid: {2048537D-877B-643A-1E00-000000000800}
ProcessId: 1432
Image: C:\Windows\System32\slui.exe
FileVersion: 10.0.14393.0 (rs1_release.160715-1616)
Description: Windows Activation Client
Product: Microsoft® Windows® Operating System
Company: Microsoft Corporation
OriginalFileName: slui.exe
CommandLine: ""C:\Windows\System32\SLUI.exe"" RuleId=31e71c49-8da7-4a2f-ad92-45d98a1c79ba;Action=AutoActivate;AppId=55c92734-d682-4d71-983e-d6ec3f16059f;SkuId=afd55ac6-d0b0-4812-9047-6c756d82bedf;NotificationInterval=1440;Trigger=NetworkAvailable
CurrentDirectory: C:\Windows\system32\
User: NT AUTHORITY\NETWORK SERVICE
LogonGuid: {2048537D-8778-643A-E403-000000000000}
LogonId: 0x3E4
TerminalSessionId: 0
IntegrityLevel: System
Hashes: SHA256=E28263F4DA43E8598412BA0D13E4D2E6940DE6A02E40109BEFAA4E69FCE693C1
ParentProcessGuid: {2048537D-877B-643A-1D00-000000000800}
ParentProcessId: 2020
ParentImage: C:\Windows\System32\SppExtComObj.Exe
ParentCommandLine: C:\Windows\system32\SppExtComObj.exe -Embedding
ParentUser: NT AUTHORITY\NETWORK SERVICE"
Information,4/15/2023 8:16:25 PM,Microsoft-Windows-Sysmon,1,Process Create (rule: ProcessCreate),"Process Create:
RuleName: -
UtcTime: 2023-04-15 11:16:11.713
ProcessGuid: {2048537D-877B-643A-1D00-000000000800}
ProcessId: 2020
Image: C:\Windows\System32\SppExtComObj.Exe
FileVersion: 10.0.14393.0 (rs1_release.160715-1616)
Description: KMS Connection Broker
Product: Microsoft® Windows® Operating System
Company: Microsoft Corporation
OriginalFileName: SppExtComObj.exe
CommandLine: C:\Windows\system32\SppExtComObj.exe -Embedding
CurrentDirectory: C:\Windows\system32\
User: NT AUTHORITY\NETWORK SERVICE
LogonGuid: {2048537D-8778-643A-E403-000000000000}
LogonId: 0x3E4
TerminalSessionId: 0
IntegrityLevel: System
Hashes: SHA256=41275D40DA00B875283F04CE27856A8D71E7B6EFBA05533296C3FCD2F8320F01
ParentProcessGuid: {2048537D-8778-643A-0C00-000000000800}
ParentProcessId: 732
ParentImage: C:\Windows\System32\svchost.exe
ParentCommandLine: C:\Windows\system32\svchost.exe -k DcomLaunch
ParentUser: NT AUTHORITY\SYSTEM"
Information,4/15/2023 8:16:25 PM,Microsoft-Windows-Sysmon,1,Process Create (rule: ProcessCreate),"Process Create:
RuleName: -
UtcTime: 2023-04-15 11:16:11.627
ProcessGuid: {2048537D-877B-643A-1C00-000000000800}
ProcessId: 1528
Image: C:\Windows\System32\sppsvc.exe
FileVersion: 10.0.14393.351 (rs1_release_inmarket.161014-1755)
Description: Microsoft Software Protection Platform Service
Product: Microsoft® Windows® Operating System
Company: Microsoft Corporation
OriginalFileName: sppsvc.exe
CommandLine: C:\Windows\system32\sppsvc.exe
CurrentDirectory: C:\Windows
User: NT AUTHORITY\NETWORK SERVICE
LogonGuid: {2048537D-8778-643A-E403-000000000000}
LogonId: 0x3E4
TerminalSessionId: 0
IntegrityLevel: System
Hashes: SHA256=8ADF7A1C96DAE005E9A974D90BE8954F88D49B6848252B88513C49E0A3BD9774
ParentProcessGuid: {2048537D-8778-643A-0A00-000000000800}
ParentProcessId: 556
ParentImage: C:\Windows\System32\services.exe
ParentCommandLine: C:\Windows\system32\services.exe
ParentUser: NT AUTHORITY\SYSTEM"
Information,4/15/2023 8:16:25 PM,Microsoft-Windows-Sysmon,1,Process Create (rule: ProcessCreate),"Process Create:
RuleName: -
UtcTime: 2023-04-15 11:16:11.573
ProcessGuid: {2048537D-877B-643A-1B00-000000000800}
ProcessId: 1268
Image: C:\Windows\System32\taskhostw.exe
FileVersion: 10.0.14393.0 (rs1_release.160715-1616)
Description: Host Process for Windows Tasks
Product: Microsoft® Windows® Operating System
Company: Microsoft Corporation
OriginalFileName: taskhostw.exe
CommandLine: taskhostw.exe network
CurrentDirectory: C:\Windows\system32\
User: NT AUTHORITY\NETWORK SERVICE
LogonGuid: {2048537D-8778-643A-E403-000000000000}
LogonId: 0x3E4
TerminalSessionId: 0
IntegrityLevel: System
Hashes: SHA256=A0A677D6C943AD1A7BC1879DFCCB400211DF68100F8EDD7BA6120067A18BEE0B
ParentProcessGuid: {2048537D-8778-643A-1000-000000000800}
ParentProcessId: 932
ParentImage: C:\Windows\System32\svchost.exe
ParentCommandLine: C:\Windows\system32\svchost.exe -k netsvcs
ParentUser: NT AUTHORITY\SYSTEM"
Information,4/15/2023 8:16:25 PM,Microsoft-Windows-Sysmon,5,Process terminated (rule: ProcessTerminate),"Process terminated:
RuleName: -
UtcTime: 2023-04-15 11:16:09.976
ProcessGuid: {2048537D-8779-643A-1A00-000000000800}
ProcessId: 1996
Image: C:\Windows\System32\taskhostw.exe
User: NT AUTHORITY\SYSTEM"
Information,4/15/2023 8:16:25 PM,Microsoft-Windows-Sysmon,1,Process Create (rule: ProcessCreate),"Process Create:
RuleName: -
UtcTime: 2023-04-15 11:16:09.822
ProcessGuid: {2048537D-8779-643A-1A00-000000000800}
ProcessId: 1996
Image: C:\Windows\System32\taskhostw.exe
FileVersion: 10.0.14393.0 (rs1_release.160715-1616)
Description: Host Process for Windows Tasks
Product: Microsoft® Windows® Operating System
Company: Microsoft Corporation
OriginalFileName: taskhostw.exe
CommandLine: taskhostw.exe TpmTasks
CurrentDirectory: C:\Windows\system32\
User: NT AUTHORITY\SYSTEM
LogonGuid: {2048537D-8778-643A-E703-000000000000}
LogonId: 0x3E7
TerminalSessionId: 0
IntegrityLevel: System
Hashes: SHA256=A0A677D6C943AD1A7BC1879DFCCB400211DF68100F8EDD7BA6120067A18BEE0B
ParentProcessGuid: {2048537D-8778-643A-1000-000000000800}
ParentProcessId: 932
ParentImage: C:\Windows\System32\svchost.exe
ParentCommandLine: C:\Windows\system32\svchost.exe -k netsvcs
ParentUser: NT AUTHORITY\SYSTEM"
Information,4/15/2023 8:16:25 PM,Microsoft-Windows-Sysmon,1,Process Create (rule: ProcessCreate),"Process Create:
RuleName: -
UtcTime: 2023-04-15 11:16:09.238
ProcessGuid: {2048537D-8779-643A-1900-000000000800}
ProcessId: 1736
Image: C:\Windows\System32\svchost.exe
FileVersion: 10.0.14393.0 (rs1_release.160715-1616)
Description: Host Process for Windows Services
Product: Microsoft® Windows® Operating System
Company: Microsoft Corporation
OriginalFileName: svchost.exe
CommandLine: C:\Windows\system32\svchost.exe -k NetworkServiceNetworkRestricted
CurrentDirectory: C:\Windows\system32\
User: NT AUTHORITY\NETWORK SERVICE
LogonGuid: {2048537D-8778-643A-E403-000000000000}
LogonId: 0x3E4
TerminalSessionId: 0
IntegrityLevel: System
Hashes: SHA256=438B6CCD84F4DD32D9684ED7D58FD7D1E5A75FE3F3D12AB6C788E6BB0FFAD5E7
ParentProcessGuid: {2048537D-8778-643A-0A00-000000000800}
ParentProcessId: 556
ParentImage: C:\Windows\System32\services.exe
ParentCommandLine: C:\Windows\system32\services.exe
ParentUser: NT AUTHORITY\SYSTEM"
Information,4/15/2023 8:16:25 PM,Microsoft-Windows-Sysmon,1,Process Create (rule: ProcessCreate),"Process Create:
RuleName: -
UtcTime: 2023-04-15 11:16:09.195
ProcessGuid: {2048537D-8779-643A-1800-000000000800}
ProcessId: 1632
Image: C:\Windows\System32\svchost.exe
FileVersion: 10.0.14393.0 (rs1_release.160715-1616)
Description: Host Process for Windows Services
Product: Microsoft® Windows® Operating System
Company: Microsoft Corporation
OriginalFileName: svchost.exe
CommandLine: C:\Windows\system32\svchost.exe -k WbioSvcGroup
CurrentDirectory: C:\Windows\system32\
User: NT AUTHORITY\SYSTEM
LogonGuid: {2048537D-8778-643A-E703-000000000000}
LogonId: 0x3E7
TerminalSessionId: 0
IntegrityLevel: System
Hashes: SHA256=438B6CCD84F4DD32D9684ED7D58FD7D1E5A75FE3F3D12AB6C788E6BB0FFAD5E7
ParentProcessGuid: {2048537D-8778-643A-0A00-000000000800}
ParentProcessId: 556
ParentImage: C:\Windows\System32\services.exe
ParentCommandLine: C:\Windows\system32\services.exe
ParentUser: NT AUTHORITY\SYSTEM"
Information,4/15/2023 8:16:25 PM,Microsoft-Windows-Sysmon,1,Process Create (rule: ProcessCreate),"Process Create:
RuleName: -
UtcTime: 2023-04-15 11:16:09.121
ProcessGuid: {2048537D-8779-643A-1700-000000000800}
ProcessId: 1452
Image: C:\Windows\System32\svchost.exe
FileVersion: 10.0.14393.0 (rs1_release.160715-1616)
Description: Host Process for Windows Services
Product: Microsoft® Windows® Operating System
Company: Microsoft Corporation
OriginalFileName: svchost.exe
CommandLine: C:\Windows\system32\svchost.exe -k LocalServiceNetworkRestricted
CurrentDirectory: C:\Windows\system32\
User: NT AUTHORITY\LOCAL SERVICE
LogonGuid: {2048537D-8778-643A-E503-000000000000}
LogonId: 0x3E5
TerminalSessionId: 0
IntegrityLevel: System
Hashes: SHA256=438B6CCD84F4DD32D9684ED7D58FD7D1E5A75FE3F3D12AB6C788E6BB0FFAD5E7
ParentProcessGuid: {2048537D-8778-643A-0A00-000000000800}
ParentProcessId: 556
ParentImage: C:\Windows\System32\services.exe
ParentCommandLine: C:\Windows\system32\services.exe
ParentUser: NT AUTHORITY\SYSTEM"
Information,4/15/2023 8:16:25 PM,Microsoft-Windows-Sysmon,1,Process Create (rule: ProcessCreate),"Process Create:
RuleName: -
UtcTime: 2023-04-15 11:16:08.991
ProcessGuid: {2048537D-8778-643A-1600-000000000800}
ProcessId: 1128
Image: C:\Windows\System32\svchost.exe
FileVersion: 10.0.14393.0 (rs1_release.160715-1616)
Description: Host Process for Windows Services
Product: Microsoft® Windows® Operating System
Company: Microsoft Corporation
OriginalFileName: svchost.exe
CommandLine: C:\Windows\system32\svchost.exe -k NetworkService
CurrentDirectory: C:\Windows\system32\
User: NT AUTHORITY\NETWORK SERVICE
LogonGuid: {2048537D-8778-643A-E403-000000000000}
LogonId: 0x3E4
TerminalSessionId: 0
IntegrityLevel: System
Hashes: SHA256=438B6CCD84F4DD32D9684ED7D58FD7D1E5A75FE3F3D12AB6C788E6BB0FFAD5E7
ParentProcessGuid: {2048537D-8778-643A-0A00-000000000800}
ParentProcessId: 556
ParentImage: C:\Windows\System32\services.exe
ParentCommandLine: C:\Windows\system32\services.exe
ParentUser: NT AUTHORITY\SYSTEM"
Information,4/15/2023 8:16:25 PM,Microsoft-Windows-Sysmon,1,Process Create (rule: ProcessCreate),"Process Create:
RuleName: -
UtcTime: 2023-04-15 11:16:08.963
ProcessGuid: {2048537D-8778-643A-1500-000000000800}
ProcessId: 804
Image: C:\Windows\System32\svchost.exe
FileVersion: 10.0.14393.0 (rs1_release.160715-1616)
Description: Host Process for Windows Services
Product: Microsoft® Windows® Operating System
Company: Microsoft Corporation
OriginalFileName: svchost.exe
CommandLine: C:\Windows\System32\svchost.exe -k LocalSystemNetworkRestricted
CurrentDirectory: C:\Windows\system32\
User: NT AUTHORITY\SYSTEM
LogonGuid: {2048537D-8778-643A-E703-000000000000}
LogonId: 0x3E7
TerminalSessionId: 0
IntegrityLevel: System
Hashes: SHA256=438B6CCD84F4DD32D9684ED7D58FD7D1E5A75FE3F3D12AB6C788E6BB0FFAD5E7
ParentProcessGuid: {2048537D-8778-643A-0A00-000000000800}
ParentProcessId: 556
ParentImage: C:\Windows\System32\services.exe
ParentCommandLine: C:\Windows\system32\services.exe
ParentUser: NT AUTHORITY\SYSTEM"
Information,4/15/2023 8:16:25 PM,Microsoft-Windows-Sysmon,1,Process Create (rule: ProcessCreate),"Process Create:
RuleName: -
UtcTime: 2023-04-15 11:16:08.957
ProcessGuid: {2048537D-8778-643A-1400-000000000800}
ProcessId: 620
Image: C:\Windows\System32\svchost.exe
FileVersion: 10.0.14393.0 (rs1_release.160715-1616)
Description: Host Process for Windows Services
Product: Microsoft® Windows® Operating System
Company: Microsoft Corporation
OriginalFileName: svchost.exe
CommandLine: C:\Windows\system32\svchost.exe -k LocalServiceNoNetwork
CurrentDirectory: C:\Windows\system32\
User: NT AUTHORITY\LOCAL SERVICE
LogonGuid: {2048537D-8778-643A-E503-000000000000}
LogonId: 0x3E5
TerminalSessionId: 0
IntegrityLevel: System
Hashes: SHA256=438B6CCD84F4DD32D9684ED7D58FD7D1E5A75FE3F3D12AB6C788E6BB0FFAD5E7
ParentProcessGuid: {2048537D-8778-643A-0A00-000000000800}
ParentProcessId: 556
ParentImage: C:\Windows\System32\services.exe
ParentCommandLine: C:\Windows\system32\services.exe
ParentUser: NT AUTHORITY\SYSTEM"
Information,4/15/2023 8:16:25 PM,Microsoft-Windows-Sysmon,1,Process Create (rule: ProcessCreate),"Process Create:
RuleName: -
UtcTime: 2023-04-15 11:16:08.952
ProcessGuid: {2048537D-8778-643A-1300-000000000800}
ProcessId: 344
Image: C:\Windows\System32\svchost.exe
FileVersion: 10.0.14393.0 (rs1_release.160715-1616)
Description: Host Process for Windows Services
Product: Microsoft® Windows® Operating System
Company: Microsoft Corporation
OriginalFileName: svchost.exe
CommandLine: C:\Windows\system32\svchost.exe -k LocalService
CurrentDirectory: C:\Windows\system32\
User: NT AUTHORITY\LOCAL SERVICE
LogonGuid: {2048537D-8778-643A-E503-000000000000}
LogonId: 0x3E5
TerminalSessionId: 0
IntegrityLevel: System
Hashes: SHA256=438B6CCD84F4DD32D9684ED7D58FD7D1E5A75FE3F3D12AB6C788E6BB0FFAD5E7
ParentProcessGuid: {2048537D-8778-643A-0A00-000000000800}
ParentProcessId: 556
ParentImage: C:\Windows\System32\services.exe
ParentCommandLine: C:\Windows\system32\services.exe
ParentUser: NT AUTHORITY\SYSTEM"
Information,4/15/2023 8:16:25 PM,Microsoft-Windows-Sysmon,1,Process Create (rule: ProcessCreate),"Process Create:
RuleName: -
UtcTime: 2023-04-15 11:16:08.952
ProcessGuid: {2048537D-8778-643A-1200-000000000800}
ProcessId: 376
Image: C:\Windows\System32\svchost.exe
FileVersion: 10.0.14393.0 (rs1_release.160715-1616)
Description: Host Process for Windows Services
Product: Microsoft® Windows® Operating System
Company: Microsoft Corporation
OriginalFileName: svchost.exe
CommandLine: C:\Windows\System32\svchost.exe -k LocalServiceNetworkRestricted
CurrentDirectory: C:\Windows\system32\
User: NT AUTHORITY\LOCAL SERVICE
LogonGuid: {2048537D-8778-643A-E503-000000000000}
LogonId: 0x3E5
TerminalSessionId: 0
IntegrityLevel: System
Hashes: SHA256=438B6CCD84F4DD32D9684ED7D58FD7D1E5A75FE3F3D12AB6C788E6BB0FFAD5E7
ParentProcessGuid: {2048537D-8778-643A-0A00-000000000800}
ParentProcessId: 556
ParentImage: C:\Windows\System32\services.exe
ParentCommandLine: C:\Windows\system32\services.exe
ParentUser: NT AUTHORITY\SYSTEM"
Information,4/15/2023 8:16:25 PM,Microsoft-Windows-Sysmon,1,Process Create (rule: ProcessCreate),"Process Create:
RuleName: -
UtcTime: 2023-04-15 11:16:08.924
ProcessGuid: {2048537D-8778-643A-1100-000000000800}
ProcessId: 956
Image: C:\Windows\System32\svchost.exe
FileVersion: 10.0.14393.0 (rs1_release.160715-1616)
Description: Host Process for Windows Services
Product: Microsoft® Windows® Operating System
Company: Microsoft Corporation
OriginalFileName: svchost.exe
CommandLine: C:\Windows\System32\svchost.exe -k termsvcs
CurrentDirectory: C:\Windows\system32\
User: NT AUTHORITY\NETWORK SERVICE
LogonGuid: {2048537D-8778-643A-E403-000000000000}
LogonId: 0x3E4
TerminalSessionId: 0
IntegrityLevel: System
Hashes: SHA256=438B6CCD84F4DD32D9684ED7D58FD7D1E5A75FE3F3D12AB6C788E6BB0FFAD5E7
ParentProcessGuid: {2048537D-8778-643A-0A00-000000000800}
ParentProcessId: 556
ParentImage: C:\Windows\System32\services.exe
ParentCommandLine: C:\Windows\system32\services.exe
ParentUser: NT AUTHORITY\SYSTEM"
Information,4/15/2023 8:16:25 PM,Microsoft-Windows-Sysmon,1,Process Create (rule: ProcessCreate),"Process Create:
RuleName: -
UtcTime: 2023-04-15 11:16:08.917
ProcessGuid: {2048537D-8778-643A-1000-000000000800}
ProcessId: 932
Image: C:\Windows\System32\svchost.exe
FileVersion: 10.0.14393.0 (rs1_release.160715-1616)
Description: Host Process for Windows Services
Product: Microsoft® Windows® Operating System
Company: Microsoft Corporation
OriginalFileName: svchost.exe
CommandLine: C:\Windows\system32\svchost.exe -k netsvcs
CurrentDirectory: C:\Windows\system32\
User: NT AUTHORITY\SYSTEM
LogonGuid: {2048537D-8778-643A-E703-000000000000}
LogonId: 0x3E7
TerminalSessionId: 0
IntegrityLevel: System
Hashes: SHA256=438B6CCD84F4DD32D9684ED7D58FD7D1E5A75FE3F3D12AB6C788E6BB0FFAD5E7
ParentProcessGuid: {2048537D-8778-643A-0A00-000000000800}
ParentProcessId: 556
ParentImage: C:\Windows\System32\services.exe
ParentCommandLine: C:\Windows\system32\services.exe
ParentUser: NT AUTHORITY\SYSTEM"
Information,4/15/2023 8:16:25 PM,Microsoft-Windows-Sysmon,1,Process Create (rule: ProcessCreate),"Process Create:
RuleName: -
UtcTime: 2023-04-15 11:16:08.914
ProcessGuid: {2048537D-8778-643A-0F00-000000000800}
ProcessId: 924
Image: C:\Windows\System32\dwm.exe
FileVersion: 10.0.14393.0 (rs1_release.160715-1616)
Description: Desktop Window Manager
Product: Microsoft® Windows® Operating System
Company: Microsoft Corporation
OriginalFileName: dwm.exe
CommandLine: ""dwm.exe""
CurrentDirectory: C:\Windows\system32\
User: Window Manager\DWM-1
LogonGuid: {2048537D-8778-643A-5CDF-000000000000}
LogonId: 0xDF5C
TerminalSessionId: 1
IntegrityLevel: System
Hashes: SHA256=B3E37997C1C62DD90D69EF83D6A6FC782BF9A5B8AD04A0D1528A8B7FA31AA408
ParentProcessGuid: {2048537D-8778-643A-0900-000000000800}
ParentProcessId: 504
ParentImage: C:\Windows\System32\winlogon.exe
ParentCommandLine: winlogon.exe
ParentUser: NT AUTHORITY\SYSTEM"
Information,4/15/2023 8:16:25 PM,Microsoft-Windows-Sysmon,1,Process Create (rule: ProcessCreate),"Process Create:
RuleName: -
UtcTime: 2023-04-15 11:16:08.889
ProcessGuid: {2048537D-8778-643A-0E00-000000000800}
ProcessId: 908
Image: C:\Windows\System32\LogonUI.exe
FileVersion: 10.0.14393.0 (rs1_release.160715-1616)
Description: Windows Logon User Interface Host
Product: Microsoft® Windows® Operating System
Company: Microsoft Corporation
OriginalFileName: logonui.exe
CommandLine: ""LogonUI.exe"" /flags:0x0 /state0:0xa3b9e855 /state1:0x41c64e6d
CurrentDirectory: C:\Windows\system32\
User: NT AUTHORITY\SYSTEM
LogonGuid: {2048537D-8778-643A-E703-000000000000}
LogonId: 0x3E7
TerminalSessionId: 1
IntegrityLevel: System
Hashes: SHA256=AA62D29803D52EC06CD27ED3124E034048F09606EB7342181913C9817C7B44C5
ParentProcessGuid: {2048537D-8778-643A-0900-000000000800}
ParentProcessId: 504
ParentImage: C:\Windows\System32\winlogon.exe
ParentCommandLine: winlogon.exe
ParentUser: NT AUTHORITY\SYSTEM"
Information,4/15/2023 8:16:25 PM,Microsoft-Windows-Sysmon,1,Process Create (rule: ProcessCreate),"Process Create:
RuleName: -
UtcTime: 2023-04-15 11:16:08.840
ProcessGuid: {2048537D-8778-643A-0D00-000000000800}
ProcessId: 788
Image: C:\Windows\System32\svchost.exe
FileVersion: 10.0.14393.0 (rs1_release.160715-1616)
Description: Host Process for Windows Services
Product: Microsoft® Windows® Operating System
Company: Microsoft Corporation
OriginalFileName: svchost.exe
CommandLine: C:\Windows\system32\svchost.exe -k RPCSS
CurrentDirectory: C:\Windows\system32\
User: NT AUTHORITY\NETWORK SERVICE
LogonGuid: {2048537D-8778-643A-E403-000000000000}
LogonId: 0x3E4
TerminalSessionId: 0
IntegrityLevel: System
Hashes: SHA256=438B6CCD84F4DD32D9684ED7D58FD7D1E5A75FE3F3D12AB6C788E6BB0FFAD5E7
ParentProcessGuid: {2048537D-8778-643A-0A00-000000000800}
ParentProcessId: 556
ParentImage: C:\Windows\System32\services.exe
ParentCommandLine: C:\Windows\system32\services.exe
ParentUser: NT AUTHORITY\SYSTEM"
Information,4/15/2023 8:16:25 PM,Microsoft-Windows-Sysmon,1,Process Create (rule: ProcessCreate),"Process Create:
RuleName: -
UtcTime: 2023-04-15 11:16:08.771
ProcessGuid: {2048537D-8778-643A-0C00-000000000800}
ProcessId: 732
Image: C:\Windows\System32\svchost.exe
FileVersion: 10.0.14393.0 (rs1_release.160715-1616)
Description: Host Process for Windows Services
Product: Microsoft® Windows® Operating System
Company: Microsoft Corporation
OriginalFileName: svchost.exe
CommandLine: C:\Windows\system32\svchost.exe -k DcomLaunch
CurrentDirectory: C:\Windows\system32\
User: NT AUTHORITY\SYSTEM
LogonGuid: {2048537D-8778-643A-E703-000000000000}
LogonId: 0x3E7
TerminalSessionId: 0
IntegrityLevel: System
Hashes: SHA256=438B6CCD84F4DD32D9684ED7D58FD7D1E5A75FE3F3D12AB6C788E6BB0FFAD5E7
ParentProcessGuid: {2048537D-8778-643A-0A00-000000000800}
ParentProcessId: 556
ParentImage: C:\Windows\System32\services.exe
ParentCommandLine: C:\Windows\system32\services.exe
ParentUser: NT AUTHORITY\SYSTEM"
Information,4/15/2023 8:16:25 PM,Microsoft-Windows-Sysmon,1,Process Create (rule: ProcessCreate),"Process Create:
RuleName: -
UtcTime: 2023-04-15 11:16:08.175
ProcessGuid: {2048537D-8778-643A-0B00-000000000800}
ProcessId: 564
Image: C:\Windows\System32\lsass.exe
FileVersion: 10.0.14393.1770 (rs1_release.170917-1700)
Description: Local Security Authority Process
Product: Microsoft® Windows® Operating System
Company: Microsoft Corporation
OriginalFileName: lsass.exe
CommandLine: C:\Windows\system32\lsass.exe
CurrentDirectory: C:\Windows\system32\
User: NT AUTHORITY\SYSTEM
LogonGuid: {2048537D-8778-643A-E703-000000000000}
LogonId: 0x3E7
TerminalSessionId: 0
IntegrityLevel: System
Hashes: SHA256=E9F49B39DC423E5D3AADFC9E7C4C1D094CFEC565D7B5FD1B280E6B363BBE65D8
ParentProcessGuid: {2048537D-8778-643A-0700-000000000800}
ParentProcessId: 428
ParentImage: C:\Windows\System32\wininit.exe
ParentCommandLine: wininit.exe
ParentUser: NT AUTHORITY\SYSTEM"
Information,4/15/2023 8:16:25 PM,Microsoft-Windows-Sysmon,1,Process Create (rule: ProcessCreate),"Process Create:
RuleName: -
UtcTime: 2023-04-15 11:16:08.162
ProcessGuid: {2048537D-8778-643A-0A00-000000000800}
ProcessId: 556
Image: C:\Windows\System32\services.exe
FileVersion: 10.0.14393.1613 (rs1_release_d.170807-1806)
Description: Services and Controller app
Product: Microsoft® Windows® Operating System
Company: Microsoft Corporation
OriginalFileName: services.exe
CommandLine: C:\Windows\system32\services.exe
CurrentDirectory: C:\Windows\system32\
User: NT AUTHORITY\SYSTEM
LogonGuid: {2048537D-8778-643A-E703-000000000000}
LogonId: 0x3E7
TerminalSessionId: 0
IntegrityLevel: System
Hashes: SHA256=243A14ED1A1227696987F963576606A62202D2E8E86F09203609FAC027F442AF
ParentProcessGuid: {2048537D-8778-643A-0700-000000000800}
ParentProcessId: 428
ParentImage: C:\Windows\System32\wininit.exe
ParentCommandLine: wininit.exe
ParentUser: NT AUTHORITY\SYSTEM"
Information,4/15/2023 8:16:25 PM,Microsoft-Windows-Sysmon,5,Process terminated (rule: ProcessTerminate),"Process terminated:
RuleName: -
UtcTime: 2023-04-15 11:16:08.105
ProcessGuid: {2048537D-8778-643A-0600-000000000800}
ProcessId: 420
Image: C:\Windows\System32\smss.exe
User: NT AUTHORITY\SYSTEM"
Information,4/15/2023 8:16:25 PM,Microsoft-Windows-Sysmon,1,Process Create (rule: ProcessCreate),"Process Create:
RuleName: -
UtcTime: 2023-04-15 11:16:08.107
ProcessGuid: {2048537D-8778-643A-0900-000000000800}
ProcessId: 504
Image: C:\Windows\System32\winlogon.exe
FileVersion: 10.0.14393.1378 (rs1_release.170620-2008)
Description: Windows Logon Application
Product: Microsoft® Windows® Operating System
Company: Microsoft Corporation
OriginalFileName: WINLOGON.EXE
CommandLine: winlogon.exe
CurrentDirectory: C:\Windows\system32\
User: NT AUTHORITY\SYSTEM
LogonGuid: {2048537D-8778-643A-E703-000000000000}
LogonId: 0x3E7
TerminalSessionId: 1
IntegrityLevel: System
Hashes: SHA256=8EF0C90DAD9BAD0B82EF9CFEC8C0CDA03C64A4BEC252DDD4753F3123DA757351
ParentProcessGuid: {2048537D-8778-643A-0600-000000000800}
ParentProcessId: 420
ParentImage: C:\Windows\System32\smss.exe
ParentCommandLine: \SystemRoot\System32\smss.exe 000000d4 0000007c 
ParentUser: NT AUTHORITY\SYSTEM"
Information,4/15/2023 8:16:25 PM,Microsoft-Windows-Sysmon,5,Process terminated (rule: ProcessTerminate),"Process terminated:
RuleName: -
UtcTime: 2023-04-15 11:16:08.090
ProcessGuid: {2048537D-8778-643A-0400-000000000800}
ProcessId: 340
Image: C:\Windows\System32\smss.exe
User: NT AUTHORITY\SYSTEM"
Information,4/15/2023 8:16:25 PM,Microsoft-Windows-Sysmon,1,Process Create (rule: ProcessCreate),"Process Create:
RuleName: -
UtcTime: 2023-04-15 11:16:08.093
ProcessGuid: {2048537D-8778-643A-0800-000000000800}
ProcessId: 436
Image: C:\Windows\System32\csrss.exe
FileVersion: 10.0.14393.0 (rs1_release.160715-1616)
Description: Client Server Runtime Process
Product: Microsoft® Windows® Operating System
Company: Microsoft Corporation
OriginalFileName: CSRSS.Exe
CommandLine: %%SystemRoot%%\system32\csrss.exe ObjectDirectory=\Windows SharedSection=1024,20480,768 Windows=On SubSystemType=Windows ServerDll=basesrv,1 ServerDll=winsrv:UserServerDllInitialization,3 ServerDll=sxssrv,4 ProfileControl=Off MaxRequestThreads=16
CurrentDirectory: C:\Windows\system32\
User: NT AUTHORITY\SYSTEM
LogonGuid: {2048537D-8778-643A-E703-000000000000}
LogonId: 0x3E7
TerminalSessionId: 1
IntegrityLevel: System
Hashes: SHA256=151189510070B06A3ECF5B6A8612CC45748676A579B9B4D877F5BE3EB1971082
ParentProcessGuid: {2048537D-8778-643A-0600-000000000800}
ParentProcessId: 420
ParentImage: C:\Windows\System32\smss.exe
ParentCommandLine: \SystemRoot\System32\smss.exe 000000d4 0000007c 
ParentUser: NT AUTHORITY\SYSTEM"
Information,4/15/2023 8:16:25 PM,Microsoft-Windows-Sysmon,1,Process Create (rule: ProcessCreate),"Process Create:
RuleName: -
UtcTime: 2023-04-15 11:16:08.092
ProcessGuid: {2048537D-8778-643A-0700-000000000800}
ProcessId: 428
Image: C:\Windows\System32\wininit.exe
FileVersion: 10.0.14393.1794 (rs1_release.171008-1615)
Description: Windows Start-Up Application
Product: Microsoft® Windows® Operating System
Company: Microsoft Corporation
OriginalFileName: WinInit.exe
CommandLine: wininit.exe
CurrentDirectory: C:\Windows\system32\
User: NT AUTHORITY\SYSTEM
LogonGuid: {2048537D-8778-643A-E703-000000000000}
LogonId: 0x3E7
TerminalSessionId: 0
IntegrityLevel: System
Hashes: SHA256=800EB94435D32EAA2E7D09EBE7A252ABEFA4231D9AED965011033A143361D47A
ParentProcessGuid: {2048537D-8778-643A-0400-000000000800}
ParentProcessId: 340
ParentImage: C:\Windows\System32\smss.exe
ParentCommandLine: \SystemRoot\System32\smss.exe 000000cc 0000007c 
ParentUser: NT AUTHORITY\SYSTEM"
Information,4/15/2023 8:16:25 PM,Microsoft-Windows-Sysmon,1,Process Create (rule: ProcessCreate),"Process Create:
RuleName: -
UtcTime: 2023-04-15 11:16:08.091
ProcessGuid: {2048537D-8778-643A-0600-000000000800}
ProcessId: 420
Image: C:\Windows\System32\smss.exe
FileVersion: 10.0.14393.0 (rs1_release.160715-1616)
Description: Windows Session Manager
Product: Microsoft® Windows® Operating System
Company: Microsoft Corporation
OriginalFileName: smss.exe
CommandLine: \SystemRoot\System32\smss.exe 000000d4 0000007c 
CurrentDirectory: C:\Windows\
User: NT AUTHORITY\SYSTEM
LogonGuid: {2048537D-8778-643A-E703-000000000000}
LogonId: 0x3E7
TerminalSessionId: 1
IntegrityLevel: System
Hashes: SHA256=D1A9E386575D30187269FAF7B38D5F0057997BA568EA7945D9B225D9B0733F05
ParentProcessGuid: {2048537D-8776-643A-0200-000000000800}
ParentProcessId: 256
ParentImage: C:\Windows\System32\smss.exe
ParentCommandLine: \SystemRoot\System32\smss.exe
ParentUser: NT AUTHORITY\SYSTEM"
Information,4/15/2023 8:16:25 PM,Microsoft-Windows-Sysmon,1,Process Create (rule: ProcessCreate),"Process Create:
RuleName: -
UtcTime: 2023-04-15 11:16:08.050
ProcessGuid: {2048537D-8778-643A-0500-000000000800}
ProcessId: 348
Image: C:\Windows\System32\csrss.exe
FileVersion: 10.0.14393.0 (rs1_release.160715-1616)
Description: Client Server Runtime Process
Product: Microsoft® Windows® Operating System
Company: Microsoft Corporation
OriginalFileName: CSRSS.Exe
CommandLine: %%SystemRoot%%\system32\csrss.exe ObjectDirectory=\Windows SharedSection=1024,20480,768 Windows=On SubSystemType=Windows ServerDll=basesrv,1 ServerDll=winsrv:UserServerDllInitialization,3 ServerDll=sxssrv,4 ProfileControl=Off MaxRequestThreads=16
CurrentDirectory: C:\Windows\system32\
User: NT AUTHORITY\SYSTEM
LogonGuid: {2048537D-8778-643A-E703-000000000000}
LogonId: 0x3E7
TerminalSessionId: 0
IntegrityLevel: System
Hashes: SHA256=151189510070B06A3ECF5B6A8612CC45748676A579B9B4D877F5BE3EB1971082
ParentProcessGuid: {2048537D-8778-643A-0400-000000000800}
ParentProcessId: 340
ParentImage: C:\Windows\System32\smss.exe
ParentCommandLine: \SystemRoot\System32\smss.exe 000000cc 0000007c 
ParentUser: NT AUTHORITY\SYSTEM"
Information,4/15/2023 8:16:25 PM,Microsoft-Windows-Sysmon,1,Process Create (rule: ProcessCreate),"Process Create:
RuleName: -
UtcTime: 2023-04-15 11:16:08.025
ProcessGuid: {2048537D-8778-643A-0400-000000000800}
ProcessId: 340
Image: C:\Windows\System32\smss.exe
FileVersion: 10.0.14393.0 (rs1_release.160715-1616)
Description: Windows Session Manager
Product: Microsoft® Windows® Operating System
Company: Microsoft Corporation
OriginalFileName: smss.exe
CommandLine: \SystemRoot\System32\smss.exe 000000cc 0000007c 
CurrentDirectory: C:\Windows\
User: NT AUTHORITY\SYSTEM
LogonGuid: {2048537D-8778-643A-E703-000000000000}
LogonId: 0x3E7
TerminalSessionId: 0
IntegrityLevel: System
Hashes: SHA256=D1A9E386575D30187269FAF7B38D5F0057997BA568EA7945D9B225D9B0733F05
ParentProcessGuid: {2048537D-8776-643A-0200-000000000800}
ParentProcessId: 256
ParentImage: C:\Windows\System32\smss.exe
ParentCommandLine: \SystemRoot\System32\smss.exe
ParentUser: NT AUTHORITY\SYSTEM"
Information,4/15/2023 8:16:25 PM,Microsoft-Windows-Sysmon,5,Process terminated (rule: ProcessTerminate),"Process terminated:
RuleName: -
UtcTime: 2023-04-15 11:16:07.108
ProcessGuid: {2048537D-8777-643A-0300-000000000800}
ProcessId: 284
Image: C:\Windows\System32\autochk.exe
User: NT AUTHORITY\SYSTEM"
Information,4/15/2023 8:16:25 PM,Microsoft-Windows-Sysmon,1,Process Create (rule: ProcessCreate),"Process Create:
RuleName: -
UtcTime: 2023-04-15 11:16:07.101
ProcessGuid: {2048537D-8777-643A-0300-000000000800}
ProcessId: 284
Image: C:\Windows\System32\autochk.exe
FileVersion: 10.0.14393.1532 (rs1_release_d.170711-1840)
Description: Auto Check Utility
Product: Microsoft® Windows® Operating System
Company: Microsoft Corporation
OriginalFileName: AutoChk.Exe
CommandLine: \??\C:\Windows\system32\autochk.exe /q /v *
CurrentDirectory: C:\Windows\system32\
User: NT AUTHORITY\SYSTEM
LogonGuid: {2048537D-8778-643A-E703-000000000000}
LogonId: 0x3E7
TerminalSessionId: 0
IntegrityLevel: System
Hashes: SHA256=293EA49B1ED5A409AF87F765635D272C9DD03CDB496EA11C0E22F5731F42E0FB
ParentProcessGuid: {2048537D-8776-643A-0200-000000000800}
ParentProcessId: 256
ParentImage: C:\Windows\System32\smss.exe
ParentCommandLine: \SystemRoot\System32\smss.exe
ParentUser: NT AUTHORITY\SYSTEM"
Information,4/15/2023 8:16:25 PM,Microsoft-Windows-Sysmon,1,Process Create (rule: ProcessCreate),"Process Create:
RuleName: -
UtcTime: 2023-04-15 11:16:06.862
ProcessGuid: {2048537D-8776-643A-0200-000000000800}
ProcessId: 256
Image: C:\Windows\System32\smss.exe
FileVersion: 10.0.14393.0 (rs1_release.160715-1616)
Description: Windows Session Manager
Product: Microsoft® Windows® Operating System
Company: Microsoft Corporation
OriginalFileName: smss.exe
CommandLine: \SystemRoot\System32\smss.exe
CurrentDirectory: C:\Windows
User: NT AUTHORITY\SYSTEM
LogonGuid: {2048537D-8778-643A-E703-000000000000}
LogonId: 0x3E7
TerminalSessionId: 0
IntegrityLevel: System
Hashes: SHA256=D1A9E386575D30187269FAF7B38D5F0057997BA568EA7945D9B225D9B0733F05
ParentProcessGuid: {2048537D-8776-643A-EB03-000000000000}
ParentProcessId: 4
ParentImage: System
ParentCommandLine: -
ParentUser: NT AUTHORITY\SYSTEM"
Information,4/15/2023 8:16:25 PM,Microsoft-Windows-Sysmon,4,Sysmon service state changed,"Sysmon service state changed:
UtcTime: 2023-04-15 11:16:25.054
State: Started
Version: 14.16
SchemaVersion: 4.83"
Information,4/15/2023 8:06:53 PM,Microsoft-Windows-Sysmon,5,Process terminated (rule: ProcessTerminate),"Process terminated:
RuleName: -
UtcTime: 2023-04-15 11:06:53.536
ProcessGuid: {2048537D-848A-643A-6805-000000000700}
ProcessId: 3112
Image: C:\Windows\System32\VSSVC.exe
User: NT AUTHORITY\SYSTEM"
Information,4/15/2023 8:06:50 PM,Microsoft-Windows-Sysmon,5,Process terminated (rule: ProcessTerminate),"Process terminated:
RuleName: -
UtcTime: 2023-04-15 11:06:50.378
ProcessGuid: {2048537D-854A-643A-6D05-000000000700}
ProcessId: 6868
Image: C:\Windows\System32\wermgr.exe
User: NT AUTHORITY\SYSTEM"
Information,4/15/2023 8:06:50 PM,Microsoft-Windows-Sysmon,1,Process Create (rule: ProcessCreate),"Process Create:
RuleName: -
UtcTime: 2023-04-15 11:06:50.369
ProcessGuid: {2048537D-854A-643A-6D05-000000000700}
ProcessId: 6868
Image: C:\Windows\System32\wermgr.exe
FileVersion: 10.0.14393.1884 (rs1_release.171101-1233)
Description: Windows Problem Reporting
Product: Microsoft® Windows® Operating System
Company: Microsoft Corporation
OriginalFileName: WerMgr
CommandLine: ""C:\Windows\system32\wermgr.exe"" ""-outproc"" ""0"" ""940"" ""7868"" ""9488"" ""748"" ""0"" ""0"" ""0"" ""0"" ""0"" ""0"" ""0"" ""0"" 
CurrentDirectory: C:\Windows\system32\
User: NT AUTHORITY\SYSTEM
LogonGuid: {2048537D-CE04-6437-E703-000000000000}
LogonId: 0x3E7
TerminalSessionId: 0
IntegrityLevel: System
Hashes: SHA256=99A3BBD357A66BBBE00D9215277A42417D1EC243BB5B88D12324318592BBFD58
ParentProcessGuid: {2048537D-CE05-6437-0F00-000000000700}
ParentProcessId: 940
ParentImage: C:\Windows\System32\svchost.exe
ParentCommandLine: C:\Windows\system32\svchost.exe -k netsvcs
ParentUser: NT AUTHORITY\SYSTEM"
Information,4/15/2023 8:05:16 PM,Microsoft-Windows-Sysmon,5,Process terminated (rule: ProcessTerminate),"Process terminated:
RuleName: -
UtcTime: 2023-04-15 11:05:15.997
ProcessGuid: {2048537D-84EB-643A-6C05-000000000700}
ProcessId: 8148
Image: C:\Windows\System32\wermgr.exe
User: NT AUTHORITY\SYSTEM"
Information,4/15/2023 8:05:15 PM,Microsoft-Windows-Sysmon,1,Process Create (rule: ProcessCreate),"Process Create:
RuleName: -
UtcTime: 2023-04-15 11:05:15.984
ProcessGuid: {2048537D-84EB-643A-6C05-000000000700}
ProcessId: 8148
Image: C:\Windows\System32\wermgr.exe
FileVersion: 10.0.14393.1884 (rs1_release.171101-1233)
Description: Windows Problem Reporting
Product: Microsoft® Windows® Operating System
Company: Microsoft Corporation
OriginalFileName: WerMgr
CommandLine: ""C:\Windows\system32\wermgr.exe"" ""-outproc"" ""0"" ""940"" ""8912"" ""7132"" ""7492"" ""0"" ""0"" ""0"" ""0"" ""0"" ""0"" ""0"" ""0"" 
CurrentDirectory: C:\Windows\system32\
User: NT AUTHORITY\SYSTEM
LogonGuid: {2048537D-CE04-6437-E703-000000000000}
LogonId: 0x3E7
TerminalSessionId: 0
IntegrityLevel: System
Hashes: SHA256=99A3BBD357A66BBBE00D9215277A42417D1EC243BB5B88D12324318592BBFD58
ParentProcessGuid: {2048537D-CE05-6437-0F00-000000000700}
ParentProcessId: 940
ParentImage: C:\Windows\System32\svchost.exe
ParentCommandLine: C:\Windows\system32\svchost.exe -k netsvcs
ParentUser: NT AUTHORITY\SYSTEM"
Information,4/15/2023 8:05:00 PM,Microsoft-Windows-Sysmon,5,Process terminated (rule: ProcessTerminate),"Process terminated:
RuleName: -
UtcTime: 2023-04-15 11:05:00.462
ProcessGuid: {2048537D-8416-643A-4F05-000000000700}
ProcessId: 7456
Image: C:\Windows\System32\svchost.exe
User: NT AUTHORITY\SYSTEM"
Information,4/15/2023 8:03:41 PM,Microsoft-Windows-Sysmon,5,Process terminated (rule: ProcessTerminate),"Process terminated:
RuleName: -
UtcTime: 2023-04-15 11:03:41.598
ProcessGuid: {2048537D-848D-643A-6B05-000000000700}
ProcessId: 6708
Image: <unknown process>
User: NT AUTHORITY\SYSTEM"
Information,4/15/2023 8:03:41 PM,Microsoft-Windows-Sysmon,5,Process terminated (rule: ProcessTerminate),"Process terminated:
RuleName: -
UtcTime: 2023-04-15 11:03:41.598
ProcessGuid: {2048537D-848D-643A-6A05-000000000700}
ProcessId: 7760
Image: C:\Windows\System32\wermgr.exe
User: NT AUTHORITY\SYSTEM"
Information,4/15/2023 8:03:41 PM,Microsoft-Windows-Sysmon,1,Process Create (rule: ProcessCreate),"Process Create:
RuleName: -
UtcTime: 2023-04-15 11:03:41.602
ProcessGuid: {2048537D-848D-643A-6B05-000000000700}
ProcessId: 6708
Image: C:\Windows\System32\wermgr.exe
FileVersion: 10.0.14393.1884 (rs1_release.171101-1233)
Description: Windows Problem Reporting
Product: Microsoft® Windows® Operating System
Company: Microsoft Corporation
OriginalFileName: WerMgr
CommandLine: C:\Windows\system32\wermgr.exe -upload
CurrentDirectory: C:\Windows\system32\
User: NT AUTHORITY\SYSTEM
LogonGuid: {2048537D-CE04-6437-E703-000000000000}
LogonId: 0x3E7
TerminalSessionId: 0
IntegrityLevel: System
Hashes: SHA256=99A3BBD357A66BBBE00D9215277A42417D1EC243BB5B88D12324318592BBFD58
ParentProcessGuid: {2048537D-CE05-6437-0F00-000000000700}
ParentProcessId: 940
ParentImage: C:\Windows\System32\svchost.exe
ParentCommandLine: C:\Windows\system32\svchost.exe -k netsvcs
ParentUser: NT AUTHORITY\SYSTEM"
Information,4/15/2023 8:03:41 PM,Microsoft-Windows-Sysmon,1,Process Create (rule: ProcessCreate),"Process Create:
RuleName: -
UtcTime: 2023-04-15 11:03:41.584
ProcessGuid: {2048537D-848D-643A-6A05-000000000700}
ProcessId: 7760
Image: C:\Windows\System32\wermgr.exe
FileVersion: 10.0.14393.1884 (rs1_release.171101-1233)
Description: Windows Problem Reporting
Product: Microsoft® Windows® Operating System
Company: Microsoft Corporation
OriginalFileName: WerMgr
CommandLine: ""C:\Windows\system32\wermgr.exe"" ""-outproc"" ""0"" ""940"" ""7496"" ""6432"" ""5208"" ""0"" ""0"" ""0"" ""0"" ""0"" ""0"" ""0"" ""0"" 
CurrentDirectory: C:\Windows\system32\
User: NT AUTHORITY\SYSTEM
LogonGuid: {2048537D-CE04-6437-E703-000000000000}
LogonId: 0x3E7
TerminalSessionId: 0
IntegrityLevel: System
Hashes: SHA256=99A3BBD357A66BBBE00D9215277A42417D1EC243BB5B88D12324318592BBFD58
ParentProcessGuid: {2048537D-CE05-6437-0F00-000000000700}
ParentProcessId: 940
ParentImage: C:\Windows\System32\svchost.exe
ParentCommandLine: C:\Windows\system32\svchost.exe -k netsvcs
ParentUser: NT AUTHORITY\SYSTEM"
Information,4/15/2023 8:03:38 PM,Microsoft-Windows-Sysmon,1,Process Create (rule: ProcessCreate),"Process Create:
RuleName: -
UtcTime: 2023-04-15 11:03:38.429
ProcessGuid: {2048537D-848A-643A-6905-000000000700}
ProcessId: 5196
Image: C:\Windows\System32\svchost.exe
FileVersion: 10.0.14393.0 (rs1_release.160715-1616)
Description: Host Process for Windows Services
Product: Microsoft® Windows® Operating System
Company: Microsoft Corporation
OriginalFileName: svchost.exe
CommandLine: C:\Windows\System32\svchost.exe -k swprv
CurrentDirectory: C:\Windows\system32\
User: NT AUTHORITY\SYSTEM
LogonGuid: {2048537D-CE04-6437-E703-000000000000}
LogonId: 0x3E7
TerminalSessionId: 0
IntegrityLevel: System
Hashes: SHA256=438B6CCD84F4DD32D9684ED7D58FD7D1E5A75FE3F3D12AB6C788E6BB0FFAD5E7
ParentProcessGuid: {00000000-0000-0000-0000-000000000000}
ParentProcessId: 532
ParentImage: -
ParentCommandLine: -
ParentUser: -"
Information,4/15/2023 8:03:38 PM,Microsoft-Windows-Sysmon,1,Process Create (rule: ProcessCreate),"Process Create:
RuleName: -
UtcTime: 2023-04-15 11:03:38.415
ProcessGuid: {2048537D-848A-643A-6805-000000000700}
ProcessId: 3112
Image: C:\Windows\System32\VSSVC.exe
FileVersion: 10.0.14393.1198 (rs1_release_sec.170427-1353)
Description: Microsoft® Volume Shadow Copy Service
Product: Microsoft® Windows® Operating System
Company: Microsoft Corporation
OriginalFileName: VSSVC.EXE
CommandLine: C:\Windows\system32\vssvc.exe
CurrentDirectory: C:\Windows\system32\
User: NT AUTHORITY\SYSTEM
LogonGuid: {2048537D-CE04-6437-E703-000000000000}
LogonId: 0x3E7
TerminalSessionId: 0
IntegrityLevel: System
Hashes: SHA256=0F267FC985E0CA3624FC5F4DDA25623649BAD544772179261576F793A0485523
ParentProcessGuid: {00000000-0000-0000-0000-000000000000}
ParentProcessId: 532
ParentImage: -
ParentCommandLine: -
ParentUser: -"
Information,4/15/2023 8:03:13 PM,Microsoft-Windows-Sysmon,5,Process terminated (rule: ProcessTerminate),"Process terminated:
RuleName: -
UtcTime: 2023-04-15 11:03:13.262
ProcessGuid: {2048537D-8459-643A-6705-000000000700}
ProcessId: 6256
Image: C:\Windows\System32\dllhost.exe
User: NT AUTHORITY\SYSTEM"
Information,4/15/2023 8:03:08 PM,Microsoft-Windows-Sysmon,5,Process terminated (rule: ProcessTerminate),"Process terminated:
RuleName: -
UtcTime: 2023-04-15 11:03:08.297
ProcessGuid: {2048537D-D809-6437-EF00-000000000700}
ProcessId: 3104
Image: C:\Windows\System32\winlogon.exe
User: NT AUTHORITY\SYSTEM"
Information,4/15/2023 8:03:08 PM,Microsoft-Windows-Sysmon,5,Process terminated (rule: ProcessTerminate),"Process terminated:
RuleName: -
UtcTime: 2023-04-15 11:03:08.297
ProcessGuid: {2048537D-D809-6437-F100-000000000700}
ProcessId: 1152
Image: C:\Windows\System32\dwm.exe
User: Window Manager\DWM-2"
Information,4/15/2023 8:03:08 PM,Microsoft-Windows-Sysmon,5,Process terminated (rule: ProcessTerminate),"Process terminated:
RuleName: -
UtcTime: 2023-04-15 11:03:08.266
ProcessGuid: {2048537D-360F-643A-6002-000000000700}
ProcessId: 3048
Image: C:\Windows\System32\LogonUI.exe
User: NT AUTHORITY\SYSTEM"
Information,4/15/2023 8:03:08 PM,Microsoft-Windows-Sysmon,5,Process terminated (rule: ProcessTerminate),"Process terminated:
RuleName: -
UtcTime: 2023-04-15 11:03:08.250
ProcessGuid: {2048537D-8459-643A-6605-000000000700}
ProcessId: 3000
Image: C:\Windows\System32\taskhostw.exe
User: NT AUTHORITY\SYSTEM"
Information,4/15/2023 8:03:08 PM,Microsoft-Windows-Sysmon,5,Process terminated (rule: ProcessTerminate),"Process terminated:
RuleName: -
UtcTime: 2023-04-15 11:03:08.235
ProcessGuid: {2048537D-D890-6437-F500-000000000700}
ProcessId: 2012
Image: C:\Windows\System32\svchost.exe
User: EXAMPLECOMPANY\Administrator"
