Information,4/15/2023 8:35:58 PM,Microsoft-Windows-Sysmon,1,Process Create (rule: ProcessCreate),"Process Create:
RuleName: -
UtcTime: 2023-04-15 11:35:58.524
ProcessGuid: {2048537D-8C1E-643A-9300-000000000900}
ProcessId: 2136
Image: C:\Windows\System32\taskhostw.exe
FileVersion: 10.0.14393.0 (rs1_release.160715-1616)
Description: Host Process for Windows Tasks
Product: Microsoft® Windows® Operating System
Company: Microsoft Corporation
OriginalFileName: taskhostw.exe
CommandLine: taskhostw.exe
CurrentDirectory: C:\Windows\system32\
User: EXAMPLECOMPANY\admin
LogonGuid: {2048537D-8A36-643A-0652-030000000000}
LogonId: 0x35206
TerminalSessionId: 1
IntegrityLevel: High
Hashes: SHA256=A0A677D6C943AD1A7BC1879DFCCB400211DF68100F8EDD7BA6120067A18BEE0B
ParentProcessGuid: {00000000-0000-0000-0000-000000000000}
ParentProcessId: 1016
ParentImage: -
ParentCommandLine: -
ParentUser: -"
Information,4/15/2023 8:35:58 PM,Microsoft-Windows-Sysmon,1,Process Create (rule: ProcessCreate),"Process Create:
RuleName: -
UtcTime: 2023-04-15 11:35:58.518
ProcessGuid: {2048537D-8C1E-643A-9200-000000000900}
ProcessId: 1732
Image: C:\Windows\System32\Defrag.exe
FileVersion: 10.0.14393.0 (rs1_release.160715-1616)
Description: Disk Defragmenter Module
Product: Windows Drive Optimizer
Company: Microsoft Corp.
OriginalFileName: Defrag.EXE
CommandLine: C:\Windows\system32\defrag.exe -c -h -k -g -$
CurrentDirectory: C:\Windows\system32\
User: NT AUTHORITY\SYSTEM
LogonGuid: {2048537D-89C4-643A-E703-000000000000}
LogonId: 0x3E7
TerminalSessionId: 0
IntegrityLevel: System
Hashes: SHA256=859B6E41130A7146BE7082B4EB5F488B0721AAFF6CF7ADBF224C3B545CEEC286
ParentProcessGuid: {00000000-0000-0000-0000-000000000000}
ParentProcessId: 1016
ParentImage: -
ParentCommandLine: -
ParentUser: -"
Information,4/15/2023 8:35:58 PM,Microsoft-Windows-Sysmon,1,Process Create (rule: ProcessCreate),"Process Create:
RuleName: -
UtcTime: 2023-04-15 11:35:58.515
ProcessGuid: {2048537D-8C1E-643A-9100-000000000900}
ProcessId: 2876
Image: C:\Windows\System32\conhost.exe
FileVersion: 10.0.14393.0 (rs1_release.160715-1616)
Description: Console Window Host
Product: Microsoft® Windows® Operating System
Company: Microsoft Corporation
OriginalFileName: CONHOST.EXE
CommandLine: \??\C:\Windows\system32\conhost.exe 0xffffffff -ForceV1
CurrentDirectory: C:\Windows
User: NT AUTHORITY\SYSTEM
LogonGuid: {2048537D-89C4-643A-E703-000000000000}
LogonId: 0x3E7
TerminalSessionId: 0
IntegrityLevel: System
Hashes: SHA256=046F7A1B4DE67562547ED9A180A72F481FC41E803DE49A96D7D7C731964D53A0
ParentProcessGuid: {2048537D-8C1E-643A-8D00-000000000900}
ParentProcessId: 5092
ParentImage: C:\Windows\System32\DiskSnapshot.exe
ParentCommandLine: C:\Windows\system32\disksnapshot.exe -z
ParentUser: NT AUTHORITY\SYSTEM"
Information,4/15/2023 8:35:58 PM,Microsoft-Windows-Sysmon,1,Process Create (rule: ProcessCreate),"Process Create:
RuleName: -
UtcTime: 2023-04-15 11:35:58.514
ProcessGuid: {2048537D-8C1E-643A-9000-000000000900}
ProcessId: 4268
Image: C:\Windows\System32\rundll32.exe
FileVersion: 10.0.14393.0 (rs1_release.160715-1616)
Description: Windows host process (Rundll32)
Product: Microsoft® Windows® Operating System
Company: Microsoft Corporation
OriginalFileName: RUNDLL32.EXE
CommandLine: C:\Windows\system32\rundll32.exe Startupscan.dll,SusRunTask
CurrentDirectory: C:\Windows\system32\
User: EXAMPLECOMPANY\admin
LogonGuid: {2048537D-8A36-643A-1A52-030000000000}
LogonId: 0x3521A
TerminalSessionId: 1
IntegrityLevel: Medium
Hashes: SHA256=495BBA47FC43EE23054FCD419F2F00457162D1C04296900C6AEA551102A810F3
ParentProcessGuid: {00000000-0000-0000-0000-000000000000}
ParentProcessId: 1016
ParentImage: -
ParentCommandLine: -
ParentUser: -"
Information,4/15/2023 8:35:58 PM,Microsoft-Windows-Sysmon,1,Process Create (rule: ProcessCreate),"Process Create:
RuleName: -
UtcTime: 2023-04-15 11:35:58.513
ProcessGuid: {2048537D-8C1E-643A-8F00-000000000900}
ProcessId: 5036
Image: C:\Windows\System32\taskhostw.exe
FileVersion: 10.0.14393.0 (rs1_release.160715-1616)
Description: Host Process for Windows Tasks
Product: Microsoft® Windows® Operating System
Company: Microsoft Corporation
OriginalFileName: taskhostw.exe
CommandLine: taskhostw.exe
CurrentDirectory: C:\Windows\system32\
User: NT AUTHORITY\LOCAL SERVICE
LogonGuid: {2048537D-89C5-643A-E503-000000000000}
LogonId: 0x3E5
TerminalSessionId: 0
IntegrityLevel: System
Hashes: SHA256=A0A677D6C943AD1A7BC1879DFCCB400211DF68100F8EDD7BA6120067A18BEE0B
ParentProcessGuid: {00000000-0000-0000-0000-000000000000}
ParentProcessId: 1016
ParentImage: -
ParentCommandLine: -
ParentUser: -"
Information,4/15/2023 8:35:58 PM,Microsoft-Windows-Sysmon,1,Process Create (rule: ProcessCreate),"Process Create:
RuleName: -
UtcTime: 2023-04-15 11:35:58.510
ProcessGuid: {2048537D-8C1E-643A-8D00-000000000900}
ProcessId: 5092
Image: C:\Windows\System32\DiskSnapshot.exe
FileVersion: 10.0.14393.0 (rs1_release.160715-1616)
Description: DiskSnapshot.exe
Product: Microsoft® Windows® Operating System
Company: Microsoft Corporation
OriginalFileName: DiskSnapshot.exe
CommandLine: C:\Windows\system32\disksnapshot.exe -z
CurrentDirectory: C:\Windows\system32\
User: NT AUTHORITY\SYSTEM
LogonGuid: {2048537D-89C4-643A-E703-000000000000}
LogonId: 0x3E7
TerminalSessionId: 0
IntegrityLevel: System
Hashes: SHA256=9F677C2796047B08BDC6EE30FB9DD5C4BB0948726B34D97B880A46AF580D0859
ParentProcessGuid: {00000000-0000-0000-0000-000000000000}
ParentProcessId: 1016
ParentImage: -
ParentCommandLine: -
ParentUser: -"
Information,4/15/2023 8:35:58 PM,Microsoft-Windows-Sysmon,1,Process Create (rule: ProcessCreate),"Process Create:
RuleName: -
UtcTime: 2023-04-15 11:35:58.511
ProcessGuid: {2048537D-8C1E-643A-8E00-000000000900}
ProcessId: 5104
Image: C:\Windows\System32\conhost.exe
FileVersion: 10.0.14393.0 (rs1_release.160715-1616)
Description: Console Window Host
Product: Microsoft® Windows® Operating System
Company: Microsoft Corporation
OriginalFileName: CONHOST.EXE
CommandLine: \??\C:\Windows\system32\conhost.exe 0xffffffff -ForceV1
CurrentDirectory: C:\Windows
User: NT AUTHORITY\SYSTEM
LogonGuid: {2048537D-89C4-643A-E703-000000000000}
LogonId: 0x3E7
TerminalSessionId: 0
IntegrityLevel: System
Hashes: SHA256=046F7A1B4DE67562547ED9A180A72F481FC41E803DE49A96D7D7C731964D53A0
ParentProcessGuid: {2048537D-8C1E-643A-8800-000000000900}
ParentProcessId: 3720
ParentImage: C:\Windows\System32\CompatTelRunner.exe
ParentCommandLine: C:\Windows\system32\compattelrunner.exe -maintenance
ParentUser: NT AUTHORITY\SYSTEM"
Information,4/15/2023 8:35:58 PM,Microsoft-Windows-Sysmon,1,Process Create (rule: ProcessCreate),"Process Create:
RuleName: -
UtcTime: 2023-04-15 11:35:58.509
ProcessGuid: {2048537D-8C1E-643A-8C00-000000000900}
ProcessId: 4384
Image: C:\Program Files\Windows Defender\MpCmdRun.exe
FileVersion: 4.10.14393.1794 (rs1_release.171008-1615)
Description: Microsoft Malware Protection Command Line Utility
Product: Microsoft® Windows® Operating System
Company: Microsoft Corporation
OriginalFileName: MpCmdRun.exe
CommandLine: ""C:\Program Files\Windows Defender\MpCmdRun.exe"" Scan -ScheduleJob
CurrentDirectory: C:\Windows\system32\
User: NT AUTHORITY\SYSTEM
LogonGuid: {2048537D-89C4-643A-E703-000000000000}
LogonId: 0x3E7
TerminalSessionId: 0
IntegrityLevel: System
Hashes: SHA256=8B00E302B4B162C9462B6E5BEB07AE33D817CBE41287CFDA2546BC4E8494D49C
ParentProcessGuid: {00000000-0000-0000-0000-000000000000}
ParentProcessId: 1016
ParentImage: -
ParentCommandLine: -
ParentUser: -"
Information,4/15/2023 8:35:58 PM,Microsoft-Windows-Sysmon,1,Process Create (rule: ProcessCreate),"Process Create:
RuleName: -
UtcTime: 2023-04-15 11:35:58.509
ProcessGuid: {2048537D-8C1E-643A-8B00-000000000900}
ProcessId: 3352
Image: C:\Windows\System32\conhost.exe
FileVersion: 10.0.14393.0 (rs1_release.160715-1616)
Description: Console Window Host
Product: Microsoft® Windows® Operating System
Company: Microsoft Corporation
OriginalFileName: CONHOST.EXE
CommandLine: \??\C:\Windows\system32\conhost.exe 0xffffffff -ForceV1
CurrentDirectory: C:\Windows
User: NT AUTHORITY\SYSTEM
LogonGuid: {2048537D-89C4-643A-E703-000000000000}
LogonId: 0x3E7
TerminalSessionId: 0
IntegrityLevel: System
Hashes: SHA256=046F7A1B4DE67562547ED9A180A72F481FC41E803DE49A96D7D7C731964D53A0
ParentProcessGuid: {2048537D-8C1E-643A-8900-000000000900}
ParentProcessId: 1304
ParentImage: C:\Windows\System32\dstokenclean.exe
ParentCommandLine: C:\Windows\system32\dstokenclean.exe
ParentUser: NT AUTHORITY\SYSTEM"
Information,4/15/2023 8:35:58 PM,Microsoft-Windows-Sysmon,1,Process Create (rule: ProcessCreate),"Process Create:
RuleName: -
UtcTime: 2023-04-15 11:35:58.508
ProcessGuid: {2048537D-8C1E-643A-8A00-000000000900}
ProcessId: 4348
Image: C:\Program Files\Windows Defender\MpCmdRun.exe
FileVersion: 4.10.14393.1794 (rs1_release.171008-1615)
Description: Microsoft Malware Protection Command Line Utility
Product: Microsoft® Windows® Operating System
Company: Microsoft Corporation
OriginalFileName: MpCmdRun.exe
CommandLine: ""C:\Program Files\Windows Defender\MpCmdRun.exe"" -IdleTask -TaskName WdCacheMaintenance
CurrentDirectory: C:\Windows\system32\
User: NT AUTHORITY\SYSTEM
LogonGuid: {2048537D-89C4-643A-E703-000000000000}
LogonId: 0x3E7
TerminalSessionId: 0
IntegrityLevel: System
Hashes: SHA256=8B00E302B4B162C9462B6E5BEB07AE33D817CBE41287CFDA2546BC4E8494D49C
ParentProcessGuid: {00000000-0000-0000-0000-000000000000}
ParentProcessId: 1016
ParentImage: -
ParentCommandLine: -
ParentUser: -"
Information,4/15/2023 8:35:58 PM,Microsoft-Windows-Sysmon,1,Process Create (rule: ProcessCreate),"Process Create:
RuleName: -
UtcTime: 2023-04-15 11:35:58.506
ProcessGuid: {2048537D-8C1E-643A-8900-000000000900}
ProcessId: 1304
Image: C:\Windows\System32\dstokenclean.exe
FileVersion: 10.0.14393.0 (rs1_release.160715-1616)
Description: Data Sharing Service Maintenance Driver
Product: Microsoft® Windows® Operating System
Company: Microsoft Corporation
OriginalFileName: dstokenclean.exe
CommandLine: C:\Windows\system32\dstokenclean.exe
CurrentDirectory: C:\Windows\system32\
User: NT AUTHORITY\SYSTEM
LogonGuid: {2048537D-89C4-643A-E703-000000000000}
LogonId: 0x3E7
TerminalSessionId: 0
IntegrityLevel: System
Hashes: SHA256=700F2DBF378F89BFD9C9378483BE76012326D58F906E83B5996A289EC013C8CF
ParentProcessGuid: {00000000-0000-0000-0000-000000000000}
ParentProcessId: 1016
ParentImage: -
ParentCommandLine: -
ParentUser: -"
Information,4/15/2023 8:35:58 PM,Microsoft-Windows-Sysmon,1,Process Create (rule: ProcessCreate),"Process Create:
RuleName: -
UtcTime: 2023-04-15 11:35:58.502
ProcessGuid: {2048537D-8C1E-643A-8800-000000000900}
ProcessId: 3720
Image: C:\Windows\System32\CompatTelRunner.exe
FileVersion: 10.0.16287.1005 (WinBuild.160101.0800)
Description: Microsoft Compatibility Telemetry
Product: Microsoft® Windows® Operating System
Company: Microsoft Corporation
OriginalFileName: CompatTelRunner.exe
CommandLine: C:\Windows\system32\compattelrunner.exe -maintenance
CurrentDirectory: C:\Windows\system32\
User: NT AUTHORITY\SYSTEM
LogonGuid: {2048537D-89C4-643A-E703-000000000000}
LogonId: 0x3E7
TerminalSessionId: 0
IntegrityLevel: System
Hashes: SHA256=96F57114988325E05BA277CFB6EB88324252918FCEB81BF777D4FF601AE30404
ParentProcessGuid: {00000000-0000-0000-0000-000000000000}
ParentProcessId: 1016
ParentImage: -
ParentCommandLine: -
ParentUser: -"
Information,4/15/2023 8:35:58 PM,Microsoft-Windows-Sysmon,1,Process Create (rule: ProcessCreate),"Process Create:
RuleName: -
UtcTime: 2023-04-15 11:35:58.501
ProcessGuid: {2048537D-8C1E-643A-8700-000000000900}
ProcessId: 4284
Image: C:\Windows\System32\conhost.exe
FileVersion: 10.0.14393.0 (rs1_release.160715-1616)
Description: Console Window Host
Product: Microsoft® Windows® Operating System
Company: Microsoft Corporation
OriginalFileName: CONHOST.EXE
CommandLine: \??\C:\Windows\system32\conhost.exe 0xffffffff -ForceV1
CurrentDirectory: C:\Windows
User: NT AUTHORITY\SYSTEM
LogonGuid: {2048537D-89C4-643A-E703-000000000000}
LogonId: 0x3E7
TerminalSessionId: 0
IntegrityLevel: System
Hashes: SHA256=046F7A1B4DE67562547ED9A180A72F481FC41E803DE49A96D7D7C731964D53A0
ParentProcessGuid: {2048537D-8C1E-643A-8500-000000000900}
ParentProcessId: 4276
ParentImage: C:\Program Files\Windows Defender\MpCmdRun.exe
ParentCommandLine: ""C:\Program Files\Windows Defender\MpCmdRun.exe"" -IdleTask -TaskName WdVerification
ParentUser: NT AUTHORITY\SYSTEM"
Information,4/15/2023 8:35:58 PM,Microsoft-Windows-Sysmon,1,Process Create (rule: ProcessCreate),"Process Create:
RuleName: -
UtcTime: 2023-04-15 11:35:58.499
ProcessGuid: {2048537D-8C1E-643A-8600-000000000900}
ProcessId: 2324
Image: C:\Windows\System32\conhost.exe
FileVersion: 10.0.14393.0 (rs1_release.160715-1616)
Description: Console Window Host
Product: Microsoft® Windows® Operating System
Company: Microsoft Corporation
OriginalFileName: CONHOST.EXE
CommandLine: \??\C:\Windows\system32\conhost.exe 0xffffffff -ForceV1
CurrentDirectory: C:\Windows
User: NT AUTHORITY\SYSTEM
LogonGuid: {2048537D-89C4-643A-E703-000000000000}
LogonId: 0x3E7
TerminalSessionId: 0
IntegrityLevel: System
Hashes: SHA256=046F7A1B4DE67562547ED9A180A72F481FC41E803DE49A96D7D7C731964D53A0
ParentProcessGuid: {2048537D-8C1E-643A-8400-000000000900}
ParentProcessId: 3588
ParentImage: C:\Program Files\Windows Defender\MpCmdRun.exe
ParentCommandLine: ""C:\Program Files\Windows Defender\MpCmdRun.exe"" -IdleTask -TaskName WdCleanup
ParentUser: NT AUTHORITY\SYSTEM"
Information,4/15/2023 8:35:58 PM,Microsoft-Windows-Sysmon,1,Process Create (rule: ProcessCreate),"Process Create:
RuleName: -
UtcTime: 2023-04-15 11:35:58.499
ProcessGuid: {2048537D-8C1E-643A-8500-000000000900}
ProcessId: 4276
Image: C:\Program Files\Windows Defender\MpCmdRun.exe
FileVersion: 4.10.14393.1794 (rs1_release.171008-1615)
Description: Microsoft Malware Protection Command Line Utility
Product: Microsoft® Windows® Operating System
Company: Microsoft Corporation
OriginalFileName: MpCmdRun.exe
CommandLine: ""C:\Program Files\Windows Defender\MpCmdRun.exe"" -IdleTask -TaskName WdVerification
CurrentDirectory: C:\Windows\system32\
User: NT AUTHORITY\SYSTEM
LogonGuid: {2048537D-89C4-643A-E703-000000000000}
LogonId: 0x3E7
TerminalSessionId: 0
IntegrityLevel: System
Hashes: SHA256=8B00E302B4B162C9462B6E5BEB07AE33D817CBE41287CFDA2546BC4E8494D49C
ParentProcessGuid: {00000000-0000-0000-0000-000000000000}
ParentProcessId: 1016
ParentImage: -
ParentCommandLine: -
ParentUser: -"
Information,4/15/2023 8:35:58 PM,Microsoft-Windows-Sysmon,1,Process Create (rule: ProcessCreate),"Process Create:
RuleName: -
UtcTime: 2023-04-15 11:35:58.498
ProcessGuid: {2048537D-8C1E-643A-8400-000000000900}
ProcessId: 3588
Image: C:\Program Files\Windows Defender\MpCmdRun.exe
FileVersion: 4.10.14393.1794 (rs1_release.171008-1615)
Description: Microsoft Malware Protection Command Line Utility
Product: Microsoft® Windows® Operating System
Company: Microsoft Corporation
OriginalFileName: MpCmdRun.exe
CommandLine: ""C:\Program Files\Windows Defender\MpCmdRun.exe"" -IdleTask -TaskName WdCleanup
CurrentDirectory: C:\Windows\system32\
User: NT AUTHORITY\SYSTEM
LogonGuid: {2048537D-89C4-643A-E703-000000000000}
LogonId: 0x3E7
TerminalSessionId: 0
IntegrityLevel: System
Hashes: SHA256=8B00E302B4B162C9462B6E5BEB07AE33D817CBE41287CFDA2546BC4E8494D49C
ParentProcessGuid: {00000000-0000-0000-0000-000000000000}
ParentProcessId: 1016
ParentImage: -
ParentCommandLine: -
ParentUser: -"
Information,4/15/2023 8:35:57 PM,Microsoft-Windows-Sysmon,5,Process terminated (rule: ProcessTerminate),"Process terminated:
RuleName: -
UtcTime: 2023-04-15 11:35:57.518
ProcessGuid: {2048537D-8C1D-643A-8300-000000000900}
ProcessId: 4588
Image: C:\Windows\system32\conhost.exe
User: NT AUTHORITY\SYSTEM"
Information,4/15/2023 8:35:57 PM,Microsoft-Windows-Sysmon,5,Process terminated (rule: ProcessTerminate),"Process terminated:
RuleName: -
UtcTime: 2023-04-15 11:35:57.518
ProcessGuid: {2048537D-8C1D-643A-8100-000000000900}
ProcessId: 4584
Image: C:\Windows\System32\XblGameSaveTask.exe
User: NT AUTHORITY\SYSTEM"
Information,4/15/2023 8:35:57 PM,Microsoft-Windows-Sysmon,1,Process Create (rule: ProcessCreate),"Process Create:
RuleName: -
UtcTime: 2023-04-15 11:35:57.523
ProcessGuid: {2048537D-8C1D-643A-8300-000000000900}
ProcessId: 4588
Image: C:\Windows\System32\conhost.exe
FileVersion: 10.0.14393.0 (rs1_release.160715-1616)
Description: Console Window Host
Product: Microsoft® Windows® Operating System
Company: Microsoft Corporation
OriginalFileName: CONHOST.EXE
CommandLine: \??\C:\Windows\system32\conhost.exe 0xffffffff -ForceV1
CurrentDirectory: C:\Windows
User: NT AUTHORITY\SYSTEM
LogonGuid: {2048537D-89C4-643A-E703-000000000000}
LogonId: 0x3E7
TerminalSessionId: 0
IntegrityLevel: System
Hashes: SHA256=046F7A1B4DE67562547ED9A180A72F481FC41E803DE49A96D7D7C731964D53A0
ParentProcessGuid: {2048537D-8C1D-643A-8100-000000000900}
ParentProcessId: 4584
ParentImage: C:\Windows\System32\XblGameSaveTask.exe
ParentCommandLine: C:\Windows\System32\XblGameSaveTask.exe standby
ParentUser: NT AUTHORITY\SYSTEM"
Information,4/15/2023 8:35:57 PM,Microsoft-Windows-Sysmon,1,Process Create (rule: ProcessCreate),"Process Create:
RuleName: -
UtcTime: 2023-04-15 11:35:57.519
ProcessGuid: {2048537D-8C1D-643A-8200-000000000900}
ProcessId: 4748
Image: C:\Windows\System32\taskhostw.exe
FileVersion: 10.0.14393.0 (rs1_release.160715-1616)
Description: Host Process for Windows Tasks
Product: Microsoft® Windows® Operating System
Company: Microsoft Corporation
OriginalFileName: taskhostw.exe
CommandLine: taskhostw.exe Install $(Arg0)
CurrentDirectory: C:\Windows\system32\
User: EXAMPLECOMPANY\admin
LogonGuid: {2048537D-8A36-643A-1A52-030000000000}
LogonId: 0x3521A
TerminalSessionId: 1
IntegrityLevel: Medium
Hashes: SHA256=A0A677D6C943AD1A7BC1879DFCCB400211DF68100F8EDD7BA6120067A18BEE0B
ParentProcessGuid: {00000000-0000-0000-0000-000000000000}
ParentProcessId: 1016
ParentImage: -
ParentCommandLine: -
ParentUser: -"
Information,4/15/2023 8:35:57 PM,Microsoft-Windows-Sysmon,1,Process Create (rule: ProcessCreate),"Process Create:
RuleName: -
UtcTime: 2023-04-15 11:35:57.519
ProcessGuid: {2048537D-8C1D-643A-8100-000000000900}
ProcessId: 4584
Image: C:\Windows\System32\XblGameSaveTask.exe
FileVersion: 10.0.14393.0 (rs1_release.160715-1616)
Description: XblGameSave Standby Task
Product: Microsoft® Windows® Operating System
Company: Microsoft Corporation
OriginalFileName: XblGameSaveTask.exe
CommandLine: C:\Windows\System32\XblGameSaveTask.exe standby
CurrentDirectory: C:\Windows\system32\
User: NT AUTHORITY\SYSTEM
LogonGuid: {2048537D-89C4-643A-E703-000000000000}
LogonId: 0x3E7
TerminalSessionId: 0
IntegrityLevel: System
Hashes: SHA256=BABFAEE679E6005D49F7C314BA7FDA93F31B447E8D799256CCBE8B07252B726A
ParentProcessGuid: {00000000-0000-0000-0000-000000000000}
ParentProcessId: 1016
ParentImage: -
ParentCommandLine: -
ParentUser: -"
Information,4/15/2023 8:35:57 PM,Microsoft-Windows-Sysmon,5,Process terminated (rule: ProcessTerminate),"Process terminated:
RuleName: -
UtcTime: 2023-04-15 11:35:57.502
ProcessGuid: {2048537D-8C1D-643A-8000-000000000900}
ProcessId: 364
Image: C:\Windows\System32\conhost.exe
User: NT AUTHORITY\SYSTEM"
Information,4/15/2023 8:35:57 PM,Microsoft-Windows-Sysmon,5,Process terminated (rule: ProcessTerminate),"Process terminated:
RuleName: -
UtcTime: 2023-04-15 11:35:57.502
ProcessGuid: {2048537D-8C1D-643A-7F00-000000000900}
ProcessId: 2216
Image: C:\Windows\System32\XblGameSaveTask.exe
User: NT AUTHORITY\SYSTEM"
Information,4/15/2023 8:35:57 PM,Microsoft-Windows-Sysmon,1,Process Create (rule: ProcessCreate),"Process Create:
RuleName: -
UtcTime: 2023-04-15 11:35:57.493
ProcessGuid: {2048537D-8C1D-643A-8000-000000000900}
ProcessId: 364
Image: C:\Windows\System32\conhost.exe
FileVersion: 10.0.14393.0 (rs1_release.160715-1616)
Description: Console Window Host
Product: Microsoft® Windows® Operating System
Company: Microsoft Corporation
OriginalFileName: CONHOST.EXE
CommandLine: \??\C:\Windows\system32\conhost.exe 0xffffffff -ForceV1
CurrentDirectory: C:\Windows
User: NT AUTHORITY\SYSTEM
LogonGuid: {2048537D-89C4-643A-E703-000000000000}
LogonId: 0x3E7
TerminalSessionId: 0
IntegrityLevel: System
Hashes: SHA256=046F7A1B4DE67562547ED9A180A72F481FC41E803DE49A96D7D7C731964D53A0
ParentProcessGuid: {2048537D-8C1D-643A-7F00-000000000900}
ParentProcessId: 2216
ParentImage: C:\Windows\System32\XblGameSaveTask.exe
ParentCommandLine: C:\Windows\System32\XblGameSaveTask.exe logon
ParentUser: NT AUTHORITY\SYSTEM"
Information,4/15/2023 8:35:57 PM,Microsoft-Windows-Sysmon,1,Process Create (rule: ProcessCreate),"Process Create:
RuleName: -
UtcTime: 2023-04-15 11:35:57.490
ProcessGuid: {2048537D-8C1D-643A-7F00-000000000900}
ProcessId: 2216
Image: C:\Windows\System32\XblGameSaveTask.exe
FileVersion: 10.0.14393.0 (rs1_release.160715-1616)
Description: XblGameSave Standby Task
Product: Microsoft® Windows® Operating System
Company: Microsoft Corporation
OriginalFileName: XblGameSaveTask.exe
CommandLine: C:\Windows\System32\XblGameSaveTask.exe logon
CurrentDirectory: C:\Windows\system32\
User: NT AUTHORITY\SYSTEM
LogonGuid: {2048537D-89C4-643A-E703-000000000000}
LogonId: 0x3E7
TerminalSessionId: 0
IntegrityLevel: System
Hashes: SHA256=BABFAEE679E6005D49F7C314BA7FDA93F31B447E8D799256CCBE8B07252B726A
ParentProcessGuid: {00000000-0000-0000-0000-000000000000}
ParentProcessId: 1016
ParentImage: -
ParentCommandLine: -
ParentUser: -"
Information,4/15/2023 8:35:54 PM,Microsoft-Windows-Sysmon,5,Process terminated (rule: ProcessTerminate),"Process terminated:
RuleName: -
UtcTime: 2023-04-15 11:35:54.592
ProcessGuid: {2048537D-8C15-643A-7E00-000000000900}
ProcessId: 4212
Image: C:\Windows\SysWOW64\dllhost.exe
User: EXAMPLECOMPANY\admin"
Information,4/15/2023 8:35:49 PM,Microsoft-Windows-Sysmon,1,Process Create (rule: ProcessCreate),"Process Create:
RuleName: -
UtcTime: 2023-04-15 11:35:49.569
ProcessGuid: {2048537D-8C15-643A-7E00-000000000900}
ProcessId: 4212
Image: C:\Windows\SysWOW64\dllhost.exe
FileVersion: 10.0.14393.0 (rs1_release.160715-1616)
Description: COM Surrogate
Product: Microsoft® Windows® Operating System
Company: Microsoft Corporation
OriginalFileName: dllhost.exe
CommandLine: C:\Windows\SysWOW64\DllHost.exe /Processid:{06622D85-6856-4460-8DE1-A81921B41C4B}
CurrentDirectory: C:\Windows\system32\
User: EXAMPLECOMPANY\admin
LogonGuid: {2048537D-8A36-643A-1A52-030000000000}
LogonId: 0x3521A
TerminalSessionId: 1
IntegrityLevel: Medium
Hashes: SHA256=5137C324038AB2E8EAB4F98A20BEE9F121346D62E4D907CA1E4A860F4C54EAE8
ParentProcessGuid: {00000000-0000-0000-0000-000000000000}
ParentProcessId: 732
ParentImage: -
ParentCommandLine: -
ParentUser: -"
Information,4/15/2023 8:35:47 PM,Microsoft-Windows-Sysmon,1,Process Create (rule: ProcessCreate),"Process Create:
RuleName: -
UtcTime: 2023-04-15 11:35:47.929
ProcessGuid: {2048537D-8C13-643A-7D00-000000000900}
ProcessId: 4092
Image: C:\Windows\System32\dllhost.exe
FileVersion: 10.0.14393.0 (rs1_release.160715-1616)
Description: COM Surrogate
Product: Microsoft® Windows® Operating System
Company: Microsoft Corporation
OriginalFileName: dllhost.exe
CommandLine: C:\Windows\system32\DllHost.exe /Processid:{133EAC4F-5891-4D04-BADA-D84870380A80}
CurrentDirectory: C:\Windows\system32\
User: NT AUTHORITY\SYSTEM
LogonGuid: {2048537D-89C4-643A-E703-000000000000}
LogonId: 0x3E7
TerminalSessionId: 0
IntegrityLevel: System
Hashes: SHA256=EE8364C07B3F4F71FA649E0E6C4C73C15D285130E4B16E79890EEBBF89C2164E
ParentProcessGuid: {00000000-0000-0000-0000-000000000000}
ParentProcessId: 732
ParentImage: -
ParentCommandLine: -
ParentUser: -"
Information,4/15/2023 8:35:47 PM,Microsoft-Windows-Sysmon,1,Process Create (rule: ProcessCreate),"Process Create:
RuleName: -
UtcTime: 2023-04-15 11:35:47.921
ProcessGuid: {2048537D-8C13-643A-7C00-000000000900}
ProcessId: 3652
Image: C:\Windows\System32\taskhostw.exe
FileVersion: 10.0.14393.0 (rs1_release.160715-1616)
Description: Host Process for Windows Tasks
Product: Microsoft® Windows® Operating System
Company: Microsoft Corporation
OriginalFileName: taskhostw.exe
CommandLine: taskhostw.exe
CurrentDirectory: C:\Windows\system32\
User: NT AUTHORITY\SYSTEM
LogonGuid: {2048537D-89C4-643A-E703-000000000000}
LogonId: 0x3E7
TerminalSessionId: 0
IntegrityLevel: System
Hashes: SHA256=A0A677D6C943AD1A7BC1879DFCCB400211DF68100F8EDD7BA6120067A18BEE0B
ParentProcessGuid: {00000000-0000-0000-0000-000000000000}
ParentProcessId: 1016
ParentImage: -
ParentCommandLine: -
ParentUser: -"
Information,4/15/2023 8:35:47 PM,Microsoft-Windows-Sysmon,5,Process terminated (rule: ProcessTerminate),"Process terminated:
RuleName: -
UtcTime: 2023-04-15 11:35:47.425
ProcessGuid: {2048537D-8BF0-643A-7B00-000000000900}
ProcessId: 3512
Image: C:\Windows\System32\dllhost.exe
User: NT AUTHORITY\SYSTEM"
Information,4/15/2023 8:35:42 PM,Microsoft-Windows-Sysmon,5,Process terminated (rule: ProcessTerminate),"Process terminated:
RuleName: -
UtcTime: 2023-04-15 11:35:42.423
ProcessGuid: {2048537D-8BF0-643A-7A00-000000000900}
ProcessId: 3372
Image: C:\Windows\System32\taskhostw.exe
User: NT AUTHORITY\SYSTEM"
Information,4/15/2023 8:35:12 PM,Microsoft-Windows-Sysmon,1,Process Create (rule: ProcessCreate),"Process Create:
RuleName: -
UtcTime: 2023-04-15 11:35:12.423
ProcessGuid: {2048537D-8BF0-643A-7B00-000000000900}
ProcessId: 3512
Image: C:\Windows\System32\dllhost.exe
FileVersion: 10.0.14393.0 (rs1_release.160715-1616)
Description: COM Surrogate
Product: Microsoft® Windows® Operating System
Company: Microsoft Corporation
OriginalFileName: dllhost.exe
CommandLine: C:\Windows\system32\DllHost.exe /Processid:{133EAC4F-5891-4D04-BADA-D84870380A80}
CurrentDirectory: C:\Windows\system32\
User: NT AUTHORITY\SYSTEM
LogonGuid: {2048537D-89C4-643A-E703-000000000000}
LogonId: 0x3E7
TerminalSessionId: 0
IntegrityLevel: System
Hashes: SHA256=EE8364C07B3F4F71FA649E0E6C4C73C15D285130E4B16E79890EEBBF89C2164E
ParentProcessGuid: {00000000-0000-0000-0000-000000000000}
ParentProcessId: 732
ParentImage: -
ParentCommandLine: -
ParentUser: -"
Information,4/15/2023 8:35:12 PM,Microsoft-Windows-Sysmon,1,Process Create (rule: ProcessCreate),"Process Create:
RuleName: -
UtcTime: 2023-04-15 11:35:12.415
ProcessGuid: {2048537D-8BF0-643A-7A00-000000000900}
ProcessId: 3372
Image: C:\Windows\System32\taskhostw.exe
FileVersion: 10.0.14393.0 (rs1_release.160715-1616)
Description: Host Process for Windows Tasks
Product: Microsoft® Windows® Operating System
Company: Microsoft Corporation
OriginalFileName: taskhostw.exe
CommandLine: taskhostw.exe
CurrentDirectory: C:\Windows\system32\
User: NT AUTHORITY\SYSTEM
LogonGuid: {2048537D-89C4-643A-E703-000000000000}
LogonId: 0x3E7
TerminalSessionId: 0
IntegrityLevel: System
Hashes: SHA256=A0A677D6C943AD1A7BC1879DFCCB400211DF68100F8EDD7BA6120067A18BEE0B
ParentProcessGuid: {00000000-0000-0000-0000-000000000000}
ParentProcessId: 1016
ParentImage: -
ParentCommandLine: -
ParentUser: -"
Information,4/15/2023 8:35:07 PM,Microsoft-Windows-Sysmon,5,Process terminated (rule: ProcessTerminate),"Process terminated:
RuleName: -
UtcTime: 2023-04-15 11:35:07.612
ProcessGuid: {2048537D-8BC8-643A-7900-000000000900}
ProcessId: 5012
Image: C:\Windows\System32\dllhost.exe
User: NT AUTHORITY\SYSTEM"
Information,4/15/2023 8:35:02 PM,Microsoft-Windows-Sysmon,5,Process terminated (rule: ProcessTerminate),"Process terminated:
RuleName: -
UtcTime: 2023-04-15 11:35:02.599
ProcessGuid: {2048537D-8BC8-643A-7800-000000000900}
ProcessId: 4808
Image: C:\Windows\System32\taskhostw.exe
User: NT AUTHORITY\SYSTEM"
Information,4/15/2023 8:34:32 PM,Microsoft-Windows-Sysmon,1,Process Create (rule: ProcessCreate),"Process Create:
RuleName: -
UtcTime: 2023-04-15 11:34:32.608
ProcessGuid: {2048537D-8BC8-643A-7900-000000000900}
ProcessId: 5012
Image: C:\Windows\System32\dllhost.exe
FileVersion: 10.0.14393.0 (rs1_release.160715-1616)
Description: COM Surrogate
Product: Microsoft® Windows® Operating System
Company: Microsoft Corporation
OriginalFileName: dllhost.exe
CommandLine: C:\Windows\system32\DllHost.exe /Processid:{133EAC4F-5891-4D04-BADA-D84870380A80}
CurrentDirectory: C:\Windows\system32\
User: NT AUTHORITY\SYSTEM
LogonGuid: {2048537D-89C4-643A-E703-000000000000}
LogonId: 0x3E7
TerminalSessionId: 0
IntegrityLevel: System
Hashes: SHA256=EE8364C07B3F4F71FA649E0E6C4C73C15D285130E4B16E79890EEBBF89C2164E
ParentProcessGuid: {00000000-0000-0000-0000-000000000000}
ParentProcessId: 732
ParentImage: -
ParentCommandLine: -
ParentUser: -"
Information,4/15/2023 8:34:32 PM,Microsoft-Windows-Sysmon,1,Process Create (rule: ProcessCreate),"Process Create:
RuleName: -
UtcTime: 2023-04-15 11:34:32.600
ProcessGuid: {2048537D-8BC8-643A-7800-000000000900}
ProcessId: 4808
Image: C:\Windows\System32\taskhostw.exe
FileVersion: 10.0.14393.0 (rs1_release.160715-1616)
Description: Host Process for Windows Tasks
Product: Microsoft® Windows® Operating System
Company: Microsoft Corporation
OriginalFileName: taskhostw.exe
CommandLine: taskhostw.exe
CurrentDirectory: C:\Windows\system32\
User: NT AUTHORITY\SYSTEM
LogonGuid: {2048537D-89C4-643A-E703-000000000000}
LogonId: 0x3E7
TerminalSessionId: 0
IntegrityLevel: System
Hashes: SHA256=A0A677D6C943AD1A7BC1879DFCCB400211DF68100F8EDD7BA6120067A18BEE0B
ParentProcessGuid: {00000000-0000-0000-0000-000000000000}
ParentProcessId: 1016
ParentImage: -
ParentCommandLine: -
ParentUser: -"
Information,4/15/2023 8:34:28 PM,Microsoft-Windows-Sysmon,5,Process terminated (rule: ProcessTerminate),"Process terminated:
RuleName: -
UtcTime: 2023-04-15 11:34:28.372
ProcessGuid: {2048537D-8B89-643A-7300-000000000900}
ProcessId: 2712
Image: C:\Windows\System32\rundll32.exe
User: EXAMPLECOMPANY\admin"
Information,4/15/2023 8:34:04 PM,Microsoft-Windows-Sysmon,5,Process terminated (rule: ProcessTerminate),"Process terminated:
RuleName: -
UtcTime: 2023-04-15 11:34:04.717
ProcessGuid: {2048537D-8BAB-643A-7600-000000000900}
ProcessId: 2672
Image: C:\Windows\System32\wermgr.exe
User: NT AUTHORITY\SYSTEM"
Information,4/15/2023 8:34:03 PM,Microsoft-Windows-Sysmon,5,Process terminated (rule: ProcessTerminate),"Process terminated:
RuleName: -
UtcTime: 2023-04-15 11:34:03.144
ProcessGuid: {2048537D-8BAB-643A-7700-000000000900}
ProcessId: 3960
Image: C:\Windows\System32\wermgr.exe
User: NT AUTHORITY\SYSTEM"
Information,4/15/2023 8:34:03 PM,Microsoft-Windows-Sysmon,1,Process Create (rule: ProcessCreate),"Process Create:
RuleName: -
UtcTime: 2023-04-15 11:34:03.136
ProcessGuid: {2048537D-8BAB-643A-7700-000000000900}
ProcessId: 3960
Image: C:\Windows\System32\wermgr.exe
FileVersion: 10.0.14393.1884 (rs1_release.171101-1233)
Description: Windows Problem Reporting
Product: Microsoft® Windows® Operating System
Company: Microsoft Corporation
OriginalFileName: WerMgr
CommandLine: ""C:\Windows\system32\wermgr.exe"" ""-outproc"" ""0"" ""1016"" ""7600"" ""7828"" ""7844"" ""0"" ""0"" ""0"" ""0"" ""0"" ""0"" ""0"" ""0"" 
CurrentDirectory: C:\Windows\system32\
User: NT AUTHORITY\SYSTEM
LogonGuid: {2048537D-89C4-643A-E703-000000000000}
LogonId: 0x3E7
TerminalSessionId: 0
IntegrityLevel: System
Hashes: SHA256=99A3BBD357A66BBBE00D9215277A42417D1EC243BB5B88D12324318592BBFD58
ParentProcessGuid: {00000000-0000-0000-0000-000000000000}
ParentProcessId: 1016
ParentImage: -
ParentCommandLine: -
ParentUser: -"
Information,4/15/2023 8:34:03 PM,Microsoft-Windows-Sysmon,5,Process terminated (rule: ProcessTerminate),"Process terminated:
RuleName: -
UtcTime: 2023-04-15 11:34:03.129
ProcessGuid: {2048537D-8BAB-643A-7400-000000000900}
ProcessId: 1520
Image: C:\Windows\System32\wermgr.exe
User: NT AUTHORITY\SYSTEM"
Information,4/15/2023 8:34:03 PM,Microsoft-Windows-Sysmon,5,Process terminated (rule: ProcessTerminate),"Process terminated:
RuleName: -
UtcTime: 2023-04-15 11:34:03.129
ProcessGuid: {2048537D-8BAB-643A-7500-000000000900}
ProcessId: 3464
Image: C:\Windows\System32\wermgr.exe
User: NT AUTHORITY\SYSTEM"
Information,4/15/2023 8:34:03 PM,Microsoft-Windows-Sysmon,1,Process Create (rule: ProcessCreate),"Process Create:
RuleName: -
UtcTime: 2023-04-15 11:34:03.133
ProcessGuid: {2048537D-8BAB-643A-7600-000000000900}
ProcessId: 2672
Image: C:\Windows\System32\wermgr.exe
FileVersion: 10.0.14393.1884 (rs1_release.171101-1233)
Description: Windows Problem Reporting
Product: Microsoft® Windows® Operating System
Company: Microsoft Corporation
OriginalFileName: WerMgr
CommandLine: C:\Windows\system32\wermgr.exe -upload
CurrentDirectory: C:\Windows\system32\
User: NT AUTHORITY\SYSTEM
LogonGuid: {2048537D-89C4-643A-E703-000000000000}
LogonId: 0x3E7
TerminalSessionId: 0
IntegrityLevel: System
Hashes: SHA256=99A3BBD357A66BBBE00D9215277A42417D1EC243BB5B88D12324318592BBFD58
ParentProcessGuid: {00000000-0000-0000-0000-000000000000}
ParentProcessId: 1016
ParentImage: -
ParentCommandLine: -
ParentUser: -"
Information,4/15/2023 8:34:03 PM,Microsoft-Windows-Sysmon,1,Process Create (rule: ProcessCreate),"Process Create:
RuleName: -
UtcTime: 2023-04-15 11:34:03.121
ProcessGuid: {2048537D-8BAB-643A-7500-000000000900}
ProcessId: 3464
Image: C:\Windows\System32\wermgr.exe
FileVersion: 10.0.14393.1884 (rs1_release.171101-1233)
Description: Windows Problem Reporting
Product: Microsoft® Windows® Operating System
Company: Microsoft Corporation
OriginalFileName: WerMgr
CommandLine: ""C:\Windows\system32\wermgr.exe"" ""-outproc"" ""0"" ""1016"" ""7428"" ""3268"" ""6376"" ""0"" ""0"" ""0"" ""0"" ""0"" ""0"" ""0"" ""0"" 
CurrentDirectory: C:\Windows\system32\
User: NT AUTHORITY\SYSTEM
LogonGuid: {2048537D-89C4-643A-E703-000000000000}
LogonId: 0x3E7
TerminalSessionId: 0
IntegrityLevel: System
Hashes: SHA256=99A3BBD357A66BBBE00D9215277A42417D1EC243BB5B88D12324318592BBFD58
ParentProcessGuid: {00000000-0000-0000-0000-000000000000}
ParentProcessId: 1016
ParentImage: -
ParentCommandLine: -
ParentUser: -"
Information,4/15/2023 8:34:03 PM,Microsoft-Windows-Sysmon,1,Process Create (rule: ProcessCreate),"Process Create:
RuleName: -
UtcTime: 2023-04-15 11:34:03.119
ProcessGuid: {2048537D-8BAB-643A-7400-000000000900}
ProcessId: 1520
Image: C:\Windows\System32\wermgr.exe
FileVersion: 10.0.14393.1884 (rs1_release.171101-1233)
Description: Windows Problem Reporting
Product: Microsoft® Windows® Operating System
Company: Microsoft Corporation
OriginalFileName: WerMgr
CommandLine: ""C:\Windows\system32\wermgr.exe"" ""-outproc"" ""0"" ""1016"" ""6376"" ""7428"" ""7244"" ""0"" ""0"" ""0"" ""0"" ""0"" ""0"" ""0"" ""0"" 
CurrentDirectory: C:\Windows\system32\
User: NT AUTHORITY\SYSTEM
LogonGuid: {2048537D-89C4-643A-E703-000000000000}
LogonId: 0x3E7
TerminalSessionId: 0
IntegrityLevel: System
Hashes: SHA256=99A3BBD357A66BBBE00D9215277A42417D1EC243BB5B88D12324318592BBFD58
ParentProcessGuid: {00000000-0000-0000-0000-000000000000}
ParentProcessId: 1016
ParentImage: -
ParentCommandLine: -
ParentUser: -"
Information,4/15/2023 8:33:53 PM,Microsoft-Windows-Sysmon,5,Process terminated (rule: ProcessTerminate),"Process terminated:
RuleName: -
UtcTime: 2023-04-15 11:33:53.754
ProcessGuid: {2048537D-8B60-643A-6E00-000000000900}
ProcessId: 4000
Image: C:\Windows\System32\dllhost.exe
User: NT AUTHORITY\SYSTEM"
Information,4/15/2023 8:33:48 PM,Microsoft-Windows-Sysmon,5,Process terminated (rule: ProcessTerminate),"Process terminated:
RuleName: -
UtcTime: 2023-04-15 11:33:48.753
ProcessGuid: {2048537D-8B7E-643A-7100-000000000900}
ProcessId: 4300
Image: C:\Windows\System32\taskhostw.exe
User: NT AUTHORITY\SYSTEM"
Information,4/15/2023 8:33:30 PM,Microsoft-Windows-Sysmon,5,Process terminated (rule: ProcessTerminate),"Process terminated:
RuleName: -
UtcTime: 2023-04-15 11:33:30.859
ProcessGuid: {2048537D-8B85-643A-7200-000000000900}
ProcessId: 4496
Image: C:\Windows\SysWOW64\dllhost.exe
User: EXAMPLECOMPANY\admin"
Information,4/15/2023 8:33:29 PM,Microsoft-Windows-Sysmon,1,Process Create (rule: ProcessCreate),"Process Create:
RuleName: -
UtcTime: 2023-04-15 11:33:29.422
ProcessGuid: {2048537D-8B89-643A-7300-000000000900}
ProcessId: 2712
Image: C:\Windows\System32\rundll32.exe
FileVersion: 10.0.14393.0 (rs1_release.160715-1616)
Description: Windows host process (Rundll32)
Product: Microsoft® Windows® Operating System
Company: Microsoft Corporation
OriginalFileName: RUNDLL32.EXE
CommandLine: ""C:\Windows\System32\rundll32.exe"" C:\Windows\System32\shell32.dll,Control_RunDLL C:\Windows\System32\intl.cpl
CurrentDirectory: C:\Windows\system32\
User: EXAMPLECOMPANY\admin
LogonGuid: {2048537D-8A36-643A-1A52-030000000000}
LogonId: 0x3521A
TerminalSessionId: 1
IntegrityLevel: Medium
Hashes: SHA256=495BBA47FC43EE23054FCD419F2F00457162D1C04296900C6AEA551102A810F3
ParentProcessGuid: {2048537D-8A36-643A-4700-000000000900}
ParentProcessId: 2140
ParentImage: C:\Windows\explorer.exe
ParentCommandLine: C:\Windows\Explorer.EXE
ParentUser: EXAMPLECOMPANY\admin"
Information,4/15/2023 8:33:25 PM,Microsoft-Windows-Sysmon,1,Process Create (rule: ProcessCreate),"Process Create:
RuleName: -
UtcTime: 2023-04-15 11:33:25.833
ProcessGuid: {2048537D-8B85-643A-7200-000000000900}
ProcessId: 4496
Image: C:\Windows\SysWOW64\dllhost.exe
FileVersion: 10.0.14393.0 (rs1_release.160715-1616)
Description: COM Surrogate
Product: Microsoft® Windows® Operating System
Company: Microsoft Corporation
OriginalFileName: dllhost.exe
CommandLine: C:\Windows\SysWOW64\DllHost.exe /Processid:{06622D85-6856-4460-8DE1-A81921B41C4B}
CurrentDirectory: C:\Windows\system32\
User: EXAMPLECOMPANY\admin
LogonGuid: {2048537D-8A36-643A-1A52-030000000000}
LogonId: 0x3521A
TerminalSessionId: 1
IntegrityLevel: Medium
Hashes: SHA256=5137C324038AB2E8EAB4F98A20BEE9F121346D62E4D907CA1E4A860F4C54EAE8
ParentProcessGuid: {00000000-0000-0000-0000-000000000000}
ParentProcessId: 732
ParentImage: -
ParentCommandLine: -
ParentUser: -"
Information,4/15/2023 8:33:23 PM,Microsoft-Windows-Sysmon,5,Process terminated (rule: ProcessTerminate),"Process terminated:
RuleName: -
UtcTime: 2023-04-15 11:33:23.665
ProcessGuid: {2048537D-8B7B-643A-7000-000000000900}
ProcessId: 4120
Image: C:\Windows\SysWOW64\dllhost.exe
User: EXAMPLECOMPANY\admin"
Information,4/15/2023 8:33:18 PM,Microsoft-Windows-Sysmon,1,Process Create (rule: ProcessCreate),"Process Create:
RuleName: -
UtcTime: 2023-04-15 11:33:18.743
ProcessGuid: {2048537D-8B7E-643A-7100-000000000900}
ProcessId: 4300
Image: C:\Windows\System32\taskhostw.exe
FileVersion: 10.0.14393.0 (rs1_release.160715-1616)
Description: Host Process for Windows Tasks
Product: Microsoft® Windows® Operating System
Company: Microsoft Corporation
OriginalFileName: taskhostw.exe
CommandLine: taskhostw.exe
CurrentDirectory: C:\Windows\system32\
User: NT AUTHORITY\SYSTEM
LogonGuid: {2048537D-89C4-643A-E703-000000000000}
LogonId: 0x3E7
TerminalSessionId: 0
IntegrityLevel: System
Hashes: SHA256=A0A677D6C943AD1A7BC1879DFCCB400211DF68100F8EDD7BA6120067A18BEE0B
ParentProcessGuid: {00000000-0000-0000-0000-000000000000}
ParentProcessId: 1016
ParentImage: -
ParentCommandLine: -
ParentUser: -"
Information,4/15/2023 8:33:18 PM,Microsoft-Windows-Sysmon,5,Process terminated (rule: ProcessTerminate),"Process terminated:
RuleName: -
UtcTime: 2023-04-15 11:33:18.170
ProcessGuid: {2048537D-8B60-643A-6D00-000000000900}
ProcessId: 4908
Image: C:\Windows\System32\taskhostw.exe
User: NT AUTHORITY\SYSTEM"
Information,4/15/2023 8:33:15 PM,Microsoft-Windows-Sysmon,1,Process Create (rule: ProcessCreate),"Process Create:
RuleName: -
UtcTime: 2023-04-15 11:33:15.224
ProcessGuid: {2048537D-8B7B-643A-7000-000000000900}
ProcessId: 4120
Image: C:\Windows\SysWOW64\dllhost.exe
FileVersion: 10.0.14393.0 (rs1_release.160715-1616)
Description: COM Surrogate
Product: Microsoft® Windows® Operating System
Company: Microsoft Corporation
OriginalFileName: dllhost.exe
CommandLine: C:\Windows\SysWOW64\DllHost.exe /Processid:{06622D85-6856-4460-8DE1-A81921B41C4B}
CurrentDirectory: C:\Windows\system32\
User: EXAMPLECOMPANY\admin
LogonGuid: {2048537D-8A36-643A-1A52-030000000000}
LogonId: 0x3521A
TerminalSessionId: 1
IntegrityLevel: Medium
Hashes: SHA256=5137C324038AB2E8EAB4F98A20BEE9F121346D62E4D907CA1E4A860F4C54EAE8
ParentProcessGuid: {00000000-0000-0000-0000-000000000000}
ParentProcessId: 732
ParentImage: -
ParentCommandLine: -
ParentUser: -"
Information,4/15/2023 8:32:51 PM,Microsoft-Windows-Sysmon,5,Process terminated (rule: ProcessTerminate),"Process terminated:
RuleName: -
UtcTime: 2023-04-15 11:32:51.312
ProcessGuid: {2048537D-8B63-643A-6F00-000000000900}
ProcessId: 4816
Image: C:\Windows\system32\taskhostw.exe
User: EXAMPLECOMPANY\admin"
Information,4/15/2023 8:32:51 PM,Microsoft-Windows-Sysmon,1,Process Create (rule: ProcessCreate),"Process Create:
RuleName: -
UtcTime: 2023-04-15 11:32:51.314
ProcessGuid: {2048537D-8B63-643A-6F00-000000000900}
ProcessId: 4816
Image: C:\Windows\System32\taskhostw.exe
FileVersion: 10.0.14393.0 (rs1_release.160715-1616)
Description: Host Process for Windows Tasks
Product: Microsoft® Windows® Operating System
Company: Microsoft Corporation
OriginalFileName: taskhostw.exe
CommandLine: taskhostw.exe
CurrentDirectory: C:\Windows\system32\
User: EXAMPLECOMPANY\admin
LogonGuid: {2048537D-8A36-643A-1A52-030000000000}
LogonId: 0x3521A
TerminalSessionId: 1
IntegrityLevel: Medium
Hashes: SHA256=A0A677D6C943AD1A7BC1879DFCCB400211DF68100F8EDD7BA6120067A18BEE0B
ParentProcessGuid: {00000000-0000-0000-0000-000000000000}
ParentProcessId: 1016
ParentImage: -
ParentCommandLine: -
ParentUser: -"
Information,4/15/2023 8:32:48 PM,Microsoft-Windows-Sysmon,1,Process Create (rule: ProcessCreate),"Process Create:
RuleName: -
UtcTime: 2023-04-15 11:32:48.178
ProcessGuid: {2048537D-8B60-643A-6E00-000000000900}
ProcessId: 4000
Image: C:\Windows\System32\dllhost.exe
FileVersion: 10.0.14393.0 (rs1_release.160715-1616)
Description: COM Surrogate
Product: Microsoft® Windows® Operating System
Company: Microsoft Corporation
OriginalFileName: dllhost.exe
CommandLine: C:\Windows\system32\DllHost.exe /Processid:{133EAC4F-5891-4D04-BADA-D84870380A80}
CurrentDirectory: C:\Windows\system32\
User: NT AUTHORITY\SYSTEM
LogonGuid: {2048537D-89C4-643A-E703-000000000000}
LogonId: 0x3E7
TerminalSessionId: 0
IntegrityLevel: System
Hashes: SHA256=EE8364C07B3F4F71FA649E0E6C4C73C15D285130E4B16E79890EEBBF89C2164E
ParentProcessGuid: {00000000-0000-0000-0000-000000000000}
ParentProcessId: 732
ParentImage: -
ParentCommandLine: -
ParentUser: -"
Information,4/15/2023 8:32:48 PM,Microsoft-Windows-Sysmon,1,Process Create (rule: ProcessCreate),"Process Create:
RuleName: -
UtcTime: 2023-04-15 11:32:48.169
ProcessGuid: {2048537D-8B60-643A-6D00-000000000900}
ProcessId: 4908
Image: C:\Windows\System32\taskhostw.exe
FileVersion: 10.0.14393.0 (rs1_release.160715-1616)
Description: Host Process for Windows Tasks
Product: Microsoft® Windows® Operating System
Company: Microsoft Corporation
OriginalFileName: taskhostw.exe
CommandLine: taskhostw.exe
CurrentDirectory: C:\Windows\system32\
User: NT AUTHORITY\SYSTEM
LogonGuid: {2048537D-89C4-643A-E703-000000000000}
LogonId: 0x3E7
TerminalSessionId: 0
IntegrityLevel: System
Hashes: SHA256=A0A677D6C943AD1A7BC1879DFCCB400211DF68100F8EDD7BA6120067A18BEE0B
ParentProcessGuid: {00000000-0000-0000-0000-000000000000}
ParentProcessId: 1016
ParentImage: -
ParentCommandLine: -
ParentUser: -"
Information,4/15/2023 8:31:08 PM,Microsoft-Windows-Sysmon,5,Process terminated (rule: ProcessTerminate),"Process terminated:
RuleName: -
UtcTime: 2023-04-15 11:31:08.718
ProcessGuid: {2048537D-8AFB-643A-6C00-000000000900}
ProcessId: 3660
Image: C:\Windows\System32\wermgr.exe
User: NT AUTHORITY\SYSTEM"
Information,4/15/2023 8:31:07 PM,Microsoft-Windows-Sysmon,5,Process terminated (rule: ProcessTerminate),"Process terminated:
RuleName: -
UtcTime: 2023-04-15 11:31:07.124
ProcessGuid: {2048537D-8AFB-643A-6B00-000000000900}
ProcessId: 3656
Image: C:\Windows\System32\wermgr.exe
User: NT AUTHORITY\SYSTEM"
Information,4/15/2023 8:31:07 PM,Microsoft-Windows-Sysmon,1,Process Create (rule: ProcessCreate),"Process Create:
RuleName: -
UtcTime: 2023-04-15 11:31:07.127
ProcessGuid: {2048537D-8AFB-643A-6C00-000000000900}
ProcessId: 3660
Image: C:\Windows\System32\wermgr.exe
FileVersion: 10.0.14393.1884 (rs1_release.171101-1233)
Description: Windows Problem Reporting
Product: Microsoft® Windows® Operating System
Company: Microsoft Corporation
OriginalFileName: WerMgr
CommandLine: C:\Windows\system32\wermgr.exe -upload
CurrentDirectory: C:\Windows\system32\
User: NT AUTHORITY\SYSTEM
LogonGuid: {2048537D-89C4-643A-E703-000000000000}
LogonId: 0x3E7
TerminalSessionId: 0
IntegrityLevel: System
Hashes: SHA256=99A3BBD357A66BBBE00D9215277A42417D1EC243BB5B88D12324318592BBFD58
ParentProcessGuid: {00000000-0000-0000-0000-000000000000}
ParentProcessId: 1016
ParentImage: -
ParentCommandLine: -
ParentUser: -"
Information,4/15/2023 8:31:07 PM,Microsoft-Windows-Sysmon,1,Process Create (rule: ProcessCreate),"Process Create:
RuleName: -
UtcTime: 2023-04-15 11:31:07.111
ProcessGuid: {2048537D-8AFB-643A-6B00-000000000900}
ProcessId: 3656
Image: C:\Windows\System32\wermgr.exe
FileVersion: 10.0.14393.1884 (rs1_release.171101-1233)
Description: Windows Problem Reporting
Product: Microsoft® Windows® Operating System
Company: Microsoft Corporation
OriginalFileName: WerMgr
CommandLine: ""C:\Windows\system32\wermgr.exe"" ""-outproc"" ""0"" ""1016"" ""956"" ""5528"" ""7444"" ""0"" ""0"" ""0"" ""0"" ""0"" ""0"" ""0"" ""0"" 
CurrentDirectory: C:\Windows\system32\
User: NT AUTHORITY\SYSTEM
LogonGuid: {2048537D-89C4-643A-E703-000000000000}
LogonId: 0x3E7
TerminalSessionId: 0
IntegrityLevel: System
Hashes: SHA256=99A3BBD357A66BBBE00D9215277A42417D1EC243BB5B88D12324318592BBFD58
ParentProcessGuid: {00000000-0000-0000-0000-000000000000}
ParentProcessId: 1016
ParentImage: -
ParentCommandLine: -
ParentUser: -"
Information,4/15/2023 8:30:58 PM,Microsoft-Windows-Sysmon,5,Process terminated (rule: ProcessTerminate),"Process terminated:
RuleName: -
UtcTime: 2023-04-15 11:30:58.421
ProcessGuid: {2048537D-8AF2-643A-6A00-000000000900}
ProcessId: 4164
Image: C:\Windows\System32\conhost.exe
User: NT AUTHORITY\SYSTEM"
Information,4/15/2023 8:30:58 PM,Microsoft-Windows-Sysmon,5,Process terminated (rule: ProcessTerminate),"Process terminated:
RuleName: -
UtcTime: 2023-04-15 11:30:58.421
ProcessGuid: {2048537D-8AF2-643A-6900-000000000900}
ProcessId: 3664
Image: C:\Windows\System32\UsoClient.exe
User: NT AUTHORITY\SYSTEM"
Information,4/15/2023 8:30:58 PM,Microsoft-Windows-Sysmon,1,Process Create (rule: ProcessCreate),"Process Create:
RuleName: -
UtcTime: 2023-04-15 11:30:58.066
ProcessGuid: {2048537D-8AF2-643A-6A00-000000000900}
ProcessId: 4164
Image: C:\Windows\System32\conhost.exe
FileVersion: 10.0.14393.0 (rs1_release.160715-1616)
Description: Console Window Host
Product: Microsoft® Windows® Operating System
Company: Microsoft Corporation
OriginalFileName: CONHOST.EXE
CommandLine: \??\C:\Windows\system32\conhost.exe 0xffffffff -ForceV1
CurrentDirectory: C:\Windows
User: NT AUTHORITY\SYSTEM
LogonGuid: {2048537D-89C4-643A-E703-000000000000}
LogonId: 0x3E7
TerminalSessionId: 0
IntegrityLevel: System
Hashes: SHA256=046F7A1B4DE67562547ED9A180A72F481FC41E803DE49A96D7D7C731964D53A0
ParentProcessGuid: {2048537D-8AF2-643A-6900-000000000900}
ParentProcessId: 3664
ParentImage: C:\Windows\System32\UsoClient.exe
ParentCommandLine: C:\Windows\system32\usoclient.exe StartScan
ParentUser: NT AUTHORITY\SYSTEM"
Information,4/15/2023 8:30:58 PM,Microsoft-Windows-Sysmon,1,Process Create (rule: ProcessCreate),"Process Create:
RuleName: -
UtcTime: 2023-04-15 11:30:58.064
ProcessGuid: {2048537D-8AF2-643A-6900-000000000900}
ProcessId: 3664
Image: C:\Windows\System32\UsoClient.exe
FileVersion: 10.0.14393.1884 (rs1_release.171101-1233)
Description: UsoClient
Product: Microsoft® Windows® Operating System
Company: Microsoft Corporation
OriginalFileName: UsoClient
CommandLine: C:\Windows\system32\usoclient.exe StartScan
CurrentDirectory: C:\Windows\system32\
User: NT AUTHORITY\SYSTEM
LogonGuid: {2048537D-89C4-643A-E703-000000000000}
LogonId: 0x3E7
TerminalSessionId: 0
IntegrityLevel: System
Hashes: SHA256=821DFAF9D6D43308D849A1849A5373801C8318E8EF19FDC9C93865F342667C4D
ParentProcessGuid: {00000000-0000-0000-0000-000000000000}
ParentProcessId: 1016
ParentImage: -
ParentCommandLine: -
ParentUser: -"
Information,4/15/2023 8:30:06 PM,Microsoft-Windows-Sysmon,5,Process terminated (rule: ProcessTerminate),"Process terminated:
RuleName: -
UtcTime: 2023-04-15 11:30:06.890
ProcessGuid: {2048537D-8AB5-643A-6800-000000000900}
ProcessId: 3584
Image: C:\Windows\System32\wbem\WMIADAP.exe
User: NT AUTHORITY\SYSTEM"
Information,4/15/2023 8:29:57 PM,Microsoft-Windows-Sysmon,1,Process Create (rule: ProcessCreate),"Process Create:
RuleName: -
UtcTime: 2023-04-15 11:29:57.439
ProcessGuid: {2048537D-8AB5-643A-6800-000000000900}
ProcessId: 3584
Image: C:\Windows\System32\wbem\WMIADAP.exe
FileVersion: 10.0.14393.0 (rs1_release.160715-1616)
Description: WMI Reverse Performance Adapter Maintenance Utility
Product: Microsoft® Windows® Operating System
Company: Microsoft Corporation
OriginalFileName: wmicookr.dll
CommandLine: wmiadap.exe /F /T /R
CurrentDirectory: C:\Windows\system32\
User: NT AUTHORITY\SYSTEM
LogonGuid: {2048537D-89C4-643A-E703-000000000000}
LogonId: 0x3E7
TerminalSessionId: 0
IntegrityLevel: System
Hashes: SHA256=2D198DF4BC9967FD9052A7D50CBD7FFD98EE4BE529275463DBA48B5569BD8B8D
ParentProcessGuid: {00000000-0000-0000-0000-000000000000}
ParentProcessId: 1016
ParentImage: -
ParentCommandLine: -
ParentUser: -"
Information,4/15/2023 8:29:56 PM,Microsoft-Windows-Sysmon,5,Process terminated (rule: ProcessTerminate),"Process terminated:
RuleName: -
UtcTime: 2023-04-15 11:29:56.921
ProcessGuid: {2048537D-8A91-643A-6600-000000000900}
ProcessId: 4408
Image: C:\Windows\System32\dllhost.exe
User: NT AUTHORITY\SYSTEM"
Information,4/15/2023 8:29:51 PM,Microsoft-Windows-Sysmon,5,Process terminated (rule: ProcessTerminate),"Process terminated:
RuleName: -
UtcTime: 2023-04-15 11:29:51.921
ProcessGuid: {2048537D-8A91-643A-6500-000000000900}
ProcessId: 4956
Image: C:\Windows\System32\taskhostw.exe
User: NT AUTHORITY\SYSTEM"
