Information,4/15/2023 8:56:53 PM,Microsoft-Windows-Sysmon,1,Process Create (rule: ProcessCreate),"Process Create:
RuleName: -
UtcTime: 2023-04-15 11:56:53.575
ProcessGuid: {2048537D-9105-643A-1A02-000000000A00}
ProcessId: 1736
Image: C:\Windows\Microsoft.NET\Framework\v4.0.30319\mscorsvw.exe
FileVersion: 4.6.1586.0 built by: NETFXREL2
Description: .NET Runtime Optimization Service
Product: Microsoft® .NET Framework
Company: Microsoft Corporation
OriginalFileName: mscorsvw.exe
CommandLine: C:\Windows\Microsoft.NET\Framework\v4.0.30319\mscorsvw.exe -StartupEvent 35c -InterruptEvent 0 -NGENProcess 34c -Pipe 344 -Comment ""NGen Worker Process""
CurrentDirectory: C:\Windows\system32\
User: NT AUTHORITY\SYSTEM
LogonGuid: {2048537D-8D03-643A-E703-000000000000}
LogonId: 0x3E7
TerminalSessionId: 0
IntegrityLevel: System
Hashes: SHA256=0B48C8BAF88A1672650007F29CB1FF48D6F5309C9AF7F9F78161BA8172877B4C
ParentProcessGuid: {2048537D-90FC-643A-CB00-000000000A00}
ParentProcessId: 3764
ParentImage: C:\Windows\Microsoft.NET\Framework\v4.0.30319\ngen.exe
ParentCommandLine: ""C:\Windows\Microsoft.NET\Framework\v4.0.30319\ngen.exe"" ExecuteQueuedItems /LegacyServiceBehavior
ParentUser: NT AUTHORITY\SYSTEM"
Information,4/15/2023 8:56:53 PM,Microsoft-Windows-Sysmon,5,Process terminated (rule: ProcessTerminate),"Process terminated:
RuleName: -
UtcTime: 2023-04-15 11:56:53.538
ProcessGuid: {2048537D-9105-643A-1802-000000000A00}
ProcessId: 3900
Image: C:\Windows\Microsoft.NET\Framework\v4.0.30319\mscorsvw.exe
User: NT AUTHORITY\SYSTEM"
Information,4/15/2023 8:56:53 PM,Microsoft-Windows-Sysmon,1,Process Create (rule: ProcessCreate),"Process Create:
RuleName: -
UtcTime: 2023-04-15 11:56:53.547
ProcessGuid: {2048537D-9105-643A-1902-000000000A00}
ProcessId: 4672
Image: C:\Windows\Microsoft.NET\Framework\v4.0.30319\mscorsvw.exe
FileVersion: 4.6.1586.0 built by: NETFXREL2
Description: .NET Runtime Optimization Service
Product: Microsoft® .NET Framework
Company: Microsoft Corporation
OriginalFileName: mscorsvw.exe
CommandLine: C:\Windows\Microsoft.NET\Framework\v4.0.30319\mscorsvw.exe -StartupEvent 354 -InterruptEvent 0 -NGENProcess 344 -Pipe 334 -Comment ""NGen Worker Process""
CurrentDirectory: C:\Windows\system32\
User: NT AUTHORITY\SYSTEM
LogonGuid: {2048537D-8D03-643A-E703-000000000000}
LogonId: 0x3E7
TerminalSessionId: 0
IntegrityLevel: System
Hashes: SHA256=0B48C8BAF88A1672650007F29CB1FF48D6F5309C9AF7F9F78161BA8172877B4C
ParentProcessGuid: {2048537D-90FC-643A-CB00-000000000A00}
ParentProcessId: 3764
ParentImage: C:\Windows\Microsoft.NET\Framework\v4.0.30319\ngen.exe
ParentCommandLine: ""C:\Windows\Microsoft.NET\Framework\v4.0.30319\ngen.exe"" ExecuteQueuedItems /LegacyServiceBehavior
ParentUser: NT AUTHORITY\SYSTEM"
Information,4/15/2023 8:56:53 PM,Microsoft-Windows-Sysmon,5,Process terminated (rule: ProcessTerminate),"Process terminated:
RuleName: -
UtcTime: 2023-04-15 11:56:53.507
ProcessGuid: {2048537D-9105-643A-1702-000000000A00}
ProcessId: 2164
Image: C:\Windows\Microsoft.NET\Framework\v4.0.30319\mscorsvw.exe
User: NT AUTHORITY\SYSTEM"
Information,4/15/2023 8:56:53 PM,Microsoft-Windows-Sysmon,1,Process Create (rule: ProcessCreate),"Process Create:
RuleName: -
UtcTime: 2023-04-15 11:56:53.515
ProcessGuid: {2048537D-9105-643A-1802-000000000A00}
ProcessId: 3900
Image: C:\Windows\Microsoft.NET\Framework\v4.0.30319\mscorsvw.exe
FileVersion: 4.6.1586.0 built by: NETFXREL2
Description: .NET Runtime Optimization Service
Product: Microsoft® .NET Framework
Company: Microsoft Corporation
OriginalFileName: mscorsvw.exe
CommandLine: C:\Windows\Microsoft.NET\Framework\v4.0.30319\mscorsvw.exe -StartupEvent 34c -InterruptEvent 0 -NGENProcess 334 -Pipe 2c4 -Comment ""NGen Worker Process""
CurrentDirectory: C:\Windows\system32\
User: NT AUTHORITY\SYSTEM
LogonGuid: {2048537D-8D03-643A-E703-000000000000}
LogonId: 0x3E7
TerminalSessionId: 0
IntegrityLevel: System
Hashes: SHA256=0B48C8BAF88A1672650007F29CB1FF48D6F5309C9AF7F9F78161BA8172877B4C
ParentProcessGuid: {2048537D-90FC-643A-CB00-000000000A00}
ParentProcessId: 3764
ParentImage: C:\Windows\Microsoft.NET\Framework\v4.0.30319\ngen.exe
ParentCommandLine: ""C:\Windows\Microsoft.NET\Framework\v4.0.30319\ngen.exe"" ExecuteQueuedItems /LegacyServiceBehavior
ParentUser: NT AUTHORITY\SYSTEM"
Information,4/15/2023 8:56:53 PM,Microsoft-Windows-Sysmon,5,Process terminated (rule: ProcessTerminate),"Process terminated:
RuleName: -
UtcTime: 2023-04-15 11:56:53.491
ProcessGuid: {2048537D-9105-643A-1602-000000000A00}
ProcessId: 4424
Image: C:\Windows\Microsoft.NET\Framework\v4.0.30319\mscorsvw.exe
User: NT AUTHORITY\SYSTEM"
Information,4/15/2023 8:56:53 PM,Microsoft-Windows-Sysmon,1,Process Create (rule: ProcessCreate),"Process Create:
RuleName: -
UtcTime: 2023-04-15 11:56:53.492
ProcessGuid: {2048537D-9105-643A-1702-000000000A00}
ProcessId: 2164
Image: C:\Windows\Microsoft.NET\Framework\v4.0.30319\mscorsvw.exe
FileVersion: 4.6.1586.0 built by: NETFXREL2
Description: .NET Runtime Optimization Service
Product: Microsoft® .NET Framework
Company: Microsoft Corporation
OriginalFileName: mscorsvw.exe
CommandLine: C:\Windows\Microsoft.NET\Framework\v4.0.30319\mscorsvw.exe -StartupEvent 344 -InterruptEvent 0 -NGENProcess 2c4 -Pipe 2d0 -Comment ""NGen Worker Process""
CurrentDirectory: C:\Windows\system32\
User: NT AUTHORITY\SYSTEM
LogonGuid: {2048537D-8D03-643A-E703-000000000000}
LogonId: 0x3E7
TerminalSessionId: 0
IntegrityLevel: System
Hashes: SHA256=0B48C8BAF88A1672650007F29CB1FF48D6F5309C9AF7F9F78161BA8172877B4C
ParentProcessGuid: {2048537D-90FC-643A-CB00-000000000A00}
ParentProcessId: 3764
ParentImage: C:\Windows\Microsoft.NET\Framework\v4.0.30319\ngen.exe
ParentCommandLine: ""C:\Windows\Microsoft.NET\Framework\v4.0.30319\ngen.exe"" ExecuteQueuedItems /LegacyServiceBehavior
ParentUser: NT AUTHORITY\SYSTEM"
Information,4/15/2023 8:56:53 PM,Microsoft-Windows-Sysmon,5,Process terminated (rule: ProcessTerminate),"Process terminated:
RuleName: -
UtcTime: 2023-04-15 11:56:53.444
ProcessGuid: {2048537D-9105-643A-1502-000000000A00}
ProcessId: 4208
Image: C:\Windows\Microsoft.NET\Framework\v4.0.30319\mscorsvw.exe
User: NT AUTHORITY\SYSTEM"
Information,4/15/2023 8:56:53 PM,Microsoft-Windows-Sysmon,1,Process Create (rule: ProcessCreate),"Process Create:
RuleName: -
UtcTime: 2023-04-15 11:56:53.458
ProcessGuid: {2048537D-9105-643A-1602-000000000A00}
ProcessId: 4424
Image: C:\Windows\Microsoft.NET\Framework\v4.0.30319\mscorsvw.exe
FileVersion: 4.6.1586.0 built by: NETFXREL2
Description: .NET Runtime Optimization Service
Product: Microsoft® .NET Framework
Company: Microsoft Corporation
OriginalFileName: mscorsvw.exe
CommandLine: C:\Windows\Microsoft.NET\Framework\v4.0.30319\mscorsvw.exe -StartupEvent 334 -InterruptEvent 0 -NGENProcess 2d0 -Pipe 2f8 -Comment ""NGen Worker Process""
CurrentDirectory: C:\Windows\system32\
User: NT AUTHORITY\SYSTEM
LogonGuid: {2048537D-8D03-643A-E703-000000000000}
LogonId: 0x3E7
TerminalSessionId: 0
IntegrityLevel: System
Hashes: SHA256=0B48C8BAF88A1672650007F29CB1FF48D6F5309C9AF7F9F78161BA8172877B4C
ParentProcessGuid: {2048537D-90FC-643A-CB00-000000000A00}
ParentProcessId: 3764
ParentImage: C:\Windows\Microsoft.NET\Framework\v4.0.30319\ngen.exe
ParentCommandLine: ""C:\Windows\Microsoft.NET\Framework\v4.0.30319\ngen.exe"" ExecuteQueuedItems /LegacyServiceBehavior
ParentUser: NT AUTHORITY\SYSTEM"
Information,4/15/2023 8:56:53 PM,Microsoft-Windows-Sysmon,5,Process terminated (rule: ProcessTerminate),"Process terminated:
RuleName: -
UtcTime: 2023-04-15 11:56:53.413
ProcessGuid: {2048537D-9105-643A-1402-000000000A00}
ProcessId: 4692
Image: C:\Windows\Microsoft.NET\Framework\v4.0.30319\mscorsvw.exe
User: NT AUTHORITY\SYSTEM"
Information,4/15/2023 8:56:53 PM,Microsoft-Windows-Sysmon,1,Process Create (rule: ProcessCreate),"Process Create:
RuleName: -
UtcTime: 2023-04-15 11:56:53.413
ProcessGuid: {2048537D-9105-643A-1502-000000000A00}
ProcessId: 4208
Image: C:\Windows\Microsoft.NET\Framework\v4.0.30319\mscorsvw.exe
FileVersion: 4.6.1586.0 built by: NETFXREL2
Description: .NET Runtime Optimization Service
Product: Microsoft® .NET Framework
Company: Microsoft Corporation
OriginalFileName: mscorsvw.exe
CommandLine: C:\Windows\Microsoft.NET\Framework\v4.0.30319\mscorsvw.exe -StartupEvent 338 -InterruptEvent 0 -NGENProcess 264 -Pipe 2c0 -Comment ""NGen Worker Process""
CurrentDirectory: C:\Windows\system32\
User: NT AUTHORITY\SYSTEM
LogonGuid: {2048537D-8D03-643A-E703-000000000000}
LogonId: 0x3E7
TerminalSessionId: 0
IntegrityLevel: System
Hashes: SHA256=0B48C8BAF88A1672650007F29CB1FF48D6F5309C9AF7F9F78161BA8172877B4C
ParentProcessGuid: {2048537D-90FC-643A-CB00-000000000A00}
ParentProcessId: 3764
ParentImage: C:\Windows\Microsoft.NET\Framework\v4.0.30319\ngen.exe
ParentCommandLine: ""C:\Windows\Microsoft.NET\Framework\v4.0.30319\ngen.exe"" ExecuteQueuedItems /LegacyServiceBehavior
ParentUser: NT AUTHORITY\SYSTEM"
Information,4/15/2023 8:56:53 PM,Microsoft-Windows-Sysmon,5,Process terminated (rule: ProcessTerminate),"Process terminated:
RuleName: -
UtcTime: 2023-04-15 11:56:53.366
ProcessGuid: {2048537D-9105-643A-1302-000000000A00}
ProcessId: 2000
Image: C:\Windows\Microsoft.NET\Framework\v4.0.30319\mscorsvw.exe
User: NT AUTHORITY\SYSTEM"
Information,4/15/2023 8:56:53 PM,Microsoft-Windows-Sysmon,1,Process Create (rule: ProcessCreate),"Process Create:
RuleName: -
UtcTime: 2023-04-15 11:56:53.371
ProcessGuid: {2048537D-9105-643A-1402-000000000A00}
ProcessId: 4692
Image: C:\Windows\Microsoft.NET\Framework\v4.0.30319\mscorsvw.exe
FileVersion: 4.6.1586.0 built by: NETFXREL2
Description: .NET Runtime Optimization Service
Product: Microsoft® .NET Framework
Company: Microsoft Corporation
OriginalFileName: mscorsvw.exe
CommandLine: C:\Windows\Microsoft.NET\Framework\v4.0.30319\mscorsvw.exe -StartupEvent 320 -InterruptEvent 0 -NGENProcess 2c0 -Pipe 2fc -Comment ""NGen Worker Process""
CurrentDirectory: C:\Windows\system32\
User: NT AUTHORITY\SYSTEM
LogonGuid: {2048537D-8D03-643A-E703-000000000000}
LogonId: 0x3E7
TerminalSessionId: 0
IntegrityLevel: System
Hashes: SHA256=0B48C8BAF88A1672650007F29CB1FF48D6F5309C9AF7F9F78161BA8172877B4C
ParentProcessGuid: {2048537D-90FC-643A-CB00-000000000A00}
ParentProcessId: 3764
ParentImage: C:\Windows\Microsoft.NET\Framework\v4.0.30319\ngen.exe
ParentCommandLine: ""C:\Windows\Microsoft.NET\Framework\v4.0.30319\ngen.exe"" ExecuteQueuedItems /LegacyServiceBehavior
ParentUser: NT AUTHORITY\SYSTEM"
Information,4/15/2023 8:56:53 PM,Microsoft-Windows-Sysmon,5,Process terminated (rule: ProcessTerminate),"Process terminated:
RuleName: -
UtcTime: 2023-04-15 11:56:53.335
ProcessGuid: {2048537D-9105-643A-1202-000000000A00}
ProcessId: 2180
Image: C:\Windows\Microsoft.NET\Framework\v4.0.30319\mscorsvw.exe
User: NT AUTHORITY\SYSTEM"
Information,4/15/2023 8:56:53 PM,Microsoft-Windows-Sysmon,1,Process Create (rule: ProcessCreate),"Process Create:
RuleName: -
UtcTime: 2023-04-15 11:56:53.343
ProcessGuid: {2048537D-9105-643A-1302-000000000A00}
ProcessId: 2000
Image: C:\Windows\Microsoft.NET\Framework\v4.0.30319\mscorsvw.exe
FileVersion: 4.6.1586.0 built by: NETFXREL2
Description: .NET Runtime Optimization Service
Product: Microsoft® .NET Framework
Company: Microsoft Corporation
OriginalFileName: mscorsvw.exe
CommandLine: C:\Windows\Microsoft.NET\Framework\v4.0.30319\mscorsvw.exe -StartupEvent 2c4 -InterruptEvent 0 -NGENProcess 334 -Pipe 2ec -Comment ""NGen Worker Process""
CurrentDirectory: C:\Windows\system32\
User: NT AUTHORITY\SYSTEM
LogonGuid: {2048537D-8D03-643A-E703-000000000000}
LogonId: 0x3E7
TerminalSessionId: 0
IntegrityLevel: System
Hashes: SHA256=0B48C8BAF88A1672650007F29CB1FF48D6F5309C9AF7F9F78161BA8172877B4C
ParentProcessGuid: {2048537D-90FC-643A-CB00-000000000A00}
ParentProcessId: 3764
ParentImage: C:\Windows\Microsoft.NET\Framework\v4.0.30319\ngen.exe
ParentCommandLine: ""C:\Windows\Microsoft.NET\Framework\v4.0.30319\ngen.exe"" ExecuteQueuedItems /LegacyServiceBehavior
ParentUser: NT AUTHORITY\SYSTEM"
Information,4/15/2023 8:56:53 PM,Microsoft-Windows-Sysmon,5,Process terminated (rule: ProcessTerminate),"Process terminated:
RuleName: -
UtcTime: 2023-04-15 11:56:53.304
ProcessGuid: {2048537D-9105-643A-1102-000000000A00}
ProcessId: 2408
Image: C:\Windows\Microsoft.NET\Framework\v4.0.30319\mscorsvw.exe
User: NT AUTHORITY\SYSTEM"
Information,4/15/2023 8:56:53 PM,Microsoft-Windows-Sysmon,1,Process Create (rule: ProcessCreate),"Process Create:
RuleName: -
UtcTime: 2023-04-15 11:56:53.313
ProcessGuid: {2048537D-9105-643A-1202-000000000A00}
ProcessId: 2180
Image: C:\Windows\Microsoft.NET\Framework\v4.0.30319\mscorsvw.exe
FileVersion: 4.6.1586.0 built by: NETFXREL2
Description: .NET Runtime Optimization Service
Product: Microsoft® .NET Framework
Company: Microsoft Corporation
OriginalFileName: mscorsvw.exe
CommandLine: C:\Windows\Microsoft.NET\Framework\v4.0.30319\mscorsvw.exe -StartupEvent 2f8 -InterruptEvent 0 -NGENProcess 2ec -Pipe 324 -Comment ""NGen Worker Process""
CurrentDirectory: C:\Windows\system32\
User: NT AUTHORITY\SYSTEM
LogonGuid: {2048537D-8D03-643A-E703-000000000000}
LogonId: 0x3E7
TerminalSessionId: 0
IntegrityLevel: System
Hashes: SHA256=0B48C8BAF88A1672650007F29CB1FF48D6F5309C9AF7F9F78161BA8172877B4C
ParentProcessGuid: {2048537D-90FC-643A-CB00-000000000A00}
ParentProcessId: 3764
ParentImage: C:\Windows\Microsoft.NET\Framework\v4.0.30319\ngen.exe
ParentCommandLine: ""C:\Windows\Microsoft.NET\Framework\v4.0.30319\ngen.exe"" ExecuteQueuedItems /LegacyServiceBehavior
ParentUser: NT AUTHORITY\SYSTEM"
Information,4/15/2023 8:56:53 PM,Microsoft-Windows-Sysmon,5,Process terminated (rule: ProcessTerminate),"Process terminated:
RuleName: -
UtcTime: 2023-04-15 11:56:53.272
ProcessGuid: {2048537D-9105-643A-1002-000000000A00}
ProcessId: 3636
Image: C:\Windows\Microsoft.NET\Framework\v4.0.30319\mscorsvw.exe
User: NT AUTHORITY\SYSTEM"
Information,4/15/2023 8:56:53 PM,Microsoft-Windows-Sysmon,1,Process Create (rule: ProcessCreate),"Process Create:
RuleName: -
UtcTime: 2023-04-15 11:56:53.287
ProcessGuid: {2048537D-9105-643A-1102-000000000A00}
ProcessId: 2408
Image: C:\Windows\Microsoft.NET\Framework\v4.0.30319\mscorsvw.exe
FileVersion: 4.6.1586.0 built by: NETFXREL2
Description: .NET Runtime Optimization Service
Product: Microsoft® .NET Framework
Company: Microsoft Corporation
OriginalFileName: mscorsvw.exe
CommandLine: C:\Windows\Microsoft.NET\Framework\v4.0.30319\mscorsvw.exe -StartupEvent 264 -InterruptEvent 0 -NGENProcess 320 -Pipe 2a4 -Comment ""NGen Worker Process""
CurrentDirectory: C:\Windows\system32\
User: NT AUTHORITY\SYSTEM
LogonGuid: {2048537D-8D03-643A-E703-000000000000}
LogonId: 0x3E7
TerminalSessionId: 0
IntegrityLevel: System
Hashes: SHA256=0B48C8BAF88A1672650007F29CB1FF48D6F5309C9AF7F9F78161BA8172877B4C
ParentProcessGuid: {2048537D-90FC-643A-CB00-000000000A00}
ParentProcessId: 3764
ParentImage: C:\Windows\Microsoft.NET\Framework\v4.0.30319\ngen.exe
ParentCommandLine: ""C:\Windows\Microsoft.NET\Framework\v4.0.30319\ngen.exe"" ExecuteQueuedItems /LegacyServiceBehavior
ParentUser: NT AUTHORITY\SYSTEM"
Information,4/15/2023 8:56:53 PM,Microsoft-Windows-Sysmon,5,Process terminated (rule: ProcessTerminate),"Process terminated:
RuleName: -
UtcTime: 2023-04-15 11:56:53.241
ProcessGuid: {2048537D-9105-643A-0F02-000000000A00}
ProcessId: 4616
Image: C:\Windows\Microsoft.NET\Framework\v4.0.30319\mscorsvw.exe
User: NT AUTHORITY\SYSTEM"
Information,4/15/2023 8:56:53 PM,Microsoft-Windows-Sysmon,1,Process Create (rule: ProcessCreate),"Process Create:
RuleName: -
UtcTime: 2023-04-15 11:56:53.246
ProcessGuid: {2048537D-9105-643A-1002-000000000A00}
ProcessId: 3636
Image: C:\Windows\Microsoft.NET\Framework\v4.0.30319\mscorsvw.exe
FileVersion: 4.6.1586.0 built by: NETFXREL2
Description: .NET Runtime Optimization Service
Product: Microsoft® .NET Framework
Company: Microsoft Corporation
OriginalFileName: mscorsvw.exe
CommandLine: C:\Windows\Microsoft.NET\Framework\v4.0.30319\mscorsvw.exe -StartupEvent 2fc -InterruptEvent 0 -NGENProcess 2a4 -Pipe 2b8 -Comment ""NGen Worker Process""
CurrentDirectory: C:\Windows\system32\
User: NT AUTHORITY\SYSTEM
LogonGuid: {2048537D-8D03-643A-E703-000000000000}
LogonId: 0x3E7
TerminalSessionId: 0
IntegrityLevel: System
Hashes: SHA256=0B48C8BAF88A1672650007F29CB1FF48D6F5309C9AF7F9F78161BA8172877B4C
ParentProcessGuid: {2048537D-90FC-643A-CB00-000000000A00}
ParentProcessId: 3764
ParentImage: C:\Windows\Microsoft.NET\Framework\v4.0.30319\ngen.exe
ParentCommandLine: ""C:\Windows\Microsoft.NET\Framework\v4.0.30319\ngen.exe"" ExecuteQueuedItems /LegacyServiceBehavior
ParentUser: NT AUTHORITY\SYSTEM"
Information,4/15/2023 8:56:53 PM,Microsoft-Windows-Sysmon,5,Process terminated (rule: ProcessTerminate),"Process terminated:
RuleName: -
UtcTime: 2023-04-15 11:56:53.194
ProcessGuid: {2048537D-9105-643A-0E02-000000000A00}
ProcessId: 4088
Image: C:\Windows\Microsoft.NET\Framework\v4.0.30319\mscorsvw.exe
User: NT AUTHORITY\SYSTEM"
Information,4/15/2023 8:56:53 PM,Microsoft-Windows-Sysmon,1,Process Create (rule: ProcessCreate),"Process Create:
RuleName: -
UtcTime: 2023-04-15 11:56:53.207
ProcessGuid: {2048537D-9105-643A-0F02-000000000A00}
ProcessId: 4616
Image: C:\Windows\Microsoft.NET\Framework\v4.0.30319\mscorsvw.exe
FileVersion: 4.6.1586.0 built by: NETFXREL2
Description: .NET Runtime Optimization Service
Product: Microsoft® .NET Framework
Company: Microsoft Corporation
OriginalFileName: mscorsvw.exe
CommandLine: C:\Windows\Microsoft.NET\Framework\v4.0.30319\mscorsvw.exe -StartupEvent 2c4 -InterruptEvent 0 -NGENProcess 264 -Pipe 300 -Comment ""NGen Worker Process""
CurrentDirectory: C:\Windows\system32\
User: NT AUTHORITY\SYSTEM
LogonGuid: {2048537D-8D03-643A-E703-000000000000}
LogonId: 0x3E7
TerminalSessionId: 0
IntegrityLevel: System
Hashes: SHA256=0B48C8BAF88A1672650007F29CB1FF48D6F5309C9AF7F9F78161BA8172877B4C
ParentProcessGuid: {2048537D-90FC-643A-CB00-000000000A00}
ParentProcessId: 3764
ParentImage: C:\Windows\Microsoft.NET\Framework\v4.0.30319\ngen.exe
ParentCommandLine: ""C:\Windows\Microsoft.NET\Framework\v4.0.30319\ngen.exe"" ExecuteQueuedItems /LegacyServiceBehavior
ParentUser: NT AUTHORITY\SYSTEM"
Information,4/15/2023 8:56:53 PM,Microsoft-Windows-Sysmon,5,Process terminated (rule: ProcessTerminate),"Process terminated:
RuleName: -
UtcTime: 2023-04-15 11:56:53.179
ProcessGuid: {2048537D-9105-643A-0D02-000000000A00}
ProcessId: 3968
Image: C:\Windows\Microsoft.NET\Framework\v4.0.30319\mscorsvw.exe
User: NT AUTHORITY\SYSTEM"
Information,4/15/2023 8:56:53 PM,Microsoft-Windows-Sysmon,1,Process Create (rule: ProcessCreate),"Process Create:
RuleName: -
UtcTime: 2023-04-15 11:56:53.181
ProcessGuid: {2048537D-9105-643A-0E02-000000000A00}
ProcessId: 4088
Image: C:\Windows\Microsoft.NET\Framework\v4.0.30319\mscorsvw.exe
FileVersion: 4.6.1586.0 built by: NETFXREL2
Description: .NET Runtime Optimization Service
Product: Microsoft® .NET Framework
Company: Microsoft Corporation
OriginalFileName: mscorsvw.exe
CommandLine: C:\Windows\Microsoft.NET\Framework\v4.0.30319\mscorsvw.exe -StartupEvent 324 -InterruptEvent 0 -NGENProcess 300 -Pipe 2b0 -Comment ""NGen Worker Process""
CurrentDirectory: C:\Windows\system32\
User: NT AUTHORITY\SYSTEM
LogonGuid: {2048537D-8D03-643A-E703-000000000000}
LogonId: 0x3E7
TerminalSessionId: 0
IntegrityLevel: System
Hashes: SHA256=0B48C8BAF88A1672650007F29CB1FF48D6F5309C9AF7F9F78161BA8172877B4C
ParentProcessGuid: {2048537D-90FC-643A-CB00-000000000A00}
ParentProcessId: 3764
ParentImage: C:\Windows\Microsoft.NET\Framework\v4.0.30319\ngen.exe
ParentCommandLine: ""C:\Windows\Microsoft.NET\Framework\v4.0.30319\ngen.exe"" ExecuteQueuedItems /LegacyServiceBehavior
ParentUser: NT AUTHORITY\SYSTEM"
Information,4/15/2023 8:56:53 PM,Microsoft-Windows-Sysmon,5,Process terminated (rule: ProcessTerminate),"Process terminated:
RuleName: -
UtcTime: 2023-04-15 11:56:53.132
ProcessGuid: {2048537D-9105-643A-0C02-000000000A00}
ProcessId: 3148
Image: C:\Windows\Microsoft.NET\Framework\v4.0.30319\mscorsvw.exe
User: NT AUTHORITY\SYSTEM"
Information,4/15/2023 8:56:53 PM,Microsoft-Windows-Sysmon,1,Process Create (rule: ProcessCreate),"Process Create:
RuleName: -
UtcTime: 2023-04-15 11:56:53.146
ProcessGuid: {2048537D-9105-643A-0D02-000000000A00}
ProcessId: 3968
Image: C:\Windows\Microsoft.NET\Framework\v4.0.30319\mscorsvw.exe
FileVersion: 4.6.1586.0 built by: NETFXREL2
Description: .NET Runtime Optimization Service
Product: Microsoft® .NET Framework
Company: Microsoft Corporation
OriginalFileName: mscorsvw.exe
CommandLine: C:\Windows\Microsoft.NET\Framework\v4.0.30319\mscorsvw.exe -StartupEvent 2f8 -InterruptEvent 0 -NGENProcess 2ec -Pipe 328 -Comment ""NGen Worker Process""
CurrentDirectory: C:\Windows\system32\
User: NT AUTHORITY\SYSTEM
LogonGuid: {2048537D-8D03-643A-E703-000000000000}
LogonId: 0x3E7
TerminalSessionId: 0
IntegrityLevel: System
Hashes: SHA256=0B48C8BAF88A1672650007F29CB1FF48D6F5309C9AF7F9F78161BA8172877B4C
ParentProcessGuid: {2048537D-90FC-643A-CB00-000000000A00}
ParentProcessId: 3764
ParentImage: C:\Windows\Microsoft.NET\Framework\v4.0.30319\ngen.exe
ParentCommandLine: ""C:\Windows\Microsoft.NET\Framework\v4.0.30319\ngen.exe"" ExecuteQueuedItems /LegacyServiceBehavior
ParentUser: NT AUTHORITY\SYSTEM"
Information,4/15/2023 8:56:53 PM,Microsoft-Windows-Sysmon,5,Process terminated (rule: ProcessTerminate),"Process terminated:
RuleName: -
UtcTime: 2023-04-15 11:56:53.085
ProcessGuid: {2048537D-9105-643A-0B02-000000000A00}
ProcessId: 3312
Image: C:\Windows\Microsoft.NET\Framework\v4.0.30319\mscorsvw.exe
User: NT AUTHORITY\SYSTEM"
Information,4/15/2023 8:56:53 PM,Microsoft-Windows-Sysmon,1,Process Create (rule: ProcessCreate),"Process Create:
RuleName: -
UtcTime: 2023-04-15 11:56:53.096
ProcessGuid: {2048537D-9105-643A-0C02-000000000A00}
ProcessId: 3148
Image: C:\Windows\Microsoft.NET\Framework\v4.0.30319\mscorsvw.exe
FileVersion: 4.6.1586.0 built by: NETFXREL2
Description: .NET Runtime Optimization Service
Product: Microsoft® .NET Framework
Company: Microsoft Corporation
OriginalFileName: mscorsvw.exe
CommandLine: C:\Windows\Microsoft.NET\Framework\v4.0.30319\mscorsvw.exe -StartupEvent 2b8 -InterruptEvent 0 -NGENProcess 328 -Pipe 31c -Comment ""NGen Worker Process""
CurrentDirectory: C:\Windows\system32\
User: NT AUTHORITY\SYSTEM
LogonGuid: {2048537D-8D03-643A-E703-000000000000}
LogonId: 0x3E7
TerminalSessionId: 0
IntegrityLevel: System
Hashes: SHA256=0B48C8BAF88A1672650007F29CB1FF48D6F5309C9AF7F9F78161BA8172877B4C
ParentProcessGuid: {2048537D-90FC-643A-CB00-000000000A00}
ParentProcessId: 3764
ParentImage: C:\Windows\Microsoft.NET\Framework\v4.0.30319\ngen.exe
ParentCommandLine: ""C:\Windows\Microsoft.NET\Framework\v4.0.30319\ngen.exe"" ExecuteQueuedItems /LegacyServiceBehavior
ParentUser: NT AUTHORITY\SYSTEM"
Information,4/15/2023 8:56:53 PM,Microsoft-Windows-Sysmon,5,Process terminated (rule: ProcessTerminate),"Process terminated:
RuleName: -
UtcTime: 2023-04-15 11:56:53.069
ProcessGuid: {2048537D-9105-643A-0A02-000000000A00}
ProcessId: 5080
Image: C:\Windows\Microsoft.NET\Framework\v4.0.30319\mscorsvw.exe
User: NT AUTHORITY\SYSTEM"
Information,4/15/2023 8:56:53 PM,Microsoft-Windows-Sysmon,1,Process Create (rule: ProcessCreate),"Process Create:
RuleName: -
UtcTime: 2023-04-15 11:56:53.073
ProcessGuid: {2048537D-9105-643A-0B02-000000000A00}
ProcessId: 3312
Image: C:\Windows\Microsoft.NET\Framework\v4.0.30319\mscorsvw.exe
FileVersion: 4.6.1586.0 built by: NETFXREL2
Description: .NET Runtime Optimization Service
Product: Microsoft® .NET Framework
Company: Microsoft Corporation
OriginalFileName: mscorsvw.exe
CommandLine: C:\Windows\Microsoft.NET\Framework\v4.0.30319\mscorsvw.exe -StartupEvent 264 -InterruptEvent 0 -NGENProcess 2f8 -Pipe 2f4 -Comment ""NGen Worker Process""
CurrentDirectory: C:\Windows\system32\
User: NT AUTHORITY\SYSTEM
LogonGuid: {2048537D-8D03-643A-E703-000000000000}
LogonId: 0x3E7
TerminalSessionId: 0
IntegrityLevel: System
Hashes: SHA256=0B48C8BAF88A1672650007F29CB1FF48D6F5309C9AF7F9F78161BA8172877B4C
ParentProcessGuid: {2048537D-90FC-643A-CB00-000000000A00}
ParentProcessId: 3764
ParentImage: C:\Windows\Microsoft.NET\Framework\v4.0.30319\ngen.exe
ParentCommandLine: ""C:\Windows\Microsoft.NET\Framework\v4.0.30319\ngen.exe"" ExecuteQueuedItems /LegacyServiceBehavior
ParentUser: NT AUTHORITY\SYSTEM"
Information,4/15/2023 8:56:53 PM,Microsoft-Windows-Sysmon,5,Process terminated (rule: ProcessTerminate),"Process terminated:
RuleName: -
UtcTime: 2023-04-15 11:56:53.038
ProcessGuid: {2048537D-9105-643A-0902-000000000A00}
ProcessId: 3924
Image: C:\Windows\Microsoft.NET\Framework\v4.0.30319\mscorsvw.exe
User: NT AUTHORITY\SYSTEM"
Information,4/15/2023 8:56:53 PM,Microsoft-Windows-Sysmon,1,Process Create (rule: ProcessCreate),"Process Create:
RuleName: -
UtcTime: 2023-04-15 11:56:53.043
ProcessGuid: {2048537D-9105-643A-0A02-000000000A00}
ProcessId: 5080
Image: C:\Windows\Microsoft.NET\Framework\v4.0.30319\mscorsvw.exe
FileVersion: 4.6.1586.0 built by: NETFXREL2
Description: .NET Runtime Optimization Service
Product: Microsoft® .NET Framework
Company: Microsoft Corporation
OriginalFileName: mscorsvw.exe
CommandLine: C:\Windows\Microsoft.NET\Framework\v4.0.30319\mscorsvw.exe -StartupEvent 2b0 -InterruptEvent 0 -NGENProcess 2f4 -Pipe 2e8 -Comment ""NGen Worker Process""
CurrentDirectory: C:\Windows\system32\
User: NT AUTHORITY\SYSTEM
LogonGuid: {2048537D-8D03-643A-E703-000000000000}
LogonId: 0x3E7
TerminalSessionId: 0
IntegrityLevel: System
Hashes: SHA256=0B48C8BAF88A1672650007F29CB1FF48D6F5309C9AF7F9F78161BA8172877B4C
ParentProcessGuid: {2048537D-90FC-643A-CB00-000000000A00}
ParentProcessId: 3764
ParentImage: C:\Windows\Microsoft.NET\Framework\v4.0.30319\ngen.exe
ParentCommandLine: ""C:\Windows\Microsoft.NET\Framework\v4.0.30319\ngen.exe"" ExecuteQueuedItems /LegacyServiceBehavior
ParentUser: NT AUTHORITY\SYSTEM"
Information,4/15/2023 8:56:53 PM,Microsoft-Windows-Sysmon,5,Process terminated (rule: ProcessTerminate),"Process terminated:
RuleName: -
UtcTime: 2023-04-15 11:56:53.007
ProcessGuid: {2048537D-9104-643A-0802-000000000A00}
ProcessId: 3748
Image: C:\Windows\Microsoft.NET\Framework\v4.0.30319\mscorsvw.exe
User: NT AUTHORITY\SYSTEM"
Information,4/15/2023 8:56:53 PM,Microsoft-Windows-Sysmon,1,Process Create (rule: ProcessCreate),"Process Create:
RuleName: -
UtcTime: 2023-04-15 11:56:53.012
ProcessGuid: {2048537D-9105-643A-0902-000000000A00}
ProcessId: 3924
Image: C:\Windows\Microsoft.NET\Framework\v4.0.30319\mscorsvw.exe
FileVersion: 4.6.1586.0 built by: NETFXREL2
Description: .NET Runtime Optimization Service
Product: Microsoft® .NET Framework
Company: Microsoft Corporation
OriginalFileName: mscorsvw.exe
CommandLine: C:\Windows\Microsoft.NET\Framework\v4.0.30319\mscorsvw.exe -StartupEvent 2a4 -InterruptEvent 0 -NGENProcess 300 -Pipe 2a8 -Comment ""NGen Worker Process""
CurrentDirectory: C:\Windows\system32\
User: NT AUTHORITY\SYSTEM
LogonGuid: {2048537D-8D03-643A-E703-000000000000}
LogonId: 0x3E7
TerminalSessionId: 0
IntegrityLevel: System
Hashes: SHA256=0B48C8BAF88A1672650007F29CB1FF48D6F5309C9AF7F9F78161BA8172877B4C
ParentProcessGuid: {2048537D-90FC-643A-CB00-000000000A00}
ParentProcessId: 3764
ParentImage: C:\Windows\Microsoft.NET\Framework\v4.0.30319\ngen.exe
ParentCommandLine: ""C:\Windows\Microsoft.NET\Framework\v4.0.30319\ngen.exe"" ExecuteQueuedItems /LegacyServiceBehavior
ParentUser: NT AUTHORITY\SYSTEM"
Information,4/15/2023 8:56:52 PM,Microsoft-Windows-Sysmon,5,Process terminated (rule: ProcessTerminate),"Process terminated:
RuleName: -
UtcTime: 2023-04-15 11:56:52.991
ProcessGuid: {2048537D-9104-643A-0702-000000000A00}
ProcessId: 4124
Image: C:\Windows\Microsoft.NET\Framework\v4.0.30319\mscorsvw.exe
User: NT AUTHORITY\SYSTEM"
Information,4/15/2023 8:56:52 PM,Microsoft-Windows-Sysmon,1,Process Create (rule: ProcessCreate),"Process Create:
RuleName: -
UtcTime: 2023-04-15 11:56:52.991
ProcessGuid: {2048537D-9104-643A-0802-000000000A00}
ProcessId: 3748
Image: C:\Windows\Microsoft.NET\Framework\v4.0.30319\mscorsvw.exe
FileVersion: 4.6.1586.0 built by: NETFXREL2
Description: .NET Runtime Optimization Service
Product: Microsoft® .NET Framework
Company: Microsoft Corporation
OriginalFileName: mscorsvw.exe
CommandLine: C:\Windows\Microsoft.NET\Framework\v4.0.30319\mscorsvw.exe -StartupEvent 320 -InterruptEvent 0 -NGENProcess 2a8 -Pipe 2d4 -Comment ""NGen Worker Process""
CurrentDirectory: C:\Windows\system32\
User: NT AUTHORITY\SYSTEM
LogonGuid: {2048537D-8D03-643A-E703-000000000000}
LogonId: 0x3E7
TerminalSessionId: 0
IntegrityLevel: System
Hashes: SHA256=0B48C8BAF88A1672650007F29CB1FF48D6F5309C9AF7F9F78161BA8172877B4C
ParentProcessGuid: {2048537D-90FC-643A-CB00-000000000A00}
ParentProcessId: 3764
ParentImage: C:\Windows\Microsoft.NET\Framework\v4.0.30319\ngen.exe
ParentCommandLine: ""C:\Windows\Microsoft.NET\Framework\v4.0.30319\ngen.exe"" ExecuteQueuedItems /LegacyServiceBehavior
ParentUser: NT AUTHORITY\SYSTEM"
Information,4/15/2023 8:56:52 PM,Microsoft-Windows-Sysmon,5,Process terminated (rule: ProcessTerminate),"Process terminated:
RuleName: -
UtcTime: 2023-04-15 11:56:52.960
ProcessGuid: {2048537D-9104-643A-0602-000000000A00}
ProcessId: 4536
Image: C:\Windows\Microsoft.NET\Framework\v4.0.30319\mscorsvw.exe
User: NT AUTHORITY\SYSTEM"
Information,4/15/2023 8:56:52 PM,Microsoft-Windows-Sysmon,1,Process Create (rule: ProcessCreate),"Process Create:
RuleName: -
UtcTime: 2023-04-15 11:56:52.963
ProcessGuid: {2048537D-9104-643A-0702-000000000A00}
ProcessId: 4124
Image: C:\Windows\Microsoft.NET\Framework\v4.0.30319\mscorsvw.exe
FileVersion: 4.6.1586.0 built by: NETFXREL2
Description: .NET Runtime Optimization Service
Product: Microsoft® .NET Framework
Company: Microsoft Corporation
OriginalFileName: mscorsvw.exe
CommandLine: C:\Windows\Microsoft.NET\Framework\v4.0.30319\mscorsvw.exe -StartupEvent 2b8 -InterruptEvent 0 -NGENProcess 2c0 -Pipe 308 -Comment ""NGen Worker Process""
CurrentDirectory: C:\Windows\system32\
User: NT AUTHORITY\SYSTEM
LogonGuid: {2048537D-8D03-643A-E703-000000000000}
LogonId: 0x3E7
TerminalSessionId: 0
IntegrityLevel: System
Hashes: SHA256=0B48C8BAF88A1672650007F29CB1FF48D6F5309C9AF7F9F78161BA8172877B4C
ParentProcessGuid: {2048537D-90FC-643A-CB00-000000000A00}
ParentProcessId: 3764
ParentImage: C:\Windows\Microsoft.NET\Framework\v4.0.30319\ngen.exe
ParentCommandLine: ""C:\Windows\Microsoft.NET\Framework\v4.0.30319\ngen.exe"" ExecuteQueuedItems /LegacyServiceBehavior
ParentUser: NT AUTHORITY\SYSTEM"
Information,4/15/2023 8:56:52 PM,Microsoft-Windows-Sysmon,5,Process terminated (rule: ProcessTerminate),"Process terminated:
RuleName: -
UtcTime: 2023-04-15 11:56:52.929
ProcessGuid: {2048537D-9104-643A-0502-000000000A00}
ProcessId: 2176
Image: C:\Windows\Microsoft.NET\Framework\v4.0.30319\mscorsvw.exe
User: NT AUTHORITY\SYSTEM"
Information,4/15/2023 8:56:52 PM,Microsoft-Windows-Sysmon,1,Process Create (rule: ProcessCreate),"Process Create:
RuleName: -
UtcTime: 2023-04-15 11:56:52.938
ProcessGuid: {2048537D-9104-643A-0602-000000000A00}
ProcessId: 4536
Image: C:\Windows\Microsoft.NET\Framework\v4.0.30319\mscorsvw.exe
FileVersion: 4.6.1586.0 built by: NETFXREL2
Description: .NET Runtime Optimization Service
Product: Microsoft® .NET Framework
Company: Microsoft Corporation
OriginalFileName: mscorsvw.exe
CommandLine: C:\Windows\Microsoft.NET\Framework\v4.0.30319\mscorsvw.exe -StartupEvent 264 -InterruptEvent 0 -NGENProcess 308 -Pipe 314 -Comment ""NGen Worker Process""
CurrentDirectory: C:\Windows\system32\
User: NT AUTHORITY\SYSTEM
LogonGuid: {2048537D-8D03-643A-E703-000000000000}
LogonId: 0x3E7
TerminalSessionId: 0
IntegrityLevel: System
Hashes: SHA256=0B48C8BAF88A1672650007F29CB1FF48D6F5309C9AF7F9F78161BA8172877B4C
ParentProcessGuid: {2048537D-90FC-643A-CB00-000000000A00}
ParentProcessId: 3764
ParentImage: C:\Windows\Microsoft.NET\Framework\v4.0.30319\ngen.exe
ParentCommandLine: ""C:\Windows\Microsoft.NET\Framework\v4.0.30319\ngen.exe"" ExecuteQueuedItems /LegacyServiceBehavior
ParentUser: NT AUTHORITY\SYSTEM"
Information,4/15/2023 8:56:52 PM,Microsoft-Windows-Sysmon,5,Process terminated (rule: ProcessTerminate),"Process terminated:
RuleName: -
UtcTime: 2023-04-15 11:56:52.897
ProcessGuid: {2048537D-9104-643A-0402-000000000A00}
ProcessId: 4168
Image: C:\Windows\Microsoft.NET\Framework\v4.0.30319\mscorsvw.exe
User: NT AUTHORITY\SYSTEM"
Information,4/15/2023 8:56:52 PM,Microsoft-Windows-Sysmon,1,Process Create (rule: ProcessCreate),"Process Create:
RuleName: -
UtcTime: 2023-04-15 11:56:52.912
ProcessGuid: {2048537D-9104-643A-0502-000000000A00}
ProcessId: 2176
Image: C:\Windows\Microsoft.NET\Framework\v4.0.30319\mscorsvw.exe
FileVersion: 4.6.1586.0 built by: NETFXREL2
Description: .NET Runtime Optimization Service
Product: Microsoft® .NET Framework
Company: Microsoft Corporation
OriginalFileName: mscorsvw.exe
CommandLine: C:\Windows\Microsoft.NET\Framework\v4.0.30319\mscorsvw.exe -StartupEvent 2f8 -InterruptEvent 0 -NGENProcess 2e8 -Pipe 304 -Comment ""NGen Worker Process""
CurrentDirectory: C:\Windows\system32\
User: NT AUTHORITY\SYSTEM
LogonGuid: {2048537D-8D03-643A-E703-000000000000}
LogonId: 0x3E7
TerminalSessionId: 0
IntegrityLevel: System
Hashes: SHA256=0B48C8BAF88A1672650007F29CB1FF48D6F5309C9AF7F9F78161BA8172877B4C
ParentProcessGuid: {2048537D-90FC-643A-CB00-000000000A00}
ParentProcessId: 3764
ParentImage: C:\Windows\Microsoft.NET\Framework\v4.0.30319\ngen.exe
ParentCommandLine: ""C:\Windows\Microsoft.NET\Framework\v4.0.30319\ngen.exe"" ExecuteQueuedItems /LegacyServiceBehavior
ParentUser: NT AUTHORITY\SYSTEM"
Information,4/15/2023 8:56:52 PM,Microsoft-Windows-Sysmon,5,Process terminated (rule: ProcessTerminate),"Process terminated:
RuleName: -
UtcTime: 2023-04-15 11:56:52.882
ProcessGuid: {2048537D-9104-643A-0302-000000000A00}
ProcessId: 3580
Image: C:\Windows\Microsoft.NET\Framework\v4.0.30319\mscorsvw.exe
User: NT AUTHORITY\SYSTEM"
Information,4/15/2023 8:56:52 PM,Microsoft-Windows-Sysmon,1,Process Create (rule: ProcessCreate),"Process Create:
RuleName: -
UtcTime: 2023-04-15 11:56:52.885
ProcessGuid: {2048537D-9104-643A-0402-000000000A00}
ProcessId: 4168
Image: C:\Windows\Microsoft.NET\Framework\v4.0.30319\mscorsvw.exe
FileVersion: 4.6.1586.0 built by: NETFXREL2
Description: .NET Runtime Optimization Service
Product: Microsoft® .NET Framework
Company: Microsoft Corporation
OriginalFileName: mscorsvw.exe
CommandLine: C:\Windows\Microsoft.NET\Framework\v4.0.30319\mscorsvw.exe -StartupEvent 2d4 -InterruptEvent 0 -NGENProcess 304 -Pipe 318 -Comment ""NGen Worker Process""
CurrentDirectory: C:\Windows\system32\
User: NT AUTHORITY\SYSTEM
LogonGuid: {2048537D-8D03-643A-E703-000000000000}
LogonId: 0x3E7
TerminalSessionId: 0
IntegrityLevel: System
Hashes: SHA256=0B48C8BAF88A1672650007F29CB1FF48D6F5309C9AF7F9F78161BA8172877B4C
ParentProcessGuid: {2048537D-90FC-643A-CB00-000000000A00}
ParentProcessId: 3764
ParentImage: C:\Windows\Microsoft.NET\Framework\v4.0.30319\ngen.exe
ParentCommandLine: ""C:\Windows\Microsoft.NET\Framework\v4.0.30319\ngen.exe"" ExecuteQueuedItems /LegacyServiceBehavior
ParentUser: NT AUTHORITY\SYSTEM"
Information,4/15/2023 8:56:52 PM,Microsoft-Windows-Sysmon,5,Process terminated (rule: ProcessTerminate),"Process terminated:
RuleName: -
UtcTime: 2023-04-15 11:56:52.850
ProcessGuid: {2048537D-9104-643A-0202-000000000A00}
ProcessId: 4664
Image: C:\Windows\Microsoft.NET\Framework\v4.0.30319\mscorsvw.exe
User: NT AUTHORITY\SYSTEM"
Information,4/15/2023 8:56:52 PM,Microsoft-Windows-Sysmon,1,Process Create (rule: ProcessCreate),"Process Create:
RuleName: -
UtcTime: 2023-04-15 11:56:52.859
ProcessGuid: {2048537D-9104-643A-0302-000000000A00}
ProcessId: 3580
Image: C:\Windows\Microsoft.NET\Framework\v4.0.30319\mscorsvw.exe
FileVersion: 4.6.1586.0 built by: NETFXREL2
Description: .NET Runtime Optimization Service
Product: Microsoft® .NET Framework
Company: Microsoft Corporation
OriginalFileName: mscorsvw.exe
CommandLine: C:\Windows\Microsoft.NET\Framework\v4.0.30319\mscorsvw.exe -StartupEvent 300 -InterruptEvent 0 -NGENProcess 320 -Pipe 30c -Comment ""NGen Worker Process""
CurrentDirectory: C:\Windows\system32\
User: NT AUTHORITY\SYSTEM
LogonGuid: {2048537D-8D03-643A-E703-000000000000}
LogonId: 0x3E7
TerminalSessionId: 0
IntegrityLevel: System
Hashes: SHA256=0B48C8BAF88A1672650007F29CB1FF48D6F5309C9AF7F9F78161BA8172877B4C
ParentProcessGuid: {2048537D-90FC-643A-CB00-000000000A00}
ParentProcessId: 3764
ParentImage: C:\Windows\Microsoft.NET\Framework\v4.0.30319\ngen.exe
ParentCommandLine: ""C:\Windows\Microsoft.NET\Framework\v4.0.30319\ngen.exe"" ExecuteQueuedItems /LegacyServiceBehavior
ParentUser: NT AUTHORITY\SYSTEM"
Information,4/15/2023 8:56:52 PM,Microsoft-Windows-Sysmon,5,Process terminated (rule: ProcessTerminate),"Process terminated:
RuleName: -
UtcTime: 2023-04-15 11:56:52.835
ProcessGuid: {2048537D-9104-643A-0102-000000000A00}
ProcessId: 2812
Image: C:\Windows\Microsoft.NET\Framework\v4.0.30319\mscorsvw.exe
User: NT AUTHORITY\SYSTEM"
Information,4/15/2023 8:56:52 PM,Microsoft-Windows-Sysmon,1,Process Create (rule: ProcessCreate),"Process Create:
RuleName: -
UtcTime: 2023-04-15 11:56:52.836
ProcessGuid: {2048537D-9104-643A-0202-000000000A00}
ProcessId: 4664
Image: C:\Windows\Microsoft.NET\Framework\v4.0.30319\mscorsvw.exe
FileVersion: 4.6.1586.0 built by: NETFXREL2
Description: .NET Runtime Optimization Service
Product: Microsoft® .NET Framework
Company: Microsoft Corporation
OriginalFileName: mscorsvw.exe
CommandLine: C:\Windows\Microsoft.NET\Framework\v4.0.30319\mscorsvw.exe -StartupEvent 314 -InterruptEvent 0 -NGENProcess 30c -Pipe 310 -Comment ""NGen Worker Process""
CurrentDirectory: C:\Windows\system32\
User: NT AUTHORITY\SYSTEM
LogonGuid: {2048537D-8D03-643A-E703-000000000000}
LogonId: 0x3E7
TerminalSessionId: 0
IntegrityLevel: System
Hashes: SHA256=0B48C8BAF88A1672650007F29CB1FF48D6F5309C9AF7F9F78161BA8172877B4C
ParentProcessGuid: {2048537D-90FC-643A-CB00-000000000A00}
ParentProcessId: 3764
ParentImage: C:\Windows\Microsoft.NET\Framework\v4.0.30319\ngen.exe
ParentCommandLine: ""C:\Windows\Microsoft.NET\Framework\v4.0.30319\ngen.exe"" ExecuteQueuedItems /LegacyServiceBehavior
ParentUser: NT AUTHORITY\SYSTEM"
Information,4/15/2023 8:56:52 PM,Microsoft-Windows-Sysmon,5,Process terminated (rule: ProcessTerminate),"Process terminated:
RuleName: -
UtcTime: 2023-04-15 11:56:52.804
ProcessGuid: {2048537D-9104-643A-0002-000000000A00}
ProcessId: 3656
Image: C:\Windows\Microsoft.NET\Framework\v4.0.30319\mscorsvw.exe
User: NT AUTHORITY\SYSTEM"
Information,4/15/2023 8:56:52 PM,Microsoft-Windows-Sysmon,1,Process Create (rule: ProcessCreate),"Process Create:
RuleName: -
UtcTime: 2023-04-15 11:56:52.814
ProcessGuid: {2048537D-9104-643A-0102-000000000A00}
ProcessId: 2812
Image: C:\Windows\Microsoft.NET\Framework\v4.0.30319\mscorsvw.exe
FileVersion: 4.6.1586.0 built by: NETFXREL2
Description: .NET Runtime Optimization Service
Product: Microsoft® .NET Framework
Company: Microsoft Corporation
OriginalFileName: mscorsvw.exe
CommandLine: C:\Windows\Microsoft.NET\Framework\v4.0.30319\mscorsvw.exe -StartupEvent 2f8 -InterruptEvent 0 -NGENProcess 31c -Pipe 2e0 -Comment ""NGen Worker Process""
CurrentDirectory: C:\Windows\system32\
User: NT AUTHORITY\SYSTEM
LogonGuid: {2048537D-8D03-643A-E703-000000000000}
LogonId: 0x3E7
TerminalSessionId: 0
IntegrityLevel: System
Hashes: SHA256=0B48C8BAF88A1672650007F29CB1FF48D6F5309C9AF7F9F78161BA8172877B4C
ParentProcessGuid: {2048537D-90FC-643A-CB00-000000000A00}
ParentProcessId: 3764
ParentImage: C:\Windows\Microsoft.NET\Framework\v4.0.30319\ngen.exe
ParentCommandLine: ""C:\Windows\Microsoft.NET\Framework\v4.0.30319\ngen.exe"" ExecuteQueuedItems /LegacyServiceBehavior
ParentUser: NT AUTHORITY\SYSTEM"
Information,4/15/2023 8:56:52 PM,Microsoft-Windows-Sysmon,1,Process Create (rule: ProcessCreate),"Process Create:
RuleName: -
UtcTime: 2023-04-15 11:56:52.792
ProcessGuid: {2048537D-9104-643A-0002-000000000A00}
ProcessId: 3656
Image: C:\Windows\Microsoft.NET\Framework\v4.0.30319\mscorsvw.exe
FileVersion: 4.6.1586.0 built by: NETFXREL2
Description: .NET Runtime Optimization Service
Product: Microsoft® .NET Framework
Company: Microsoft Corporation
OriginalFileName: mscorsvw.exe
CommandLine: C:\Windows\Microsoft.NET\Framework\v4.0.30319\mscorsvw.exe -StartupEvent 2fc -InterruptEvent 0 -NGENProcess 2a4 -Pipe 2b4 -Comment ""NGen Worker Process""
CurrentDirectory: C:\Windows\system32\
User: NT AUTHORITY\SYSTEM
LogonGuid: {2048537D-8D03-643A-E703-000000000000}
LogonId: 0x3E7
TerminalSessionId: 0
IntegrityLevel: System
Hashes: SHA256=0B48C8BAF88A1672650007F29CB1FF48D6F5309C9AF7F9F78161BA8172877B4C
ParentProcessGuid: {2048537D-90FC-643A-CB00-000000000A00}
ParentProcessId: 3764
ParentImage: C:\Windows\Microsoft.NET\Framework\v4.0.30319\ngen.exe
ParentCommandLine: ""C:\Windows\Microsoft.NET\Framework\v4.0.30319\ngen.exe"" ExecuteQueuedItems /LegacyServiceBehavior
ParentUser: NT AUTHORITY\SYSTEM"
Information,4/15/2023 8:56:52 PM,Microsoft-Windows-Sysmon,5,Process terminated (rule: ProcessTerminate),"Process terminated:
RuleName: -
UtcTime: 2023-04-15 11:56:52.788
ProcessGuid: {2048537D-9104-643A-FF01-000000000A00}
ProcessId: 3776
Image: C:\Windows\Microsoft.NET\Framework\v4.0.30319\mscorsvw.exe
User: NT AUTHORITY\SYSTEM"
Information,4/15/2023 8:56:52 PM,Microsoft-Windows-Sysmon,5,Process terminated (rule: ProcessTerminate),"Process terminated:
RuleName: -
UtcTime: 2023-04-15 11:56:52.757
ProcessGuid: {2048537D-9104-643A-FE01-000000000A00}
ProcessId: 2080
Image: C:\Windows\Microsoft.NET\Framework\v4.0.30319\mscorsvw.exe
User: NT AUTHORITY\SYSTEM"
Information,4/15/2023 8:56:52 PM,Microsoft-Windows-Sysmon,1,Process Create (rule: ProcessCreate),"Process Create:
RuleName: -
UtcTime: 2023-04-15 11:56:52.767
ProcessGuid: {2048537D-9104-643A-FF01-000000000A00}
ProcessId: 3776
Image: C:\Windows\Microsoft.NET\Framework\v4.0.30319\mscorsvw.exe
FileVersion: 4.6.1586.0 built by: NETFXREL2
Description: .NET Runtime Optimization Service
Product: Microsoft® .NET Framework
Company: Microsoft Corporation
OriginalFileName: mscorsvw.exe
CommandLine: C:\Windows\Microsoft.NET\Framework\v4.0.30319\mscorsvw.exe -StartupEvent 2ec -InterruptEvent 0 -NGENProcess 2b4 -Pipe 2cc -Comment ""NGen Worker Process""
CurrentDirectory: C:\Windows\system32\
User: NT AUTHORITY\SYSTEM
LogonGuid: {2048537D-8D03-643A-E703-000000000000}
LogonId: 0x3E7
TerminalSessionId: 0
IntegrityLevel: System
Hashes: SHA256=0B48C8BAF88A1672650007F29CB1FF48D6F5309C9AF7F9F78161BA8172877B4C
ParentProcessGuid: {2048537D-90FC-643A-CB00-000000000A00}
ParentProcessId: 3764
ParentImage: C:\Windows\Microsoft.NET\Framework\v4.0.30319\ngen.exe
ParentCommandLine: ""C:\Windows\Microsoft.NET\Framework\v4.0.30319\ngen.exe"" ExecuteQueuedItems /LegacyServiceBehavior
ParentUser: NT AUTHORITY\SYSTEM"
Information,4/15/2023 8:56:52 PM,Microsoft-Windows-Sysmon,5,Process terminated (rule: ProcessTerminate),"Process terminated:
RuleName: -
UtcTime: 2023-04-15 11:56:52.725
ProcessGuid: {2048537D-9104-643A-FD01-000000000A00}
ProcessId: 3600
Image: C:\Windows\Microsoft.NET\Framework\v4.0.30319\mscorsvw.exe
User: NT AUTHORITY\SYSTEM"
Information,4/15/2023 8:56:52 PM,Microsoft-Windows-Sysmon,1,Process Create (rule: ProcessCreate),"Process Create:
RuleName: -
UtcTime: 2023-04-15 11:56:52.740
ProcessGuid: {2048537D-9104-643A-FE01-000000000A00}
ProcessId: 2080
Image: C:\Windows\Microsoft.NET\Framework\v4.0.30319\mscorsvw.exe
FileVersion: 4.6.1586.0 built by: NETFXREL2
Description: .NET Runtime Optimization Service
Product: Microsoft® .NET Framework
Company: Microsoft Corporation
OriginalFileName: mscorsvw.exe
CommandLine: C:\Windows\Microsoft.NET\Framework\v4.0.30319\mscorsvw.exe -StartupEvent 2a4 -InterruptEvent 0 -NGENProcess 2cc -Pipe 2e4 -Comment ""NGen Worker Process""
CurrentDirectory: C:\Windows\system32\
User: NT AUTHORITY\SYSTEM
LogonGuid: {2048537D-8D03-643A-E703-000000000000}
LogonId: 0x3E7
TerminalSessionId: 0
IntegrityLevel: System
Hashes: SHA256=0B48C8BAF88A1672650007F29CB1FF48D6F5309C9AF7F9F78161BA8172877B4C
ParentProcessGuid: {2048537D-90FC-643A-CB00-000000000A00}
ParentProcessId: 3764
ParentImage: C:\Windows\Microsoft.NET\Framework\v4.0.30319\ngen.exe
ParentCommandLine: ""C:\Windows\Microsoft.NET\Framework\v4.0.30319\ngen.exe"" ExecuteQueuedItems /LegacyServiceBehavior
ParentUser: NT AUTHORITY\SYSTEM"
Information,4/15/2023 8:56:52 PM,Microsoft-Windows-Sysmon,5,Process terminated (rule: ProcessTerminate),"Process terminated:
RuleName: -
UtcTime: 2023-04-15 11:56:52.710
ProcessGuid: {2048537D-9104-643A-FC01-000000000A00}
ProcessId: 4912
Image: C:\Windows\Microsoft.NET\Framework\v4.0.30319\mscorsvw.exe
User: NT AUTHORITY\SYSTEM"
Information,4/15/2023 8:56:52 PM,Microsoft-Windows-Sysmon,1,Process Create (rule: ProcessCreate),"Process Create:
RuleName: -
UtcTime: 2023-04-15 11:56:52.722
ProcessGuid: {2048537D-9104-643A-FD01-000000000A00}
ProcessId: 3600
Image: C:\Windows\Microsoft.NET\Framework\v4.0.30319\mscorsvw.exe
FileVersion: 4.6.1586.0 built by: NETFXREL2
Description: .NET Runtime Optimization Service
Product: Microsoft® .NET Framework
Company: Microsoft Corporation
OriginalFileName: mscorsvw.exe
CommandLine: C:\Windows\Microsoft.NET\Framework\v4.0.30319\mscorsvw.exe -StartupEvent 2f4 -InterruptEvent 0 -NGENProcess 2e8 -Pipe 2d8 -Comment ""NGen Worker Process""
CurrentDirectory: C:\Windows\system32\
User: NT AUTHORITY\SYSTEM
LogonGuid: {2048537D-8D03-643A-E703-000000000000}
LogonId: 0x3E7
TerminalSessionId: 0
IntegrityLevel: System
Hashes: SHA256=0B48C8BAF88A1672650007F29CB1FF48D6F5309C9AF7F9F78161BA8172877B4C
ParentProcessGuid: {2048537D-90FC-643A-CB00-000000000A00}
ParentProcessId: 3764
ParentImage: C:\Windows\Microsoft.NET\Framework\v4.0.30319\ngen.exe
ParentCommandLine: ""C:\Windows\Microsoft.NET\Framework\v4.0.30319\ngen.exe"" ExecuteQueuedItems /LegacyServiceBehavior
ParentUser: NT AUTHORITY\SYSTEM"
Information,4/15/2023 8:56:52 PM,Microsoft-Windows-Sysmon,5,Process terminated (rule: ProcessTerminate),"Process terminated:
RuleName: -
UtcTime: 2023-04-15 11:56:52.694
ProcessGuid: {2048537D-9104-643A-FB01-000000000A00}
ProcessId: 4148
Image: C:\Windows\Microsoft.NET\Framework\v4.0.30319\mscorsvw.exe
User: NT AUTHORITY\SYSTEM"
Information,4/15/2023 8:56:52 PM,Microsoft-Windows-Sysmon,1,Process Create (rule: ProcessCreate),"Process Create:
RuleName: -
UtcTime: 2023-04-15 11:56:52.696
ProcessGuid: {2048537D-9104-643A-FC01-000000000A00}
ProcessId: 4912
Image: C:\Windows\Microsoft.NET\Framework\v4.0.30319\mscorsvw.exe
FileVersion: 4.6.1586.0 built by: NETFXREL2
Description: .NET Runtime Optimization Service
Product: Microsoft® .NET Framework
Company: Microsoft Corporation
OriginalFileName: mscorsvw.exe
CommandLine: C:\Windows\Microsoft.NET\Framework\v4.0.30319\mscorsvw.exe -StartupEvent 2fc -InterruptEvent 0 -NGENProcess 2d8 -Pipe 2f0 -Comment ""NGen Worker Process""
CurrentDirectory: C:\Windows\system32\
User: NT AUTHORITY\SYSTEM
LogonGuid: {2048537D-8D03-643A-E703-000000000000}
LogonId: 0x3E7
TerminalSessionId: 0
IntegrityLevel: System
Hashes: SHA256=0B48C8BAF88A1672650007F29CB1FF48D6F5309C9AF7F9F78161BA8172877B4C
ParentProcessGuid: {2048537D-90FC-643A-CB00-000000000A00}
ParentProcessId: 3764
ParentImage: C:\Windows\Microsoft.NET\Framework\v4.0.30319\ngen.exe
ParentCommandLine: ""C:\Windows\Microsoft.NET\Framework\v4.0.30319\ngen.exe"" ExecuteQueuedItems /LegacyServiceBehavior
ParentUser: NT AUTHORITY\SYSTEM"
Information,4/15/2023 8:56:52 PM,Microsoft-Windows-Sysmon,5,Process terminated (rule: ProcessTerminate),"Process terminated:
RuleName: -
UtcTime: 2023-04-15 11:56:52.679
ProcessGuid: {2048537D-9104-643A-FA01-000000000A00}
ProcessId: 2140
Image: C:\Windows\Microsoft.NET\Framework\v4.0.30319\mscorsvw.exe
User: NT AUTHORITY\SYSTEM"
Information,4/15/2023 8:56:52 PM,Microsoft-Windows-Sysmon,1,Process Create (rule: ProcessCreate),"Process Create:
RuleName: -
UtcTime: 2023-04-15 11:56:52.679
ProcessGuid: {2048537D-9104-643A-FB01-000000000A00}
ProcessId: 4148
Image: C:\Windows\Microsoft.NET\Framework\v4.0.30319\mscorsvw.exe
FileVersion: 4.6.1586.0 built by: NETFXREL2
Description: .NET Runtime Optimization Service
Product: Microsoft® .NET Framework
Company: Microsoft Corporation
OriginalFileName: mscorsvw.exe
CommandLine: C:\Windows\Microsoft.NET\Framework\v4.0.30319\mscorsvw.exe -StartupEvent 2e0 -InterruptEvent 0 -NGENProcess 2ec -Pipe 2dc -Comment ""NGen Worker Process""
CurrentDirectory: C:\Windows\system32\
User: NT AUTHORITY\SYSTEM
LogonGuid: {2048537D-8D03-643A-E703-000000000000}
LogonId: 0x3E7
TerminalSessionId: 0
IntegrityLevel: System
Hashes: SHA256=0B48C8BAF88A1672650007F29CB1FF48D6F5309C9AF7F9F78161BA8172877B4C
ParentProcessGuid: {2048537D-90FC-643A-CB00-000000000A00}
ParentProcessId: 3764
ParentImage: C:\Windows\Microsoft.NET\Framework\v4.0.30319\ngen.exe
ParentCommandLine: ""C:\Windows\Microsoft.NET\Framework\v4.0.30319\ngen.exe"" ExecuteQueuedItems /LegacyServiceBehavior
ParentUser: NT AUTHORITY\SYSTEM"
Information,4/15/2023 8:56:52 PM,Microsoft-Windows-Sysmon,5,Process terminated (rule: ProcessTerminate),"Process terminated:
RuleName: -
UtcTime: 2023-04-15 11:56:52.632
ProcessGuid: {2048537D-9104-643A-F901-000000000A00}
ProcessId: 4524
Image: C:\Windows\Microsoft.NET\Framework\v4.0.30319\mscorsvw.exe
User: NT AUTHORITY\SYSTEM"
