Information,4/15/2023 8:36:58 PM,Microsoft-Windows-Sysmon,5,Process terminated (rule: ProcessTerminate),"Process terminated:
RuleName: -
UtcTime: 2023-04-15 11:36:58.554
ProcessGuid: {2048537D-8C1E-643A-8700-000000000900}
ProcessId: 4284
Image: C:\Windows\System32\conhost.exe
User: NT AUTHORITY\SYSTEM"
Information,4/15/2023 8:36:58 PM,Microsoft-Windows-Sysmon,5,Process terminated (rule: ProcessTerminate),"Process terminated:
RuleName: -
UtcTime: 2023-04-15 11:36:58.554
ProcessGuid: {2048537D-8C1E-643A-8500-000000000900}
ProcessId: 4276
Image: C:\Program Files\Windows Defender\MpCmdRun.exe
User: NT AUTHORITY\SYSTEM"
Information,4/15/2023 8:36:47 PM,Microsoft-Windows-Sysmon,5,Process terminated (rule: ProcessTerminate),"Process terminated:
RuleName: -
UtcTime: 2023-04-15 11:36:47.091
ProcessGuid: {2048537D-8C2E-643A-B400-000000000900}
ProcessId: 1520
Image: C:\Windows\System32\sppsvc.exe
User: NT AUTHORITY\NETWORK SERVICE"
Information,4/15/2023 8:36:32 PM,Microsoft-Windows-Sysmon,5,Process terminated (rule: ProcessTerminate),"Process terminated:
RuleName: -
UtcTime: 2023-04-15 11:36:32.872
ProcessGuid: {2048537D-8C1E-643A-9900-000000000900}
ProcessId: 3416
Image: C:\Windows\System32\conhost.exe
User: NT AUTHORITY\SYSTEM"
Information,4/15/2023 8:36:32 PM,Microsoft-Windows-Sysmon,5,Process terminated (rule: ProcessTerminate),"Process terminated:
RuleName: -
UtcTime: 2023-04-15 11:36:32.872
ProcessGuid: {2048537D-8C1E-643A-8C00-000000000900}
ProcessId: 4384
Image: C:\Program Files\Windows Defender\MpCmdRun.exe
User: NT AUTHORITY\SYSTEM"
Information,4/15/2023 8:36:30 PM,Microsoft-Windows-Sysmon,5,Process terminated (rule: ProcessTerminate),"Process terminated:
RuleName: -
UtcTime: 2023-04-15 11:36:30.825
ProcessGuid: {2048537D-8C2D-643A-AB00-000000000900}
ProcessId: 4568
Image: C:\Windows\System32\CompatTelRunner.exe
User: NT AUTHORITY\SYSTEM"
Information,4/15/2023 8:36:30 PM,Microsoft-Windows-Sysmon,1,Process Create (rule: ProcessCreate),"Process Create:
RuleName: -
UtcTime: 2023-04-15 11:36:30.327
ProcessGuid: {2048537D-8C3E-643A-B800-000000000900}
ProcessId: 1412
Image: C:\Windows\System32\svchost.exe
FileVersion: 10.0.14393.0 (rs1_release.160715-1616)
Description: Host Process for Windows Services
Product: Microsoft® Windows® Operating System
Company: Microsoft Corporation
OriginalFileName: svchost.exe
CommandLine: C:\Windows\system32\svchost.exe -k WbioSvcGroup
CurrentDirectory: C:\Windows\system32\
User: NT AUTHORITY\SYSTEM
LogonGuid: {2048537D-89C4-643A-E703-000000000000}
LogonId: 0x3E7
TerminalSessionId: 0
IntegrityLevel: System
Hashes: SHA256=438B6CCD84F4DD32D9684ED7D58FD7D1E5A75FE3F3D12AB6C788E6BB0FFAD5E7
ParentProcessGuid: {00000000-0000-0000-0000-000000000000}
ParentProcessId: 556
ParentImage: -
ParentCommandLine: -
ParentUser: -"
Information,4/15/2023 8:36:28 PM,Microsoft-Windows-Sysmon,5,Process terminated (rule: ProcessTerminate),"Process terminated:
RuleName: -
UtcTime: 2023-04-15 11:36:28.435
ProcessGuid: {2048537D-8C3C-643A-B700-000000000900}
ProcessId: 3456
Image: C:\Windows\System32\rundll32.exe
User: EXAMPLECOMPANY\admin"
Information,4/15/2023 8:36:28 PM,Microsoft-Windows-Sysmon,1,Process Create (rule: ProcessCreate),"Process Create:
RuleName: -
UtcTime: 2023-04-15 11:36:28.417
ProcessGuid: {2048537D-8C3C-643A-B700-000000000900}
ProcessId: 3456
Image: C:\Windows\System32\rundll32.exe
FileVersion: 10.0.14393.0 (rs1_release.160715-1616)
Description: Windows host process (Rundll32)
Product: Microsoft® Windows® Operating System
Company: Microsoft Corporation
OriginalFileName: RUNDLL32.EXE
CommandLine: rundll32 C:\Windows\system32\GeneralTel.dll,RunInUserCxt 9X5CB7MNHkyLrHay.2.1.2 {65C2D38E-854B-43F3-BD9D-FBF8AE1943A7} {4EC4B395-DD64-6138-BC6B-D7D6B32C1A95} IsAdmin WAMAccountCount OfficeAddIns OfficeVba
CurrentDirectory: C:\Windows\system32\
User: EXAMPLECOMPANY\admin
LogonGuid: {2048537D-8A36-643A-1A52-030000000000}
LogonId: 0x3521A
TerminalSessionId: 1
IntegrityLevel: Medium
Hashes: SHA256=495BBA47FC43EE23054FCD419F2F00457162D1C04296900C6AEA551102A810F3
ParentProcessGuid: {2048537D-8C2D-643A-AB00-000000000900}
ParentProcessId: 4568
ParentImage: C:\Windows\System32\CompatTelRunner.exe
ParentCommandLine: C:\Windows\system32\compattelrunner.exe -m:GeneralTel.dll -f:RunGeneralTelemetry  -cV 9X5CB7MNHkyLrHay.2.1 -SendFullTelemetry -ThrottleUtc
ParentUser: NT AUTHORITY\SYSTEM"
Information,4/15/2023 8:36:24 PM,Microsoft-Windows-Sysmon,1,Process Create (rule: ProcessCreate),"Process Create:
RuleName: -
UtcTime: 2023-04-15 11:36:24.904
ProcessGuid: {2048537D-8C38-643A-B600-000000000900}
ProcessId: 4924
Image: C:\Windows\System32\dllhost.exe
FileVersion: 10.0.14393.0 (rs1_release.160715-1616)
Description: COM Surrogate
Product: Microsoft® Windows® Operating System
Company: Microsoft Corporation
OriginalFileName: dllhost.exe
CommandLine: C:\Windows\system32\DllHost.exe /Processid:{133EAC4F-5891-4D04-BADA-D84870380A80}
CurrentDirectory: C:\Windows\system32\
User: NT AUTHORITY\SYSTEM
LogonGuid: {2048537D-89C4-643A-E703-000000000000}
LogonId: 0x3E7
TerminalSessionId: 0
IntegrityLevel: System
Hashes: SHA256=EE8364C07B3F4F71FA649E0E6C4C73C15D285130E4B16E79890EEBBF89C2164E
ParentProcessGuid: {00000000-0000-0000-0000-000000000000}
ParentProcessId: 732
ParentImage: -
ParentCommandLine: -
ParentUser: -"
Information,4/15/2023 8:36:22 PM,Microsoft-Windows-Sysmon,5,Process terminated (rule: ProcessTerminate),"Process terminated:
RuleName: -
UtcTime: 2023-04-15 11:36:22.919
ProcessGuid: {2048537D-8C13-643A-7D00-000000000900}
ProcessId: 4092
Image: C:\Windows\System32\dllhost.exe
User: NT AUTHORITY\SYSTEM"
Information,4/15/2023 8:36:20 PM,Microsoft-Windows-Sysmon,5,Process terminated (rule: ProcessTerminate),"Process terminated:
RuleName: -
UtcTime: 2023-04-15 11:36:20.184
ProcessGuid: {2048537D-8C1E-643A-9500-000000000900}
ProcessId: 1980
Image: C:\Windows\System32\cleanmgr.exe
User: EXAMPLECOMPANY\admin"
Information,4/15/2023 8:36:20 PM,Microsoft-Windows-Sysmon,5,Process terminated (rule: ProcessTerminate),"Process terminated:
RuleName: -
UtcTime: 2023-04-15 11:36:20.043
ProcessGuid: {2048537D-8C20-643A-A800-000000000900}
ProcessId: 3676
Image: C:\Users\admin\AppData\Local\Temp\1B40D4B8-BD5A-4B6F-B608-23167DAA0A50\DismHost.exe
User: EXAMPLECOMPANY\admin"
Information,4/15/2023 8:36:16 PM,Microsoft-Windows-Sysmon,1,Process Create (rule: ProcessCreate),"Process Create:
RuleName: -
UtcTime: 2023-04-15 11:36:16.386
ProcessGuid: {2048537D-8C30-643A-B500-000000000900}
ProcessId: 3724
Image: C:\Windows\System32\svchost.exe
FileVersion: 10.0.14393.0 (rs1_release.160715-1616)
Description: Host Process for Windows Services
Product: Microsoft® Windows® Operating System
Company: Microsoft Corporation
OriginalFileName: svchost.exe
CommandLine: C:\Windows\System32\svchost.exe -k smphost
CurrentDirectory: C:\Windows\system32\
User: NT AUTHORITY\NETWORK SERVICE
LogonGuid: {2048537D-89C5-643A-E403-000000000000}
LogonId: 0x3E4
TerminalSessionId: 0
IntegrityLevel: System
Hashes: SHA256=438B6CCD84F4DD32D9684ED7D58FD7D1E5A75FE3F3D12AB6C788E6BB0FFAD5E7
ParentProcessGuid: {00000000-0000-0000-0000-000000000000}
ParentProcessId: 556
ParentImage: -
ParentCommandLine: -
ParentUser: -"
Information,4/15/2023 8:36:15 PM,Microsoft-Windows-Sysmon,5,Process terminated (rule: ProcessTerminate),"Process terminated:
RuleName: -
UtcTime: 2023-04-15 11:36:15.852
ProcessGuid: {2048537D-8C2B-643A-AA00-000000000900}
ProcessId: 4192
Image: C:\Windows\System32\wermgr.exe
User: NT AUTHORITY\SYSTEM"
Information,4/15/2023 8:36:14 PM,Microsoft-Windows-Sysmon,1,Process Create (rule: ProcessCreate),"Process Create:
RuleName: -
UtcTime: 2023-04-15 11:36:14.745
ProcessGuid: {2048537D-8C2E-643A-B400-000000000900}
ProcessId: 1520
Image: C:\Windows\System32\sppsvc.exe
FileVersion: 10.0.14393.351 (rs1_release_inmarket.161014-1755)
Description: Microsoft Software Protection Platform Service
Product: Microsoft® Windows® Operating System
Company: Microsoft Corporation
OriginalFileName: sppsvc.exe
CommandLine: C:\Windows\system32\sppsvc.exe
CurrentDirectory: C:\Windows
User: NT AUTHORITY\NETWORK SERVICE
LogonGuid: {2048537D-89C5-643A-E403-000000000000}
LogonId: 0x3E4
TerminalSessionId: 0
IntegrityLevel: System
Hashes: SHA256=8ADF7A1C96DAE005E9A974D90BE8954F88D49B6848252B88513C49E0A3BD9774
ParentProcessGuid: {00000000-0000-0000-0000-000000000000}
ParentProcessId: 556
ParentImage: -
ParentCommandLine: -
ParentUser: -"
Information,4/15/2023 8:36:14 PM,Microsoft-Windows-Sysmon,5,Process terminated (rule: ProcessTerminate),"Process terminated:
RuleName: -
UtcTime: 2023-04-15 11:36:14.086
ProcessGuid: {2048537D-8C2E-643A-B100-000000000900}
ProcessId: 4864
Image: C:\Program Files\Windows Defender\MpCmdRun.exe
User: NT AUTHORITY\NETWORK SERVICE"
Information,4/15/2023 8:36:14 PM,Microsoft-Windows-Sysmon,1,Process Create (rule: ProcessCreate),"Process Create:
RuleName: -
UtcTime: 2023-04-15 11:36:14.086
ProcessGuid: {2048537D-8C2E-643A-B300-000000000900}
ProcessId: 4080
Image: C:\Windows\System32\conhost.exe
FileVersion: 10.0.14393.0 (rs1_release.160715-1616)
Description: Console Window Host
Product: Microsoft® Windows® Operating System
Company: Microsoft Corporation
OriginalFileName: CONHOST.EXE
CommandLine: \??\C:\Windows\system32\conhost.exe 0xffffffff -ForceV1
CurrentDirectory: C:\Windows
User: NT AUTHORITY\SYSTEM
LogonGuid: {2048537D-89C4-643A-E703-000000000000}
LogonId: 0x3E7
TerminalSessionId: 0
IntegrityLevel: System
Hashes: SHA256=046F7A1B4DE67562547ED9A180A72F481FC41E803DE49A96D7D7C731964D53A0
ParentProcessGuid: {2048537D-8C2E-643A-B200-000000000900}
ParentProcessId: 4880
ParentImage: C:\Program Files\Windows Defender\MpCmdRun.exe
ParentCommandLine: ""C:\Program Files\Windows Defender\\MpCmdRun.exe"" SignaturesUpdateService -ScheduleJob -UnmanagedUpdate
ParentUser: NT AUTHORITY\SYSTEM"
Information,4/15/2023 8:36:14 PM,Microsoft-Windows-Sysmon,1,Process Create (rule: ProcessCreate),"Process Create:
RuleName: -
UtcTime: 2023-04-15 11:36:14.084
ProcessGuid: {2048537D-8C2E-643A-B200-000000000900}
ProcessId: 4880
Image: C:\Program Files\Windows Defender\MpCmdRun.exe
FileVersion: 4.10.14393.1794 (rs1_release.171008-1615)
Description: Microsoft Malware Protection Command Line Utility
Product: Microsoft® Windows® Operating System
Company: Microsoft Corporation
OriginalFileName: MpCmdRun.exe
CommandLine: ""C:\Program Files\Windows Defender\\MpCmdRun.exe"" SignaturesUpdateService -ScheduleJob -UnmanagedUpdate
CurrentDirectory: C:\Windows\system32\
User: NT AUTHORITY\SYSTEM
LogonGuid: {2048537D-89C4-643A-E703-000000000000}
LogonId: 0x3E7
TerminalSessionId: 0
IntegrityLevel: System
Hashes: SHA256=8B00E302B4B162C9462B6E5BEB07AE33D817CBE41287CFDA2546BC4E8494D49C
ParentProcessGuid: {00000000-0000-0000-0000-000000000000}
ParentProcessId: 2564
ParentImage: -
ParentCommandLine: -
ParentUser: -"
Information,4/15/2023 8:36:14 PM,Microsoft-Windows-Sysmon,5,Process terminated (rule: ProcessTerminate),"Process terminated:
RuleName: -
UtcTime: 2023-04-15 11:36:14.070
ProcessGuid: {2048537D-8C2D-643A-AE00-000000000900}
ProcessId: 4100
Image: C:\Windows\System32\conhost.exe
User: NT AUTHORITY\SYSTEM"
Information,4/15/2023 8:36:14 PM,Microsoft-Windows-Sysmon,5,Process terminated (rule: ProcessTerminate),"Process terminated:
RuleName: -
UtcTime: 2023-04-15 11:36:14.055
ProcessGuid: {2048537D-8C2D-643A-AF00-000000000900}
ProcessId: 1080
Image: C:\Windows\System32\conhost.exe
User: NT AUTHORITY\SYSTEM"
Information,4/15/2023 8:36:14 PM,Microsoft-Windows-Sysmon,5,Process terminated (rule: ProcessTerminate),"Process terminated:
RuleName: -
UtcTime: 2023-04-15 11:36:14.055
ProcessGuid: {2048537D-8C2D-643A-AC00-000000000900}
ProcessId: 4480
Image: C:\Program Files\Windows Defender\MpCmdRun.exe
User: NT AUTHORITY\SYSTEM"
Information,4/15/2023 8:36:14 PM,Microsoft-Windows-Sysmon,1,Process Create (rule: ProcessCreate),"Process Create:
RuleName: -
UtcTime: 2023-04-15 11:36:14.062
ProcessGuid: {2048537D-8C2E-643A-B100-000000000900}
ProcessId: 4864
Image: C:\Program Files\Windows Defender\MpCmdRun.exe
FileVersion: 4.10.14393.1794 (rs1_release.171008-1615)
Description: Microsoft Malware Protection Command Line Utility
Product: Microsoft® Windows® Operating System
Company: Microsoft Corporation
OriginalFileName: MpCmdRun.exe
CommandLine: ""C:\Program Files\Windows Defender\\MpCmdRun.exe"" SignatureUpdate -ScheduleJob -RestrictPrivileges -Reinvoke
CurrentDirectory: C:\Windows\system32\
User: NT AUTHORITY\NETWORK SERVICE
LogonGuid: {2048537D-89C5-643A-E403-000000000000}
LogonId: 0x3E4
TerminalSessionId: 0
IntegrityLevel: System
Hashes: SHA256=8B00E302B4B162C9462B6E5BEB07AE33D817CBE41287CFDA2546BC4E8494D49C
ParentProcessGuid: {2048537D-8C2D-643A-AC00-000000000900}
ParentProcessId: 4480
ParentImage: C:\Program Files\Windows Defender\MpCmdRun.exe
ParentCommandLine: ""C:\Program Files\Windows Defender\\MpCmdRun.exe"" SignatureUpdate -ScheduleJob -RestrictPrivileges
ParentUser: NT AUTHORITY\SYSTEM"
Information,4/15/2023 8:36:14 PM,Microsoft-Windows-Sysmon,5,Process terminated (rule: ProcessTerminate),"Process terminated:
RuleName: -
UtcTime: 2023-04-15 11:36:13.977
ProcessGuid: {2048537D-8C2D-643A-AD00-000000000900}
ProcessId: 1052
Image: C:\Program Files\Windows Defender\MpCmdRun.exe
User: NT AUTHORITY\SYSTEM"
Information,4/15/2023 8:36:14 PM,Microsoft-Windows-Sysmon,1,Process Create (rule: ProcessCreate),"Process Create:
RuleName: -
UtcTime: 2023-04-15 11:36:13.954
ProcessGuid: {2048537D-8C2D-643A-B000-000000000900}
ProcessId: 4788
Image: C:\Program Files\Windows Defender\MpCmdRun.exe
FileVersion: 4.10.14393.1794 (rs1_release.171008-1615)
Description: Microsoft Malware Protection Command Line Utility
Product: Microsoft® Windows® Operating System
Company: Microsoft Corporation
OriginalFileName: MpCmdRun.exe
CommandLine: ""C:\Program Files\Windows Defender\\MpCmdRun.exe"" SignatureUpdate -ScheduleJob -RestrictPrivileges -Reinvoke
CurrentDirectory: C:\Windows\system32\
User: NT AUTHORITY\NETWORK SERVICE
LogonGuid: {2048537D-89C5-643A-E403-000000000000}
LogonId: 0x3E4
TerminalSessionId: 0
IntegrityLevel: System
Hashes: SHA256=8B00E302B4B162C9462B6E5BEB07AE33D817CBE41287CFDA2546BC4E8494D49C
ParentProcessGuid: {2048537D-8C2D-643A-AD00-000000000900}
ParentProcessId: 1052
ParentImage: C:\Program Files\Windows Defender\MpCmdRun.exe
ParentCommandLine: ""C:\Program Files\Windows Defender\\MpCmdRun.exe"" SignatureUpdate -ScheduleJob -RestrictPrivileges
ParentUser: NT AUTHORITY\SYSTEM"
Information,4/15/2023 8:36:13 PM,Microsoft-Windows-Sysmon,1,Process Create (rule: ProcessCreate),"Process Create:
RuleName: -
UtcTime: 2023-04-15 11:36:13.939
ProcessGuid: {2048537D-8C2D-643A-AF00-000000000900}
ProcessId: 1080
Image: C:\Windows\System32\conhost.exe
FileVersion: 10.0.14393.0 (rs1_release.160715-1616)
Description: Console Window Host
Product: Microsoft® Windows® Operating System
Company: Microsoft Corporation
OriginalFileName: CONHOST.EXE
CommandLine: \??\C:\Windows\system32\conhost.exe 0xffffffff -ForceV1
CurrentDirectory: C:\Windows
User: NT AUTHORITY\SYSTEM
LogonGuid: {2048537D-89C4-643A-E703-000000000000}
LogonId: 0x3E7
TerminalSessionId: 0
IntegrityLevel: System
Hashes: SHA256=046F7A1B4DE67562547ED9A180A72F481FC41E803DE49A96D7D7C731964D53A0
ParentProcessGuid: {2048537D-8C2D-643A-AD00-000000000900}
ParentProcessId: 1052
ParentImage: C:\Program Files\Windows Defender\MpCmdRun.exe
ParentCommandLine: ""C:\Program Files\Windows Defender\\MpCmdRun.exe"" SignatureUpdate -ScheduleJob -RestrictPrivileges
ParentUser: NT AUTHORITY\SYSTEM"
Information,4/15/2023 8:36:13 PM,Microsoft-Windows-Sysmon,1,Process Create (rule: ProcessCreate),"Process Create:
RuleName: -
UtcTime: 2023-04-15 11:36:13.938
ProcessGuid: {2048537D-8C2D-643A-AE00-000000000900}
ProcessId: 4100
Image: C:\Windows\System32\conhost.exe
FileVersion: 10.0.14393.0 (rs1_release.160715-1616)
Description: Console Window Host
Product: Microsoft® Windows® Operating System
Company: Microsoft Corporation
OriginalFileName: CONHOST.EXE
CommandLine: \??\C:\Windows\system32\conhost.exe 0xffffffff -ForceV1
CurrentDirectory: C:\Windows
User: NT AUTHORITY\SYSTEM
LogonGuid: {2048537D-89C4-643A-E703-000000000000}
LogonId: 0x3E7
TerminalSessionId: 0
IntegrityLevel: System
Hashes: SHA256=046F7A1B4DE67562547ED9A180A72F481FC41E803DE49A96D7D7C731964D53A0
ParentProcessGuid: {2048537D-8C2D-643A-AC00-000000000900}
ParentProcessId: 4480
ParentImage: C:\Program Files\Windows Defender\MpCmdRun.exe
ParentCommandLine: ""C:\Program Files\Windows Defender\\MpCmdRun.exe"" SignatureUpdate -ScheduleJob -RestrictPrivileges
ParentUser: NT AUTHORITY\SYSTEM"
Information,4/15/2023 8:36:13 PM,Microsoft-Windows-Sysmon,1,Process Create (rule: ProcessCreate),"Process Create:
RuleName: -
UtcTime: 2023-04-15 11:36:13.937
ProcessGuid: {2048537D-8C2D-643A-AD00-000000000900}
ProcessId: 1052
Image: C:\Program Files\Windows Defender\MpCmdRun.exe
FileVersion: 4.10.14393.1794 (rs1_release.171008-1615)
Description: Microsoft Malware Protection Command Line Utility
Product: Microsoft® Windows® Operating System
Company: Microsoft Corporation
OriginalFileName: MpCmdRun.exe
CommandLine: ""C:\Program Files\Windows Defender\\MpCmdRun.exe"" SignatureUpdate -ScheduleJob -RestrictPrivileges
CurrentDirectory: C:\Windows\system32\
User: NT AUTHORITY\SYSTEM
LogonGuid: {2048537D-89C4-643A-E703-000000000000}
LogonId: 0x3E7
TerminalSessionId: 0
IntegrityLevel: System
Hashes: SHA256=8B00E302B4B162C9462B6E5BEB07AE33D817CBE41287CFDA2546BC4E8494D49C
ParentProcessGuid: {00000000-0000-0000-0000-000000000000}
ParentProcessId: 2564
ParentImage: -
ParentCommandLine: -
ParentUser: -"
Information,4/15/2023 8:36:13 PM,Microsoft-Windows-Sysmon,1,Process Create (rule: ProcessCreate),"Process Create:
RuleName: -
UtcTime: 2023-04-15 11:36:13.932
ProcessGuid: {2048537D-8C2D-643A-AC00-000000000900}
ProcessId: 4480
Image: C:\Program Files\Windows Defender\MpCmdRun.exe
FileVersion: 4.10.14393.1794 (rs1_release.171008-1615)
Description: Microsoft Malware Protection Command Line Utility
Product: Microsoft® Windows® Operating System
Company: Microsoft Corporation
OriginalFileName: MpCmdRun.exe
CommandLine: ""C:\Program Files\Windows Defender\\MpCmdRun.exe"" SignatureUpdate -ScheduleJob -RestrictPrivileges
CurrentDirectory: C:\Windows\system32\
User: NT AUTHORITY\SYSTEM
LogonGuid: {2048537D-89C4-643A-E703-000000000000}
LogonId: 0x3E7
TerminalSessionId: 0
IntegrityLevel: System
Hashes: SHA256=8B00E302B4B162C9462B6E5BEB07AE33D817CBE41287CFDA2546BC4E8494D49C
ParentProcessGuid: {00000000-0000-0000-0000-000000000000}
ParentProcessId: 2564
ParentImage: -
ParentCommandLine: -
ParentUser: -"
Information,4/15/2023 8:36:13 PM,Microsoft-Windows-Sysmon,1,Process Create (rule: ProcessCreate),"Process Create:
RuleName: -
UtcTime: 2023-04-15 11:36:13.650
ProcessGuid: {2048537D-8C2D-643A-AB00-000000000900}
ProcessId: 4568
Image: C:\Windows\System32\CompatTelRunner.exe
FileVersion: 10.0.16287.1005 (WinBuild.160101.0800)
Description: Microsoft Compatibility Telemetry
Product: Microsoft® Windows® Operating System
Company: Microsoft Corporation
OriginalFileName: CompatTelRunner.exe
CommandLine: C:\Windows\system32\compattelrunner.exe -m:GeneralTel.dll -f:RunGeneralTelemetry  -cV 9X5CB7MNHkyLrHay.2.1 -SendFullTelemetry -ThrottleUtc
CurrentDirectory: C:\Windows\system32\
User: NT AUTHORITY\SYSTEM
LogonGuid: {2048537D-89C4-643A-E703-000000000000}
LogonId: 0x3E7
TerminalSessionId: 0
IntegrityLevel: System
Hashes: SHA256=96F57114988325E05BA277CFB6EB88324252918FCEB81BF777D4FF601AE30404
ParentProcessGuid: {2048537D-8C1E-643A-9400-000000000900}
ParentProcessId: 2036
ParentImage: C:\Windows\System32\CompatTelRunner.exe
ParentCommandLine: C:\Windows\system32\CompatTelRunner.exe -m:appraiser.dll -f:DoScheduledTelemetryRun -cv:9X5CB7MNHkyLrHay.2
ParentUser: NT AUTHORITY\SYSTEM"
Information,4/15/2023 8:36:11 PM,Microsoft-Windows-Sysmon,5,Process terminated (rule: ProcessTerminate),"Process terminated:
RuleName: -
UtcTime: 2023-04-15 11:36:11.805
ProcessGuid: {2048537D-8C2B-643A-A900-000000000900}
ProcessId: 3808
Image: C:\Windows\System32\wermgr.exe
User: NT AUTHORITY\SYSTEM"
Information,4/15/2023 8:36:11 PM,Microsoft-Windows-Sysmon,1,Process Create (rule: ProcessCreate),"Process Create:
RuleName: -
UtcTime: 2023-04-15 11:36:11.745
ProcessGuid: {2048537D-8C2B-643A-AA00-000000000900}
ProcessId: 4192
Image: C:\Windows\System32\wermgr.exe
FileVersion: 10.0.14393.1884 (rs1_release.171101-1233)
Description: Windows Problem Reporting
Product: Microsoft® Windows® Operating System
Company: Microsoft Corporation
OriginalFileName: WerMgr
CommandLine: C:\Windows\system32\wermgr.exe -upload
CurrentDirectory: C:\Windows\system32\
User: NT AUTHORITY\SYSTEM
LogonGuid: {2048537D-89C4-643A-E703-000000000000}
LogonId: 0x3E7
TerminalSessionId: 0
IntegrityLevel: System
Hashes: SHA256=99A3BBD357A66BBBE00D9215277A42417D1EC243BB5B88D12324318592BBFD58
ParentProcessGuid: {00000000-0000-0000-0000-000000000000}
ParentProcessId: 1016
ParentImage: -
ParentCommandLine: -
ParentUser: -"
Information,4/15/2023 8:36:11 PM,Microsoft-Windows-Sysmon,1,Process Create (rule: ProcessCreate),"Process Create:
RuleName: -
UtcTime: 2023-04-15 11:36:11.717
ProcessGuid: {2048537D-8C2B-643A-A900-000000000900}
ProcessId: 3808
Image: C:\Windows\System32\wermgr.exe
FileVersion: 10.0.14393.1884 (rs1_release.171101-1233)
Description: Windows Problem Reporting
Product: Microsoft® Windows® Operating System
Company: Microsoft Corporation
OriginalFileName: WerMgr
CommandLine: ""C:\Windows\system32\wermgr.exe"" ""-outproc"" ""0"" ""1016"" ""7564"" ""6240"" ""7356"" ""0"" ""0"" ""0"" ""0"" ""0"" ""0"" ""0"" ""0"" 
CurrentDirectory: C:\Windows\system32\
User: NT AUTHORITY\SYSTEM
LogonGuid: {2048537D-89C4-643A-E703-000000000000}
LogonId: 0x3E7
TerminalSessionId: 0
IntegrityLevel: System
Hashes: SHA256=99A3BBD357A66BBBE00D9215277A42417D1EC243BB5B88D12324318592BBFD58
ParentProcessGuid: {00000000-0000-0000-0000-000000000000}
ParentProcessId: 1016
ParentImage: -
ParentCommandLine: -
ParentUser: -"
Information,4/15/2023 8:36:01 PM,Microsoft-Windows-Sysmon,5,Process terminated (rule: ProcessTerminate),"Process terminated:
RuleName: -
UtcTime: 2023-04-15 11:36:01.586
ProcessGuid: {2048537D-8C1E-643A-9100-000000000900}
ProcessId: 2876
Image: C:\Windows\System32\conhost.exe
User: NT AUTHORITY\SYSTEM"
Information,4/15/2023 8:36:01 PM,Microsoft-Windows-Sysmon,5,Process terminated (rule: ProcessTerminate),"Process terminated:
RuleName: -
UtcTime: 2023-04-15 11:36:01.586
ProcessGuid: {2048537D-8C1E-643A-8D00-000000000900}
ProcessId: 5092
Image: C:\Windows\System32\DiskSnapshot.exe
User: NT AUTHORITY\SYSTEM"
Information,4/15/2023 8:36:00 PM,Microsoft-Windows-Sysmon,1,Process Create (rule: ProcessCreate),"Process Create:
RuleName: -
UtcTime: 2023-04-15 11:36:00.149
ProcessGuid: {2048537D-8C20-643A-A800-000000000900}
ProcessId: 3676
Image: C:\Users\admin\AppData\Local\Temp\1B40D4B8-BD5A-4B6F-B608-23167DAA0A50\DismHost.exe
FileVersion: 10.0.14393.0 (rs1_release.160715-1616)
Description: Dism Host Servicing Process
Product: Microsoft® Windows® Operating System
Company: Microsoft Corporation
OriginalFileName: DismHost.exe
CommandLine: C:\Users\admin\AppData\Local\Temp\1B40D4B8-BD5A-4B6F-B608-23167DAA0A50\dismhost.exe {1F2B08BA-D8BD-47ED-A10A-DB5F060452F5}
CurrentDirectory: C:\Windows\system32\
User: EXAMPLECOMPANY\admin
LogonGuid: {2048537D-8A36-643A-0652-030000000000}
LogonId: 0x35206
TerminalSessionId: 1
IntegrityLevel: High
Hashes: SHA256=D8C41210EC8CDEC379E66D28DDCA2F5AB07041B1132F83DC5C763EAE116E995F
ParentProcessGuid: {2048537D-8C1E-643A-9500-000000000900}
ParentProcessId: 1980
ParentImage: C:\Windows\System32\cleanmgr.exe
ParentCommandLine: C:\Windows\system32\cleanmgr.exe /autoclean /d C:
ParentUser: EXAMPLECOMPANY\admin"
Information,4/15/2023 8:35:59 PM,Microsoft-Windows-Sysmon,5,Process terminated (rule: ProcessTerminate),"Process terminated:
RuleName: -
UtcTime: 2023-04-15 11:35:59.695
ProcessGuid: {2048537D-8C1E-643A-9700-000000000900}
ProcessId: 1728
Image: C:\Windows\System32\rundll32.exe
User: NT AUTHORITY\SYSTEM"
Information,4/15/2023 8:35:59 PM,Microsoft-Windows-Sysmon,5,Process terminated (rule: ProcessTerminate),"Process terminated:
RuleName: -
UtcTime: 2023-04-15 11:35:59.680
ProcessGuid: {2048537D-8C1E-643A-9A00-000000000900}
ProcessId: 2548
Image: C:\Windows\System32\conhost.exe
User: NT AUTHORITY\SYSTEM"
Information,4/15/2023 8:35:59 PM,Microsoft-Windows-Sysmon,5,Process terminated (rule: ProcessTerminate),"Process terminated:
RuleName: -
UtcTime: 2023-04-15 11:35:59.680
ProcessGuid: {2048537D-8C1E-643A-9B00-000000000900}
ProcessId: 4852
Image: C:\Windows\System32\conhost.exe
User: NT AUTHORITY\SYSTEM"
Information,4/15/2023 8:35:59 PM,Microsoft-Windows-Sysmon,5,Process terminated (rule: ProcessTerminate),"Process terminated:
RuleName: -
UtcTime: 2023-04-15 11:35:59.680
ProcessGuid: {2048537D-8C1E-643A-9200-000000000900}
ProcessId: 1732
Image: C:\Windows\System32\Defrag.exe
User: NT AUTHORITY\SYSTEM"
Information,4/15/2023 8:35:59 PM,Microsoft-Windows-Sysmon,1,Process Create (rule: ProcessCreate),"Process Create:
RuleName: -
UtcTime: 2023-04-15 11:35:59.668
ProcessGuid: {2048537D-8C1F-643A-A700-000000000900}
ProcessId: 2216
Image: C:\Windows\System32\svchost.exe
FileVersion: 10.0.14393.0 (rs1_release.160715-1616)
Description: Host Process for Windows Services
Product: Microsoft® Windows® Operating System
Company: Microsoft Corporation
OriginalFileName: svchost.exe
CommandLine: C:\Windows\system32\svchost.exe -k defragsvc
CurrentDirectory: C:\Windows\system32\
User: NT AUTHORITY\SYSTEM
LogonGuid: {2048537D-89C4-643A-E703-000000000000}
LogonId: 0x3E7
TerminalSessionId: 0
IntegrityLevel: System
Hashes: SHA256=438B6CCD84F4DD32D9684ED7D58FD7D1E5A75FE3F3D12AB6C788E6BB0FFAD5E7
ParentProcessGuid: {00000000-0000-0000-0000-000000000000}
ParentProcessId: 556
ParentImage: -
ParentCommandLine: -
ParentUser: -"
Information,4/15/2023 8:35:59 PM,Microsoft-Windows-Sysmon,5,Process terminated (rule: ProcessTerminate),"Process terminated:
RuleName: -
UtcTime: 2023-04-15 11:35:59.664
ProcessGuid: {2048537D-8C1E-643A-9600-000000000900}
ProcessId: 5068
Image: C:\Windows\System32\tzsync.exe
User: NT AUTHORITY\SYSTEM"
Information,4/15/2023 8:35:59 PM,Microsoft-Windows-Sysmon,5,Process terminated (rule: ProcessTerminate),"Process terminated:
RuleName: -
UtcTime: 2023-04-15 11:35:59.445
ProcessGuid: {2048537D-8C1E-643A-A100-000000000900}
ProcessId: 4812
Image: C:\Windows\System32\conhost.exe
User: EXAMPLECOMPANY\admin"
Information,4/15/2023 8:35:59 PM,Microsoft-Windows-Sysmon,5,Process terminated (rule: ProcessTerminate),"Process terminated:
RuleName: -
UtcTime: 2023-04-15 11:35:59.445
ProcessGuid: {2048537D-8C1E-643A-A000-000000000900}
ProcessId: 2692
Image: C:\Windows\System32\sdiagnhost.exe
User: EXAMPLECOMPANY\admin"
Information,4/15/2023 8:35:59 PM,Microsoft-Windows-Sysmon,1,Process Create (rule: ProcessCreate),"Process Create:
RuleName: -
UtcTime: 2023-04-15 11:35:59.256
ProcessGuid: {2048537D-8C1F-643A-A600-000000000900}
ProcessId: 1968
Image: C:\Windows\System32\wbem\WmiPrvSE.exe
FileVersion: 10.0.14393.0 (rs1_release.160715-1616)
Description: WMI Provider Host
Product: Microsoft® Windows® Operating System
Company: Microsoft Corporation
OriginalFileName: Wmiprvse.exe
CommandLine: C:\Windows\system32\wbem\wmiprvse.exe -secured -Embedding
CurrentDirectory: C:\Windows\system32\
User: NT AUTHORITY\NETWORK SERVICE
LogonGuid: {2048537D-89C5-643A-E403-000000000000}
LogonId: 0x3E4
TerminalSessionId: 0
IntegrityLevel: System
Hashes: SHA256=B62ACACFCAF99A50149F9DCE06136D478723992A61014FC3DBAE81289FE219F9
ParentProcessGuid: {00000000-0000-0000-0000-000000000000}
ParentProcessId: 732
ParentImage: -
ParentCommandLine: -
ParentUser: -"
Information,4/15/2023 8:35:59 PM,Microsoft-Windows-Sysmon,5,Process terminated (rule: ProcessTerminate),"Process terminated:
RuleName: -
UtcTime: 2023-04-15 11:35:59.070
ProcessGuid: {2048537D-8C1E-643A-9F00-000000000900}
ProcessId: 4204
Image: C:\Windows\System32\conhost.exe
User: NT AUTHORITY\SYSTEM"
Information,4/15/2023 8:35:59 PM,Microsoft-Windows-Sysmon,5,Process terminated (rule: ProcessTerminate),"Process terminated:
RuleName: -
UtcTime: 2023-04-15 11:35:59.070
ProcessGuid: {2048537D-8C1E-643A-9C00-000000000900}
ProcessId: 4252
Image: C:\Windows\Microsoft.NET\Framework\v4.0.30319\ngentask.exe
User: NT AUTHORITY\SYSTEM"
Information,4/15/2023 8:35:59 PM,Microsoft-Windows-Sysmon,5,Process terminated (rule: ProcessTerminate),"Process terminated:
RuleName: -
UtcTime: 2023-04-15 11:35:59.039
ProcessGuid: {2048537D-8C1F-643A-A500-000000000900}
ProcessId: 1080
Image: C:\Windows\Microsoft.NET\Framework\v4.0.30319\ngen.exe
User: NT AUTHORITY\SYSTEM"
Information,4/15/2023 8:35:59 PM,Microsoft-Windows-Sysmon,5,Process terminated (rule: ProcessTerminate),"Process terminated:
RuleName: -
UtcTime: 2023-04-15 11:35:59.039
ProcessGuid: {2048537D-8C1E-643A-9000-000000000900}
ProcessId: 4268
Image: C:\Windows\System32\rundll32.exe
User: EXAMPLECOMPANY\admin"
Information,4/15/2023 8:35:59 PM,Microsoft-Windows-Sysmon,1,Process Create (rule: ProcessCreate),"Process Create:
RuleName: -
UtcTime: 2023-04-15 11:35:59.013
ProcessGuid: {2048537D-8C1F-643A-A500-000000000900}
ProcessId: 1080
Image: C:\Windows\Microsoft.NET\Framework\v4.0.30319\ngen.exe
FileVersion: 4.6.1586.0 built by: NETFXREL2
Description: Microsoft Common Language Runtime native compiler
Product: Microsoft® .NET Framework
Company: Microsoft Corporation
OriginalFileName: ngen.exe
CommandLine: ""C:\Windows\Microsoft.NET\Framework\v4.0.30319\ngen.exe"" ExecuteQueuedItems /LegacyServiceBehavior
CurrentDirectory: C:\Windows\system32\
User: NT AUTHORITY\SYSTEM
LogonGuid: {2048537D-89C4-643A-E703-000000000000}
LogonId: 0x3E7
TerminalSessionId: 0
IntegrityLevel: System
Hashes: SHA256=CCF4A28D9A102D58A6754A9D151E73C037CFD388824329FC3010E0679409A31A
ParentProcessGuid: {2048537D-8C1E-643A-9C00-000000000900}
ParentProcessId: 4252
ParentImage: C:\Windows\Microsoft.NET\Framework\v4.0.30319\ngentask.exe
ParentCommandLine: ""C:\Windows\Microsoft.NET\Framework\v4.0.30319\NGenTask.exe"" /RuntimeWide /StopEvent:936
ParentUser: NT AUTHORITY\SYSTEM"
Information,4/15/2023 8:35:59 PM,Microsoft-Windows-Sysmon,5,Process terminated (rule: ProcessTerminate),"Process terminated:
RuleName: -
UtcTime: 2023-04-15 11:35:58.992
ProcessGuid: {2048537D-8C1E-643A-A400-000000000900}
ProcessId: 3628
Image: C:\Windows\Microsoft.NET\Framework\v4.0.30319\ngen.exe
User: NT AUTHORITY\SYSTEM"
Information,4/15/2023 8:35:58 PM,Microsoft-Windows-Sysmon,1,Process Create (rule: ProcessCreate),"Process Create:
RuleName: -
UtcTime: 2023-04-15 11:35:58.985
ProcessGuid: {2048537D-8C1E-643A-A400-000000000900}
ProcessId: 3628
Image: C:\Windows\Microsoft.NET\Framework\v4.0.30319\ngen.exe
FileVersion: 4.6.1586.0 built by: NETFXREL2
Description: Microsoft Common Language Runtime native compiler
Product: Microsoft® .NET Framework
Company: Microsoft Corporation
OriginalFileName: ngen.exe
CommandLine: ""C:\Windows\Microsoft.NET\Framework\v4.0.30319\ngen.exe"" RemoveTaskDelayStartTrigger /LegacyServiceBehavior
CurrentDirectory: C:\Windows\system32\
User: NT AUTHORITY\SYSTEM
LogonGuid: {2048537D-89C4-643A-E703-000000000000}
LogonId: 0x3E7
TerminalSessionId: 0
IntegrityLevel: System
Hashes: SHA256=CCF4A28D9A102D58A6754A9D151E73C037CFD388824329FC3010E0679409A31A
ParentProcessGuid: {2048537D-8C1E-643A-9C00-000000000900}
ParentProcessId: 4252
ParentImage: C:\Windows\Microsoft.NET\Framework\v4.0.30319\ngentask.exe
ParentCommandLine: ""C:\Windows\Microsoft.NET\Framework\v4.0.30319\NGenTask.exe"" /RuntimeWide /StopEvent:936
ParentUser: NT AUTHORITY\SYSTEM"
Information,4/15/2023 8:35:58 PM,Microsoft-Windows-Sysmon,5,Process terminated (rule: ProcessTerminate),"Process terminated:
RuleName: -
UtcTime: 2023-04-15 11:35:58.961
ProcessGuid: {2048537D-8C1E-643A-9E00-000000000900}
ProcessId: 4332
Image: C:\Windows\System32\conhost.exe
User: NT AUTHORITY\SYSTEM"
Information,4/15/2023 8:35:58 PM,Microsoft-Windows-Sysmon,5,Process terminated (rule: ProcessTerminate),"Process terminated:
RuleName: -
UtcTime: 2023-04-15 11:35:58.961
ProcessGuid: {2048537D-8C1E-643A-9D00-000000000900}
ProcessId: 4200
Image: C:\Windows\Microsoft.NET\Framework64\v4.0.30319\ngentask.exe
User: NT AUTHORITY\SYSTEM"
Information,4/15/2023 8:35:58 PM,Microsoft-Windows-Sysmon,5,Process terminated (rule: ProcessTerminate),"Process terminated:
RuleName: -
UtcTime: 2023-04-15 11:35:58.961
ProcessGuid: {2048537D-8C1E-643A-A300-000000000900}
ProcessId: 8
Image: C:\Windows\Microsoft.NET\Framework64\v4.0.30319\ngen.exe
User: NT AUTHORITY\SYSTEM"
Information,4/15/2023 8:35:58 PM,Microsoft-Windows-Sysmon,1,Process Create (rule: ProcessCreate),"Process Create:
RuleName: -
UtcTime: 2023-04-15 11:35:58.942
ProcessGuid: {2048537D-8C1E-643A-A300-000000000900}
ProcessId: 8
Image: C:\Windows\Microsoft.NET\Framework64\v4.0.30319\ngen.exe
FileVersion: 4.6.1586.0 built by: NETFXREL2
Description: Microsoft Common Language Runtime native compiler
Product: Microsoft® .NET Framework
Company: Microsoft Corporation
OriginalFileName: ngen.exe
CommandLine: ""C:\Windows\Microsoft.NET\Framework64\v4.0.30319\ngen.exe"" ExecuteQueuedItems /LegacyServiceBehavior
CurrentDirectory: C:\Windows\system32\
User: NT AUTHORITY\SYSTEM
LogonGuid: {2048537D-89C4-643A-E703-000000000000}
LogonId: 0x3E7
TerminalSessionId: 0
IntegrityLevel: System
Hashes: SHA256=146B58288733A734028DF781C2EA6E5BE63AAC22472709CA05630DE46F1CD915
ParentProcessGuid: {2048537D-8C1E-643A-9D00-000000000900}
ParentProcessId: 4200
ParentImage: C:\Windows\Microsoft.NET\Framework64\v4.0.30319\ngentask.exe
ParentCommandLine: ""C:\Windows\Microsoft.NET\Framework64\v4.0.30319\NGenTask.exe"" /RuntimeWide /StopEvent:1068
ParentUser: NT AUTHORITY\SYSTEM"
Information,4/15/2023 8:35:58 PM,Microsoft-Windows-Sysmon,5,Process terminated (rule: ProcessTerminate),"Process terminated:
RuleName: -
UtcTime: 2023-04-15 11:35:58.930
ProcessGuid: {2048537D-8C1E-643A-A200-000000000900}
ProcessId: 3504
Image: C:\Windows\Microsoft.NET\Framework64\v4.0.30319\ngen.exe
User: NT AUTHORITY\SYSTEM"
Information,4/15/2023 8:35:58 PM,Microsoft-Windows-Sysmon,1,Process Create (rule: ProcessCreate),"Process Create:
RuleName: -
UtcTime: 2023-04-15 11:35:58.907
ProcessGuid: {2048537D-8C1E-643A-A200-000000000900}
ProcessId: 3504
Image: C:\Windows\Microsoft.NET\Framework64\v4.0.30319\ngen.exe
FileVersion: 4.6.1586.0 built by: NETFXREL2
Description: Microsoft Common Language Runtime native compiler
Product: Microsoft® .NET Framework
Company: Microsoft Corporation
OriginalFileName: ngen.exe
CommandLine: ""C:\Windows\Microsoft.NET\Framework64\v4.0.30319\ngen.exe"" RemoveTaskDelayStartTrigger /LegacyServiceBehavior
CurrentDirectory: C:\Windows\system32\
User: NT AUTHORITY\SYSTEM
LogonGuid: {2048537D-89C4-643A-E703-000000000000}
LogonId: 0x3E7
TerminalSessionId: 0
IntegrityLevel: System
Hashes: SHA256=146B58288733A734028DF781C2EA6E5BE63AAC22472709CA05630DE46F1CD915
ParentProcessGuid: {2048537D-8C1E-643A-9D00-000000000900}
ParentProcessId: 4200
ParentImage: C:\Windows\Microsoft.NET\Framework64\v4.0.30319\ngentask.exe
ParentCommandLine: ""C:\Windows\Microsoft.NET\Framework64\v4.0.30319\NGenTask.exe"" /RuntimeWide /StopEvent:1068
ParentUser: NT AUTHORITY\SYSTEM"
Information,4/15/2023 8:35:58 PM,Microsoft-Windows-Sysmon,1,Process Create (rule: ProcessCreate),"Process Create:
RuleName: -
UtcTime: 2023-04-15 11:35:58.747
ProcessGuid: {2048537D-8C1E-643A-A100-000000000900}
ProcessId: 4812
Image: C:\Windows\System32\conhost.exe
FileVersion: 10.0.14393.0 (rs1_release.160715-1616)
Description: Console Window Host
Product: Microsoft® Windows® Operating System
Company: Microsoft Corporation
OriginalFileName: CONHOST.EXE
CommandLine: \??\C:\Windows\system32\conhost.exe 0xffffffff -ForceV1
CurrentDirectory: C:\Windows
User: EXAMPLECOMPANY\admin
LogonGuid: {2048537D-8A36-643A-0652-030000000000}
LogonId: 0x35206
TerminalSessionId: 1
IntegrityLevel: High
Hashes: SHA256=046F7A1B4DE67562547ED9A180A72F481FC41E803DE49A96D7D7C731964D53A0
ParentProcessGuid: {2048537D-8C1E-643A-A000-000000000900}
ParentProcessId: 2692
ParentImage: C:\Windows\System32\sdiagnhost.exe
ParentCommandLine: C:\Windows\System32\sdiagnhost.exe -Embedding
ParentUser: EXAMPLECOMPANY\admin"
Information,4/15/2023 8:35:58 PM,Microsoft-Windows-Sysmon,1,Process Create (rule: ProcessCreate),"Process Create:
RuleName: -
UtcTime: 2023-04-15 11:35:58.705
ProcessGuid: {2048537D-8C1E-643A-A000-000000000900}
ProcessId: 2692
Image: C:\Windows\System32\sdiagnhost.exe
FileVersion: 10.0.14393.0 (rs1_release.160715-1616)
Description: Scripted Diagnostics Native Host
Product: Microsoft® Windows® Operating System
Company: Microsoft Corporation
OriginalFileName: sdiagnhost.exe
CommandLine: C:\Windows\System32\sdiagnhost.exe -Embedding
CurrentDirectory: C:\Windows\system32\
User: EXAMPLECOMPANY\admin
LogonGuid: {2048537D-8A36-643A-0652-030000000000}
LogonId: 0x35206
TerminalSessionId: 1
IntegrityLevel: High
Hashes: SHA256=6FEDAAF41148F8E0803451B44AA5270AE6F96BF6D31CB81B3FE9459D2239E54E
ParentProcessGuid: {00000000-0000-0000-0000-000000000000}
ParentProcessId: 732
ParentImage: -
ParentCommandLine: -
ParentUser: -"
Information,4/15/2023 8:35:58 PM,Microsoft-Windows-Sysmon,1,Process Create (rule: ProcessCreate),"Process Create:
RuleName: -
UtcTime: 2023-04-15 11:35:58.597
ProcessGuid: {2048537D-8C1E-643A-9F00-000000000900}
ProcessId: 4204
Image: C:\Windows\System32\conhost.exe
FileVersion: 10.0.14393.0 (rs1_release.160715-1616)
Description: Console Window Host
Product: Microsoft® Windows® Operating System
Company: Microsoft Corporation
OriginalFileName: CONHOST.EXE
CommandLine: \??\C:\Windows\system32\conhost.exe 0xffffffff -ForceV1
CurrentDirectory: C:\Windows
User: NT AUTHORITY\SYSTEM
LogonGuid: {2048537D-89C4-643A-E703-000000000000}
LogonId: 0x3E7
TerminalSessionId: 0
IntegrityLevel: System
Hashes: SHA256=046F7A1B4DE67562547ED9A180A72F481FC41E803DE49A96D7D7C731964D53A0
ParentProcessGuid: {2048537D-8C1E-643A-9C00-000000000900}
ParentProcessId: 4252
ParentImage: C:\Windows\Microsoft.NET\Framework\v4.0.30319\ngentask.exe
ParentCommandLine: ""C:\Windows\Microsoft.NET\Framework\v4.0.30319\NGenTask.exe"" /RuntimeWide /StopEvent:936
ParentUser: NT AUTHORITY\SYSTEM"
Information,4/15/2023 8:35:58 PM,Microsoft-Windows-Sysmon,1,Process Create (rule: ProcessCreate),"Process Create:
RuleName: -
UtcTime: 2023-04-15 11:35:58.590
ProcessGuid: {2048537D-8C1E-643A-9E00-000000000900}
ProcessId: 4332
Image: C:\Windows\System32\conhost.exe
FileVersion: 10.0.14393.0 (rs1_release.160715-1616)
Description: Console Window Host
Product: Microsoft® Windows® Operating System
Company: Microsoft Corporation
OriginalFileName: CONHOST.EXE
CommandLine: \??\C:\Windows\system32\conhost.exe 0xffffffff -ForceV1
CurrentDirectory: C:\Windows
User: NT AUTHORITY\SYSTEM
LogonGuid: {2048537D-89C4-643A-E703-000000000000}
LogonId: 0x3E7
TerminalSessionId: 0
IntegrityLevel: System
Hashes: SHA256=046F7A1B4DE67562547ED9A180A72F481FC41E803DE49A96D7D7C731964D53A0
ParentProcessGuid: {2048537D-8C1E-643A-9D00-000000000900}
ParentProcessId: 4200
ParentImage: C:\Windows\Microsoft.NET\Framework64\v4.0.30319\ngentask.exe
ParentCommandLine: ""C:\Windows\Microsoft.NET\Framework64\v4.0.30319\NGenTask.exe"" /RuntimeWide /StopEvent:1068
ParentUser: NT AUTHORITY\SYSTEM"
Information,4/15/2023 8:35:58 PM,Microsoft-Windows-Sysmon,1,Process Create (rule: ProcessCreate),"Process Create:
RuleName: -
UtcTime: 2023-04-15 11:35:58.586
ProcessGuid: {2048537D-8C1E-643A-9D00-000000000900}
ProcessId: 4200
Image: C:\Windows\Microsoft.NET\Framework64\v4.0.30319\ngentask.exe
FileVersion: 4.6.1586.0 built by: NETFXREL2
Description: Microsoft .NET Framework optimization service
Product: Microsoft® .NET Framework
Company: Microsoft Corporation
OriginalFileName: NGenTask.exe
CommandLine: ""C:\Windows\Microsoft.NET\Framework64\v4.0.30319\NGenTask.exe"" /RuntimeWide /StopEvent:1068
CurrentDirectory: C:\Windows\system32\
User: NT AUTHORITY\SYSTEM
LogonGuid: {2048537D-89C4-643A-E703-000000000000}
LogonId: 0x3E7
TerminalSessionId: 0
IntegrityLevel: System
Hashes: SHA256=C3B2AAD66713B8E5BF312A02A166C3960B5A8DDF2713E9B2590F17DFB8661A19
ParentProcessGuid: {2048537D-8C13-643A-7C00-000000000900}
ParentProcessId: 3652
ParentImage: C:\Windows\System32\taskhostw.exe
ParentCommandLine: taskhostw.exe
ParentUser: NT AUTHORITY\SYSTEM"
Information,4/15/2023 8:35:58 PM,Microsoft-Windows-Sysmon,1,Process Create (rule: ProcessCreate),"Process Create:
RuleName: -
UtcTime: 2023-04-15 11:35:58.584
ProcessGuid: {2048537D-8C1E-643A-9C00-000000000900}
ProcessId: 4252
Image: C:\Windows\Microsoft.NET\Framework\v4.0.30319\ngentask.exe
FileVersion: 4.6.1586.0 built by: NETFXREL2
Description: Microsoft .NET Framework optimization service
Product: Microsoft® .NET Framework
Company: Microsoft Corporation
OriginalFileName: NGenTask.exe
CommandLine: ""C:\Windows\Microsoft.NET\Framework\v4.0.30319\NGenTask.exe"" /RuntimeWide /StopEvent:936
CurrentDirectory: C:\Windows\system32\
User: NT AUTHORITY\SYSTEM
LogonGuid: {2048537D-89C4-643A-E703-000000000000}
LogonId: 0x3E7
TerminalSessionId: 0
IntegrityLevel: System
Hashes: SHA256=440325DCE391A78DAA1A4752B079424C57E4D9EFA6D7426BFD310707B7100AB7
ParentProcessGuid: {2048537D-8C13-643A-7C00-000000000900}
ParentProcessId: 3652
ParentImage: C:\Windows\System32\taskhostw.exe
ParentCommandLine: taskhostw.exe
ParentUser: NT AUTHORITY\SYSTEM"
Information,4/15/2023 8:35:58 PM,Microsoft-Windows-Sysmon,5,Process terminated (rule: ProcessTerminate),"Process terminated:
RuleName: -
UtcTime: 2023-04-15 11:35:58.570
ProcessGuid: {2048537D-8C1E-643A-8F00-000000000900}
ProcessId: 5036
Image: C:\Windows\System32\taskhostw.exe
User: NT AUTHORITY\LOCAL SERVICE"
Information,4/15/2023 8:35:58 PM,Microsoft-Windows-Sysmon,1,Process Create (rule: ProcessCreate),"Process Create:
RuleName: -
UtcTime: 2023-04-15 11:35:58.553
ProcessGuid: {2048537D-8C1E-643A-9B00-000000000900}
ProcessId: 4852
Image: C:\Windows\System32\conhost.exe
FileVersion: 10.0.14393.0 (rs1_release.160715-1616)
Description: Console Window Host
Product: Microsoft® Windows® Operating System
Company: Microsoft Corporation
OriginalFileName: CONHOST.EXE
CommandLine: \??\C:\Windows\system32\conhost.exe 0xffffffff -ForceV1
CurrentDirectory: C:\Windows
User: NT AUTHORITY\SYSTEM
LogonGuid: {2048537D-89C4-643A-E703-000000000000}
LogonId: 0x3E7
TerminalSessionId: 0
IntegrityLevel: System
Hashes: SHA256=046F7A1B4DE67562547ED9A180A72F481FC41E803DE49A96D7D7C731964D53A0
ParentProcessGuid: {2048537D-8C1E-643A-9600-000000000900}
ParentProcessId: 5068
ParentImage: C:\Windows\System32\tzsync.exe
ParentCommandLine: C:\Windows\system32\tzsync.exe
ParentUser: NT AUTHORITY\SYSTEM"
Information,4/15/2023 8:35:58 PM,Microsoft-Windows-Sysmon,1,Process Create (rule: ProcessCreate),"Process Create:
RuleName: -
UtcTime: 2023-04-15 11:35:58.551
ProcessGuid: {2048537D-8C1E-643A-9A00-000000000900}
ProcessId: 2548
Image: C:\Windows\System32\conhost.exe
FileVersion: 10.0.14393.0 (rs1_release.160715-1616)
Description: Console Window Host
Product: Microsoft® Windows® Operating System
Company: Microsoft Corporation
OriginalFileName: CONHOST.EXE
CommandLine: \??\C:\Windows\system32\conhost.exe 0xffffffff -ForceV1
CurrentDirectory: C:\Windows
User: NT AUTHORITY\SYSTEM
LogonGuid: {2048537D-89C4-643A-E703-000000000000}
LogonId: 0x3E7
TerminalSessionId: 0
IntegrityLevel: System
Hashes: SHA256=046F7A1B4DE67562547ED9A180A72F481FC41E803DE49A96D7D7C731964D53A0
ParentProcessGuid: {2048537D-8C1E-643A-9200-000000000900}
ParentProcessId: 1732
ParentImage: C:\Windows\System32\Defrag.exe
ParentCommandLine: C:\Windows\system32\defrag.exe -c -h -k -g -$
ParentUser: NT AUTHORITY\SYSTEM"
Information,4/15/2023 8:35:58 PM,Microsoft-Windows-Sysmon,1,Process Create (rule: ProcessCreate),"Process Create:
RuleName: -
UtcTime: 2023-04-15 11:35:58.549
ProcessGuid: {2048537D-8C1E-643A-9900-000000000900}
ProcessId: 3416
Image: C:\Windows\System32\conhost.exe
FileVersion: 10.0.14393.0 (rs1_release.160715-1616)
Description: Console Window Host
Product: Microsoft® Windows® Operating System
Company: Microsoft Corporation
OriginalFileName: CONHOST.EXE
CommandLine: \??\C:\Windows\system32\conhost.exe 0xffffffff -ForceV1
CurrentDirectory: C:\Windows
User: NT AUTHORITY\SYSTEM
LogonGuid: {2048537D-89C4-643A-E703-000000000000}
LogonId: 0x3E7
TerminalSessionId: 0
IntegrityLevel: System
Hashes: SHA256=046F7A1B4DE67562547ED9A180A72F481FC41E803DE49A96D7D7C731964D53A0
ParentProcessGuid: {2048537D-8C1E-643A-8C00-000000000900}
ParentProcessId: 4384
ParentImage: C:\Program Files\Windows Defender\MpCmdRun.exe
ParentCommandLine: ""C:\Program Files\Windows Defender\MpCmdRun.exe"" Scan -ScheduleJob
ParentUser: NT AUTHORITY\SYSTEM"
Information,4/15/2023 8:35:58 PM,Microsoft-Windows-Sysmon,1,Process Create (rule: ProcessCreate),"Process Create:
RuleName: -
UtcTime: 2023-04-15 11:35:58.546
ProcessGuid: {2048537D-8C1E-643A-9800-000000000900}
ProcessId: 4900
Image: C:\Windows\System32\conhost.exe
FileVersion: 10.0.14393.0 (rs1_release.160715-1616)
Description: Console Window Host
Product: Microsoft® Windows® Operating System
Company: Microsoft Corporation
OriginalFileName: CONHOST.EXE
CommandLine: \??\C:\Windows\system32\conhost.exe 0xffffffff -ForceV1
CurrentDirectory: C:\Windows
User: NT AUTHORITY\SYSTEM
LogonGuid: {2048537D-89C4-643A-E703-000000000000}
LogonId: 0x3E7
TerminalSessionId: 0
IntegrityLevel: System
Hashes: SHA256=046F7A1B4DE67562547ED9A180A72F481FC41E803DE49A96D7D7C731964D53A0
ParentProcessGuid: {2048537D-8C1E-643A-8A00-000000000900}
ParentProcessId: 4348
ParentImage: C:\Program Files\Windows Defender\MpCmdRun.exe
ParentCommandLine: ""C:\Program Files\Windows Defender\MpCmdRun.exe"" -IdleTask -TaskName WdCacheMaintenance
ParentUser: NT AUTHORITY\SYSTEM"
Information,4/15/2023 8:35:58 PM,Microsoft-Windows-Sysmon,1,Process Create (rule: ProcessCreate),"Process Create:
RuleName: -
UtcTime: 2023-04-15 11:35:58.536
ProcessGuid: {2048537D-8C1E-643A-9700-000000000900}
ProcessId: 1728
Image: C:\Windows\System32\rundll32.exe
FileVersion: 10.0.14393.0 (rs1_release.160715-1616)
Description: Windows host process (Rundll32)
Product: Microsoft® Windows® Operating System
Company: Microsoft Corporation
OriginalFileName: RUNDLL32.EXE
CommandLine: C:\Windows\system32\rundll32.exe Windows.Storage.ApplicationData.dll,CleanupTemporaryState
CurrentDirectory: C:\Windows\system32\
User: NT AUTHORITY\SYSTEM
LogonGuid: {2048537D-89C4-643A-E703-000000000000}
LogonId: 0x3E7
TerminalSessionId: 0
IntegrityLevel: System
Hashes: SHA256=495BBA47FC43EE23054FCD419F2F00457162D1C04296900C6AEA551102A810F3
ParentProcessGuid: {00000000-0000-0000-0000-000000000000}
ParentProcessId: 1016
ParentImage: -
ParentCommandLine: -
ParentUser: -"
Information,4/15/2023 8:35:58 PM,Microsoft-Windows-Sysmon,1,Process Create (rule: ProcessCreate),"Process Create:
RuleName: -
UtcTime: 2023-04-15 11:35:58.535
ProcessGuid: {2048537D-8C1E-643A-9600-000000000900}
ProcessId: 5068
Image: C:\Windows\System32\tzsync.exe
FileVersion: 10.0.14393.0 (rs1_release.160715-1616)
Description: TimeZone Sync Task
Product: Microsoft® Windows® Operating System
Company: Microsoft Corporation
OriginalFileName: tzsync.exe
CommandLine: C:\Windows\system32\tzsync.exe
CurrentDirectory: C:\Windows\system32\
User: NT AUTHORITY\SYSTEM
LogonGuid: {2048537D-89C4-643A-E703-000000000000}
LogonId: 0x3E7
TerminalSessionId: 0
IntegrityLevel: System
Hashes: SHA256=2859635FEBCC5C38470828DAAECFF49179716ADDFC5AD9FADEB89722842B381A
ParentProcessGuid: {00000000-0000-0000-0000-000000000000}
ParentProcessId: 1016
ParentImage: -
ParentCommandLine: -
ParentUser: -"
Information,4/15/2023 8:35:58 PM,Microsoft-Windows-Sysmon,1,Process Create (rule: ProcessCreate),"Process Create:
RuleName: -
UtcTime: 2023-04-15 11:35:58.527
ProcessGuid: {2048537D-8C1E-643A-9500-000000000900}
ProcessId: 1980
Image: C:\Windows\System32\cleanmgr.exe
FileVersion: 10.0.14393.0 (rs1_release.160715-1616)
Description: Disk Space Cleanup Manager for Windows
Product: Microsoft® Windows® Operating System
Company: Microsoft Corporation
OriginalFileName: CLEANMGR.DLL
CommandLine: C:\Windows\system32\cleanmgr.exe /autoclean /d C:
CurrentDirectory: C:\Windows\system32\
User: EXAMPLECOMPANY\admin
LogonGuid: {2048537D-8A36-643A-0652-030000000000}
LogonId: 0x35206
TerminalSessionId: 1
IntegrityLevel: High
Hashes: SHA256=A12A5393FAFD1B373BBB9ABA6384DD84D8A8DE8F306A331380355B945D6918F8
ParentProcessGuid: {00000000-0000-0000-0000-000000000000}
ParentProcessId: 1016
ParentImage: -
ParentCommandLine: -
ParentUser: -"
Information,4/15/2023 8:35:58 PM,Microsoft-Windows-Sysmon,1,Process Create (rule: ProcessCreate),"Process Create:
RuleName: -
UtcTime: 2023-04-15 11:35:58.525
ProcessGuid: {2048537D-8C1E-643A-9400-000000000900}
ProcessId: 2036
Image: C:\Windows\System32\CompatTelRunner.exe
FileVersion: 10.0.16287.1005 (WinBuild.160101.0800)
Description: Microsoft Compatibility Telemetry
Product: Microsoft® Windows® Operating System
Company: Microsoft Corporation
OriginalFileName: CompatTelRunner.exe
CommandLine: C:\Windows\system32\CompatTelRunner.exe -m:appraiser.dll -f:DoScheduledTelemetryRun -cv:9X5CB7MNHkyLrHay.2
CurrentDirectory: C:\Windows\system32\
User: NT AUTHORITY\SYSTEM
LogonGuid: {2048537D-89C4-643A-E703-000000000000}
LogonId: 0x3E7
TerminalSessionId: 0
IntegrityLevel: System
Hashes: SHA256=96F57114988325E05BA277CFB6EB88324252918FCEB81BF777D4FF601AE30404
ParentProcessGuid: {2048537D-8C1E-643A-8800-000000000900}
ParentProcessId: 3720
ParentImage: C:\Windows\System32\CompatTelRunner.exe
ParentCommandLine: C:\Windows\system32\compattelrunner.exe -maintenance
ParentUser: NT AUTHORITY\SYSTEM"
