Information,4/15/2023 8:41:17 PM,Microsoft-Windows-Sysmon,1,Process Create (rule: ProcessCreate),"Process Create:
RuleName: -
UtcTime: 2023-04-15 11:41:17.325
ProcessGuid: {2048537D-8D5D-643A-3C00-000000000A00}
ProcessId: 3572
Image: C:\Windows\System32\RuntimeBroker.exe
FileVersion: 10.0.14393.0 (rs1_release.160715-1616)
Description: Runtime Broker
Product: Microsoft® Windows® Operating System
Company: Microsoft Corporation
OriginalFileName: RuntimeBroker.exe
CommandLine: C:\Windows\System32\RuntimeBroker.exe -Embedding
CurrentDirectory: C:\Windows\system32\
User: EXAMPLECOMPANY\admin
LogonGuid: {2048537D-8D5D-643A-7B45-030000000000}
LogonId: 0x3457B
TerminalSessionId: 1
IntegrityLevel: Medium
Hashes: SHA256=20A7EB74EFD23933A5C0887D3D8CE66FEA009A6CD257508CB4B0EB70F8D27C57
ParentProcessGuid: {00000000-0000-0000-0000-000000000000}
ParentProcessId: 736
ParentImage: -
ParentCommandLine: -
ParentUser: -"
Information,4/15/2023 8:41:17 PM,Microsoft-Windows-Sysmon,1,Process Create (rule: ProcessCreate),"Process Create:
RuleName: -
UtcTime: 2023-04-15 11:41:17.174
ProcessGuid: {2048537D-8D5D-643A-3B00-000000000A00}
ProcessId: 3508
Image: C:\Windows\System32\dllhost.exe
FileVersion: 10.0.14393.0 (rs1_release.160715-1616)
Description: COM Surrogate
Product: Microsoft® Windows® Operating System
Company: Microsoft Corporation
OriginalFileName: dllhost.exe
CommandLine: C:\Windows\system32\DllHost.exe /Processid:{E10F6C3A-F1AE-4ADC-AA9D-2FE65525666E}
CurrentDirectory: C:\Windows\system32\
User: NT AUTHORITY\SYSTEM
LogonGuid: {2048537D-8D03-643A-E703-000000000000}
LogonId: 0x3E7
TerminalSessionId: 0
IntegrityLevel: System
Hashes: SHA256=EE8364C07B3F4F71FA649E0E6C4C73C15D285130E4B16E79890EEBBF89C2164E
ParentProcessGuid: {00000000-0000-0000-0000-000000000000}
ParentProcessId: 736
ParentImage: -
ParentCommandLine: -
ParentUser: -"
Information,4/15/2023 8:40:48 PM,Microsoft-Windows-Sysmon,5,Process terminated (rule: ProcessTerminate),"Process terminated:
RuleName: -
UtcTime: 2023-04-15 11:40:48.506
ProcessGuid: {2048537D-8D40-643A-3800-000000000A00}
ProcessId: 3368
Image: C:\Windows\System32\conhost.exe
User: NT AUTHORITY\SYSTEM"
Information,4/15/2023 8:40:48 PM,Microsoft-Windows-Sysmon,5,Process terminated (rule: ProcessTerminate),"Process terminated:
RuleName: -
UtcTime: 2023-04-15 11:40:48.506
ProcessGuid: {2048537D-8D40-643A-3700-000000000A00}
ProcessId: 3360
Image: C:\Windows\System32\cmd.exe
User: NT AUTHORITY\SYSTEM"
Information,4/15/2023 8:40:48 PM,Microsoft-Windows-Sysmon,5,Process terminated (rule: ProcessTerminate),"Process terminated:
RuleName: -
UtcTime: 2023-04-15 11:40:48.474
ProcessGuid: {2048537D-8D40-643A-3900-000000000A00}
ProcessId: 3404
Image: <unknown process>
User: NT AUTHORITY\SYSTEM"
Information,4/15/2023 8:40:48 PM,Microsoft-Windows-Sysmon,5,Process terminated (rule: ProcessTerminate),"Process terminated:
RuleName: -
UtcTime: 2023-04-15 11:40:48.474
ProcessGuid: {2048537D-8D40-643A-3A00-000000000A00}
ProcessId: 3416
Image: <unknown process>
User: NT AUTHORITY\SYSTEM"
Information,4/15/2023 8:40:48 PM,Microsoft-Windows-Sysmon,1,Process Create (rule: ProcessCreate),"Process Create:
RuleName: -
UtcTime: 2023-04-15 11:40:48.482
ProcessGuid: {2048537D-8D40-643A-3A00-000000000A00}
ProcessId: 3416
Image: C:\Windows\System32\reg.exe
FileVersion: 10.0.14393.0 (rs1_release.160715-1616)
Description: Registry Console Tool
Product: Microsoft® Windows® Operating System
Company: Microsoft Corporation
OriginalFileName: reg.exe
CommandLine: C:\Windows\system32\reg.exe  query hklm\software\microsoft\windows\softwareinventorylogging /v collectionstate /reg:64
CurrentDirectory: C:\Windows\system32\
User: NT AUTHORITY\SYSTEM
LogonGuid: {2048537D-8D03-643A-E703-000000000000}
LogonId: 0x3E7
TerminalSessionId: 0
IntegrityLevel: System
Hashes: SHA256=9E28034CE3AEEA6951F790F8997DF44CFBF80BEFF9FB17413DBA317016A716AD
ParentProcessGuid: {2048537D-8D40-643A-3900-000000000A00}
ParentProcessId: 3404
ParentImage: C:\Windows\System32\cmd.exe
ParentCommandLine: C:\Windows\system32\cmd.exe /c C:\Windows\system32\reg.exe query hklm\software\microsoft\windows\softwareinventorylogging /v collectionstate /reg:64
ParentUser: NT AUTHORITY\SYSTEM"
Information,4/15/2023 8:40:48 PM,Microsoft-Windows-Sysmon,1,Process Create (rule: ProcessCreate),"Process Create:
RuleName: -
UtcTime: 2023-04-15 11:40:48.479
ProcessGuid: {2048537D-8D40-643A-3900-000000000A00}
ProcessId: 3404
Image: C:\Windows\System32\cmd.exe
FileVersion: 10.0.14393.0 (rs1_release.160715-1616)
Description: Windows Command Processor
Product: Microsoft® Windows® Operating System
Company: Microsoft Corporation
OriginalFileName: Cmd.Exe
CommandLine: C:\Windows\system32\cmd.exe /c C:\Windows\system32\reg.exe query hklm\software\microsoft\windows\softwareinventorylogging /v collectionstate /reg:64
CurrentDirectory: C:\Windows\system32\
User: NT AUTHORITY\SYSTEM
LogonGuid: {2048537D-8D03-643A-E703-000000000000}
LogonId: 0x3E7
TerminalSessionId: 0
IntegrityLevel: System
Hashes: SHA256=935C1861DF1F4018D698E8B65ABFA02D7E9037D8F68CA3C2065B6CA165D44AD2
ParentProcessGuid: {2048537D-8D40-643A-3700-000000000A00}
ParentProcessId: 3360
ParentImage: C:\Windows\System32\cmd.exe
ParentCommandLine: C:\Windows\system32\cmd.exe /d /c C:\Windows\system32\silcollector.cmd configure
ParentUser: NT AUTHORITY\SYSTEM"
Information,4/15/2023 8:40:48 PM,Microsoft-Windows-Sysmon,1,Process Create (rule: ProcessCreate),"Process Create:
RuleName: -
UtcTime: 2023-04-15 11:40:48.433
ProcessGuid: {2048537D-8D40-643A-3800-000000000A00}
ProcessId: 3368
Image: C:\Windows\System32\conhost.exe
FileVersion: 10.0.14393.0 (rs1_release.160715-1616)
Description: Console Window Host
Product: Microsoft® Windows® Operating System
Company: Microsoft Corporation
OriginalFileName: CONHOST.EXE
CommandLine: \??\C:\Windows\system32\conhost.exe 0xffffffff -ForceV1
CurrentDirectory: C:\Windows
User: NT AUTHORITY\SYSTEM
LogonGuid: {2048537D-8D03-643A-E703-000000000000}
LogonId: 0x3E7
TerminalSessionId: 0
IntegrityLevel: System
Hashes: SHA256=046F7A1B4DE67562547ED9A180A72F481FC41E803DE49A96D7D7C731964D53A0
ParentProcessGuid: {2048537D-8D40-643A-3700-000000000A00}
ParentProcessId: 3360
ParentImage: C:\Windows\System32\cmd.exe
ParentCommandLine: C:\Windows\system32\cmd.exe /d /c C:\Windows\system32\silcollector.cmd configure
ParentUser: NT AUTHORITY\SYSTEM"
Information,4/15/2023 8:40:48 PM,Microsoft-Windows-Sysmon,1,Process Create (rule: ProcessCreate),"Process Create:
RuleName: -
UtcTime: 2023-04-15 11:40:48.429
ProcessGuid: {2048537D-8D40-643A-3700-000000000A00}
ProcessId: 3360
Image: C:\Windows\System32\cmd.exe
FileVersion: 10.0.14393.0 (rs1_release.160715-1616)
Description: Windows Command Processor
Product: Microsoft® Windows® Operating System
Company: Microsoft Corporation
OriginalFileName: Cmd.Exe
CommandLine: C:\Windows\system32\cmd.exe /d /c C:\Windows\system32\silcollector.cmd configure
CurrentDirectory: C:\Windows\system32\
User: NT AUTHORITY\SYSTEM
LogonGuid: {2048537D-8D03-643A-E703-000000000000}
LogonId: 0x3E7
TerminalSessionId: 0
IntegrityLevel: System
Hashes: SHA256=935C1861DF1F4018D698E8B65ABFA02D7E9037D8F68CA3C2065B6CA165D44AD2
ParentProcessGuid: {2048537D-8D03-643A-1100-000000000A00}
ParentProcessId: 952
ParentImage: C:\Windows\System32\svchost.exe
ParentCommandLine: C:\Windows\system32\svchost.exe -k netsvcs
ParentUser: NT AUTHORITY\SYSTEM"
Information,4/15/2023 8:40:20 PM,Microsoft-Windows-Sysmon,5,Process terminated (rule: ProcessTerminate),"Process terminated:
RuleName: -
UtcTime: 2023-04-15 11:40:20.380
ProcessGuid: {2048537D-8D04-643A-1B00-000000000A00}
ProcessId: 2016
Image: C:\Windows\System32\sppsvc.exe
User: NT AUTHORITY\NETWORK SERVICE"
Information,4/15/2023 8:40:20 PM,Microsoft-Windows-Sysmon,5,Process terminated (rule: ProcessTerminate),"Process terminated:
RuleName: -
UtcTime: 2023-04-15 11:40:20.380
ProcessGuid: {2048537D-8D04-643A-1C00-000000000A00}
ProcessId: 876
Image: C:\Windows\System32\SppExtComObj.Exe
User: NT AUTHORITY\NETWORK SERVICE"
Information,4/15/2023 8:40:11 PM,Microsoft-Windows-Sysmon,5,Process terminated (rule: ProcessTerminate),"Process terminated:
RuleName: -
UtcTime: 2023-04-15 11:40:11.302
ProcessGuid: {2048537D-8D13-643A-2E00-000000000A00}
ProcessId: 2708
Image: C:\Windows\System32\vdsldr.exe
User: NT AUTHORITY\SYSTEM"
Information,4/15/2023 8:40:06 PM,Microsoft-Windows-Sysmon,1,Process Create (rule: ProcessCreate),"Process Create:
RuleName: -
UtcTime: 2023-04-15 11:40:06.219
ProcessGuid: {2048537D-8D16-643A-3600-000000000A00}
ProcessId: 3112
Image: C:\Windows\System32\wbem\WmiPrvSE.exe
FileVersion: 10.0.14393.0 (rs1_release.160715-1616)
Description: WMI Provider Host
Product: Microsoft® Windows® Operating System
Company: Microsoft Corporation
OriginalFileName: Wmiprvse.exe
CommandLine: C:\Windows\system32\wbem\wmiprvse.exe -secured -Embedding
CurrentDirectory: C:\Windows\system32\
User: NT AUTHORITY\NETWORK SERVICE
LogonGuid: {2048537D-8D03-643A-E403-000000000000}
LogonId: 0x3E4
TerminalSessionId: 0
IntegrityLevel: System
Hashes: SHA256=B62ACACFCAF99A50149F9DCE06136D478723992A61014FC3DBAE81289FE219F9
ParentProcessGuid: {2048537D-8D03-643A-0C00-000000000A00}
ParentProcessId: 736
ParentImage: C:\Windows\System32\svchost.exe
ParentCommandLine: C:\Windows\system32\svchost.exe -k DcomLaunch
ParentUser: NT AUTHORITY\SYSTEM"
Information,4/15/2023 8:40:06 PM,Microsoft-Windows-Sysmon,1,Process Create (rule: ProcessCreate),"Process Create:
RuleName: -
UtcTime: 2023-04-15 11:40:06.196
ProcessGuid: {2048537D-8D16-643A-3500-000000000A00}
ProcessId: 2168
Image: C:\Windows\System32\conhost.exe
FileVersion: 10.0.14393.0 (rs1_release.160715-1616)
Description: Console Window Host
Product: Microsoft® Windows® Operating System
Company: Microsoft Corporation
OriginalFileName: CONHOST.EXE
CommandLine: \??\C:\Windows\system32\conhost.exe 0xffffffff -ForceV1
CurrentDirectory: C:\Windows
User: NT AUTHORITY\SYSTEM
LogonGuid: {2048537D-8D03-643A-E703-000000000000}
LogonId: 0x3E7
TerminalSessionId: 0
IntegrityLevel: System
Hashes: SHA256=046F7A1B4DE67562547ED9A180A72F481FC41E803DE49A96D7D7C731964D53A0
ParentProcessGuid: {2048537D-8D16-643A-3400-000000000A00}
ParentProcessId: 2180
ParentImage: C:\Program Files\Windows Defender\MpCmdRun.exe
ParentCommandLine: ""C:\Program Files\Windows Defender\\MpCmdRun.exe"" SignaturesUpdateService -ScheduleJob -UnmanagedUpdate
ParentUser: NT AUTHORITY\SYSTEM"
Information,4/15/2023 8:40:06 PM,Microsoft-Windows-Sysmon,1,Process Create (rule: ProcessCreate),"Process Create:
RuleName: -
UtcTime: 2023-04-15 11:40:06.195
ProcessGuid: {2048537D-8D16-643A-3400-000000000A00}
ProcessId: 2180
Image: C:\Program Files\Windows Defender\MpCmdRun.exe
FileVersion: 4.10.14393.1794 (rs1_release.171008-1615)
Description: Microsoft Malware Protection Command Line Utility
Product: Microsoft® Windows® Operating System
Company: Microsoft Corporation
OriginalFileName: MpCmdRun.exe
CommandLine: ""C:\Program Files\Windows Defender\\MpCmdRun.exe"" SignaturesUpdateService -ScheduleJob -UnmanagedUpdate
CurrentDirectory: C:\Windows\system32\
User: NT AUTHORITY\SYSTEM
LogonGuid: {2048537D-8D03-643A-E703-000000000000}
LogonId: 0x3E7
TerminalSessionId: 0
IntegrityLevel: System
Hashes: SHA256=8B00E302B4B162C9462B6E5BEB07AE33D817CBE41287CFDA2546BC4E8494D49C
ParentProcessGuid: {2048537D-8D13-643A-2900-000000000A00}
ParentProcessId: 2384
ParentImage: C:\Program Files\Windows Defender\MsMpEng.exe
ParentCommandLine: ""C:\Program Files\Windows Defender\MsMpEng.exe""
ParentUser: NT AUTHORITY\SYSTEM"
Information,4/15/2023 8:40:06 PM,Microsoft-Windows-Sysmon,5,Process terminated (rule: ProcessTerminate),"Process terminated:
RuleName: -
UtcTime: 2023-04-15 11:40:06.177
ProcessGuid: {2048537D-8D16-643A-3200-000000000A00}
ProcessId: 2544
Image: C:\Windows\System32\conhost.exe
User: NT AUTHORITY\SYSTEM"
Information,4/15/2023 8:40:06 PM,Microsoft-Windows-Sysmon,5,Process terminated (rule: ProcessTerminate),"Process terminated:
RuleName: -
UtcTime: 2023-04-15 11:40:06.177
ProcessGuid: {2048537D-8D16-643A-3100-000000000A00}
ProcessId: 2644
Image: C:\Program Files\Windows Defender\MpCmdRun.exe
User: NT AUTHORITY\SYSTEM"
Information,4/15/2023 8:40:06 PM,Microsoft-Windows-Sysmon,1,Process Create (rule: ProcessCreate),"Process Create:
RuleName: -
UtcTime: 2023-04-15 11:40:06.187
ProcessGuid: {2048537D-8D16-643A-3300-000000000A00}
ProcessId: 2176
Image: C:\Program Files\Windows Defender\MpCmdRun.exe
FileVersion: 4.10.14393.1794 (rs1_release.171008-1615)
Description: Microsoft Malware Protection Command Line Utility
Product: Microsoft® Windows® Operating System
Company: Microsoft Corporation
OriginalFileName: MpCmdRun.exe
CommandLine: ""C:\Program Files\Windows Defender\\MpCmdRun.exe"" SignatureUpdate -ScheduleJob -RestrictPrivileges -Reinvoke
CurrentDirectory: C:\Windows\system32\
User: NT AUTHORITY\NETWORK SERVICE
LogonGuid: {2048537D-8D03-643A-E403-000000000000}
LogonId: 0x3E4
TerminalSessionId: 0
IntegrityLevel: System
Hashes: SHA256=8B00E302B4B162C9462B6E5BEB07AE33D817CBE41287CFDA2546BC4E8494D49C
ParentProcessGuid: {2048537D-8D16-643A-3100-000000000A00}
ParentProcessId: 2644
ParentImage: C:\Program Files\Windows Defender\MpCmdRun.exe
ParentCommandLine: ""C:\Program Files\Windows Defender\\MpCmdRun.exe"" SignatureUpdate -ScheduleJob -RestrictPrivileges
ParentUser: NT AUTHORITY\SYSTEM"
Information,4/15/2023 8:40:06 PM,Microsoft-Windows-Sysmon,1,Process Create (rule: ProcessCreate),"Process Create:
RuleName: -
UtcTime: 2023-04-15 11:40:06.169
ProcessGuid: {2048537D-8D16-643A-3200-000000000A00}
ProcessId: 2544
Image: C:\Windows\System32\conhost.exe
FileVersion: 10.0.14393.0 (rs1_release.160715-1616)
Description: Console Window Host
Product: Microsoft® Windows® Operating System
Company: Microsoft Corporation
OriginalFileName: CONHOST.EXE
CommandLine: \??\C:\Windows\system32\conhost.exe 0xffffffff -ForceV1
CurrentDirectory: C:\Windows
User: NT AUTHORITY\SYSTEM
LogonGuid: {2048537D-8D03-643A-E703-000000000000}
LogonId: 0x3E7
TerminalSessionId: 0
IntegrityLevel: System
Hashes: SHA256=046F7A1B4DE67562547ED9A180A72F481FC41E803DE49A96D7D7C731964D53A0
ParentProcessGuid: {2048537D-8D16-643A-3100-000000000A00}
ParentProcessId: 2644
ParentImage: C:\Program Files\Windows Defender\MpCmdRun.exe
ParentCommandLine: ""C:\Program Files\Windows Defender\\MpCmdRun.exe"" SignatureUpdate -ScheduleJob -RestrictPrivileges
ParentUser: NT AUTHORITY\SYSTEM"
Information,4/15/2023 8:40:06 PM,Microsoft-Windows-Sysmon,1,Process Create (rule: ProcessCreate),"Process Create:
RuleName: -
UtcTime: 2023-04-15 11:40:06.165
ProcessGuid: {2048537D-8D16-643A-3100-000000000A00}
ProcessId: 2644
Image: C:\Program Files\Windows Defender\MpCmdRun.exe
FileVersion: 4.10.14393.1794 (rs1_release.171008-1615)
Description: Microsoft Malware Protection Command Line Utility
Product: Microsoft® Windows® Operating System
Company: Microsoft Corporation
OriginalFileName: MpCmdRun.exe
CommandLine: ""C:\Program Files\Windows Defender\\MpCmdRun.exe"" SignatureUpdate -ScheduleJob -RestrictPrivileges
CurrentDirectory: C:\Windows\system32\
User: NT AUTHORITY\SYSTEM
LogonGuid: {2048537D-8D03-643A-E703-000000000000}
LogonId: 0x3E7
TerminalSessionId: 0
IntegrityLevel: System
Hashes: SHA256=8B00E302B4B162C9462B6E5BEB07AE33D817CBE41287CFDA2546BC4E8494D49C
ParentProcessGuid: {2048537D-8D13-643A-2900-000000000A00}
ParentProcessId: 2384
ParentImage: C:\Program Files\Windows Defender\MsMpEng.exe
ParentCommandLine: ""C:\Program Files\Windows Defender\MsMpEng.exe""
ParentUser: NT AUTHORITY\SYSTEM"
Information,4/15/2023 8:40:05 PM,Microsoft-Windows-Sysmon,1,Process Create (rule: ProcessCreate),"Process Create:
RuleName: -
UtcTime: 2023-04-15 11:40:05.161
ProcessGuid: {2048537D-8D15-643A-3000-000000000A00}
ProcessId: 1496
Image: C:\Windows\System32\wbem\WmiPrvSE.exe
FileVersion: 10.0.14393.0 (rs1_release.160715-1616)
Description: WMI Provider Host
Product: Microsoft® Windows® Operating System
Company: Microsoft Corporation
OriginalFileName: Wmiprvse.exe
CommandLine: C:\Windows\system32\wbem\wmiprvse.exe -Embedding
CurrentDirectory: C:\Windows\system32\
User: NT AUTHORITY\SYSTEM
LogonGuid: {2048537D-8D03-643A-E703-000000000000}
LogonId: 0x3E7
TerminalSessionId: 0
IntegrityLevel: System
Hashes: SHA256=B62ACACFCAF99A50149F9DCE06136D478723992A61014FC3DBAE81289FE219F9
ParentProcessGuid: {2048537D-8D03-643A-0C00-000000000A00}
ParentProcessId: 736
ParentImage: C:\Windows\System32\svchost.exe
ParentCommandLine: C:\Windows\system32\svchost.exe -k DcomLaunch
ParentUser: NT AUTHORITY\SYSTEM"
Information,4/15/2023 8:40:04 PM,Microsoft-Windows-Sysmon,5,Process terminated (rule: ProcessTerminate),"Process terminated:
RuleName: -
UtcTime: 2023-04-15 11:40:04.490
ProcessGuid: {2048537D-8D0E-643A-2200-000000000A00}
ProcessId: 2164
Image: C:\Windows\System32\taskhostw.exe
User: NT AUTHORITY\SYSTEM"
Information,4/15/2023 8:40:04 PM,Microsoft-Windows-Sysmon,1,Process Create (rule: ProcessCreate),"Process Create:
RuleName: -
UtcTime: 2023-04-15 11:40:04.074
ProcessGuid: {2048537D-8D14-643A-2F00-000000000A00}
ProcessId: 2956
Image: C:\Windows\System32\vds.exe
FileVersion: 10.0.14393.1198 (rs1_release_sec.170427-1353)
Description: Virtual Disk Service
Product: Microsoft® Windows® Operating System
Company: Microsoft Corporation
OriginalFileName: vds.exe
CommandLine: C:\Windows\System32\vds.exe
CurrentDirectory: C:\Windows\system32\
User: NT AUTHORITY\SYSTEM
LogonGuid: {2048537D-8D03-643A-E703-000000000000}
LogonId: 0x3E7
TerminalSessionId: 0
IntegrityLevel: System
Hashes: SHA256=92C9381BDECB5C991F848A02AF2F4189CE0119961FB37E57A37594A80704DDC5
ParentProcessGuid: {2048537D-8D03-643A-0A00-000000000A00}
ParentProcessId: 556
ParentImage: C:\Windows\System32\services.exe
ParentCommandLine: C:\Windows\system32\services.exe
ParentUser: NT AUTHORITY\SYSTEM"
Information,4/15/2023 8:40:04 PM,Microsoft-Windows-Sysmon,1,Process Create (rule: ProcessCreate),"Process Create:
RuleName: -
UtcTime: 2023-04-15 11:40:03.985
ProcessGuid: {2048537D-8D13-643A-2E00-000000000A00}
ProcessId: 2708
Image: C:\Windows\System32\vdsldr.exe
FileVersion: 10.0.14393.0 (rs1_release.160715-1616)
Description: Virtual Disk Service Loader
Product: Microsoft® Windows® Operating System
Company: Microsoft Corporation
OriginalFileName: vdsldr.exe
CommandLine: C:\Windows\System32\vdsldr.exe -Embedding
CurrentDirectory: C:\Windows\system32\
User: NT AUTHORITY\SYSTEM
LogonGuid: {2048537D-8D03-643A-E703-000000000000}
LogonId: 0x3E7
TerminalSessionId: 0
IntegrityLevel: System
Hashes: SHA256=43F0AF018DC498619222CF16E1C9BDE2F7710732686DC361E4D692B7EFB4DDF9
ParentProcessGuid: {2048537D-8D03-643A-0C00-000000000A00}
ParentProcessId: 736
ParentImage: C:\Windows\System32\svchost.exe
ParentCommandLine: C:\Windows\system32\svchost.exe -k DcomLaunch
ParentUser: NT AUTHORITY\SYSTEM"
Information,4/15/2023 8:40:04 PM,Microsoft-Windows-Sysmon,1,Process Create (rule: ProcessCreate),"Process Create:
RuleName: -
UtcTime: 2023-04-15 11:40:03.975
ProcessGuid: {2048537D-8D13-643A-2D00-000000000A00}
ProcessId: 2616
Image: C:\Windows\System32\wbem\unsecapp.exe
FileVersion: 10.0.14393.0 (rs1_release.160715-1616)
Description: Sink to receive asynchronous callbacks for WMI client application
Product: Microsoft® Windows® Operating System
Company: Microsoft Corporation
OriginalFileName: unsecapp.dll
CommandLine: C:\Windows\system32\wbem\unsecapp.exe -Embedding
CurrentDirectory: C:\Windows\system32\
User: NT AUTHORITY\SYSTEM
LogonGuid: {2048537D-8D03-643A-E703-000000000000}
LogonId: 0x3E7
TerminalSessionId: 0
IntegrityLevel: System
Hashes: SHA256=1D61DD5E920F13D3280B8FFC40BB0C6164D29CAF2220BF526933177D050FC379
ParentProcessGuid: {2048537D-8D03-643A-0C00-000000000A00}
ParentProcessId: 736
ParentImage: C:\Windows\System32\svchost.exe
ParentCommandLine: C:\Windows\system32\svchost.exe -k DcomLaunch
ParentUser: NT AUTHORITY\SYSTEM"
Information,4/15/2023 8:40:04 PM,Microsoft-Windows-Sysmon,1,Process Create (rule: ProcessCreate),"Process Create:
RuleName: -
UtcTime: 2023-04-15 11:40:03.954
ProcessGuid: {2048537D-8D13-643A-2C00-000000000A00}
ProcessId: 2528
Image: C:\Windows\System32\dfssvc.exe
FileVersion: 10.0.14393.0 (rs1_release.160715-1616)
Description: Windows NT Distributed File System Service
Product: Microsoft® Windows® Operating System
Company: Microsoft Corporation
OriginalFileName: dfssvc.exe
CommandLine: C:\Windows\system32\dfssvc.exe
CurrentDirectory: C:\Windows\system32\
User: NT AUTHORITY\SYSTEM
LogonGuid: {2048537D-8D03-643A-E703-000000000000}
LogonId: 0x3E7
TerminalSessionId: 0
IntegrityLevel: System
Hashes: SHA256=EC48F117C47F0E4BD5F7407629CE8CF78579764A7947CA05EDC089B59B941576
ParentProcessGuid: {2048537D-8D03-643A-0A00-000000000A00}
ParentProcessId: 556
ParentImage: C:\Windows\System32\services.exe
ParentCommandLine: C:\Windows\system32\services.exe
ParentUser: NT AUTHORITY\SYSTEM"
Information,4/15/2023 8:40:04 PM,Microsoft-Windows-Sysmon,1,Process Create (rule: ProcessCreate),"Process Create:
RuleName: -
UtcTime: 2023-04-15 11:40:03.917
ProcessGuid: {2048537D-8D13-643A-2600-000000000A00}
ProcessId: 2348
Image: C:\Windows\Sysmon64.exe
FileVersion: 14.16
Description: System activity monitor
Product: Sysinternals Sysmon
Company: Sysinternals - www.sysinternals.com
OriginalFileName: -
CommandLine: C:\Windows\Sysmon64.exe
CurrentDirectory: C:\Windows\system32\
User: NT AUTHORITY\SYSTEM
LogonGuid: {2048537D-8D03-643A-E703-000000000000}
LogonId: 0x3E7
TerminalSessionId: 0
IntegrityLevel: System
Hashes: SHA256=8D4FC2C9352DAD893D63CA30829B35C935E304C2FD0BE83E7DAEBBE59A558694
ParentProcessGuid: {2048537D-8D03-643A-0A00-000000000A00}
ParentProcessId: 556
ParentImage: C:\Windows\System32\services.exe
ParentCommandLine: C:\Windows\system32\services.exe
ParentUser: NT AUTHORITY\SYSTEM"
Information,4/15/2023 8:40:04 PM,Microsoft-Windows-Sysmon,1,Process Create (rule: ProcessCreate),"Process Create:
RuleName: -
UtcTime: 2023-04-15 11:40:03.921
ProcessGuid: {2048537D-8D13-643A-2700-000000000A00}
ProcessId: 2364
Image: C:\Windows\System32\dns.exe
FileVersion: 10.0.14393.1794 (rs1_release.171008-1615)
Description: Domain Name System (DNS) Server
Product: Microsoft® Windows® Operating System
Company: Microsoft Corporation
OriginalFileName: dns.exe
CommandLine: C:\Windows\system32\dns.exe
CurrentDirectory: C:\Windows\system32\
User: NT AUTHORITY\SYSTEM
LogonGuid: {2048537D-8D03-643A-E703-000000000000}
LogonId: 0x3E7
TerminalSessionId: 0
IntegrityLevel: System
Hashes: SHA256=2EB04DC36306A98B151F38ECE97524397E08E6221E5DE1F6F712D6194580B4DA
ParentProcessGuid: {2048537D-8D03-643A-0A00-000000000A00}
ParentProcessId: 556
ParentImage: C:\Windows\System32\services.exe
ParentCommandLine: C:\Windows\system32\services.exe
ParentUser: NT AUTHORITY\SYSTEM"
Information,4/15/2023 8:40:04 PM,Microsoft-Windows-Sysmon,1,Process Create (rule: ProcessCreate),"Process Create:
RuleName: -
UtcTime: 2023-04-15 11:40:03.927
ProcessGuid: {2048537D-8D13-643A-2B00-000000000A00}
ProcessId: 2412
Image: C:\Windows\System32\svchost.exe
FileVersion: 10.0.14393.0 (rs1_release.160715-1616)
Description: Host Process for Windows Services
Product: Microsoft® Windows® Operating System
Company: Microsoft Corporation
OriginalFileName: svchost.exe
CommandLine: C:\Windows\system32\svchost.exe -k appmodel
CurrentDirectory: C:\Windows\system32\
User: NT AUTHORITY\SYSTEM
LogonGuid: {2048537D-8D03-643A-E703-000000000000}
LogonId: 0x3E7
TerminalSessionId: 0
IntegrityLevel: System
Hashes: SHA256=438B6CCD84F4DD32D9684ED7D58FD7D1E5A75FE3F3D12AB6C788E6BB0FFAD5E7
ParentProcessGuid: {2048537D-8D03-643A-0A00-000000000A00}
ParentProcessId: 556
ParentImage: C:\Windows\System32\services.exe
ParentCommandLine: C:\Windows\system32\services.exe
ParentUser: NT AUTHORITY\SYSTEM"
Information,4/15/2023 8:40:04 PM,Microsoft-Windows-Sysmon,1,Process Create (rule: ProcessCreate),"Process Create:
RuleName: -
UtcTime: 2023-04-15 11:40:03.923
ProcessGuid: {2048537D-8D13-643A-2900-000000000A00}
ProcessId: 2384
Image: C:\Program Files\Windows Defender\MsMpEng.exe
FileVersion: 4.10.14393.1794 (rs1_release.171008-1615)
Description: Antimalware Service Executable
Product: Microsoft® Windows® Operating System
Company: Microsoft Corporation
OriginalFileName: MsMpEng.exe
CommandLine: ""C:\Program Files\Windows Defender\MsMpEng.exe""
CurrentDirectory: C:\Windows\system32\
User: NT AUTHORITY\SYSTEM
LogonGuid: {2048537D-8D03-643A-E703-000000000000}
LogonId: 0x3E7
TerminalSessionId: 0
IntegrityLevel: System
Hashes: SHA256=26BFDE8E8B068B8108A2F12F7E8B87F51927A2ECCB88DA6B13178515E35D6CE5
ParentProcessGuid: {2048537D-8D03-643A-0A00-000000000A00}
ParentProcessId: 556
ParentImage: C:\Windows\System32\services.exe
ParentCommandLine: C:\Windows\system32\services.exe
ParentUser: NT AUTHORITY\SYSTEM"
Information,4/15/2023 8:40:04 PM,Microsoft-Windows-Sysmon,1,Process Create (rule: ProcessCreate),"Process Create:
RuleName: -
UtcTime: 2023-04-15 11:40:03.923
ProcessGuid: {2048537D-8D13-643A-2A00-000000000A00}
ProcessId: 2392
Image: C:\Windows\System32\ismserv.exe
FileVersion: 10.0.14393.0 (rs1_release.160715-1616)
Description: Windows NT Intersite Messaging Service
Product: Microsoft® Windows® Operating System
Company: Microsoft Corporation
OriginalFileName: ismserv.exe
CommandLine: C:\Windows\System32\ismserv.exe
CurrentDirectory: C:\Windows\system32\
User: NT AUTHORITY\SYSTEM
LogonGuid: {2048537D-8D03-643A-E703-000000000000}
LogonId: 0x3E7
TerminalSessionId: 0
IntegrityLevel: System
Hashes: SHA256=29BDF4D2040D24E02B830A272D02CF29F19FD4E1A0F54F22BCC76301A0BFD26F
ParentProcessGuid: {2048537D-8D03-643A-0A00-000000000A00}
ParentProcessId: 556
ParentImage: C:\Windows\System32\services.exe
ParentCommandLine: C:\Windows\system32\services.exe
ParentUser: NT AUTHORITY\SYSTEM"
Information,4/15/2023 8:40:04 PM,Microsoft-Windows-Sysmon,1,Process Create (rule: ProcessCreate),"Process Create:
RuleName: -
UtcTime: 2023-04-15 11:40:03.921
ProcessGuid: {2048537D-8D13-643A-2800-000000000A00}
ProcessId: 2372
Image: C:\Windows\System32\svchost.exe
FileVersion: 10.0.14393.0 (rs1_release.160715-1616)
Description: Host Process for Windows Services
Product: Microsoft® Windows® Operating System
Company: Microsoft Corporation
OriginalFileName: svchost.exe
CommandLine: C:\Windows\System32\svchost.exe -k utcsvc
CurrentDirectory: C:\Windows\system32\
User: NT AUTHORITY\SYSTEM
LogonGuid: {2048537D-8D03-643A-E703-000000000000}
LogonId: 0x3E7
TerminalSessionId: 0
IntegrityLevel: System
Hashes: SHA256=438B6CCD84F4DD32D9684ED7D58FD7D1E5A75FE3F3D12AB6C788E6BB0FFAD5E7
ParentProcessGuid: {2048537D-8D03-643A-0A00-000000000A00}
ParentProcessId: 556
ParentImage: C:\Windows\System32\services.exe
ParentCommandLine: C:\Windows\system32\services.exe
ParentUser: NT AUTHORITY\SYSTEM"
Information,4/15/2023 8:40:04 PM,Microsoft-Windows-Sysmon,1,Process Create (rule: ProcessCreate),"Process Create:
RuleName: -
UtcTime: 2023-04-15 11:40:03.909
ProcessGuid: {2048537D-8D13-643A-2500-000000000A00}
ProcessId: 2312
Image: C:\Windows\ADWS\Microsoft.ActiveDirectory.WebServices.exe
FileVersion: 10.0.14393.0
Description: Microsoft.ActiveDirectory.WebServices
Product: Microsoft (R) Windows (R) Operating System
Company: Microsoft Corporation
OriginalFileName: Microsoft.ActiveDirectory.WebServices.exe
CommandLine: C:\Windows\ADWS\Microsoft.ActiveDirectory.WebServices.exe
CurrentDirectory: C:\Windows\system32\
User: NT AUTHORITY\SYSTEM
LogonGuid: {2048537D-8D03-643A-E703-000000000000}
LogonId: 0x3E7
TerminalSessionId: 0
IntegrityLevel: System
Hashes: SHA256=D40478A82BB2993F39A3ED6066CD0599BE37FF9A0898636A680926FE145C64D6
ParentProcessGuid: {2048537D-8D03-643A-0A00-000000000A00}
ParentProcessId: 556
ParentImage: C:\Windows\System32\services.exe
ParentCommandLine: C:\Windows\system32\services.exe
ParentUser: NT AUTHORITY\SYSTEM"
Information,4/15/2023 8:40:04 PM,Microsoft-Windows-Sysmon,1,Process Create (rule: ProcessCreate),"Process Create:
RuleName: -
UtcTime: 2023-04-15 11:40:03.905
ProcessGuid: {2048537D-8D13-643A-2400-000000000A00}
ProcessId: 2304
Image: C:\Windows\System32\dfsrs.exe
FileVersion: 10.0.14393.1198 (rs1_release_sec.170427-1353)
Description: Distributed File System Replication
Product: Microsoft® Windows® Operating System
Company: Microsoft Corporation
OriginalFileName: dfsr.exe
CommandLine: C:\Windows\system32\DFSRs.exe
CurrentDirectory: C:\Windows\system32\
User: NT AUTHORITY\SYSTEM
LogonGuid: {2048537D-8D03-643A-E703-000000000000}
LogonId: 0x3E7
TerminalSessionId: 0
IntegrityLevel: System
Hashes: SHA256=F24A231B9F15801FE9A472194D4573AD3CAC69293B42DA7B17697D3571F674C1
ParentProcessGuid: {2048537D-8D03-643A-0A00-000000000A00}
ParentProcessId: 556
ParentImage: C:\Windows\System32\services.exe
ParentCommandLine: C:\Windows\system32\services.exe
ParentUser: NT AUTHORITY\SYSTEM"
Information,4/15/2023 8:40:04 PM,Microsoft-Windows-Sysmon,1,Process Create (rule: ProcessCreate),"Process Create:
RuleName: -
UtcTime: 2023-04-15 11:40:03.892
ProcessGuid: {2048537D-8D13-643A-2300-000000000A00}
ProcessId: 2240
Image: C:\Windows\System32\spoolsv.exe
FileVersion: 10.0.14393.953 (rs1_release_inmarket.170303-1614)
Description: Spooler SubSystem App
Product: Microsoft® Windows® Operating System
Company: Microsoft Corporation
OriginalFileName: spoolsv.exe
CommandLine: C:\Windows\System32\spoolsv.exe
CurrentDirectory: C:\Windows\system32\
User: NT AUTHORITY\SYSTEM
LogonGuid: {2048537D-8D03-643A-E703-000000000000}
LogonId: 0x3E7
TerminalSessionId: 0
IntegrityLevel: System
Hashes: SHA256=96761691CF4447710D65573044A1005F2F0F89443DF581A30B97D7944940BB70
ParentProcessGuid: {2048537D-8D03-643A-0A00-000000000A00}
ParentProcessId: 556
ParentImage: C:\Windows\System32\services.exe
ParentCommandLine: C:\Windows\system32\services.exe
ParentUser: NT AUTHORITY\SYSTEM"
Information,4/15/2023 8:40:04 PM,Microsoft-Windows-Sysmon,1,Process Create (rule: ProcessCreate),"Process Create:
RuleName: -
UtcTime: 2023-04-15 11:39:58.428
ProcessGuid: {2048537D-8D0E-643A-2200-000000000A00}
ProcessId: 2164
Image: C:\Windows\System32\taskhostw.exe
FileVersion: 10.0.14393.0 (rs1_release.160715-1616)
Description: Host Process for Windows Tasks
Product: Microsoft® Windows® Operating System
Company: Microsoft Corporation
OriginalFileName: taskhostw.exe
CommandLine: taskhostw.exe SYSTEM
CurrentDirectory: C:\Windows\system32\
User: NT AUTHORITY\SYSTEM
LogonGuid: {2048537D-8D03-643A-E703-000000000000}
LogonId: 0x3E7
TerminalSessionId: 0
IntegrityLevel: System
Hashes: SHA256=A0A677D6C943AD1A7BC1879DFCCB400211DF68100F8EDD7BA6120067A18BEE0B
ParentProcessGuid: {2048537D-8D03-643A-1100-000000000A00}
ParentProcessId: 952
ParentImage: C:\Windows\System32\svchost.exe
ParentCommandLine: C:\Windows\system32\svchost.exe -k netsvcs
ParentUser: NT AUTHORITY\SYSTEM"
Information,4/15/2023 8:40:04 PM,Microsoft-Windows-Sysmon,1,Process Create (rule: ProcessCreate),"Process Create:
RuleName: -
UtcTime: 2023-04-15 11:39:57.499
ProcessGuid: {2048537D-8D0D-643A-2100-000000000A00}
ProcessId: 2092
Image: C:\Windows\System32\svchost.exe
FileVersion: 10.0.14393.0 (rs1_release.160715-1616)
Description: Host Process for Windows Services
Product: Microsoft® Windows® Operating System
Company: Microsoft Corporation
OriginalFileName: svchost.exe
CommandLine: C:\Windows\System32\svchost.exe -k smbsvcs
CurrentDirectory: C:\Windows\system32\
User: NT AUTHORITY\SYSTEM
LogonGuid: {2048537D-8D03-643A-E703-000000000000}
LogonId: 0x3E7
TerminalSessionId: 0
IntegrityLevel: System
Hashes: SHA256=438B6CCD84F4DD32D9684ED7D58FD7D1E5A75FE3F3D12AB6C788E6BB0FFAD5E7
ParentProcessGuid: {2048537D-8D03-643A-0A00-000000000A00}
ParentProcessId: 556
ParentImage: C:\Windows\System32\services.exe
ParentCommandLine: C:\Windows\system32\services.exe
ParentUser: NT AUTHORITY\SYSTEM"
Information,4/15/2023 8:40:04 PM,Microsoft-Windows-Sysmon,5,Process terminated (rule: ProcessTerminate),"Process terminated:
RuleName: -
UtcTime: 2023-04-15 11:39:50.365
ProcessGuid: {2048537D-8D06-643A-2000-000000000A00}
ProcessId: 1420
Image: C:\Windows\System32\slui.exe
User: NT AUTHORITY\NETWORK SERVICE"
Information,4/15/2023 8:40:04 PM,Microsoft-Windows-Sysmon,1,Process Create (rule: ProcessCreate),"Process Create:
RuleName: -
UtcTime: 2023-04-15 11:39:50.272
ProcessGuid: {2048537D-8D06-643A-2000-000000000A00}
ProcessId: 1420
Image: C:\Windows\System32\slui.exe
FileVersion: 10.0.14393.0 (rs1_release.160715-1616)
Description: Windows Activation Client
Product: Microsoft® Windows® Operating System
Company: Microsoft Corporation
OriginalFileName: slui.exe
CommandLine: ""C:\Windows\System32\SLUI.exe"" RuleId=31e71c49-8da7-4a2f-ad92-45d98a1c79ba;Action=AutoActivate;AppId=55c92734-d682-4d71-983e-d6ec3f16059f;SkuId=afd55ac6-d0b0-4812-9047-6c756d82bedf;NotificationInterval=1440;Trigger=NetworkAvailable
CurrentDirectory: C:\Windows\system32\
User: NT AUTHORITY\NETWORK SERVICE
LogonGuid: {2048537D-8D03-643A-E403-000000000000}
LogonId: 0x3E4
TerminalSessionId: 0
IntegrityLevel: System
Hashes: SHA256=E28263F4DA43E8598412BA0D13E4D2E6940DE6A02E40109BEFAA4E69FCE693C1
ParentProcessGuid: {2048537D-8D04-643A-1C00-000000000A00}
ParentProcessId: 876
ParentImage: C:\Windows\System32\SppExtComObj.Exe
ParentCommandLine: C:\Windows\system32\SppExtComObj.exe -Embedding
ParentUser: NT AUTHORITY\NETWORK SERVICE"
Information,4/15/2023 8:40:04 PM,Microsoft-Windows-Sysmon,5,Process terminated (rule: ProcessTerminate),"Process terminated:
RuleName: -
UtcTime: 2023-04-15 11:39:50.255
ProcessGuid: {2048537D-8D04-643A-1D00-000000000A00}
ProcessId: 1304
Image: C:\Windows\System32\slui.exe
User: NT AUTHORITY\NETWORK SERVICE"
Information,4/15/2023 8:40:04 PM,Microsoft-Windows-Sysmon,1,Process Create (rule: ProcessCreate),"Process Create:
RuleName: -
UtcTime: 2023-04-15 11:39:50.257
ProcessGuid: {2048537D-8D06-643A-1F00-000000000A00}
ProcessId: 1304
Image: C:\Windows\System32\taskhostw.exe
FileVersion: 10.0.14393.0 (rs1_release.160715-1616)
Description: Host Process for Windows Tasks
Product: Microsoft® Windows® Operating System
Company: Microsoft Corporation
OriginalFileName: taskhostw.exe
CommandLine: taskhostw.exe network
CurrentDirectory: C:\Windows\system32\
User: NT AUTHORITY\NETWORK SERVICE
LogonGuid: {2048537D-8D03-643A-E403-000000000000}
LogonId: 0x3E4
TerminalSessionId: 0
IntegrityLevel: System
Hashes: SHA256=A0A677D6C943AD1A7BC1879DFCCB400211DF68100F8EDD7BA6120067A18BEE0B
ParentProcessGuid: {2048537D-8D03-643A-1100-000000000A00}
ParentProcessId: 952
ParentImage: C:\Windows\System32\svchost.exe
ParentCommandLine: C:\Windows\system32\svchost.exe -k netsvcs
ParentUser: NT AUTHORITY\SYSTEM"
Information,4/15/2023 8:40:04 PM,Microsoft-Windows-Sysmon,5,Process terminated (rule: ProcessTerminate),"Process terminated:
RuleName: -
UtcTime: 2023-04-15 11:39:48.771
ProcessGuid: {2048537D-8D04-643A-1D00-000000000A00}
ProcessId: 1304
Image: C:\Windows\System32\slui.exe
User: NT AUTHORITY\NETWORK SERVICE"
Information,4/15/2023 8:40:04 PM,Microsoft-Windows-Sysmon,5,Process terminated (rule: ProcessTerminate),"Process terminated:
RuleName: -
UtcTime: 2023-04-15 11:39:48.443
ProcessGuid: {2048537D-8D04-643A-1900-000000000A00}
ProcessId: 1928
Image: C:\Windows\System32\taskhostw.exe
User: NT AUTHORITY\SYSTEM"
Information,4/15/2023 8:40:04 PM,Microsoft-Windows-Sysmon,1,Process Create (rule: ProcessCreate),"Process Create:
RuleName: -
UtcTime: 2023-04-15 11:39:48.446
ProcessGuid: {2048537D-8D04-643A-1E00-000000000A00}
ProcessId: 1752
Image: C:\Windows\System32\svchost.exe
FileVersion: 10.0.14393.0 (rs1_release.160715-1616)
Description: Host Process for Windows Services
Product: Microsoft® Windows® Operating System
Company: Microsoft Corporation
OriginalFileName: svchost.exe
CommandLine: C:\Windows\System32\svchost.exe -k wsappx
CurrentDirectory: C:\Windows\system32\
User: NT AUTHORITY\SYSTEM
LogonGuid: {2048537D-8D03-643A-E703-000000000000}
LogonId: 0x3E7
TerminalSessionId: 0
IntegrityLevel: System
Hashes: SHA256=438B6CCD84F4DD32D9684ED7D58FD7D1E5A75FE3F3D12AB6C788E6BB0FFAD5E7
ParentProcessGuid: {2048537D-8D03-643A-0A00-000000000A00}
ParentProcessId: 556
ParentImage: C:\Windows\System32\services.exe
ParentCommandLine: C:\Windows\system32\services.exe
ParentUser: NT AUTHORITY\SYSTEM"
Information,4/15/2023 8:40:04 PM,Microsoft-Windows-Sysmon,5,Process terminated (rule: ProcessTerminate),"Process terminated:
RuleName: -
UtcTime: 2023-04-15 11:39:48.443
ProcessGuid: {2048537D-8D04-643A-1A00-000000000A00}
ProcessId: 1976
Image: C:\Windows\System32\taskhostw.exe
User: NT AUTHORITY\NETWORK SERVICE"
Information,4/15/2023 8:40:04 PM,Microsoft-Windows-Sysmon,1,Process Create (rule: ProcessCreate),"Process Create:
RuleName: -
UtcTime: 2023-04-15 11:39:48.332
ProcessGuid: {2048537D-8D04-643A-1D00-000000000A00}
ProcessId: 1304
Image: C:\Windows\System32\slui.exe
FileVersion: 10.0.14393.0 (rs1_release.160715-1616)
Description: Windows Activation Client
Product: Microsoft® Windows® Operating System
Company: Microsoft Corporation
OriginalFileName: slui.exe
CommandLine: ""C:\Windows\System32\SLUI.exe"" RuleId=31e71c49-8da7-4a2f-ad92-45d98a1c79ba;Action=AutoActivate;AppId=55c92734-d682-4d71-983e-d6ec3f16059f;SkuId=afd55ac6-d0b0-4812-9047-6c756d82bedf;NotificationInterval=1440;Trigger=NetworkAvailable
CurrentDirectory: C:\Windows\system32\
User: NT AUTHORITY\NETWORK SERVICE
LogonGuid: {2048537D-8D03-643A-E403-000000000000}
LogonId: 0x3E4
TerminalSessionId: 0
IntegrityLevel: System
Hashes: SHA256=E28263F4DA43E8598412BA0D13E4D2E6940DE6A02E40109BEFAA4E69FCE693C1
ParentProcessGuid: {2048537D-8D04-643A-1C00-000000000A00}
ParentProcessId: 876
ParentImage: C:\Windows\System32\SppExtComObj.Exe
ParentCommandLine: C:\Windows\system32\SppExtComObj.exe -Embedding
ParentUser: NT AUTHORITY\NETWORK SERVICE"
Information,4/15/2023 8:40:04 PM,Microsoft-Windows-Sysmon,1,Process Create (rule: ProcessCreate),"Process Create:
RuleName: -
UtcTime: 2023-04-15 11:39:48.321
ProcessGuid: {2048537D-8D04-643A-1C00-000000000A00}
ProcessId: 876
Image: C:\Windows\System32\SppExtComObj.Exe
FileVersion: 10.0.14393.0 (rs1_release.160715-1616)
Description: KMS Connection Broker
Product: Microsoft® Windows® Operating System
Company: Microsoft Corporation
OriginalFileName: SppExtComObj.exe
CommandLine: C:\Windows\system32\SppExtComObj.exe -Embedding
CurrentDirectory: C:\Windows\system32\
User: NT AUTHORITY\NETWORK SERVICE
LogonGuid: {2048537D-8D03-643A-E403-000000000000}
LogonId: 0x3E4
TerminalSessionId: 0
IntegrityLevel: System
Hashes: SHA256=41275D40DA00B875283F04CE27856A8D71E7B6EFBA05533296C3FCD2F8320F01
ParentProcessGuid: {2048537D-8D03-643A-0C00-000000000A00}
ParentProcessId: 736
ParentImage: C:\Windows\System32\svchost.exe
ParentCommandLine: C:\Windows\system32\svchost.exe -k DcomLaunch
ParentUser: NT AUTHORITY\SYSTEM"
Information,4/15/2023 8:40:04 PM,Microsoft-Windows-Sysmon,1,Process Create (rule: ProcessCreate),"Process Create:
RuleName: -
UtcTime: 2023-04-15 11:39:48.229
ProcessGuid: {2048537D-8D04-643A-1B00-000000000A00}
ProcessId: 2016
Image: C:\Windows\System32\sppsvc.exe
FileVersion: 10.0.14393.351 (rs1_release_inmarket.161014-1755)
Description: Microsoft Software Protection Platform Service
Product: Microsoft® Windows® Operating System
Company: Microsoft Corporation
OriginalFileName: sppsvc.exe
CommandLine: C:\Windows\system32\sppsvc.exe
CurrentDirectory: C:\Windows
User: NT AUTHORITY\NETWORK SERVICE
LogonGuid: {2048537D-8D03-643A-E403-000000000000}
LogonId: 0x3E4
TerminalSessionId: 0
IntegrityLevel: System
Hashes: SHA256=8ADF7A1C96DAE005E9A974D90BE8954F88D49B6848252B88513C49E0A3BD9774
ParentProcessGuid: {2048537D-8D03-643A-0A00-000000000A00}
ParentProcessId: 556
ParentImage: C:\Windows\System32\services.exe
ParentCommandLine: C:\Windows\system32\services.exe
ParentUser: NT AUTHORITY\SYSTEM"
Information,4/15/2023 8:40:04 PM,Microsoft-Windows-Sysmon,1,Process Create (rule: ProcessCreate),"Process Create:
RuleName: -
UtcTime: 2023-04-15 11:39:48.148
ProcessGuid: {2048537D-8D04-643A-1A00-000000000A00}
ProcessId: 1976
Image: C:\Windows\System32\taskhostw.exe
FileVersion: 10.0.14393.0 (rs1_release.160715-1616)
Description: Host Process for Windows Tasks
Product: Microsoft® Windows® Operating System
Company: Microsoft Corporation
OriginalFileName: taskhostw.exe
CommandLine: taskhostw.exe network
CurrentDirectory: C:\Windows\system32\
User: NT AUTHORITY\NETWORK SERVICE
LogonGuid: {2048537D-8D03-643A-E403-000000000000}
LogonId: 0x3E4
TerminalSessionId: 0
IntegrityLevel: System
Hashes: SHA256=A0A677D6C943AD1A7BC1879DFCCB400211DF68100F8EDD7BA6120067A18BEE0B
ParentProcessGuid: {2048537D-8D03-643A-1100-000000000A00}
ParentProcessId: 952
ParentImage: C:\Windows\System32\svchost.exe
ParentCommandLine: C:\Windows\system32\svchost.exe -k netsvcs
ParentUser: NT AUTHORITY\SYSTEM"
Information,4/15/2023 8:40:04 PM,Microsoft-Windows-Sysmon,1,Process Create (rule: ProcessCreate),"Process Create:
RuleName: -
UtcTime: 2023-04-15 11:39:48.031
ProcessGuid: {2048537D-8D04-643A-1900-000000000A00}
ProcessId: 1928
Image: C:\Windows\System32\taskhostw.exe
FileVersion: 10.0.14393.0 (rs1_release.160715-1616)
Description: Host Process for Windows Tasks
Product: Microsoft® Windows® Operating System
Company: Microsoft Corporation
OriginalFileName: taskhostw.exe
CommandLine: taskhostw.exe TpmTasks
CurrentDirectory: C:\Windows\system32\
User: NT AUTHORITY\SYSTEM
LogonGuid: {2048537D-8D03-643A-E703-000000000000}
LogonId: 0x3E7
TerminalSessionId: 0
IntegrityLevel: System
Hashes: SHA256=A0A677D6C943AD1A7BC1879DFCCB400211DF68100F8EDD7BA6120067A18BEE0B
ParentProcessGuid: {2048537D-8D03-643A-1100-000000000A00}
ParentProcessId: 952
ParentImage: C:\Windows\System32\svchost.exe
ParentCommandLine: C:\Windows\system32\svchost.exe -k netsvcs
ParentUser: NT AUTHORITY\SYSTEM"
Information,4/15/2023 8:40:04 PM,Microsoft-Windows-Sysmon,1,Process Create (rule: ProcessCreate),"Process Create:
RuleName: -
UtcTime: 2023-04-15 11:39:47.915
ProcessGuid: {2048537D-8D03-643A-1800-000000000A00}
ProcessId: 1720
Image: C:\Windows\System32\svchost.exe
FileVersion: 10.0.14393.0 (rs1_release.160715-1616)
Description: Host Process for Windows Services
Product: Microsoft® Windows® Operating System
Company: Microsoft Corporation
OriginalFileName: svchost.exe
CommandLine: C:\Windows\system32\svchost.exe -k WbioSvcGroup
CurrentDirectory: C:\Windows\system32\
User: NT AUTHORITY\SYSTEM
LogonGuid: {2048537D-8D03-643A-E703-000000000000}
LogonId: 0x3E7
TerminalSessionId: 0
IntegrityLevel: System
Hashes: SHA256=438B6CCD84F4DD32D9684ED7D58FD7D1E5A75FE3F3D12AB6C788E6BB0FFAD5E7
ParentProcessGuid: {2048537D-8D03-643A-0A00-000000000A00}
ParentProcessId: 556
ParentImage: C:\Windows\System32\services.exe
ParentCommandLine: C:\Windows\system32\services.exe
ParentUser: NT AUTHORITY\SYSTEM"
Information,4/15/2023 8:40:04 PM,Microsoft-Windows-Sysmon,1,Process Create (rule: ProcessCreate),"Process Create:
RuleName: -
UtcTime: 2023-04-15 11:39:47.822
ProcessGuid: {2048537D-8D03-643A-1700-000000000A00}
ProcessId: 1460
Image: C:\Windows\System32\svchost.exe
FileVersion: 10.0.14393.0 (rs1_release.160715-1616)
Description: Host Process for Windows Services
Product: Microsoft® Windows® Operating System
Company: Microsoft Corporation
OriginalFileName: svchost.exe
CommandLine: C:\Windows\system32\svchost.exe -k LocalServiceNetworkRestricted
CurrentDirectory: C:\Windows\system32\
User: NT AUTHORITY\LOCAL SERVICE
LogonGuid: {2048537D-8D03-643A-E503-000000000000}
LogonId: 0x3E5
TerminalSessionId: 0
IntegrityLevel: System
Hashes: SHA256=438B6CCD84F4DD32D9684ED7D58FD7D1E5A75FE3F3D12AB6C788E6BB0FFAD5E7
ParentProcessGuid: {2048537D-8D03-643A-0A00-000000000A00}
ParentProcessId: 556
ParentImage: C:\Windows\System32\services.exe
ParentCommandLine: C:\Windows\system32\services.exe
ParentUser: NT AUTHORITY\SYSTEM"
Information,4/15/2023 8:40:04 PM,Microsoft-Windows-Sysmon,1,Process Create (rule: ProcessCreate),"Process Create:
RuleName: -
UtcTime: 2023-04-15 11:39:47.706
ProcessGuid: {2048537D-8D03-643A-1600-000000000A00}
ProcessId: 1096
Image: C:\Windows\System32\svchost.exe
FileVersion: 10.0.14393.0 (rs1_release.160715-1616)
Description: Host Process for Windows Services
Product: Microsoft® Windows® Operating System
Company: Microsoft Corporation
OriginalFileName: svchost.exe
CommandLine: C:\Windows\system32\svchost.exe -k NetworkService
CurrentDirectory: C:\Windows\system32\
User: NT AUTHORITY\NETWORK SERVICE
LogonGuid: {2048537D-8D03-643A-E403-000000000000}
LogonId: 0x3E4
TerminalSessionId: 0
IntegrityLevel: System
Hashes: SHA256=438B6CCD84F4DD32D9684ED7D58FD7D1E5A75FE3F3D12AB6C788E6BB0FFAD5E7
ParentProcessGuid: {2048537D-8D03-643A-0A00-000000000A00}
ParentProcessId: 556
ParentImage: C:\Windows\System32\services.exe
ParentCommandLine: C:\Windows\system32\services.exe
ParentUser: NT AUTHORITY\SYSTEM"
Information,4/15/2023 8:40:04 PM,Microsoft-Windows-Sysmon,1,Process Create (rule: ProcessCreate),"Process Create:
RuleName: -
UtcTime: 2023-04-15 11:39:47.685
ProcessGuid: {2048537D-8D03-643A-1500-000000000A00}
ProcessId: 884
Image: C:\Windows\System32\svchost.exe
FileVersion: 10.0.14393.0 (rs1_release.160715-1616)
Description: Host Process for Windows Services
Product: Microsoft® Windows® Operating System
Company: Microsoft Corporation
OriginalFileName: svchost.exe
CommandLine: C:\Windows\system32\svchost.exe -k LocalServiceNoNetwork
CurrentDirectory: C:\Windows\system32\
User: NT AUTHORITY\LOCAL SERVICE
LogonGuid: {2048537D-8D03-643A-E503-000000000000}
LogonId: 0x3E5
TerminalSessionId: 0
IntegrityLevel: System
Hashes: SHA256=438B6CCD84F4DD32D9684ED7D58FD7D1E5A75FE3F3D12AB6C788E6BB0FFAD5E7
ParentProcessGuid: {2048537D-8D03-643A-0A00-000000000A00}
ParentProcessId: 556
ParentImage: C:\Windows\System32\services.exe
ParentCommandLine: C:\Windows\system32\services.exe
ParentUser: NT AUTHORITY\SYSTEM"
Information,4/15/2023 8:40:04 PM,Microsoft-Windows-Sysmon,1,Process Create (rule: ProcessCreate),"Process Create:
RuleName: -
UtcTime: 2023-04-15 11:39:47.678
ProcessGuid: {2048537D-8D03-643A-1400-000000000A00}
ProcessId: 680
Image: C:\Windows\System32\svchost.exe
FileVersion: 10.0.14393.0 (rs1_release.160715-1616)
Description: Host Process for Windows Services
Product: Microsoft® Windows® Operating System
Company: Microsoft Corporation
OriginalFileName: svchost.exe
CommandLine: C:\Windows\System32\svchost.exe -k LocalSystemNetworkRestricted
CurrentDirectory: C:\Windows\system32\
User: NT AUTHORITY\SYSTEM
LogonGuid: {2048537D-8D03-643A-E703-000000000000}
LogonId: 0x3E7
TerminalSessionId: 0
IntegrityLevel: System
Hashes: SHA256=438B6CCD84F4DD32D9684ED7D58FD7D1E5A75FE3F3D12AB6C788E6BB0FFAD5E7
ParentProcessGuid: {2048537D-8D03-643A-0A00-000000000A00}
ParentProcessId: 556
ParentImage: C:\Windows\System32\services.exe
ParentCommandLine: C:\Windows\system32\services.exe
ParentUser: NT AUTHORITY\SYSTEM"
Information,4/15/2023 8:40:04 PM,Microsoft-Windows-Sysmon,1,Process Create (rule: ProcessCreate),"Process Create:
RuleName: -
UtcTime: 2023-04-15 11:39:47.662
ProcessGuid: {2048537D-8D03-643A-1300-000000000A00}
ProcessId: 296
Image: C:\Windows\System32\svchost.exe
FileVersion: 10.0.14393.0 (rs1_release.160715-1616)
Description: Host Process for Windows Services
Product: Microsoft® Windows® Operating System
Company: Microsoft Corporation
OriginalFileName: svchost.exe
CommandLine: C:\Windows\System32\svchost.exe -k LocalServiceNetworkRestricted
CurrentDirectory: C:\Windows\system32\
User: NT AUTHORITY\LOCAL SERVICE
LogonGuid: {2048537D-8D03-643A-E503-000000000000}
LogonId: 0x3E5
TerminalSessionId: 0
IntegrityLevel: System
Hashes: SHA256=438B6CCD84F4DD32D9684ED7D58FD7D1E5A75FE3F3D12AB6C788E6BB0FFAD5E7
ParentProcessGuid: {2048537D-8D03-643A-0A00-000000000A00}
ParentProcessId: 556
ParentImage: C:\Windows\System32\services.exe
ParentCommandLine: C:\Windows\system32\services.exe
ParentUser: NT AUTHORITY\SYSTEM"
Information,4/15/2023 8:40:04 PM,Microsoft-Windows-Sysmon,1,Process Create (rule: ProcessCreate),"Process Create:
RuleName: -
UtcTime: 2023-04-15 11:39:47.661
ProcessGuid: {2048537D-8D03-643A-1200-000000000A00}
ProcessId: 240
Image: C:\Windows\System32\svchost.exe
FileVersion: 10.0.14393.0 (rs1_release.160715-1616)
Description: Host Process for Windows Services
Product: Microsoft® Windows® Operating System
Company: Microsoft Corporation
OriginalFileName: svchost.exe
CommandLine: C:\Windows\system32\svchost.exe -k LocalService
CurrentDirectory: C:\Windows\system32\
User: NT AUTHORITY\LOCAL SERVICE
LogonGuid: {2048537D-8D03-643A-E503-000000000000}
LogonId: 0x3E5
TerminalSessionId: 0
IntegrityLevel: System
Hashes: SHA256=438B6CCD84F4DD32D9684ED7D58FD7D1E5A75FE3F3D12AB6C788E6BB0FFAD5E7
ParentProcessGuid: {2048537D-8D03-643A-0A00-000000000A00}
ParentProcessId: 556
ParentImage: C:\Windows\System32\services.exe
ParentCommandLine: C:\Windows\system32\services.exe
ParentUser: NT AUTHORITY\SYSTEM"
Information,4/15/2023 8:40:04 PM,Microsoft-Windows-Sysmon,1,Process Create (rule: ProcessCreate),"Process Create:
RuleName: -
UtcTime: 2023-04-15 11:39:47.647
ProcessGuid: {2048537D-8D03-643A-1100-000000000A00}
ProcessId: 952
Image: C:\Windows\System32\svchost.exe
FileVersion: 10.0.14393.0 (rs1_release.160715-1616)
Description: Host Process for Windows Services
Product: Microsoft® Windows® Operating System
Company: Microsoft Corporation
OriginalFileName: svchost.exe
CommandLine: C:\Windows\system32\svchost.exe -k netsvcs
CurrentDirectory: C:\Windows\system32\
User: NT AUTHORITY\SYSTEM
LogonGuid: {2048537D-8D03-643A-E703-000000000000}
LogonId: 0x3E7
TerminalSessionId: 0
IntegrityLevel: System
Hashes: SHA256=438B6CCD84F4DD32D9684ED7D58FD7D1E5A75FE3F3D12AB6C788E6BB0FFAD5E7
ParentProcessGuid: {2048537D-8D03-643A-0A00-000000000A00}
ParentProcessId: 556
ParentImage: C:\Windows\System32\services.exe
ParentCommandLine: C:\Windows\system32\services.exe
ParentUser: NT AUTHORITY\SYSTEM"
