Level,Date and Time,Source,Event ID,Task Category
Information,4/17/2023 11:23:57 AM,Microsoft-Windows-Sysmon,5,Process terminated (rule: ProcessTerminate),"Process terminated:
RuleName: -
UtcTime: 2023-04-17 02:23:57.880
ProcessGuid: {2048537D-AD71-643C-0B01-000000000B00}
ProcessId: 5372
Image: C:\Windows\System32\backgroundTaskHost.exe
User: EXAMPLECOMPANY\admin"
Information,4/17/2023 11:22:42 AM,Microsoft-Windows-Sysmon,5,Process terminated (rule: ProcessTerminate),"Process terminated:
RuleName: -
UtcTime: 2023-04-17 02:22:42.956
ProcessGuid: {2048537D-AD4F-643C-0301-000000000B00}
ProcessId: 6704
Image: C:\Windows\System32\dllhost.exe
User: NT AUTHORITY\SYSTEM"
Information,4/17/2023 11:22:41 AM,Microsoft-Windows-Sysmon,1,Process Create (rule: ProcessCreate),"Process Create:
RuleName: -
UtcTime: 2023-04-17 02:22:41.069
ProcessGuid: {2048537D-AD71-643C-0B01-000000000B00}
ProcessId: 5372
Image: C:\Windows\System32\backgroundTaskHost.exe
FileVersion: 10.0.14393.0 (rs1_release.160715-1616)
Description: Background Task Host
Product: Microsoft® Windows® Operating System
Company: Microsoft Corporation
OriginalFileName: backgroundTaskHost.exe
CommandLine: ""C:\Windows\system32\backgroundTaskHost.exe"" -ServerName:CortanaUI.AppXy7vb4pc2dr3kc93kfc509b1d0arkfb2x.mca
CurrentDirectory: C:\Windows\SystemApps\Microsoft.Windows.Cortana_cw5n1h2txyewy\
User: EXAMPLECOMPANY\admin
LogonGuid: {2048537D-A037-643C-5471-310000000000}
LogonId: 0x317154
TerminalSessionId: 1
IntegrityLevel: AppContainer
Hashes: SHA256=23A80E09DAE6DB17909E81B1CA7E9BF43158BDEE69C1646125FC62E6BFE2745B
ParentProcessGuid: {00000000-0000-0000-0000-000000000000}
ParentProcessId: 732
ParentImage: -
ParentCommandLine: -
ParentUser: -"
Information,4/17/2023 11:22:37 AM,Microsoft-Windows-Sysmon,5,Process terminated (rule: ProcessTerminate),"Process terminated:
RuleName: -
UtcTime: 2023-04-17 02:22:37.949
ProcessGuid: {2048537D-AD4F-643C-0201-000000000B00}
ProcessId: 5848
Image: C:\Windows\System32\taskhostw.exe
User: NT AUTHORITY\SYSTEM"
Information,4/17/2023 11:22:35 AM,Microsoft-Windows-Sysmon,1,Process Create (rule: ProcessCreate),"Process Create:
RuleName: -
UtcTime: 2023-04-17 02:22:35.510
ProcessGuid: {2048537D-AD6B-643C-0A01-000000000B00}
ProcessId: 3176
Image: C:\Windows\SystemApps\Microsoft.Windows.Cortana_cw5n1h2txyewy\SearchUI.exe
FileVersion: 10.0.14393.953 (rs1_release_inmarket.170303-1614)
Description: Search and Cortana application
Product: Microsoft® Windows® Operating System
Company: Microsoft Corporation
OriginalFileName: SearchUI.exe
CommandLine: ""C:\Windows\SystemApps\Microsoft.Windows.Cortana_cw5n1h2txyewy\SearchUI.exe"" -ServerName:CortanaUI.AppXa50dqqa5gqv4a428c9y1jjw7m3btvepj.mca
CurrentDirectory: C:\Windows\SystemApps\Microsoft.Windows.Cortana_cw5n1h2txyewy\
User: EXAMPLECOMPANY\admin
LogonGuid: {2048537D-A037-643C-5471-310000000000}
LogonId: 0x317154
TerminalSessionId: 1
IntegrityLevel: AppContainer
Hashes: SHA256=632C9EF4F26CE0C2AA415E1DC4C1515E0CD2A72422F3F81663BA612752EE6B72
ParentProcessGuid: {00000000-0000-0000-0000-000000000000}
ParentProcessId: 732
ParentImage: -
ParentCommandLine: -
ParentUser: -"
Information,4/17/2023 11:22:34 AM,Microsoft-Windows-Sysmon,5,Process terminated (rule: ProcessTerminate),"Process terminated:
RuleName: -
UtcTime: 2023-04-17 02:22:34.290
ProcessGuid: {2048537D-AD63-643C-0901-000000000B00}
ProcessId: 3956
Image: C:\Windows\System32\backgroundTaskHost.exe
User: EXAMPLECOMPANY\admin"
Information,4/17/2023 11:22:33 AM,Microsoft-Windows-Sysmon,5,Process terminated (rule: ProcessTerminate),"Process terminated:
RuleName: -
UtcTime: 2023-04-17 02:22:33.468
ProcessGuid: {2048537D-A039-643C-AE00-000000000B00}
ProcessId: 1408
Image: C:\Windows\SystemApps\Microsoft.Windows.Cortana_cw5n1h2txyewy\SearchUI.exe
User: EXAMPLECOMPANY\admin"
Information,4/17/2023 11:22:31 AM,Microsoft-Windows-Sysmon,5,Process terminated (rule: ProcessTerminate),"Process terminated:
RuleName: -
UtcTime: 2023-04-17 02:22:31.504
ProcessGuid: {2048537D-AD62-643C-0601-000000000B00}
ProcessId: 6052
Image: C:\Windows\System32\dllhost.exe
User: NT AUTHORITY\SYSTEM"
Information,4/17/2023 11:22:31 AM,Microsoft-Windows-Sysmon,5,Process terminated (rule: ProcessTerminate),"Process terminated:
RuleName: -
UtcTime: 2023-04-17 02:22:31.504
ProcessGuid: {2048537D-AD62-643C-0701-000000000B00}
ProcessId: 2236
Image: C:\Windows\System32\dllhost.exe
User: NT AUTHORITY\SYSTEM"
Information,4/17/2023 11:22:27 AM,Microsoft-Windows-Sysmon,1,Process Create (rule: ProcessCreate),"Process Create:
RuleName: -
UtcTime: 2023-04-17 02:22:27.885
ProcessGuid: {2048537D-AD63-643C-0901-000000000B00}
ProcessId: 3956
Image: C:\Windows\System32\backgroundTaskHost.exe
FileVersion: 10.0.14393.0 (rs1_release.160715-1616)
Description: Background Task Host
Product: Microsoft® Windows® Operating System
Company: Microsoft Corporation
OriginalFileName: backgroundTaskHost.exe
CommandLine: ""C:\Windows\system32\backgroundTaskHost.exe"" -ServerName:CortanaUI.AppXy7vb4pc2dr3kc93kfc509b1d0arkfb2x.mca
CurrentDirectory: C:\Windows\SystemApps\Microsoft.Windows.Cortana_cw5n1h2txyewy\
User: EXAMPLECOMPANY\admin
LogonGuid: {2048537D-A037-643C-5471-310000000000}
LogonId: 0x317154
TerminalSessionId: 1
IntegrityLevel: AppContainer
Hashes: SHA256=23A80E09DAE6DB17909E81B1CA7E9BF43158BDEE69C1646125FC62E6BFE2745B
ParentProcessGuid: {00000000-0000-0000-0000-000000000000}
ParentProcessId: 732
ParentImage: -
ParentCommandLine: -
ParentUser: -"
Information,4/17/2023 11:22:26 AM,Microsoft-Windows-Sysmon,1,Process Create (rule: ProcessCreate),"Process Create:
RuleName: -
UtcTime: 2023-04-17 02:22:26.522
ProcessGuid: {2048537D-AD62-643C-0801-000000000B00}
ProcessId: 6216
Image: C:\Windows\System32\mmc.exe
FileVersion: 10.0.14393.953 (rs1_release_inmarket.170303-1614)
Description: Microsoft Management Console
Product: Microsoft® Windows® Operating System
Company: Microsoft Corporation
OriginalFileName: mmc.exe
CommandLine: ""C:\Windows\system32\mmc.exe"" ""C:\Windows\system32\eventvwr.msc"" /s
CurrentDirectory: C:\Windows\system32\
User: EXAMPLECOMPANY\admin
LogonGuid: {2048537D-A037-643C-3771-310000000000}
LogonId: 0x317137
TerminalSessionId: 1
IntegrityLevel: High
Hashes: SHA256=6A9BDBFCF4E2DB18F62C55A46C0C94B765165DA150DA6E8E0A87C740C71887BB
ParentProcessGuid: {2048537D-A037-643C-A700-000000000B00}
ParentProcessId: 1928
ParentImage: C:\Windows\explorer.exe
ParentCommandLine: C:\Windows\Explorer.EXE
ParentUser: EXAMPLECOMPANY\admin"
Information,4/17/2023 11:22:26 AM,Microsoft-Windows-Sysmon,1,Process Create (rule: ProcessCreate),"Process Create:
RuleName: -
UtcTime: 2023-04-17 02:22:26.513
ProcessGuid: {2048537D-AD62-643C-0701-000000000B00}
ProcessId: 2236
Image: C:\Windows\System32\dllhost.exe
FileVersion: 10.0.14393.0 (rs1_release.160715-1616)
Description: COM Surrogate
Product: Microsoft® Windows® Operating System
Company: Microsoft Corporation
OriginalFileName: dllhost.exe
CommandLine: C:\Windows\system32\DllHost.exe /Processid:{E10F6C3A-F1AE-4ADC-AA9D-2FE65525666E}
CurrentDirectory: C:\Windows\system32\
User: NT AUTHORITY\SYSTEM
LogonGuid: {2048537D-962F-643A-E703-000000000000}
LogonId: 0x3E7
TerminalSessionId: 0
IntegrityLevel: System
Hashes: SHA256=EE8364C07B3F4F71FA649E0E6C4C73C15D285130E4B16E79890EEBBF89C2164E
ParentProcessGuid: {00000000-0000-0000-0000-000000000000}
ParentProcessId: 732
ParentImage: -
ParentCommandLine: -
ParentUser: -"
Information,4/17/2023 11:22:26 AM,Microsoft-Windows-Sysmon,5,Process terminated (rule: ProcessTerminate),"Process terminated:
RuleName: -
UtcTime: 2023-04-17 02:22:26.504
ProcessGuid: {2048537D-AD62-643C-0501-000000000B00}
ProcessId: 2464
Image: C:\Windows\System32\consent.exe
User: NT AUTHORITY\SYSTEM"
Information,4/17/2023 11:22:26 AM,Microsoft-Windows-Sysmon,1,Process Create (rule: ProcessCreate),"Process Create:
RuleName: -
UtcTime: 2023-04-17 02:22:26.498
ProcessGuid: {2048537D-AD62-643C-0601-000000000B00}
ProcessId: 6052
Image: C:\Windows\System32\dllhost.exe
FileVersion: 10.0.14393.0 (rs1_release.160715-1616)
Description: COM Surrogate
Product: Microsoft® Windows® Operating System
Company: Microsoft Corporation
OriginalFileName: dllhost.exe
CommandLine: C:\Windows\system32\DllHost.exe /Processid:{E10F6C3A-F1AE-4ADC-AA9D-2FE65525666E}
CurrentDirectory: C:\Windows\system32\
User: NT AUTHORITY\SYSTEM
LogonGuid: {2048537D-962F-643A-E703-000000000000}
LogonId: 0x3E7
TerminalSessionId: 1
IntegrityLevel: System
Hashes: SHA256=EE8364C07B3F4F71FA649E0E6C4C73C15D285130E4B16E79890EEBBF89C2164E
ParentProcessGuid: {00000000-0000-0000-0000-000000000000}
ParentProcessId: 732
ParentImage: -
ParentCommandLine: -
ParentUser: -"
Information,4/17/2023 11:22:26 AM,Microsoft-Windows-Sysmon,1,Process Create (rule: ProcessCreate),"Process Create:
RuleName: -
UtcTime: 2023-04-17 02:22:26.464
ProcessGuid: {2048537D-AD62-643C-0501-000000000B00}
ProcessId: 2464
Image: C:\Windows\System32\consent.exe
FileVersion: 10.0.14393.0 (rs1_release.160715-1616)
Description: Consent UI for administrative applications
Product: Microsoft® Windows® Operating System
Company: Microsoft Corporation
OriginalFileName: consent.exe
CommandLine: consent.exe 1236 426 000001ACBC6DCFB0
CurrentDirectory: C:\Windows\system32\
User: NT AUTHORITY\SYSTEM
LogonGuid: {2048537D-962F-643A-E703-000000000000}
LogonId: 0x3E7
TerminalSessionId: 1
IntegrityLevel: System
Hashes: SHA256=8B1522BA0FE25D268781C2DF68BAE2BA4991D5BD02F161E61DE1B9194AE54DFA
ParentProcessGuid: {00000000-0000-0000-0000-000000000000}
ParentProcessId: 1236
ParentImage: -
ParentCommandLine: -
ParentUser: -"
Information,4/17/2023 11:22:26 AM,Microsoft-Windows-Sysmon,5,Process terminated (rule: ProcessTerminate),"Process terminated:
RuleName: -
UtcTime: 2023-04-17 02:22:26.393
ProcessGuid: {2048537D-AD4F-643C-0001-000000000B00}
ProcessId: 6088
Image: C:\Windows\System32\AtBroker.exe
User: EXAMPLECOMPANY\admin"
Information,4/17/2023 11:22:26 AM,Microsoft-Windows-Sysmon,1,Process Create (rule: ProcessCreate),"Process Create:
RuleName: -
UtcTime: 2023-04-17 02:22:26.399
ProcessGuid: {2048537D-AD62-643C-0401-000000000B00}
ProcessId: 6088
Image: C:\Windows\System32\mmc.exe
FileVersion: 10.0.14393.953 (rs1_release_inmarket.170303-1614)
Description: Microsoft Management Console
Product: Microsoft® Windows® Operating System
Company: Microsoft Corporation
OriginalFileName: mmc.exe
CommandLine: ""C:\Windows\system32\mmc.exe"" ""C:\Windows\system32\eventvwr.msc"" /s
CurrentDirectory: C:\Windows\system32\
User: EXAMPLECOMPANY\admin
LogonGuid: {2048537D-A037-643C-5471-310000000000}
LogonId: 0x317154
TerminalSessionId: 1
IntegrityLevel: Medium
Hashes: SHA256=6A9BDBFCF4E2DB18F62C55A46C0C94B765165DA150DA6E8E0A87C740C71887BB
ParentProcessGuid: {2048537D-A037-643C-A700-000000000B00}
ParentProcessId: 1928
ParentImage: C:\Windows\explorer.exe
ParentCommandLine: C:\Windows\Explorer.EXE
ParentUser: EXAMPLECOMPANY\admin"
Information,4/17/2023 11:22:12 AM,Microsoft-Windows-Sysmon,5,Process terminated (rule: ProcessTerminate),"Process terminated:
RuleName: -
UtcTime: 2023-04-17 02:22:12.521
ProcessGuid: {2048537D-AD4E-643C-FD00-000000000B00}
ProcessId: 5796
Image: C:\Windows\System32\TSTheme.exe
User: EXAMPLECOMPANY\admin"
Information,4/17/2023 11:22:07 AM,Microsoft-Windows-Sysmon,1,Process Create (rule: ProcessCreate),"Process Create:
RuleName: -
UtcTime: 2023-04-17 02:22:07.949
ProcessGuid: {2048537D-AD4F-643C-0301-000000000B00}
ProcessId: 6704
Image: C:\Windows\System32\dllhost.exe
FileVersion: 10.0.14393.0 (rs1_release.160715-1616)
Description: COM Surrogate
Product: Microsoft® Windows® Operating System
Company: Microsoft Corporation
OriginalFileName: dllhost.exe
CommandLine: C:\Windows\system32\DllHost.exe /Processid:{133EAC4F-5891-4D04-BADA-D84870380A80}
CurrentDirectory: C:\Windows\system32\
User: NT AUTHORITY\SYSTEM
LogonGuid: {2048537D-962F-643A-E703-000000000000}
LogonId: 0x3E7
TerminalSessionId: 0
IntegrityLevel: System
Hashes: SHA256=EE8364C07B3F4F71FA649E0E6C4C73C15D285130E4B16E79890EEBBF89C2164E
ParentProcessGuid: {00000000-0000-0000-0000-000000000000}
ParentProcessId: 732
ParentImage: -
ParentCommandLine: -
ParentUser: -"
Information,4/17/2023 11:22:07 AM,Microsoft-Windows-Sysmon,1,Process Create (rule: ProcessCreate),"Process Create:
RuleName: -
UtcTime: 2023-04-17 02:22:07.940
ProcessGuid: {2048537D-AD4F-643C-0201-000000000B00}
ProcessId: 5848
Image: C:\Windows\System32\taskhostw.exe
FileVersion: 10.0.14393.0 (rs1_release.160715-1616)
Description: Host Process for Windows Tasks
Product: Microsoft® Windows® Operating System
Company: Microsoft Corporation
OriginalFileName: taskhostw.exe
CommandLine: taskhostw.exe
CurrentDirectory: C:\Windows\system32\
User: NT AUTHORITY\SYSTEM
LogonGuid: {2048537D-962F-643A-E703-000000000000}
LogonId: 0x3E7
TerminalSessionId: 0
IntegrityLevel: System
Hashes: SHA256=A0A677D6C943AD1A7BC1879DFCCB400211DF68100F8EDD7BA6120067A18BEE0B
ParentProcessGuid: {00000000-0000-0000-0000-000000000000}
ParentProcessId: 1236
ParentImage: -
ParentCommandLine: -
ParentUser: -"
Information,4/17/2023 11:22:07 AM,Microsoft-Windows-Sysmon,5,Process terminated (rule: ProcessTerminate),"Process terminated:
RuleName: -
UtcTime: 2023-04-17 02:22:07.626
ProcessGuid: {2048537D-ACB5-643C-F200-000000000B00}
ProcessId: 5504
Image: C:\Windows\SystemApps\Microsoft.LockApp_cw5n1h2txyewy\LockApp.exe
User: EXAMPLECOMPANY\admin"
Information,4/17/2023 11:22:07 AM,Microsoft-Windows-Sysmon,5,Process terminated (rule: ProcessTerminate),"Process terminated:
RuleName: -
UtcTime: 2023-04-17 02:22:07.407
ProcessGuid: {2048537D-AD4F-643C-0101-000000000B00}
ProcessId: 4404
Image: C:\Windows\System32\taskhostw.exe
User: NT AUTHORITY\SYSTEM"
Information,4/17/2023 11:22:07 AM,Microsoft-Windows-Sysmon,1,Process Create (rule: ProcessCreate),"Process Create:
RuleName: -
UtcTime: 2023-04-17 02:22:07.399
ProcessGuid: {2048537D-AD4F-643C-0101-000000000B00}
ProcessId: 4404
Image: C:\Windows\System32\taskhostw.exe
FileVersion: 10.0.14393.0 (rs1_release.160715-1616)
Description: Host Process for Windows Tasks
Product: Microsoft® Windows® Operating System
Company: Microsoft Corporation
OriginalFileName: taskhostw.exe
CommandLine: taskhostw.exe NGCKeyPregen
CurrentDirectory: C:\Windows\system32\
User: NT AUTHORITY\SYSTEM
LogonGuid: {2048537D-962F-643A-E703-000000000000}
LogonId: 0x3E7
TerminalSessionId: 0
IntegrityLevel: System
Hashes: SHA256=A0A677D6C943AD1A7BC1879DFCCB400211DF68100F8EDD7BA6120067A18BEE0B
ParentProcessGuid: {00000000-0000-0000-0000-000000000000}
ParentProcessId: 1236
ParentImage: -
ParentCommandLine: -
ParentUser: -"
Information,4/17/2023 11:22:07 AM,Microsoft-Windows-Sysmon,5,Process terminated (rule: ProcessTerminate),"Process terminated:
RuleName: -
UtcTime: 2023-04-17 02:22:07.236
ProcessGuid: {2048537D-AD4F-643C-0001-000000000B00}
ProcessId: 6088
Image: C:\Windows\System32\AtBroker.exe
User: EXAMPLECOMPANY\admin"
Information,4/17/2023 11:22:07 AM,Microsoft-Windows-Sysmon,1,Process Create (rule: ProcessCreate),"Process Create:
RuleName: -
UtcTime: 2023-04-17 02:22:07.227
ProcessGuid: {2048537D-AD4F-643C-0001-000000000B00}
ProcessId: 6088
Image: C:\Windows\System32\AtBroker.exe
FileVersion: 10.0.14393.0 (rs1_release.160715-1616)
Description: Windows Assistive Technology Manager
Product: Microsoft® Windows® Operating System
Company: Microsoft Corporation
OriginalFileName: ATBroker.exe
CommandLine: atbroker.exe
CurrentDirectory: C:\Windows\system32\
User: EXAMPLECOMPANY\admin
LogonGuid: {2048537D-A037-643C-5471-310000000000}
LogonId: 0x317154
TerminalSessionId: 1
IntegrityLevel: Medium
Hashes: SHA256=A84417EE9D039891AF43B267896DB921A40838D8A17CC1BE29785D031E5944D4
ParentProcessGuid: {00000000-0000-0000-0000-000000000000}
ParentProcessId: 508
ParentImage: -
ParentCommandLine: -
ParentUser: -"
Information,4/17/2023 11:22:07 AM,Microsoft-Windows-Sysmon,5,Process terminated (rule: ProcessTerminate),"Process terminated:
RuleName: -
UtcTime: 2023-04-17 02:22:07.220
ProcessGuid: {2048537D-ACB5-643C-EF00-000000000B00}
ProcessId: 6364
Image: C:\Windows\System32\LogonUI.exe
User: NT AUTHORITY\SYSTEM"
Information,4/17/2023 11:22:06 AM,Microsoft-Windows-Sysmon,5,Process terminated (rule: ProcessTerminate),"Process terminated:
RuleName: -
UtcTime: 2023-04-17 02:22:06.970
ProcessGuid: {2048537D-AD4E-643C-FF00-000000000B00}
ProcessId: 240
Image: C:\Windows\system32\taskhostw.exe
User: EXAMPLECOMPANY\admin"
Information,4/17/2023 11:22:06 AM,Microsoft-Windows-Sysmon,1,Process Create (rule: ProcessCreate),"Process Create:
RuleName: -
UtcTime: 2023-04-17 02:22:06.974
ProcessGuid: {2048537D-AD4E-643C-FF00-000000000B00}
ProcessId: 240
Image: C:\Windows\System32\taskhostw.exe
FileVersion: 10.0.14393.0 (rs1_release.160715-1616)
Description: Host Process for Windows Tasks
Product: Microsoft® Windows® Operating System
Company: Microsoft Corporation
OriginalFileName: taskhostw.exe
CommandLine: taskhostw.exe KEYROAMING
CurrentDirectory: C:\Windows\system32\
User: EXAMPLECOMPANY\admin
LogonGuid: {2048537D-A037-643C-5471-310000000000}
LogonId: 0x317154
TerminalSessionId: 1
IntegrityLevel: Medium
Hashes: SHA256=A0A677D6C943AD1A7BC1879DFCCB400211DF68100F8EDD7BA6120067A18BEE0B
ParentProcessGuid: {00000000-0000-0000-0000-000000000000}
ParentProcessId: 1236
ParentImage: -
ParentCommandLine: -
ParentUser: -"
Information,4/17/2023 11:22:06 AM,Microsoft-Windows-Sysmon,5,Process terminated (rule: ProcessTerminate),"Process terminated:
RuleName: -
UtcTime: 2023-04-17 02:22:06.814
ProcessGuid: {2048537D-AD4D-643C-F400-000000000B00}
ProcessId: 6320
Image: C:\Windows\System32\csrss.exe
User: NT AUTHORITY\SYSTEM"
Information,4/17/2023 11:22:06 AM,Microsoft-Windows-Sysmon,5,Process terminated (rule: ProcessTerminate),"Process terminated:
RuleName: -
UtcTime: 2023-04-17 02:22:06.798
ProcessGuid: {2048537D-AD4D-643C-F500-000000000B00}
ProcessId: 5004
Image: C:\Windows\System32\winlogon.exe
User: NT AUTHORITY\SYSTEM"
Information,4/17/2023 11:22:06 AM,Microsoft-Windows-Sysmon,5,Process terminated (rule: ProcessTerminate),"Process terminated:
RuleName: -
UtcTime: 2023-04-17 02:22:06.798
ProcessGuid: {2048537D-AD4E-643C-F700-000000000B00}
ProcessId: 3656
Image: C:\Windows\System32\dwm.exe
User: Window Manager\DWM-2"
Information,4/17/2023 11:22:06 AM,Microsoft-Windows-Sysmon,5,Process terminated (rule: ProcessTerminate),"Process terminated:
RuleName: -
UtcTime: 2023-04-17 02:22:06.767
ProcessGuid: {2048537D-AD4E-643C-F600-000000000B00}
ProcessId: 5212
Image: C:\Windows\System32\LogonUI.exe
User: NT AUTHORITY\SYSTEM"
Information,4/17/2023 11:22:06 AM,Microsoft-Windows-Sysmon,1,Process Create (rule: ProcessCreate),"Process Create:
RuleName: -
UtcTime: 2023-04-17 02:22:06.643
ProcessGuid: {2048537D-AD4E-643C-FE00-000000000B00}
ProcessId: 628
Image: C:\Windows\System32\rdpclip.exe
FileVersion: 10.0.14393.1198 (rs1_release_sec.170427-1353)
Description: RDP Clipboard Monitor
Product: Microsoft® Windows® Operating System
Company: Microsoft Corporation
OriginalFileName: rdpclip.exe
CommandLine: rdpclip
CurrentDirectory: C:\Windows\system32\
User: EXAMPLECOMPANY\admin
LogonGuid: {2048537D-A037-643C-5471-310000000000}
LogonId: 0x317154
TerminalSessionId: 1
IntegrityLevel: Medium
Hashes: SHA256=577AAEF9E563631117E84D3D7DF577CED90799D58B8A25CF286B24C68EF64F3C
ParentProcessGuid: {00000000-0000-0000-0000-000000000000}
ParentProcessId: 920
ParentImage: -
ParentCommandLine: -
ParentUser: -"
Information,4/17/2023 11:22:06 AM,Microsoft-Windows-Sysmon,1,Process Create (rule: ProcessCreate),"Process Create:
RuleName: -
UtcTime: 2023-04-17 02:22:06.476
ProcessGuid: {2048537D-AD4E-643C-FD00-000000000B00}
ProcessId: 5796
Image: C:\Windows\System32\TSTheme.exe
FileVersion: 10.0.14393.0 (rs1_release.160715-1616)
Description: TSTheme Server Module
Product: Microsoft® Windows® Operating System
Company: Microsoft Corporation
OriginalFileName: TSThemeS.exe
CommandLine: C:\Windows\system32\TSTheme.exe -Embedding
CurrentDirectory: C:\Windows\system32\
User: EXAMPLECOMPANY\admin
LogonGuid: {2048537D-A037-643C-5471-310000000000}
LogonId: 0x317154
TerminalSessionId: 1
IntegrityLevel: Medium
Hashes: SHA256=5EDB8F164B5CACAEFC551E3D0EA0971E5DA1AB144AB66FE429BC7E5DCB2FCC3C
ParentProcessGuid: {00000000-0000-0000-0000-000000000000}
ParentProcessId: 732
ParentImage: -
ParentCommandLine: -
ParentUser: -"
Information,4/17/2023 11:22:06 AM,Microsoft-Windows-Sysmon,1,Process Create (rule: ProcessCreate),"Process Create:
RuleName: -
UtcTime: 2023-04-17 02:22:06.397
ProcessGuid: {2048537D-AD4E-643C-FC00-000000000B00}
ProcessId: 5544
Image: C:\Windows\System32\dwm.exe
FileVersion: 10.0.14393.0 (rs1_release.160715-1616)
Description: Desktop Window Manager
Product: Microsoft® Windows® Operating System
Company: Microsoft Corporation
OriginalFileName: dwm.exe
CommandLine: ""dwm.exe""
CurrentDirectory: C:\Windows\system32\
User: Window Manager\DWM-3
LogonGuid: {2048537D-AD4E-643C-0B32-3C0000000000}
LogonId: 0x3C320B
TerminalSessionId: 3
IntegrityLevel: System
Hashes: SHA256=B3E37997C1C62DD90D69EF83D6A6FC782BF9A5B8AD04A0D1528A8B7FA31AA408
ParentProcessGuid: {2048537D-AD4E-643C-FA00-000000000B00}
ParentProcessId: 6040
ParentImage: C:\Windows\System32\winlogon.exe
ParentCommandLine: winlogon.exe
ParentUser: NT AUTHORITY\SYSTEM"
Information,4/17/2023 11:22:06 AM,Microsoft-Windows-Sysmon,1,Process Create (rule: ProcessCreate),"Process Create:
RuleName: -
UtcTime: 2023-04-17 02:22:06.364
ProcessGuid: {2048537D-AD4E-643C-FB00-000000000B00}
ProcessId: 2920
Image: C:\Windows\System32\LogonUI.exe
FileVersion: 10.0.14393.0 (rs1_release.160715-1616)
Description: Windows Logon User Interface Host
Product: Microsoft® Windows® Operating System
Company: Microsoft Corporation
OriginalFileName: logonui.exe
CommandLine: ""LogonUI.exe"" /flags:0x0 /state0:0xa39f6055 /state1:0x41c64e6d
CurrentDirectory: C:\Windows\system32\
User: NT AUTHORITY\SYSTEM
LogonGuid: {2048537D-962F-643A-E703-000000000000}
LogonId: 0x3E7
TerminalSessionId: 3
IntegrityLevel: System
Hashes: SHA256=AA62D29803D52EC06CD27ED3124E034048F09606EB7342181913C9817C7B44C5
ParentProcessGuid: {2048537D-AD4E-643C-FA00-000000000B00}
ParentProcessId: 6040
ParentImage: C:\Windows\System32\winlogon.exe
ParentCommandLine: winlogon.exe
ParentUser: NT AUTHORITY\SYSTEM"
Information,4/17/2023 11:22:06 AM,Microsoft-Windows-Sysmon,5,Process terminated (rule: ProcessTerminate),"Process terminated:
RuleName: -
UtcTime: 2023-04-17 02:22:06.298
ProcessGuid: {2048537D-AD4E-643C-F800-000000000B00}
ProcessId: 5932
Image: C:\Windows\System32\smss.exe
User: NT AUTHORITY\SYSTEM"
Information,4/17/2023 11:22:06 AM,Microsoft-Windows-Sysmon,1,Process Create (rule: ProcessCreate),"Process Create:
RuleName: -
UtcTime: 2023-04-17 02:22:06.306
ProcessGuid: {2048537D-AD4E-643C-FA00-000000000B00}
ProcessId: 6040
Image: C:\Windows\System32\winlogon.exe
FileVersion: 10.0.14393.1378 (rs1_release.170620-2008)
Description: Windows Logon Application
Product: Microsoft® Windows® Operating System
Company: Microsoft Corporation
OriginalFileName: WINLOGON.EXE
CommandLine: winlogon.exe
CurrentDirectory: C:\Windows\system32\
User: NT AUTHORITY\SYSTEM
LogonGuid: {2048537D-962F-643A-E703-000000000000}
LogonId: 0x3E7
TerminalSessionId: 3
IntegrityLevel: System
Hashes: SHA256=8EF0C90DAD9BAD0B82EF9CFEC8C0CDA03C64A4BEC252DDD4753F3123DA757351
ParentProcessGuid: {2048537D-AD4E-643C-F800-000000000B00}
ParentProcessId: 5932
ParentImage: C:\Windows\System32\smss.exe
ParentCommandLine: \SystemRoot\System32\smss.exe 000000ec 0000007c 
ParentUser: NT AUTHORITY\SYSTEM"
Information,4/17/2023 11:22:06 AM,Microsoft-Windows-Sysmon,1,Process Create (rule: ProcessCreate),"Process Create:
RuleName: -
UtcTime: 2023-04-17 02:22:06.297
ProcessGuid: {2048537D-AD4E-643C-F900-000000000B00}
ProcessId: 5280
Image: C:\Windows\System32\csrss.exe
FileVersion: 10.0.14393.0 (rs1_release.160715-1616)
Description: Client Server Runtime Process
Product: Microsoft® Windows® Operating System
Company: Microsoft Corporation
OriginalFileName: CSRSS.Exe
CommandLine: %%SystemRoot%%\system32\csrss.exe ObjectDirectory=\Windows SharedSection=1024,20480,768 Windows=On SubSystemType=Windows ServerDll=basesrv,1 ServerDll=winsrv:UserServerDllInitialization,3 ServerDll=sxssrv,4 ProfileControl=Off MaxRequestThreads=16
CurrentDirectory: C:\Windows\system32\
User: NT AUTHORITY\SYSTEM
LogonGuid: {2048537D-962F-643A-E703-000000000000}
LogonId: 0x3E7
TerminalSessionId: 3
IntegrityLevel: System
Hashes: SHA256=151189510070B06A3ECF5B6A8612CC45748676A579B9B4D877F5BE3EB1971082
ParentProcessGuid: {2048537D-AD4E-643C-F800-000000000B00}
ParentProcessId: 5932
ParentImage: C:\Windows\System32\smss.exe
ParentCommandLine: \SystemRoot\System32\smss.exe 000000ec 0000007c 
ParentUser: NT AUTHORITY\SYSTEM"
Information,4/17/2023 11:22:06 AM,Microsoft-Windows-Sysmon,1,Process Create (rule: ProcessCreate),"Process Create:
RuleName: -
UtcTime: 2023-04-17 02:22:06.286
ProcessGuid: {2048537D-AD4E-643C-F800-000000000B00}
ProcessId: 5932
Image: C:\Windows\System32\smss.exe
FileVersion: 10.0.14393.0 (rs1_release.160715-1616)
Description: Windows Session Manager
Product: Microsoft® Windows® Operating System
Company: Microsoft Corporation
OriginalFileName: smss.exe
CommandLine: \SystemRoot\System32\smss.exe 000000ec 0000007c 
CurrentDirectory: C:\Windows\
User: NT AUTHORITY\SYSTEM
LogonGuid: {2048537D-962F-643A-E703-000000000000}
LogonId: 0x3E7
TerminalSessionId: 3
IntegrityLevel: System
Hashes: SHA256=D1A9E386575D30187269FAF7B38D5F0057997BA568EA7945D9B225D9B0733F05
ParentProcessGuid: {00000000-0000-0000-0000-000000000000}
ParentProcessId: 264
ParentImage: -
ParentCommandLine: -
ParentUser: -"
Information,4/17/2023 11:22:06 AM,Microsoft-Windows-Sysmon,1,Process Create (rule: ProcessCreate),"Process Create:
RuleName: -
UtcTime: 2023-04-17 02:22:06.059
ProcessGuid: {2048537D-AD4E-643C-F700-000000000B00}
ProcessId: 3656
Image: C:\Windows\System32\dwm.exe
FileVersion: 10.0.14393.0 (rs1_release.160715-1616)
Description: Desktop Window Manager
Product: Microsoft® Windows® Operating System
Company: Microsoft Corporation
OriginalFileName: dwm.exe
CommandLine: ""dwm.exe""
CurrentDirectory: C:\Windows\system32\
User: Window Manager\DWM-2
LogonGuid: {2048537D-AD4E-643C-79B9-3B0000000000}
LogonId: 0x3BB979
TerminalSessionId: 2
IntegrityLevel: System
Hashes: SHA256=B3E37997C1C62DD90D69EF83D6A6FC782BF9A5B8AD04A0D1528A8B7FA31AA408
ParentProcessGuid: {2048537D-AD4D-643C-F500-000000000B00}
ParentProcessId: 5004
ParentImage: C:\Windows\System32\winlogon.exe
ParentCommandLine: winlogon.exe
ParentUser: NT AUTHORITY\SYSTEM"
Information,4/17/2023 11:22:06 AM,Microsoft-Windows-Sysmon,1,Process Create (rule: ProcessCreate),"Process Create:
RuleName: -
UtcTime: 2023-04-17 02:22:06.027
ProcessGuid: {2048537D-AD4E-643C-F600-000000000B00}
ProcessId: 5212
Image: C:\Windows\System32\LogonUI.exe
FileVersion: 10.0.14393.0 (rs1_release.160715-1616)
Description: Windows Logon User Interface Host
Product: Microsoft® Windows® Operating System
Company: Microsoft Corporation
OriginalFileName: logonui.exe
CommandLine: ""LogonUI.exe"" /flags:0x0 /state0:0xa39f3055 /state1:0x41c64e6d
CurrentDirectory: C:\Windows\system32\
User: NT AUTHORITY\SYSTEM
LogonGuid: {2048537D-962F-643A-E703-000000000000}
LogonId: 0x3E7
TerminalSessionId: 2
IntegrityLevel: System
Hashes: SHA256=AA62D29803D52EC06CD27ED3124E034048F09606EB7342181913C9817C7B44C5
ParentProcessGuid: {2048537D-AD4D-643C-F500-000000000B00}
ParentProcessId: 5004
ParentImage: C:\Windows\System32\winlogon.exe
ParentCommandLine: winlogon.exe
ParentUser: NT AUTHORITY\SYSTEM"
Information,4/17/2023 11:22:05 AM,Microsoft-Windows-Sysmon,5,Process terminated (rule: ProcessTerminate),"Process terminated:
RuleName: -
UtcTime: 2023-04-17 02:22:05.829
ProcessGuid: {2048537D-AD4D-643C-F300-000000000B00}
ProcessId: 5008
Image: <unknown process>
User: NT AUTHORITY\SYSTEM"
Information,4/17/2023 11:22:05 AM,Microsoft-Windows-Sysmon,1,Process Create (rule: ProcessCreate),"Process Create:
RuleName: -
UtcTime: 2023-04-17 02:22:05.842
ProcessGuid: {2048537D-AD4D-643C-F500-000000000B00}
ProcessId: 5004
Image: C:\Windows\System32\winlogon.exe
FileVersion: 10.0.14393.1378 (rs1_release.170620-2008)
Description: Windows Logon Application
Product: Microsoft® Windows® Operating System
Company: Microsoft Corporation
OriginalFileName: WINLOGON.EXE
CommandLine: winlogon.exe
CurrentDirectory: C:\Windows\system32\
User: NT AUTHORITY\SYSTEM
LogonGuid: {2048537D-962F-643A-E703-000000000000}
LogonId: 0x3E7
TerminalSessionId: 2
IntegrityLevel: System
Hashes: SHA256=8EF0C90DAD9BAD0B82EF9CFEC8C0CDA03C64A4BEC252DDD4753F3123DA757351
ParentProcessGuid: {2048537D-AD4D-643C-F300-000000000B00}
ParentProcessId: 5008
ParentImage: C:\Windows\System32\smss.exe
ParentCommandLine: \SystemRoot\System32\smss.exe 000000e8 0000007c 
ParentUser: NT AUTHORITY\SYSTEM"
Information,4/17/2023 11:22:05 AM,Microsoft-Windows-Sysmon,1,Process Create (rule: ProcessCreate),"Process Create:
RuleName: -
UtcTime: 2023-04-17 02:22:05.836
ProcessGuid: {2048537D-AD4D-643C-F400-000000000B00}
ProcessId: 6320
Image: C:\Windows\System32\csrss.exe
FileVersion: 10.0.14393.0 (rs1_release.160715-1616)
Description: Client Server Runtime Process
Product: Microsoft® Windows® Operating System
Company: Microsoft Corporation
OriginalFileName: CSRSS.Exe
CommandLine: %%SystemRoot%%\system32\csrss.exe ObjectDirectory=\Windows SharedSection=1024,20480,768 Windows=On SubSystemType=Windows ServerDll=basesrv,1 ServerDll=winsrv:UserServerDllInitialization,3 ServerDll=sxssrv,4 ProfileControl=Off MaxRequestThreads=16
CurrentDirectory: C:\Windows\system32\
User: NT AUTHORITY\SYSTEM
LogonGuid: {2048537D-962F-643A-E703-000000000000}
LogonId: 0x3E7
TerminalSessionId: 2
IntegrityLevel: System
Hashes: SHA256=151189510070B06A3ECF5B6A8612CC45748676A579B9B4D877F5BE3EB1971082
ParentProcessGuid: {2048537D-AD4D-643C-F300-000000000B00}
ParentProcessId: 5008
ParentImage: C:\Windows\System32\smss.exe
ParentCommandLine: \SystemRoot\System32\smss.exe 000000e8 0000007c 
ParentUser: NT AUTHORITY\SYSTEM"
Information,4/17/2023 11:22:05 AM,Microsoft-Windows-Sysmon,1,Process Create (rule: ProcessCreate),"Process Create:
RuleName: -
UtcTime: 2023-04-17 02:22:05.831
ProcessGuid: {2048537D-AD4D-643C-F300-000000000B00}
ProcessId: 5008
Image: C:\Windows\System32\smss.exe
FileVersion: 10.0.14393.0 (rs1_release.160715-1616)
Description: Windows Session Manager
Product: Microsoft® Windows® Operating System
Company: Microsoft Corporation
OriginalFileName: smss.exe
CommandLine: \SystemRoot\System32\smss.exe 000000e8 0000007c 
CurrentDirectory: C:\Windows\
User: NT AUTHORITY\SYSTEM
LogonGuid: {2048537D-962F-643A-E703-000000000000}
LogonId: 0x3E7
TerminalSessionId: 2
IntegrityLevel: System
Hashes: SHA256=D1A9E386575D30187269FAF7B38D5F0057997BA568EA7945D9B225D9B0733F05
ParentProcessGuid: {00000000-0000-0000-0000-000000000000}
ParentProcessId: 264
ParentImage: -
ParentCommandLine: -
ParentUser: -"
Information,4/17/2023 11:19:33 AM,Microsoft-Windows-Sysmon,1,Process Create (rule: ProcessCreate),"Process Create:
RuleName: -
UtcTime: 2023-04-17 02:19:33.534
ProcessGuid: {2048537D-ACB5-643C-F200-000000000B00}
ProcessId: 5504
Image: C:\Windows\SystemApps\Microsoft.LockApp_cw5n1h2txyewy\LockApp.exe
FileVersion: -
Description: -
Product: -
Company: -
OriginalFileName: -
CommandLine: ""C:\Windows\SystemApps\Microsoft.LockApp_cw5n1h2txyewy\LockApp.exe"" -ServerName:WindowsDefaultLockScreen.AppX7y4nbzq37zn4ks9k7amqjywdat7d3j2z.mca
CurrentDirectory: C:\Windows\SystemApps\Microsoft.LockApp_cw5n1h2txyewy\
User: EXAMPLECOMPANY\admin
LogonGuid: {2048537D-A037-643C-5471-310000000000}
LogonId: 0x317154
TerminalSessionId: 1
IntegrityLevel: AppContainer
Hashes: SHA256=CB9F18E482C4F92E8CF6BCAE477B7BADB17878EB2C9A5F7397E92202636876EE
ParentProcessGuid: {00000000-0000-0000-0000-000000000000}
ParentProcessId: 732
ParentImage: -
ParentCommandLine: -
ParentUser: -"
Information,4/17/2023 11:19:33 AM,Microsoft-Windows-Sysmon,5,Process terminated (rule: ProcessTerminate),"Process terminated:
RuleName: -
UtcTime: 2023-04-17 02:19:33.489
ProcessGuid: {2048537D-ACB5-643C-F100-000000000B00}
ProcessId: 4536
Image: C:\Windows\System32\taskhostw.exe
User: EXAMPLECOMPANY\admin"
Information,4/17/2023 11:19:33 AM,Microsoft-Windows-Sysmon,1,Process Create (rule: ProcessCreate),"Process Create:
RuleName: -
UtcTime: 2023-04-17 02:19:33.484
ProcessGuid: {2048537D-ACB5-643C-F100-000000000B00}
ProcessId: 4536
Image: C:\Windows\System32\taskhostw.exe
FileVersion: 10.0.14393.0 (rs1_release.160715-1616)
Description: Host Process for Windows Tasks
Product: Microsoft® Windows® Operating System
Company: Microsoft Corporation
OriginalFileName: taskhostw.exe
CommandLine: taskhostw.exe KEYROAMING
CurrentDirectory: C:\Windows\system32\
User: EXAMPLECOMPANY\admin
LogonGuid: {2048537D-A037-643C-5471-310000000000}
LogonId: 0x317154
TerminalSessionId: 1
IntegrityLevel: Medium
Hashes: SHA256=A0A677D6C943AD1A7BC1879DFCCB400211DF68100F8EDD7BA6120067A18BEE0B
ParentProcessGuid: {00000000-0000-0000-0000-000000000000}
ParentProcessId: 1236
ParentImage: -
ParentCommandLine: -
ParentUser: -"
Information,4/17/2023 11:19:33 AM,Microsoft-Windows-Sysmon,1,Process Create (rule: ProcessCreate),"Process Create:
RuleName: -
UtcTime: 2023-04-17 02:19:33.484
ProcessGuid: {2048537D-ACB5-643C-F000-000000000B00}
ProcessId: 4500
Image: C:\Windows\System32\LockAppHost.exe
FileVersion: 10.0.14393.953 (rs1_release_inmarket.170303-1614)
Description: LockAppHost
Product: Microsoft® Windows® Operating System
Company: Microsoft Corporation
OriginalFileName: LockAppHost.exe
CommandLine: C:\Windows\System32\LockAppHost.exe -Embedding
CurrentDirectory: C:\Windows\system32\
User: EXAMPLECOMPANY\admin
LogonGuid: {2048537D-A037-643C-5471-310000000000}
LogonId: 0x317154
TerminalSessionId: 1
IntegrityLevel: Medium
Hashes: SHA256=7DCD690FF965F80DF86F325CA206573C50E7799CC72279594D2CF0D973E67201
ParentProcessGuid: {00000000-0000-0000-0000-000000000000}
ParentProcessId: 732
ParentImage: -
ParentCommandLine: -
ParentUser: -"
Information,4/17/2023 11:19:33 AM,Microsoft-Windows-Sysmon,1,Process Create (rule: ProcessCreate),"Process Create:
RuleName: -
UtcTime: 2023-04-17 02:19:33.459
ProcessGuid: {2048537D-ACB5-643C-EF00-000000000B00}
ProcessId: 6364
Image: C:\Windows\System32\LogonUI.exe
FileVersion: 10.0.14393.0 (rs1_release.160715-1616)
Description: Windows Logon User Interface Host
Product: Microsoft® Windows® Operating System
Company: Microsoft Corporation
OriginalFileName: logonui.exe
CommandLine: ""LogonUI.exe"" /flags:0x0 /state0:0xa39ed855 /state1:0x41c64e6d
CurrentDirectory: C:\Windows\system32\
User: NT AUTHORITY\SYSTEM
LogonGuid: {2048537D-962F-643A-E703-000000000000}
LogonId: 0x3E7
TerminalSessionId: 1
IntegrityLevel: System
Hashes: SHA256=AA62D29803D52EC06CD27ED3124E034048F09606EB7342181913C9817C7B44C5
ParentProcessGuid: {00000000-0000-0000-0000-000000000000}
ParentProcessId: 508
ParentImage: -
ParentCommandLine: -
ParentUser: -"
Information,4/17/2023 11:17:49 AM,Microsoft-Windows-Sysmon,5,Process terminated (rule: ProcessTerminate),"Process terminated:
RuleName: -
UtcTime: 2023-04-17 02:17:49.198
ProcessGuid: {2048537D-ABF3-643C-EC00-000000000B00}
ProcessId: 3700
Image: C:\Windows\System32\wbem\WmiPrvSE.exe
User: NT AUTHORITY\NETWORK SERVICE"
Information,4/17/2023 11:17:49 AM,Microsoft-Windows-Sysmon,5,Process terminated (rule: ProcessTerminate),"Process terminated:
RuleName: -
UtcTime: 2023-04-17 02:17:49.198
ProcessGuid: {2048537D-ABF3-643C-ED00-000000000B00}
ProcessId: 300
Image: C:\Windows\System32\wbem\WmiPrvSE.exe
User: NT AUTHORITY\LOCAL SERVICE"
Information,4/17/2023 11:17:49 AM,Microsoft-Windows-Sysmon,5,Process terminated (rule: ProcessTerminate),"Process terminated:
RuleName: -
UtcTime: 2023-04-17 02:17:49.198
ProcessGuid: {2048537D-ABF5-643C-EE00-000000000B00}
ProcessId: 5192
Image: C:\Windows\System32\wbem\WmiPrvSE.exe
User: NT AUTHORITY\SYSTEM"
Information,4/17/2023 11:16:21 AM,Microsoft-Windows-Sysmon,1,Process Create (rule: ProcessCreate),"Process Create:
RuleName: -
UtcTime: 2023-04-17 02:16:21.548
ProcessGuid: {2048537D-ABF5-643C-EE00-000000000B00}
ProcessId: 5192
Image: C:\Windows\System32\wbem\WmiPrvSE.exe
FileVersion: 10.0.14393.0 (rs1_release.160715-1616)
Description: WMI Provider Host
Product: Microsoft® Windows® Operating System
Company: Microsoft Corporation
OriginalFileName: Wmiprvse.exe
CommandLine: C:\Windows\system32\wbem\wmiprvse.exe -Embedding
CurrentDirectory: C:\Windows\system32\
User: NT AUTHORITY\SYSTEM
LogonGuid: {2048537D-962F-643A-E703-000000000000}
LogonId: 0x3E7
TerminalSessionId: 0
IntegrityLevel: System
Hashes: SHA256=B62ACACFCAF99A50149F9DCE06136D478723992A61014FC3DBAE81289FE219F9
ParentProcessGuid: {00000000-0000-0000-0000-000000000000}
ParentProcessId: 732
ParentImage: -
ParentCommandLine: -
ParentUser: -"
Information,4/17/2023 11:16:19 AM,Microsoft-Windows-Sysmon,1,Process Create (rule: ProcessCreate),"Process Create:
RuleName: -
UtcTime: 2023-04-17 02:16:19.177
ProcessGuid: {2048537D-ABF3-643C-ED00-000000000B00}
ProcessId: 300
Image: C:\Windows\System32\wbem\WmiPrvSE.exe
FileVersion: 10.0.14393.0 (rs1_release.160715-1616)
Description: WMI Provider Host
Product: Microsoft® Windows® Operating System
Company: Microsoft Corporation
OriginalFileName: Wmiprvse.exe
CommandLine: C:\Windows\system32\wbem\wmiprvse.exe -secured -Embedding
CurrentDirectory: C:\Windows\system32\
User: NT AUTHORITY\LOCAL SERVICE
LogonGuid: {2048537D-9630-643A-E503-000000000000}
LogonId: 0x3E5
TerminalSessionId: 0
IntegrityLevel: System
Hashes: SHA256=B62ACACFCAF99A50149F9DCE06136D478723992A61014FC3DBAE81289FE219F9
ParentProcessGuid: {00000000-0000-0000-0000-000000000000}
ParentProcessId: 732
ParentImage: -
ParentCommandLine: -
ParentUser: -"
Information,4/17/2023 11:16:19 AM,Microsoft-Windows-Sysmon,1,Process Create (rule: ProcessCreate),"Process Create:
RuleName: -
UtcTime: 2023-04-17 02:16:19.144
ProcessGuid: {2048537D-ABF3-643C-EC00-000000000B00}
ProcessId: 3700
Image: C:\Windows\System32\wbem\WmiPrvSE.exe
FileVersion: 10.0.14393.0 (rs1_release.160715-1616)
Description: WMI Provider Host
Product: Microsoft® Windows® Operating System
Company: Microsoft Corporation
OriginalFileName: Wmiprvse.exe
CommandLine: C:\Windows\system32\wbem\wmiprvse.exe -secured -Embedding
CurrentDirectory: C:\Windows\system32\
User: NT AUTHORITY\NETWORK SERVICE
LogonGuid: {2048537D-962F-643A-E403-000000000000}
LogonId: 0x3E4
TerminalSessionId: 0
IntegrityLevel: System
Hashes: SHA256=B62ACACFCAF99A50149F9DCE06136D478723992A61014FC3DBAE81289FE219F9
ParentProcessGuid: {00000000-0000-0000-0000-000000000000}
ParentProcessId: 732
ParentImage: -
ParentCommandLine: -
ParentUser: -"
Information,4/17/2023 11:13:45 AM,Microsoft-Windows-Sysmon,5,Process terminated (rule: ProcessTerminate),"Process terminated:
RuleName: -
UtcTime: 2023-04-17 02:13:45.913
ProcessGuid: {2048537D-AA2C-643C-E600-000000000B00}
ProcessId: 3232
Image: C:\Windows\System32\svchost.exe
User: NT AUTHORITY\SYSTEM"
Information,4/17/2023 11:09:35 AM,Microsoft-Windows-Sysmon,5,Process terminated (rule: ProcessTerminate),"Process terminated:
RuleName: -
UtcTime: 2023-04-17 02:09:35.276
ProcessGuid: {2048537D-AA2B-643C-E100-000000000B00}
ProcessId: 4844
Image: C:\Windows\ImmersiveControlPanel\SystemSettings.exe
User: EXAMPLECOMPANY\admin"
Information,4/17/2023 11:09:33 AM,Microsoft-Windows-Sysmon,5,Process terminated (rule: ProcessTerminate),"Process terminated:
RuleName: -
UtcTime: 2023-04-17 02:09:33.071
ProcessGuid: {2048537D-AA3C-643C-EB00-000000000B00}
ProcessId: 5964
Image: C:\Windows\System32\dllhost.exe
User: EXAMPLECOMPANY\admin"
Information,4/17/2023 11:09:17 AM,Microsoft-Windows-Sysmon,5,Process terminated (rule: ProcessTerminate),"Process terminated:
RuleName: -
UtcTime: 2023-04-17 02:09:17.341
ProcessGuid: {2048537D-AA2C-643C-E300-000000000B00}
ProcessId: 6712
Image: C:\Windows\System32\sppsvc.exe
User: NT AUTHORITY\NETWORK SERVICE"
Information,4/17/2023 11:09:17 AM,Microsoft-Windows-Sysmon,5,Process terminated (rule: ProcessTerminate),"Process terminated:
RuleName: -
UtcTime: 2023-04-17 02:09:17.325
ProcessGuid: {2048537D-AA2C-643C-E400-000000000B00}
ProcessId: 196
Image: C:\Windows\System32\SppExtComObj.Exe
User: NT AUTHORITY\NETWORK SERVICE"
Information,4/17/2023 11:09:05 AM,Microsoft-Windows-Sysmon,5,Process terminated (rule: ProcessTerminate),"Process terminated:
RuleName: -
UtcTime: 2023-04-17 02:09:05.683
ProcessGuid: {2048537D-AA3C-643C-EA00-000000000B00}
ProcessId: 6536
Image: C:\Windows\System32\dllhost.exe
User: NT AUTHORITY\SYSTEM"
Information,4/17/2023 11:09:00 AM,Microsoft-Windows-Sysmon,1,Process Create (rule: ProcessCreate),"Process Create:
RuleName: -
UtcTime: 2023-04-17 02:09:00.686
ProcessGuid: {2048537D-AA3C-643C-EB00-000000000B00}
ProcessId: 5964
Image: C:\Windows\System32\dllhost.exe
FileVersion: 10.0.14393.0 (rs1_release.160715-1616)
Description: COM Surrogate
Product: Microsoft® Windows® Operating System
Company: Microsoft Corporation
OriginalFileName: dllhost.exe
CommandLine: C:\Windows\system32\DllHost.exe /Processid:{7007ACD1-3202-11D1-AAD2-00805FC1270E}
CurrentDirectory: C:\Windows\system32\
User: EXAMPLECOMPANY\admin
LogonGuid: {2048537D-A037-643C-3771-310000000000}
LogonId: 0x317137
TerminalSessionId: 1
IntegrityLevel: High
Hashes: SHA256=EE8364C07B3F4F71FA649E0E6C4C73C15D285130E4B16E79890EEBBF89C2164E
ParentProcessGuid: {00000000-0000-0000-0000-000000000000}
ParentProcessId: 732
ParentImage: -
ParentCommandLine: -
ParentUser: -"
Information,4/17/2023 11:09:00 AM,Microsoft-Windows-Sysmon,1,Process Create (rule: ProcessCreate),"Process Create:
RuleName: -
UtcTime: 2023-04-17 02:09:00.676
ProcessGuid: {2048537D-AA3C-643C-EA00-000000000B00}
ProcessId: 6536
Image: C:\Windows\System32\dllhost.exe
FileVersion: 10.0.14393.0 (rs1_release.160715-1616)
Description: COM Surrogate
Product: Microsoft® Windows® Operating System
Company: Microsoft Corporation
OriginalFileName: dllhost.exe
CommandLine: C:\Windows\system32\DllHost.exe /Processid:{E10F6C3A-F1AE-4ADC-AA9D-2FE65525666E}
CurrentDirectory: C:\Windows\system32\
User: NT AUTHORITY\SYSTEM
LogonGuid: {2048537D-962F-643A-E703-000000000000}
LogonId: 0x3E7
TerminalSessionId: 0
IntegrityLevel: System
Hashes: SHA256=EE8364C07B3F4F71FA649E0E6C4C73C15D285130E4B16E79890EEBBF89C2164E
ParentProcessGuid: {00000000-0000-0000-0000-000000000000}
ParentProcessId: 732
ParentImage: -
ParentCommandLine: -
ParentUser: -"
Information,4/17/2023 11:09:00 AM,Microsoft-Windows-Sysmon,5,Process terminated (rule: ProcessTerminate),"Process terminated:
RuleName: -
UtcTime: 2023-04-17 02:09:00.657
ProcessGuid: {2048537D-AA3C-643C-E900-000000000B00}
ProcessId: 572
Image: C:\Windows\System32\consent.exe
User: NT AUTHORITY\SYSTEM"
Information,4/17/2023 11:09:00 AM,Microsoft-Windows-Sysmon,1,Process Create (rule: ProcessCreate),"Process Create:
RuleName: -
UtcTime: 2023-04-17 02:09:00.622
ProcessGuid: {2048537D-AA3C-643C-E900-000000000B00}
ProcessId: 572
Image: C:\Windows\System32\consent.exe
FileVersion: 10.0.14393.0 (rs1_release.160715-1616)
Description: Consent UI for administrative applications
Product: Microsoft® Windows® Operating System
Company: Microsoft Corporation
OriginalFileName: consent.exe
CommandLine: consent.exe 1236 340 000001ACBFF3E7C0
CurrentDirectory: C:\Windows\system32\
User: NT AUTHORITY\SYSTEM
LogonGuid: {2048537D-962F-643A-E703-000000000000}
LogonId: 0x3E7
TerminalSessionId: 1
IntegrityLevel: System
Hashes: SHA256=8B1522BA0FE25D268781C2DF68BAE2BA4991D5BD02F161E61DE1B9194AE54DFA
ParentProcessGuid: {00000000-0000-0000-0000-000000000000}
ParentProcessId: 1236
ParentImage: -
ParentCommandLine: -
ParentUser: -"
Information,4/17/2023 11:08:58 AM,Microsoft-Windows-Sysmon,5,Process terminated (rule: ProcessTerminate),"Process terminated:
RuleName: -
UtcTime: 2023-04-17 02:08:58.037
ProcessGuid: {2048537D-AA39-643C-E800-000000000B00}
ProcessId: 3808
Image: C:\Windows\System32\control.exe
User: EXAMPLECOMPANY\admin"
Information,4/17/2023 11:08:57 AM,Microsoft-Windows-Sysmon,1,Process Create (rule: ProcessCreate),"Process Create:
RuleName: -
UtcTime: 2023-04-17 02:08:57.893
ProcessGuid: {2048537D-AA39-643C-E800-000000000B00}
ProcessId: 3808
Image: C:\Windows\System32\control.exe
FileVersion: 10.0.14393.0 (rs1_release.160715-1616)
Description: Windows Control Panel
Product: Microsoft® Windows® Operating System
Company: Microsoft Corporation
OriginalFileName: CONTROL.EXE
CommandLine: ""C:\Windows\system32\control.exe"" netconnections
CurrentDirectory: C:\Windows\ImmersiveControlPanel\
User: EXAMPLECOMPANY\admin
LogonGuid: {2048537D-A037-643C-5471-310000000000}
LogonId: 0x317154
TerminalSessionId: 1
IntegrityLevel: Medium
Hashes: SHA256=CB089C50698BEE280244437BCAF56D3955402A582E5E928DBC8812A5D9C0EF4D
ParentProcessGuid: {2048537D-A037-643C-A700-000000000B00}
ParentProcessId: 1928
ParentImage: C:\Windows\explorer.exe
ParentCommandLine: C:\Windows\Explorer.EXE
ParentUser: EXAMPLECOMPANY\admin"
Information,4/17/2023 11:08:47 AM,Microsoft-Windows-Sysmon,5,Process terminated (rule: ProcessTerminate),"Process terminated:
RuleName: -
UtcTime: 2023-04-17 02:08:47.413
ProcessGuid: {2048537D-AA2D-643C-E700-000000000B00}
ProcessId: 5632
Image: C:\Windows\System32\slui.exe
User: EXAMPLECOMPANY\admin"
Information,4/17/2023 11:08:47 AM,Microsoft-Windows-Sysmon,5,Process terminated (rule: ProcessTerminate),"Process terminated:
RuleName: -
UtcTime: 2023-04-17 02:08:47.319
ProcessGuid: {2048537D-AA2C-643C-E500-000000000B00}
ProcessId: 5368
Image: C:\Windows\System32\slui.exe
User: NT AUTHORITY\NETWORK SERVICE"
Information,4/17/2023 11:08:45 AM,Microsoft-Windows-Sysmon,1,Process Create (rule: ProcessCreate),"Process Create:
RuleName: -
UtcTime: 2023-04-17 02:08:45.888
ProcessGuid: {2048537D-AA2D-643C-E700-000000000B00}
ProcessId: 5632
Image: C:\Windows\System32\slui.exe
FileVersion: 10.0.14393.0 (rs1_release.160715-1616)
Description: Windows Activation Client
Product: Microsoft® Windows® Operating System
Company: Microsoft Corporation
OriginalFileName: slui.exe
CommandLine: C:\Windows\System32\slui.exe -Embedding
CurrentDirectory: C:\Windows\system32\
User: EXAMPLECOMPANY\admin
LogonGuid: {2048537D-A037-643C-5471-310000000000}
LogonId: 0x317154
TerminalSessionId: 1
IntegrityLevel: Medium
Hashes: SHA256=E28263F4DA43E8598412BA0D13E4D2E6940DE6A02E40109BEFAA4E69FCE693C1
ParentProcessGuid: {00000000-0000-0000-0000-000000000000}
ParentProcessId: 732
ParentImage: -
ParentCommandLine: -
ParentUser: -"
Information,4/17/2023 11:08:44 AM,Microsoft-Windows-Sysmon,1,Process Create (rule: ProcessCreate),"Process Create:
RuleName: -
UtcTime: 2023-04-17 02:08:44.462
ProcessGuid: {2048537D-AA2C-643C-E600-000000000B00}
ProcessId: 3232
Image: C:\Windows\System32\svchost.exe
FileVersion: 10.0.14393.0 (rs1_release.160715-1616)
Description: Host Process for Windows Services
Product: Microsoft® Windows® Operating System
Company: Microsoft Corporation
OriginalFileName: svchost.exe
CommandLine: C:\Windows\System32\svchost.exe -k wsappx
CurrentDirectory: C:\Windows\system32\
User: NT AUTHORITY\SYSTEM
LogonGuid: {2048537D-962F-643A-E703-000000000000}
LogonId: 0x3E7
TerminalSessionId: 0
IntegrityLevel: System
Hashes: SHA256=438B6CCD84F4DD32D9684ED7D58FD7D1E5A75FE3F3D12AB6C788E6BB0FFAD5E7
ParentProcessGuid: {00000000-0000-0000-0000-000000000000}
ParentProcessId: 556
ParentImage: -
ParentCommandLine: -
ParentUser: -"
Information,4/17/2023 11:08:44 AM,Microsoft-Windows-Sysmon,1,Process Create (rule: ProcessCreate),"Process Create:
RuleName: -
UtcTime: 2023-04-17 02:08:44.391
ProcessGuid: {2048537D-AA2C-643C-E500-000000000B00}
ProcessId: 5368
Image: C:\Windows\System32\slui.exe
FileVersion: 10.0.14393.0 (rs1_release.160715-1616)
Description: Windows Activation Client
Product: Microsoft® Windows® Operating System
Company: Microsoft Corporation
OriginalFileName: slui.exe
CommandLine: ""C:\Windows\System32\SLUI.exe"" RuleId=31e71c49-8da7-4a2f-ad92-45d98a1c79ba;Action=AutoActivate;AppId=55c92734-d682-4d71-983e-d6ec3f16059f;SkuId=afd55ac6-d0b0-4812-9047-6c756d82bedf;NotificationInterval=1440;Trigger=NetworkAvailable
CurrentDirectory: C:\Windows\system32\
User: NT AUTHORITY\NETWORK SERVICE
LogonGuid: {2048537D-962F-643A-E403-000000000000}
LogonId: 0x3E4
TerminalSessionId: 0
IntegrityLevel: System
Hashes: SHA256=E28263F4DA43E8598412BA0D13E4D2E6940DE6A02E40109BEFAA4E69FCE693C1
ParentProcessGuid: {2048537D-AA2C-643C-E400-000000000B00}
ParentProcessId: 196
ParentImage: C:\Windows\System32\SppExtComObj.Exe
ParentCommandLine: C:\Windows\system32\SppExtComObj.exe -Embedding
ParentUser: NT AUTHORITY\NETWORK SERVICE"
Information,4/17/2023 11:08:44 AM,Microsoft-Windows-Sysmon,1,Process Create (rule: ProcessCreate),"Process Create:
RuleName: -
UtcTime: 2023-04-17 02:08:44.383
ProcessGuid: {2048537D-AA2C-643C-E400-000000000B00}
ProcessId: 196
Image: C:\Windows\System32\SppExtComObj.Exe
FileVersion: 10.0.14393.0 (rs1_release.160715-1616)
Description: KMS Connection Broker
Product: Microsoft® Windows® Operating System
Company: Microsoft Corporation
OriginalFileName: SppExtComObj.exe
CommandLine: C:\Windows\system32\SppExtComObj.exe -Embedding
CurrentDirectory: C:\Windows\system32\
User: NT AUTHORITY\NETWORK SERVICE
LogonGuid: {2048537D-962F-643A-E403-000000000000}
LogonId: 0x3E4
TerminalSessionId: 0
IntegrityLevel: System
Hashes: SHA256=41275D40DA00B875283F04CE27856A8D71E7B6EFBA05533296C3FCD2F8320F01
ParentProcessGuid: {00000000-0000-0000-0000-000000000000}
ParentProcessId: 732
ParentImage: -
ParentCommandLine: -
ParentUser: -"
Information,4/17/2023 11:08:44 AM,Microsoft-Windows-Sysmon,5,Process terminated (rule: ProcessTerminate),"Process terminated:
RuleName: -
UtcTime: 2023-04-17 02:08:44.381
ProcessGuid: {2048537D-AA2C-643C-E200-000000000B00}
ProcessId: 5428
Image: C:\Windows\System32\taskhostw.exe
User: NT AUTHORITY\NETWORK SERVICE"
