Information,4/15/2023 8:17:40 PM,Microsoft-Windows-Sysmon,1,Process Create (rule: ProcessCreate),"Process Create:
RuleName: -
UtcTime: 2023-04-15 11:17:40.399
ProcessGuid: {2048537D-87D4-643A-5300-000000000800}
ProcessId: 4364
Image: C:\Windows\System32\wbem\WmiPrvSE.exe
FileVersion: 10.0.14393.0 (rs1_release.160715-1616)
Description: WMI Provider Host
Product: Microsoft® Windows® Operating System
Company: Microsoft Corporation
OriginalFileName: Wmiprvse.exe
CommandLine: C:\Windows\system32\wbem\wmiprvse.exe -secured -Embedding
CurrentDirectory: C:\Windows\system32\
User: NT AUTHORITY\LOCAL SERVICE
LogonGuid: {2048537D-8778-643A-E503-000000000000}
LogonId: 0x3E5
TerminalSessionId: 0
IntegrityLevel: System
Hashes: SHA256=B62ACACFCAF99A50149F9DCE06136D478723992A61014FC3DBAE81289FE219F9
ParentProcessGuid: {00000000-0000-0000-0000-000000000000}
ParentProcessId: 732
ParentImage: -
ParentCommandLine: -
ParentUser: -"
Information,4/15/2023 8:17:38 PM,Microsoft-Windows-Sysmon,5,Process terminated (rule: ProcessTerminate),"Process terminated:
RuleName: -
UtcTime: 2023-04-15 11:17:38.968
ProcessGuid: {2048537D-87D0-643A-4100-000000000800}
ProcessId: 3860
Image: C:\Windows\System32\ServerManagerLauncher.exe
User: EXAMPLECOMPANY\admin"
Information,4/15/2023 8:17:38 PM,Microsoft-Windows-Sysmon,1,Process Create (rule: ProcessCreate),"Process Create:
RuleName: -
UtcTime: 2023-04-15 11:17:38.946
ProcessGuid: {2048537D-87D2-643A-5200-000000000800}
ProcessId: 4240
Image: C:\Windows\System32\ServerManager.exe
FileVersion: 10.0.14393.1737 (rs1_release_inmarket.170914-1249)
Description: Server Manager
Product: Microsoft® Windows® Operating System
Company: Microsoft Corporation
OriginalFileName: servermanager.dll
CommandLine: ""C:\Windows\system32\ServerManager.exe"" 
CurrentDirectory: C:\Windows\system32\
User: EXAMPLECOMPANY\admin
LogonGuid: {2048537D-87D0-643A-366A-030000000000}
LogonId: 0x36A36
TerminalSessionId: 1
IntegrityLevel: High
Hashes: SHA256=2F0618FFA4670D946A8D283266B64357B325EA867EDB7BC48970560A479674C5
ParentProcessGuid: {2048537D-87D0-643A-4100-000000000800}
ParentProcessId: 3860
ParentImage: C:\Windows\System32\ServerManagerLauncher.exe
ParentCommandLine: C:\Windows\system32\ServerManagerLauncher.exe
ParentUser: EXAMPLECOMPANY\admin"
Information,4/15/2023 8:17:38 PM,Microsoft-Windows-Sysmon,5,Process terminated (rule: ProcessTerminate),"Process terminated:
RuleName: -
UtcTime: 2023-04-15 11:17:38.936
ProcessGuid: {2048537D-87D2-643A-5000-000000000800}
ProcessId: 4152
Image: C:\Windows\System32\consent.exe
User: NT AUTHORITY\SYSTEM"
Information,4/15/2023 8:17:38 PM,Microsoft-Windows-Sysmon,1,Process Create (rule: ProcessCreate),"Process Create:
RuleName: -
UtcTime: 2023-04-15 11:17:38.929
ProcessGuid: {2048537D-87D2-643A-5100-000000000800}
ProcessId: 4196
Image: C:\Windows\System32\dllhost.exe
FileVersion: 10.0.14393.0 (rs1_release.160715-1616)
Description: COM Surrogate
Product: Microsoft® Windows® Operating System
Company: Microsoft Corporation
OriginalFileName: dllhost.exe
CommandLine: C:\Windows\system32\DllHost.exe /Processid:{E10F6C3A-F1AE-4ADC-AA9D-2FE65525666E}
CurrentDirectory: C:\Windows\system32\
User: NT AUTHORITY\SYSTEM
LogonGuid: {2048537D-8778-643A-E703-000000000000}
LogonId: 0x3E7
TerminalSessionId: 1
IntegrityLevel: System
Hashes: SHA256=EE8364C07B3F4F71FA649E0E6C4C73C15D285130E4B16E79890EEBBF89C2164E
ParentProcessGuid: {00000000-0000-0000-0000-000000000000}
ParentProcessId: 732
ParentImage: -
ParentCommandLine: -
ParentUser: -"
Information,4/15/2023 8:17:38 PM,Microsoft-Windows-Sysmon,1,Process Create (rule: ProcessCreate),"Process Create:
RuleName: -
UtcTime: 2023-04-15 11:17:38.899
ProcessGuid: {2048537D-87D2-643A-5000-000000000800}
ProcessId: 4152
Image: C:\Windows\System32\consent.exe
FileVersion: 10.0.14393.0 (rs1_release.160715-1616)
Description: Consent UI for administrative applications
Product: Microsoft® Windows® Operating System
Company: Microsoft Corporation
OriginalFileName: consent.exe
CommandLine: consent.exe 932 348 000002465EC0C4E0
CurrentDirectory: C:\Windows\system32\
User: NT AUTHORITY\SYSTEM
LogonGuid: {2048537D-8778-643A-E703-000000000000}
LogonId: 0x3E7
TerminalSessionId: 1
IntegrityLevel: System
Hashes: SHA256=8B1522BA0FE25D268781C2DF68BAE2BA4991D5BD02F161E61DE1B9194AE54DFA
ParentProcessGuid: {00000000-0000-0000-0000-000000000000}
ParentProcessId: 932
ParentImage: -
ParentCommandLine: -
ParentUser: -"
Information,4/15/2023 8:17:38 PM,Microsoft-Windows-Sysmon,5,Process terminated (rule: ProcessTerminate),"Process terminated:
RuleName: -
UtcTime: 2023-04-15 11:17:38.827
ProcessGuid: {2048537D-87D2-643A-4F00-000000000800}
ProcessId: 3620
Image: <unknown process>
User: EXAMPLECOMPANY\admin"
Information,4/15/2023 8:17:38 PM,Microsoft-Windows-Sysmon,1,Process Create (rule: ProcessCreate),"Process Create:
RuleName: -
UtcTime: 2023-04-15 11:17:38.840
ProcessGuid: {2048537D-87D2-643A-4F00-000000000800}
ProcessId: 3620
Image: C:\Windows\System32\ServerManager.exe
FileVersion: 10.0.14393.1737 (rs1_release_inmarket.170914-1249)
Description: Server Manager
Product: Microsoft® Windows® Operating System
Company: Microsoft Corporation
OriginalFileName: servermanager.dll
CommandLine: ""C:\Windows\system32\ServerManager.exe"" 
CurrentDirectory: C:\Windows\system32\
User: EXAMPLECOMPANY\admin
LogonGuid: {2048537D-87D0-643A-4A6A-030000000000}
LogonId: 0x36A4A
TerminalSessionId: 1
IntegrityLevel: Medium
Hashes: SHA256=2F0618FFA4670D946A8D283266B64357B325EA867EDB7BC48970560A479674C5
ParentProcessGuid: {2048537D-87D0-643A-4100-000000000800}
ParentProcessId: 3860
ParentImage: C:\Windows\System32\ServerManagerLauncher.exe
ParentCommandLine: C:\Windows\system32\ServerManagerLauncher.exe
ParentUser: EXAMPLECOMPANY\admin"
Information,4/15/2023 8:17:38 PM,Microsoft-Windows-Sysmon,1,Process Create (rule: ProcessCreate),"Process Create:
RuleName: -
UtcTime: 2023-04-15 11:17:38.631
ProcessGuid: {2048537D-87D2-643A-4E00-000000000800}
ProcessId: 2588
Image: C:\Windows\System32\conhost.exe
FileVersion: 10.0.14393.0 (rs1_release.160715-1616)
Description: Console Window Host
Product: Microsoft® Windows® Operating System
Company: Microsoft Corporation
OriginalFileName: CONHOST.EXE
CommandLine: \??\C:\Windows\system32\conhost.exe 0xffffffff -ForceV1
CurrentDirectory: C:\Windows
User: EXAMPLECOMPANY\admin
LogonGuid: {2048537D-87D0-643A-4A6A-030000000000}
LogonId: 0x36A4A
TerminalSessionId: 1
IntegrityLevel: Medium
Hashes: SHA256=046F7A1B4DE67562547ED9A180A72F481FC41E803DE49A96D7D7C731964D53A0
ParentProcessGuid: {2048537D-87D2-643A-4D00-000000000800}
ParentProcessId: 2616
ParentImage: C:\Windows\System32\shutdown.exe
ParentCommandLine: C:\Windows\system32\shutdown.exe -unexpected
ParentUser: EXAMPLECOMPANY\admin"
Information,4/15/2023 8:17:38 PM,Microsoft-Windows-Sysmon,1,Process Create (rule: ProcessCreate),"Process Create:
RuleName: -
UtcTime: 2023-04-15 11:17:38.628
ProcessGuid: {2048537D-87D2-643A-4D00-000000000800}
ProcessId: 2616
Image: C:\Windows\System32\shutdown.exe
FileVersion: 10.0.14393.0 (rs1_release.160715-1616)
Description: Windows Shutdown and Annotation Tool
Product: Microsoft® Windows® Operating System
Company: Microsoft Corporation
OriginalFileName: SHUTDOWN.EXE
CommandLine: C:\Windows\system32\shutdown.exe -unexpected
CurrentDirectory: C:\Windows\system32\
User: EXAMPLECOMPANY\admin
LogonGuid: {2048537D-87D0-643A-4A6A-030000000000}
LogonId: 0x36A4A
TerminalSessionId: 1
IntegrityLevel: Medium
Hashes: SHA256=F96073C3442EA0A99B4945394007602772DB36732D1511DC2068519526678F8A
ParentProcessGuid: {2048537D-87D0-643A-4300-000000000800}
ParentProcessId: 4080
ParentImage: C:\Windows\explorer.exe
ParentCommandLine: C:\Windows\Explorer.EXE
ParentUser: EXAMPLECOMPANY\admin"
Information,4/15/2023 8:17:38 PM,Microsoft-Windows-Sysmon,1,Process Create (rule: ProcessCreate),"Process Create:
RuleName: -
UtcTime: 2023-04-15 11:17:38.476
ProcessGuid: {2048537D-87D2-643A-4C00-000000000800}
ProcessId: 3444
Image: C:\Windows\System32\IME\SHARED\ImeBroker.exe
FileVersion: 10.0.14393.1480 (rs1_release.170706-2004)
Description: Microsoft IME
Product: Microsoft® Windows® Operating System
Company: Microsoft Corporation
OriginalFileName: ImeBroker.exe
CommandLine: C:\Windows\System32\IME\SHARED\imebroker.exe -Embedding
CurrentDirectory: C:\Windows\system32\
User: EXAMPLECOMPANY\admin
LogonGuid: {2048537D-87D0-643A-4A6A-030000000000}
LogonId: 0x36A4A
TerminalSessionId: 1
IntegrityLevel: Medium
Hashes: SHA256=70ABEEFE7986B98D41D954DD9FD35279F11228EEBCDEDDC5652718E702FAAE80
ParentProcessGuid: {00000000-0000-0000-0000-000000000000}
ParentProcessId: 732
ParentImage: -
ParentCommandLine: -
ParentUser: -"
Information,4/15/2023 8:17:38 PM,Microsoft-Windows-Sysmon,1,Process Create (rule: ProcessCreate),"Process Create:
RuleName: -
UtcTime: 2023-04-15 11:17:38.447
ProcessGuid: {2048537D-87D2-643A-4B00-000000000800}
ProcessId: 1140
Image: C:\Windows\SystemApps\Microsoft.Windows.Cortana_cw5n1h2txyewy\SearchUI.exe
FileVersion: 10.0.14393.953 (rs1_release_inmarket.170303-1614)
Description: Search and Cortana application
Product: Microsoft® Windows® Operating System
Company: Microsoft Corporation
OriginalFileName: SearchUI.exe
CommandLine: ""C:\Windows\SystemApps\Microsoft.Windows.Cortana_cw5n1h2txyewy\SearchUI.exe"" -ServerName:CortanaUI.AppXa50dqqa5gqv4a428c9y1jjw7m3btvepj.mca
CurrentDirectory: C:\Windows\SystemApps\Microsoft.Windows.Cortana_cw5n1h2txyewy\
User: EXAMPLECOMPANY\admin
LogonGuid: {2048537D-87D0-643A-4A6A-030000000000}
LogonId: 0x36A4A
TerminalSessionId: 1
IntegrityLevel: AppContainer
Hashes: SHA256=632C9EF4F26CE0C2AA415E1DC4C1515E0CD2A72422F3F81663BA612752EE6B72
ParentProcessGuid: {00000000-0000-0000-0000-000000000000}
ParentProcessId: 732
ParentImage: -
ParentCommandLine: -
ParentUser: -"
Information,4/15/2023 8:17:38 PM,Microsoft-Windows-Sysmon,1,Process Create (rule: ProcessCreate),"Process Create:
RuleName: -
UtcTime: 2023-04-15 11:17:38.370
ProcessGuid: {2048537D-87D2-643A-4A00-000000000800}
ProcessId: 796
Image: C:\Windows\SystemApps\ShellExperienceHost_cw5n1h2txyewy\ShellExperienceHost.exe
FileVersion: 10.0.14393.447 (rs1_release_inmarket.161102-0100)
Description: Windows Shell Experience Host
Product: Microsoft® Windows® Operating System
Company: Microsoft Corporation
OriginalFileName: ShellExperienceHost.exe
CommandLine: ""C:\Windows\SystemApps\ShellExperienceHost_cw5n1h2txyewy\ShellExperienceHost.exe"" -ServerName:App.AppXtk181tbxbce2qsex02s8tw7hfxa9xb3t.mca
CurrentDirectory: C:\Windows\SystemApps\ShellExperienceHost_cw5n1h2txyewy\
User: EXAMPLECOMPANY\admin
LogonGuid: {2048537D-87D0-643A-4A6A-030000000000}
LogonId: 0x36A4A
TerminalSessionId: 1
IntegrityLevel: AppContainer
Hashes: SHA256=AA4F4331E0DD65926D6C2EB585306B760F02C8F9DCC637020915EBAD8BC6E060
ParentProcessGuid: {00000000-0000-0000-0000-000000000000}
ParentProcessId: 732
ParentImage: -
ParentCommandLine: -
ParentUser: -"
Information,4/15/2023 8:17:37 PM,Microsoft-Windows-Sysmon,5,Process terminated (rule: ProcessTerminate),"Process terminated:
RuleName: -
UtcTime: 2023-04-15 11:17:37.124
ProcessGuid: {2048537D-87D1-643A-4900-000000000800}
ProcessId: 2092
Image: <unknown process>
User: EXAMPLECOMPANY\admin"
Information,4/15/2023 8:17:37 PM,Microsoft-Windows-Sysmon,1,Process Create (rule: ProcessCreate),"Process Create:
RuleName: -
UtcTime: 2023-04-15 11:17:37.125
ProcessGuid: {2048537D-87D1-643A-4900-000000000800}
ProcessId: 2092
Image: C:\Windows\System32\rundll32.exe
FileVersion: 10.0.14393.0 (rs1_release.160715-1616)
Description: Windows host process (Rundll32)
Product: Microsoft® Windows® Operating System
Company: Microsoft Corporation
OriginalFileName: RUNDLL32.EXE
CommandLine: ""C:\Windows\System32\rundll32.exe"" ""C:\Windows\System32\iesetup.dll"",IEHardenUser
CurrentDirectory: C:\Windows\system32\
User: EXAMPLECOMPANY\admin
LogonGuid: {2048537D-87D0-643A-4A6A-030000000000}
LogonId: 0x36A4A
TerminalSessionId: 1
IntegrityLevel: Medium
Hashes: SHA256=495BBA47FC43EE23054FCD419F2F00457162D1C04296900C6AEA551102A810F3
ParentProcessGuid: {2048537D-87D0-643A-4300-000000000800}
ParentProcessId: 4080
ParentImage: C:\Windows\explorer.exe
ParentCommandLine: C:\Windows\Explorer.EXE
ParentUser: EXAMPLECOMPANY\admin"
Information,4/15/2023 8:17:37 PM,Microsoft-Windows-Sysmon,5,Process terminated (rule: ProcessTerminate),"Process terminated:
RuleName: -
UtcTime: 2023-04-15 11:17:37.108
ProcessGuid: {2048537D-87D1-643A-4600-000000000800}
ProcessId: 2872
Image: C:\Windows\System32\rundll32.exe
User: EXAMPLECOMPANY\admin"
Information,4/15/2023 8:17:37 PM,Microsoft-Windows-Sysmon,1,Process Create (rule: ProcessCreate),"Process Create:
RuleName: -
UtcTime: 2023-04-15 11:17:37.101
ProcessGuid: {2048537D-87D1-643A-4800-000000000800}
ProcessId: 640
Image: C:\Windows\System32\slui.exe
FileVersion: 10.0.14393.0 (rs1_release.160715-1616)
Description: Windows Activation Client
Product: Microsoft® Windows® Operating System
Company: Microsoft Corporation
OriginalFileName: slui.exe
CommandLine: C:\Windows\System32\slui.exe -Embedding
CurrentDirectory: C:\Windows\system32\
User: EXAMPLECOMPANY\admin
LogonGuid: {2048537D-87D0-643A-4A6A-030000000000}
LogonId: 0x36A4A
TerminalSessionId: 1
IntegrityLevel: Medium
Hashes: SHA256=E28263F4DA43E8598412BA0D13E4D2E6940DE6A02E40109BEFAA4E69FCE693C1
ParentProcessGuid: {00000000-0000-0000-0000-000000000000}
ParentProcessId: 732
ParentImage: -
ParentCommandLine: -
ParentUser: -"
Information,4/15/2023 8:17:37 PM,Microsoft-Windows-Sysmon,1,Process Create (rule: ProcessCreate),"Process Create:
RuleName: -
UtcTime: 2023-04-15 11:17:37.086
ProcessGuid: {2048537D-87D1-643A-4700-000000000800}
ProcessId: 2964
Image: C:\Windows\System32\slui.exe
FileVersion: 10.0.14393.0 (rs1_release.160715-1616)
Description: Windows Activation Client
Product: Microsoft® Windows® Operating System
Company: Microsoft Corporation
OriginalFileName: slui.exe
CommandLine: ""C:\Windows\System32\SLUI.exe"" RuleId=31e71c49-8da7-4a2f-ad92-45d98a1c79ba;Action=AutoActivate;AppId=55c92734-d682-4d71-983e-d6ec3f16059f;SkuId=afd55ac6-d0b0-4812-9047-6c756d82bedf;NotificationInterval=1440;Trigger=UserLogon;SessionId=1
CurrentDirectory: C:\Windows\system32\
User: NT AUTHORITY\NETWORK SERVICE
LogonGuid: {2048537D-8778-643A-E403-000000000000}
LogonId: 0x3E4
TerminalSessionId: 0
IntegrityLevel: System
Hashes: SHA256=E28263F4DA43E8598412BA0D13E4D2E6940DE6A02E40109BEFAA4E69FCE693C1
ParentProcessGuid: {2048537D-87D1-643A-4500-000000000800}
ParentProcessId: 2832
ParentImage: C:\Windows\System32\SppExtComObj.Exe
ParentCommandLine: C:\Windows\system32\SppExtComObj.exe -Embedding
ParentUser: NT AUTHORITY\NETWORK SERVICE"
Information,4/15/2023 8:17:37 PM,Microsoft-Windows-Sysmon,5,Process terminated (rule: ProcessTerminate),"Process terminated:
RuleName: -
UtcTime: 2023-04-15 11:17:37.077
ProcessGuid: {2048537D-87D0-643A-4000-000000000800}
ProcessId: 3840
Image: C:\Windows\System32\taskhostw.exe
User: EXAMPLECOMPANY\admin"
Information,4/15/2023 8:17:37 PM,Microsoft-Windows-Sysmon,1,Process Create (rule: ProcessCreate),"Process Create:
RuleName: -
UtcTime: 2023-04-15 11:17:37.022
ProcessGuid: {2048537D-87D1-643A-4600-000000000800}
ProcessId: 2872
Image: C:\Windows\System32\rundll32.exe
FileVersion: 10.0.14393.0 (rs1_release.160715-1616)
Description: Windows host process (Rundll32)
Product: Microsoft® Windows® Operating System
Company: Microsoft Corporation
OriginalFileName: RUNDLL32.EXE
CommandLine: ""C:\Windows\System32\rundll32.exe"" ""C:\Windows\System32\iesetup.dll"",IEHardenAdmin
CurrentDirectory: C:\Windows\system32\
User: EXAMPLECOMPANY\admin
LogonGuid: {2048537D-87D0-643A-4A6A-030000000000}
LogonId: 0x36A4A
TerminalSessionId: 1
IntegrityLevel: Medium
Hashes: SHA256=495BBA47FC43EE23054FCD419F2F00457162D1C04296900C6AEA551102A810F3
ParentProcessGuid: {2048537D-87D0-643A-4300-000000000800}
ParentProcessId: 4080
ParentImage: C:\Windows\explorer.exe
ParentCommandLine: C:\Windows\Explorer.EXE
ParentUser: EXAMPLECOMPANY\admin"
Information,4/15/2023 8:17:37 PM,Microsoft-Windows-Sysmon,1,Process Create (rule: ProcessCreate),"Process Create:
RuleName: -
UtcTime: 2023-04-15 11:17:37.021
ProcessGuid: {2048537D-87D1-643A-4500-000000000800}
ProcessId: 2832
Image: C:\Windows\System32\SppExtComObj.Exe
FileVersion: 10.0.14393.0 (rs1_release.160715-1616)
Description: KMS Connection Broker
Product: Microsoft® Windows® Operating System
Company: Microsoft Corporation
OriginalFileName: SppExtComObj.exe
CommandLine: C:\Windows\system32\SppExtComObj.exe -Embedding
CurrentDirectory: C:\Windows\system32\
User: NT AUTHORITY\NETWORK SERVICE
LogonGuid: {2048537D-8778-643A-E403-000000000000}
LogonId: 0x3E4
TerminalSessionId: 0
IntegrityLevel: System
Hashes: SHA256=41275D40DA00B875283F04CE27856A8D71E7B6EFBA05533296C3FCD2F8320F01
ParentProcessGuid: {00000000-0000-0000-0000-000000000000}
ParentProcessId: 732
ParentImage: -
ParentCommandLine: -
ParentUser: -"
Information,4/15/2023 8:17:36 PM,Microsoft-Windows-Sysmon,1,Process Create (rule: ProcessCreate),"Process Create:
RuleName: -
UtcTime: 2023-04-15 11:17:36.962
ProcessGuid: {2048537D-87D0-643A-4400-000000000800}
ProcessId: 3100
Image: C:\Windows\System32\sppsvc.exe
FileVersion: 10.0.14393.351 (rs1_release_inmarket.161014-1755)
Description: Microsoft Software Protection Platform Service
Product: Microsoft® Windows® Operating System
Company: Microsoft Corporation
OriginalFileName: sppsvc.exe
CommandLine: C:\Windows\system32\sppsvc.exe
CurrentDirectory: C:\Windows
User: NT AUTHORITY\NETWORK SERVICE
LogonGuid: {2048537D-8778-643A-E403-000000000000}
LogonId: 0x3E4
TerminalSessionId: 0
IntegrityLevel: System
Hashes: SHA256=8ADF7A1C96DAE005E9A974D90BE8954F88D49B6848252B88513C49E0A3BD9774
ParentProcessGuid: {00000000-0000-0000-0000-000000000000}
ParentProcessId: 556
ParentImage: -
ParentCommandLine: -
ParentUser: -"
Information,4/15/2023 8:17:36 PM,Microsoft-Windows-Sysmon,1,Process Create (rule: ProcessCreate),"Process Create:
RuleName: -
UtcTime: 2023-04-15 11:17:36.934
ProcessGuid: {2048537D-87D0-643A-4300-000000000800}
ProcessId: 4080
Image: C:\Windows\explorer.exe
FileVersion: 10.0.14393.1532 (rs1_release_d.170711-1840)
Description: Windows Explorer
Product: Microsoft® Windows® Operating System
Company: Microsoft Corporation
OriginalFileName: EXPLORER.EXE
CommandLine: C:\Windows\Explorer.EXE
CurrentDirectory: C:\Windows\system32\
User: EXAMPLECOMPANY\admin
LogonGuid: {2048537D-87D0-643A-4A6A-030000000000}
LogonId: 0x36A4A
TerminalSessionId: 1
IntegrityLevel: Medium
Hashes: SHA256=0327B7630D585AD01F6EC2EB847622645B81DF94A1370B5E466DB9F09F933951
ParentProcessGuid: {2048537D-87D0-643A-4200-000000000800}
ParentProcessId: 4060
ParentImage: C:\Windows\System32\userinit.exe
ParentCommandLine: C:\Windows\system32\userinit.exe
ParentUser: EXAMPLECOMPANY\admin"
Information,4/15/2023 8:17:36 PM,Microsoft-Windows-Sysmon,1,Process Create (rule: ProcessCreate),"Process Create:
RuleName: -
UtcTime: 2023-04-15 11:17:36.924
ProcessGuid: {2048537D-87D0-643A-4200-000000000800}
ProcessId: 4060
Image: C:\Windows\System32\userinit.exe
FileVersion: 10.0.14393.0 (rs1_release.160715-1616)
Description: Userinit Logon Application
Product: Microsoft® Windows® Operating System
Company: Microsoft Corporation
OriginalFileName: USERINIT.EXE
CommandLine: C:\Windows\system32\userinit.exe
CurrentDirectory: C:\Windows\system32\
User: EXAMPLECOMPANY\admin
LogonGuid: {2048537D-87D0-643A-4A6A-030000000000}
LogonId: 0x36A4A
TerminalSessionId: 1
IntegrityLevel: Medium
Hashes: SHA256=CFC6A18FC8FE7447ECD491345A32F0F10208F114B70A0E9D1CD72F6070D5B36F
ParentProcessGuid: {00000000-0000-0000-0000-000000000000}
ParentProcessId: 504
ParentImage: -
ParentCommandLine: -
ParentUser: -"
Information,4/15/2023 8:17:36 PM,Microsoft-Windows-Sysmon,5,Process terminated (rule: ProcessTerminate),"Process terminated:
RuleName: -
UtcTime: 2023-04-15 11:17:36.843
ProcessGuid: {2048537D-8778-643A-0E00-000000000800}
ProcessId: 908
Image: C:\Windows\System32\LogonUI.exe
User: NT AUTHORITY\SYSTEM"
Information,4/15/2023 8:17:36 PM,Microsoft-Windows-Sysmon,1,Process Create (rule: ProcessCreate),"Process Create:
RuleName: -
UtcTime: 2023-04-15 11:17:36.841
ProcessGuid: {2048537D-87D0-643A-4100-000000000800}
ProcessId: 3860
Image: C:\Windows\System32\ServerManagerLauncher.exe
FileVersion: 10.0.14393.0 (rs1_release.160715-1616)
Description: Server Manager Launcher
Product: Microsoft® Windows® Operating System
Company: Microsoft Corporation
OriginalFileName: ServerManagerLauncher.exe
CommandLine: C:\Windows\system32\ServerManagerLauncher.exe
CurrentDirectory: C:\Windows\system32\
User: EXAMPLECOMPANY\admin
LogonGuid: {2048537D-87D0-643A-4A6A-030000000000}
LogonId: 0x36A4A
TerminalSessionId: 1
IntegrityLevel: Medium
Hashes: SHA256=72EE5BD75AB5617A2FF4535EA7A62DE178A89A883C29DB606789BE112E6EF38E
ParentProcessGuid: {00000000-0000-0000-0000-000000000000}
ParentProcessId: 932
ParentImage: -
ParentCommandLine: -
ParentUser: -"
Information,4/15/2023 8:17:36 PM,Microsoft-Windows-Sysmon,1,Process Create (rule: ProcessCreate),"Process Create:
RuleName: -
UtcTime: 2023-04-15 11:17:36.836
ProcessGuid: {2048537D-87D0-643A-4000-000000000800}
ProcessId: 3840
Image: C:\Windows\System32\taskhostw.exe
FileVersion: 10.0.14393.0 (rs1_release.160715-1616)
Description: Host Process for Windows Tasks
Product: Microsoft® Windows® Operating System
Company: Microsoft Corporation
OriginalFileName: taskhostw.exe
CommandLine: taskhostw.exe logon
CurrentDirectory: C:\Windows\system32\
User: EXAMPLECOMPANY\admin
LogonGuid: {2048537D-87D0-643A-4A6A-030000000000}
LogonId: 0x36A4A
TerminalSessionId: 1
IntegrityLevel: Medium
Hashes: SHA256=A0A677D6C943AD1A7BC1879DFCCB400211DF68100F8EDD7BA6120067A18BEE0B
ParentProcessGuid: {00000000-0000-0000-0000-000000000000}
ParentProcessId: 932
ParentImage: -
ParentCommandLine: -
ParentUser: -"
Information,4/15/2023 8:17:36 PM,Microsoft-Windows-Sysmon,1,Process Create (rule: ProcessCreate),"Process Create:
RuleName: -
UtcTime: 2023-04-15 11:17:36.834
ProcessGuid: {2048537D-87D0-643A-3F00-000000000800}
ProcessId: 3832
Image: C:\Windows\System32\taskhostw.exe
FileVersion: 10.0.14393.0 (rs1_release.160715-1616)
Description: Host Process for Windows Tasks
Product: Microsoft® Windows® Operating System
Company: Microsoft Corporation
OriginalFileName: taskhostw.exe
CommandLine: taskhostw.exe {222A245B-E637-4AE9-A93F-A59CA119A75E}
CurrentDirectory: C:\Windows\system32\
User: EXAMPLECOMPANY\admin
LogonGuid: {2048537D-87D0-643A-4A6A-030000000000}
LogonId: 0x36A4A
TerminalSessionId: 1
IntegrityLevel: Medium
Hashes: SHA256=A0A677D6C943AD1A7BC1879DFCCB400211DF68100F8EDD7BA6120067A18BEE0B
ParentProcessGuid: {00000000-0000-0000-0000-000000000000}
ParentProcessId: 932
ParentImage: -
ParentCommandLine: -
ParentUser: -"
Information,4/15/2023 8:17:36 PM,Microsoft-Windows-Sysmon,1,Process Create (rule: ProcessCreate),"Process Create:
RuleName: -
UtcTime: 2023-04-15 11:17:36.823
ProcessGuid: {2048537D-87D0-643A-3E00-000000000800}
ProcessId: 3796
Image: C:\Windows\System32\svchost.exe
FileVersion: 10.0.14393.0 (rs1_release.160715-1616)
Description: Host Process for Windows Services
Product: Microsoft® Windows® Operating System
Company: Microsoft Corporation
OriginalFileName: svchost.exe
CommandLine: C:\Windows\system32\svchost.exe -k UnistackSvcGroup
CurrentDirectory: C:\Windows\system32\
User: EXAMPLECOMPANY\admin
LogonGuid: {2048537D-87D0-643A-4A6A-030000000000}
LogonId: 0x36A4A
TerminalSessionId: 1
IntegrityLevel: Medium
Hashes: SHA256=438B6CCD84F4DD32D9684ED7D58FD7D1E5A75FE3F3D12AB6C788E6BB0FFAD5E7
ParentProcessGuid: {00000000-0000-0000-0000-000000000000}
ParentProcessId: 556
ParentImage: -
ParentCommandLine: -
ParentUser: -"
Information,4/15/2023 8:17:36 PM,Microsoft-Windows-Sysmon,1,Process Create (rule: ProcessCreate),"Process Create:
RuleName: -
UtcTime: 2023-04-15 11:17:36.820
ProcessGuid: {2048537D-87D0-643A-3D00-000000000800}
ProcessId: 3784
Image: C:\Windows\System32\sihost.exe
FileVersion: 10.0.14393.0 (rs1_release.160715-1616)
Description: Shell Infrastructure Host
Product: Microsoft® Windows® Operating System
Company: Microsoft Corporation
OriginalFileName: sihost.exe
CommandLine: sihost.exe
CurrentDirectory: C:\Windows\system32\
User: EXAMPLECOMPANY\admin
LogonGuid: {2048537D-87D0-643A-4A6A-030000000000}
LogonId: 0x36A4A
TerminalSessionId: 1
IntegrityLevel: Medium
Hashes: SHA256=32FABBC09CA776A819D40CF3E33A3FE44BF1DB72EA351845B20ED9FF528B64D4
ParentProcessGuid: {00000000-0000-0000-0000-000000000000}
ParentProcessId: 932
ParentImage: -
ParentCommandLine: -
ParentUser: -"
Information,4/15/2023 8:17:36 PM,Microsoft-Windows-Sysmon,1,Process Create (rule: ProcessCreate),"Process Create:
RuleName: -
UtcTime: 2023-04-15 11:17:36.775
ProcessGuid: {2048537D-87D0-643A-3C00-000000000800}
ProcessId: 3748
Image: C:\Windows\System32\RuntimeBroker.exe
FileVersion: 10.0.14393.0 (rs1_release.160715-1616)
Description: Runtime Broker
Product: Microsoft® Windows® Operating System
Company: Microsoft Corporation
OriginalFileName: RuntimeBroker.exe
CommandLine: C:\Windows\System32\RuntimeBroker.exe -Embedding
CurrentDirectory: C:\Windows\system32\
User: EXAMPLECOMPANY\admin
LogonGuid: {2048537D-87D0-643A-4A6A-030000000000}
LogonId: 0x36A4A
TerminalSessionId: 1
IntegrityLevel: Medium
Hashes: SHA256=20A7EB74EFD23933A5C0887D3D8CE66FEA009A6CD257508CB4B0EB70F8D27C57
ParentProcessGuid: {00000000-0000-0000-0000-000000000000}
ParentProcessId: 732
ParentImage: -
ParentCommandLine: -
ParentUser: -"
Information,4/15/2023 8:17:36 PM,Microsoft-Windows-Sysmon,1,Process Create (rule: ProcessCreate),"Process Create:
RuleName: -
UtcTime: 2023-04-15 11:17:36.628
ProcessGuid: {2048537D-87D0-643A-3B00-000000000800}
ProcessId: 3688
Image: C:\Windows\System32\dllhost.exe
FileVersion: 10.0.14393.0 (rs1_release.160715-1616)
Description: COM Surrogate
Product: Microsoft® Windows® Operating System
Company: Microsoft Corporation
OriginalFileName: dllhost.exe
CommandLine: C:\Windows\system32\DllHost.exe /Processid:{E10F6C3A-F1AE-4ADC-AA9D-2FE65525666E}
CurrentDirectory: C:\Windows\system32\
User: NT AUTHORITY\SYSTEM
LogonGuid: {2048537D-8778-643A-E703-000000000000}
LogonId: 0x3E7
TerminalSessionId: 0
IntegrityLevel: System
Hashes: SHA256=EE8364C07B3F4F71FA649E0E6C4C73C15D285130E4B16E79890EEBBF89C2164E
ParentProcessGuid: {00000000-0000-0000-0000-000000000000}
ParentProcessId: 732
ParentImage: -
ParentCommandLine: -
ParentUser: -"
Information,4/15/2023 8:17:10 PM,Microsoft-Windows-Sysmon,5,Process terminated (rule: ProcessTerminate),"Process terminated:
RuleName: -
UtcTime: 2023-04-15 11:17:10.023
ProcessGuid: {2048537D-87B5-643A-3A00-000000000800}
ProcessId: 3520
Image: C:\Windows\System32\taskhostw.exe
User: NT AUTHORITY\SYSTEM"
Information,4/15/2023 8:17:09 PM,Microsoft-Windows-Sysmon,1,Process Create (rule: ProcessCreate),"Process Create:
RuleName: -
UtcTime: 2023-04-15 11:17:09.863
ProcessGuid: {2048537D-87B5-643A-3A00-000000000800}
ProcessId: 3520
Image: C:\Windows\System32\taskhostw.exe
FileVersion: 10.0.14393.0 (rs1_release.160715-1616)
Description: Host Process for Windows Tasks
Product: Microsoft® Windows® Operating System
Company: Microsoft Corporation
OriginalFileName: taskhostw.exe
CommandLine: taskhostw.exe SYSTEM
CurrentDirectory: C:\Windows\system32\
User: NT AUTHORITY\SYSTEM
LogonGuid: {2048537D-8778-643A-E703-000000000000}
LogonId: 0x3E7
TerminalSessionId: 0
IntegrityLevel: System
Hashes: SHA256=A0A677D6C943AD1A7BC1879DFCCB400211DF68100F8EDD7BA6120067A18BEE0B
ParentProcessGuid: {2048537D-8778-643A-1000-000000000800}
ParentProcessId: 932
ParentImage: C:\Windows\System32\svchost.exe
ParentCommandLine: C:\Windows\system32\svchost.exe -k netsvcs
ParentUser: NT AUTHORITY\SYSTEM"
Information,4/15/2023 8:17:09 PM,Microsoft-Windows-Sysmon,5,Process terminated (rule: ProcessTerminate),"Process terminated:
RuleName: -
UtcTime: 2023-04-15 11:17:09.773
ProcessGuid: {2048537D-87B5-643A-3700-000000000800}
ProcessId: 3440
Image: C:\Windows\System32\conhost.exe
User: NT AUTHORITY\SYSTEM"
Information,4/15/2023 8:17:09 PM,Microsoft-Windows-Sysmon,5,Process terminated (rule: ProcessTerminate),"Process terminated:
RuleName: -
UtcTime: 2023-04-15 11:17:09.773
ProcessGuid: {2048537D-87B5-643A-3600-000000000800}
ProcessId: 3432
Image: C:\Windows\System32\cmd.exe
User: NT AUTHORITY\SYSTEM"
Information,4/15/2023 8:17:09 PM,Microsoft-Windows-Sysmon,5,Process terminated (rule: ProcessTerminate),"Process terminated:
RuleName: -
UtcTime: 2023-04-15 11:17:09.773
ProcessGuid: {2048537D-87B5-643A-3800-000000000800}
ProcessId: 3476
Image: <unknown process>
User: NT AUTHORITY\SYSTEM"
Information,4/15/2023 8:17:09 PM,Microsoft-Windows-Sysmon,5,Process terminated (rule: ProcessTerminate),"Process terminated:
RuleName: -
UtcTime: 2023-04-15 11:17:09.773
ProcessGuid: {2048537D-87B5-643A-3900-000000000800}
ProcessId: 3488
Image: <unknown process>
User: NT AUTHORITY\SYSTEM"
Information,4/15/2023 8:17:09 PM,Microsoft-Windows-Sysmon,1,Process Create (rule: ProcessCreate),"Process Create:
RuleName: -
UtcTime: 2023-04-15 11:17:09.783
ProcessGuid: {2048537D-87B5-643A-3900-000000000800}
ProcessId: 3488
Image: C:\Windows\System32\reg.exe
FileVersion: 10.0.14393.0 (rs1_release.160715-1616)
Description: Registry Console Tool
Product: Microsoft® Windows® Operating System
Company: Microsoft Corporation
OriginalFileName: reg.exe
CommandLine: C:\Windows\system32\reg.exe  query hklm\software\microsoft\windows\softwareinventorylogging /v collectionstate /reg:64
CurrentDirectory: C:\Windows\system32\
User: NT AUTHORITY\SYSTEM
LogonGuid: {2048537D-8778-643A-E703-000000000000}
LogonId: 0x3E7
TerminalSessionId: 0
IntegrityLevel: System
Hashes: SHA256=9E28034CE3AEEA6951F790F8997DF44CFBF80BEFF9FB17413DBA317016A716AD
ParentProcessGuid: {2048537D-87B5-643A-3800-000000000800}
ParentProcessId: 3476
ParentImage: C:\Windows\System32\cmd.exe
ParentCommandLine: C:\Windows\system32\cmd.exe /c C:\Windows\system32\reg.exe query hklm\software\microsoft\windows\softwareinventorylogging /v collectionstate /reg:64
ParentUser: NT AUTHORITY\SYSTEM"
Information,4/15/2023 8:17:09 PM,Microsoft-Windows-Sysmon,1,Process Create (rule: ProcessCreate),"Process Create:
RuleName: -
UtcTime: 2023-04-15 11:17:09.780
ProcessGuid: {2048537D-87B5-643A-3800-000000000800}
ProcessId: 3476
Image: C:\Windows\System32\cmd.exe
FileVersion: 10.0.14393.0 (rs1_release.160715-1616)
Description: Windows Command Processor
Product: Microsoft® Windows® Operating System
Company: Microsoft Corporation
OriginalFileName: Cmd.Exe
CommandLine: C:\Windows\system32\cmd.exe /c C:\Windows\system32\reg.exe query hklm\software\microsoft\windows\softwareinventorylogging /v collectionstate /reg:64
CurrentDirectory: C:\Windows\system32\
User: NT AUTHORITY\SYSTEM
LogonGuid: {2048537D-8778-643A-E703-000000000000}
LogonId: 0x3E7
TerminalSessionId: 0
IntegrityLevel: System
Hashes: SHA256=935C1861DF1F4018D698E8B65ABFA02D7E9037D8F68CA3C2065B6CA165D44AD2
ParentProcessGuid: {2048537D-87B5-643A-3600-000000000800}
ParentProcessId: 3432
ParentImage: C:\Windows\System32\cmd.exe
ParentCommandLine: C:\Windows\system32\cmd.exe /d /c C:\Windows\system32\silcollector.cmd configure
ParentUser: NT AUTHORITY\SYSTEM"
Information,4/15/2023 8:17:09 PM,Microsoft-Windows-Sysmon,1,Process Create (rule: ProcessCreate),"Process Create:
RuleName: -
UtcTime: 2023-04-15 11:17:09.687
ProcessGuid: {2048537D-87B5-643A-3700-000000000800}
ProcessId: 3440
Image: C:\Windows\System32\conhost.exe
FileVersion: 10.0.14393.0 (rs1_release.160715-1616)
Description: Console Window Host
Product: Microsoft® Windows® Operating System
Company: Microsoft Corporation
OriginalFileName: CONHOST.EXE
CommandLine: \??\C:\Windows\system32\conhost.exe 0xffffffff -ForceV1
CurrentDirectory: C:\Windows
User: NT AUTHORITY\SYSTEM
LogonGuid: {2048537D-8778-643A-E703-000000000000}
LogonId: 0x3E7
TerminalSessionId: 0
IntegrityLevel: System
Hashes: SHA256=046F7A1B4DE67562547ED9A180A72F481FC41E803DE49A96D7D7C731964D53A0
ParentProcessGuid: {2048537D-87B5-643A-3600-000000000800}
ParentProcessId: 3432
ParentImage: C:\Windows\System32\cmd.exe
ParentCommandLine: C:\Windows\system32\cmd.exe /d /c C:\Windows\system32\silcollector.cmd configure
ParentUser: NT AUTHORITY\SYSTEM"
Information,4/15/2023 8:17:09 PM,Microsoft-Windows-Sysmon,1,Process Create (rule: ProcessCreate),"Process Create:
RuleName: -
UtcTime: 2023-04-15 11:17:09.682
ProcessGuid: {2048537D-87B5-643A-3600-000000000800}
ProcessId: 3432
Image: C:\Windows\System32\cmd.exe
FileVersion: 10.0.14393.0 (rs1_release.160715-1616)
Description: Windows Command Processor
Product: Microsoft® Windows® Operating System
Company: Microsoft Corporation
OriginalFileName: Cmd.Exe
CommandLine: C:\Windows\system32\cmd.exe /d /c C:\Windows\system32\silcollector.cmd configure
CurrentDirectory: C:\Windows\system32\
User: NT AUTHORITY\SYSTEM
LogonGuid: {2048537D-8778-643A-E703-000000000000}
LogonId: 0x3E7
TerminalSessionId: 0
IntegrityLevel: System
Hashes: SHA256=935C1861DF1F4018D698E8B65ABFA02D7E9037D8F68CA3C2065B6CA165D44AD2
ParentProcessGuid: {2048537D-8778-643A-1000-000000000800}
ParentProcessId: 932
ParentImage: C:\Windows\System32\svchost.exe
ParentCommandLine: C:\Windows\system32\svchost.exe -k netsvcs
ParentUser: NT AUTHORITY\SYSTEM"
Information,4/15/2023 8:16:42 PM,Microsoft-Windows-Sysmon,5,Process terminated (rule: ProcessTerminate),"Process terminated:
RuleName: -
UtcTime: 2023-04-15 11:16:42.367
ProcessGuid: {2048537D-877B-643A-1C00-000000000800}
ProcessId: 1528
Image: C:\Windows\System32\sppsvc.exe
User: NT AUTHORITY\NETWORK SERVICE"
Information,4/15/2023 8:16:42 PM,Microsoft-Windows-Sysmon,5,Process terminated (rule: ProcessTerminate),"Process terminated:
RuleName: -
UtcTime: 2023-04-15 11:16:42.367
ProcessGuid: {2048537D-877B-643A-1D00-000000000800}
ProcessId: 2020
Image: C:\Windows\System32\SppExtComObj.Exe
User: NT AUTHORITY\NETWORK SERVICE"
Information,4/15/2023 8:16:32 PM,Microsoft-Windows-Sysmon,5,Process terminated (rule: ProcessTerminate),"Process terminated:
RuleName: -
UtcTime: 2023-04-15 11:16:32.367
ProcessGuid: {2048537D-8789-643A-2D00-000000000800}
ProcessId: 2996
Image: C:\Windows\System32\vdsldr.exe
User: NT AUTHORITY\SYSTEM"
Information,4/15/2023 8:16:27 PM,Microsoft-Windows-Sysmon,1,Process Create (rule: ProcessCreate),"Process Create:
RuleName: -
UtcTime: 2023-04-15 11:16:27.235
ProcessGuid: {2048537D-878B-643A-3500-000000000800}
ProcessId: 3220
Image: C:\Windows\System32\wbem\WmiPrvSE.exe
FileVersion: 10.0.14393.0 (rs1_release.160715-1616)
Description: WMI Provider Host
Product: Microsoft® Windows® Operating System
Company: Microsoft Corporation
OriginalFileName: Wmiprvse.exe
CommandLine: C:\Windows\system32\wbem\wmiprvse.exe -secured -Embedding
CurrentDirectory: C:\Windows\system32\
User: NT AUTHORITY\NETWORK SERVICE
LogonGuid: {2048537D-8778-643A-E403-000000000000}
LogonId: 0x3E4
TerminalSessionId: 0
IntegrityLevel: System
Hashes: SHA256=B62ACACFCAF99A50149F9DCE06136D478723992A61014FC3DBAE81289FE219F9
ParentProcessGuid: {2048537D-8778-643A-0C00-000000000800}
ParentProcessId: 732
ParentImage: C:\Windows\System32\svchost.exe
ParentCommandLine: C:\Windows\system32\svchost.exe -k DcomLaunch
ParentUser: NT AUTHORITY\SYSTEM"
Information,4/15/2023 8:16:27 PM,Microsoft-Windows-Sysmon,1,Process Create (rule: ProcessCreate),"Process Create:
RuleName: -
UtcTime: 2023-04-15 11:16:27.213
ProcessGuid: {2048537D-878B-643A-3400-000000000800}
ProcessId: 3152
Image: C:\Windows\System32\conhost.exe
FileVersion: 10.0.14393.0 (rs1_release.160715-1616)
Description: Console Window Host
Product: Microsoft® Windows® Operating System
Company: Microsoft Corporation
OriginalFileName: CONHOST.EXE
CommandLine: \??\C:\Windows\system32\conhost.exe 0xffffffff -ForceV1
CurrentDirectory: C:\Windows
User: NT AUTHORITY\SYSTEM
LogonGuid: {2048537D-8778-643A-E703-000000000000}
LogonId: 0x3E7
TerminalSessionId: 0
IntegrityLevel: System
Hashes: SHA256=046F7A1B4DE67562547ED9A180A72F481FC41E803DE49A96D7D7C731964D53A0
ParentProcessGuid: {2048537D-878B-643A-3300-000000000800}
ParentProcessId: 3140
ParentImage: C:\Program Files\Windows Defender\MpCmdRun.exe
ParentCommandLine: ""C:\Program Files\Windows Defender\\MpCmdRun.exe"" SignaturesUpdateService -ScheduleJob -UnmanagedUpdate
ParentUser: NT AUTHORITY\SYSTEM"
Information,4/15/2023 8:16:27 PM,Microsoft-Windows-Sysmon,1,Process Create (rule: ProcessCreate),"Process Create:
RuleName: -
UtcTime: 2023-04-15 11:16:27.212
ProcessGuid: {2048537D-878B-643A-3300-000000000800}
ProcessId: 3140
Image: C:\Program Files\Windows Defender\MpCmdRun.exe
FileVersion: 4.10.14393.1794 (rs1_release.171008-1615)
Description: Microsoft Malware Protection Command Line Utility
Product: Microsoft® Windows® Operating System
Company: Microsoft Corporation
OriginalFileName: MpCmdRun.exe
CommandLine: ""C:\Program Files\Windows Defender\\MpCmdRun.exe"" SignaturesUpdateService -ScheduleJob -UnmanagedUpdate
CurrentDirectory: C:\Windows\system32\
User: NT AUTHORITY\SYSTEM
LogonGuid: {2048537D-8778-643A-E703-000000000000}
LogonId: 0x3E7
TerminalSessionId: 0
IntegrityLevel: System
Hashes: SHA256=8B00E302B4B162C9462B6E5BEB07AE33D817CBE41287CFDA2546BC4E8494D49C
ParentProcessGuid: {2048537D-8788-643A-2500-000000000800}
ParentProcessId: 2388
ParentImage: C:\Program Files\Windows Defender\MsMpEng.exe
ParentCommandLine: ""C:\Program Files\Windows Defender\MsMpEng.exe""
ParentUser: NT AUTHORITY\SYSTEM"
Information,4/15/2023 8:16:27 PM,Microsoft-Windows-Sysmon,5,Process terminated (rule: ProcessTerminate),"Process terminated:
RuleName: -
UtcTime: 2023-04-15 11:16:27.195
ProcessGuid: {2048537D-878B-643A-3100-000000000800}
ProcessId: 2260
Image: C:\Windows\System32\conhost.exe
User: NT AUTHORITY\SYSTEM"
Information,4/15/2023 8:16:27 PM,Microsoft-Windows-Sysmon,5,Process terminated (rule: ProcessTerminate),"Process terminated:
RuleName: -
UtcTime: 2023-04-15 11:16:27.195
ProcessGuid: {2048537D-878B-643A-3000-000000000800}
ProcessId: 2268
Image: C:\Program Files\Windows Defender\MpCmdRun.exe
User: NT AUTHORITY\SYSTEM"
Information,4/15/2023 8:16:27 PM,Microsoft-Windows-Sysmon,1,Process Create (rule: ProcessCreate),"Process Create:
RuleName: -
UtcTime: 2023-04-15 11:16:27.204
ProcessGuid: {2048537D-878B-643A-3200-000000000800}
ProcessId: 3116
Image: C:\Program Files\Windows Defender\MpCmdRun.exe
FileVersion: 4.10.14393.1794 (rs1_release.171008-1615)
Description: Microsoft Malware Protection Command Line Utility
Product: Microsoft® Windows® Operating System
Company: Microsoft Corporation
OriginalFileName: MpCmdRun.exe
CommandLine: ""C:\Program Files\Windows Defender\\MpCmdRun.exe"" SignatureUpdate -ScheduleJob -RestrictPrivileges -Reinvoke
CurrentDirectory: C:\Windows\system32\
User: NT AUTHORITY\NETWORK SERVICE
LogonGuid: {2048537D-8778-643A-E403-000000000000}
LogonId: 0x3E4
TerminalSessionId: 0
IntegrityLevel: System
Hashes: SHA256=8B00E302B4B162C9462B6E5BEB07AE33D817CBE41287CFDA2546BC4E8494D49C
ParentProcessGuid: {2048537D-878B-643A-3000-000000000800}
ParentProcessId: 2268
ParentImage: C:\Program Files\Windows Defender\MpCmdRun.exe
ParentCommandLine: ""C:\Program Files\Windows Defender\\MpCmdRun.exe"" SignatureUpdate -ScheduleJob -RestrictPrivileges
ParentUser: NT AUTHORITY\SYSTEM"
Information,4/15/2023 8:16:27 PM,Microsoft-Windows-Sysmon,1,Process Create (rule: ProcessCreate),"Process Create:
RuleName: -
UtcTime: 2023-04-15 11:16:27.186
ProcessGuid: {2048537D-878B-643A-3100-000000000800}
ProcessId: 2260
Image: C:\Windows\System32\conhost.exe
FileVersion: 10.0.14393.0 (rs1_release.160715-1616)
Description: Console Window Host
Product: Microsoft® Windows® Operating System
Company: Microsoft Corporation
OriginalFileName: CONHOST.EXE
CommandLine: \??\C:\Windows\system32\conhost.exe 0xffffffff -ForceV1
CurrentDirectory: C:\Windows
User: NT AUTHORITY\SYSTEM
LogonGuid: {2048537D-8778-643A-E703-000000000000}
LogonId: 0x3E7
TerminalSessionId: 0
IntegrityLevel: System
Hashes: SHA256=046F7A1B4DE67562547ED9A180A72F481FC41E803DE49A96D7D7C731964D53A0
ParentProcessGuid: {2048537D-878B-643A-3000-000000000800}
ParentProcessId: 2268
ParentImage: C:\Program Files\Windows Defender\MpCmdRun.exe
ParentCommandLine: ""C:\Program Files\Windows Defender\\MpCmdRun.exe"" SignatureUpdate -ScheduleJob -RestrictPrivileges
ParentUser: NT AUTHORITY\SYSTEM"
Information,4/15/2023 8:16:27 PM,Microsoft-Windows-Sysmon,1,Process Create (rule: ProcessCreate),"Process Create:
RuleName: -
UtcTime: 2023-04-15 11:16:27.182
ProcessGuid: {2048537D-878B-643A-3000-000000000800}
ProcessId: 2268
Image: C:\Program Files\Windows Defender\MpCmdRun.exe
FileVersion: 4.10.14393.1794 (rs1_release.171008-1615)
Description: Microsoft Malware Protection Command Line Utility
Product: Microsoft® Windows® Operating System
Company: Microsoft Corporation
OriginalFileName: MpCmdRun.exe
CommandLine: ""C:\Program Files\Windows Defender\\MpCmdRun.exe"" SignatureUpdate -ScheduleJob -RestrictPrivileges
CurrentDirectory: C:\Windows\system32\
User: NT AUTHORITY\SYSTEM
LogonGuid: {2048537D-8778-643A-E703-000000000000}
LogonId: 0x3E7
TerminalSessionId: 0
IntegrityLevel: System
Hashes: SHA256=8B00E302B4B162C9462B6E5BEB07AE33D817CBE41287CFDA2546BC4E8494D49C
ParentProcessGuid: {2048537D-8788-643A-2500-000000000800}
ParentProcessId: 2388
ParentImage: C:\Program Files\Windows Defender\MsMpEng.exe
ParentCommandLine: ""C:\Program Files\Windows Defender\MsMpEng.exe""
ParentUser: NT AUTHORITY\SYSTEM"
Information,4/15/2023 8:16:26 PM,Microsoft-Windows-Sysmon,1,Process Create (rule: ProcessCreate),"Process Create:
RuleName: -
UtcTime: 2023-04-15 11:16:26.207
ProcessGuid: {2048537D-878A-643A-2F00-000000000800}
ProcessId: 2496
Image: C:\Windows\System32\wbem\WmiPrvSE.exe
FileVersion: 10.0.14393.0 (rs1_release.160715-1616)
Description: WMI Provider Host
Product: Microsoft® Windows® Operating System
Company: Microsoft Corporation
OriginalFileName: Wmiprvse.exe
CommandLine: C:\Windows\system32\wbem\wmiprvse.exe -Embedding
CurrentDirectory: C:\Windows\system32\
User: NT AUTHORITY\SYSTEM
LogonGuid: {2048537D-8778-643A-E703-000000000000}
LogonId: 0x3E7
TerminalSessionId: 0
IntegrityLevel: System
Hashes: SHA256=B62ACACFCAF99A50149F9DCE06136D478723992A61014FC3DBAE81289FE219F9
ParentProcessGuid: {2048537D-8778-643A-0C00-000000000800}
ParentProcessId: 732
ParentImage: C:\Windows\System32\svchost.exe
ParentCommandLine: C:\Windows\system32\svchost.exe -k DcomLaunch
ParentUser: NT AUTHORITY\SYSTEM"
Information,4/15/2023 8:16:25 PM,Microsoft-Windows-Sysmon,5,Process terminated (rule: ProcessTerminate),"Process terminated:
RuleName: -
UtcTime: 2023-04-15 11:16:25.507
ProcessGuid: {2048537D-8783-643A-2100-000000000800}
ProcessId: 2248
Image: C:\Windows\System32\taskhostw.exe
User: NT AUTHORITY\SYSTEM"
Information,4/15/2023 8:16:25 PM,Microsoft-Windows-Sysmon,1,Process Create (rule: ProcessCreate),"Process Create:
RuleName: -
UtcTime: 2023-04-15 11:16:25.123
ProcessGuid: {2048537D-8789-643A-2E00-000000000800}
ProcessId: 1468
Image: C:\Windows\System32\vds.exe
FileVersion: 10.0.14393.1198 (rs1_release_sec.170427-1353)
Description: Virtual Disk Service
Product: Microsoft® Windows® Operating System
Company: Microsoft Corporation
OriginalFileName: vds.exe
CommandLine: C:\Windows\System32\vds.exe
CurrentDirectory: C:\Windows\system32\
User: NT AUTHORITY\SYSTEM
LogonGuid: {2048537D-8778-643A-E703-000000000000}
LogonId: 0x3E7
TerminalSessionId: 0
IntegrityLevel: System
Hashes: SHA256=92C9381BDECB5C991F848A02AF2F4189CE0119961FB37E57A37594A80704DDC5
ParentProcessGuid: {2048537D-8778-643A-0A00-000000000800}
ParentProcessId: 556
ParentImage: C:\Windows\System32\services.exe
ParentCommandLine: C:\Windows\system32\services.exe
ParentUser: NT AUTHORITY\SYSTEM"
Information,4/15/2023 8:16:25 PM,Microsoft-Windows-Sysmon,1,Process Create (rule: ProcessCreate),"Process Create:
RuleName: -
UtcTime: 2023-04-15 11:16:25.102
ProcessGuid: {2048537D-8789-643A-2D00-000000000800}
ProcessId: 2996
Image: C:\Windows\System32\vdsldr.exe
FileVersion: 10.0.14393.0 (rs1_release.160715-1616)
Description: Virtual Disk Service Loader
Product: Microsoft® Windows® Operating System
Company: Microsoft Corporation
OriginalFileName: vdsldr.exe
CommandLine: C:\Windows\System32\vdsldr.exe -Embedding
CurrentDirectory: C:\Windows\system32\
User: NT AUTHORITY\SYSTEM
LogonGuid: {2048537D-8778-643A-E703-000000000000}
LogonId: 0x3E7
TerminalSessionId: 0
IntegrityLevel: System
Hashes: SHA256=43F0AF018DC498619222CF16E1C9BDE2F7710732686DC361E4D692B7EFB4DDF9
ParentProcessGuid: {2048537D-8778-643A-0C00-000000000800}
ParentProcessId: 732
ParentImage: C:\Windows\System32\svchost.exe
ParentCommandLine: C:\Windows\system32\svchost.exe -k DcomLaunch
ParentUser: NT AUTHORITY\SYSTEM"
Information,4/15/2023 8:16:25 PM,Microsoft-Windows-Sysmon,1,Process Create (rule: ProcessCreate),"Process Create:
RuleName: -
UtcTime: 2023-04-15 11:16:24.985
ProcessGuid: {2048537D-8788-643A-2C00-000000000800}
ProcessId: 2660
Image: C:\Windows\System32\wbem\unsecapp.exe
FileVersion: 10.0.14393.0 (rs1_release.160715-1616)
Description: Sink to receive asynchronous callbacks for WMI client application
Product: Microsoft® Windows® Operating System
Company: Microsoft Corporation
OriginalFileName: unsecapp.dll
CommandLine: C:\Windows\system32\wbem\unsecapp.exe -Embedding
CurrentDirectory: C:\Windows\system32\
User: NT AUTHORITY\SYSTEM
LogonGuid: {2048537D-8778-643A-E703-000000000000}
LogonId: 0x3E7
TerminalSessionId: 0
IntegrityLevel: System
Hashes: SHA256=1D61DD5E920F13D3280B8FFC40BB0C6164D29CAF2220BF526933177D050FC379
ParentProcessGuid: {2048537D-8778-643A-0C00-000000000800}
ParentProcessId: 732
ParentImage: C:\Windows\System32\svchost.exe
ParentCommandLine: C:\Windows\system32\svchost.exe -k DcomLaunch
ParentUser: NT AUTHORITY\SYSTEM"
Information,4/15/2023 8:16:25 PM,Microsoft-Windows-Sysmon,1,Process Create (rule: ProcessCreate),"Process Create:
RuleName: -
UtcTime: 2023-04-15 11:16:24.959
ProcessGuid: {2048537D-8788-643A-2B00-000000000800}
ProcessId: 2572
Image: C:\Windows\System32\dfssvc.exe
FileVersion: 10.0.14393.0 (rs1_release.160715-1616)
Description: Windows NT Distributed File System Service
Product: Microsoft® Windows® Operating System
Company: Microsoft Corporation
OriginalFileName: dfssvc.exe
CommandLine: C:\Windows\system32\dfssvc.exe
CurrentDirectory: C:\Windows\system32\
User: NT AUTHORITY\SYSTEM
LogonGuid: {2048537D-8778-643A-E703-000000000000}
LogonId: 0x3E7
TerminalSessionId: 0
IntegrityLevel: System
Hashes: SHA256=EC48F117C47F0E4BD5F7407629CE8CF78579764A7947CA05EDC089B59B941576
ParentProcessGuid: {2048537D-8778-643A-0A00-000000000800}
ParentProcessId: 556
ParentImage: C:\Windows\System32\services.exe
ParentCommandLine: C:\Windows\system32\services.exe
ParentUser: NT AUTHORITY\SYSTEM"
Information,4/15/2023 8:16:25 PM,Microsoft-Windows-Sysmon,1,Process Create (rule: ProcessCreate),"Process Create:
RuleName: -
UtcTime: 2023-04-15 11:16:24.951
ProcessGuid: {2048537D-8788-643A-2A00-000000000800}
ProcessId: 2556
Image: C:\Windows\System32\dfsrs.exe
FileVersion: 10.0.14393.1198 (rs1_release_sec.170427-1353)
Description: Distributed File System Replication
Product: Microsoft® Windows® Operating System
Company: Microsoft Corporation
OriginalFileName: dfsr.exe
CommandLine: C:\Windows\system32\DFSRs.exe
CurrentDirectory: C:\Windows\system32\
User: NT AUTHORITY\SYSTEM
LogonGuid: {2048537D-8778-643A-E703-000000000000}
LogonId: 0x3E7
TerminalSessionId: 0
IntegrityLevel: System
Hashes: SHA256=F24A231B9F15801FE9A472194D4573AD3CAC69293B42DA7B17697D3571F674C1
ParentProcessGuid: {2048537D-8778-643A-0A00-000000000800}
ParentProcessId: 556
ParentImage: C:\Windows\System32\services.exe
ParentCommandLine: C:\Windows\system32\services.exe
ParentUser: NT AUTHORITY\SYSTEM"
Information,4/15/2023 8:16:25 PM,Microsoft-Windows-Sysmon,1,Process Create (rule: ProcessCreate),"Process Create:
RuleName: -
UtcTime: 2023-04-15 11:16:24.951
ProcessGuid: {2048537D-8788-643A-2900-000000000800}
ProcessId: 2544
Image: C:\Windows\System32\dns.exe
FileVersion: 10.0.14393.1794 (rs1_release.171008-1615)
Description: Domain Name System (DNS) Server
Product: Microsoft® Windows® Operating System
Company: Microsoft Corporation
OriginalFileName: dns.exe
CommandLine: C:\Windows\system32\dns.exe
CurrentDirectory: C:\Windows\system32\
User: NT AUTHORITY\SYSTEM
LogonGuid: {2048537D-8778-643A-E703-000000000000}
LogonId: 0x3E7
TerminalSessionId: 0
IntegrityLevel: System
Hashes: SHA256=2EB04DC36306A98B151F38ECE97524397E08E6221E5DE1F6F712D6194580B4DA
ParentProcessGuid: {2048537D-8778-643A-0A00-000000000800}
ParentProcessId: 556
ParentImage: C:\Windows\System32\services.exe
ParentCommandLine: C:\Windows\system32\services.exe
ParentUser: NT AUTHORITY\SYSTEM"
Information,4/15/2023 8:16:25 PM,Microsoft-Windows-Sysmon,1,Process Create (rule: ProcessCreate),"Process Create:
RuleName: -
UtcTime: 2023-04-15 11:16:24.929
ProcessGuid: {2048537D-8788-643A-2600-000000000800}
ProcessId: 2424
Image: C:\Windows\Sysmon64.exe
FileVersion: 14.16
Description: System activity monitor
Product: Sysinternals Sysmon
Company: Sysinternals - www.sysinternals.com
OriginalFileName: -
CommandLine: C:\Windows\Sysmon64.exe
CurrentDirectory: C:\Windows\system32\
User: NT AUTHORITY\SYSTEM
LogonGuid: {2048537D-8778-643A-E703-000000000000}
LogonId: 0x3E7
TerminalSessionId: 0
IntegrityLevel: System
Hashes: SHA256=8D4FC2C9352DAD893D63CA30829B35C935E304C2FD0BE83E7DAEBBE59A558694
ParentProcessGuid: {2048537D-8778-643A-0A00-000000000800}
ParentProcessId: 556
ParentImage: C:\Windows\System32\services.exe
ParentCommandLine: C:\Windows\system32\services.exe
ParentUser: NT AUTHORITY\SYSTEM"
