Information,4/15/2023 8:56:57 PM,Microsoft-Windows-Sysmon,1,Process Create (rule: ProcessCreate),"Process Create:
RuleName: -
UtcTime: 2023-04-15 11:56:57.159
ProcessGuid: {2048537D-9109-643A-9A02-000000000A00}
ProcessId: 3984
Image: C:\Windows\Microsoft.NET\Framework\v4.0.30319\mscorsvw.exe
FileVersion: 4.6.1586.0 built by: NETFXREL2
Description: .NET Runtime Optimization Service
Product: Microsoft® .NET Framework
Company: Microsoft Corporation
OriginalFileName: mscorsvw.exe
CommandLine: C:\Windows\Microsoft.NET\Framework\v4.0.30319\mscorsvw.exe -StartupEvent 5d0 -InterruptEvent 0 -NGENProcess 5c0 -Pipe 568 -Comment ""NGen Worker Process""
CurrentDirectory: C:\Windows\system32\
User: NT AUTHORITY\SYSTEM
LogonGuid: {2048537D-8D03-643A-E703-000000000000}
LogonId: 0x3E7
TerminalSessionId: 0
IntegrityLevel: System
Hashes: SHA256=0B48C8BAF88A1672650007F29CB1FF48D6F5309C9AF7F9F78161BA8172877B4C
ParentProcessGuid: {2048537D-90FC-643A-CB00-000000000A00}
ParentProcessId: 3764
ParentImage: C:\Windows\Microsoft.NET\Framework\v4.0.30319\ngen.exe
ParentCommandLine: ""C:\Windows\Microsoft.NET\Framework\v4.0.30319\ngen.exe"" ExecuteQueuedItems /LegacyServiceBehavior
ParentUser: NT AUTHORITY\SYSTEM"
Information,4/15/2023 8:56:57 PM,Microsoft-Windows-Sysmon,5,Process terminated (rule: ProcessTerminate),"Process terminated:
RuleName: -
UtcTime: 2023-04-15 11:56:57.143
ProcessGuid: {2048537D-9109-643A-9902-000000000A00}
ProcessId: 1160
Image: C:\Windows\Microsoft.NET\Framework\v4.0.30319\mscorsvw.exe
User: NT AUTHORITY\SYSTEM"
Information,4/15/2023 8:56:57 PM,Microsoft-Windows-Sysmon,1,Process Create (rule: ProcessCreate),"Process Create:
RuleName: -
UtcTime: 2023-04-15 11:56:57.134
ProcessGuid: {2048537D-9109-643A-9902-000000000A00}
ProcessId: 1160
Image: C:\Windows\Microsoft.NET\Framework\v4.0.30319\mscorsvw.exe
FileVersion: 4.6.1586.0 built by: NETFXREL2
Description: .NET Runtime Optimization Service
Product: Microsoft® .NET Framework
Company: Microsoft Corporation
OriginalFileName: mscorsvw.exe
CommandLine: C:\Windows\Microsoft.NET\Framework\v4.0.30319\mscorsvw.exe -StartupEvent 5c8 -InterruptEvent 0 -NGENProcess 568 -Pipe 574 -Comment ""NGen Worker Process""
CurrentDirectory: C:\Windows\system32\
User: NT AUTHORITY\SYSTEM
LogonGuid: {2048537D-8D03-643A-E703-000000000000}
LogonId: 0x3E7
TerminalSessionId: 0
IntegrityLevel: System
Hashes: SHA256=0B48C8BAF88A1672650007F29CB1FF48D6F5309C9AF7F9F78161BA8172877B4C
ParentProcessGuid: {2048537D-90FC-643A-CB00-000000000A00}
ParentProcessId: 3764
ParentImage: C:\Windows\Microsoft.NET\Framework\v4.0.30319\ngen.exe
ParentCommandLine: ""C:\Windows\Microsoft.NET\Framework\v4.0.30319\ngen.exe"" ExecuteQueuedItems /LegacyServiceBehavior
ParentUser: NT AUTHORITY\SYSTEM"
Information,4/15/2023 8:56:57 PM,Microsoft-Windows-Sysmon,5,Process terminated (rule: ProcessTerminate),"Process terminated:
RuleName: -
UtcTime: 2023-04-15 11:56:57.127
ProcessGuid: {2048537D-9109-643A-9802-000000000A00}
ProcessId: 3040
Image: C:\Windows\Microsoft.NET\Framework\v4.0.30319\mscorsvw.exe
User: NT AUTHORITY\SYSTEM"
Information,4/15/2023 8:56:57 PM,Microsoft-Windows-Sysmon,1,Process Create (rule: ProcessCreate),"Process Create:
RuleName: -
UtcTime: 2023-04-15 11:56:57.113
ProcessGuid: {2048537D-9109-643A-9802-000000000A00}
ProcessId: 3040
Image: C:\Windows\Microsoft.NET\Framework\v4.0.30319\mscorsvw.exe
FileVersion: 4.6.1586.0 built by: NETFXREL2
Description: .NET Runtime Optimization Service
Product: Microsoft® .NET Framework
Company: Microsoft Corporation
OriginalFileName: mscorsvw.exe
CommandLine: C:\Windows\Microsoft.NET\Framework\v4.0.30319\mscorsvw.exe -StartupEvent 5c0 -InterruptEvent 0 -NGENProcess 574 -Pipe 580 -Comment ""NGen Worker Process""
CurrentDirectory: C:\Windows\system32\
User: NT AUTHORITY\SYSTEM
LogonGuid: {2048537D-8D03-643A-E703-000000000000}
LogonId: 0x3E7
TerminalSessionId: 0
IntegrityLevel: System
Hashes: SHA256=0B48C8BAF88A1672650007F29CB1FF48D6F5309C9AF7F9F78161BA8172877B4C
ParentProcessGuid: {2048537D-90FC-643A-CB00-000000000A00}
ParentProcessId: 3764
ParentImage: C:\Windows\Microsoft.NET\Framework\v4.0.30319\ngen.exe
ParentCommandLine: ""C:\Windows\Microsoft.NET\Framework\v4.0.30319\ngen.exe"" ExecuteQueuedItems /LegacyServiceBehavior
ParentUser: NT AUTHORITY\SYSTEM"
Information,4/15/2023 8:56:57 PM,Microsoft-Windows-Sysmon,5,Process terminated (rule: ProcessTerminate),"Process terminated:
RuleName: -
UtcTime: 2023-04-15 11:56:57.112
ProcessGuid: {2048537D-9109-643A-9702-000000000A00}
ProcessId: 572
Image: C:\Windows\Microsoft.NET\Framework\v4.0.30319\mscorsvw.exe
User: NT AUTHORITY\SYSTEM"
Information,4/15/2023 8:56:57 PM,Microsoft-Windows-Sysmon,1,Process Create (rule: ProcessCreate),"Process Create:
RuleName: -
UtcTime: 2023-04-15 11:56:57.092
ProcessGuid: {2048537D-9109-643A-9702-000000000A00}
ProcessId: 572
Image: C:\Windows\Microsoft.NET\Framework\v4.0.30319\mscorsvw.exe
FileVersion: 4.6.1586.0 built by: NETFXREL2
Description: .NET Runtime Optimization Service
Product: Microsoft® .NET Framework
Company: Microsoft Corporation
OriginalFileName: mscorsvw.exe
CommandLine: C:\Windows\Microsoft.NET\Framework\v4.0.30319\mscorsvw.exe -StartupEvent 568 -InterruptEvent 0 -NGENProcess 580 -Pipe 5a4 -Comment ""NGen Worker Process""
CurrentDirectory: C:\Windows\system32\
User: NT AUTHORITY\SYSTEM
LogonGuid: {2048537D-8D03-643A-E703-000000000000}
LogonId: 0x3E7
TerminalSessionId: 0
IntegrityLevel: System
Hashes: SHA256=0B48C8BAF88A1672650007F29CB1FF48D6F5309C9AF7F9F78161BA8172877B4C
ParentProcessGuid: {2048537D-90FC-643A-CB00-000000000A00}
ParentProcessId: 3764
ParentImage: C:\Windows\Microsoft.NET\Framework\v4.0.30319\ngen.exe
ParentCommandLine: ""C:\Windows\Microsoft.NET\Framework\v4.0.30319\ngen.exe"" ExecuteQueuedItems /LegacyServiceBehavior
ParentUser: NT AUTHORITY\SYSTEM"
Information,4/15/2023 8:56:57 PM,Microsoft-Windows-Sysmon,5,Process terminated (rule: ProcessTerminate),"Process terminated:
RuleName: -
UtcTime: 2023-04-15 11:56:57.081
ProcessGuid: {2048537D-9109-643A-9602-000000000A00}
ProcessId: 1172
Image: C:\Windows\Microsoft.NET\Framework\v4.0.30319\mscorsvw.exe
User: NT AUTHORITY\SYSTEM"
Information,4/15/2023 8:56:57 PM,Microsoft-Windows-Sysmon,1,Process Create (rule: ProcessCreate),"Process Create:
RuleName: -
UtcTime: 2023-04-15 11:56:57.060
ProcessGuid: {2048537D-9109-643A-9602-000000000A00}
ProcessId: 1172
Image: C:\Windows\Microsoft.NET\Framework\v4.0.30319\mscorsvw.exe
FileVersion: 4.6.1586.0 built by: NETFXREL2
Description: .NET Runtime Optimization Service
Product: Microsoft® .NET Framework
Company: Microsoft Corporation
OriginalFileName: mscorsvw.exe
CommandLine: C:\Windows\Microsoft.NET\Framework\v4.0.30319\mscorsvw.exe -StartupEvent 574 -InterruptEvent 0 -NGENProcess 5a4 -Pipe 56c -Comment ""NGen Worker Process""
CurrentDirectory: C:\Windows\system32\
User: NT AUTHORITY\SYSTEM
LogonGuid: {2048537D-8D03-643A-E703-000000000000}
LogonId: 0x3E7
TerminalSessionId: 0
IntegrityLevel: System
Hashes: SHA256=0B48C8BAF88A1672650007F29CB1FF48D6F5309C9AF7F9F78161BA8172877B4C
ParentProcessGuid: {2048537D-90FC-643A-CB00-000000000A00}
ParentProcessId: 3764
ParentImage: C:\Windows\Microsoft.NET\Framework\v4.0.30319\ngen.exe
ParentCommandLine: ""C:\Windows\Microsoft.NET\Framework\v4.0.30319\ngen.exe"" ExecuteQueuedItems /LegacyServiceBehavior
ParentUser: NT AUTHORITY\SYSTEM"
Information,4/15/2023 8:56:57 PM,Microsoft-Windows-Sysmon,5,Process terminated (rule: ProcessTerminate),"Process terminated:
RuleName: -
UtcTime: 2023-04-15 11:56:57.049
ProcessGuid: {2048537D-9109-643A-9502-000000000A00}
ProcessId: 1512
Image: C:\Windows\Microsoft.NET\Framework\v4.0.30319\mscorsvw.exe
User: NT AUTHORITY\SYSTEM"
Information,4/15/2023 8:56:57 PM,Microsoft-Windows-Sysmon,1,Process Create (rule: ProcessCreate),"Process Create:
RuleName: -
UtcTime: 2023-04-15 11:56:57.033
ProcessGuid: {2048537D-9109-643A-9502-000000000A00}
ProcessId: 1512
Image: C:\Windows\Microsoft.NET\Framework\v4.0.30319\mscorsvw.exe
FileVersion: 4.6.1586.0 built by: NETFXREL2
Description: .NET Runtime Optimization Service
Product: Microsoft® .NET Framework
Company: Microsoft Corporation
OriginalFileName: mscorsvw.exe
CommandLine: C:\Windows\Microsoft.NET\Framework\v4.0.30319\mscorsvw.exe -StartupEvent 580 -InterruptEvent 0 -NGENProcess 56c -Pipe 5b8 -Comment ""NGen Worker Process""
CurrentDirectory: C:\Windows\system32\
User: NT AUTHORITY\SYSTEM
LogonGuid: {2048537D-8D03-643A-E703-000000000000}
LogonId: 0x3E7
TerminalSessionId: 0
IntegrityLevel: System
Hashes: SHA256=0B48C8BAF88A1672650007F29CB1FF48D6F5309C9AF7F9F78161BA8172877B4C
ParentProcessGuid: {2048537D-90FC-643A-CB00-000000000A00}
ParentProcessId: 3764
ParentImage: C:\Windows\Microsoft.NET\Framework\v4.0.30319\ngen.exe
ParentCommandLine: ""C:\Windows\Microsoft.NET\Framework\v4.0.30319\ngen.exe"" ExecuteQueuedItems /LegacyServiceBehavior
ParentUser: NT AUTHORITY\SYSTEM"
Information,4/15/2023 8:56:57 PM,Microsoft-Windows-Sysmon,5,Process terminated (rule: ProcessTerminate),"Process terminated:
RuleName: -
UtcTime: 2023-04-15 11:56:57.018
ProcessGuid: {2048537D-9109-643A-9402-000000000A00}
ProcessId: 4348
Image: C:\Windows\Microsoft.NET\Framework\v4.0.30319\mscorsvw.exe
User: NT AUTHORITY\SYSTEM"
Information,4/15/2023 8:56:57 PM,Microsoft-Windows-Sysmon,1,Process Create (rule: ProcessCreate),"Process Create:
RuleName: -
UtcTime: 2023-04-15 11:56:57.006
ProcessGuid: {2048537D-9109-643A-9402-000000000A00}
ProcessId: 4348
Image: C:\Windows\Microsoft.NET\Framework\v4.0.30319\mscorsvw.exe
FileVersion: 4.6.1586.0 built by: NETFXREL2
Description: .NET Runtime Optimization Service
Product: Microsoft® .NET Framework
Company: Microsoft Corporation
OriginalFileName: mscorsvw.exe
CommandLine: C:\Windows\Microsoft.NET\Framework\v4.0.30319\mscorsvw.exe -StartupEvent 5b0 -InterruptEvent 0 -NGENProcess 5c0 -Pipe 594 -Comment ""NGen Worker Process""
CurrentDirectory: C:\Windows\system32\
User: NT AUTHORITY\SYSTEM
LogonGuid: {2048537D-8D03-643A-E703-000000000000}
LogonId: 0x3E7
TerminalSessionId: 0
IntegrityLevel: System
Hashes: SHA256=0B48C8BAF88A1672650007F29CB1FF48D6F5309C9AF7F9F78161BA8172877B4C
ParentProcessGuid: {2048537D-90FC-643A-CB00-000000000A00}
ParentProcessId: 3764
ParentImage: C:\Windows\Microsoft.NET\Framework\v4.0.30319\ngen.exe
ParentCommandLine: ""C:\Windows\Microsoft.NET\Framework\v4.0.30319\ngen.exe"" ExecuteQueuedItems /LegacyServiceBehavior
ParentUser: NT AUTHORITY\SYSTEM"
Information,4/15/2023 8:56:57 PM,Microsoft-Windows-Sysmon,5,Process terminated (rule: ProcessTerminate),"Process terminated:
RuleName: -
UtcTime: 2023-04-15 11:56:57.002
ProcessGuid: {2048537D-9108-643A-9302-000000000A00}
ProcessId: 2708
Image: C:\Windows\Microsoft.NET\Framework\v4.0.30319\mscorsvw.exe
User: NT AUTHORITY\SYSTEM"
Information,4/15/2023 8:56:56 PM,Microsoft-Windows-Sysmon,1,Process Create (rule: ProcessCreate),"Process Create:
RuleName: -
UtcTime: 2023-04-15 11:56:56.982
ProcessGuid: {2048537D-9108-643A-9302-000000000A00}
ProcessId: 2708
Image: C:\Windows\Microsoft.NET\Framework\v4.0.30319\mscorsvw.exe
FileVersion: 4.6.1586.0 built by: NETFXREL2
Description: .NET Runtime Optimization Service
Product: Microsoft® .NET Framework
Company: Microsoft Corporation
OriginalFileName: mscorsvw.exe
CommandLine: C:\Windows\Microsoft.NET\Framework\v4.0.30319\mscorsvw.exe -StartupEvent 5c4 -InterruptEvent 0 -NGENProcess 594 -Pipe 5a8 -Comment ""NGen Worker Process""
CurrentDirectory: C:\Windows\system32\
User: NT AUTHORITY\SYSTEM
LogonGuid: {2048537D-8D03-643A-E703-000000000000}
LogonId: 0x3E7
TerminalSessionId: 0
IntegrityLevel: System
Hashes: SHA256=0B48C8BAF88A1672650007F29CB1FF48D6F5309C9AF7F9F78161BA8172877B4C
ParentProcessGuid: {2048537D-90FC-643A-CB00-000000000A00}
ParentProcessId: 3764
ParentImage: C:\Windows\Microsoft.NET\Framework\v4.0.30319\ngen.exe
ParentCommandLine: ""C:\Windows\Microsoft.NET\Framework\v4.0.30319\ngen.exe"" ExecuteQueuedItems /LegacyServiceBehavior
ParentUser: NT AUTHORITY\SYSTEM"
Information,4/15/2023 8:56:56 PM,Microsoft-Windows-Sysmon,5,Process terminated (rule: ProcessTerminate),"Process terminated:
RuleName: -
UtcTime: 2023-04-15 11:56:56.971
ProcessGuid: {2048537D-9108-643A-9202-000000000A00}
ProcessId: 4540
Image: C:\Windows\Microsoft.NET\Framework\v4.0.30319\mscorsvw.exe
User: NT AUTHORITY\SYSTEM"
Information,4/15/2023 8:56:56 PM,Microsoft-Windows-Sysmon,1,Process Create (rule: ProcessCreate),"Process Create:
RuleName: -
UtcTime: 2023-04-15 11:56:56.960
ProcessGuid: {2048537D-9108-643A-9202-000000000A00}
ProcessId: 4540
Image: C:\Windows\Microsoft.NET\Framework\v4.0.30319\mscorsvw.exe
FileVersion: 4.6.1586.0 built by: NETFXREL2
Description: .NET Runtime Optimization Service
Product: Microsoft® .NET Framework
Company: Microsoft Corporation
OriginalFileName: mscorsvw.exe
CommandLine: C:\Windows\Microsoft.NET\Framework\v4.0.30319\mscorsvw.exe -StartupEvent 5c0 -InterruptEvent 0 -NGENProcess 5a8 -Pipe 5b4 -Comment ""NGen Worker Process""
CurrentDirectory: C:\Windows\system32\
User: NT AUTHORITY\SYSTEM
LogonGuid: {2048537D-8D03-643A-E703-000000000000}
LogonId: 0x3E7
TerminalSessionId: 0
IntegrityLevel: System
Hashes: SHA256=0B48C8BAF88A1672650007F29CB1FF48D6F5309C9AF7F9F78161BA8172877B4C
ParentProcessGuid: {2048537D-90FC-643A-CB00-000000000A00}
ParentProcessId: 3764
ParentImage: C:\Windows\Microsoft.NET\Framework\v4.0.30319\ngen.exe
ParentCommandLine: ""C:\Windows\Microsoft.NET\Framework\v4.0.30319\ngen.exe"" ExecuteQueuedItems /LegacyServiceBehavior
ParentUser: NT AUTHORITY\SYSTEM"
Information,4/15/2023 8:56:56 PM,Microsoft-Windows-Sysmon,5,Process terminated (rule: ProcessTerminate),"Process terminated:
RuleName: -
UtcTime: 2023-04-15 11:56:56.956
ProcessGuid: {2048537D-9108-643A-9102-000000000A00}
ProcessId: 2872
Image: C:\Windows\Microsoft.NET\Framework\v4.0.30319\mscorsvw.exe
User: NT AUTHORITY\SYSTEM"
Information,4/15/2023 8:56:56 PM,Microsoft-Windows-Sysmon,1,Process Create (rule: ProcessCreate),"Process Create:
RuleName: -
UtcTime: 2023-04-15 11:56:56.937
ProcessGuid: {2048537D-9108-643A-9102-000000000A00}
ProcessId: 2872
Image: C:\Windows\Microsoft.NET\Framework\v4.0.30319\mscorsvw.exe
FileVersion: 4.6.1586.0 built by: NETFXREL2
Description: .NET Runtime Optimization Service
Product: Microsoft® .NET Framework
Company: Microsoft Corporation
OriginalFileName: mscorsvw.exe
CommandLine: C:\Windows\Microsoft.NET\Framework\v4.0.30319\mscorsvw.exe -StartupEvent 5b8 -InterruptEvent 0 -NGENProcess 5ac -Pipe 538 -Comment ""NGen Worker Process""
CurrentDirectory: C:\Windows\system32\
User: NT AUTHORITY\SYSTEM
LogonGuid: {2048537D-8D03-643A-E703-000000000000}
LogonId: 0x3E7
TerminalSessionId: 0
IntegrityLevel: System
Hashes: SHA256=0B48C8BAF88A1672650007F29CB1FF48D6F5309C9AF7F9F78161BA8172877B4C
ParentProcessGuid: {2048537D-90FC-643A-CB00-000000000A00}
ParentProcessId: 3764
ParentImage: C:\Windows\Microsoft.NET\Framework\v4.0.30319\ngen.exe
ParentCommandLine: ""C:\Windows\Microsoft.NET\Framework\v4.0.30319\ngen.exe"" ExecuteQueuedItems /LegacyServiceBehavior
ParentUser: NT AUTHORITY\SYSTEM"
Information,4/15/2023 8:56:56 PM,Microsoft-Windows-Sysmon,5,Process terminated (rule: ProcessTerminate),"Process terminated:
RuleName: -
UtcTime: 2023-04-15 11:56:56.924
ProcessGuid: {2048537D-9108-643A-9002-000000000A00}
ProcessId: 3904
Image: C:\Windows\Microsoft.NET\Framework\v4.0.30319\mscorsvw.exe
User: NT AUTHORITY\SYSTEM"
Information,4/15/2023 8:56:56 PM,Microsoft-Windows-Sysmon,1,Process Create (rule: ProcessCreate),"Process Create:
RuleName: -
UtcTime: 2023-04-15 11:56:56.916
ProcessGuid: {2048537D-9108-643A-9002-000000000A00}
ProcessId: 3904
Image: C:\Windows\Microsoft.NET\Framework\v4.0.30319\mscorsvw.exe
FileVersion: 4.6.1586.0 built by: NETFXREL2
Description: .NET Runtime Optimization Service
Product: Microsoft® .NET Framework
Company: Microsoft Corporation
OriginalFileName: mscorsvw.exe
CommandLine: C:\Windows\Microsoft.NET\Framework\v4.0.30319\mscorsvw.exe -StartupEvent 5b0 -InterruptEvent 0 -NGENProcess 538 -Pipe 588 -Comment ""NGen Worker Process""
CurrentDirectory: C:\Windows\system32\
User: NT AUTHORITY\SYSTEM
LogonGuid: {2048537D-8D03-643A-E703-000000000000}
LogonId: 0x3E7
TerminalSessionId: 0
IntegrityLevel: System
Hashes: SHA256=0B48C8BAF88A1672650007F29CB1FF48D6F5309C9AF7F9F78161BA8172877B4C
ParentProcessGuid: {2048537D-90FC-643A-CB00-000000000A00}
ParentProcessId: 3764
ParentImage: C:\Windows\Microsoft.NET\Framework\v4.0.30319\ngen.exe
ParentCommandLine: ""C:\Windows\Microsoft.NET\Framework\v4.0.30319\ngen.exe"" ExecuteQueuedItems /LegacyServiceBehavior
ParentUser: NT AUTHORITY\SYSTEM"
Information,4/15/2023 8:56:56 PM,Microsoft-Windows-Sysmon,5,Process terminated (rule: ProcessTerminate),"Process terminated:
RuleName: -
UtcTime: 2023-04-15 11:56:56.909
ProcessGuid: {2048537D-9108-643A-8F02-000000000A00}
ProcessId: 4948
Image: C:\Windows\Microsoft.NET\Framework\v4.0.30319\mscorsvw.exe
User: NT AUTHORITY\SYSTEM"
Information,4/15/2023 8:56:56 PM,Microsoft-Windows-Sysmon,1,Process Create (rule: ProcessCreate),"Process Create:
RuleName: -
UtcTime: 2023-04-15 11:56:56.895
ProcessGuid: {2048537D-9108-643A-8F02-000000000A00}
ProcessId: 4948
Image: C:\Windows\Microsoft.NET\Framework\v4.0.30319\mscorsvw.exe
FileVersion: 4.6.1586.0 built by: NETFXREL2
Description: .NET Runtime Optimization Service
Product: Microsoft® .NET Framework
Company: Microsoft Corporation
OriginalFileName: mscorsvw.exe
CommandLine: C:\Windows\Microsoft.NET\Framework\v4.0.30319\mscorsvw.exe -StartupEvent 5ac -InterruptEvent 0 -NGENProcess 588 -Pipe 584 -Comment ""NGen Worker Process""
CurrentDirectory: C:\Windows\system32\
User: NT AUTHORITY\SYSTEM
LogonGuid: {2048537D-8D03-643A-E703-000000000000}
LogonId: 0x3E7
TerminalSessionId: 0
IntegrityLevel: System
Hashes: SHA256=0B48C8BAF88A1672650007F29CB1FF48D6F5309C9AF7F9F78161BA8172877B4C
ParentProcessGuid: {2048537D-90FC-643A-CB00-000000000A00}
ParentProcessId: 3764
ParentImage: C:\Windows\Microsoft.NET\Framework\v4.0.30319\ngen.exe
ParentCommandLine: ""C:\Windows\Microsoft.NET\Framework\v4.0.30319\ngen.exe"" ExecuteQueuedItems /LegacyServiceBehavior
ParentUser: NT AUTHORITY\SYSTEM"
Information,4/15/2023 8:56:56 PM,Microsoft-Windows-Sysmon,5,Process terminated (rule: ProcessTerminate),"Process terminated:
RuleName: -
UtcTime: 2023-04-15 11:56:56.893
ProcessGuid: {2048537D-9108-643A-8E02-000000000A00}
ProcessId: 3636
Image: C:\Windows\Microsoft.NET\Framework\v4.0.30319\mscorsvw.exe
User: NT AUTHORITY\SYSTEM"
Information,4/15/2023 8:56:56 PM,Microsoft-Windows-Sysmon,1,Process Create (rule: ProcessCreate),"Process Create:
RuleName: -
UtcTime: 2023-04-15 11:56:56.872
ProcessGuid: {2048537D-9108-643A-8E02-000000000A00}
ProcessId: 3636
Image: C:\Windows\Microsoft.NET\Framework\v4.0.30319\mscorsvw.exe
FileVersion: 4.6.1586.0 built by: NETFXREL2
Description: .NET Runtime Optimization Service
Product: Microsoft® .NET Framework
Company: Microsoft Corporation
OriginalFileName: mscorsvw.exe
CommandLine: C:\Windows\Microsoft.NET\Framework\v4.0.30319\mscorsvw.exe -StartupEvent 538 -InterruptEvent 0 -NGENProcess 584 -Pipe 57c -Comment ""NGen Worker Process""
CurrentDirectory: C:\Windows\system32\
User: NT AUTHORITY\SYSTEM
LogonGuid: {2048537D-8D03-643A-E703-000000000000}
LogonId: 0x3E7
TerminalSessionId: 0
IntegrityLevel: System
Hashes: SHA256=0B48C8BAF88A1672650007F29CB1FF48D6F5309C9AF7F9F78161BA8172877B4C
ParentProcessGuid: {2048537D-90FC-643A-CB00-000000000A00}
ParentProcessId: 3764
ParentImage: C:\Windows\Microsoft.NET\Framework\v4.0.30319\ngen.exe
ParentCommandLine: ""C:\Windows\Microsoft.NET\Framework\v4.0.30319\ngen.exe"" ExecuteQueuedItems /LegacyServiceBehavior
ParentUser: NT AUTHORITY\SYSTEM"
Information,4/15/2023 8:56:56 PM,Microsoft-Windows-Sysmon,5,Process terminated (rule: ProcessTerminate),"Process terminated:
RuleName: -
UtcTime: 2023-04-15 11:56:56.862
ProcessGuid: {2048537D-9108-643A-8D02-000000000A00}
ProcessId: 3708
Image: C:\Windows\Microsoft.NET\Framework\v4.0.30319\mscorsvw.exe
User: NT AUTHORITY\SYSTEM"
Information,4/15/2023 8:56:56 PM,Microsoft-Windows-Sysmon,1,Process Create (rule: ProcessCreate),"Process Create:
RuleName: -
UtcTime: 2023-04-15 11:56:56.851
ProcessGuid: {2048537D-9108-643A-8D02-000000000A00}
ProcessId: 3708
Image: C:\Windows\Microsoft.NET\Framework\v4.0.30319\mscorsvw.exe
FileVersion: 4.6.1586.0 built by: NETFXREL2
Description: .NET Runtime Optimization Service
Product: Microsoft® .NET Framework
Company: Microsoft Corporation
OriginalFileName: mscorsvw.exe
CommandLine: C:\Windows\Microsoft.NET\Framework\v4.0.30319\mscorsvw.exe -StartupEvent 588 -InterruptEvent 0 -NGENProcess 57c -Pipe 5bc -Comment ""NGen Worker Process""
CurrentDirectory: C:\Windows\system32\
User: NT AUTHORITY\SYSTEM
LogonGuid: {2048537D-8D03-643A-E703-000000000000}
LogonId: 0x3E7
TerminalSessionId: 0
IntegrityLevel: System
Hashes: SHA256=0B48C8BAF88A1672650007F29CB1FF48D6F5309C9AF7F9F78161BA8172877B4C
ParentProcessGuid: {2048537D-90FC-643A-CB00-000000000A00}
ParentProcessId: 3764
ParentImage: C:\Windows\Microsoft.NET\Framework\v4.0.30319\ngen.exe
ParentCommandLine: ""C:\Windows\Microsoft.NET\Framework\v4.0.30319\ngen.exe"" ExecuteQueuedItems /LegacyServiceBehavior
ParentUser: NT AUTHORITY\SYSTEM"
Information,4/15/2023 8:56:56 PM,Microsoft-Windows-Sysmon,5,Process terminated (rule: ProcessTerminate),"Process terminated:
RuleName: -
UtcTime: 2023-04-15 11:56:56.846
ProcessGuid: {2048537D-9108-643A-8C02-000000000A00}
ProcessId: 4904
Image: C:\Windows\Microsoft.NET\Framework\v4.0.30319\mscorsvw.exe
User: NT AUTHORITY\SYSTEM"
Information,4/15/2023 8:56:56 PM,Microsoft-Windows-Sysmon,1,Process Create (rule: ProcessCreate),"Process Create:
RuleName: -
UtcTime: 2023-04-15 11:56:56.829
ProcessGuid: {2048537D-9108-643A-8C02-000000000A00}
ProcessId: 4904
Image: C:\Windows\Microsoft.NET\Framework\v4.0.30319\mscorsvw.exe
FileVersion: 4.6.1586.0 built by: NETFXREL2
Description: .NET Runtime Optimization Service
Product: Microsoft® .NET Framework
Company: Microsoft Corporation
OriginalFileName: mscorsvw.exe
CommandLine: C:\Windows\Microsoft.NET\Framework\v4.0.30319\mscorsvw.exe -StartupEvent 5c0 -InterruptEvent 0 -NGENProcess 5ac -Pipe 5a0 -Comment ""NGen Worker Process""
CurrentDirectory: C:\Windows\system32\
User: NT AUTHORITY\SYSTEM
LogonGuid: {2048537D-8D03-643A-E703-000000000000}
LogonId: 0x3E7
TerminalSessionId: 0
IntegrityLevel: System
Hashes: SHA256=0B48C8BAF88A1672650007F29CB1FF48D6F5309C9AF7F9F78161BA8172877B4C
ParentProcessGuid: {2048537D-90FC-643A-CB00-000000000A00}
ParentProcessId: 3764
ParentImage: C:\Windows\Microsoft.NET\Framework\v4.0.30319\ngen.exe
ParentCommandLine: ""C:\Windows\Microsoft.NET\Framework\v4.0.30319\ngen.exe"" ExecuteQueuedItems /LegacyServiceBehavior
ParentUser: NT AUTHORITY\SYSTEM"
Information,4/15/2023 8:56:56 PM,Microsoft-Windows-Sysmon,5,Process terminated (rule: ProcessTerminate),"Process terminated:
RuleName: -
UtcTime: 2023-04-15 11:56:56.815
ProcessGuid: {2048537D-9108-643A-8B02-000000000A00}
ProcessId: 4144
Image: C:\Windows\Microsoft.NET\Framework\v4.0.30319\mscorsvw.exe
User: NT AUTHORITY\SYSTEM"
Information,4/15/2023 8:56:56 PM,Microsoft-Windows-Sysmon,1,Process Create (rule: ProcessCreate),"Process Create:
RuleName: -
UtcTime: 2023-04-15 11:56:56.793
ProcessGuid: {2048537D-9108-643A-8B02-000000000A00}
ProcessId: 4144
Image: C:\Windows\Microsoft.NET\Framework\v4.0.30319\mscorsvw.exe
FileVersion: 4.6.1586.0 built by: NETFXREL2
Description: .NET Runtime Optimization Service
Product: Microsoft® .NET Framework
Company: Microsoft Corporation
OriginalFileName: mscorsvw.exe
CommandLine: C:\Windows\Microsoft.NET\Framework\v4.0.30319\mscorsvw.exe -StartupEvent 568 -InterruptEvent 0 -NGENProcess 5a0 -Pipe 590 -Comment ""NGen Worker Process""
CurrentDirectory: C:\Windows\system32\
User: NT AUTHORITY\SYSTEM
LogonGuid: {2048537D-8D03-643A-E703-000000000000}
LogonId: 0x3E7
TerminalSessionId: 0
IntegrityLevel: System
Hashes: SHA256=0B48C8BAF88A1672650007F29CB1FF48D6F5309C9AF7F9F78161BA8172877B4C
ParentProcessGuid: {2048537D-90FC-643A-CB00-000000000A00}
ParentProcessId: 3764
ParentImage: C:\Windows\Microsoft.NET\Framework\v4.0.30319\ngen.exe
ParentCommandLine: ""C:\Windows\Microsoft.NET\Framework\v4.0.30319\ngen.exe"" ExecuteQueuedItems /LegacyServiceBehavior
ParentUser: NT AUTHORITY\SYSTEM"
Information,4/15/2023 8:56:56 PM,Microsoft-Windows-Sysmon,5,Process terminated (rule: ProcessTerminate),"Process terminated:
RuleName: -
UtcTime: 2023-04-15 11:56:56.784
ProcessGuid: {2048537D-9108-643A-8A02-000000000A00}
ProcessId: 4916
Image: C:\Windows\Microsoft.NET\Framework\v4.0.30319\mscorsvw.exe
User: NT AUTHORITY\SYSTEM"
Information,4/15/2023 8:56:56 PM,Microsoft-Windows-Sysmon,1,Process Create (rule: ProcessCreate),"Process Create:
RuleName: -
UtcTime: 2023-04-15 11:56:56.769
ProcessGuid: {2048537D-9108-643A-8A02-000000000A00}
ProcessId: 4916
Image: C:\Windows\Microsoft.NET\Framework\v4.0.30319\mscorsvw.exe
FileVersion: 4.6.1586.0 built by: NETFXREL2
Description: .NET Runtime Optimization Service
Product: Microsoft® .NET Framework
Company: Microsoft Corporation
OriginalFileName: mscorsvw.exe
CommandLine: C:\Windows\Microsoft.NET\Framework\v4.0.30319\mscorsvw.exe -StartupEvent 5ac -InterruptEvent 0 -NGENProcess 590 -Pipe 578 -Comment ""NGen Worker Process""
CurrentDirectory: C:\Windows\system32\
User: NT AUTHORITY\SYSTEM
LogonGuid: {2048537D-8D03-643A-E703-000000000000}
LogonId: 0x3E7
TerminalSessionId: 0
IntegrityLevel: System
Hashes: SHA256=0B48C8BAF88A1672650007F29CB1FF48D6F5309C9AF7F9F78161BA8172877B4C
ParentProcessGuid: {2048537D-90FC-643A-CB00-000000000A00}
ParentProcessId: 3764
ParentImage: C:\Windows\Microsoft.NET\Framework\v4.0.30319\ngen.exe
ParentCommandLine: ""C:\Windows\Microsoft.NET\Framework\v4.0.30319\ngen.exe"" ExecuteQueuedItems /LegacyServiceBehavior
ParentUser: NT AUTHORITY\SYSTEM"
Information,4/15/2023 8:56:56 PM,Microsoft-Windows-Sysmon,5,Process terminated (rule: ProcessTerminate),"Process terminated:
RuleName: -
UtcTime: 2023-04-15 11:56:56.768
ProcessGuid: {2048537D-9108-643A-8902-000000000A00}
ProcessId: 1332
Image: C:\Windows\Microsoft.NET\Framework\v4.0.30319\mscorsvw.exe
User: NT AUTHORITY\SYSTEM"
Information,4/15/2023 8:56:56 PM,Microsoft-Windows-Sysmon,1,Process Create (rule: ProcessCreate),"Process Create:
RuleName: -
UtcTime: 2023-04-15 11:56:56.744
ProcessGuid: {2048537D-9108-643A-8902-000000000A00}
ProcessId: 1332
Image: C:\Windows\Microsoft.NET\Framework\v4.0.30319\mscorsvw.exe
FileVersion: 4.6.1586.0 built by: NETFXREL2
Description: .NET Runtime Optimization Service
Product: Microsoft® .NET Framework
Company: Microsoft Corporation
OriginalFileName: mscorsvw.exe
CommandLine: C:\Windows\Microsoft.NET\Framework\v4.0.30319\mscorsvw.exe -StartupEvent 594 -InterruptEvent 0 -NGENProcess 57c -Pipe 598 -Comment ""NGen Worker Process""
CurrentDirectory: C:\Windows\system32\
User: NT AUTHORITY\SYSTEM
LogonGuid: {2048537D-8D03-643A-E703-000000000000}
LogonId: 0x3E7
TerminalSessionId: 0
IntegrityLevel: System
Hashes: SHA256=0B48C8BAF88A1672650007F29CB1FF48D6F5309C9AF7F9F78161BA8172877B4C
ParentProcessGuid: {2048537D-90FC-643A-CB00-000000000A00}
ParentProcessId: 3764
ParentImage: C:\Windows\Microsoft.NET\Framework\v4.0.30319\ngen.exe
ParentCommandLine: ""C:\Windows\Microsoft.NET\Framework\v4.0.30319\ngen.exe"" ExecuteQueuedItems /LegacyServiceBehavior
ParentUser: NT AUTHORITY\SYSTEM"
Information,4/15/2023 8:56:56 PM,Microsoft-Windows-Sysmon,5,Process terminated (rule: ProcessTerminate),"Process terminated:
RuleName: -
UtcTime: 2023-04-15 11:56:56.737
ProcessGuid: {2048537D-9108-643A-8802-000000000A00}
ProcessId: 384
Image: C:\Windows\Microsoft.NET\Framework\v4.0.30319\mscorsvw.exe
User: NT AUTHORITY\SYSTEM"
Information,4/15/2023 8:56:56 PM,Microsoft-Windows-Sysmon,1,Process Create (rule: ProcessCreate),"Process Create:
RuleName: -
UtcTime: 2023-04-15 11:56:56.712
ProcessGuid: {2048537D-9108-643A-8802-000000000A00}
ProcessId: 384
Image: C:\Windows\Microsoft.NET\Framework\v4.0.30319\mscorsvw.exe
FileVersion: 4.6.1586.0 built by: NETFXREL2
Description: .NET Runtime Optimization Service
Product: Microsoft® .NET Framework
Company: Microsoft Corporation
OriginalFileName: mscorsvw.exe
CommandLine: C:\Windows\Microsoft.NET\Framework\v4.0.30319\mscorsvw.exe -StartupEvent 588 -InterruptEvent 0 -NGENProcess 598 -Pipe 59c -Comment ""NGen Worker Process""
CurrentDirectory: C:\Windows\system32\
User: NT AUTHORITY\SYSTEM
LogonGuid: {2048537D-8D03-643A-E703-000000000000}
LogonId: 0x3E7
TerminalSessionId: 0
IntegrityLevel: System
Hashes: SHA256=0B48C8BAF88A1672650007F29CB1FF48D6F5309C9AF7F9F78161BA8172877B4C
ParentProcessGuid: {2048537D-90FC-643A-CB00-000000000A00}
ParentProcessId: 3764
ParentImage: C:\Windows\Microsoft.NET\Framework\v4.0.30319\ngen.exe
ParentCommandLine: ""C:\Windows\Microsoft.NET\Framework\v4.0.30319\ngen.exe"" ExecuteQueuedItems /LegacyServiceBehavior
ParentUser: NT AUTHORITY\SYSTEM"
Information,4/15/2023 8:56:56 PM,Microsoft-Windows-Sysmon,5,Process terminated (rule: ProcessTerminate),"Process terminated:
RuleName: -
UtcTime: 2023-04-15 11:56:56.706
ProcessGuid: {2048537D-9108-643A-8702-000000000A00}
ProcessId: 3748
Image: C:\Windows\Microsoft.NET\Framework\v4.0.30319\mscorsvw.exe
User: NT AUTHORITY\SYSTEM"
Information,4/15/2023 8:56:56 PM,Microsoft-Windows-Sysmon,1,Process Create (rule: ProcessCreate),"Process Create:
RuleName: -
UtcTime: 2023-04-15 11:56:56.688
ProcessGuid: {2048537D-9108-643A-8702-000000000A00}
ProcessId: 3748
Image: C:\Windows\Microsoft.NET\Framework\v4.0.30319\mscorsvw.exe
FileVersion: 4.6.1586.0 built by: NETFXREL2
Description: .NET Runtime Optimization Service
Product: Microsoft® .NET Framework
Company: Microsoft Corporation
OriginalFileName: mscorsvw.exe
CommandLine: C:\Windows\Microsoft.NET\Framework\v4.0.30319\mscorsvw.exe -StartupEvent 57c -InterruptEvent 0 -NGENProcess 59c -Pipe 58c -Comment ""NGen Worker Process""
CurrentDirectory: C:\Windows\system32\
User: NT AUTHORITY\SYSTEM
LogonGuid: {2048537D-8D03-643A-E703-000000000000}
LogonId: 0x3E7
TerminalSessionId: 0
IntegrityLevel: System
Hashes: SHA256=0B48C8BAF88A1672650007F29CB1FF48D6F5309C9AF7F9F78161BA8172877B4C
ParentProcessGuid: {2048537D-90FC-643A-CB00-000000000A00}
ParentProcessId: 3764
ParentImage: C:\Windows\Microsoft.NET\Framework\v4.0.30319\ngen.exe
ParentCommandLine: ""C:\Windows\Microsoft.NET\Framework\v4.0.30319\ngen.exe"" ExecuteQueuedItems /LegacyServiceBehavior
ParentUser: NT AUTHORITY\SYSTEM"
Information,4/15/2023 8:56:56 PM,Microsoft-Windows-Sysmon,5,Process terminated (rule: ProcessTerminate),"Process terminated:
RuleName: -
UtcTime: 2023-04-15 11:56:56.674
ProcessGuid: {2048537D-9108-643A-8602-000000000A00}
ProcessId: 4108
Image: C:\Windows\Microsoft.NET\Framework\v4.0.30319\mscorsvw.exe
User: NT AUTHORITY\SYSTEM"
Information,4/15/2023 8:56:56 PM,Microsoft-Windows-Sysmon,1,Process Create (rule: ProcessCreate),"Process Create:
RuleName: -
UtcTime: 2023-04-15 11:56:56.643
ProcessGuid: {2048537D-9108-643A-8602-000000000A00}
ProcessId: 4108
Image: C:\Windows\Microsoft.NET\Framework\v4.0.30319\mscorsvw.exe
FileVersion: 4.6.1586.0 built by: NETFXREL2
Description: .NET Runtime Optimization Service
Product: Microsoft® .NET Framework
Company: Microsoft Corporation
OriginalFileName: mscorsvw.exe
CommandLine: C:\Windows\Microsoft.NET\Framework\v4.0.30319\mscorsvw.exe -StartupEvent 538 -InterruptEvent 0 -NGENProcess 578 -Pipe 570 -Comment ""NGen Worker Process""
CurrentDirectory: C:\Windows\system32\
User: NT AUTHORITY\SYSTEM
LogonGuid: {2048537D-8D03-643A-E703-000000000000}
LogonId: 0x3E7
TerminalSessionId: 0
IntegrityLevel: System
Hashes: SHA256=0B48C8BAF88A1672650007F29CB1FF48D6F5309C9AF7F9F78161BA8172877B4C
ParentProcessGuid: {2048537D-90FC-643A-CB00-000000000A00}
ParentProcessId: 3764
ParentImage: C:\Windows\Microsoft.NET\Framework\v4.0.30319\ngen.exe
ParentCommandLine: ""C:\Windows\Microsoft.NET\Framework\v4.0.30319\ngen.exe"" ExecuteQueuedItems /LegacyServiceBehavior
ParentUser: NT AUTHORITY\SYSTEM"
Information,4/15/2023 8:56:56 PM,Microsoft-Windows-Sysmon,5,Process terminated (rule: ProcessTerminate),"Process terminated:
RuleName: -
UtcTime: 2023-04-15 11:56:56.628
ProcessGuid: {2048537D-9108-643A-8502-000000000A00}
ProcessId: 3892
Image: C:\Windows\Microsoft.NET\Framework\v4.0.30319\mscorsvw.exe
User: NT AUTHORITY\SYSTEM"
Information,4/15/2023 8:56:56 PM,Microsoft-Windows-Sysmon,1,Process Create (rule: ProcessCreate),"Process Create:
RuleName: -
UtcTime: 2023-04-15 11:56:56.612
ProcessGuid: {2048537D-9108-643A-8502-000000000A00}
ProcessId: 3892
Image: C:\Windows\Microsoft.NET\Framework\v4.0.30319\mscorsvw.exe
FileVersion: 4.6.1586.0 built by: NETFXREL2
Description: .NET Runtime Optimization Service
Product: Microsoft® .NET Framework
Company: Microsoft Corporation
OriginalFileName: mscorsvw.exe
CommandLine: C:\Windows\Microsoft.NET\Framework\v4.0.30319\mscorsvw.exe -StartupEvent 574 -InterruptEvent 0 -NGENProcess 56c -Pipe 564 -Comment ""NGen Worker Process""
CurrentDirectory: C:\Windows\system32\
User: NT AUTHORITY\SYSTEM
LogonGuid: {2048537D-8D03-643A-E703-000000000000}
LogonId: 0x3E7
TerminalSessionId: 0
IntegrityLevel: System
Hashes: SHA256=0B48C8BAF88A1672650007F29CB1FF48D6F5309C9AF7F9F78161BA8172877B4C
ParentProcessGuid: {2048537D-90FC-643A-CB00-000000000A00}
ParentProcessId: 3764
ParentImage: C:\Windows\Microsoft.NET\Framework\v4.0.30319\ngen.exe
ParentCommandLine: ""C:\Windows\Microsoft.NET\Framework\v4.0.30319\ngen.exe"" ExecuteQueuedItems /LegacyServiceBehavior
ParentUser: NT AUTHORITY\SYSTEM"
Information,4/15/2023 8:56:56 PM,Microsoft-Windows-Sysmon,5,Process terminated (rule: ProcessTerminate),"Process terminated:
RuleName: -
UtcTime: 2023-04-15 11:56:56.612
ProcessGuid: {2048537D-9108-643A-8402-000000000A00}
ProcessId: 4124
Image: C:\Windows\Microsoft.NET\Framework\v4.0.30319\mscorsvw.exe
User: NT AUTHORITY\SYSTEM"
Information,4/15/2023 8:56:56 PM,Microsoft-Windows-Sysmon,1,Process Create (rule: ProcessCreate),"Process Create:
RuleName: -
UtcTime: 2023-04-15 11:56:56.582
ProcessGuid: {2048537D-9108-643A-8402-000000000A00}
ProcessId: 4124
Image: C:\Windows\Microsoft.NET\Framework\v4.0.30319\mscorsvw.exe
FileVersion: 4.6.1586.0 built by: NETFXREL2
Description: .NET Runtime Optimization Service
Product: Microsoft® .NET Framework
Company: Microsoft Corporation
OriginalFileName: mscorsvw.exe
CommandLine: C:\Windows\Microsoft.NET\Framework\v4.0.30319\mscorsvw.exe -StartupEvent 568 -InterruptEvent 0 -NGENProcess 564 -Pipe 53c -Comment ""NGen Worker Process""
CurrentDirectory: C:\Windows\system32\
User: NT AUTHORITY\SYSTEM
LogonGuid: {2048537D-8D03-643A-E703-000000000000}
LogonId: 0x3E7
TerminalSessionId: 0
IntegrityLevel: System
Hashes: SHA256=0B48C8BAF88A1672650007F29CB1FF48D6F5309C9AF7F9F78161BA8172877B4C
ParentProcessGuid: {2048537D-90FC-643A-CB00-000000000A00}
ParentProcessId: 3764
ParentImage: C:\Windows\Microsoft.NET\Framework\v4.0.30319\ngen.exe
ParentCommandLine: ""C:\Windows\Microsoft.NET\Framework\v4.0.30319\ngen.exe"" ExecuteQueuedItems /LegacyServiceBehavior
ParentUser: NT AUTHORITY\SYSTEM"
Information,4/15/2023 8:56:56 PM,Microsoft-Windows-Sysmon,5,Process terminated (rule: ProcessTerminate),"Process terminated:
RuleName: -
UtcTime: 2023-04-15 11:56:56.581
ProcessGuid: {2048537D-9108-643A-8302-000000000A00}
ProcessId: 4692
Image: C:\Windows\Microsoft.NET\Framework\v4.0.30319\mscorsvw.exe
User: NT AUTHORITY\SYSTEM"
Information,4/15/2023 8:56:56 PM,Microsoft-Windows-Sysmon,1,Process Create (rule: ProcessCreate),"Process Create:
RuleName: -
UtcTime: 2023-04-15 11:56:56.549
ProcessGuid: {2048537D-9108-643A-8302-000000000A00}
ProcessId: 4692
Image: C:\Windows\Microsoft.NET\Framework\v4.0.30319\mscorsvw.exe
FileVersion: 4.6.1586.0 built by: NETFXREL2
Description: .NET Runtime Optimization Service
Product: Microsoft® .NET Framework
Company: Microsoft Corporation
OriginalFileName: mscorsvw.exe
CommandLine: C:\Windows\Microsoft.NET\Framework\v4.0.30319\mscorsvw.exe -StartupEvent 510 -InterruptEvent 0 -NGENProcess 560 -Pipe 550 -Comment ""NGen Worker Process""
CurrentDirectory: C:\Windows\system32\
User: NT AUTHORITY\SYSTEM
LogonGuid: {2048537D-8D03-643A-E703-000000000000}
LogonId: 0x3E7
TerminalSessionId: 0
IntegrityLevel: System
Hashes: SHA256=0B48C8BAF88A1672650007F29CB1FF48D6F5309C9AF7F9F78161BA8172877B4C
ParentProcessGuid: {2048537D-90FC-643A-CB00-000000000A00}
ParentProcessId: 3764
ParentImage: C:\Windows\Microsoft.NET\Framework\v4.0.30319\ngen.exe
ParentCommandLine: ""C:\Windows\Microsoft.NET\Framework\v4.0.30319\ngen.exe"" ExecuteQueuedItems /LegacyServiceBehavior
ParentUser: NT AUTHORITY\SYSTEM"
Information,4/15/2023 8:56:56 PM,Microsoft-Windows-Sysmon,5,Process terminated (rule: ProcessTerminate),"Process terminated:
RuleName: -
UtcTime: 2023-04-15 11:56:56.534
ProcessGuid: {2048537D-9108-643A-8202-000000000A00}
ProcessId: 4416
Image: C:\Windows\Microsoft.NET\Framework\v4.0.30319\mscorsvw.exe
User: NT AUTHORITY\SYSTEM"
Information,4/15/2023 8:56:56 PM,Microsoft-Windows-Sysmon,1,Process Create (rule: ProcessCreate),"Process Create:
RuleName: -
UtcTime: 2023-04-15 11:56:56.511
ProcessGuid: {2048537D-9108-643A-8202-000000000A00}
ProcessId: 4416
Image: C:\Windows\Microsoft.NET\Framework\v4.0.30319\mscorsvw.exe
FileVersion: 4.6.1586.0 built by: NETFXREL2
Description: .NET Runtime Optimization Service
Product: Microsoft® .NET Framework
Company: Microsoft Corporation
OriginalFileName: mscorsvw.exe
CommandLine: C:\Windows\Microsoft.NET\Framework\v4.0.30319\mscorsvw.exe -StartupEvent 538 -InterruptEvent 0 -NGENProcess 568 -Pipe 55c -Comment ""NGen Worker Process""
CurrentDirectory: C:\Windows\system32\
User: NT AUTHORITY\SYSTEM
LogonGuid: {2048537D-8D03-643A-E703-000000000000}
LogonId: 0x3E7
TerminalSessionId: 0
IntegrityLevel: System
Hashes: SHA256=0B48C8BAF88A1672650007F29CB1FF48D6F5309C9AF7F9F78161BA8172877B4C
ParentProcessGuid: {2048537D-90FC-643A-CB00-000000000A00}
ParentProcessId: 3764
ParentImage: C:\Windows\Microsoft.NET\Framework\v4.0.30319\ngen.exe
ParentCommandLine: ""C:\Windows\Microsoft.NET\Framework\v4.0.30319\ngen.exe"" ExecuteQueuedItems /LegacyServiceBehavior
ParentUser: NT AUTHORITY\SYSTEM"
Information,4/15/2023 8:56:56 PM,Microsoft-Windows-Sysmon,5,Process terminated (rule: ProcessTerminate),"Process terminated:
RuleName: -
UtcTime: 2023-04-15 11:56:56.502
ProcessGuid: {2048537D-9108-643A-8102-000000000A00}
ProcessId: 4276
Image: C:\Windows\Microsoft.NET\Framework\v4.0.30319\mscorsvw.exe
User: NT AUTHORITY\SYSTEM"
Information,4/15/2023 8:56:56 PM,Microsoft-Windows-Sysmon,1,Process Create (rule: ProcessCreate),"Process Create:
RuleName: -
UtcTime: 2023-04-15 11:56:56.485
ProcessGuid: {2048537D-9108-643A-8102-000000000A00}
ProcessId: 4276
Image: C:\Windows\Microsoft.NET\Framework\v4.0.30319\mscorsvw.exe
FileVersion: 4.6.1586.0 built by: NETFXREL2
Description: .NET Runtime Optimization Service
Product: Microsoft® .NET Framework
Company: Microsoft Corporation
OriginalFileName: mscorsvw.exe
CommandLine: C:\Windows\Microsoft.NET\Framework\v4.0.30319\mscorsvw.exe -StartupEvent 51c -InterruptEvent 0 -NGENProcess 560 -Pipe 540 -Comment ""NGen Worker Process""
CurrentDirectory: C:\Windows\system32\
User: NT AUTHORITY\SYSTEM
LogonGuid: {2048537D-8D03-643A-E703-000000000000}
LogonId: 0x3E7
TerminalSessionId: 0
IntegrityLevel: System
Hashes: SHA256=0B48C8BAF88A1672650007F29CB1FF48D6F5309C9AF7F9F78161BA8172877B4C
ParentProcessGuid: {2048537D-90FC-643A-CB00-000000000A00}
ParentProcessId: 3764
ParentImage: C:\Windows\Microsoft.NET\Framework\v4.0.30319\ngen.exe
ParentCommandLine: ""C:\Windows\Microsoft.NET\Framework\v4.0.30319\ngen.exe"" ExecuteQueuedItems /LegacyServiceBehavior
ParentUser: NT AUTHORITY\SYSTEM"
Information,4/15/2023 8:56:56 PM,Microsoft-Windows-Sysmon,5,Process terminated (rule: ProcessTerminate),"Process terminated:
RuleName: -
UtcTime: 2023-04-15 11:56:56.471
ProcessGuid: {2048537D-9108-643A-8002-000000000A00}
ProcessId: 4076
Image: C:\Windows\Microsoft.NET\Framework\v4.0.30319\mscorsvw.exe
User: NT AUTHORITY\SYSTEM"
Information,4/15/2023 8:56:56 PM,Microsoft-Windows-Sysmon,1,Process Create (rule: ProcessCreate),"Process Create:
RuleName: -
UtcTime: 2023-04-15 11:56:56.458
ProcessGuid: {2048537D-9108-643A-8002-000000000A00}
ProcessId: 4076
Image: C:\Windows\Microsoft.NET\Framework\v4.0.30319\mscorsvw.exe
FileVersion: 4.6.1586.0 built by: NETFXREL2
Description: .NET Runtime Optimization Service
Product: Microsoft® .NET Framework
Company: Microsoft Corporation
OriginalFileName: mscorsvw.exe
CommandLine: C:\Windows\Microsoft.NET\Framework\v4.0.30319\mscorsvw.exe -StartupEvent 510 -InterruptEvent 0 -NGENProcess 540 -Pipe 54c -Comment ""NGen Worker Process""
CurrentDirectory: C:\Windows\system32\
User: NT AUTHORITY\SYSTEM
LogonGuid: {2048537D-8D03-643A-E703-000000000000}
LogonId: 0x3E7
TerminalSessionId: 0
IntegrityLevel: System
Hashes: SHA256=0B48C8BAF88A1672650007F29CB1FF48D6F5309C9AF7F9F78161BA8172877B4C
ParentProcessGuid: {2048537D-90FC-643A-CB00-000000000A00}
ParentProcessId: 3764
ParentImage: C:\Windows\Microsoft.NET\Framework\v4.0.30319\ngen.exe
ParentCommandLine: ""C:\Windows\Microsoft.NET\Framework\v4.0.30319\ngen.exe"" ExecuteQueuedItems /LegacyServiceBehavior
ParentUser: NT AUTHORITY\SYSTEM"
Information,4/15/2023 8:56:56 PM,Microsoft-Windows-Sysmon,5,Process terminated (rule: ProcessTerminate),"Process terminated:
RuleName: -
UtcTime: 2023-04-15 11:56:56.456
ProcessGuid: {2048537D-9108-643A-7F02-000000000A00}
ProcessId: 4584
Image: C:\Windows\Microsoft.NET\Framework\v4.0.30319\mscorsvw.exe
User: NT AUTHORITY\SYSTEM"
Information,4/15/2023 8:56:56 PM,Microsoft-Windows-Sysmon,1,Process Create (rule: ProcessCreate),"Process Create:
RuleName: -
UtcTime: 2023-04-15 11:56:56.435
ProcessGuid: {2048537D-9108-643A-7F02-000000000A00}
ProcessId: 4584
Image: C:\Windows\Microsoft.NET\Framework\v4.0.30319\mscorsvw.exe
FileVersion: 4.6.1586.0 built by: NETFXREL2
Description: .NET Runtime Optimization Service
Product: Microsoft® .NET Framework
Company: Microsoft Corporation
OriginalFileName: mscorsvw.exe
CommandLine: C:\Windows\Microsoft.NET\Framework\v4.0.30319\mscorsvw.exe -StartupEvent 560 -InterruptEvent 0 -NGENProcess 54c -Pipe 534 -Comment ""NGen Worker Process""
CurrentDirectory: C:\Windows\system32\
User: NT AUTHORITY\SYSTEM
LogonGuid: {2048537D-8D03-643A-E703-000000000000}
LogonId: 0x3E7
TerminalSessionId: 0
IntegrityLevel: System
Hashes: SHA256=0B48C8BAF88A1672650007F29CB1FF48D6F5309C9AF7F9F78161BA8172877B4C
ParentProcessGuid: {2048537D-90FC-643A-CB00-000000000A00}
ParentProcessId: 3764
ParentImage: C:\Windows\Microsoft.NET\Framework\v4.0.30319\ngen.exe
ParentCommandLine: ""C:\Windows\Microsoft.NET\Framework\v4.0.30319\ngen.exe"" ExecuteQueuedItems /LegacyServiceBehavior
ParentUser: NT AUTHORITY\SYSTEM"
Information,4/15/2023 8:56:56 PM,Microsoft-Windows-Sysmon,5,Process terminated (rule: ProcessTerminate),"Process terminated:
RuleName: -
UtcTime: 2023-04-15 11:56:56.424
ProcessGuid: {2048537D-9108-643A-7E02-000000000A00}
ProcessId: 3856
Image: C:\Windows\Microsoft.NET\Framework\v4.0.30319\mscorsvw.exe
User: NT AUTHORITY\SYSTEM"
Information,4/15/2023 8:56:56 PM,Microsoft-Windows-Sysmon,1,Process Create (rule: ProcessCreate),"Process Create:
RuleName: -
UtcTime: 2023-04-15 11:56:56.410
ProcessGuid: {2048537D-9108-643A-7E02-000000000A00}
ProcessId: 3856
Image: C:\Windows\Microsoft.NET\Framework\v4.0.30319\mscorsvw.exe
FileVersion: 4.6.1586.0 built by: NETFXREL2
Description: .NET Runtime Optimization Service
Product: Microsoft® .NET Framework
Company: Microsoft Corporation
OriginalFileName: mscorsvw.exe
CommandLine: C:\Windows\Microsoft.NET\Framework\v4.0.30319\mscorsvw.exe -StartupEvent 540 -InterruptEvent 0 -NGENProcess 534 -Pipe 544 -Comment ""NGen Worker Process""
CurrentDirectory: C:\Windows\system32\
User: NT AUTHORITY\SYSTEM
LogonGuid: {2048537D-8D03-643A-E703-000000000000}
LogonId: 0x3E7
TerminalSessionId: 0
IntegrityLevel: System
Hashes: SHA256=0B48C8BAF88A1672650007F29CB1FF48D6F5309C9AF7F9F78161BA8172877B4C
ParentProcessGuid: {2048537D-90FC-643A-CB00-000000000A00}
ParentProcessId: 3764
ParentImage: C:\Windows\Microsoft.NET\Framework\v4.0.30319\ngen.exe
ParentCommandLine: ""C:\Windows\Microsoft.NET\Framework\v4.0.30319\ngen.exe"" ExecuteQueuedItems /LegacyServiceBehavior
ParentUser: NT AUTHORITY\SYSTEM"
Information,4/15/2023 8:56:56 PM,Microsoft-Windows-Sysmon,5,Process terminated (rule: ProcessTerminate),"Process terminated:
RuleName: -
UtcTime: 2023-04-15 11:56:56.409
ProcessGuid: {2048537D-9108-643A-7D02-000000000A00}
ProcessId: 4564
Image: C:\Windows\Microsoft.NET\Framework\v4.0.30319\mscorsvw.exe
User: NT AUTHORITY\SYSTEM"
Information,4/15/2023 8:56:56 PM,Microsoft-Windows-Sysmon,1,Process Create (rule: ProcessCreate),"Process Create:
RuleName: -
UtcTime: 2023-04-15 11:56:56.387
ProcessGuid: {2048537D-9108-643A-7D02-000000000A00}
ProcessId: 4564
Image: C:\Windows\Microsoft.NET\Framework\v4.0.30319\mscorsvw.exe
FileVersion: 4.6.1586.0 built by: NETFXREL2
Description: .NET Runtime Optimization Service
Product: Microsoft® .NET Framework
Company: Microsoft Corporation
OriginalFileName: mscorsvw.exe
CommandLine: C:\Windows\Microsoft.NET\Framework\v4.0.30319\mscorsvw.exe -StartupEvent 54c -InterruptEvent 0 -NGENProcess 544 -Pipe 530 -Comment ""NGen Worker Process""
CurrentDirectory: C:\Windows\system32\
User: NT AUTHORITY\SYSTEM
LogonGuid: {2048537D-8D03-643A-E703-000000000000}
LogonId: 0x3E7
TerminalSessionId: 0
IntegrityLevel: System
Hashes: SHA256=0B48C8BAF88A1672650007F29CB1FF48D6F5309C9AF7F9F78161BA8172877B4C
ParentProcessGuid: {2048537D-90FC-643A-CB00-000000000A00}
ParentProcessId: 3764
ParentImage: C:\Windows\Microsoft.NET\Framework\v4.0.30319\ngen.exe
ParentCommandLine: ""C:\Windows\Microsoft.NET\Framework\v4.0.30319\ngen.exe"" ExecuteQueuedItems /LegacyServiceBehavior
ParentUser: NT AUTHORITY\SYSTEM"
Information,4/15/2023 8:56:56 PM,Microsoft-Windows-Sysmon,5,Process terminated (rule: ProcessTerminate),"Process terminated:
RuleName: -
UtcTime: 2023-04-15 11:56:56.378
ProcessGuid: {2048537D-9108-643A-7C02-000000000A00}
ProcessId: 4444
Image: C:\Windows\Microsoft.NET\Framework\v4.0.30319\mscorsvw.exe
User: NT AUTHORITY\SYSTEM"
Information,4/15/2023 8:56:56 PM,Microsoft-Windows-Sysmon,1,Process Create (rule: ProcessCreate),"Process Create:
RuleName: -
UtcTime: 2023-04-15 11:56:56.361
ProcessGuid: {2048537D-9108-643A-7C02-000000000A00}
ProcessId: 4444
Image: C:\Windows\Microsoft.NET\Framework\v4.0.30319\mscorsvw.exe
FileVersion: 4.6.1586.0 built by: NETFXREL2
Description: .NET Runtime Optimization Service
Product: Microsoft® .NET Framework
Company: Microsoft Corporation
OriginalFileName: mscorsvw.exe
CommandLine: C:\Windows\Microsoft.NET\Framework\v4.0.30319\mscorsvw.exe -StartupEvent 534 -InterruptEvent 0 -NGENProcess 530 -Pipe 548 -Comment ""NGen Worker Process""
CurrentDirectory: C:\Windows\system32\
User: NT AUTHORITY\SYSTEM
LogonGuid: {2048537D-8D03-643A-E703-000000000000}
LogonId: 0x3E7
TerminalSessionId: 0
IntegrityLevel: System
Hashes: SHA256=0B48C8BAF88A1672650007F29CB1FF48D6F5309C9AF7F9F78161BA8172877B4C
ParentProcessGuid: {2048537D-90FC-643A-CB00-000000000A00}
ParentProcessId: 3764
ParentImage: C:\Windows\Microsoft.NET\Framework\v4.0.30319\ngen.exe
ParentCommandLine: ""C:\Windows\Microsoft.NET\Framework\v4.0.30319\ngen.exe"" ExecuteQueuedItems /LegacyServiceBehavior
ParentUser: NT AUTHORITY\SYSTEM"
Information,4/15/2023 8:56:56 PM,Microsoft-Windows-Sysmon,5,Process terminated (rule: ProcessTerminate),"Process terminated:
RuleName: -
UtcTime: 2023-04-15 11:56:56.346
ProcessGuid: {2048537D-9108-643A-7B02-000000000A00}
ProcessId: 3108
Image: C:\Windows\Microsoft.NET\Framework\v4.0.30319\mscorsvw.exe
User: NT AUTHORITY\SYSTEM"
Information,4/15/2023 8:56:56 PM,Microsoft-Windows-Sysmon,1,Process Create (rule: ProcessCreate),"Process Create:
RuleName: -
UtcTime: 2023-04-15 11:56:56.335
ProcessGuid: {2048537D-9108-643A-7B02-000000000A00}
ProcessId: 3108
Image: C:\Windows\Microsoft.NET\Framework\v4.0.30319\mscorsvw.exe
FileVersion: 4.6.1586.0 built by: NETFXREL2
Description: .NET Runtime Optimization Service
Product: Microsoft® .NET Framework
Company: Microsoft Corporation
OriginalFileName: mscorsvw.exe
CommandLine: C:\Windows\Microsoft.NET\Framework\v4.0.30319\mscorsvw.exe -StartupEvent 51c -InterruptEvent 0 -NGENProcess 53c -Pipe 524 -Comment ""NGen Worker Process""
CurrentDirectory: C:\Windows\system32\
User: NT AUTHORITY\SYSTEM
LogonGuid: {2048537D-8D03-643A-E703-000000000000}
LogonId: 0x3E7
TerminalSessionId: 0
IntegrityLevel: System
Hashes: SHA256=0B48C8BAF88A1672650007F29CB1FF48D6F5309C9AF7F9F78161BA8172877B4C
ParentProcessGuid: {2048537D-90FC-643A-CB00-000000000A00}
ParentProcessId: 3764
ParentImage: C:\Windows\Microsoft.NET\Framework\v4.0.30319\ngen.exe
ParentCommandLine: ""C:\Windows\Microsoft.NET\Framework\v4.0.30319\ngen.exe"" ExecuteQueuedItems /LegacyServiceBehavior
ParentUser: NT AUTHORITY\SYSTEM"
Information,4/15/2023 8:56:56 PM,Microsoft-Windows-Sysmon,5,Process terminated (rule: ProcessTerminate),"Process terminated:
RuleName: -
UtcTime: 2023-04-15 11:56:56.331
ProcessGuid: {2048537D-9108-643A-7A02-000000000A00}
ProcessId: 3776
Image: C:\Windows\Microsoft.NET\Framework\v4.0.30319\mscorsvw.exe
User: NT AUTHORITY\SYSTEM"
