Information,4/15/2023 8:56:48 PM,Microsoft-Windows-Sysmon,1,Process Create (rule: ProcessCreate),"Process Create:
RuleName: -
UtcTime: 2023-04-15 11:56:48.624
ProcessGuid: {2048537D-9100-643A-5A01-000000000A00}
ProcessId: 4400
Image: C:\Windows\Microsoft.NET\Framework64\v4.0.30319\mscorsvw.exe
FileVersion: 4.6.1586.0 built by: NETFXREL2
Description: .NET Runtime Optimization Service
Product: Microsoft® .NET Framework
Company: Microsoft Corporation
OriginalFileName: mscorsvw.exe
CommandLine: C:\Windows\Microsoft.NET\Framework64\v4.0.30319\mscorsvw.exe -StartupEvent 458 -InterruptEvent 0 -NGENProcess 46c -Pipe 464 -Comment ""NGen Worker Process""
CurrentDirectory: C:\Windows\system32\
User: NT AUTHORITY\SYSTEM
LogonGuid: {2048537D-8D03-643A-E703-000000000000}
LogonId: 0x3E7
TerminalSessionId: 0
IntegrityLevel: System
Hashes: SHA256=CB11A32CB4BDEAC24DF1725B583B12FFC326712C5B021EC0595931C0A9245C74
ParentProcessGuid: {2048537D-90FC-643A-C900-000000000A00}
ParentProcessId: 4524
ParentImage: C:\Windows\Microsoft.NET\Framework64\v4.0.30319\ngen.exe
ParentCommandLine: ""C:\Windows\Microsoft.NET\Framework64\v4.0.30319\ngen.exe"" ExecuteQueuedItems /LegacyServiceBehavior
ParentUser: NT AUTHORITY\SYSTEM"
Information,4/15/2023 8:56:48 PM,Microsoft-Windows-Sysmon,5,Process terminated (rule: ProcessTerminate),"Process terminated:
RuleName: -
UtcTime: 2023-04-15 11:56:48.619
ProcessGuid: {2048537D-9100-643A-5901-000000000A00}
ProcessId: 4564
Image: C:\Windows\Microsoft.NET\Framework64\v4.0.30319\mscorsvw.exe
User: NT AUTHORITY\SYSTEM"
Information,4/15/2023 8:56:48 PM,Microsoft-Windows-Sysmon,1,Process Create (rule: ProcessCreate),"Process Create:
RuleName: -
UtcTime: 2023-04-15 11:56:48.589
ProcessGuid: {2048537D-9100-643A-5901-000000000A00}
ProcessId: 4564
Image: C:\Windows\Microsoft.NET\Framework64\v4.0.30319\mscorsvw.exe
FileVersion: 4.6.1586.0 built by: NETFXREL2
Description: .NET Runtime Optimization Service
Product: Microsoft® .NET Framework
Company: Microsoft Corporation
OriginalFileName: mscorsvw.exe
CommandLine: C:\Windows\Microsoft.NET\Framework64\v4.0.30319\mscorsvw.exe -StartupEvent 45c -InterruptEvent 0 -NGENProcess 460 -Pipe 454 -Comment ""NGen Worker Process""
CurrentDirectory: C:\Windows\system32\
User: NT AUTHORITY\SYSTEM
LogonGuid: {2048537D-8D03-643A-E703-000000000000}
LogonId: 0x3E7
TerminalSessionId: 0
IntegrityLevel: System
Hashes: SHA256=CB11A32CB4BDEAC24DF1725B583B12FFC326712C5B021EC0595931C0A9245C74
ParentProcessGuid: {2048537D-90FC-643A-C900-000000000A00}
ParentProcessId: 4524
ParentImage: C:\Windows\Microsoft.NET\Framework64\v4.0.30319\ngen.exe
ParentCommandLine: ""C:\Windows\Microsoft.NET\Framework64\v4.0.30319\ngen.exe"" ExecuteQueuedItems /LegacyServiceBehavior
ParentUser: NT AUTHORITY\SYSTEM"
Information,4/15/2023 8:56:48 PM,Microsoft-Windows-Sysmon,5,Process terminated (rule: ProcessTerminate),"Process terminated:
RuleName: -
UtcTime: 2023-04-15 11:56:48.588
ProcessGuid: {2048537D-9100-643A-5801-000000000A00}
ProcessId: 3292
Image: C:\Windows\Microsoft.NET\Framework64\v4.0.30319\mscorsvw.exe
User: NT AUTHORITY\SYSTEM"
Information,4/15/2023 8:56:48 PM,Microsoft-Windows-Sysmon,1,Process Create (rule: ProcessCreate),"Process Create:
RuleName: -
UtcTime: 2023-04-15 11:56:48.563
ProcessGuid: {2048537D-9100-643A-5801-000000000A00}
ProcessId: 3292
Image: C:\Windows\Microsoft.NET\Framework64\v4.0.30319\mscorsvw.exe
FileVersion: 4.6.1586.0 built by: NETFXREL2
Description: .NET Runtime Optimization Service
Product: Microsoft® .NET Framework
Company: Microsoft Corporation
OriginalFileName: mscorsvw.exe
CommandLine: C:\Windows\Microsoft.NET\Framework64\v4.0.30319\mscorsvw.exe -StartupEvent 430 -InterruptEvent 0 -NGENProcess 454 -Pipe 408 -Comment ""NGen Worker Process""
CurrentDirectory: C:\Windows\system32\
User: NT AUTHORITY\SYSTEM
LogonGuid: {2048537D-8D03-643A-E703-000000000000}
LogonId: 0x3E7
TerminalSessionId: 0
IntegrityLevel: System
Hashes: SHA256=CB11A32CB4BDEAC24DF1725B583B12FFC326712C5B021EC0595931C0A9245C74
ParentProcessGuid: {2048537D-90FC-643A-C900-000000000A00}
ParentProcessId: 4524
ParentImage: C:\Windows\Microsoft.NET\Framework64\v4.0.30319\ngen.exe
ParentCommandLine: ""C:\Windows\Microsoft.NET\Framework64\v4.0.30319\ngen.exe"" ExecuteQueuedItems /LegacyServiceBehavior
ParentUser: NT AUTHORITY\SYSTEM"
Information,4/15/2023 8:56:48 PM,Microsoft-Windows-Sysmon,5,Process terminated (rule: ProcessTerminate),"Process terminated:
RuleName: -
UtcTime: 2023-04-15 11:56:48.557
ProcessGuid: {2048537D-9100-643A-5701-000000000A00}
ProcessId: 4084
Image: C:\Windows\Microsoft.NET\Framework64\v4.0.30319\mscorsvw.exe
User: NT AUTHORITY\SYSTEM"
Information,4/15/2023 8:56:48 PM,Microsoft-Windows-Sysmon,1,Process Create (rule: ProcessCreate),"Process Create:
RuleName: -
UtcTime: 2023-04-15 11:56:48.541
ProcessGuid: {2048537D-9100-643A-5701-000000000A00}
ProcessId: 4084
Image: C:\Windows\Microsoft.NET\Framework64\v4.0.30319\mscorsvw.exe
FileVersion: 4.6.1586.0 built by: NETFXREL2
Description: .NET Runtime Optimization Service
Product: Microsoft® .NET Framework
Company: Microsoft Corporation
OriginalFileName: mscorsvw.exe
CommandLine: C:\Windows\Microsoft.NET\Framework64\v4.0.30319\mscorsvw.exe -StartupEvent 444 -InterruptEvent 0 -NGENProcess 450 -Pipe 440 -Comment ""NGen Worker Process""
CurrentDirectory: C:\Windows\system32\
User: NT AUTHORITY\SYSTEM
LogonGuid: {2048537D-8D03-643A-E703-000000000000}
LogonId: 0x3E7
TerminalSessionId: 0
IntegrityLevel: System
Hashes: SHA256=CB11A32CB4BDEAC24DF1725B583B12FFC326712C5B021EC0595931C0A9245C74
ParentProcessGuid: {2048537D-90FC-643A-C900-000000000A00}
ParentProcessId: 4524
ParentImage: C:\Windows\Microsoft.NET\Framework64\v4.0.30319\ngen.exe
ParentCommandLine: ""C:\Windows\Microsoft.NET\Framework64\v4.0.30319\ngen.exe"" ExecuteQueuedItems /LegacyServiceBehavior
ParentUser: NT AUTHORITY\SYSTEM"
Information,4/15/2023 8:56:48 PM,Microsoft-Windows-Sysmon,5,Process terminated (rule: ProcessTerminate),"Process terminated:
RuleName: -
UtcTime: 2023-04-15 11:56:48.526
ProcessGuid: {2048537D-9100-643A-5601-000000000A00}
ProcessId: 4764
Image: C:\Windows\Microsoft.NET\Framework64\v4.0.30319\mscorsvw.exe
User: NT AUTHORITY\SYSTEM"
Information,4/15/2023 8:56:48 PM,Microsoft-Windows-Sysmon,5,Process terminated (rule: ProcessTerminate),"Process terminated:
RuleName: -
UtcTime: 2023-04-15 11:56:48.510
ProcessGuid: {2048537D-9100-643A-5501-000000000A00}
ProcessId: 2168
Image: C:\Windows\Microsoft.NET\Framework64\v4.0.30319\mscorsvw.exe
User: NT AUTHORITY\SYSTEM"
Information,4/15/2023 8:56:48 PM,Microsoft-Windows-Sysmon,1,Process Create (rule: ProcessCreate),"Process Create:
RuleName: -
UtcTime: 2023-04-15 11:56:48.521
ProcessGuid: {2048537D-9100-643A-5601-000000000A00}
ProcessId: 4764
Image: C:\Windows\Microsoft.NET\Framework64\v4.0.30319\mscorsvw.exe
FileVersion: 4.6.1586.0 built by: NETFXREL2
Description: .NET Runtime Optimization Service
Product: Microsoft® .NET Framework
Company: Microsoft Corporation
OriginalFileName: mscorsvw.exe
CommandLine: C:\Windows\Microsoft.NET\Framework64\v4.0.30319\mscorsvw.exe -StartupEvent 44c -InterruptEvent 0 -NGENProcess 440 -Pipe 418 -Comment ""NGen Worker Process""
CurrentDirectory: C:\Windows\system32\
User: NT AUTHORITY\SYSTEM
LogonGuid: {2048537D-8D03-643A-E703-000000000000}
LogonId: 0x3E7
TerminalSessionId: 0
IntegrityLevel: System
Hashes: SHA256=CB11A32CB4BDEAC24DF1725B583B12FFC326712C5B021EC0595931C0A9245C74
ParentProcessGuid: {2048537D-90FC-643A-C900-000000000A00}
ParentProcessId: 4524
ParentImage: C:\Windows\Microsoft.NET\Framework64\v4.0.30319\ngen.exe
ParentCommandLine: ""C:\Windows\Microsoft.NET\Framework64\v4.0.30319\ngen.exe"" ExecuteQueuedItems /LegacyServiceBehavior
ParentUser: NT AUTHORITY\SYSTEM"
Information,4/15/2023 8:56:48 PM,Microsoft-Windows-Sysmon,5,Process terminated (rule: ProcessTerminate),"Process terminated:
RuleName: -
UtcTime: 2023-04-15 11:56:48.494
ProcessGuid: {2048537D-9100-643A-5401-000000000A00}
ProcessId: 4752
Image: C:\Windows\Microsoft.NET\Framework64\v4.0.30319\mscorsvw.exe
User: NT AUTHORITY\SYSTEM"
Information,4/15/2023 8:56:48 PM,Microsoft-Windows-Sysmon,1,Process Create (rule: ProcessCreate),"Process Create:
RuleName: -
UtcTime: 2023-04-15 11:56:48.506
ProcessGuid: {2048537D-9100-643A-5501-000000000A00}
ProcessId: 2168
Image: C:\Windows\Microsoft.NET\Framework64\v4.0.30319\mscorsvw.exe
FileVersion: 4.6.1586.0 built by: NETFXREL2
Description: .NET Runtime Optimization Service
Product: Microsoft® .NET Framework
Company: Microsoft Corporation
OriginalFileName: mscorsvw.exe
CommandLine: C:\Windows\Microsoft.NET\Framework64\v4.0.30319\mscorsvw.exe -StartupEvent 404 -InterruptEvent 0 -NGENProcess 224 -Pipe 434 -Comment ""NGen Worker Process""
CurrentDirectory: C:\Windows\system32\
User: NT AUTHORITY\SYSTEM
LogonGuid: {2048537D-8D03-643A-E703-000000000000}
LogonId: 0x3E7
TerminalSessionId: 0
IntegrityLevel: System
Hashes: SHA256=CB11A32CB4BDEAC24DF1725B583B12FFC326712C5B021EC0595931C0A9245C74
ParentProcessGuid: {2048537D-90FC-643A-C900-000000000A00}
ParentProcessId: 4524
ParentImage: C:\Windows\Microsoft.NET\Framework64\v4.0.30319\ngen.exe
ParentCommandLine: ""C:\Windows\Microsoft.NET\Framework64\v4.0.30319\ngen.exe"" ExecuteQueuedItems /LegacyServiceBehavior
ParentUser: NT AUTHORITY\SYSTEM"
Information,4/15/2023 8:56:48 PM,Microsoft-Windows-Sysmon,1,Process Create (rule: ProcessCreate),"Process Create:
RuleName: -
UtcTime: 2023-04-15 11:56:48.494
ProcessGuid: {2048537D-9100-643A-5401-000000000A00}
ProcessId: 4752
Image: C:\Windows\Microsoft.NET\Framework64\v4.0.30319\mscorsvw.exe
FileVersion: 4.6.1586.0 built by: NETFXREL2
Description: .NET Runtime Optimization Service
Product: Microsoft® .NET Framework
Company: Microsoft Corporation
OriginalFileName: mscorsvw.exe
CommandLine: C:\Windows\Microsoft.NET\Framework64\v4.0.30319\mscorsvw.exe -StartupEvent 408 -InterruptEvent 0 -NGENProcess 434 -Pipe 40c -Comment ""NGen Worker Process""
CurrentDirectory: C:\Windows\system32\
User: NT AUTHORITY\SYSTEM
LogonGuid: {2048537D-8D03-643A-E703-000000000000}
LogonId: 0x3E7
TerminalSessionId: 0
IntegrityLevel: System
Hashes: SHA256=CB11A32CB4BDEAC24DF1725B583B12FFC326712C5B021EC0595931C0A9245C74
ParentProcessGuid: {2048537D-90FC-643A-C900-000000000A00}
ParentProcessId: 4524
ParentImage: C:\Windows\Microsoft.NET\Framework64\v4.0.30319\ngen.exe
ParentCommandLine: ""C:\Windows\Microsoft.NET\Framework64\v4.0.30319\ngen.exe"" ExecuteQueuedItems /LegacyServiceBehavior
ParentUser: NT AUTHORITY\SYSTEM"
Information,4/15/2023 8:56:48 PM,Microsoft-Windows-Sysmon,5,Process terminated (rule: ProcessTerminate),"Process terminated:
RuleName: -
UtcTime: 2023-04-15 11:56:48.479
ProcessGuid: {2048537D-9100-643A-5301-000000000A00}
ProcessId: 2524
Image: C:\Windows\Microsoft.NET\Framework64\v4.0.30319\mscorsvw.exe
User: NT AUTHORITY\SYSTEM"
Information,4/15/2023 8:56:48 PM,Microsoft-Windows-Sysmon,5,Process terminated (rule: ProcessTerminate),"Process terminated:
RuleName: -
UtcTime: 2023-04-15 11:56:48.463
ProcessGuid: {2048537D-9100-643A-5201-000000000A00}
ProcessId: 4416
Image: C:\Windows\Microsoft.NET\Framework64\v4.0.30319\mscorsvw.exe
User: NT AUTHORITY\SYSTEM"
Information,4/15/2023 8:56:48 PM,Microsoft-Windows-Sysmon,1,Process Create (rule: ProcessCreate),"Process Create:
RuleName: -
UtcTime: 2023-04-15 11:56:48.473
ProcessGuid: {2048537D-9100-643A-5301-000000000A00}
ProcessId: 2524
Image: C:\Windows\Microsoft.NET\Framework64\v4.0.30319\mscorsvw.exe
FileVersion: 4.6.1586.0 built by: NETFXREL2
Description: .NET Runtime Optimization Service
Product: Microsoft® .NET Framework
Company: Microsoft Corporation
OriginalFileName: mscorsvw.exe
CommandLine: C:\Windows\Microsoft.NET\Framework64\v4.0.30319\mscorsvw.exe -StartupEvent 194 -InterruptEvent 0 -NGENProcess 43c -Pipe 424 -Comment ""NGen Worker Process""
CurrentDirectory: C:\Windows\system32\
User: NT AUTHORITY\SYSTEM
LogonGuid: {2048537D-8D03-643A-E703-000000000000}
LogonId: 0x3E7
TerminalSessionId: 0
IntegrityLevel: System
Hashes: SHA256=CB11A32CB4BDEAC24DF1725B583B12FFC326712C5B021EC0595931C0A9245C74
ParentProcessGuid: {2048537D-90FC-643A-C900-000000000A00}
ParentProcessId: 4524
ParentImage: C:\Windows\Microsoft.NET\Framework64\v4.0.30319\ngen.exe
ParentCommandLine: ""C:\Windows\Microsoft.NET\Framework64\v4.0.30319\ngen.exe"" ExecuteQueuedItems /LegacyServiceBehavior
ParentUser: NT AUTHORITY\SYSTEM"
Information,4/15/2023 8:56:48 PM,Microsoft-Windows-Sysmon,5,Process terminated (rule: ProcessTerminate),"Process terminated:
RuleName: -
UtcTime: 2023-04-15 11:56:48.448
ProcessGuid: {2048537D-9100-643A-5101-000000000A00}
ProcessId: 4872
Image: C:\Windows\Microsoft.NET\Framework64\v4.0.30319\mscorsvw.exe
User: NT AUTHORITY\SYSTEM"
Information,4/15/2023 8:56:48 PM,Microsoft-Windows-Sysmon,1,Process Create (rule: ProcessCreate),"Process Create:
RuleName: -
UtcTime: 2023-04-15 11:56:48.453
ProcessGuid: {2048537D-9100-643A-5201-000000000A00}
ProcessId: 4416
Image: C:\Windows\Microsoft.NET\Framework64\v4.0.30319\mscorsvw.exe
FileVersion: 4.6.1586.0 built by: NETFXREL2
Description: .NET Runtime Optimization Service
Product: Microsoft® .NET Framework
Company: Microsoft Corporation
OriginalFileName: mscorsvw.exe
CommandLine: C:\Windows\Microsoft.NET\Framework64\v4.0.30319\mscorsvw.exe -StartupEvent 41c -InterruptEvent 0 -NGENProcess 404 -Pipe 420 -Comment ""NGen Worker Process""
CurrentDirectory: C:\Windows\system32\
User: NT AUTHORITY\SYSTEM
LogonGuid: {2048537D-8D03-643A-E703-000000000000}
LogonId: 0x3E7
TerminalSessionId: 0
IntegrityLevel: System
Hashes: SHA256=CB11A32CB4BDEAC24DF1725B583B12FFC326712C5B021EC0595931C0A9245C74
ParentProcessGuid: {2048537D-90FC-643A-C900-000000000A00}
ParentProcessId: 4524
ParentImage: C:\Windows\Microsoft.NET\Framework64\v4.0.30319\ngen.exe
ParentCommandLine: ""C:\Windows\Microsoft.NET\Framework64\v4.0.30319\ngen.exe"" ExecuteQueuedItems /LegacyServiceBehavior
ParentUser: NT AUTHORITY\SYSTEM"
Information,4/15/2023 8:56:48 PM,Microsoft-Windows-Sysmon,5,Process terminated (rule: ProcessTerminate),"Process terminated:
RuleName: -
UtcTime: 2023-04-15 11:56:48.432
ProcessGuid: {2048537D-9100-643A-5001-000000000A00}
ProcessId: 896
Image: C:\Windows\Microsoft.NET\Framework64\v4.0.30319\mscorsvw.exe
User: NT AUTHORITY\SYSTEM"
Information,4/15/2023 8:56:48 PM,Microsoft-Windows-Sysmon,1,Process Create (rule: ProcessCreate),"Process Create:
RuleName: -
UtcTime: 2023-04-15 11:56:48.434
ProcessGuid: {2048537D-9100-643A-5101-000000000A00}
ProcessId: 4872
Image: C:\Windows\Microsoft.NET\Framework64\v4.0.30319\mscorsvw.exe
FileVersion: 4.6.1586.0 built by: NETFXREL2
Description: .NET Runtime Optimization Service
Product: Microsoft® .NET Framework
Company: Microsoft Corporation
OriginalFileName: mscorsvw.exe
CommandLine: C:\Windows\Microsoft.NET\Framework64\v4.0.30319\mscorsvw.exe -StartupEvent 418 -InterruptEvent 0 -NGENProcess 420 -Pipe 428 -Comment ""NGen Worker Process""
CurrentDirectory: C:\Windows\system32\
User: NT AUTHORITY\SYSTEM
LogonGuid: {2048537D-8D03-643A-E703-000000000000}
LogonId: 0x3E7
TerminalSessionId: 0
IntegrityLevel: System
Hashes: SHA256=CB11A32CB4BDEAC24DF1725B583B12FFC326712C5B021EC0595931C0A9245C74
ParentProcessGuid: {2048537D-90FC-643A-C900-000000000A00}
ParentProcessId: 4524
ParentImage: C:\Windows\Microsoft.NET\Framework64\v4.0.30319\ngen.exe
ParentCommandLine: ""C:\Windows\Microsoft.NET\Framework64\v4.0.30319\ngen.exe"" ExecuteQueuedItems /LegacyServiceBehavior
ParentUser: NT AUTHORITY\SYSTEM"
Information,4/15/2023 8:56:48 PM,Microsoft-Windows-Sysmon,5,Process terminated (rule: ProcessTerminate),"Process terminated:
RuleName: -
UtcTime: 2023-04-15 11:56:48.401
ProcessGuid: {2048537D-9100-643A-4F01-000000000A00}
ProcessId: 4772
Image: C:\Windows\Microsoft.NET\Framework64\v4.0.30319\mscorsvw.exe
User: NT AUTHORITY\SYSTEM"
Information,4/15/2023 8:56:48 PM,Microsoft-Windows-Sysmon,1,Process Create (rule: ProcessCreate),"Process Create:
RuleName: -
UtcTime: 2023-04-15 11:56:48.412
ProcessGuid: {2048537D-9100-643A-5001-000000000A00}
ProcessId: 896
Image: C:\Windows\Microsoft.NET\Framework64\v4.0.30319\mscorsvw.exe
FileVersion: 4.6.1586.0 built by: NETFXREL2
Description: .NET Runtime Optimization Service
Product: Microsoft® .NET Framework
Company: Microsoft Corporation
OriginalFileName: mscorsvw.exe
CommandLine: C:\Windows\Microsoft.NET\Framework64\v4.0.30319\mscorsvw.exe -StartupEvent 404 -InterruptEvent 0 -NGENProcess 428 -Pipe 42c -Comment ""NGen Worker Process""
CurrentDirectory: C:\Windows\system32\
User: NT AUTHORITY\SYSTEM
LogonGuid: {2048537D-8D03-643A-E703-000000000000}
LogonId: 0x3E7
TerminalSessionId: 0
IntegrityLevel: System
Hashes: SHA256=CB11A32CB4BDEAC24DF1725B583B12FFC326712C5B021EC0595931C0A9245C74
ParentProcessGuid: {2048537D-90FC-643A-C900-000000000A00}
ParentProcessId: 4524
ParentImage: C:\Windows\Microsoft.NET\Framework64\v4.0.30319\ngen.exe
ParentCommandLine: ""C:\Windows\Microsoft.NET\Framework64\v4.0.30319\ngen.exe"" ExecuteQueuedItems /LegacyServiceBehavior
ParentUser: NT AUTHORITY\SYSTEM"
Information,4/15/2023 8:56:48 PM,Microsoft-Windows-Sysmon,5,Process terminated (rule: ProcessTerminate),"Process terminated:
RuleName: -
UtcTime: 2023-04-15 11:56:48.385
ProcessGuid: {2048537D-9100-643A-4E01-000000000A00}
ProcessId: 4812
Image: C:\Windows\Microsoft.NET\Framework64\v4.0.30319\mscorsvw.exe
User: NT AUTHORITY\SYSTEM"
Information,4/15/2023 8:56:48 PM,Microsoft-Windows-Sysmon,1,Process Create (rule: ProcessCreate),"Process Create:
RuleName: -
UtcTime: 2023-04-15 11:56:48.396
ProcessGuid: {2048537D-9100-643A-4F01-000000000A00}
ProcessId: 4772
Image: C:\Windows\Microsoft.NET\Framework64\v4.0.30319\mscorsvw.exe
FileVersion: 4.6.1586.0 built by: NETFXREL2
Description: .NET Runtime Optimization Service
Product: Microsoft® .NET Framework
Company: Microsoft Corporation
OriginalFileName: mscorsvw.exe
CommandLine: C:\Windows\Microsoft.NET\Framework64\v4.0.30319\mscorsvw.exe -StartupEvent 420 -InterruptEvent 0 -NGENProcess 42c -Pipe 414 -Comment ""NGen Worker Process""
CurrentDirectory: C:\Windows\system32\
User: NT AUTHORITY\SYSTEM
LogonGuid: {2048537D-8D03-643A-E703-000000000000}
LogonId: 0x3E7
TerminalSessionId: 0
IntegrityLevel: System
Hashes: SHA256=CB11A32CB4BDEAC24DF1725B583B12FFC326712C5B021EC0595931C0A9245C74
ParentProcessGuid: {2048537D-90FC-643A-C900-000000000A00}
ParentProcessId: 4524
ParentImage: C:\Windows\Microsoft.NET\Framework64\v4.0.30319\ngen.exe
ParentCommandLine: ""C:\Windows\Microsoft.NET\Framework64\v4.0.30319\ngen.exe"" ExecuteQueuedItems /LegacyServiceBehavior
ParentUser: NT AUTHORITY\SYSTEM"
Information,4/15/2023 8:56:48 PM,Microsoft-Windows-Sysmon,5,Process terminated (rule: ProcessTerminate),"Process terminated:
RuleName: -
UtcTime: 2023-04-15 11:56:48.369
ProcessGuid: {2048537D-9100-643A-4D01-000000000A00}
ProcessId: 4948
Image: C:\Windows\Microsoft.NET\Framework64\v4.0.30319\mscorsvw.exe
User: NT AUTHORITY\SYSTEM"
Information,4/15/2023 8:56:48 PM,Microsoft-Windows-Sysmon,1,Process Create (rule: ProcessCreate),"Process Create:
RuleName: -
UtcTime: 2023-04-15 11:56:48.372
ProcessGuid: {2048537D-9100-643A-4E01-000000000A00}
ProcessId: 4812
Image: C:\Windows\Microsoft.NET\Framework64\v4.0.30319\mscorsvw.exe
FileVersion: 4.6.1586.0 built by: NETFXREL2
Description: .NET Runtime Optimization Service
Product: Microsoft® .NET Framework
Company: Microsoft Corporation
OriginalFileName: mscorsvw.exe
CommandLine: C:\Windows\Microsoft.NET\Framework64\v4.0.30319\mscorsvw.exe -StartupEvent 428 -InterruptEvent 0 -NGENProcess 414 -Pipe 388 -Comment ""NGen Worker Process""
CurrentDirectory: C:\Windows\system32\
User: NT AUTHORITY\SYSTEM
LogonGuid: {2048537D-8D03-643A-E703-000000000000}
LogonId: 0x3E7
TerminalSessionId: 0
IntegrityLevel: System
Hashes: SHA256=CB11A32CB4BDEAC24DF1725B583B12FFC326712C5B021EC0595931C0A9245C74
ParentProcessGuid: {2048537D-90FC-643A-C900-000000000A00}
ParentProcessId: 4524
ParentImage: C:\Windows\Microsoft.NET\Framework64\v4.0.30319\ngen.exe
ParentCommandLine: ""C:\Windows\Microsoft.NET\Framework64\v4.0.30319\ngen.exe"" ExecuteQueuedItems /LegacyServiceBehavior
ParentUser: NT AUTHORITY\SYSTEM"
Information,4/15/2023 8:56:48 PM,Microsoft-Windows-Sysmon,5,Process terminated (rule: ProcessTerminate),"Process terminated:
RuleName: -
UtcTime: 2023-04-15 11:56:48.338
ProcessGuid: {2048537D-9100-643A-4C01-000000000A00}
ProcessId: 4408
Image: C:\Windows\Microsoft.NET\Framework64\v4.0.30319\mscorsvw.exe
User: NT AUTHORITY\SYSTEM"
Information,4/15/2023 8:56:48 PM,Microsoft-Windows-Sysmon,1,Process Create (rule: ProcessCreate),"Process Create:
RuleName: -
UtcTime: 2023-04-15 11:56:48.352
ProcessGuid: {2048537D-9100-643A-4D01-000000000A00}
ProcessId: 4948
Image: C:\Windows\Microsoft.NET\Framework64\v4.0.30319\mscorsvw.exe
FileVersion: 4.6.1586.0 built by: NETFXREL2
Description: .NET Runtime Optimization Service
Product: Microsoft® .NET Framework
Company: Microsoft Corporation
OriginalFileName: mscorsvw.exe
CommandLine: C:\Windows\Microsoft.NET\Framework64\v4.0.30319\mscorsvw.exe -StartupEvent 208 -InterruptEvent 0 -NGENProcess 418 -Pipe 410 -Comment ""NGen Worker Process""
CurrentDirectory: C:\Windows\system32\
User: NT AUTHORITY\SYSTEM
LogonGuid: {2048537D-8D03-643A-E703-000000000000}
LogonId: 0x3E7
TerminalSessionId: 0
IntegrityLevel: System
Hashes: SHA256=CB11A32CB4BDEAC24DF1725B583B12FFC326712C5B021EC0595931C0A9245C74
ParentProcessGuid: {2048537D-90FC-643A-C900-000000000A00}
ParentProcessId: 4524
ParentImage: C:\Windows\Microsoft.NET\Framework64\v4.0.30319\ngen.exe
ParentCommandLine: ""C:\Windows\Microsoft.NET\Framework64\v4.0.30319\ngen.exe"" ExecuteQueuedItems /LegacyServiceBehavior
ParentUser: NT AUTHORITY\SYSTEM"
Information,4/15/2023 8:56:48 PM,Microsoft-Windows-Sysmon,1,Process Create (rule: ProcessCreate),"Process Create:
RuleName: -
UtcTime: 2023-04-15 11:56:48.328
ProcessGuid: {2048537D-9100-643A-4C01-000000000A00}
ProcessId: 4408
Image: C:\Windows\Microsoft.NET\Framework64\v4.0.30319\mscorsvw.exe
FileVersion: 4.6.1586.0 built by: NETFXREL2
Description: .NET Runtime Optimization Service
Product: Microsoft® .NET Framework
Company: Microsoft Corporation
OriginalFileName: mscorsvw.exe
CommandLine: C:\Windows\Microsoft.NET\Framework64\v4.0.30319\mscorsvw.exe -StartupEvent 40c -InterruptEvent 0 -NGENProcess 410 -Pipe 25c -Comment ""NGen Worker Process""
CurrentDirectory: C:\Windows\system32\
User: NT AUTHORITY\SYSTEM
LogonGuid: {2048537D-8D03-643A-E703-000000000000}
LogonId: 0x3E7
TerminalSessionId: 0
IntegrityLevel: System
Hashes: SHA256=CB11A32CB4BDEAC24DF1725B583B12FFC326712C5B021EC0595931C0A9245C74
ParentProcessGuid: {2048537D-90FC-643A-C900-000000000A00}
ParentProcessId: 4524
ParentImage: C:\Windows\Microsoft.NET\Framework64\v4.0.30319\ngen.exe
ParentCommandLine: ""C:\Windows\Microsoft.NET\Framework64\v4.0.30319\ngen.exe"" ExecuteQueuedItems /LegacyServiceBehavior
ParentUser: NT AUTHORITY\SYSTEM"
Information,4/15/2023 8:56:48 PM,Microsoft-Windows-Sysmon,5,Process terminated (rule: ProcessTerminate),"Process terminated:
RuleName: -
UtcTime: 2023-04-15 11:56:48.323
ProcessGuid: {2048537D-9100-643A-4B01-000000000A00}
ProcessId: 2864
Image: C:\Windows\Microsoft.NET\Framework64\v4.0.30319\mscorsvw.exe
User: NT AUTHORITY\SYSTEM"
Information,4/15/2023 8:56:48 PM,Microsoft-Windows-Sysmon,5,Process terminated (rule: ProcessTerminate),"Process terminated:
RuleName: -
UtcTime: 2023-04-15 11:56:48.307
ProcessGuid: {2048537D-9100-643A-4A01-000000000A00}
ProcessId: 3984
Image: C:\Windows\Microsoft.NET\Framework64\v4.0.30319\mscorsvw.exe
User: NT AUTHORITY\SYSTEM"
Information,4/15/2023 8:56:48 PM,Microsoft-Windows-Sysmon,1,Process Create (rule: ProcessCreate),"Process Create:
RuleName: -
UtcTime: 2023-04-15 11:56:48.310
ProcessGuid: {2048537D-9100-643A-4B01-000000000A00}
ProcessId: 2864
Image: C:\Windows\Microsoft.NET\Framework64\v4.0.30319\mscorsvw.exe
FileVersion: 4.6.1586.0 built by: NETFXREL2
Description: .NET Runtime Optimization Service
Product: Microsoft® .NET Framework
Company: Microsoft Corporation
OriginalFileName: mscorsvw.exe
CommandLine: C:\Windows\Microsoft.NET\Framework64\v4.0.30319\mscorsvw.exe -StartupEvent 404 -InterruptEvent 0 -NGENProcess 1d4 -Pipe 270 -Comment ""NGen Worker Process""
CurrentDirectory: C:\Windows\system32\
User: NT AUTHORITY\SYSTEM
LogonGuid: {2048537D-8D03-643A-E703-000000000000}
LogonId: 0x3E7
TerminalSessionId: 0
IntegrityLevel: System
Hashes: SHA256=CB11A32CB4BDEAC24DF1725B583B12FFC326712C5B021EC0595931C0A9245C74
ParentProcessGuid: {2048537D-90FC-643A-C900-000000000A00}
ParentProcessId: 4524
ParentImage: C:\Windows\Microsoft.NET\Framework64\v4.0.30319\ngen.exe
ParentCommandLine: ""C:\Windows\Microsoft.NET\Framework64\v4.0.30319\ngen.exe"" ExecuteQueuedItems /LegacyServiceBehavior
ParentUser: NT AUTHORITY\SYSTEM"
Information,4/15/2023 8:56:48 PM,Microsoft-Windows-Sysmon,5,Process terminated (rule: ProcessTerminate),"Process terminated:
RuleName: -
UtcTime: 2023-04-15 11:56:48.276
ProcessGuid: {2048537D-9100-643A-4901-000000000A00}
ProcessId: 4088
Image: C:\Windows\Microsoft.NET\Framework64\v4.0.30319\mscorsvw.exe
User: NT AUTHORITY\SYSTEM"
Information,4/15/2023 8:56:48 PM,Microsoft-Windows-Sysmon,1,Process Create (rule: ProcessCreate),"Process Create:
RuleName: -
UtcTime: 2023-04-15 11:56:48.289
ProcessGuid: {2048537D-9100-643A-4A01-000000000A00}
ProcessId: 3984
Image: C:\Windows\Microsoft.NET\Framework64\v4.0.30319\mscorsvw.exe
FileVersion: 4.6.1586.0 built by: NETFXREL2
Description: .NET Runtime Optimization Service
Product: Microsoft® .NET Framework
Company: Microsoft Corporation
OriginalFileName: mscorsvw.exe
CommandLine: C:\Windows\Microsoft.NET\Framework64\v4.0.30319\mscorsvw.exe -StartupEvent 388 -InterruptEvent 0 -NGENProcess 270 -Pipe 3a8 -Comment ""NGen Worker Process""
CurrentDirectory: C:\Windows\system32\
User: NT AUTHORITY\SYSTEM
LogonGuid: {2048537D-8D03-643A-E703-000000000000}
LogonId: 0x3E7
TerminalSessionId: 0
IntegrityLevel: System
Hashes: SHA256=CB11A32CB4BDEAC24DF1725B583B12FFC326712C5B021EC0595931C0A9245C74
ParentProcessGuid: {2048537D-90FC-643A-C900-000000000A00}
ParentProcessId: 4524
ParentImage: C:\Windows\Microsoft.NET\Framework64\v4.0.30319\ngen.exe
ParentCommandLine: ""C:\Windows\Microsoft.NET\Framework64\v4.0.30319\ngen.exe"" ExecuteQueuedItems /LegacyServiceBehavior
ParentUser: NT AUTHORITY\SYSTEM"
Information,4/15/2023 8:56:48 PM,Microsoft-Windows-Sysmon,5,Process terminated (rule: ProcessTerminate),"Process terminated:
RuleName: -
UtcTime: 2023-04-15 11:56:48.260
ProcessGuid: {2048537D-9100-643A-4801-000000000A00}
ProcessId: 4616
Image: C:\Windows\Microsoft.NET\Framework64\v4.0.30319\mscorsvw.exe
User: NT AUTHORITY\SYSTEM"
Information,4/15/2023 8:56:48 PM,Microsoft-Windows-Sysmon,1,Process Create (rule: ProcessCreate),"Process Create:
RuleName: -
UtcTime: 2023-04-15 11:56:48.265
ProcessGuid: {2048537D-9100-643A-4901-000000000A00}
ProcessId: 4088
Image: C:\Windows\Microsoft.NET\Framework64\v4.0.30319\mscorsvw.exe
FileVersion: 4.6.1586.0 built by: NETFXREL2
Description: .NET Runtime Optimization Service
Product: Microsoft® .NET Framework
Company: Microsoft Corporation
OriginalFileName: mscorsvw.exe
CommandLine: C:\Windows\Microsoft.NET\Framework64\v4.0.30319\mscorsvw.exe -StartupEvent 1e8 -InterruptEvent 0 -NGENProcess 208 -Pipe 1d8 -Comment ""NGen Worker Process""
CurrentDirectory: C:\Windows\system32\
User: NT AUTHORITY\SYSTEM
LogonGuid: {2048537D-8D03-643A-E703-000000000000}
LogonId: 0x3E7
TerminalSessionId: 0
IntegrityLevel: System
Hashes: SHA256=CB11A32CB4BDEAC24DF1725B583B12FFC326712C5B021EC0595931C0A9245C74
ParentProcessGuid: {2048537D-90FC-643A-C900-000000000A00}
ParentProcessId: 4524
ParentImage: C:\Windows\Microsoft.NET\Framework64\v4.0.30319\ngen.exe
ParentCommandLine: ""C:\Windows\Microsoft.NET\Framework64\v4.0.30319\ngen.exe"" ExecuteQueuedItems /LegacyServiceBehavior
ParentUser: NT AUTHORITY\SYSTEM"
Information,4/15/2023 8:56:48 PM,Microsoft-Windows-Sysmon,5,Process terminated (rule: ProcessTerminate),"Process terminated:
RuleName: -
UtcTime: 2023-04-15 11:56:48.240
ProcessGuid: {2048537D-9100-643A-4701-000000000A00}
ProcessId: 3148
Image: C:\Windows\Microsoft.NET\Framework64\v4.0.30319\mscorsvw.exe
User: NT AUTHORITY\SYSTEM"
Information,4/15/2023 8:56:48 PM,Microsoft-Windows-Sysmon,1,Process Create (rule: ProcessCreate),"Process Create:
RuleName: -
UtcTime: 2023-04-15 11:56:48.248
ProcessGuid: {2048537D-9100-643A-4801-000000000A00}
ProcessId: 4616
Image: C:\Windows\Microsoft.NET\Framework64\v4.0.30319\mscorsvw.exe
FileVersion: 4.6.1586.0 built by: NETFXREL2
Description: .NET Runtime Optimization Service
Product: Microsoft® .NET Framework
Company: Microsoft Corporation
OriginalFileName: mscorsvw.exe
CommandLine: C:\Windows\Microsoft.NET\Framework64\v4.0.30319\mscorsvw.exe -StartupEvent 25c -InterruptEvent 0 -NGENProcess 1d8 -Pipe 278 -Comment ""NGen Worker Process""
CurrentDirectory: C:\Windows\system32\
User: NT AUTHORITY\SYSTEM
LogonGuid: {2048537D-8D03-643A-E703-000000000000}
LogonId: 0x3E7
TerminalSessionId: 0
IntegrityLevel: System
Hashes: SHA256=CB11A32CB4BDEAC24DF1725B583B12FFC326712C5B021EC0595931C0A9245C74
ParentProcessGuid: {2048537D-90FC-643A-C900-000000000A00}
ParentProcessId: 4524
ParentImage: C:\Windows\Microsoft.NET\Framework64\v4.0.30319\ngen.exe
ParentCommandLine: ""C:\Windows\Microsoft.NET\Framework64\v4.0.30319\ngen.exe"" ExecuteQueuedItems /LegacyServiceBehavior
ParentUser: NT AUTHORITY\SYSTEM"
Information,4/15/2023 8:56:48 PM,Microsoft-Windows-Sysmon,5,Process terminated (rule: ProcessTerminate),"Process terminated:
RuleName: -
UtcTime: 2023-04-15 11:56:48.221
ProcessGuid: {2048537D-9100-643A-4601-000000000A00}
ProcessId: 4176
Image: C:\Windows\Microsoft.NET\Framework64\v4.0.30319\mscorsvw.exe
User: NT AUTHORITY\SYSTEM"
Information,4/15/2023 8:56:48 PM,Microsoft-Windows-Sysmon,1,Process Create (rule: ProcessCreate),"Process Create:
RuleName: -
UtcTime: 2023-04-15 11:56:48.226
ProcessGuid: {2048537D-9100-643A-4701-000000000A00}
ProcessId: 3148
Image: C:\Windows\Microsoft.NET\Framework64\v4.0.30319\mscorsvw.exe
FileVersion: 4.6.1586.0 built by: NETFXREL2
Description: .NET Runtime Optimization Service
Product: Microsoft® .NET Framework
Company: Microsoft Corporation
OriginalFileName: mscorsvw.exe
CommandLine: C:\Windows\Microsoft.NET\Framework64\v4.0.30319\mscorsvw.exe -StartupEvent 208 -InterruptEvent 0 -NGENProcess 278 -Pipe 26c -Comment ""NGen Worker Process""
CurrentDirectory: C:\Windows\system32\
User: NT AUTHORITY\SYSTEM
LogonGuid: {2048537D-8D03-643A-E703-000000000000}
LogonId: 0x3E7
TerminalSessionId: 0
IntegrityLevel: System
Hashes: SHA256=CB11A32CB4BDEAC24DF1725B583B12FFC326712C5B021EC0595931C0A9245C74
ParentProcessGuid: {2048537D-90FC-643A-C900-000000000A00}
ParentProcessId: 4524
ParentImage: C:\Windows\Microsoft.NET\Framework64\v4.0.30319\ngen.exe
ParentCommandLine: ""C:\Windows\Microsoft.NET\Framework64\v4.0.30319\ngen.exe"" ExecuteQueuedItems /LegacyServiceBehavior
ParentUser: NT AUTHORITY\SYSTEM"
Information,4/15/2023 8:56:48 PM,Microsoft-Windows-Sysmon,5,Process terminated (rule: ProcessTerminate),"Process terminated:
RuleName: -
UtcTime: 2023-04-15 11:56:48.186
ProcessGuid: {2048537D-9100-643A-4501-000000000A00}
ProcessId: 4224
Image: C:\Windows\Microsoft.NET\Framework64\v4.0.30319\mscorsvw.exe
User: NT AUTHORITY\SYSTEM"
Information,4/15/2023 8:56:48 PM,Microsoft-Windows-Sysmon,1,Process Create (rule: ProcessCreate),"Process Create:
RuleName: -
UtcTime: 2023-04-15 11:56:48.197
ProcessGuid: {2048537D-9100-643A-4601-000000000A00}
ProcessId: 4176
Image: C:\Windows\Microsoft.NET\Framework64\v4.0.30319\mscorsvw.exe
FileVersion: 4.6.1586.0 built by: NETFXREL2
Description: .NET Runtime Optimization Service
Product: Microsoft® .NET Framework
Company: Microsoft Corporation
OriginalFileName: mscorsvw.exe
CommandLine: C:\Windows\Microsoft.NET\Framework64\v4.0.30319\mscorsvw.exe -StartupEvent 1d8 -InterruptEvent 0 -NGENProcess 26c -Pipe 3d8 -Comment ""NGen Worker Process""
CurrentDirectory: C:\Windows\system32\
User: NT AUTHORITY\SYSTEM
LogonGuid: {2048537D-8D03-643A-E703-000000000000}
LogonId: 0x3E7
TerminalSessionId: 0
IntegrityLevel: System
Hashes: SHA256=CB11A32CB4BDEAC24DF1725B583B12FFC326712C5B021EC0595931C0A9245C74
ParentProcessGuid: {2048537D-90FC-643A-C900-000000000A00}
ParentProcessId: 4524
ParentImage: C:\Windows\Microsoft.NET\Framework64\v4.0.30319\ngen.exe
ParentCommandLine: ""C:\Windows\Microsoft.NET\Framework64\v4.0.30319\ngen.exe"" ExecuteQueuedItems /LegacyServiceBehavior
ParentUser: NT AUTHORITY\SYSTEM"
Information,4/15/2023 8:56:48 PM,Microsoft-Windows-Sysmon,5,Process terminated (rule: ProcessTerminate),"Process terminated:
RuleName: -
UtcTime: 2023-04-15 11:56:48.166
ProcessGuid: {2048537D-9100-643A-4401-000000000A00}
ProcessId: 1408
Image: C:\Windows\Microsoft.NET\Framework64\v4.0.30319\mscorsvw.exe
User: NT AUTHORITY\SYSTEM"
Information,4/15/2023 8:56:48 PM,Microsoft-Windows-Sysmon,1,Process Create (rule: ProcessCreate),"Process Create:
RuleName: -
UtcTime: 2023-04-15 11:56:48.171
ProcessGuid: {2048537D-9100-643A-4501-000000000A00}
ProcessId: 4224
Image: C:\Windows\Microsoft.NET\Framework64\v4.0.30319\mscorsvw.exe
FileVersion: 4.6.1586.0 built by: NETFXREL2
Description: .NET Runtime Optimization Service
Product: Microsoft® .NET Framework
Company: Microsoft Corporation
OriginalFileName: mscorsvw.exe
CommandLine: C:\Windows\Microsoft.NET\Framework64\v4.0.30319\mscorsvw.exe -StartupEvent 1d4 -InterruptEvent 0 -NGENProcess 25c -Pipe 218 -Comment ""NGen Worker Process""
CurrentDirectory: C:\Windows\system32\
User: NT AUTHORITY\SYSTEM
LogonGuid: {2048537D-8D03-643A-E703-000000000000}
LogonId: 0x3E7
TerminalSessionId: 0
IntegrityLevel: System
Hashes: SHA256=CB11A32CB4BDEAC24DF1725B583B12FFC326712C5B021EC0595931C0A9245C74
ParentProcessGuid: {2048537D-90FC-643A-C900-000000000A00}
ParentProcessId: 4524
ParentImage: C:\Windows\Microsoft.NET\Framework64\v4.0.30319\ngen.exe
ParentCommandLine: ""C:\Windows\Microsoft.NET\Framework64\v4.0.30319\ngen.exe"" ExecuteQueuedItems /LegacyServiceBehavior
ParentUser: NT AUTHORITY\SYSTEM"
Information,4/15/2023 8:56:48 PM,Microsoft-Windows-Sysmon,5,Process terminated (rule: ProcessTerminate),"Process terminated:
RuleName: -
UtcTime: 2023-04-15 11:56:48.146
ProcessGuid: {2048537D-9100-643A-4301-000000000A00}
ProcessId: 4852
Image: C:\Windows\Microsoft.NET\Framework64\v4.0.30319\mscorsvw.exe
User: NT AUTHORITY\SYSTEM"
Information,4/15/2023 8:56:48 PM,Microsoft-Windows-Sysmon,1,Process Create (rule: ProcessCreate),"Process Create:
RuleName: -
UtcTime: 2023-04-15 11:56:48.146
ProcessGuid: {2048537D-9100-643A-4401-000000000A00}
ProcessId: 1408
Image: C:\Windows\Microsoft.NET\Framework64\v4.0.30319\mscorsvw.exe
FileVersion: 4.6.1586.0 built by: NETFXREL2
Description: .NET Runtime Optimization Service
Product: Microsoft® .NET Framework
Company: Microsoft Corporation
OriginalFileName: mscorsvw.exe
CommandLine: C:\Windows\Microsoft.NET\Framework64\v4.0.30319\mscorsvw.exe -StartupEvent 270 -InterruptEvent 0 -NGENProcess 218 -Pipe 280 -Comment ""NGen Worker Process""
CurrentDirectory: C:\Windows\system32\
User: NT AUTHORITY\SYSTEM
LogonGuid: {2048537D-8D03-643A-E703-000000000000}
LogonId: 0x3E7
TerminalSessionId: 0
IntegrityLevel: System
Hashes: SHA256=CB11A32CB4BDEAC24DF1725B583B12FFC326712C5B021EC0595931C0A9245C74
ParentProcessGuid: {2048537D-90FC-643A-C900-000000000A00}
ParentProcessId: 4524
ParentImage: C:\Windows\Microsoft.NET\Framework64\v4.0.30319\ngen.exe
ParentCommandLine: ""C:\Windows\Microsoft.NET\Framework64\v4.0.30319\ngen.exe"" ExecuteQueuedItems /LegacyServiceBehavior
ParentUser: NT AUTHORITY\SYSTEM"
Information,4/15/2023 8:56:48 PM,Microsoft-Windows-Sysmon,5,Process terminated (rule: ProcessTerminate),"Process terminated:
RuleName: -
UtcTime: 2023-04-15 11:56:48.113
ProcessGuid: {2048537D-9100-643A-4201-000000000A00}
ProcessId: 4136
Image: C:\Windows\Microsoft.NET\Framework64\v4.0.30319\mscorsvw.exe
User: NT AUTHORITY\SYSTEM"
Information,4/15/2023 8:56:48 PM,Microsoft-Windows-Sysmon,1,Process Create (rule: ProcessCreate),"Process Create:
RuleName: -
UtcTime: 2023-04-15 11:56:48.120
ProcessGuid: {2048537D-9100-643A-4301-000000000A00}
ProcessId: 4852
Image: C:\Windows\Microsoft.NET\Framework64\v4.0.30319\mscorsvw.exe
FileVersion: 4.6.1586.0 built by: NETFXREL2
Description: .NET Runtime Optimization Service
Product: Microsoft® .NET Framework
Company: Microsoft Corporation
OriginalFileName: mscorsvw.exe
CommandLine: C:\Windows\Microsoft.NET\Framework64\v4.0.30319\mscorsvw.exe -StartupEvent 388 -InterruptEvent 0 -NGENProcess 278 -Pipe 394 -Comment ""NGen Worker Process""
CurrentDirectory: C:\Windows\system32\
User: NT AUTHORITY\SYSTEM
LogonGuid: {2048537D-8D03-643A-E703-000000000000}
LogonId: 0x3E7
TerminalSessionId: 0
IntegrityLevel: System
Hashes: SHA256=CB11A32CB4BDEAC24DF1725B583B12FFC326712C5B021EC0595931C0A9245C74
ParentProcessGuid: {2048537D-90FC-643A-C900-000000000A00}
ParentProcessId: 4524
ParentImage: C:\Windows\Microsoft.NET\Framework64\v4.0.30319\ngen.exe
ParentCommandLine: ""C:\Windows\Microsoft.NET\Framework64\v4.0.30319\ngen.exe"" ExecuteQueuedItems /LegacyServiceBehavior
ParentUser: NT AUTHORITY\SYSTEM"
Information,4/15/2023 8:56:48 PM,Microsoft-Windows-Sysmon,5,Process terminated (rule: ProcessTerminate),"Process terminated:
RuleName: -
UtcTime: 2023-04-15 11:56:48.066
ProcessGuid: {2048537D-9100-643A-4101-000000000A00}
ProcessId: 4312
Image: C:\Windows\Microsoft.NET\Framework64\v4.0.30319\mscorsvw.exe
User: NT AUTHORITY\SYSTEM"
Information,4/15/2023 8:56:48 PM,Microsoft-Windows-Sysmon,1,Process Create (rule: ProcessCreate),"Process Create:
RuleName: -
UtcTime: 2023-04-15 11:56:48.082
ProcessGuid: {2048537D-9100-643A-4201-000000000A00}
ProcessId: 4136
Image: C:\Windows\Microsoft.NET\Framework64\v4.0.30319\mscorsvw.exe
FileVersion: 4.6.1586.0 built by: NETFXREL2
Description: .NET Runtime Optimization Service
Product: Microsoft® .NET Framework
Company: Microsoft Corporation
OriginalFileName: mscorsvw.exe
CommandLine: C:\Windows\Microsoft.NET\Framework64\v4.0.30319\mscorsvw.exe -StartupEvent 3d8 -InterruptEvent 0 -NGENProcess 394 -Pipe 248 -Comment ""NGen Worker Process""
CurrentDirectory: C:\Windows\system32\
User: NT AUTHORITY\SYSTEM
LogonGuid: {2048537D-8D03-643A-E703-000000000000}
LogonId: 0x3E7
TerminalSessionId: 0
IntegrityLevel: System
Hashes: SHA256=CB11A32CB4BDEAC24DF1725B583B12FFC326712C5B021EC0595931C0A9245C74
ParentProcessGuid: {2048537D-90FC-643A-C900-000000000A00}
ParentProcessId: 4524
ParentImage: C:\Windows\Microsoft.NET\Framework64\v4.0.30319\ngen.exe
ParentCommandLine: ""C:\Windows\Microsoft.NET\Framework64\v4.0.30319\ngen.exe"" ExecuteQueuedItems /LegacyServiceBehavior
ParentUser: NT AUTHORITY\SYSTEM"
Information,4/15/2023 8:56:48 PM,Microsoft-Windows-Sysmon,5,Process terminated (rule: ProcessTerminate),"Process terminated:
RuleName: -
UtcTime: 2023-04-15 11:56:48.051
ProcessGuid: {2048537D-9100-643A-4001-000000000A00}
ProcessId: 4952
Image: C:\Windows\Microsoft.NET\Framework64\v4.0.30319\mscorsvw.exe
User: NT AUTHORITY\SYSTEM"
Information,4/15/2023 8:56:48 PM,Microsoft-Windows-Sysmon,1,Process Create (rule: ProcessCreate),"Process Create:
RuleName: -
UtcTime: 2023-04-15 11:56:48.056
ProcessGuid: {2048537D-9100-643A-4101-000000000A00}
ProcessId: 4312
Image: C:\Windows\Microsoft.NET\Framework64\v4.0.30319\mscorsvw.exe
FileVersion: 4.6.1586.0 built by: NETFXREL2
Description: .NET Runtime Optimization Service
Product: Microsoft® .NET Framework
Company: Microsoft Corporation
OriginalFileName: mscorsvw.exe
CommandLine: C:\Windows\Microsoft.NET\Framework64\v4.0.30319\mscorsvw.exe -StartupEvent 1d4 -InterruptEvent 0 -NGENProcess 25c -Pipe 268 -Comment ""NGen Worker Process""
CurrentDirectory: C:\Windows\system32\
User: NT AUTHORITY\SYSTEM
LogonGuid: {2048537D-8D03-643A-E703-000000000000}
LogonId: 0x3E7
TerminalSessionId: 0
IntegrityLevel: System
Hashes: SHA256=CB11A32CB4BDEAC24DF1725B583B12FFC326712C5B021EC0595931C0A9245C74
ParentProcessGuid: {2048537D-90FC-643A-C900-000000000A00}
ParentProcessId: 4524
ParentImage: C:\Windows\Microsoft.NET\Framework64\v4.0.30319\ngen.exe
ParentCommandLine: ""C:\Windows\Microsoft.NET\Framework64\v4.0.30319\ngen.exe"" ExecuteQueuedItems /LegacyServiceBehavior
ParentUser: NT AUTHORITY\SYSTEM"
Information,4/15/2023 8:56:48 PM,Microsoft-Windows-Sysmon,5,Process terminated (rule: ProcessTerminate),"Process terminated:
RuleName: -
UtcTime: 2023-04-15 11:56:48.035
ProcessGuid: {2048537D-9100-643A-3F01-000000000A00}
ProcessId: 4624
Image: C:\Windows\Microsoft.NET\Framework64\v4.0.30319\mscorsvw.exe
User: NT AUTHORITY\SYSTEM"
Information,4/15/2023 8:56:48 PM,Microsoft-Windows-Sysmon,1,Process Create (rule: ProcessCreate),"Process Create:
RuleName: -
UtcTime: 2023-04-15 11:56:48.035
ProcessGuid: {2048537D-9100-643A-4001-000000000A00}
ProcessId: 4952
Image: C:\Windows\Microsoft.NET\Framework64\v4.0.30319\mscorsvw.exe
FileVersion: 4.6.1586.0 built by: NETFXREL2
Description: .NET Runtime Optimization Service
Product: Microsoft® .NET Framework
Company: Microsoft Corporation
OriginalFileName: mscorsvw.exe
CommandLine: C:\Windows\Microsoft.NET\Framework64\v4.0.30319\mscorsvw.exe -StartupEvent 388 -InterruptEvent 0 -NGENProcess 194 -Pipe 398 -Comment ""NGen Worker Process""
CurrentDirectory: C:\Windows\system32\
User: NT AUTHORITY\SYSTEM
LogonGuid: {2048537D-8D03-643A-E703-000000000000}
LogonId: 0x3E7
TerminalSessionId: 0
IntegrityLevel: System
Hashes: SHA256=CB11A32CB4BDEAC24DF1725B583B12FFC326712C5B021EC0595931C0A9245C74
ParentProcessGuid: {2048537D-90FC-643A-C900-000000000A00}
ParentProcessId: 4524
ParentImage: C:\Windows\Microsoft.NET\Framework64\v4.0.30319\ngen.exe
ParentCommandLine: ""C:\Windows\Microsoft.NET\Framework64\v4.0.30319\ngen.exe"" ExecuteQueuedItems /LegacyServiceBehavior
ParentUser: NT AUTHORITY\SYSTEM"
Information,4/15/2023 8:56:48 PM,Microsoft-Windows-Sysmon,5,Process terminated (rule: ProcessTerminate),"Process terminated:
RuleName: -
UtcTime: 2023-04-15 11:56:48.004
ProcessGuid: {2048537D-90FF-643A-3E01-000000000A00}
ProcessId: 2812
Image: C:\Windows\Microsoft.NET\Framework64\v4.0.30319\mscorsvw.exe
User: NT AUTHORITY\SYSTEM"
Information,4/15/2023 8:56:48 PM,Microsoft-Windows-Sysmon,1,Process Create (rule: ProcessCreate),"Process Create:
RuleName: -
UtcTime: 2023-04-15 11:56:48.008
ProcessGuid: {2048537D-9100-643A-3F01-000000000A00}
ProcessId: 4624
Image: C:\Windows\Microsoft.NET\Framework64\v4.0.30319\mscorsvw.exe
FileVersion: 4.6.1586.0 built by: NETFXREL2
Description: .NET Runtime Optimization Service
Product: Microsoft® .NET Framework
Company: Microsoft Corporation
OriginalFileName: mscorsvw.exe
CommandLine: C:\Windows\Microsoft.NET\Framework64\v4.0.30319\mscorsvw.exe -StartupEvent 270 -InterruptEvent 0 -NGENProcess 3a8 -Pipe 378 -Comment ""NGen Worker Process""
CurrentDirectory: C:\Windows\system32\
User: NT AUTHORITY\SYSTEM
LogonGuid: {2048537D-8D03-643A-E703-000000000000}
LogonId: 0x3E7
TerminalSessionId: 0
IntegrityLevel: System
Hashes: SHA256=CB11A32CB4BDEAC24DF1725B583B12FFC326712C5B021EC0595931C0A9245C74
ParentProcessGuid: {2048537D-90FC-643A-C900-000000000A00}
ParentProcessId: 4524
ParentImage: C:\Windows\Microsoft.NET\Framework64\v4.0.30319\ngen.exe
ParentCommandLine: ""C:\Windows\Microsoft.NET\Framework64\v4.0.30319\ngen.exe"" ExecuteQueuedItems /LegacyServiceBehavior
ParentUser: NT AUTHORITY\SYSTEM"
Information,4/15/2023 8:56:47 PM,Microsoft-Windows-Sysmon,5,Process terminated (rule: ProcessTerminate),"Process terminated:
RuleName: -
UtcTime: 2023-04-15 11:56:47.973
ProcessGuid: {2048537D-90FF-643A-3D01-000000000A00}
ProcessId: 4564
Image: C:\Windows\Microsoft.NET\Framework64\v4.0.30319\mscorsvw.exe
User: NT AUTHORITY\SYSTEM"
Information,4/15/2023 8:56:47 PM,Microsoft-Windows-Sysmon,1,Process Create (rule: ProcessCreate),"Process Create:
RuleName: -
UtcTime: 2023-04-15 11:56:47.982
ProcessGuid: {2048537D-90FF-643A-3E01-000000000A00}
ProcessId: 2812
Image: C:\Windows\Microsoft.NET\Framework64\v4.0.30319\mscorsvw.exe
FileVersion: 4.6.1586.0 built by: NETFXREL2
Description: .NET Runtime Optimization Service
Product: Microsoft® .NET Framework
Company: Microsoft Corporation
OriginalFileName: mscorsvw.exe
CommandLine: C:\Windows\Microsoft.NET\Framework64\v4.0.30319\mscorsvw.exe -StartupEvent 248 -InterruptEvent 0 -NGENProcess 378 -Pipe 288 -Comment ""NGen Worker Process""
CurrentDirectory: C:\Windows\system32\
User: NT AUTHORITY\SYSTEM
LogonGuid: {2048537D-8D03-643A-E703-000000000000}
LogonId: 0x3E7
TerminalSessionId: 0
IntegrityLevel: System
Hashes: SHA256=CB11A32CB4BDEAC24DF1725B583B12FFC326712C5B021EC0595931C0A9245C74
ParentProcessGuid: {2048537D-90FC-643A-C900-000000000A00}
ParentProcessId: 4524
ParentImage: C:\Windows\Microsoft.NET\Framework64\v4.0.30319\ngen.exe
ParentCommandLine: ""C:\Windows\Microsoft.NET\Framework64\v4.0.30319\ngen.exe"" ExecuteQueuedItems /LegacyServiceBehavior
ParentUser: NT AUTHORITY\SYSTEM"
Information,4/15/2023 8:56:47 PM,Microsoft-Windows-Sysmon,5,Process terminated (rule: ProcessTerminate),"Process terminated:
RuleName: -
UtcTime: 2023-04-15 11:56:47.941
ProcessGuid: {2048537D-90FF-643A-3C01-000000000A00}
ProcessId: 1088
Image: C:\Windows\Microsoft.NET\Framework64\v4.0.30319\mscorsvw.exe
User: NT AUTHORITY\SYSTEM"
Information,4/15/2023 8:56:47 PM,Microsoft-Windows-Sysmon,1,Process Create (rule: ProcessCreate),"Process Create:
RuleName: -
UtcTime: 2023-04-15 11:56:47.954
ProcessGuid: {2048537D-90FF-643A-3D01-000000000A00}
ProcessId: 4564
Image: C:\Windows\Microsoft.NET\Framework64\v4.0.30319\mscorsvw.exe
FileVersion: 4.6.1586.0 built by: NETFXREL2
Description: .NET Runtime Optimization Service
Product: Microsoft® .NET Framework
Company: Microsoft Corporation
OriginalFileName: mscorsvw.exe
CommandLine: C:\Windows\Microsoft.NET\Framework64\v4.0.30319\mscorsvw.exe -StartupEvent 394 -InterruptEvent 0 -NGENProcess 3d8 -Pipe 228 -Comment ""NGen Worker Process""
CurrentDirectory: C:\Windows\system32\
User: NT AUTHORITY\SYSTEM
LogonGuid: {2048537D-8D03-643A-E703-000000000000}
LogonId: 0x3E7
TerminalSessionId: 0
IntegrityLevel: System
Hashes: SHA256=CB11A32CB4BDEAC24DF1725B583B12FFC326712C5B021EC0595931C0A9245C74
ParentProcessGuid: {2048537D-90FC-643A-C900-000000000A00}
ParentProcessId: 4524
ParentImage: C:\Windows\Microsoft.NET\Framework64\v4.0.30319\ngen.exe
ParentCommandLine: ""C:\Windows\Microsoft.NET\Framework64\v4.0.30319\ngen.exe"" ExecuteQueuedItems /LegacyServiceBehavior
ParentUser: NT AUTHORITY\SYSTEM"
Information,4/15/2023 8:56:47 PM,Microsoft-Windows-Sysmon,5,Process terminated (rule: ProcessTerminate),"Process terminated:
RuleName: -
UtcTime: 2023-04-15 11:56:47.926
ProcessGuid: {2048537D-90FF-643A-3B01-000000000A00}
ProcessId: 572
Image: C:\Windows\Microsoft.NET\Framework64\v4.0.30319\mscorsvw.exe
User: NT AUTHORITY\SYSTEM"
Information,4/15/2023 8:56:47 PM,Microsoft-Windows-Sysmon,1,Process Create (rule: ProcessCreate),"Process Create:
RuleName: -
UtcTime: 2023-04-15 11:56:47.932
ProcessGuid: {2048537D-90FF-643A-3C01-000000000A00}
ProcessId: 1088
Image: C:\Windows\Microsoft.NET\Framework64\v4.0.30319\mscorsvw.exe
FileVersion: 4.6.1586.0 built by: NETFXREL2
Description: .NET Runtime Optimization Service
Product: Microsoft® .NET Framework
Company: Microsoft Corporation
OriginalFileName: mscorsvw.exe
CommandLine: C:\Windows\Microsoft.NET\Framework64\v4.0.30319\mscorsvw.exe -StartupEvent 248 -InterruptEvent 0 -NGENProcess 388 -Pipe 3b8 -Comment ""NGen Worker Process""
CurrentDirectory: C:\Windows\system32\
User: NT AUTHORITY\SYSTEM
LogonGuid: {2048537D-8D03-643A-E703-000000000000}
LogonId: 0x3E7
TerminalSessionId: 0
IntegrityLevel: System
Hashes: SHA256=CB11A32CB4BDEAC24DF1725B583B12FFC326712C5B021EC0595931C0A9245C74
ParentProcessGuid: {2048537D-90FC-643A-C900-000000000A00}
ParentProcessId: 4524
ParentImage: C:\Windows\Microsoft.NET\Framework64\v4.0.30319\ngen.exe
ParentCommandLine: ""C:\Windows\Microsoft.NET\Framework64\v4.0.30319\ngen.exe"" ExecuteQueuedItems /LegacyServiceBehavior
ParentUser: NT AUTHORITY\SYSTEM"
Information,4/15/2023 8:56:47 PM,Microsoft-Windows-Sysmon,5,Process terminated (rule: ProcessTerminate),"Process terminated:
RuleName: -
UtcTime: 2023-04-15 11:56:47.895
ProcessGuid: {2048537D-90FF-643A-3A01-000000000A00}
ProcessId: 5008
Image: C:\Windows\Microsoft.NET\Framework64\v4.0.30319\mscorsvw.exe
User: NT AUTHORITY\SYSTEM"
Information,4/15/2023 8:56:47 PM,Microsoft-Windows-Sysmon,1,Process Create (rule: ProcessCreate),"Process Create:
RuleName: -
UtcTime: 2023-04-15 11:56:47.905
ProcessGuid: {2048537D-90FF-643A-3B01-000000000A00}
ProcessId: 572
Image: C:\Windows\Microsoft.NET\Framework64\v4.0.30319\mscorsvw.exe
FileVersion: 4.6.1586.0 built by: NETFXREL2
Description: .NET Runtime Optimization Service
Product: Microsoft® .NET Framework
Company: Microsoft Corporation
OriginalFileName: mscorsvw.exe
CommandLine: C:\Windows\Microsoft.NET\Framework64\v4.0.30319\mscorsvw.exe -StartupEvent 280 -InterruptEvent 0 -NGENProcess 3b8 -Pipe 33c -Comment ""NGen Worker Process""
CurrentDirectory: C:\Windows\system32\
User: NT AUTHORITY\SYSTEM
LogonGuid: {2048537D-8D03-643A-E703-000000000000}
LogonId: 0x3E7
TerminalSessionId: 0
IntegrityLevel: System
Hashes: SHA256=CB11A32CB4BDEAC24DF1725B583B12FFC326712C5B021EC0595931C0A9245C74
ParentProcessGuid: {2048537D-90FC-643A-C900-000000000A00}
ParentProcessId: 4524
ParentImage: C:\Windows\Microsoft.NET\Framework64\v4.0.30319\ngen.exe
ParentCommandLine: ""C:\Windows\Microsoft.NET\Framework64\v4.0.30319\ngen.exe"" ExecuteQueuedItems /LegacyServiceBehavior
ParentUser: NT AUTHORITY\SYSTEM"
Information,4/15/2023 8:56:47 PM,Microsoft-Windows-Sysmon,5,Process terminated (rule: ProcessTerminate),"Process terminated:
RuleName: -
UtcTime: 2023-04-15 11:56:47.879
ProcessGuid: {2048537D-90FF-643A-3901-000000000A00}
ProcessId: 4916
Image: C:\Windows\Microsoft.NET\Framework64\v4.0.30319\mscorsvw.exe
User: NT AUTHORITY\SYSTEM"
