Information,4/15/2023 8:42:49 PM,Microsoft-Windows-Sysmon,5,Process terminated (rule: ProcessTerminate),"Process terminated:
RuleName: -
UtcTime: 2023-04-15 11:42:49.573
ProcessGuid: {2048537D-8D62-643A-5000-000000000A00}
ProcessId: 3768
Image: C:\Windows\System32\wbem\WmiPrvSE.exe
User: NT AUTHORITY\SYSTEM"
Information,4/15/2023 8:42:49 PM,Microsoft-Windows-Sysmon,5,Process terminated (rule: ProcessTerminate),"Process terminated:
RuleName: -
UtcTime: 2023-04-15 11:42:49.108
ProcessGuid: {2048537D-8DB4-643A-6400-000000000A00}
ProcessId: 4820
Image: C:\Windows\System32\dllhost.exe
User: NT AUTHORITY\SYSTEM"
Information,4/15/2023 8:42:48 PM,Microsoft-Windows-Sysmon,1,Process Create (rule: ProcessCreate),"Process Create:
RuleName: -
UtcTime: 2023-04-15 11:42:48.443
ProcessGuid: {2048537D-8DB8-643A-6600-000000000A00}
ProcessId: 4900
Image: C:\Windows\System32\wermgr.exe
FileVersion: 10.0.14393.1884 (rs1_release.171101-1233)
Description: Windows Problem Reporting
Product: Microsoft® Windows® Operating System
Company: Microsoft Corporation
OriginalFileName: WerMgr
CommandLine: C:\Windows\system32\wermgr.exe -upload
CurrentDirectory: C:\Windows\system32\
User: NT AUTHORITY\SYSTEM
LogonGuid: {2048537D-8D03-643A-E703-000000000000}
LogonId: 0x3E7
TerminalSessionId: 0
IntegrityLevel: System
Hashes: SHA256=99A3BBD357A66BBBE00D9215277A42417D1EC243BB5B88D12324318592BBFD58
ParentProcessGuid: {00000000-0000-0000-0000-000000000000}
ParentProcessId: 952
ParentImage: -
ParentCommandLine: -
ParentUser: -"
Information,4/15/2023 8:42:48 PM,Microsoft-Windows-Sysmon,5,Process terminated (rule: ProcessTerminate),"Process terminated:
RuleName: -
UtcTime: 2023-04-15 11:42:48.256
ProcessGuid: {2048537D-8D5D-643A-4400-000000000A00}
ProcessId: 3948
Image: C:\Windows\System32\sppsvc.exe
User: NT AUTHORITY\NETWORK SERVICE"
Information,4/15/2023 8:42:48 PM,Microsoft-Windows-Sysmon,5,Process terminated (rule: ProcessTerminate),"Process terminated:
RuleName: -
UtcTime: 2023-04-15 11:42:48.256
ProcessGuid: {2048537D-8D5D-643A-4500-000000000A00}
ProcessId: 4048
Image: C:\Windows\System32\SppExtComObj.Exe
User: NT AUTHORITY\NETWORK SERVICE"
Information,4/15/2023 8:42:44 PM,Microsoft-Windows-Sysmon,1,Process Create (rule: ProcessCreate),"Process Create:
RuleName: -
UtcTime: 2023-04-15 11:42:44.115
ProcessGuid: {2048537D-8DB4-643A-6500-000000000A00}
ProcessId: 4856
Image: C:\Windows\System32\dllhost.exe
FileVersion: 10.0.14393.0 (rs1_release.160715-1616)
Description: COM Surrogate
Product: Microsoft® Windows® Operating System
Company: Microsoft Corporation
OriginalFileName: dllhost.exe
CommandLine: C:\Windows\system32\DllHost.exe /Processid:{514B5E31-5596-422F-BE58-D804464683B5}
CurrentDirectory: C:\Windows\system32\
User: EXAMPLECOMPANY\admin
LogonGuid: {2048537D-8D5D-643A-5E45-030000000000}
LogonId: 0x3455E
TerminalSessionId: 1
IntegrityLevel: High
Hashes: SHA256=EE8364C07B3F4F71FA649E0E6C4C73C15D285130E4B16E79890EEBBF89C2164E
ParentProcessGuid: {00000000-0000-0000-0000-000000000000}
ParentProcessId: 736
ParentImage: -
ParentCommandLine: -
ParentUser: -"
Information,4/15/2023 8:42:44 PM,Microsoft-Windows-Sysmon,1,Process Create (rule: ProcessCreate),"Process Create:
RuleName: -
UtcTime: 2023-04-15 11:42:44.107
ProcessGuid: {2048537D-8DB4-643A-6400-000000000A00}
ProcessId: 4820
Image: C:\Windows\System32\dllhost.exe
FileVersion: 10.0.14393.0 (rs1_release.160715-1616)
Description: COM Surrogate
Product: Microsoft® Windows® Operating System
Company: Microsoft Corporation
OriginalFileName: dllhost.exe
CommandLine: C:\Windows\system32\DllHost.exe /Processid:{E10F6C3A-F1AE-4ADC-AA9D-2FE65525666E}
CurrentDirectory: C:\Windows\system32\
User: NT AUTHORITY\SYSTEM
LogonGuid: {2048537D-8D03-643A-E703-000000000000}
LogonId: 0x3E7
TerminalSessionId: 0
IntegrityLevel: System
Hashes: SHA256=EE8364C07B3F4F71FA649E0E6C4C73C15D285130E4B16E79890EEBBF89C2164E
ParentProcessGuid: {00000000-0000-0000-0000-000000000000}
ParentProcessId: 736
ParentImage: -
ParentCommandLine: -
ParentUser: -"
Information,4/15/2023 8:42:44 PM,Microsoft-Windows-Sysmon,5,Process terminated (rule: ProcessTerminate),"Process terminated:
RuleName: -
UtcTime: 2023-04-15 11:42:44.098
ProcessGuid: {2048537D-8DB4-643A-6300-000000000A00}
ProcessId: 4732
Image: C:\Windows\System32\consent.exe
User: NT AUTHORITY\SYSTEM"
Information,4/15/2023 8:42:44 PM,Microsoft-Windows-Sysmon,1,Process Create (rule: ProcessCreate),"Process Create:
RuleName: -
UtcTime: 2023-04-15 11:42:44.076
ProcessGuid: {2048537D-8DB4-643A-6300-000000000A00}
ProcessId: 4732
Image: C:\Windows\System32\consent.exe
FileVersion: 10.0.14393.0 (rs1_release.160715-1616)
Description: Consent UI for administrative applications
Product: Microsoft® Windows® Operating System
Company: Microsoft Corporation
OriginalFileName: consent.exe
CommandLine: consent.exe 952 312 0000017479191AF0
CurrentDirectory: C:\Windows\system32\
User: NT AUTHORITY\SYSTEM
LogonGuid: {2048537D-8D03-643A-E703-000000000000}
LogonId: 0x3E7
TerminalSessionId: 1
IntegrityLevel: System
Hashes: SHA256=8B1522BA0FE25D268781C2DF68BAE2BA4991D5BD02F161E61DE1B9194AE54DFA
ParentProcessGuid: {00000000-0000-0000-0000-000000000000}
ParentProcessId: 952
ParentImage: -
ParentCommandLine: -
ParentUser: -"
Information,4/15/2023 8:42:43 PM,Microsoft-Windows-Sysmon,5,Process terminated (rule: ProcessTerminate),"Process terminated:
RuleName: -
UtcTime: 2023-04-15 11:42:43.361
ProcessGuid: {2048537D-8DAC-643A-6200-000000000A00}
ProcessId: 3944
Image: C:\Windows\System32\dllhost.exe
User: EXAMPLECOMPANY\admin"
Information,4/15/2023 8:42:41 PM,Microsoft-Windows-Sysmon,5,Process terminated (rule: ProcessTerminate),"Process terminated:
RuleName: -
UtcTime: 2023-04-15 11:42:41.836
ProcessGuid: {2048537D-8DAC-643A-6100-000000000A00}
ProcessId: 948
Image: C:\Windows\System32\dllhost.exe
User: NT AUTHORITY\SYSTEM"
Information,4/15/2023 8:42:36 PM,Microsoft-Windows-Sysmon,1,Process Create (rule: ProcessCreate),"Process Create:
RuleName: -
UtcTime: 2023-04-15 11:42:36.841
ProcessGuid: {2048537D-8DAC-643A-6200-000000000A00}
ProcessId: 3944
Image: C:\Windows\System32\dllhost.exe
FileVersion: 10.0.14393.0 (rs1_release.160715-1616)
Description: COM Surrogate
Product: Microsoft® Windows® Operating System
Company: Microsoft Corporation
OriginalFileName: dllhost.exe
CommandLine: C:\Windows\system32\DllHost.exe /Processid:{514B5E31-5596-422F-BE58-D804464683B5}
CurrentDirectory: C:\Windows\system32\
User: EXAMPLECOMPANY\admin
LogonGuid: {2048537D-8D5D-643A-5E45-030000000000}
LogonId: 0x3455E
TerminalSessionId: 1
IntegrityLevel: High
Hashes: SHA256=EE8364C07B3F4F71FA649E0E6C4C73C15D285130E4B16E79890EEBBF89C2164E
ParentProcessGuid: {00000000-0000-0000-0000-000000000000}
ParentProcessId: 736
ParentImage: -
ParentCommandLine: -
ParentUser: -"
Information,4/15/2023 8:42:36 PM,Microsoft-Windows-Sysmon,1,Process Create (rule: ProcessCreate),"Process Create:
RuleName: -
UtcTime: 2023-04-15 11:42:36.832
ProcessGuid: {2048537D-8DAC-643A-6100-000000000A00}
ProcessId: 948
Image: C:\Windows\System32\dllhost.exe
FileVersion: 10.0.14393.0 (rs1_release.160715-1616)
Description: COM Surrogate
Product: Microsoft® Windows® Operating System
Company: Microsoft Corporation
OriginalFileName: dllhost.exe
CommandLine: C:\Windows\system32\DllHost.exe /Processid:{E10F6C3A-F1AE-4ADC-AA9D-2FE65525666E}
CurrentDirectory: C:\Windows\system32\
User: NT AUTHORITY\SYSTEM
LogonGuid: {2048537D-8D03-643A-E703-000000000000}
LogonId: 0x3E7
TerminalSessionId: 0
IntegrityLevel: System
Hashes: SHA256=EE8364C07B3F4F71FA649E0E6C4C73C15D285130E4B16E79890EEBBF89C2164E
ParentProcessGuid: {00000000-0000-0000-0000-000000000000}
ParentProcessId: 736
ParentImage: -
ParentCommandLine: -
ParentUser: -"
Information,4/15/2023 8:42:36 PM,Microsoft-Windows-Sysmon,5,Process terminated (rule: ProcessTerminate),"Process terminated:
RuleName: -
UtcTime: 2023-04-15 11:42:36.820
ProcessGuid: {2048537D-8DAC-643A-6000-000000000A00}
ProcessId: 3080
Image: C:\Windows\System32\consent.exe
User: NT AUTHORITY\SYSTEM"
Information,4/15/2023 8:42:36 PM,Microsoft-Windows-Sysmon,1,Process Create (rule: ProcessCreate),"Process Create:
RuleName: -
UtcTime: 2023-04-15 11:42:36.802
ProcessGuid: {2048537D-8DAC-643A-6000-000000000A00}
ProcessId: 3080
Image: C:\Windows\System32\consent.exe
FileVersion: 10.0.14393.0 (rs1_release.160715-1616)
Description: Consent UI for administrative applications
Product: Microsoft® Windows® Operating System
Company: Microsoft Corporation
OriginalFileName: consent.exe
CommandLine: consent.exe 952 312 000001747C4C8470
CurrentDirectory: C:\Windows\system32\
User: NT AUTHORITY\SYSTEM
LogonGuid: {2048537D-8D03-643A-E703-000000000000}
LogonId: 0x3E7
TerminalSessionId: 1
IntegrityLevel: System
Hashes: SHA256=8B1522BA0FE25D268781C2DF68BAE2BA4991D5BD02F161E61DE1B9194AE54DFA
ParentProcessGuid: {00000000-0000-0000-0000-000000000000}
ParentProcessId: 952
ParentImage: -
ParentCommandLine: -
ParentUser: -"
Information,4/15/2023 8:42:31 PM,Microsoft-Windows-Sysmon,1,Process Create (rule: ProcessCreate),"Process Create:
RuleName: -
UtcTime: 2023-04-15 11:42:31.126
ProcessGuid: {2048537D-8DA7-643A-5F00-000000000A00}
ProcessId: 4276
Image: C:\Windows\System32\rundll32.exe
FileVersion: 10.0.14393.0 (rs1_release.160715-1616)
Description: Windows host process (Rundll32)
Product: Microsoft® Windows® Operating System
Company: Microsoft Corporation
OriginalFileName: RUNDLL32.EXE
CommandLine: ""C:\Windows\system32\rundll32.exe"" shell32.dll,Control_RunDLL intl.cpl
CurrentDirectory: C:\Windows\system32\
User: EXAMPLECOMPANY\admin
LogonGuid: {2048537D-8D5D-643A-7B45-030000000000}
LogonId: 0x3457B
TerminalSessionId: 1
IntegrityLevel: Medium
Hashes: SHA256=495BBA47FC43EE23054FCD419F2F00457162D1C04296900C6AEA551102A810F3
ParentProcessGuid: {2048537D-8D5D-643A-4300-000000000A00}
ParentProcessId: 3916
ParentImage: C:\Windows\explorer.exe
ParentCommandLine: C:\Windows\Explorer.EXE
ParentUser: EXAMPLECOMPANY\admin"
Information,4/15/2023 8:42:25 PM,Microsoft-Windows-Sysmon,5,Process terminated (rule: ProcessTerminate),"Process terminated:
RuleName: -
UtcTime: 2023-04-15 11:42:25.817
ProcessGuid: {2048537D-8D86-643A-5B00-000000000A00}
ProcessId: 5048
Image: C:\Windows\System32\rundll32.exe
User: EXAMPLECOMPANY\admin"
Information,4/15/2023 8:42:22 PM,Microsoft-Windows-Sysmon,5,Process terminated (rule: ProcessTerminate),"Process terminated:
RuleName: -
UtcTime: 2023-04-15 11:42:22.558
ProcessGuid: {2048537D-8D99-643A-5E00-000000000A00}
ProcessId: 4308
Image: C:\Windows\SysWOW64\dllhost.exe
User: EXAMPLECOMPANY\admin"
Information,4/15/2023 8:42:18 PM,Microsoft-Windows-Sysmon,5,Process terminated (rule: ProcessTerminate),"Process terminated:
RuleName: -
UtcTime: 2023-04-15 11:42:18.329
ProcessGuid: {2048537D-8D5D-643A-4700-000000000A00}
ProcessId: 2848
Image: C:\Windows\System32\slui.exe
User: EXAMPLECOMPANY\admin"
Information,4/15/2023 8:42:18 PM,Microsoft-Windows-Sysmon,5,Process terminated (rule: ProcessTerminate),"Process terminated:
RuleName: -
UtcTime: 2023-04-15 11:42:18.236
ProcessGuid: {2048537D-8D5D-643A-4600-000000000A00}
ProcessId: 4092
Image: C:\Windows\System32\slui.exe
User: NT AUTHORITY\NETWORK SERVICE"
Information,4/15/2023 8:42:17 PM,Microsoft-Windows-Sysmon,1,Process Create (rule: ProcessCreate),"Process Create:
RuleName: -
UtcTime: 2023-04-15 11:42:17.543
ProcessGuid: {2048537D-8D99-643A-5E00-000000000A00}
ProcessId: 4308
Image: C:\Windows\SysWOW64\dllhost.exe
FileVersion: 10.0.14393.0 (rs1_release.160715-1616)
Description: COM Surrogate
Product: Microsoft® Windows® Operating System
Company: Microsoft Corporation
OriginalFileName: dllhost.exe
CommandLine: C:\Windows\SysWOW64\DllHost.exe /Processid:{06622D85-6856-4460-8DE1-A81921B41C4B}
CurrentDirectory: C:\Windows\system32\
User: EXAMPLECOMPANY\admin
LogonGuid: {2048537D-8D5D-643A-7B45-030000000000}
LogonId: 0x3457B
TerminalSessionId: 1
IntegrityLevel: Medium
Hashes: SHA256=5137C324038AB2E8EAB4F98A20BEE9F121346D62E4D907CA1E4A860F4C54EAE8
ParentProcessGuid: {00000000-0000-0000-0000-000000000000}
ParentProcessId: 736
ParentImage: -
ParentCommandLine: -
ParentUser: -"
Information,4/15/2023 8:42:14 PM,Microsoft-Windows-Sysmon,5,Process terminated (rule: ProcessTerminate),"Process terminated:
RuleName: -
UtcTime: 2023-04-15 11:42:14.564
ProcessGuid: {2048537D-8D8C-643A-5C00-000000000A00}
ProcessId: 4244
Image: C:\Windows\System32\svchost.exe
User: NT AUTHORITY\NETWORK SERVICE"
Information,4/15/2023 8:42:04 PM,Microsoft-Windows-Sysmon,1,Process Create (rule: ProcessCreate),"Process Create:
RuleName: -
UtcTime: 2023-04-15 11:42:04.670
ProcessGuid: {2048537D-8D8C-643A-5D00-000000000A00}
ProcessId: 4368
Image: C:\Windows\System32\msdtc.exe
FileVersion: 2001.12.10941.16384 (rs1_release.160715-1616)
Description: Microsoft Distributed Transaction Coordinator Service
Product: Microsoft® Windows® Operating System
Company: Microsoft Corporation
OriginalFileName: MSDTC.EXE
CommandLine: C:\Windows\System32\msdtc.exe
CurrentDirectory: C:\Windows\system32\
User: NT AUTHORITY\NETWORK SERVICE
LogonGuid: {2048537D-8D03-643A-E403-000000000000}
LogonId: 0x3E4
TerminalSessionId: 0
IntegrityLevel: System
Hashes: SHA256=72DB45CA11FE635DF9F8273C38CBEFB8DF5362ADA0CBF6D2B1E570365DC700C0
ParentProcessGuid: {00000000-0000-0000-0000-000000000000}
ParentProcessId: 556
ParentImage: -
ParentCommandLine: -
ParentUser: -"
Information,4/15/2023 8:42:04 PM,Microsoft-Windows-Sysmon,1,Process Create (rule: ProcessCreate),"Process Create:
RuleName: -
UtcTime: 2023-04-15 11:42:04.529
ProcessGuid: {2048537D-8D8C-643A-5C00-000000000A00}
ProcessId: 4244
Image: C:\Windows\System32\svchost.exe
FileVersion: 10.0.14393.0 (rs1_release.160715-1616)
Description: Host Process for Windows Services
Product: Microsoft® Windows® Operating System
Company: Microsoft Corporation
OriginalFileName: svchost.exe
CommandLine: C:\Windows\System32\svchost.exe -k NetworkService
CurrentDirectory: C:\Windows\system32\
User: NT AUTHORITY\NETWORK SERVICE
LogonGuid: {2048537D-8D03-643A-E403-000000000000}
LogonId: 0x3E4
TerminalSessionId: 0
IntegrityLevel: System
Hashes: SHA256=438B6CCD84F4DD32D9684ED7D58FD7D1E5A75FE3F3D12AB6C788E6BB0FFAD5E7
ParentProcessGuid: {00000000-0000-0000-0000-000000000000}
ParentProcessId: 556
ParentImage: -
ParentCommandLine: -
ParentUser: -"
Information,4/15/2023 8:42:02 PM,Microsoft-Windows-Sysmon,5,Process terminated (rule: ProcessTerminate),"Process terminated:
RuleName: -
UtcTime: 2023-04-15 11:42:02.286
ProcessGuid: {2048537D-8D85-643A-5A00-000000000A00}
ProcessId: 5008
Image: C:\Windows\SysWOW64\dllhost.exe
User: EXAMPLECOMPANY\admin"
Information,4/15/2023 8:42:00 PM,Microsoft-Windows-Sysmon,5,Process terminated (rule: ProcessTerminate),"Process terminated:
RuleName: -
UtcTime: 2023-04-15 11:42:00.908
ProcessGuid: {2048537D-8D16-643A-3300-000000000A00}
ProcessId: 2176
Image: C:\Program Files\Windows Defender\MpCmdRun.exe
User: NT AUTHORITY\NETWORK SERVICE"
Information,4/15/2023 8:41:58 PM,Microsoft-Windows-Sysmon,1,Process Create (rule: ProcessCreate),"Process Create:
RuleName: -
UtcTime: 2023-04-15 11:41:58.779
ProcessGuid: {2048537D-8D86-643A-5B00-000000000A00}
ProcessId: 5048
Image: C:\Windows\System32\rundll32.exe
FileVersion: 10.0.14393.0 (rs1_release.160715-1616)
Description: Windows host process (Rundll32)
Product: Microsoft® Windows® Operating System
Company: Microsoft Corporation
OriginalFileName: RUNDLL32.EXE
CommandLine: ""C:\Windows\system32\rundll32.exe"" shell32.dll,Control_RunDLL intl.cpl,,/p:""location""
CurrentDirectory: C:\Windows\system32\
User: EXAMPLECOMPANY\admin
LogonGuid: {2048537D-8D5D-643A-7B45-030000000000}
LogonId: 0x3457B
TerminalSessionId: 1
IntegrityLevel: Medium
Hashes: SHA256=495BBA47FC43EE23054FCD419F2F00457162D1C04296900C6AEA551102A810F3
ParentProcessGuid: {2048537D-8D5D-643A-4300-000000000A00}
ParentProcessId: 3916
ParentImage: C:\Windows\explorer.exe
ParentCommandLine: C:\Windows\Explorer.EXE
ParentUser: EXAMPLECOMPANY\admin"
Information,4/15/2023 8:41:57 PM,Microsoft-Windows-Sysmon,1,Process Create (rule: ProcessCreate),"Process Create:
RuleName: -
UtcTime: 2023-04-15 11:41:57.188
ProcessGuid: {2048537D-8D85-643A-5A00-000000000A00}
ProcessId: 5008
Image: C:\Windows\SysWOW64\dllhost.exe
FileVersion: 10.0.14393.0 (rs1_release.160715-1616)
Description: COM Surrogate
Product: Microsoft® Windows® Operating System
Company: Microsoft Corporation
OriginalFileName: dllhost.exe
CommandLine: C:\Windows\SysWOW64\DllHost.exe /Processid:{06622D85-6856-4460-8DE1-A81921B41C4B}
CurrentDirectory: C:\Windows\system32\
User: EXAMPLECOMPANY\admin
LogonGuid: {2048537D-8D5D-643A-7B45-030000000000}
LogonId: 0x3457B
TerminalSessionId: 1
IntegrityLevel: Medium
Hashes: SHA256=5137C324038AB2E8EAB4F98A20BEE9F121346D62E4D907CA1E4A860F4C54EAE8
ParentProcessGuid: {00000000-0000-0000-0000-000000000000}
ParentProcessId: 736
ParentImage: -
ParentCommandLine: -
ParentUser: -"
Information,4/15/2023 8:41:44 PM,Microsoft-Windows-Sysmon,5,Process terminated (rule: ProcessTerminate),"Process terminated:
RuleName: -
UtcTime: 2023-04-15 11:41:44.783
ProcessGuid: {2048537D-8D76-643A-5900-000000000A00}
ProcessId: 4756
Image: C:\Windows\System32\wermgr.exe
User: NT AUTHORITY\SYSTEM"
Information,4/15/2023 8:41:42 PM,Microsoft-Windows-Sysmon,5,Process terminated (rule: ProcessTerminate),"Process terminated:
RuleName: -
UtcTime: 2023-04-15 11:41:42.377
ProcessGuid: {2048537D-8D76-643A-5800-000000000A00}
ProcessId: 4732
Image: C:\Windows\System32\wermgr.exe
User: NT AUTHORITY\SYSTEM"
Information,4/15/2023 8:41:42 PM,Microsoft-Windows-Sysmon,1,Process Create (rule: ProcessCreate),"Process Create:
RuleName: -
UtcTime: 2023-04-15 11:41:42.378
ProcessGuid: {2048537D-8D76-643A-5900-000000000A00}
ProcessId: 4756
Image: C:\Windows\System32\wermgr.exe
FileVersion: 10.0.14393.1884 (rs1_release.171101-1233)
Description: Windows Problem Reporting
Product: Microsoft® Windows® Operating System
Company: Microsoft Corporation
OriginalFileName: WerMgr
CommandLine: C:\Windows\system32\wermgr.exe -upload
CurrentDirectory: C:\Windows\system32\
User: NT AUTHORITY\SYSTEM
LogonGuid: {2048537D-8D03-643A-E703-000000000000}
LogonId: 0x3E7
TerminalSessionId: 0
IntegrityLevel: System
Hashes: SHA256=99A3BBD357A66BBBE00D9215277A42417D1EC243BB5B88D12324318592BBFD58
ParentProcessGuid: {00000000-0000-0000-0000-000000000000}
ParentProcessId: 952
ParentImage: -
ParentCommandLine: -
ParentUser: -"
Information,4/15/2023 8:41:42 PM,Microsoft-Windows-Sysmon,1,Process Create (rule: ProcessCreate),"Process Create:
RuleName: -
UtcTime: 2023-04-15 11:41:42.353
ProcessGuid: {2048537D-8D76-643A-5800-000000000A00}
ProcessId: 4732
Image: C:\Windows\System32\wermgr.exe
FileVersion: 10.0.14393.1884 (rs1_release.171101-1233)
Description: Windows Problem Reporting
Product: Microsoft® Windows® Operating System
Company: Microsoft Corporation
OriginalFileName: WerMgr
CommandLine: ""C:\Windows\system32\wermgr.exe"" ""-outproc"" ""0"" ""952"" ""6580"" ""7280"" ""7216"" ""0"" ""0"" ""0"" ""0"" ""0"" ""0"" ""0"" ""0"" 
CurrentDirectory: C:\Windows\system32\
User: NT AUTHORITY\SYSTEM
LogonGuid: {2048537D-8D03-643A-E703-000000000000}
LogonId: 0x3E7
TerminalSessionId: 0
IntegrityLevel: System
Hashes: SHA256=99A3BBD357A66BBBE00D9215277A42417D1EC243BB5B88D12324318592BBFD58
ParentProcessGuid: {00000000-0000-0000-0000-000000000000}
ParentProcessId: 952
ParentImage: -
ParentCommandLine: -
ParentUser: -"
Information,4/15/2023 8:41:40 PM,Microsoft-Windows-Sysmon,5,Process terminated (rule: ProcessTerminate),"Process terminated:
RuleName: -
UtcTime: 2023-04-15 11:41:40.517
ProcessGuid: {2048537D-8D5D-643A-4200-000000000A00}
ProcessId: 3896
Image: C:\Windows\System32\userinit.exe
User: EXAMPLECOMPANY\admin"
Information,4/15/2023 8:41:37 PM,Microsoft-Windows-Sysmon,5,Process terminated (rule: ProcessTerminate),"Process terminated:
RuleName: -
UtcTime: 2023-04-15 11:41:37.377
ProcessGuid: {2048537D-8D16-643A-3500-000000000A00}
ProcessId: 2168
Image: C:\Windows\System32\conhost.exe
User: NT AUTHORITY\SYSTEM"
Information,4/15/2023 8:41:37 PM,Microsoft-Windows-Sysmon,5,Process terminated (rule: ProcessTerminate),"Process terminated:
RuleName: -
UtcTime: 2023-04-15 11:41:37.377
ProcessGuid: {2048537D-8D16-643A-3400-000000000A00}
ProcessId: 2180
Image: C:\Program Files\Windows Defender\MpCmdRun.exe
User: NT AUTHORITY\SYSTEM"
Information,4/15/2023 8:41:34 PM,Microsoft-Windows-Sysmon,5,Process terminated (rule: ProcessTerminate),"Process terminated:
RuleName: -
UtcTime: 2023-04-15 11:41:34.283
ProcessGuid: {2048537D-8D69-643A-5500-000000000A00}
ProcessId: 4272
Image: C:\Windows\System32\IME\SHARED\ImeBroker.exe
User: EXAMPLECOMPANY\admin"
Information,4/15/2023 8:41:33 PM,Microsoft-Windows-Sysmon,1,Process Create (rule: ProcessCreate),"Process Create:
RuleName: -
UtcTime: 2023-04-15 11:41:33.853
ProcessGuid: {2048537D-8D6D-643A-5700-000000000A00}
ProcessId: 4520
Image: C:\Windows\ImmersiveControlPanel\SystemSettings.exe
FileVersion: 10.0.14393.82 (rs1_release.160805-1735)
Description: Settings
Product: Microsoft® Windows® Operating System
Company: Microsoft Corporation
OriginalFileName: SystemSettings.exe
CommandLine: ""C:\Windows\ImmersiveControlPanel\SystemSettings.exe"" -ServerName:microsoft.windows.immersivecontrolpanel
CurrentDirectory: C:\Windows\ImmersiveControlPanel\
User: EXAMPLECOMPANY\admin
LogonGuid: {2048537D-8D5D-643A-7B45-030000000000}
LogonId: 0x3457B
TerminalSessionId: 1
IntegrityLevel: Medium
Hashes: SHA256=E768FF1F2F31178FE5930F261ACD4B19464ACC019FB0AA697D0B48686E59050C
ParentProcessGuid: {00000000-0000-0000-0000-000000000000}
ParentProcessId: 736
ParentImage: -
ParentCommandLine: -
ParentUser: -"
Information,4/15/2023 8:41:33 PM,Microsoft-Windows-Sysmon,1,Process Create (rule: ProcessCreate),"Process Create:
RuleName: -
UtcTime: 2023-04-15 11:41:33.796
ProcessGuid: {2048537D-8D6D-643A-5600-000000000A00}
ProcessId: 4436
Image: C:\Windows\System32\ApplicationFrameHost.exe
FileVersion: 10.0.14393.0 (rs1_release.160715-1616)
Description: Application Frame Host
Product: Microsoft® Windows® Operating System
Company: Microsoft Corporation
OriginalFileName: ApplicationFrameHost.exe
CommandLine: C:\Windows\system32\ApplicationFrameHost.exe -Embedding
CurrentDirectory: C:\Windows\system32\
User: EXAMPLECOMPANY\admin
LogonGuid: {2048537D-8D5D-643A-7B45-030000000000}
LogonId: 0x3457B
TerminalSessionId: 1
IntegrityLevel: Medium
Hashes: SHA256=1149BA08C3C39E66F8D56898C809FFF97AD5693C686D820FC5301F6113ED9B9B
ParentProcessGuid: {00000000-0000-0000-0000-000000000000}
ParentProcessId: 736
ParentImage: -
ParentCommandLine: -
ParentUser: -"
Information,4/15/2023 8:41:31 PM,Microsoft-Windows-Sysmon,5,Process terminated (rule: ProcessTerminate),"Process terminated:
RuleName: -
UtcTime: 2023-04-15 11:41:31.158
ProcessGuid: {2048537D-8D61-643A-4F00-000000000A00}
ProcessId: 3216
Image: C:\Windows\System32\mobsync.exe
User: EXAMPLECOMPANY\admin"
Information,4/15/2023 8:41:29 PM,Microsoft-Windows-Sysmon,1,Process Create (rule: ProcessCreate),"Process Create:
RuleName: -
UtcTime: 2023-04-15 11:41:29.200
ProcessGuid: {2048537D-8D69-643A-5500-000000000A00}
ProcessId: 4272
Image: C:\Windows\System32\IME\SHARED\ImeBroker.exe
FileVersion: 10.0.14393.1480 (rs1_release.170706-2004)
Description: Microsoft IME
Product: Microsoft® Windows® Operating System
Company: Microsoft Corporation
OriginalFileName: ImeBroker.exe
CommandLine: C:\Windows\System32\IME\SHARED\imebroker.exe -Embedding
CurrentDirectory: C:\Windows\system32\
User: EXAMPLECOMPANY\admin
LogonGuid: {2048537D-8D5D-643A-7B45-030000000000}
LogonId: 0x3457B
TerminalSessionId: 1
IntegrityLevel: Medium
Hashes: SHA256=70ABEEFE7986B98D41D954DD9FD35279F11228EEBCDEDDC5652718E702FAAE80
ParentProcessGuid: {00000000-0000-0000-0000-000000000000}
ParentProcessId: 736
ParentImage: -
ParentCommandLine: -
ParentUser: -"
Information,4/15/2023 8:41:23 PM,Microsoft-Windows-Sysmon,1,Process Create (rule: ProcessCreate),"Process Create:
RuleName: -
UtcTime: 2023-04-15 11:41:23.462
ProcessGuid: {2048537D-8D63-643A-5400-000000000A00}
ProcessId: 4164
Image: C:\Windows\System32\backgroundTaskHost.exe
FileVersion: 10.0.14393.0 (rs1_release.160715-1616)
Description: Background Task Host
Product: Microsoft® Windows® Operating System
Company: Microsoft Corporation
OriginalFileName: backgroundTaskHost.exe
CommandLine: ""C:\Windows\system32\backgroundTaskHost.exe"" -ServerName:CortanaUI.AppXy7vb4pc2dr3kc93kfc509b1d0arkfb2x.mca
CurrentDirectory: C:\Windows\SystemApps\Microsoft.Windows.Cortana_cw5n1h2txyewy\
User: EXAMPLECOMPANY\admin
LogonGuid: {2048537D-8D5D-643A-7B45-030000000000}
LogonId: 0x3457B
TerminalSessionId: 1
IntegrityLevel: AppContainer
Hashes: SHA256=23A80E09DAE6DB17909E81B1CA7E9BF43158BDEE69C1646125FC62E6BFE2745B
ParentProcessGuid: {00000000-0000-0000-0000-000000000000}
ParentProcessId: 736
ParentImage: -
ParentCommandLine: -
ParentUser: -"
Information,4/15/2023 8:41:23 PM,Microsoft-Windows-Sysmon,5,Process terminated (rule: ProcessTerminate),"Process terminated:
RuleName: -
UtcTime: 2023-04-15 11:41:23.372
ProcessGuid: {2048537D-8D62-643A-5100-000000000A00}
ProcessId: 2356
Image: C:\Windows\Temp\FBED43E0-B62F-4D2B-A85B-25860794268C\DismHost.exe
User: NT AUTHORITY\SYSTEM"
Information,4/15/2023 8:41:23 PM,Microsoft-Windows-Sysmon,5,Process terminated (rule: ProcessTerminate),"Process terminated:
RuleName: -
UtcTime: 2023-04-15 11:41:23.189
ProcessGuid: {2048537D-8D5D-643A-3B00-000000000A00}
ProcessId: 3508
Image: C:\Windows\System32\dllhost.exe
User: NT AUTHORITY\SYSTEM"
Information,4/15/2023 8:41:23 PM,Microsoft-Windows-Sysmon,5,Process terminated (rule: ProcessTerminate),"Process terminated:
RuleName: -
UtcTime: 2023-04-15 11:41:23.188
ProcessGuid: {2048537D-8D5E-643A-4C00-000000000A00}
ProcessId: 2436
Image: C:\Windows\System32\dllhost.exe
User: NT AUTHORITY\SYSTEM"
Information,4/15/2023 8:41:22 PM,Microsoft-Windows-Sysmon,1,Process Create (rule: ProcessCreate),"Process Create:
RuleName: -
UtcTime: 2023-04-15 11:41:22.537
ProcessGuid: {2048537D-8D62-643A-5300-000000000A00}
ProcessId: 4120
Image: C:\Windows\WinSxS\amd64_microsoft-windows-servicingstack_31bf3856ad364e35_10.0.14393.1883_none_7ed84bd822106081\TiWorker.exe
FileVersion: 10.0.14393.693 (rs1_release.161220-1747)
Description: Windows Modules Installer Worker
Product: Microsoft® Windows® Operating System
Company: Microsoft Corporation
OriginalFileName: TiWorker.exe
CommandLine: C:\Windows\winsxs\amd64_microsoft-windows-servicingstack_31bf3856ad364e35_10.0.14393.1883_none_7ed84bd822106081\TiWorker.exe -Embedding
CurrentDirectory: C:\Windows\system32\
User: NT AUTHORITY\SYSTEM
LogonGuid: {2048537D-8D03-643A-E703-000000000000}
LogonId: 0x3E7
TerminalSessionId: 0
IntegrityLevel: System
Hashes: SHA256=B6E333F2C1AA300E86F4E81A7A0E05734152F858F56AC0E008E3B104BE60DE74
ParentProcessGuid: {00000000-0000-0000-0000-000000000000}
ParentProcessId: 736
ParentImage: -
ParentCommandLine: -
ParentUser: -"
Information,4/15/2023 8:41:22 PM,Microsoft-Windows-Sysmon,1,Process Create (rule: ProcessCreate),"Process Create:
RuleName: -
UtcTime: 2023-04-15 11:41:22.524
ProcessGuid: {2048537D-8D62-643A-5200-000000000A00}
ProcessId: 2840
Image: C:\Windows\servicing\TrustedInstaller.exe
FileVersion: 10.0.14393.479 (rs1_release.161110-2025)
Description: Windows Modules Installer
Product: Microsoft® Windows® Operating System
Company: Microsoft Corporation
OriginalFileName: TrustedInstaller.exe
CommandLine: C:\Windows\servicing\TrustedInstaller.exe
CurrentDirectory: C:\Windows\system32\
User: NT AUTHORITY\SYSTEM
LogonGuid: {2048537D-8D03-643A-E703-000000000000}
LogonId: 0x3E7
TerminalSessionId: 0
IntegrityLevel: System
Hashes: SHA256=208C7725F70C75D8C96CCAF5B22F83B8B1C66D8C9FFF48465B1C9F4A77425569
ParentProcessGuid: {00000000-0000-0000-0000-000000000000}
ParentProcessId: 556
ParentImage: -
ParentCommandLine: -
ParentUser: -"
Information,4/15/2023 8:41:22 PM,Microsoft-Windows-Sysmon,1,Process Create (rule: ProcessCreate),"Process Create:
RuleName: -
UtcTime: 2023-04-15 11:41:22.447
ProcessGuid: {2048537D-8D62-643A-5100-000000000A00}
ProcessId: 2356
Image: C:\Windows\Temp\FBED43E0-B62F-4D2B-A85B-25860794268C\DismHost.exe
FileVersion: 10.0.14393.0 (rs1_release.160715-1616)
Description: Dism Host Servicing Process
Product: Microsoft® Windows® Operating System
Company: Microsoft Corporation
OriginalFileName: DismHost.exe
CommandLine: C:\Windows\TEMP\FBED43E0-B62F-4D2B-A85B-25860794268C\dismhost.exe {D311B063-134B-4D5C-9107-F8D39311B7EF}
CurrentDirectory: C:\Windows\system32\
User: NT AUTHORITY\SYSTEM
LogonGuid: {2048537D-8D03-643A-E703-000000000000}
LogonId: 0x3E7
TerminalSessionId: 0
IntegrityLevel: System
Hashes: SHA256=D8C41210EC8CDEC379E66D28DDCA2F5AB07041B1132F83DC5C763EAE116E995F
ParentProcessGuid: {2048537D-8D62-643A-5000-000000000A00}
ParentProcessId: 3768
ParentImage: C:\Windows\System32\wbem\WmiPrvSE.exe
ParentCommandLine: C:\Windows\system32\wbem\wmiprvse.exe -Embedding
ParentUser: NT AUTHORITY\SYSTEM"
Information,4/15/2023 8:41:22 PM,Microsoft-Windows-Sysmon,1,Process Create (rule: ProcessCreate),"Process Create:
RuleName: -
UtcTime: 2023-04-15 11:41:22.278
ProcessGuid: {2048537D-8D62-643A-5000-000000000A00}
ProcessId: 3768
Image: C:\Windows\System32\wbem\WmiPrvSE.exe
FileVersion: 10.0.14393.0 (rs1_release.160715-1616)
Description: WMI Provider Host
Product: Microsoft® Windows® Operating System
Company: Microsoft Corporation
OriginalFileName: Wmiprvse.exe
CommandLine: C:\Windows\system32\wbem\wmiprvse.exe -Embedding
CurrentDirectory: C:\Windows\system32\
User: NT AUTHORITY\SYSTEM
LogonGuid: {2048537D-8D03-643A-E703-000000000000}
LogonId: 0x3E7
TerminalSessionId: 0
IntegrityLevel: System
Hashes: SHA256=B62ACACFCAF99A50149F9DCE06136D478723992A61014FC3DBAE81289FE219F9
ParentProcessGuid: {00000000-0000-0000-0000-000000000000}
ParentProcessId: 736
ParentImage: -
ParentCommandLine: -
ParentUser: -"
Information,4/15/2023 8:41:21 PM,Microsoft-Windows-Sysmon,1,Process Create (rule: ProcessCreate),"Process Create:
RuleName: -
UtcTime: 2023-04-15 11:41:21.020
ProcessGuid: {2048537D-8D61-643A-4F00-000000000A00}
ProcessId: 3216
Image: C:\Windows\System32\mobsync.exe
FileVersion: 10.0.14393.0 (rs1_release.160715-1616)
Description: Microsoft Sync Center
Product: Microsoft® Windows® Operating System
Company: Microsoft Corporation
OriginalFileName: mobsync.exe
CommandLine: C:\Windows\System32\mobsync.exe -Embedding
CurrentDirectory: C:\Windows\system32\
User: EXAMPLECOMPANY\admin
LogonGuid: {2048537D-8D5D-643A-7B45-030000000000}
LogonId: 0x3457B
TerminalSessionId: 1
IntegrityLevel: Medium
Hashes: SHA256=65C2A4AD1E69454BAD5C2BE41828E0025749F132786F394F0D38679EA0C68931
ParentProcessGuid: {00000000-0000-0000-0000-000000000000}
ParentProcessId: 736
ParentImage: -
ParentCommandLine: -
ParentUser: -"
Information,4/15/2023 8:41:19 PM,Microsoft-Windows-Sysmon,1,Process Create (rule: ProcessCreate),"Process Create:
RuleName: -
UtcTime: 2023-04-15 11:41:19.547
ProcessGuid: {2048537D-8D5F-643A-4E00-000000000A00}
ProcessId: 3340
Image: C:\Windows\System32\wbem\WmiPrvSE.exe
FileVersion: 10.0.14393.0 (rs1_release.160715-1616)
Description: WMI Provider Host
Product: Microsoft® Windows® Operating System
Company: Microsoft Corporation
OriginalFileName: Wmiprvse.exe
CommandLine: C:\Windows\system32\wbem\wmiprvse.exe -secured -Embedding
CurrentDirectory: C:\Windows\system32\
User: NT AUTHORITY\LOCAL SERVICE
LogonGuid: {2048537D-8D03-643A-E503-000000000000}
LogonId: 0x3E5
TerminalSessionId: 0
IntegrityLevel: System
Hashes: SHA256=B62ACACFCAF99A50149F9DCE06136D478723992A61014FC3DBAE81289FE219F9
ParentProcessGuid: {00000000-0000-0000-0000-000000000000}
ParentProcessId: 736
ParentImage: -
ParentCommandLine: -
ParentUser: -"
Information,4/15/2023 8:41:18 PM,Microsoft-Windows-Sysmon,5,Process terminated (rule: ProcessTerminate),"Process terminated:
RuleName: -
UtcTime: 2023-04-15 11:41:18.250
ProcessGuid: {2048537D-8D5D-643A-4000-000000000A00}
ProcessId: 3676
Image: C:\Windows\System32\ServerManagerLauncher.exe
User: EXAMPLECOMPANY\admin"
Information,4/15/2023 8:41:18 PM,Microsoft-Windows-Sysmon,1,Process Create (rule: ProcessCreate),"Process Create:
RuleName: -
UtcTime: 2023-04-15 11:41:18.204
ProcessGuid: {2048537D-8D5E-643A-4D00-000000000A00}
ProcessId: 3476
Image: C:\Windows\System32\ServerManager.exe
FileVersion: 10.0.14393.1737 (rs1_release_inmarket.170914-1249)
Description: Server Manager
Product: Microsoft® Windows® Operating System
Company: Microsoft Corporation
OriginalFileName: servermanager.dll
CommandLine: ""C:\Windows\system32\ServerManager.exe"" 
CurrentDirectory: C:\Windows\system32\
User: EXAMPLECOMPANY\admin
LogonGuid: {2048537D-8D5D-643A-5E45-030000000000}
LogonId: 0x3455E
TerminalSessionId: 1
IntegrityLevel: High
Hashes: SHA256=2F0618FFA4670D946A8D283266B64357B325EA867EDB7BC48970560A479674C5
ParentProcessGuid: {2048537D-8D5D-643A-4000-000000000A00}
ParentProcessId: 3676
ParentImage: C:\Windows\System32\ServerManagerLauncher.exe
ParentCommandLine: C:\Windows\system32\ServerManagerLauncher.exe
ParentUser: EXAMPLECOMPANY\admin"
Information,4/15/2023 8:41:18 PM,Microsoft-Windows-Sysmon,5,Process terminated (rule: ProcessTerminate),"Process terminated:
RuleName: -
UtcTime: 2023-04-15 11:41:18.187
ProcessGuid: {2048537D-8D5E-643A-4B00-000000000A00}
ProcessId: 2356
Image: C:\Windows\System32\consent.exe
User: NT AUTHORITY\SYSTEM"
Information,4/15/2023 8:41:18 PM,Microsoft-Windows-Sysmon,1,Process Create (rule: ProcessCreate),"Process Create:
RuleName: -
UtcTime: 2023-04-15 11:41:18.185
ProcessGuid: {2048537D-8D5E-643A-4C00-000000000A00}
ProcessId: 2436
Image: C:\Windows\System32\dllhost.exe
FileVersion: 10.0.14393.0 (rs1_release.160715-1616)
Description: COM Surrogate
Product: Microsoft® Windows® Operating System
Company: Microsoft Corporation
OriginalFileName: dllhost.exe
CommandLine: C:\Windows\system32\DllHost.exe /Processid:{E10F6C3A-F1AE-4ADC-AA9D-2FE65525666E}
CurrentDirectory: C:\Windows\system32\
User: NT AUTHORITY\SYSTEM
LogonGuid: {2048537D-8D03-643A-E703-000000000000}
LogonId: 0x3E7
TerminalSessionId: 1
IntegrityLevel: System
Hashes: SHA256=EE8364C07B3F4F71FA649E0E6C4C73C15D285130E4B16E79890EEBBF89C2164E
ParentProcessGuid: {00000000-0000-0000-0000-000000000000}
ParentProcessId: 736
ParentImage: -
ParentCommandLine: -
ParentUser: -"
Information,4/15/2023 8:41:18 PM,Microsoft-Windows-Sysmon,1,Process Create (rule: ProcessCreate),"Process Create:
RuleName: -
UtcTime: 2023-04-15 11:41:18.160
ProcessGuid: {2048537D-8D5E-643A-4B00-000000000A00}
ProcessId: 2356
Image: C:\Windows\System32\consent.exe
FileVersion: 10.0.14393.0 (rs1_release.160715-1616)
Description: Consent UI for administrative applications
Product: Microsoft® Windows® Operating System
Company: Microsoft Corporation
OriginalFileName: consent.exe
CommandLine: consent.exe 952 348 000001747C4D8120
CurrentDirectory: C:\Windows\system32\
User: NT AUTHORITY\SYSTEM
LogonGuid: {2048537D-8D03-643A-E703-000000000000}
LogonId: 0x3E7
TerminalSessionId: 1
IntegrityLevel: System
Hashes: SHA256=8B1522BA0FE25D268781C2DF68BAE2BA4991D5BD02F161E61DE1B9194AE54DFA
ParentProcessGuid: {00000000-0000-0000-0000-000000000000}
ParentProcessId: 952
ParentImage: -
ParentCommandLine: -
ParentUser: -"
Information,4/15/2023 8:41:18 PM,Microsoft-Windows-Sysmon,5,Process terminated (rule: ProcessTerminate),"Process terminated:
RuleName: -
UtcTime: 2023-04-15 11:41:18.140
ProcessGuid: {2048537D-8D5D-643A-4100-000000000A00}
ProcessId: 3696
Image: C:\Windows\System32\taskhostw.exe
User: EXAMPLECOMPANY\admin"
Information,4/15/2023 8:41:18 PM,Microsoft-Windows-Sysmon,5,Process terminated (rule: ProcessTerminate),"Process terminated:
RuleName: -
UtcTime: 2023-04-15 11:41:18.125
ProcessGuid: {2048537D-8D5E-643A-4A00-000000000A00}
ProcessId: 2400
Image: <unknown process>
User: EXAMPLECOMPANY\admin"
Information,4/15/2023 8:41:18 PM,Microsoft-Windows-Sysmon,1,Process Create (rule: ProcessCreate),"Process Create:
RuleName: -
UtcTime: 2023-04-15 11:41:18.125
ProcessGuid: {2048537D-8D5E-643A-4A00-000000000A00}
ProcessId: 2400
Image: C:\Windows\System32\ServerManager.exe
FileVersion: 10.0.14393.1737 (rs1_release_inmarket.170914-1249)
Description: Server Manager
Product: Microsoft® Windows® Operating System
Company: Microsoft Corporation
OriginalFileName: servermanager.dll
CommandLine: ""C:\Windows\system32\ServerManager.exe"" 
CurrentDirectory: C:\Windows\system32\
User: EXAMPLECOMPANY\admin
LogonGuid: {2048537D-8D5D-643A-7B45-030000000000}
LogonId: 0x3457B
TerminalSessionId: 1
IntegrityLevel: Medium
Hashes: SHA256=2F0618FFA4670D946A8D283266B64357B325EA867EDB7BC48970560A479674C5
ParentProcessGuid: {2048537D-8D5D-643A-4000-000000000A00}
ParentProcessId: 3676
ParentImage: C:\Windows\System32\ServerManagerLauncher.exe
ParentCommandLine: C:\Windows\system32\ServerManagerLauncher.exe
ParentUser: EXAMPLECOMPANY\admin"
Information,4/15/2023 8:41:17 PM,Microsoft-Windows-Sysmon,1,Process Create (rule: ProcessCreate),"Process Create:
RuleName: -
UtcTime: 2023-04-15 11:41:17.822
ProcessGuid: {2048537D-8D5D-643A-4900-000000000A00}
ProcessId: 744
Image: C:\Windows\SystemApps\Microsoft.Windows.Cortana_cw5n1h2txyewy\SearchUI.exe
FileVersion: 10.0.14393.953 (rs1_release_inmarket.170303-1614)
Description: Search and Cortana application
Product: Microsoft® Windows® Operating System
Company: Microsoft Corporation
OriginalFileName: SearchUI.exe
CommandLine: ""C:\Windows\SystemApps\Microsoft.Windows.Cortana_cw5n1h2txyewy\SearchUI.exe"" -ServerName:CortanaUI.AppXa50dqqa5gqv4a428c9y1jjw7m3btvepj.mca
CurrentDirectory: C:\Windows\SystemApps\Microsoft.Windows.Cortana_cw5n1h2txyewy\
User: EXAMPLECOMPANY\admin
LogonGuid: {2048537D-8D5D-643A-7B45-030000000000}
LogonId: 0x3457B
TerminalSessionId: 1
IntegrityLevel: AppContainer
Hashes: SHA256=632C9EF4F26CE0C2AA415E1DC4C1515E0CD2A72422F3F81663BA612752EE6B72
ParentProcessGuid: {00000000-0000-0000-0000-000000000000}
ParentProcessId: 736
ParentImage: -
ParentCommandLine: -
ParentUser: -"
Information,4/15/2023 8:41:17 PM,Microsoft-Windows-Sysmon,1,Process Create (rule: ProcessCreate),"Process Create:
RuleName: -
UtcTime: 2023-04-15 11:41:17.751
ProcessGuid: {2048537D-8D5D-643A-4800-000000000A00}
ProcessId: 2252
Image: C:\Windows\SystemApps\ShellExperienceHost_cw5n1h2txyewy\ShellExperienceHost.exe
FileVersion: 10.0.14393.447 (rs1_release_inmarket.161102-0100)
Description: Windows Shell Experience Host
Product: Microsoft® Windows® Operating System
Company: Microsoft Corporation
OriginalFileName: ShellExperienceHost.exe
CommandLine: ""C:\Windows\SystemApps\ShellExperienceHost_cw5n1h2txyewy\ShellExperienceHost.exe"" -ServerName:App.AppXtk181tbxbce2qsex02s8tw7hfxa9xb3t.mca
CurrentDirectory: C:\Windows\SystemApps\ShellExperienceHost_cw5n1h2txyewy\
User: EXAMPLECOMPANY\admin
LogonGuid: {2048537D-8D5D-643A-7B45-030000000000}
LogonId: 0x3457B
TerminalSessionId: 1
IntegrityLevel: AppContainer
Hashes: SHA256=AA4F4331E0DD65926D6C2EB585306B760F02C8F9DCC637020915EBAD8BC6E060
ParentProcessGuid: {00000000-0000-0000-0000-000000000000}
ParentProcessId: 736
ParentImage: -
ParentCommandLine: -
ParentUser: -"
Information,4/15/2023 8:41:17 PM,Microsoft-Windows-Sysmon,1,Process Create (rule: ProcessCreate),"Process Create:
RuleName: -
UtcTime: 2023-04-15 11:41:17.617
ProcessGuid: {2048537D-8D5D-643A-4700-000000000A00}
ProcessId: 2848
Image: C:\Windows\System32\slui.exe
FileVersion: 10.0.14393.0 (rs1_release.160715-1616)
Description: Windows Activation Client
Product: Microsoft® Windows® Operating System
Company: Microsoft Corporation
OriginalFileName: slui.exe
CommandLine: C:\Windows\System32\slui.exe -Embedding
CurrentDirectory: C:\Windows\system32\
User: EXAMPLECOMPANY\admin
LogonGuid: {2048537D-8D5D-643A-7B45-030000000000}
LogonId: 0x3457B
TerminalSessionId: 1
IntegrityLevel: Medium
Hashes: SHA256=E28263F4DA43E8598412BA0D13E4D2E6940DE6A02E40109BEFAA4E69FCE693C1
ParentProcessGuid: {00000000-0000-0000-0000-000000000000}
ParentProcessId: 736
ParentImage: -
ParentCommandLine: -
ParentUser: -"
Information,4/15/2023 8:41:17 PM,Microsoft-Windows-Sysmon,1,Process Create (rule: ProcessCreate),"Process Create:
RuleName: -
UtcTime: 2023-04-15 11:41:17.603
ProcessGuid: {2048537D-8D5D-643A-4600-000000000A00}
ProcessId: 4092
Image: C:\Windows\System32\slui.exe
FileVersion: 10.0.14393.0 (rs1_release.160715-1616)
Description: Windows Activation Client
Product: Microsoft® Windows® Operating System
Company: Microsoft Corporation
OriginalFileName: slui.exe
CommandLine: ""C:\Windows\System32\SLUI.exe"" RuleId=31e71c49-8da7-4a2f-ad92-45d98a1c79ba;Action=AutoActivate;AppId=55c92734-d682-4d71-983e-d6ec3f16059f;SkuId=afd55ac6-d0b0-4812-9047-6c756d82bedf;NotificationInterval=1440;Trigger=UserLogon;SessionId=1
CurrentDirectory: C:\Windows\system32\
User: NT AUTHORITY\NETWORK SERVICE
LogonGuid: {2048537D-8D03-643A-E403-000000000000}
LogonId: 0x3E4
TerminalSessionId: 0
IntegrityLevel: System
Hashes: SHA256=E28263F4DA43E8598412BA0D13E4D2E6940DE6A02E40109BEFAA4E69FCE693C1
ParentProcessGuid: {2048537D-8D5D-643A-4500-000000000A00}
ParentProcessId: 4048
ParentImage: C:\Windows\System32\SppExtComObj.Exe
ParentCommandLine: C:\Windows\system32\SppExtComObj.exe -Embedding
ParentUser: NT AUTHORITY\NETWORK SERVICE"
Information,4/15/2023 8:41:17 PM,Microsoft-Windows-Sysmon,1,Process Create (rule: ProcessCreate),"Process Create:
RuleName: -
UtcTime: 2023-04-15 11:41:17.566
ProcessGuid: {2048537D-8D5D-643A-4500-000000000A00}
ProcessId: 4048
Image: C:\Windows\System32\SppExtComObj.Exe
FileVersion: 10.0.14393.0 (rs1_release.160715-1616)
Description: KMS Connection Broker
Product: Microsoft® Windows® Operating System
Company: Microsoft Corporation
OriginalFileName: SppExtComObj.exe
CommandLine: C:\Windows\system32\SppExtComObj.exe -Embedding
CurrentDirectory: C:\Windows\system32\
User: NT AUTHORITY\NETWORK SERVICE
LogonGuid: {2048537D-8D03-643A-E403-000000000000}
LogonId: 0x3E4
TerminalSessionId: 0
IntegrityLevel: System
Hashes: SHA256=41275D40DA00B875283F04CE27856A8D71E7B6EFBA05533296C3FCD2F8320F01
ParentProcessGuid: {00000000-0000-0000-0000-000000000000}
ParentProcessId: 736
ParentImage: -
ParentCommandLine: -
ParentUser: -"
Information,4/15/2023 8:41:17 PM,Microsoft-Windows-Sysmon,1,Process Create (rule: ProcessCreate),"Process Create:
RuleName: -
UtcTime: 2023-04-15 11:41:17.507
ProcessGuid: {2048537D-8D5D-643A-4400-000000000A00}
ProcessId: 3948
Image: C:\Windows\System32\sppsvc.exe
FileVersion: 10.0.14393.351 (rs1_release_inmarket.161014-1755)
Description: Microsoft Software Protection Platform Service
Product: Microsoft® Windows® Operating System
Company: Microsoft Corporation
OriginalFileName: sppsvc.exe
CommandLine: C:\Windows\system32\sppsvc.exe
CurrentDirectory: C:\Windows
User: NT AUTHORITY\NETWORK SERVICE
LogonGuid: {2048537D-8D03-643A-E403-000000000000}
LogonId: 0x3E4
TerminalSessionId: 0
IntegrityLevel: System
Hashes: SHA256=8ADF7A1C96DAE005E9A974D90BE8954F88D49B6848252B88513C49E0A3BD9774
ParentProcessGuid: {00000000-0000-0000-0000-000000000000}
ParentProcessId: 556
ParentImage: -
ParentCommandLine: -
ParentUser: -"
Information,4/15/2023 8:41:17 PM,Microsoft-Windows-Sysmon,1,Process Create (rule: ProcessCreate),"Process Create:
RuleName: -
UtcTime: 2023-04-15 11:41:17.484
ProcessGuid: {2048537D-8D5D-643A-4300-000000000A00}
ProcessId: 3916
Image: C:\Windows\explorer.exe
FileVersion: 10.0.14393.1532 (rs1_release_d.170711-1840)
Description: Windows Explorer
Product: Microsoft® Windows® Operating System
Company: Microsoft Corporation
OriginalFileName: EXPLORER.EXE
CommandLine: C:\Windows\Explorer.EXE
CurrentDirectory: C:\Windows\system32\
User: EXAMPLECOMPANY\admin
LogonGuid: {2048537D-8D5D-643A-7B45-030000000000}
LogonId: 0x3457B
TerminalSessionId: 1
IntegrityLevel: Medium
Hashes: SHA256=0327B7630D585AD01F6EC2EB847622645B81DF94A1370B5E466DB9F09F933951
ParentProcessGuid: {2048537D-8D5D-643A-4200-000000000A00}
ParentProcessId: 3896
ParentImage: C:\Windows\System32\userinit.exe
ParentCommandLine: C:\Windows\system32\userinit.exe
ParentUser: EXAMPLECOMPANY\admin"
Information,4/15/2023 8:41:17 PM,Microsoft-Windows-Sysmon,1,Process Create (rule: ProcessCreate),"Process Create:
RuleName: -
UtcTime: 2023-04-15 11:41:17.475
ProcessGuid: {2048537D-8D5D-643A-4200-000000000A00}
ProcessId: 3896
Image: C:\Windows\System32\userinit.exe
FileVersion: 10.0.14393.0 (rs1_release.160715-1616)
Description: Userinit Logon Application
Product: Microsoft® Windows® Operating System
Company: Microsoft Corporation
OriginalFileName: USERINIT.EXE
CommandLine: C:\Windows\system32\userinit.exe
CurrentDirectory: C:\Windows\system32\
User: EXAMPLECOMPANY\admin
LogonGuid: {2048537D-8D5D-643A-7B45-030000000000}
LogonId: 0x3457B
TerminalSessionId: 1
IntegrityLevel: Medium
Hashes: SHA256=CFC6A18FC8FE7447ECD491345A32F0F10208F114B70A0E9D1CD72F6070D5B36F
ParentProcessGuid: {00000000-0000-0000-0000-000000000000}
ParentProcessId: 520
ParentImage: -
ParentCommandLine: -
ParentUser: -"
Information,4/15/2023 8:41:17 PM,Microsoft-Windows-Sysmon,5,Process terminated (rule: ProcessTerminate),"Process terminated:
RuleName: -
UtcTime: 2023-04-15 11:41:17.390
ProcessGuid: {2048537D-8D03-643A-0E00-000000000A00}
ProcessId: 896
Image: C:\Windows\System32\LogonUI.exe
User: NT AUTHORITY\SYSTEM"
Information,4/15/2023 8:41:17 PM,Microsoft-Windows-Sysmon,1,Process Create (rule: ProcessCreate),"Process Create:
RuleName: -
UtcTime: 2023-04-15 11:41:17.398
ProcessGuid: {2048537D-8D5D-643A-4100-000000000A00}
ProcessId: 3696
Image: C:\Windows\System32\taskhostw.exe
FileVersion: 10.0.14393.0 (rs1_release.160715-1616)
Description: Host Process for Windows Tasks
Product: Microsoft® Windows® Operating System
Company: Microsoft Corporation
OriginalFileName: taskhostw.exe
CommandLine: taskhostw.exe USER
CurrentDirectory: C:\Windows\system32\
User: EXAMPLECOMPANY\admin
LogonGuid: {2048537D-8D5D-643A-7B45-030000000000}
LogonId: 0x3457B
TerminalSessionId: 1
IntegrityLevel: Medium
Hashes: SHA256=A0A677D6C943AD1A7BC1879DFCCB400211DF68100F8EDD7BA6120067A18BEE0B
ParentProcessGuid: {00000000-0000-0000-0000-000000000000}
ParentProcessId: 952
ParentImage: -
ParentCommandLine: -
ParentUser: -"
Information,4/15/2023 8:41:17 PM,Microsoft-Windows-Sysmon,1,Process Create (rule: ProcessCreate),"Process Create:
RuleName: -
UtcTime: 2023-04-15 11:41:17.393
ProcessGuid: {2048537D-8D5D-643A-4000-000000000A00}
ProcessId: 3676
Image: C:\Windows\System32\ServerManagerLauncher.exe
FileVersion: 10.0.14393.0 (rs1_release.160715-1616)
Description: Server Manager Launcher
Product: Microsoft® Windows® Operating System
Company: Microsoft Corporation
OriginalFileName: ServerManagerLauncher.exe
CommandLine: C:\Windows\system32\ServerManagerLauncher.exe
CurrentDirectory: C:\Windows\system32\
User: EXAMPLECOMPANY\admin
LogonGuid: {2048537D-8D5D-643A-7B45-030000000000}
LogonId: 0x3457B
TerminalSessionId: 1
IntegrityLevel: Medium
Hashes: SHA256=72EE5BD75AB5617A2FF4535EA7A62DE178A89A883C29DB606789BE112E6EF38E
ParentProcessGuid: {00000000-0000-0000-0000-000000000000}
ParentProcessId: 952
ParentImage: -
ParentCommandLine: -
ParentUser: -"
Information,4/15/2023 8:41:17 PM,Microsoft-Windows-Sysmon,1,Process Create (rule: ProcessCreate),"Process Create:
RuleName: -
UtcTime: 2023-04-15 11:41:17.384
ProcessGuid: {2048537D-8D5D-643A-3F00-000000000A00}
ProcessId: 3644
Image: C:\Windows\System32\taskhostw.exe
FileVersion: 10.0.14393.0 (rs1_release.160715-1616)
Description: Host Process for Windows Tasks
Product: Microsoft® Windows® Operating System
Company: Microsoft Corporation
OriginalFileName: taskhostw.exe
CommandLine: taskhostw.exe {222A245B-E637-4AE9-A93F-A59CA119A75E}
CurrentDirectory: C:\Windows\system32\
User: EXAMPLECOMPANY\admin
LogonGuid: {2048537D-8D5D-643A-7B45-030000000000}
LogonId: 0x3457B
TerminalSessionId: 1
IntegrityLevel: Medium
Hashes: SHA256=A0A677D6C943AD1A7BC1879DFCCB400211DF68100F8EDD7BA6120067A18BEE0B
ParentProcessGuid: {00000000-0000-0000-0000-000000000000}
ParentProcessId: 952
ParentImage: -
ParentCommandLine: -
ParentUser: -"
Information,4/15/2023 8:41:17 PM,Microsoft-Windows-Sysmon,1,Process Create (rule: ProcessCreate),"Process Create:
RuleName: -
UtcTime: 2023-04-15 11:41:17.372
ProcessGuid: {2048537D-8D5D-643A-3E00-000000000A00}
ProcessId: 3612
Image: C:\Windows\System32\svchost.exe
FileVersion: 10.0.14393.0 (rs1_release.160715-1616)
Description: Host Process for Windows Services
Product: Microsoft® Windows® Operating System
Company: Microsoft Corporation
OriginalFileName: svchost.exe
CommandLine: C:\Windows\system32\svchost.exe -k UnistackSvcGroup
CurrentDirectory: C:\Windows\system32\
User: EXAMPLECOMPANY\admin
LogonGuid: {2048537D-8D5D-643A-7B45-030000000000}
LogonId: 0x3457B
TerminalSessionId: 1
IntegrityLevel: Medium
Hashes: SHA256=438B6CCD84F4DD32D9684ED7D58FD7D1E5A75FE3F3D12AB6C788E6BB0FFAD5E7
ParentProcessGuid: {00000000-0000-0000-0000-000000000000}
ParentProcessId: 556
ParentImage: -
ParentCommandLine: -
ParentUser: -"
Information,4/15/2023 8:41:17 PM,Microsoft-Windows-Sysmon,1,Process Create (rule: ProcessCreate),"Process Create:
RuleName: -
UtcTime: 2023-04-15 11:41:17.369
ProcessGuid: {2048537D-8D5D-643A-3D00-000000000A00}
ProcessId: 3604
Image: C:\Windows\System32\sihost.exe
FileVersion: 10.0.14393.0 (rs1_release.160715-1616)
Description: Shell Infrastructure Host
Product: Microsoft® Windows® Operating System
Company: Microsoft Corporation
OriginalFileName: sihost.exe
CommandLine: sihost.exe
CurrentDirectory: C:\Windows\system32\
User: EXAMPLECOMPANY\admin
LogonGuid: {2048537D-8D5D-643A-7B45-030000000000}
LogonId: 0x3457B
TerminalSessionId: 1
IntegrityLevel: Medium
Hashes: SHA256=32FABBC09CA776A819D40CF3E33A3FE44BF1DB72EA351845B20ED9FF528B64D4
ParentProcessGuid: {00000000-0000-0000-0000-000000000000}
ParentProcessId: 952
ParentImage: -
ParentCommandLine: -
ParentUser: -"
