Information,4/15/2023 8:29:31 PM,Microsoft-Windows-Sysmon,5,Process terminated (rule: ProcessTerminate),"Process terminated:
RuleName: -
UtcTime: 2023-04-15 11:29:31.894
ProcessGuid: {2048537D-8A96-643A-6700-000000000900}
ProcessId: 4780
Image: C:\Windows\SysWOW64\dllhost.exe
User: EXAMPLECOMPANY\admin"
Information,4/15/2023 8:29:26 PM,Microsoft-Windows-Sysmon,1,Process Create (rule: ProcessCreate),"Process Create:
RuleName: -
UtcTime: 2023-04-15 11:29:26.860
ProcessGuid: {2048537D-8A96-643A-6700-000000000900}
ProcessId: 4780
Image: C:\Windows\SysWOW64\dllhost.exe
FileVersion: 10.0.14393.0 (rs1_release.160715-1616)
Description: COM Surrogate
Product: Microsoft® Windows® Operating System
Company: Microsoft Corporation
OriginalFileName: dllhost.exe
CommandLine: C:\Windows\SysWOW64\DllHost.exe /Processid:{06622D85-6856-4460-8DE1-A81921B41C4B}
CurrentDirectory: C:\Windows\system32\
User: EXAMPLECOMPANY\admin
LogonGuid: {2048537D-8A36-643A-1A52-030000000000}
LogonId: 0x3521A
TerminalSessionId: 1
IntegrityLevel: Medium
Hashes: SHA256=5137C324038AB2E8EAB4F98A20BEE9F121346D62E4D907CA1E4A860F4C54EAE8
ParentProcessGuid: {00000000-0000-0000-0000-000000000000}
ParentProcessId: 732
ParentImage: -
ParentCommandLine: -
ParentUser: -"
Information,4/15/2023 8:29:26 PM,Microsoft-Windows-Sysmon,5,Process terminated (rule: ProcessTerminate),"Process terminated:
RuleName: -
UtcTime: 2023-04-15 11:29:26.459
ProcessGuid: {2048537D-8A3C-643A-5300-000000000900}
ProcessId: 4168
Image: C:\Windows\System32\wbem\WmiPrvSE.exe
User: NT AUTHORITY\NETWORK SERVICE"
Information,4/15/2023 8:29:26 PM,Microsoft-Windows-Sysmon,5,Process terminated (rule: ProcessTerminate),"Process terminated:
RuleName: -
UtcTime: 2023-04-15 11:29:26.459
ProcessGuid: {2048537D-8A3C-643A-5400-000000000900}
ProcessId: 4220
Image: C:\Windows\System32\wbem\WmiPrvSE.exe
User: NT AUTHORITY\LOCAL SERVICE"
Information,4/15/2023 8:29:26 PM,Microsoft-Windows-Sysmon,5,Process terminated (rule: ProcessTerminate),"Process terminated:
RuleName: -
UtcTime: 2023-04-15 11:29:26.459
ProcessGuid: {2048537D-8A3F-643A-5500-000000000900}
ProcessId: 4304
Image: C:\Windows\System32\wbem\WmiPrvSE.exe
User: NT AUTHORITY\SYSTEM"
Information,4/15/2023 8:29:23 PM,Microsoft-Windows-Sysmon,5,Process terminated (rule: ProcessTerminate),"Process terminated:
RuleName: -
UtcTime: 2023-04-15 11:29:23.209
ProcessGuid: {2048537D-8A36-643A-4200-000000000900}
ProcessId: 3772
Image: C:\Windows\System32\sppsvc.exe
User: NT AUTHORITY\NETWORK SERVICE"
Information,4/15/2023 8:29:23 PM,Microsoft-Windows-Sysmon,5,Process terminated (rule: ProcessTerminate),"Process terminated:
RuleName: -
UtcTime: 2023-04-15 11:29:23.209
ProcessGuid: {2048537D-8A36-643A-4300-000000000900}
ProcessId: 3936
Image: C:\Windows\System32\SppExtComObj.Exe
User: NT AUTHORITY\NETWORK SERVICE"
Information,4/15/2023 8:29:22 PM,Microsoft-Windows-Sysmon,5,Process terminated (rule: ProcessTerminate),"Process terminated:
RuleName: -
UtcTime: 2023-04-15 11:29:22.084
ProcessGuid: {2048537D-8A38-643A-4B00-000000000900}
ProcessId: 2672
Image: C:\Windows\System32\backgroundTaskHost.exe
User: EXAMPLECOMPANY\admin"
Information,4/15/2023 8:29:21 PM,Microsoft-Windows-Sysmon,1,Process Create (rule: ProcessCreate),"Process Create:
RuleName: -
UtcTime: 2023-04-15 11:29:21.923
ProcessGuid: {2048537D-8A91-643A-6600-000000000900}
ProcessId: 4408
Image: C:\Windows\System32\dllhost.exe
FileVersion: 10.0.14393.0 (rs1_release.160715-1616)
Description: COM Surrogate
Product: Microsoft® Windows® Operating System
Company: Microsoft Corporation
OriginalFileName: dllhost.exe
CommandLine: C:\Windows\system32\DllHost.exe /Processid:{133EAC4F-5891-4D04-BADA-D84870380A80}
CurrentDirectory: C:\Windows\system32\
User: NT AUTHORITY\SYSTEM
LogonGuid: {2048537D-89C4-643A-E703-000000000000}
LogonId: 0x3E7
TerminalSessionId: 0
IntegrityLevel: System
Hashes: SHA256=EE8364C07B3F4F71FA649E0E6C4C73C15D285130E4B16E79890EEBBF89C2164E
ParentProcessGuid: {00000000-0000-0000-0000-000000000000}
ParentProcessId: 732
ParentImage: -
ParentCommandLine: -
ParentUser: -"
Information,4/15/2023 8:29:21 PM,Microsoft-Windows-Sysmon,1,Process Create (rule: ProcessCreate),"Process Create:
RuleName: -
UtcTime: 2023-04-15 11:29:21.915
ProcessGuid: {2048537D-8A91-643A-6500-000000000900}
ProcessId: 4956
Image: C:\Windows\System32\taskhostw.exe
FileVersion: 10.0.14393.0 (rs1_release.160715-1616)
Description: Host Process for Windows Tasks
Product: Microsoft® Windows® Operating System
Company: Microsoft Corporation
OriginalFileName: taskhostw.exe
CommandLine: taskhostw.exe
CurrentDirectory: C:\Windows\system32\
User: NT AUTHORITY\SYSTEM
LogonGuid: {2048537D-89C4-643A-E703-000000000000}
LogonId: 0x3E7
TerminalSessionId: 0
IntegrityLevel: System
Hashes: SHA256=A0A677D6C943AD1A7BC1879DFCCB400211DF68100F8EDD7BA6120067A18BEE0B
ParentProcessGuid: {00000000-0000-0000-0000-000000000000}
ParentProcessId: 1016
ParentImage: -
ParentCommandLine: -
ParentUser: -"
Information,4/15/2023 8:29:19 PM,Microsoft-Windows-Sysmon,5,Process terminated (rule: ProcessTerminate),"Process terminated:
RuleName: -
UtcTime: 2023-04-15 11:29:19.600
ProcessGuid: {2048537D-8A6C-643A-5E00-000000000900}
ProcessId: 3304
Image: C:\Windows\System32\dllhost.exe
User: NT AUTHORITY\SYSTEM"
Information,4/15/2023 8:29:15 PM,Microsoft-Windows-Sysmon,5,Process terminated (rule: ProcessTerminate),"Process terminated:
RuleName: -
UtcTime: 2023-04-15 11:29:15.506
ProcessGuid: {2048537D-89C5-643A-1800-000000000900}
ProcessId: 1716
Image: C:\Windows\System32\svchost.exe
User: NT AUTHORITY\SYSTEM"
Information,4/15/2023 8:29:14 PM,Microsoft-Windows-Sysmon,5,Process terminated (rule: ProcessTerminate),"Process terminated:
RuleName: -
UtcTime: 2023-04-15 11:29:14.600
ProcessGuid: {2048537D-8A6C-643A-5D00-000000000900}
ProcessId: 2548
Image: C:\Windows\System32\taskhostw.exe
User: NT AUTHORITY\SYSTEM"
Information,4/15/2023 8:28:59 PM,Microsoft-Windows-Sysmon,5,Process terminated (rule: ProcessTerminate),"Process terminated:
RuleName: -
UtcTime: 2023-04-15 11:28:59.662
ProcessGuid: {2048537D-8A79-643A-6400-000000000900}
ProcessId: 4000
Image: C:\Windows\System32\wermgr.exe
User: NT AUTHORITY\SYSTEM"
Information,4/15/2023 8:28:57 PM,Microsoft-Windows-Sysmon,1,Process Create (rule: ProcessCreate),"Process Create:
RuleName: -
UtcTime: 2023-04-15 11:28:57.991
ProcessGuid: {2048537D-8A79-643A-6400-000000000900}
ProcessId: 4000
Image: C:\Windows\System32\wermgr.exe
FileVersion: 10.0.14393.1884 (rs1_release.171101-1233)
Description: Windows Problem Reporting
Product: Microsoft® Windows® Operating System
Company: Microsoft Corporation
OriginalFileName: WerMgr
CommandLine: C:\Windows\system32\wermgr.exe -upload
CurrentDirectory: C:\Windows\system32\
User: NT AUTHORITY\SYSTEM
LogonGuid: {2048537D-89C4-643A-E703-000000000000}
LogonId: 0x3E7
TerminalSessionId: 0
IntegrityLevel: System
Hashes: SHA256=99A3BBD357A66BBBE00D9215277A42417D1EC243BB5B88D12324318592BBFD58
ParentProcessGuid: {00000000-0000-0000-0000-000000000000}
ParentProcessId: 1016
ParentImage: -
ParentCommandLine: -
ParentUser: -"
Information,4/15/2023 8:28:57 PM,Microsoft-Windows-Sysmon,5,Process terminated (rule: ProcessTerminate),"Process terminated:
RuleName: -
UtcTime: 2023-04-15 11:28:57.239
ProcessGuid: {2048537D-8A74-643A-6300-000000000900}
ProcessId: 4472
Image: C:\Windows\SysWOW64\dllhost.exe
User: EXAMPLECOMPANY\admin"
Information,4/15/2023 8:28:53 PM,Microsoft-Windows-Sysmon,5,Process terminated (rule: ProcessTerminate),"Process terminated:
RuleName: -
UtcTime: 2023-04-15 11:28:53.189
ProcessGuid: {2048537D-8A36-643A-4400-000000000900}
ProcessId: 3988
Image: C:\Windows\System32\slui.exe
User: NT AUTHORITY\NETWORK SERVICE"
Information,4/15/2023 8:28:53 PM,Microsoft-Windows-Sysmon,5,Process terminated (rule: ProcessTerminate),"Process terminated:
RuleName: -
UtcTime: 2023-04-15 11:28:53.157
ProcessGuid: {2048537D-8A36-643A-4500-000000000900}
ProcessId: 4036
Image: C:\Windows\System32\slui.exe
User: EXAMPLECOMPANY\admin"
Information,4/15/2023 8:28:52 PM,Microsoft-Windows-Sysmon,1,Process Create (rule: ProcessCreate),"Process Create:
RuleName: -
UtcTime: 2023-04-15 11:28:52.148
ProcessGuid: {2048537D-8A74-643A-6300-000000000900}
ProcessId: 4472
Image: C:\Windows\SysWOW64\dllhost.exe
FileVersion: 10.0.14393.0 (rs1_release.160715-1616)
Description: COM Surrogate
Product: Microsoft® Windows® Operating System
Company: Microsoft Corporation
OriginalFileName: dllhost.exe
CommandLine: C:\Windows\SysWOW64\DllHost.exe /Processid:{06622D85-6856-4460-8DE1-A81921B41C4B}
CurrentDirectory: C:\Windows\system32\
User: EXAMPLECOMPANY\admin
LogonGuid: {2048537D-8A36-643A-1A52-030000000000}
LogonId: 0x3521A
TerminalSessionId: 1
IntegrityLevel: Medium
Hashes: SHA256=5137C324038AB2E8EAB4F98A20BEE9F121346D62E4D907CA1E4A860F4C54EAE8
ParentProcessGuid: {00000000-0000-0000-0000-000000000000}
ParentProcessId: 732
ParentImage: -
ParentCommandLine: -
ParentUser: -"
Information,4/15/2023 8:28:49 PM,Microsoft-Windows-Sysmon,5,Process terminated (rule: ProcessTerminate),"Process terminated:
RuleName: -
UtcTime: 2023-04-15 11:28:49.673
ProcessGuid: {2048537D-8A6C-643A-6100-000000000900}
ProcessId: 4160
Image: C:\Windows\System32\dllhost.exe
User: NT AUTHORITY\SYSTEM"
Information,4/15/2023 8:28:49 PM,Microsoft-Windows-Sysmon,5,Process terminated (rule: ProcessTerminate),"Process terminated:
RuleName: -
UtcTime: 2023-04-15 11:28:49.657
ProcessGuid: {2048537D-8A6C-643A-6000-000000000900}
ProcessId: 2608
Image: C:\Windows\System32\dllhost.exe
User: NT AUTHORITY\SYSTEM"
Information,4/15/2023 8:28:44 PM,Microsoft-Windows-Sysmon,1,Process Create (rule: ProcessCreate),"Process Create:
RuleName: -
UtcTime: 2023-04-15 11:28:44.671
ProcessGuid: {2048537D-8A6C-643A-6200-000000000900}
ProcessId: 4488
Image: C:\Windows\System32\SystemSettingsAdminFlows.exe
FileVersion: 10.0.14393.953 (rs1_release_inmarket.170303-1614)
Description: Settings
Product: Microsoft® Windows® Operating System
Company: Microsoft Corporation
OriginalFileName: SystemSettingsAdminFlows.EXE
CommandLine: ""C:\Windows\system32\SystemSettingsAdminFlows.exe"" LanguagePackInstaller
CurrentDirectory: C:\Windows\system32\
User: EXAMPLECOMPANY\admin
LogonGuid: {2048537D-8A36-643A-0652-030000000000}
LogonId: 0x35206
TerminalSessionId: 1
IntegrityLevel: High
Hashes: SHA256=0F2429231FBDEB74DF51ACFA3857F2B1A8E7110767CD0A686B8C081DC57B474E
ParentProcessGuid: {2048537D-8A65-643A-5A00-000000000900}
ParentProcessId: 3708
ParentImage: C:\Windows\ImmersiveControlPanel\SystemSettings.exe
ParentCommandLine: ""C:\Windows\ImmersiveControlPanel\SystemSettings.exe"" -ServerName:microsoft.windows.immersivecontrolpanel
ParentUser: EXAMPLECOMPANY\admin"
Information,4/15/2023 8:28:44 PM,Microsoft-Windows-Sysmon,1,Process Create (rule: ProcessCreate),"Process Create:
RuleName: -
UtcTime: 2023-04-15 11:28:44.663
ProcessGuid: {2048537D-8A6C-643A-6100-000000000900}
ProcessId: 4160
Image: C:\Windows\System32\dllhost.exe
FileVersion: 10.0.14393.0 (rs1_release.160715-1616)
Description: COM Surrogate
Product: Microsoft® Windows® Operating System
Company: Microsoft Corporation
OriginalFileName: dllhost.exe
CommandLine: C:\Windows\system32\DllHost.exe /Processid:{E10F6C3A-F1AE-4ADC-AA9D-2FE65525666E}
CurrentDirectory: C:\Windows\system32\
User: NT AUTHORITY\SYSTEM
LogonGuid: {2048537D-89C4-643A-E703-000000000000}
LogonId: 0x3E7
TerminalSessionId: 0
IntegrityLevel: System
Hashes: SHA256=EE8364C07B3F4F71FA649E0E6C4C73C15D285130E4B16E79890EEBBF89C2164E
ParentProcessGuid: {00000000-0000-0000-0000-000000000000}
ParentProcessId: 732
ParentImage: -
ParentCommandLine: -
ParentUser: -"
Information,4/15/2023 8:28:44 PM,Microsoft-Windows-Sysmon,5,Process terminated (rule: ProcessTerminate),"Process terminated:
RuleName: -
UtcTime: 2023-04-15 11:28:44.657
ProcessGuid: {2048537D-8A6C-643A-5F00-000000000900}
ProcessId: 3524
Image: C:\Windows\System32\consent.exe
User: NT AUTHORITY\SYSTEM"
Information,4/15/2023 8:28:44 PM,Microsoft-Windows-Sysmon,1,Process Create (rule: ProcessCreate),"Process Create:
RuleName: -
UtcTime: 2023-04-15 11:28:44.650
ProcessGuid: {2048537D-8A6C-643A-6000-000000000900}
ProcessId: 2608
Image: C:\Windows\System32\dllhost.exe
FileVersion: 10.0.14393.0 (rs1_release.160715-1616)
Description: COM Surrogate
Product: Microsoft® Windows® Operating System
Company: Microsoft Corporation
OriginalFileName: dllhost.exe
CommandLine: C:\Windows\system32\DllHost.exe /Processid:{E10F6C3A-F1AE-4ADC-AA9D-2FE65525666E}
CurrentDirectory: C:\Windows\system32\
User: NT AUTHORITY\SYSTEM
LogonGuid: {2048537D-89C4-643A-E703-000000000000}
LogonId: 0x3E7
TerminalSessionId: 1
IntegrityLevel: System
Hashes: SHA256=EE8364C07B3F4F71FA649E0E6C4C73C15D285130E4B16E79890EEBBF89C2164E
ParentProcessGuid: {00000000-0000-0000-0000-000000000000}
ParentProcessId: 732
ParentImage: -
ParentCommandLine: -
ParentUser: -"
Information,4/15/2023 8:28:44 PM,Microsoft-Windows-Sysmon,1,Process Create (rule: ProcessCreate),"Process Create:
RuleName: -
UtcTime: 2023-04-15 11:28:44.623
ProcessGuid: {2048537D-8A6C-643A-5F00-000000000900}
ProcessId: 3524
Image: C:\Windows\System32\consent.exe
FileVersion: 10.0.14393.0 (rs1_release.160715-1616)
Description: Consent UI for administrative applications
Product: Microsoft® Windows® Operating System
Company: Microsoft Corporation
OriginalFileName: consent.exe
CommandLine: consent.exe 1016 456 0000018A91028B50
CurrentDirectory: C:\Windows\system32\
User: NT AUTHORITY\SYSTEM
LogonGuid: {2048537D-89C4-643A-E703-000000000000}
LogonId: 0x3E7
TerminalSessionId: 1
IntegrityLevel: System
Hashes: SHA256=8B1522BA0FE25D268781C2DF68BAE2BA4991D5BD02F161E61DE1B9194AE54DFA
ParentProcessGuid: {00000000-0000-0000-0000-000000000000}
ParentProcessId: 1016
ParentImage: -
ParentCommandLine: -
ParentUser: -"
Information,4/15/2023 8:28:44 PM,Microsoft-Windows-Sysmon,1,Process Create (rule: ProcessCreate),"Process Create:
RuleName: -
UtcTime: 2023-04-15 11:28:44.610
ProcessGuid: {2048537D-8A6C-643A-5E00-000000000900}
ProcessId: 3304
Image: C:\Windows\System32\dllhost.exe
FileVersion: 10.0.14393.0 (rs1_release.160715-1616)
Description: COM Surrogate
Product: Microsoft® Windows® Operating System
Company: Microsoft Corporation
OriginalFileName: dllhost.exe
CommandLine: C:\Windows\system32\DllHost.exe /Processid:{133EAC4F-5891-4D04-BADA-D84870380A80}
CurrentDirectory: C:\Windows\system32\
User: NT AUTHORITY\SYSTEM
LogonGuid: {2048537D-89C4-643A-E703-000000000000}
LogonId: 0x3E7
TerminalSessionId: 0
IntegrityLevel: System
Hashes: SHA256=EE8364C07B3F4F71FA649E0E6C4C73C15D285130E4B16E79890EEBBF89C2164E
ParentProcessGuid: {00000000-0000-0000-0000-000000000000}
ParentProcessId: 732
ParentImage: -
ParentCommandLine: -
ParentUser: -"
Information,4/15/2023 8:28:44 PM,Microsoft-Windows-Sysmon,1,Process Create (rule: ProcessCreate),"Process Create:
RuleName: -
UtcTime: 2023-04-15 11:28:44.597
ProcessGuid: {2048537D-8A6C-643A-5D00-000000000900}
ProcessId: 2548
Image: C:\Windows\System32\taskhostw.exe
FileVersion: 10.0.14393.0 (rs1_release.160715-1616)
Description: Host Process for Windows Tasks
Product: Microsoft® Windows® Operating System
Company: Microsoft Corporation
OriginalFileName: taskhostw.exe
CommandLine: taskhostw.exe
CurrentDirectory: C:\Windows\system32\
User: NT AUTHORITY\SYSTEM
LogonGuid: {2048537D-89C4-643A-E703-000000000000}
LogonId: 0x3E7
TerminalSessionId: 0
IntegrityLevel: System
Hashes: SHA256=A0A677D6C943AD1A7BC1879DFCCB400211DF68100F8EDD7BA6120067A18BEE0B
ParentProcessGuid: {00000000-0000-0000-0000-000000000000}
ParentProcessId: 1016
ParentImage: -
ParentCommandLine: -
ParentUser: -"
Information,4/15/2023 8:28:44 PM,Microsoft-Windows-Sysmon,1,Process Create (rule: ProcessCreate),"Process Create:
RuleName: -
UtcTime: 2023-04-15 11:28:44.590
ProcessGuid: {2048537D-8A6C-643A-5C00-000000000900}
ProcessId: 3320
Image: C:\Windows\WinSxS\amd64_microsoft-windows-servicingstack_31bf3856ad364e35_10.0.14393.1883_none_7ed84bd822106081\TiWorker.exe
FileVersion: 10.0.14393.693 (rs1_release.161220-1747)
Description: Windows Modules Installer Worker
Product: Microsoft® Windows® Operating System
Company: Microsoft Corporation
OriginalFileName: TiWorker.exe
CommandLine: C:\Windows\winsxs\amd64_microsoft-windows-servicingstack_31bf3856ad364e35_10.0.14393.1883_none_7ed84bd822106081\TiWorker.exe -Embedding
CurrentDirectory: C:\Windows\system32\
User: NT AUTHORITY\SYSTEM
LogonGuid: {2048537D-89C4-643A-E703-000000000000}
LogonId: 0x3E7
TerminalSessionId: 0
IntegrityLevel: System
Hashes: SHA256=B6E333F2C1AA300E86F4E81A7A0E05734152F858F56AC0E008E3B104BE60DE74
ParentProcessGuid: {00000000-0000-0000-0000-000000000000}
ParentProcessId: 732
ParentImage: -
ParentCommandLine: -
ParentUser: -"
Information,4/15/2023 8:28:44 PM,Microsoft-Windows-Sysmon,1,Process Create (rule: ProcessCreate),"Process Create:
RuleName: -
UtcTime: 2023-04-15 11:28:44.570
ProcessGuid: {2048537D-8A6C-643A-5B00-000000000900}
ProcessId: 1668
Image: C:\Windows\servicing\TrustedInstaller.exe
FileVersion: 10.0.14393.479 (rs1_release.161110-2025)
Description: Windows Modules Installer
Product: Microsoft® Windows® Operating System
Company: Microsoft Corporation
OriginalFileName: TrustedInstaller.exe
CommandLine: C:\Windows\servicing\TrustedInstaller.exe
CurrentDirectory: C:\Windows\system32\
User: NT AUTHORITY\SYSTEM
LogonGuid: {2048537D-89C4-643A-E703-000000000000}
LogonId: 0x3E7
TerminalSessionId: 0
IntegrityLevel: System
Hashes: SHA256=208C7725F70C75D8C96CCAF5B22F83B8B1C66D8C9FFF48465B1C9F4A77425569
ParentProcessGuid: {00000000-0000-0000-0000-000000000000}
ParentProcessId: 556
ParentImage: -
ParentCommandLine: -
ParentUser: -"
Information,4/15/2023 8:28:41 PM,Microsoft-Windows-Sysmon,5,Process terminated (rule: ProcessTerminate),"Process terminated:
RuleName: -
UtcTime: 2023-04-15 11:28:41.392
ProcessGuid: {2048537D-8A64-643A-5800-000000000900}
ProcessId: 4836
Image: C:\Windows\System32\IME\SHARED\ImeBroker.exe
User: EXAMPLECOMPANY\admin"
Information,4/15/2023 8:28:37 PM,Microsoft-Windows-Sysmon,1,Process Create (rule: ProcessCreate),"Process Create:
RuleName: -
UtcTime: 2023-04-15 11:28:37.091
ProcessGuid: {2048537D-8A65-643A-5A00-000000000900}
ProcessId: 3708
Image: C:\Windows\ImmersiveControlPanel\SystemSettings.exe
FileVersion: 10.0.14393.82 (rs1_release.160805-1735)
Description: Settings
Product: Microsoft® Windows® Operating System
Company: Microsoft Corporation
OriginalFileName: SystemSettings.exe
CommandLine: ""C:\Windows\ImmersiveControlPanel\SystemSettings.exe"" -ServerName:microsoft.windows.immersivecontrolpanel
CurrentDirectory: C:\Windows\ImmersiveControlPanel\
User: EXAMPLECOMPANY\admin
LogonGuid: {2048537D-8A36-643A-1A52-030000000000}
LogonId: 0x3521A
TerminalSessionId: 1
IntegrityLevel: Medium
Hashes: SHA256=E768FF1F2F31178FE5930F261ACD4B19464ACC019FB0AA697D0B48686E59050C
ParentProcessGuid: {00000000-0000-0000-0000-000000000000}
ParentProcessId: 732
ParentImage: -
ParentCommandLine: -
ParentUser: -"
Information,4/15/2023 8:28:37 PM,Microsoft-Windows-Sysmon,1,Process Create (rule: ProcessCreate),"Process Create:
RuleName: -
UtcTime: 2023-04-15 11:28:37.033
ProcessGuid: {2048537D-8A65-643A-5900-000000000900}
ProcessId: 5028
Image: C:\Windows\System32\ApplicationFrameHost.exe
FileVersion: 10.0.14393.0 (rs1_release.160715-1616)
Description: Application Frame Host
Product: Microsoft® Windows® Operating System
Company: Microsoft Corporation
OriginalFileName: ApplicationFrameHost.exe
CommandLine: C:\Windows\system32\ApplicationFrameHost.exe -Embedding
CurrentDirectory: C:\Windows\system32\
User: EXAMPLECOMPANY\admin
LogonGuid: {2048537D-8A36-643A-1A52-030000000000}
LogonId: 0x3521A
TerminalSessionId: 1
IntegrityLevel: Medium
Hashes: SHA256=1149BA08C3C39E66F8D56898C809FFF97AD5693C686D820FC5301F6113ED9B9B
ParentProcessGuid: {00000000-0000-0000-0000-000000000000}
ParentProcessId: 732
ParentImage: -
ParentCommandLine: -
ParentUser: -"
Information,4/15/2023 8:28:36 PM,Microsoft-Windows-Sysmon,1,Process Create (rule: ProcessCreate),"Process Create:
RuleName: -
UtcTime: 2023-04-15 11:28:36.073
ProcessGuid: {2048537D-8A64-643A-5800-000000000900}
ProcessId: 4836
Image: C:\Windows\System32\IME\SHARED\ImeBroker.exe
FileVersion: 10.0.14393.1480 (rs1_release.170706-2004)
Description: Microsoft IME
Product: Microsoft® Windows® Operating System
Company: Microsoft Corporation
OriginalFileName: ImeBroker.exe
CommandLine: C:\Windows\System32\IME\SHARED\imebroker.exe -Embedding
CurrentDirectory: C:\Windows\system32\
User: EXAMPLECOMPANY\admin
LogonGuid: {2048537D-8A36-643A-1A52-030000000000}
LogonId: 0x3521A
TerminalSessionId: 1
IntegrityLevel: Medium
Hashes: SHA256=70ABEEFE7986B98D41D954DD9FD35279F11228EEBCDEDDC5652718E702FAAE80
ParentProcessGuid: {00000000-0000-0000-0000-000000000000}
ParentProcessId: 732
ParentImage: -
ParentCommandLine: -
ParentUser: -"
Information,4/15/2023 8:28:23 PM,Microsoft-Windows-Sysmon,5,Process terminated (rule: ProcessTerminate),"Process terminated:
RuleName: -
UtcTime: 2023-04-15 11:28:23.876
ProcessGuid: {2048537D-8A4D-643A-5600-000000000900}
ProcessId: 4564
Image: C:\Windows\System32\svchost.exe
User: NT AUTHORITY\NETWORK SERVICE"
Information,4/15/2023 8:28:13 PM,Microsoft-Windows-Sysmon,5,Process terminated (rule: ProcessTerminate),"Process terminated:
RuleName: -
UtcTime: 2023-04-15 11:28:13.996
ProcessGuid: {2048537D-8A36-643A-4600-000000000900}
ProcessId: 4052
Image: C:\Windows\System32\userinit.exe
User: EXAMPLECOMPANY\admin"
Information,4/15/2023 8:28:13 PM,Microsoft-Windows-Sysmon,1,Process Create (rule: ProcessCreate),"Process Create:
RuleName: -
UtcTime: 2023-04-15 11:28:13.983
ProcessGuid: {2048537D-8A4D-643A-5700-000000000900}
ProcessId: 4600
Image: C:\Windows\System32\msdtc.exe
FileVersion: 2001.12.10941.16384 (rs1_release.160715-1616)
Description: Microsoft Distributed Transaction Coordinator Service
Product: Microsoft® Windows® Operating System
Company: Microsoft Corporation
OriginalFileName: MSDTC.EXE
CommandLine: C:\Windows\System32\msdtc.exe
CurrentDirectory: C:\Windows\system32\
User: NT AUTHORITY\NETWORK SERVICE
LogonGuid: {2048537D-89C5-643A-E403-000000000000}
LogonId: 0x3E4
TerminalSessionId: 0
IntegrityLevel: System
Hashes: SHA256=72DB45CA11FE635DF9F8273C38CBEFB8DF5362ADA0CBF6D2B1E570365DC700C0
ParentProcessGuid: {00000000-0000-0000-0000-000000000000}
ParentProcessId: 556
ParentImage: -
ParentCommandLine: -
ParentUser: -"
Information,4/15/2023 8:28:13 PM,Microsoft-Windows-Sysmon,1,Process Create (rule: ProcessCreate),"Process Create:
RuleName: -
UtcTime: 2023-04-15 11:28:13.841
ProcessGuid: {2048537D-8A4D-643A-5600-000000000900}
ProcessId: 4564
Image: C:\Windows\System32\svchost.exe
FileVersion: 10.0.14393.0 (rs1_release.160715-1616)
Description: Host Process for Windows Services
Product: Microsoft® Windows® Operating System
Company: Microsoft Corporation
OriginalFileName: svchost.exe
CommandLine: C:\Windows\System32\svchost.exe -k NetworkService
CurrentDirectory: C:\Windows\system32\
User: NT AUTHORITY\NETWORK SERVICE
LogonGuid: {2048537D-89C5-643A-E403-000000000000}
LogonId: 0x3E4
TerminalSessionId: 0
IntegrityLevel: System
Hashes: SHA256=438B6CCD84F4DD32D9684ED7D58FD7D1E5A75FE3F3D12AB6C788E6BB0FFAD5E7
ParentProcessGuid: {00000000-0000-0000-0000-000000000000}
ParentProcessId: 556
ParentImage: -
ParentCommandLine: -
ParentUser: -"
Information,4/15/2023 8:28:11 PM,Microsoft-Windows-Sysmon,5,Process terminated (rule: ProcessTerminate),"Process terminated:
RuleName: -
UtcTime: 2023-04-15 11:28:11.397
ProcessGuid: {2048537D-89D5-643A-3200-000000000900}
ProcessId: 2224
Image: C:\Program Files\Windows Defender\MpCmdRun.exe
User: NT AUTHORITY\NETWORK SERVICE"
Information,4/15/2023 8:28:05 PM,Microsoft-Windows-Sysmon,5,Process terminated (rule: ProcessTerminate),"Process terminated:
RuleName: -
UtcTime: 2023-04-15 11:28:05.831
ProcessGuid: {2048537D-8A3B-643A-5200-000000000900}
ProcessId: 3736
Image: C:\Windows\System32\mobsync.exe
User: EXAMPLECOMPANY\admin"
Information,4/15/2023 8:27:59 PM,Microsoft-Windows-Sysmon,1,Process Create (rule: ProcessCreate),"Process Create:
RuleName: -
UtcTime: 2023-04-15 11:27:59.162
ProcessGuid: {2048537D-8A3F-643A-5500-000000000900}
ProcessId: 4304
Image: C:\Windows\System32\wbem\WmiPrvSE.exe
FileVersion: 10.0.14393.0 (rs1_release.160715-1616)
Description: WMI Provider Host
Product: Microsoft® Windows® Operating System
Company: Microsoft Corporation
OriginalFileName: Wmiprvse.exe
CommandLine: C:\Windows\system32\wbem\wmiprvse.exe -Embedding
CurrentDirectory: C:\Windows\system32\
User: NT AUTHORITY\SYSTEM
LogonGuid: {2048537D-89C4-643A-E703-000000000000}
LogonId: 0x3E7
TerminalSessionId: 0
IntegrityLevel: System
Hashes: SHA256=B62ACACFCAF99A50149F9DCE06136D478723992A61014FC3DBAE81289FE219F9
ParentProcessGuid: {00000000-0000-0000-0000-000000000000}
ParentProcessId: 732
ParentImage: -
ParentCommandLine: -
ParentUser: -"
Information,4/15/2023 8:27:58 PM,Microsoft-Windows-Sysmon,5,Process terminated (rule: ProcessTerminate),"Process terminated:
RuleName: -
UtcTime: 2023-04-15 11:27:58.003
ProcessGuid: {2048537D-8A36-643A-3B00-000000000900}
ProcessId: 3532
Image: C:\Windows\System32\dllhost.exe
User: NT AUTHORITY\SYSTEM"
Information,4/15/2023 8:27:58 PM,Microsoft-Windows-Sysmon,5,Process terminated (rule: ProcessTerminate),"Process terminated:
RuleName: -
UtcTime: 2023-04-15 11:27:58.001
ProcessGuid: {2048537D-8A38-643A-4E00-000000000900}
ProcessId: 3316
Image: C:\Windows\System32\dllhost.exe
User: NT AUTHORITY\SYSTEM"
Information,4/15/2023 8:27:57 PM,Microsoft-Windows-Sysmon,5,Process terminated (rule: ProcessTerminate),"Process terminated:
RuleName: -
UtcTime: 2023-04-15 11:27:57.487
ProcessGuid: {2048537D-8A38-643A-4A00-000000000900}
ProcessId: 312
Image: C:\Windows\System32\IME\SHARED\ImeBroker.exe
User: EXAMPLECOMPANY\admin"
Information,4/15/2023 8:27:56 PM,Microsoft-Windows-Sysmon,1,Process Create (rule: ProcessCreate),"Process Create:
RuleName: -
UtcTime: 2023-04-15 11:27:56.435
ProcessGuid: {2048537D-8A3C-643A-5400-000000000900}
ProcessId: 4220
Image: C:\Windows\System32\wbem\WmiPrvSE.exe
FileVersion: 10.0.14393.0 (rs1_release.160715-1616)
Description: WMI Provider Host
Product: Microsoft® Windows® Operating System
Company: Microsoft Corporation
OriginalFileName: Wmiprvse.exe
CommandLine: C:\Windows\system32\wbem\wmiprvse.exe -secured -Embedding
CurrentDirectory: C:\Windows\system32\
User: NT AUTHORITY\LOCAL SERVICE
LogonGuid: {2048537D-89C5-643A-E503-000000000000}
LogonId: 0x3E5
TerminalSessionId: 0
IntegrityLevel: System
Hashes: SHA256=B62ACACFCAF99A50149F9DCE06136D478723992A61014FC3DBAE81289FE219F9
ParentProcessGuid: {00000000-0000-0000-0000-000000000000}
ParentProcessId: 732
ParentImage: -
ParentCommandLine: -
ParentUser: -"
Information,4/15/2023 8:27:56 PM,Microsoft-Windows-Sysmon,1,Process Create (rule: ProcessCreate),"Process Create:
RuleName: -
UtcTime: 2023-04-15 11:27:56.396
ProcessGuid: {2048537D-8A3C-643A-5300-000000000900}
ProcessId: 4168
Image: C:\Windows\System32\wbem\WmiPrvSE.exe
FileVersion: 10.0.14393.0 (rs1_release.160715-1616)
Description: WMI Provider Host
Product: Microsoft® Windows® Operating System
Company: Microsoft Corporation
OriginalFileName: Wmiprvse.exe
CommandLine: C:\Windows\system32\wbem\wmiprvse.exe -secured -Embedding
CurrentDirectory: C:\Windows\system32\
User: NT AUTHORITY\NETWORK SERVICE
LogonGuid: {2048537D-89C5-643A-E403-000000000000}
LogonId: 0x3E4
TerminalSessionId: 0
IntegrityLevel: System
Hashes: SHA256=B62ACACFCAF99A50149F9DCE06136D478723992A61014FC3DBAE81289FE219F9
ParentProcessGuid: {00000000-0000-0000-0000-000000000000}
ParentProcessId: 732
ParentImage: -
ParentCommandLine: -
ParentUser: -"
Information,4/15/2023 8:27:55 PM,Microsoft-Windows-Sysmon,5,Process terminated (rule: ProcessTerminate),"Process terminated:
RuleName: -
UtcTime: 2023-04-15 11:27:55.770
ProcessGuid: {2048537D-8A39-643A-5100-000000000900}
ProcessId: 2968
Image: C:\Windows\System32\wermgr.exe
User: NT AUTHORITY\SYSTEM"
Information,4/15/2023 8:27:55 PM,Microsoft-Windows-Sysmon,1,Process Create (rule: ProcessCreate),"Process Create:
RuleName: -
UtcTime: 2023-04-15 11:27:55.586
ProcessGuid: {2048537D-8A3B-643A-5200-000000000900}
ProcessId: 3736
Image: C:\Windows\System32\mobsync.exe
FileVersion: 10.0.14393.0 (rs1_release.160715-1616)
Description: Microsoft Sync Center
Product: Microsoft® Windows® Operating System
Company: Microsoft Corporation
OriginalFileName: mobsync.exe
CommandLine: C:\Windows\System32\mobsync.exe -Embedding
CurrentDirectory: C:\Windows\system32\
User: EXAMPLECOMPANY\admin
LogonGuid: {2048537D-8A36-643A-1A52-030000000000}
LogonId: 0x3521A
TerminalSessionId: 1
IntegrityLevel: Medium
Hashes: SHA256=65C2A4AD1E69454BAD5C2BE41828E0025749F132786F394F0D38679EA0C68931
ParentProcessGuid: {00000000-0000-0000-0000-000000000000}
ParentProcessId: 732
ParentImage: -
ParentCommandLine: -
ParentUser: -"
Information,4/15/2023 8:27:53 PM,Microsoft-Windows-Sysmon,5,Process terminated (rule: ProcessTerminate),"Process terminated:
RuleName: -
UtcTime: 2023-04-15 11:27:53.138
ProcessGuid: {2048537D-8A39-643A-5000-000000000900}
ProcessId: 3372
Image: C:\Windows\System32\wermgr.exe
User: NT AUTHORITY\SYSTEM"
Information,4/15/2023 8:27:53 PM,Microsoft-Windows-Sysmon,1,Process Create (rule: ProcessCreate),"Process Create:
RuleName: -
UtcTime: 2023-04-15 11:27:53.148
ProcessGuid: {2048537D-8A39-643A-5100-000000000900}
ProcessId: 2968
Image: C:\Windows\System32\wermgr.exe
FileVersion: 10.0.14393.1884 (rs1_release.171101-1233)
Description: Windows Problem Reporting
Product: Microsoft® Windows® Operating System
Company: Microsoft Corporation
OriginalFileName: WerMgr
CommandLine: C:\Windows\system32\wermgr.exe -upload
CurrentDirectory: C:\Windows\system32\
User: NT AUTHORITY\SYSTEM
LogonGuid: {2048537D-89C4-643A-E703-000000000000}
LogonId: 0x3E7
TerminalSessionId: 0
IntegrityLevel: System
Hashes: SHA256=99A3BBD357A66BBBE00D9215277A42417D1EC243BB5B88D12324318592BBFD58
ParentProcessGuid: {00000000-0000-0000-0000-000000000000}
ParentProcessId: 1016
ParentImage: -
ParentCommandLine: -
ParentUser: -"
Information,4/15/2023 8:27:53 PM,Microsoft-Windows-Sysmon,1,Process Create (rule: ProcessCreate),"Process Create:
RuleName: -
UtcTime: 2023-04-15 11:27:53.128
ProcessGuid: {2048537D-8A39-643A-5000-000000000900}
ProcessId: 3372
Image: C:\Windows\System32\wermgr.exe
FileVersion: 10.0.14393.1884 (rs1_release.171101-1233)
Description: Windows Problem Reporting
Product: Microsoft® Windows® Operating System
Company: Microsoft Corporation
OriginalFileName: WerMgr
CommandLine: ""C:\Windows\system32\wermgr.exe"" ""-outproc"" ""0"" ""1016"" ""7344"" ""7356"" ""7348"" ""0"" ""0"" ""0"" ""0"" ""0"" ""0"" ""0"" ""0"" 
CurrentDirectory: C:\Windows\system32\
User: NT AUTHORITY\SYSTEM
LogonGuid: {2048537D-89C4-643A-E703-000000000000}
LogonId: 0x3E7
TerminalSessionId: 0
IntegrityLevel: System
Hashes: SHA256=99A3BBD357A66BBBE00D9215277A42417D1EC243BB5B88D12324318592BBFD58
ParentProcessGuid: {00000000-0000-0000-0000-000000000000}
ParentProcessId: 1016
ParentImage: -
ParentCommandLine: -
ParentUser: -"
Information,4/15/2023 8:27:53 PM,Microsoft-Windows-Sysmon,5,Process terminated (rule: ProcessTerminate),"Process terminated:
RuleName: -
UtcTime: 2023-04-15 11:27:53.076
ProcessGuid: {2048537D-8A36-643A-4000-000000000900}
ProcessId: 3696
Image: C:\Windows\System32\taskhostw.exe
User: EXAMPLECOMPANY\admin"
Information,4/15/2023 8:27:53 PM,Microsoft-Windows-Sysmon,5,Process terminated (rule: ProcessTerminate),"Process terminated:
RuleName: -
UtcTime: 2023-04-15 11:27:53.076
ProcessGuid: {2048537D-8A36-643A-4100-000000000900}
ProcessId: 3708
Image: C:\Windows\System32\ServerManagerLauncher.exe
User: EXAMPLECOMPANY\admin"
Information,4/15/2023 8:27:53 PM,Microsoft-Windows-Sysmon,1,Process Create (rule: ProcessCreate),"Process Create:
RuleName: -
UtcTime: 2023-04-15 11:27:53.010
ProcessGuid: {2048537D-8A39-643A-4F00-000000000900}
ProcessId: 3376
Image: C:\Windows\System32\ServerManager.exe
FileVersion: 10.0.14393.1737 (rs1_release_inmarket.170914-1249)
Description: Server Manager
Product: Microsoft® Windows® Operating System
Company: Microsoft Corporation
OriginalFileName: servermanager.dll
CommandLine: ""C:\Windows\system32\ServerManager.exe"" 
CurrentDirectory: C:\Windows\system32\
User: EXAMPLECOMPANY\admin
LogonGuid: {2048537D-8A36-643A-0652-030000000000}
LogonId: 0x35206
TerminalSessionId: 1
IntegrityLevel: High
Hashes: SHA256=2F0618FFA4670D946A8D283266B64357B325EA867EDB7BC48970560A479674C5
ParentProcessGuid: {2048537D-8A36-643A-4100-000000000900}
ParentProcessId: 3708
ParentImage: C:\Windows\System32\ServerManagerLauncher.exe
ParentCommandLine: C:\Windows\system32\ServerManagerLauncher.exe
ParentUser: EXAMPLECOMPANY\admin"
Information,4/15/2023 8:27:53 PM,Microsoft-Windows-Sysmon,5,Process terminated (rule: ProcessTerminate),"Process terminated:
RuleName: -
UtcTime: 2023-04-15 11:27:52.998
ProcessGuid: {2048537D-8A38-643A-4D00-000000000900}
ProcessId: 3372
Image: C:\Windows\System32\consent.exe
User: NT AUTHORITY\SYSTEM"
Information,4/15/2023 8:27:52 PM,Microsoft-Windows-Sysmon,1,Process Create (rule: ProcessCreate),"Process Create:
RuleName: -
UtcTime: 2023-04-15 11:27:52.994
ProcessGuid: {2048537D-8A38-643A-4E00-000000000900}
ProcessId: 3316
Image: C:\Windows\System32\dllhost.exe
FileVersion: 10.0.14393.0 (rs1_release.160715-1616)
Description: COM Surrogate
Product: Microsoft® Windows® Operating System
Company: Microsoft Corporation
OriginalFileName: dllhost.exe
CommandLine: C:\Windows\system32\DllHost.exe /Processid:{E10F6C3A-F1AE-4ADC-AA9D-2FE65525666E}
CurrentDirectory: C:\Windows\system32\
User: NT AUTHORITY\SYSTEM
LogonGuid: {2048537D-89C4-643A-E703-000000000000}
LogonId: 0x3E7
TerminalSessionId: 1
IntegrityLevel: System
Hashes: SHA256=EE8364C07B3F4F71FA649E0E6C4C73C15D285130E4B16E79890EEBBF89C2164E
ParentProcessGuid: {00000000-0000-0000-0000-000000000000}
ParentProcessId: 732
ParentImage: -
ParentCommandLine: -
ParentUser: -"
Information,4/15/2023 8:27:52 PM,Microsoft-Windows-Sysmon,1,Process Create (rule: ProcessCreate),"Process Create:
RuleName: -
UtcTime: 2023-04-15 11:27:52.970
ProcessGuid: {2048537D-8A38-643A-4D00-000000000900}
ProcessId: 3372
Image: C:\Windows\System32\consent.exe
FileVersion: 10.0.14393.0 (rs1_release.160715-1616)
Description: Consent UI for administrative applications
Product: Microsoft® Windows® Operating System
Company: Microsoft Corporation
OriginalFileName: consent.exe
CommandLine: consent.exe 1016 348 0000018A90E14430
CurrentDirectory: C:\Windows\system32\
User: NT AUTHORITY\SYSTEM
LogonGuid: {2048537D-89C4-643A-E703-000000000000}
LogonId: 0x3E7
TerminalSessionId: 1
IntegrityLevel: System
Hashes: SHA256=8B1522BA0FE25D268781C2DF68BAE2BA4991D5BD02F161E61DE1B9194AE54DFA
ParentProcessGuid: {00000000-0000-0000-0000-000000000000}
ParentProcessId: 1016
ParentImage: -
ParentCommandLine: -
ParentUser: -"
Information,4/15/2023 8:27:52 PM,Microsoft-Windows-Sysmon,5,Process terminated (rule: ProcessTerminate),"Process terminated:
RuleName: -
UtcTime: 2023-04-15 11:27:52.935
ProcessGuid: {2048537D-8A38-643A-4C00-000000000900}
ProcessId: 3396
Image: C:\Windows\System32\ServerManager.exe
User: EXAMPLECOMPANY\admin"
Information,4/15/2023 8:27:52 PM,Microsoft-Windows-Sysmon,1,Process Create (rule: ProcessCreate),"Process Create:
RuleName: -
UtcTime: 2023-04-15 11:27:52.934
ProcessGuid: {2048537D-8A38-643A-4C00-000000000900}
ProcessId: 3396
Image: C:\Windows\System32\ServerManager.exe
FileVersion: 10.0.14393.1737 (rs1_release_inmarket.170914-1249)
Description: Server Manager
Product: Microsoft® Windows® Operating System
Company: Microsoft Corporation
OriginalFileName: servermanager.dll
CommandLine: ""C:\Windows\system32\ServerManager.exe"" 
CurrentDirectory: C:\Windows\system32\
User: EXAMPLECOMPANY\admin
LogonGuid: {2048537D-8A36-643A-1A52-030000000000}
LogonId: 0x3521A
TerminalSessionId: 1
IntegrityLevel: Medium
Hashes: SHA256=2F0618FFA4670D946A8D283266B64357B325EA867EDB7BC48970560A479674C5
ParentProcessGuid: {2048537D-8A36-643A-4100-000000000900}
ParentProcessId: 3708
ParentImage: C:\Windows\System32\ServerManagerLauncher.exe
ParentCommandLine: C:\Windows\system32\ServerManagerLauncher.exe
ParentUser: EXAMPLECOMPANY\admin"
Information,4/15/2023 8:27:52 PM,Microsoft-Windows-Sysmon,1,Process Create (rule: ProcessCreate),"Process Create:
RuleName: -
UtcTime: 2023-04-15 11:27:52.570
ProcessGuid: {2048537D-8A38-643A-4B00-000000000900}
ProcessId: 2672
Image: C:\Windows\System32\backgroundTaskHost.exe
FileVersion: 10.0.14393.0 (rs1_release.160715-1616)
Description: Background Task Host
Product: Microsoft® Windows® Operating System
Company: Microsoft Corporation
OriginalFileName: backgroundTaskHost.exe
CommandLine: ""C:\Windows\system32\backgroundTaskHost.exe"" -ServerName:CortanaUI.AppXy7vb4pc2dr3kc93kfc509b1d0arkfb2x.mca
CurrentDirectory: C:\Windows\SystemApps\Microsoft.Windows.Cortana_cw5n1h2txyewy\
User: EXAMPLECOMPANY\admin
LogonGuid: {2048537D-8A36-643A-1A52-030000000000}
LogonId: 0x3521A
TerminalSessionId: 1
IntegrityLevel: AppContainer
Hashes: SHA256=23A80E09DAE6DB17909E81B1CA7E9BF43158BDEE69C1646125FC62E6BFE2745B
ParentProcessGuid: {00000000-0000-0000-0000-000000000000}
ParentProcessId: 732
ParentImage: -
ParentCommandLine: -
ParentUser: -"
Information,4/15/2023 8:27:52 PM,Microsoft-Windows-Sysmon,1,Process Create (rule: ProcessCreate),"Process Create:
RuleName: -
UtcTime: 2023-04-15 11:27:52.410
ProcessGuid: {2048537D-8A38-643A-4A00-000000000900}
ProcessId: 312
Image: C:\Windows\System32\IME\SHARED\ImeBroker.exe
FileVersion: 10.0.14393.1480 (rs1_release.170706-2004)
Description: Microsoft IME
Product: Microsoft® Windows® Operating System
Company: Microsoft Corporation
OriginalFileName: ImeBroker.exe
CommandLine: C:\Windows\System32\IME\SHARED\imebroker.exe -Embedding
CurrentDirectory: C:\Windows\system32\
User: EXAMPLECOMPANY\admin
LogonGuid: {2048537D-8A36-643A-1A52-030000000000}
LogonId: 0x3521A
TerminalSessionId: 1
IntegrityLevel: Medium
Hashes: SHA256=70ABEEFE7986B98D41D954DD9FD35279F11228EEBCDEDDC5652718E702FAAE80
ParentProcessGuid: {00000000-0000-0000-0000-000000000000}
ParentProcessId: 732
ParentImage: -
ParentCommandLine: -
ParentUser: -"
Information,4/15/2023 8:27:52 PM,Microsoft-Windows-Sysmon,1,Process Create (rule: ProcessCreate),"Process Create:
RuleName: -
UtcTime: 2023-04-15 11:27:52.377
ProcessGuid: {2048537D-8A38-643A-4900-000000000900}
ProcessId: 996
Image: C:\Windows\SystemApps\Microsoft.Windows.Cortana_cw5n1h2txyewy\SearchUI.exe
FileVersion: 10.0.14393.953 (rs1_release_inmarket.170303-1614)
Description: Search and Cortana application
Product: Microsoft® Windows® Operating System
Company: Microsoft Corporation
OriginalFileName: SearchUI.exe
CommandLine: ""C:\Windows\SystemApps\Microsoft.Windows.Cortana_cw5n1h2txyewy\SearchUI.exe"" -ServerName:CortanaUI.AppXa50dqqa5gqv4a428c9y1jjw7m3btvepj.mca
CurrentDirectory: C:\Windows\SystemApps\Microsoft.Windows.Cortana_cw5n1h2txyewy\
User: EXAMPLECOMPANY\admin
LogonGuid: {2048537D-8A36-643A-1A52-030000000000}
LogonId: 0x3521A
TerminalSessionId: 1
IntegrityLevel: AppContainer
Hashes: SHA256=632C9EF4F26CE0C2AA415E1DC4C1515E0CD2A72422F3F81663BA612752EE6B72
ParentProcessGuid: {00000000-0000-0000-0000-000000000000}
ParentProcessId: 732
ParentImage: -
ParentCommandLine: -
ParentUser: -"
Information,4/15/2023 8:27:52 PM,Microsoft-Windows-Sysmon,1,Process Create (rule: ProcessCreate),"Process Create:
RuleName: -
UtcTime: 2023-04-15 11:27:52.307
ProcessGuid: {2048537D-8A38-643A-4800-000000000900}
ProcessId: 1780
Image: C:\Windows\SystemApps\ShellExperienceHost_cw5n1h2txyewy\ShellExperienceHost.exe
FileVersion: 10.0.14393.447 (rs1_release_inmarket.161102-0100)
Description: Windows Shell Experience Host
Product: Microsoft® Windows® Operating System
Company: Microsoft Corporation
OriginalFileName: ShellExperienceHost.exe
CommandLine: ""C:\Windows\SystemApps\ShellExperienceHost_cw5n1h2txyewy\ShellExperienceHost.exe"" -ServerName:App.AppXtk181tbxbce2qsex02s8tw7hfxa9xb3t.mca
CurrentDirectory: C:\Windows\SystemApps\ShellExperienceHost_cw5n1h2txyewy\
User: EXAMPLECOMPANY\admin
LogonGuid: {2048537D-8A36-643A-1A52-030000000000}
LogonId: 0x3521A
TerminalSessionId: 1
IntegrityLevel: AppContainer
Hashes: SHA256=AA4F4331E0DD65926D6C2EB585306B760F02C8F9DCC637020915EBAD8BC6E060
ParentProcessGuid: {00000000-0000-0000-0000-000000000000}
ParentProcessId: 732
ParentImage: -
ParentCommandLine: -
ParentUser: -"
Information,4/15/2023 8:27:50 PM,Microsoft-Windows-Sysmon,1,Process Create (rule: ProcessCreate),"Process Create:
RuleName: -
UtcTime: 2023-04-15 11:27:50.976
ProcessGuid: {2048537D-8A36-643A-4700-000000000900}
ProcessId: 2140
Image: C:\Windows\explorer.exe
FileVersion: 10.0.14393.1532 (rs1_release_d.170711-1840)
Description: Windows Explorer
Product: Microsoft® Windows® Operating System
Company: Microsoft Corporation
OriginalFileName: EXPLORER.EXE
CommandLine: C:\Windows\Explorer.EXE
CurrentDirectory: C:\Windows\system32\
User: EXAMPLECOMPANY\admin
LogonGuid: {2048537D-8A36-643A-1A52-030000000000}
LogonId: 0x3521A
TerminalSessionId: 1
IntegrityLevel: Medium
Hashes: SHA256=0327B7630D585AD01F6EC2EB847622645B81DF94A1370B5E466DB9F09F933951
ParentProcessGuid: {2048537D-8A36-643A-4600-000000000900}
ParentProcessId: 4052
ParentImage: C:\Windows\System32\userinit.exe
ParentCommandLine: C:\Windows\system32\userinit.exe
ParentUser: EXAMPLECOMPANY\admin"
Information,4/15/2023 8:27:50 PM,Microsoft-Windows-Sysmon,1,Process Create (rule: ProcessCreate),"Process Create:
RuleName: -
UtcTime: 2023-04-15 11:27:50.965
ProcessGuid: {2048537D-8A36-643A-4600-000000000900}
ProcessId: 4052
Image: C:\Windows\System32\userinit.exe
FileVersion: 10.0.14393.0 (rs1_release.160715-1616)
Description: Userinit Logon Application
Product: Microsoft® Windows® Operating System
Company: Microsoft Corporation
OriginalFileName: USERINIT.EXE
CommandLine: C:\Windows\system32\userinit.exe
CurrentDirectory: C:\Windows\system32\
User: EXAMPLECOMPANY\admin
LogonGuid: {2048537D-8A36-643A-1A52-030000000000}
LogonId: 0x3521A
TerminalSessionId: 1
IntegrityLevel: Medium
Hashes: SHA256=CFC6A18FC8FE7447ECD491345A32F0F10208F114B70A0E9D1CD72F6070D5B36F
ParentProcessGuid: {00000000-0000-0000-0000-000000000000}
ParentProcessId: 508
ParentImage: -
ParentCommandLine: -
ParentUser: -"
Information,4/15/2023 8:27:50 PM,Microsoft-Windows-Sysmon,1,Process Create (rule: ProcessCreate),"Process Create:
RuleName: -
UtcTime: 2023-04-15 11:27:50.959
ProcessGuid: {2048537D-8A36-643A-4500-000000000900}
ProcessId: 4036
Image: C:\Windows\System32\slui.exe
FileVersion: 10.0.14393.0 (rs1_release.160715-1616)
Description: Windows Activation Client
Product: Microsoft® Windows® Operating System
Company: Microsoft Corporation
OriginalFileName: slui.exe
CommandLine: C:\Windows\System32\slui.exe -Embedding
CurrentDirectory: C:\Windows\system32\
User: EXAMPLECOMPANY\admin
LogonGuid: {2048537D-8A36-643A-1A52-030000000000}
LogonId: 0x3521A
TerminalSessionId: 1
IntegrityLevel: Medium
Hashes: SHA256=E28263F4DA43E8598412BA0D13E4D2E6940DE6A02E40109BEFAA4E69FCE693C1
ParentProcessGuid: {00000000-0000-0000-0000-000000000000}
ParentProcessId: 732
ParentImage: -
ParentCommandLine: -
ParentUser: -"
Information,4/15/2023 8:27:50 PM,Microsoft-Windows-Sysmon,1,Process Create (rule: ProcessCreate),"Process Create:
RuleName: -
UtcTime: 2023-04-15 11:27:50.944
ProcessGuid: {2048537D-8A36-643A-4400-000000000900}
ProcessId: 3988
Image: C:\Windows\System32\slui.exe
FileVersion: 10.0.14393.0 (rs1_release.160715-1616)
Description: Windows Activation Client
Product: Microsoft® Windows® Operating System
Company: Microsoft Corporation
OriginalFileName: slui.exe
CommandLine: ""C:\Windows\System32\SLUI.exe"" RuleId=31e71c49-8da7-4a2f-ad92-45d98a1c79ba;Action=AutoActivate;AppId=55c92734-d682-4d71-983e-d6ec3f16059f;SkuId=afd55ac6-d0b0-4812-9047-6c756d82bedf;NotificationInterval=1440;Trigger=UserLogon;SessionId=1
CurrentDirectory: C:\Windows\system32\
User: NT AUTHORITY\NETWORK SERVICE
LogonGuid: {2048537D-89C5-643A-E403-000000000000}
LogonId: 0x3E4
TerminalSessionId: 0
IntegrityLevel: System
Hashes: SHA256=E28263F4DA43E8598412BA0D13E4D2E6940DE6A02E40109BEFAA4E69FCE693C1
ParentProcessGuid: {2048537D-8A36-643A-4300-000000000900}
ParentProcessId: 3936
ParentImage: C:\Windows\System32\SppExtComObj.Exe
ParentCommandLine: C:\Windows\system32\SppExtComObj.exe -Embedding
ParentUser: NT AUTHORITY\NETWORK SERVICE"
Information,4/15/2023 8:27:50 PM,Microsoft-Windows-Sysmon,1,Process Create (rule: ProcessCreate),"Process Create:
RuleName: -
UtcTime: 2023-04-15 11:27:50.926
ProcessGuid: {2048537D-8A36-643A-4300-000000000900}
ProcessId: 3936
Image: C:\Windows\System32\SppExtComObj.Exe
FileVersion: 10.0.14393.0 (rs1_release.160715-1616)
Description: KMS Connection Broker
Product: Microsoft® Windows® Operating System
Company: Microsoft Corporation
OriginalFileName: SppExtComObj.exe
CommandLine: C:\Windows\system32\SppExtComObj.exe -Embedding
CurrentDirectory: C:\Windows\system32\
User: NT AUTHORITY\NETWORK SERVICE
LogonGuid: {2048537D-89C5-643A-E403-000000000000}
LogonId: 0x3E4
TerminalSessionId: 0
IntegrityLevel: System
Hashes: SHA256=41275D40DA00B875283F04CE27856A8D71E7B6EFBA05533296C3FCD2F8320F01
ParentProcessGuid: {00000000-0000-0000-0000-000000000000}
ParentProcessId: 732
ParentImage: -
ParentCommandLine: -
ParentUser: -"
Information,4/15/2023 8:27:50 PM,Microsoft-Windows-Sysmon,5,Process terminated (rule: ProcessTerminate),"Process terminated:
RuleName: -
UtcTime: 2023-04-15 11:27:50.857
ProcessGuid: {2048537D-89C5-643A-0E00-000000000900}
ProcessId: 888
Image: C:\Windows\System32\LogonUI.exe
User: NT AUTHORITY\SYSTEM"
Information,4/15/2023 8:27:50 PM,Microsoft-Windows-Sysmon,1,Process Create (rule: ProcessCreate),"Process Create:
RuleName: -
UtcTime: 2023-04-15 11:27:50.843
ProcessGuid: {2048537D-8A36-643A-4200-000000000900}
ProcessId: 3772
Image: C:\Windows\System32\sppsvc.exe
FileVersion: 10.0.14393.351 (rs1_release_inmarket.161014-1755)
Description: Microsoft Software Protection Platform Service
Product: Microsoft® Windows® Operating System
Company: Microsoft Corporation
OriginalFileName: sppsvc.exe
CommandLine: C:\Windows\system32\sppsvc.exe
CurrentDirectory: C:\Windows
User: NT AUTHORITY\NETWORK SERVICE
LogonGuid: {2048537D-89C5-643A-E403-000000000000}
LogonId: 0x3E4
TerminalSessionId: 0
IntegrityLevel: System
Hashes: SHA256=8ADF7A1C96DAE005E9A974D90BE8954F88D49B6848252B88513C49E0A3BD9774
ParentProcessGuid: {00000000-0000-0000-0000-000000000000}
ParentProcessId: 556
ParentImage: -
ParentCommandLine: -
ParentUser: -"
Information,4/15/2023 8:27:50 PM,Microsoft-Windows-Sysmon,1,Process Create (rule: ProcessCreate),"Process Create:
RuleName: -
UtcTime: 2023-04-15 11:27:50.825
ProcessGuid: {2048537D-8A36-643A-4100-000000000900}
ProcessId: 3708
Image: C:\Windows\System32\ServerManagerLauncher.exe
FileVersion: 10.0.14393.0 (rs1_release.160715-1616)
Description: Server Manager Launcher
Product: Microsoft® Windows® Operating System
Company: Microsoft Corporation
OriginalFileName: ServerManagerLauncher.exe
CommandLine: C:\Windows\system32\ServerManagerLauncher.exe
CurrentDirectory: C:\Windows\system32\
User: EXAMPLECOMPANY\admin
LogonGuid: {2048537D-8A36-643A-1A52-030000000000}
LogonId: 0x3521A
TerminalSessionId: 1
IntegrityLevel: Medium
Hashes: SHA256=72EE5BD75AB5617A2FF4535EA7A62DE178A89A883C29DB606789BE112E6EF38E
ParentProcessGuid: {00000000-0000-0000-0000-000000000000}
ParentProcessId: 1016
ParentImage: -
ParentCommandLine: -
ParentUser: -"
Information,4/15/2023 8:27:50 PM,Microsoft-Windows-Sysmon,1,Process Create (rule: ProcessCreate),"Process Create:
RuleName: -
UtcTime: 2023-04-15 11:27:50.824
ProcessGuid: {2048537D-8A36-643A-4000-000000000900}
ProcessId: 3696
Image: C:\Windows\System32\taskhostw.exe
FileVersion: 10.0.14393.0 (rs1_release.160715-1616)
Description: Host Process for Windows Tasks
Product: Microsoft® Windows® Operating System
Company: Microsoft Corporation
OriginalFileName: taskhostw.exe
CommandLine: taskhostw.exe logon
CurrentDirectory: C:\Windows\system32\
User: EXAMPLECOMPANY\admin
LogonGuid: {2048537D-8A36-643A-1A52-030000000000}
LogonId: 0x3521A
TerminalSessionId: 1
IntegrityLevel: Medium
Hashes: SHA256=A0A677D6C943AD1A7BC1879DFCCB400211DF68100F8EDD7BA6120067A18BEE0B
ParentProcessGuid: {00000000-0000-0000-0000-000000000000}
ParentProcessId: 1016
ParentImage: -
ParentCommandLine: -
ParentUser: -"
Information,4/15/2023 8:27:50 PM,Microsoft-Windows-Sysmon,1,Process Create (rule: ProcessCreate),"Process Create:
RuleName: -
UtcTime: 2023-04-15 11:27:50.820
ProcessGuid: {2048537D-8A36-643A-3F00-000000000900}
ProcessId: 3680
Image: C:\Windows\System32\taskhostw.exe
FileVersion: 10.0.14393.0 (rs1_release.160715-1616)
Description: Host Process for Windows Tasks
Product: Microsoft® Windows® Operating System
Company: Microsoft Corporation
OriginalFileName: taskhostw.exe
CommandLine: taskhostw.exe {222A245B-E637-4AE9-A93F-A59CA119A75E}
CurrentDirectory: C:\Windows\system32\
User: EXAMPLECOMPANY\admin
LogonGuid: {2048537D-8A36-643A-1A52-030000000000}
LogonId: 0x3521A
TerminalSessionId: 1
IntegrityLevel: Medium
Hashes: SHA256=A0A677D6C943AD1A7BC1879DFCCB400211DF68100F8EDD7BA6120067A18BEE0B
ParentProcessGuid: {00000000-0000-0000-0000-000000000000}
ParentProcessId: 1016
ParentImage: -
ParentCommandLine: -
ParentUser: -"
