Information,4/17/2023 11:08:44 AM,Microsoft-Windows-Sysmon,1,Process Create (rule: ProcessCreate),"Process Create:
RuleName: -
UtcTime: 2023-04-17 02:08:44.285
ProcessGuid: {2048537D-AA2C-643C-E300-000000000B00}
ProcessId: 6712
Image: C:\Windows\System32\sppsvc.exe
FileVersion: 10.0.14393.351 (rs1_release_inmarket.161014-1755)
Description: Microsoft Software Protection Platform Service
Product: Microsoft® Windows® Operating System
Company: Microsoft Corporation
OriginalFileName: sppsvc.exe
CommandLine: C:\Windows\system32\sppsvc.exe
CurrentDirectory: C:\Windows
User: NT AUTHORITY\NETWORK SERVICE
LogonGuid: {2048537D-962F-643A-E403-000000000000}
LogonId: 0x3E4
TerminalSessionId: 0
IntegrityLevel: System
Hashes: SHA256=8ADF7A1C96DAE005E9A974D90BE8954F88D49B6848252B88513C49E0A3BD9774
ParentProcessGuid: {00000000-0000-0000-0000-000000000000}
ParentProcessId: 556
ParentImage: -
ParentCommandLine: -
ParentUser: -"
Information,4/17/2023 11:08:44 AM,Microsoft-Windows-Sysmon,1,Process Create (rule: ProcessCreate),"Process Create:
RuleName: -
UtcTime: 2023-04-17 02:08:44.274
ProcessGuid: {2048537D-AA2C-643C-E200-000000000B00}
ProcessId: 5428
Image: C:\Windows\System32\taskhostw.exe
FileVersion: 10.0.14393.0 (rs1_release.160715-1616)
Description: Host Process for Windows Tasks
Product: Microsoft® Windows® Operating System
Company: Microsoft Corporation
OriginalFileName: taskhostw.exe
CommandLine: taskhostw.exe network
CurrentDirectory: C:\Windows\system32\
User: NT AUTHORITY\NETWORK SERVICE
LogonGuid: {2048537D-962F-643A-E403-000000000000}
LogonId: 0x3E4
TerminalSessionId: 0
IntegrityLevel: System
Hashes: SHA256=A0A677D6C943AD1A7BC1879DFCCB400211DF68100F8EDD7BA6120067A18BEE0B
ParentProcessGuid: {00000000-0000-0000-0000-000000000000}
ParentProcessId: 1236
ParentImage: -
ParentCommandLine: -
ParentUser: -"
Information,4/17/2023 11:08:43 AM,Microsoft-Windows-Sysmon,5,Process terminated (rule: ProcessTerminate),"Process terminated:
RuleName: -
UtcTime: 2023-04-17 02:08:43.459
ProcessGuid: {2048537D-AA2A-643C-DE00-000000000B00}
ProcessId: 6792
Image: C:\Windows\System32\SystemSettingsBroker.exe
User: EXAMPLECOMPANY\admin"
Information,4/17/2023 11:08:43 AM,Microsoft-Windows-Sysmon,1,Process Create (rule: ProcessCreate),"Process Create:
RuleName: -
UtcTime: 2023-04-17 02:08:43.420
ProcessGuid: {2048537D-AA2B-643C-E100-000000000B00}
ProcessId: 4844
Image: C:\Windows\ImmersiveControlPanel\SystemSettings.exe
FileVersion: 10.0.14393.82 (rs1_release.160805-1735)
Description: Settings
Product: Microsoft® Windows® Operating System
Company: Microsoft Corporation
OriginalFileName: SystemSettings.exe
CommandLine: ""C:\Windows\ImmersiveControlPanel\SystemSettings.exe"" -ServerName:microsoft.windows.immersivecontrolpanel
CurrentDirectory: C:\Windows\ImmersiveControlPanel\
User: EXAMPLECOMPANY\admin
LogonGuid: {2048537D-A037-643C-5471-310000000000}
LogonId: 0x317154
TerminalSessionId: 1
IntegrityLevel: Medium
Hashes: SHA256=E768FF1F2F31178FE5930F261ACD4B19464ACC019FB0AA697D0B48686E59050C
ParentProcessGuid: {00000000-0000-0000-0000-000000000000}
ParentProcessId: 732
ParentImage: -
ParentCommandLine: -
ParentUser: -"
Information,4/17/2023 11:08:43 AM,Microsoft-Windows-Sysmon,1,Process Create (rule: ProcessCreate),"Process Create:
RuleName: -
UtcTime: 2023-04-17 02:08:43.379
ProcessGuid: {2048537D-AA2B-643C-E000-000000000B00}
ProcessId: 7032
Image: C:\Windows\System32\ApplicationFrameHost.exe
FileVersion: 10.0.14393.0 (rs1_release.160715-1616)
Description: Application Frame Host
Product: Microsoft® Windows® Operating System
Company: Microsoft Corporation
OriginalFileName: ApplicationFrameHost.exe
CommandLine: C:\Windows\system32\ApplicationFrameHost.exe -Embedding
CurrentDirectory: C:\Windows\system32\
User: EXAMPLECOMPANY\admin
LogonGuid: {2048537D-A037-643C-5471-310000000000}
LogonId: 0x317154
TerminalSessionId: 1
IntegrityLevel: Medium
Hashes: SHA256=1149BA08C3C39E66F8D56898C809FFF97AD5693C686D820FC5301F6113ED9B9B
ParentProcessGuid: {00000000-0000-0000-0000-000000000000}
ParentProcessId: 732
ParentImage: -
ParentCommandLine: -
ParentUser: -"
Information,4/17/2023 11:08:43 AM,Microsoft-Windows-Sysmon,5,Process terminated (rule: ProcessTerminate),"Process terminated:
RuleName: -
UtcTime: 2023-04-17 02:08:43.272
ProcessGuid: {2048537D-AA2B-643C-DF00-000000000B00}
ProcessId: 6752
Image: C:\Windows\System32\taskhostw.exe
User: EXAMPLECOMPANY\admin"
Information,4/17/2023 11:08:43 AM,Microsoft-Windows-Sysmon,1,Process Create (rule: ProcessCreate),"Process Create:
RuleName: -
UtcTime: 2023-04-17 02:08:43.238
ProcessGuid: {2048537D-AA2B-643C-DF00-000000000B00}
ProcessId: 6752
Image: C:\Windows\System32\taskhostw.exe
FileVersion: 10.0.14393.0 (rs1_release.160715-1616)
Description: Host Process for Windows Tasks
Product: Microsoft® Windows® Operating System
Company: Microsoft Corporation
OriginalFileName: taskhostw.exe
CommandLine: taskhostw.exe
CurrentDirectory: C:\Windows\system32\
User: EXAMPLECOMPANY\admin
LogonGuid: {2048537D-A037-643C-5471-310000000000}
LogonId: 0x317154
TerminalSessionId: 1
IntegrityLevel: Medium
Hashes: SHA256=A0A677D6C943AD1A7BC1879DFCCB400211DF68100F8EDD7BA6120067A18BEE0B
ParentProcessGuid: {00000000-0000-0000-0000-000000000000}
ParentProcessId: 1236
ParentImage: -
ParentCommandLine: -
ParentUser: -"
Information,4/17/2023 11:08:42 AM,Microsoft-Windows-Sysmon,1,Process Create (rule: ProcessCreate),"Process Create:
RuleName: -
UtcTime: 2023-04-17 02:08:42.066
ProcessGuid: {2048537D-AA2A-643C-DE00-000000000B00}
ProcessId: 6792
Image: C:\Windows\System32\SystemSettingsBroker.exe
FileVersion: 10.0.14393.0 (rs1_release.160715-1616)
Description: System Settings Broker
Product: Microsoft® Windows® Operating System
Company: Microsoft Corporation
OriginalFileName: SystemSettingsBroker.exe
CommandLine: C:\Windows\System32\SystemSettingsBroker.exe -Embedding
CurrentDirectory: C:\Windows\system32\
User: EXAMPLECOMPANY\admin
LogonGuid: {2048537D-A037-643C-5471-310000000000}
LogonId: 0x317154
TerminalSessionId: 1
IntegrityLevel: Medium
Hashes: SHA256=707AD52F04D0F8A4E9B1C383D6663938A353CFB440F47C820EC49987A595EBEA
ParentProcessGuid: {00000000-0000-0000-0000-000000000000}
ParentProcessId: 732
ParentImage: -
ParentCommandLine: -
ParentUser: -"
Information,4/17/2023 11:08:26 AM,Microsoft-Windows-Sysmon,5,Process terminated (rule: ProcessTerminate),"Process terminated:
RuleName: -
UtcTime: 2023-04-17 02:08:26.234
ProcessGuid: {2048537D-AA1A-643C-DD00-000000000B00}
ProcessId: 6440
Image: C:\Windows\System32\ipconfig.exe
User: EXAMPLECOMPANY\admin"
Information,4/17/2023 11:08:26 AM,Microsoft-Windows-Sysmon,1,Process Create (rule: ProcessCreate),"Process Create:
RuleName: -
UtcTime: 2023-04-17 02:08:26.223
ProcessGuid: {2048537D-AA1A-643C-DD00-000000000B00}
ProcessId: 6440
Image: C:\Windows\System32\ipconfig.exe
FileVersion: 10.0.14393.0 (rs1_release.160715-1616)
Description: IP Configuration Utility
Product: Microsoft® Windows® Operating System
Company: Microsoft Corporation
OriginalFileName: ipconfig.exe
CommandLine: ipconfig
CurrentDirectory: C:\Users\admin\
User: EXAMPLECOMPANY\admin
LogonGuid: {2048537D-A037-643C-5471-310000000000}
LogonId: 0x317154
TerminalSessionId: 1
IntegrityLevel: Medium
Hashes: SHA256=5EE3FD7CA1AC876D0DE539D469BFC333594FCA3DF9F377CC96C756D9648697F1
ParentProcessGuid: {2048537D-A999-643C-D500-000000000B00}
ParentProcessId: 3888
ParentImage: C:\Windows\System32\cmd.exe
ParentCommandLine: ""C:\Windows\system32\cmd.exe"" 
ParentUser: EXAMPLECOMPANY\admin"
Information,4/17/2023 11:07:51 AM,Microsoft-Windows-Sysmon,5,Process terminated (rule: ProcessTerminate),"Process terminated:
RuleName: -
UtcTime: 2023-04-17 02:07:51.581
ProcessGuid: {2048537D-A99D-643C-DA00-000000000B00}
ProcessId: 6244
Image: C:\Windows\System32\backgroundTaskHost.exe
User: EXAMPLECOMPANY\admin"
Information,4/17/2023 11:07:49 AM,Microsoft-Windows-Sysmon,5,Process terminated (rule: ProcessTerminate),"Process terminated:
RuleName: -
UtcTime: 2023-04-17 02:07:49.183
ProcessGuid: {2048537D-A99B-643C-D700-000000000B00}
ProcessId: 6296
Image: C:\Windows\System32\wbem\WmiPrvSE.exe
User: NT AUTHORITY\NETWORK SERVICE"
Information,4/17/2023 11:07:49 AM,Microsoft-Windows-Sysmon,5,Process terminated (rule: ProcessTerminate),"Process terminated:
RuleName: -
UtcTime: 2023-04-17 02:07:49.183
ProcessGuid: {2048537D-A99B-643C-D800-000000000B00}
ProcessId: 4336
Image: C:\Windows\System32\wbem\WmiPrvSE.exe
User: NT AUTHORITY\LOCAL SERVICE"
Information,4/17/2023 11:07:49 AM,Microsoft-Windows-Sysmon,5,Process terminated (rule: ProcessTerminate),"Process terminated:
RuleName: -
UtcTime: 2023-04-17 02:07:49.183
ProcessGuid: {2048537D-A99D-643C-D900-000000000B00}
ProcessId: 2212
Image: C:\Windows\System32\wbem\WmiPrvSE.exe
User: NT AUTHORITY\SYSTEM"
Information,4/17/2023 11:06:33 AM,Microsoft-Windows-Sysmon,5,Process terminated (rule: ProcessTerminate),"Process terminated:
RuleName: -
UtcTime: 2023-04-17 02:06:33.088
ProcessGuid: {2048537D-A367-643C-C500-000000000B00}
ProcessId: 6520
Image: C:\Windows\System32\LockAppHost.exe
User: EXAMPLECOMPANY\admin"
Information,4/17/2023 11:06:31 AM,Microsoft-Windows-Sysmon,5,Process terminated (rule: ProcessTerminate),"Process terminated:
RuleName: -
UtcTime: 2023-04-17 02:06:31.953
ProcessGuid: {2048537D-A9A6-643C-DC00-000000000B00}
ProcessId: 6600
Image: C:\Windows\System32\PING.EXE
User: EXAMPLECOMPANY\admin"
Information,4/17/2023 11:06:30 AM,Microsoft-Windows-Sysmon,1,Process Create (rule: ProcessCreate),"Process Create:
RuleName: -
UtcTime: 2023-04-17 02:06:30.522
ProcessGuid: {2048537D-A9A6-643C-DC00-000000000B00}
ProcessId: 6600
Image: C:\Windows\System32\PING.EXE
FileVersion: 10.0.14393.0 (rs1_release.160715-1616)
Description: TCP/IP Ping Command
Product: Microsoft® Windows® Operating System
Company: Microsoft Corporation
OriginalFileName: ping.exe
CommandLine: ping  10.0.1.1
CurrentDirectory: C:\Users\admin\
User: EXAMPLECOMPANY\admin
LogonGuid: {2048537D-A037-643C-5471-310000000000}
LogonId: 0x317154
TerminalSessionId: 1
IntegrityLevel: Medium
Hashes: SHA256=ED7FA5B3CCBDD31A9E83F7C59F78AB5E2C83C7FEEDCC5F8B95948D11EBD7FF34
ParentProcessGuid: {2048537D-A999-643C-D500-000000000B00}
ParentProcessId: 3888
ParentImage: C:\Windows\System32\cmd.exe
ParentCommandLine: ""C:\Windows\system32\cmd.exe"" 
ParentUser: EXAMPLECOMPANY\admin"
Information,4/17/2023 11:06:29 AM,Microsoft-Windows-Sysmon,5,Process terminated (rule: ProcessTerminate),"Process terminated:
RuleName: -
UtcTime: 2023-04-17 02:06:29.159
ProcessGuid: {2048537D-A9A3-643C-DB00-000000000B00}
ProcessId: 6800
Image: C:\Windows\System32\PING.EXE
User: EXAMPLECOMPANY\admin"
Information,4/17/2023 11:06:27 AM,Microsoft-Windows-Sysmon,1,Process Create (rule: ProcessCreate),"Process Create:
RuleName: -
UtcTime: 2023-04-17 02:06:27.527
ProcessGuid: {2048537D-A9A3-643C-DB00-000000000B00}
ProcessId: 6800
Image: C:\Windows\System32\PING.EXE
FileVersion: 10.0.14393.0 (rs1_release.160715-1616)
Description: TCP/IP Ping Command
Product: Microsoft® Windows® Operating System
Company: Microsoft Corporation
OriginalFileName: ping.exe
CommandLine: ping  10.0.1.10
CurrentDirectory: C:\Users\admin\
User: EXAMPLECOMPANY\admin
LogonGuid: {2048537D-A037-643C-5471-310000000000}
LogonId: 0x317154
TerminalSessionId: 1
IntegrityLevel: Medium
Hashes: SHA256=ED7FA5B3CCBDD31A9E83F7C59F78AB5E2C83C7FEEDCC5F8B95948D11EBD7FF34
ParentProcessGuid: {2048537D-A999-643C-D500-000000000B00}
ParentProcessId: 3888
ParentImage: C:\Windows\System32\cmd.exe
ParentCommandLine: ""C:\Windows\system32\cmd.exe"" 
ParentUser: EXAMPLECOMPANY\admin"
Information,4/17/2023 11:06:21 AM,Microsoft-Windows-Sysmon,1,Process Create (rule: ProcessCreate),"Process Create:
RuleName: -
UtcTime: 2023-04-17 02:06:21.588
ProcessGuid: {2048537D-A99D-643C-DA00-000000000B00}
ProcessId: 6244
Image: C:\Windows\System32\backgroundTaskHost.exe
FileVersion: 10.0.14393.0 (rs1_release.160715-1616)
Description: Background Task Host
Product: Microsoft® Windows® Operating System
Company: Microsoft Corporation
OriginalFileName: backgroundTaskHost.exe
CommandLine: ""C:\Windows\system32\backgroundTaskHost.exe"" -ServerName:CortanaUI.AppXy7vb4pc2dr3kc93kfc509b1d0arkfb2x.mca
CurrentDirectory: C:\Windows\SystemApps\Microsoft.Windows.Cortana_cw5n1h2txyewy\
User: EXAMPLECOMPANY\admin
LogonGuid: {2048537D-A037-643C-5471-310000000000}
LogonId: 0x317154
TerminalSessionId: 1
IntegrityLevel: AppContainer
Hashes: SHA256=23A80E09DAE6DB17909E81B1CA7E9BF43158BDEE69C1646125FC62E6BFE2745B
ParentProcessGuid: {00000000-0000-0000-0000-000000000000}
ParentProcessId: 732
ParentImage: -
ParentCommandLine: -
ParentUser: -"
Information,4/17/2023 11:06:21 AM,Microsoft-Windows-Sysmon,1,Process Create (rule: ProcessCreate),"Process Create:
RuleName: -
UtcTime: 2023-04-17 02:06:21.520
ProcessGuid: {2048537D-A99D-643C-D900-000000000B00}
ProcessId: 2212
Image: C:\Windows\System32\wbem\WmiPrvSE.exe
FileVersion: 10.0.14393.0 (rs1_release.160715-1616)
Description: WMI Provider Host
Product: Microsoft® Windows® Operating System
Company: Microsoft Corporation
OriginalFileName: Wmiprvse.exe
CommandLine: C:\Windows\system32\wbem\wmiprvse.exe -Embedding
CurrentDirectory: C:\Windows\system32\
User: NT AUTHORITY\SYSTEM
LogonGuid: {2048537D-962F-643A-E703-000000000000}
LogonId: 0x3E7
TerminalSessionId: 0
IntegrityLevel: System
Hashes: SHA256=B62ACACFCAF99A50149F9DCE06136D478723992A61014FC3DBAE81289FE219F9
ParentProcessGuid: {00000000-0000-0000-0000-000000000000}
ParentProcessId: 732
ParentImage: -
ParentCommandLine: -
ParentUser: -"
Information,4/17/2023 11:06:21 AM,Microsoft-Windows-Sysmon,5,Process terminated (rule: ProcessTerminate),"Process terminated:
RuleName: -
UtcTime: 2023-04-17 02:06:21.292
ProcessGuid: {2048537D-A998-643C-D300-000000000B00}
ProcessId: 6252
Image: C:\Windows\System32\dllhost.exe
User: EXAMPLECOMPANY\admin"
Information,4/17/2023 11:06:19 AM,Microsoft-Windows-Sysmon,1,Process Create (rule: ProcessCreate),"Process Create:
RuleName: -
UtcTime: 2023-04-17 02:06:19.161
ProcessGuid: {2048537D-A99B-643C-D800-000000000B00}
ProcessId: 4336
Image: C:\Windows\System32\wbem\WmiPrvSE.exe
FileVersion: 10.0.14393.0 (rs1_release.160715-1616)
Description: WMI Provider Host
Product: Microsoft® Windows® Operating System
Company: Microsoft Corporation
OriginalFileName: Wmiprvse.exe
CommandLine: C:\Windows\system32\wbem\wmiprvse.exe -secured -Embedding
CurrentDirectory: C:\Windows\system32\
User: NT AUTHORITY\LOCAL SERVICE
LogonGuid: {2048537D-9630-643A-E503-000000000000}
LogonId: 0x3E5
TerminalSessionId: 0
IntegrityLevel: System
Hashes: SHA256=B62ACACFCAF99A50149F9DCE06136D478723992A61014FC3DBAE81289FE219F9
ParentProcessGuid: {00000000-0000-0000-0000-000000000000}
ParentProcessId: 732
ParentImage: -
ParentCommandLine: -
ParentUser: -"
Information,4/17/2023 11:06:19 AM,Microsoft-Windows-Sysmon,1,Process Create (rule: ProcessCreate),"Process Create:
RuleName: -
UtcTime: 2023-04-17 02:06:19.130
ProcessGuid: {2048537D-A99B-643C-D700-000000000B00}
ProcessId: 6296
Image: C:\Windows\System32\wbem\WmiPrvSE.exe
FileVersion: 10.0.14393.0 (rs1_release.160715-1616)
Description: WMI Provider Host
Product: Microsoft® Windows® Operating System
Company: Microsoft Corporation
OriginalFileName: Wmiprvse.exe
CommandLine: C:\Windows\system32\wbem\wmiprvse.exe -secured -Embedding
CurrentDirectory: C:\Windows\system32\
User: NT AUTHORITY\NETWORK SERVICE
LogonGuid: {2048537D-962F-643A-E403-000000000000}
LogonId: 0x3E4
TerminalSessionId: 0
IntegrityLevel: System
Hashes: SHA256=B62ACACFCAF99A50149F9DCE06136D478723992A61014FC3DBAE81289FE219F9
ParentProcessGuid: {00000000-0000-0000-0000-000000000000}
ParentProcessId: 732
ParentImage: -
ParentCommandLine: -
ParentUser: -"
Information,4/17/2023 11:06:17 AM,Microsoft-Windows-Sysmon,1,Process Create (rule: ProcessCreate),"Process Create:
RuleName: -
UtcTime: 2023-04-17 02:06:17.658
ProcessGuid: {2048537D-A999-643C-D600-000000000B00}
ProcessId: 2120
Image: C:\Windows\System32\conhost.exe
FileVersion: 10.0.14393.0 (rs1_release.160715-1616)
Description: Console Window Host
Product: Microsoft® Windows® Operating System
Company: Microsoft Corporation
OriginalFileName: CONHOST.EXE
CommandLine: \??\C:\Windows\system32\conhost.exe 0xffffffff -ForceV1
CurrentDirectory: C:\Windows
User: EXAMPLECOMPANY\admin
LogonGuid: {2048537D-A037-643C-5471-310000000000}
LogonId: 0x317154
TerminalSessionId: 1
IntegrityLevel: Medium
Hashes: SHA256=046F7A1B4DE67562547ED9A180A72F481FC41E803DE49A96D7D7C731964D53A0
ParentProcessGuid: {2048537D-A999-643C-D500-000000000B00}
ParentProcessId: 3888
ParentImage: C:\Windows\System32\cmd.exe
ParentCommandLine: ""C:\Windows\system32\cmd.exe"" 
ParentUser: EXAMPLECOMPANY\admin"
Information,4/17/2023 11:06:17 AM,Microsoft-Windows-Sysmon,1,Process Create (rule: ProcessCreate),"Process Create:
RuleName: -
UtcTime: 2023-04-17 02:06:17.651
ProcessGuid: {2048537D-A999-643C-D500-000000000B00}
ProcessId: 3888
Image: C:\Windows\System32\cmd.exe
FileVersion: 10.0.14393.0 (rs1_release.160715-1616)
Description: Windows Command Processor
Product: Microsoft® Windows® Operating System
Company: Microsoft Corporation
OriginalFileName: Cmd.Exe
CommandLine: ""C:\Windows\system32\cmd.exe"" 
CurrentDirectory: C:\Users\admin\
User: EXAMPLECOMPANY\admin
LogonGuid: {2048537D-A037-643C-5471-310000000000}
LogonId: 0x317154
TerminalSessionId: 1
IntegrityLevel: Medium
Hashes: SHA256=935C1861DF1F4018D698E8B65ABFA02D7E9037D8F68CA3C2065B6CA165D44AD2
ParentProcessGuid: {2048537D-A037-643C-A700-000000000B00}
ParentProcessId: 1928
ParentImage: C:\Windows\explorer.exe
ParentCommandLine: C:\Windows\Explorer.EXE
ParentUser: EXAMPLECOMPANY\admin"
Information,4/17/2023 11:06:16 AM,Microsoft-Windows-Sysmon,1,Process Create (rule: ProcessCreate),"Process Create:
RuleName: -
UtcTime: 2023-04-17 02:06:16.285
ProcessGuid: {2048537D-A998-643C-D400-000000000B00}
ProcessId: 5364
Image: C:\Windows\System32\dllhost.exe
FileVersion: 10.0.14393.0 (rs1_release.160715-1616)
Description: COM Surrogate
Product: Microsoft® Windows® Operating System
Company: Microsoft Corporation
OriginalFileName: dllhost.exe
CommandLine: C:\Windows\system32\DllHost.exe /Processid:{49F6E667-6658-4BD1-9DE9-6AF87F9FAF85}
CurrentDirectory: C:\Windows\system32\
User: EXAMPLECOMPANY\admin
LogonGuid: {2048537D-A037-643C-5471-310000000000}
LogonId: 0x317154
TerminalSessionId: 1
IntegrityLevel: Medium
Hashes: SHA256=EE8364C07B3F4F71FA649E0E6C4C73C15D285130E4B16E79890EEBBF89C2164E
ParentProcessGuid: {00000000-0000-0000-0000-000000000000}
ParentProcessId: 732
ParentImage: -
ParentCommandLine: -
ParentUser: -"
Information,4/17/2023 11:06:16 AM,Microsoft-Windows-Sysmon,1,Process Create (rule: ProcessCreate),"Process Create:
RuleName: -
UtcTime: 2023-04-17 02:06:16.273
ProcessGuid: {2048537D-A998-643C-D300-000000000B00}
ProcessId: 6252
Image: C:\Windows\System32\dllhost.exe
FileVersion: 10.0.14393.0 (rs1_release.160715-1616)
Description: COM Surrogate
Product: Microsoft® Windows® Operating System
Company: Microsoft Corporation
OriginalFileName: dllhost.exe
CommandLine: C:\Windows\system32\DllHost.exe /Processid:{DC4537C3-CA73-4AC7-9E1D-B2CE27C3A7A6}
CurrentDirectory: C:\Windows\system32\
User: EXAMPLECOMPANY\admin
LogonGuid: {2048537D-A037-643C-5471-310000000000}
LogonId: 0x317154
TerminalSessionId: 1
IntegrityLevel: Medium
Hashes: SHA256=EE8364C07B3F4F71FA649E0E6C4C73C15D285130E4B16E79890EEBBF89C2164E
ParentProcessGuid: {00000000-0000-0000-0000-000000000000}
ParentProcessId: 732
ParentImage: -
ParentCommandLine: -
ParentUser: -"
Information,4/17/2023 11:06:03 AM,Microsoft-Windows-Sysmon,5,Process terminated (rule: ProcessTerminate),"Process terminated:
RuleName: -
UtcTime: 2023-04-17 02:06:03.074
ProcessGuid: {2048537D-A367-643C-C600-000000000B00}
ProcessId: 304
Image: C:\Windows\SystemApps\Microsoft.LockApp_cw5n1h2txyewy\LockApp.exe
User: EXAMPLECOMPANY\admin"
Information,4/17/2023 11:06:02 AM,Microsoft-Windows-Sysmon,5,Process terminated (rule: ProcessTerminate),"Process terminated:
RuleName: -
UtcTime: 2023-04-17 02:06:02.839
ProcessGuid: {2048537D-A98A-643C-D100-000000000B00}
ProcessId: 6588
Image: C:\Windows\System32\taskhostw.exe
User: NT AUTHORITY\SYSTEM"
Information,4/17/2023 11:06:02 AM,Microsoft-Windows-Sysmon,5,Process terminated (rule: ProcessTerminate),"Process terminated:
RuleName: -
UtcTime: 2023-04-17 02:06:02.761
ProcessGuid: {2048537D-A98A-643C-D200-000000000B00}
ProcessId: 2324
Image: C:\Windows\System32\taskhostw.exe
User: EXAMPLECOMPANY\admin"
Information,4/17/2023 11:06:02 AM,Microsoft-Windows-Sysmon,5,Process terminated (rule: ProcessTerminate),"Process terminated:
RuleName: -
UtcTime: 2023-04-17 02:06:02.746
ProcessGuid: {2048537D-A367-643C-C300-000000000B00}
ProcessId: 5784
Image: C:\Windows\System32\LogonUI.exe
User: NT AUTHORITY\SYSTEM"
Information,4/17/2023 11:06:02 AM,Microsoft-Windows-Sysmon,1,Process Create (rule: ProcessCreate),"Process Create:
RuleName: -
UtcTime: 2023-04-17 02:06:02.736
ProcessGuid: {2048537D-A98A-643C-D200-000000000B00}
ProcessId: 2324
Image: C:\Windows\System32\taskhostw.exe
FileVersion: 10.0.14393.0 (rs1_release.160715-1616)
Description: Host Process for Windows Tasks
Product: Microsoft® Windows® Operating System
Company: Microsoft Corporation
OriginalFileName: taskhostw.exe
CommandLine: taskhostw.exe KEYROAMING
CurrentDirectory: C:\Windows\system32\
User: EXAMPLECOMPANY\admin
LogonGuid: {2048537D-A037-643C-5471-310000000000}
LogonId: 0x317154
TerminalSessionId: 1
IntegrityLevel: Medium
Hashes: SHA256=A0A677D6C943AD1A7BC1879DFCCB400211DF68100F8EDD7BA6120067A18BEE0B
ParentProcessGuid: {00000000-0000-0000-0000-000000000000}
ParentProcessId: 1236
ParentImage: -
ParentCommandLine: -
ParentUser: -"
Information,4/17/2023 11:06:02 AM,Microsoft-Windows-Sysmon,1,Process Create (rule: ProcessCreate),"Process Create:
RuleName: -
UtcTime: 2023-04-17 02:06:02.717
ProcessGuid: {2048537D-A98A-643C-D100-000000000B00}
ProcessId: 6588
Image: C:\Windows\System32\taskhostw.exe
FileVersion: 10.0.14393.0 (rs1_release.160715-1616)
Description: Host Process for Windows Tasks
Product: Microsoft® Windows® Operating System
Company: Microsoft Corporation
OriginalFileName: taskhostw.exe
CommandLine: taskhostw.exe NGCKeyPregen
CurrentDirectory: C:\Windows\system32\
User: NT AUTHORITY\SYSTEM
LogonGuid: {2048537D-962F-643A-E703-000000000000}
LogonId: 0x3E7
TerminalSessionId: 0
IntegrityLevel: System
Hashes: SHA256=A0A677D6C943AD1A7BC1879DFCCB400211DF68100F8EDD7BA6120067A18BEE0B
ParentProcessGuid: {00000000-0000-0000-0000-000000000000}
ParentProcessId: 1236
ParentImage: -
ParentCommandLine: -
ParentUser: -"
Information,4/17/2023 10:57:49 AM,Microsoft-Windows-Sysmon,5,Process terminated (rule: ProcessTerminate),"Process terminated:
RuleName: -
UtcTime: 2023-04-17 01:57:49.170
ProcessGuid: {2048537D-A743-643C-CE00-000000000B00}
ProcessId: 6920
Image: C:\Windows\System32\wbem\WmiPrvSE.exe
User: NT AUTHORITY\NETWORK SERVICE"
Information,4/17/2023 10:57:49 AM,Microsoft-Windows-Sysmon,5,Process terminated (rule: ProcessTerminate),"Process terminated:
RuleName: -
UtcTime: 2023-04-17 01:57:49.170
ProcessGuid: {2048537D-A743-643C-CF00-000000000B00}
ProcessId: 7012
Image: C:\Windows\System32\wbem\WmiPrvSE.exe
User: NT AUTHORITY\LOCAL SERVICE"
Information,4/17/2023 10:57:49 AM,Microsoft-Windows-Sysmon,5,Process terminated (rule: ProcessTerminate),"Process terminated:
RuleName: -
UtcTime: 2023-04-17 01:57:49.170
ProcessGuid: {2048537D-A745-643C-D000-000000000B00}
ProcessId: 6944
Image: C:\Windows\System32\wbem\WmiPrvSE.exe
User: NT AUTHORITY\SYSTEM"
Information,4/17/2023 10:56:21 AM,Microsoft-Windows-Sysmon,1,Process Create (rule: ProcessCreate),"Process Create:
RuleName: -
UtcTime: 2023-04-17 01:56:21.533
ProcessGuid: {2048537D-A745-643C-D000-000000000B00}
ProcessId: 6944
Image: C:\Windows\System32\wbem\WmiPrvSE.exe
FileVersion: 10.0.14393.0 (rs1_release.160715-1616)
Description: WMI Provider Host
Product: Microsoft® Windows® Operating System
Company: Microsoft Corporation
OriginalFileName: Wmiprvse.exe
CommandLine: C:\Windows\system32\wbem\wmiprvse.exe -Embedding
CurrentDirectory: C:\Windows\system32\
User: NT AUTHORITY\SYSTEM
LogonGuid: {2048537D-962F-643A-E703-000000000000}
LogonId: 0x3E7
TerminalSessionId: 0
IntegrityLevel: System
Hashes: SHA256=B62ACACFCAF99A50149F9DCE06136D478723992A61014FC3DBAE81289FE219F9
ParentProcessGuid: {00000000-0000-0000-0000-000000000000}
ParentProcessId: 732
ParentImage: -
ParentCommandLine: -
ParentUser: -"
Information,4/17/2023 10:56:21 AM,Microsoft-Windows-Sysmon,5,Process terminated (rule: ProcessTerminate),"Process terminated:
RuleName: -
UtcTime: 2023-04-17 01:56:21.038
ProcessGuid: {2048537D-A740-643C-CD00-000000000B00}
ProcessId: 6836
Image: C:\Windows\System32\dllhost.exe
User: NT AUTHORITY\SYSTEM"
Information,4/17/2023 10:56:19 AM,Microsoft-Windows-Sysmon,1,Process Create (rule: ProcessCreate),"Process Create:
RuleName: -
UtcTime: 2023-04-17 01:56:19.160
ProcessGuid: {2048537D-A743-643C-CF00-000000000B00}
ProcessId: 7012
Image: C:\Windows\System32\wbem\WmiPrvSE.exe
FileVersion: 10.0.14393.0 (rs1_release.160715-1616)
Description: WMI Provider Host
Product: Microsoft® Windows® Operating System
Company: Microsoft Corporation
OriginalFileName: Wmiprvse.exe
CommandLine: C:\Windows\system32\wbem\wmiprvse.exe -secured -Embedding
CurrentDirectory: C:\Windows\system32\
User: NT AUTHORITY\LOCAL SERVICE
LogonGuid: {2048537D-9630-643A-E503-000000000000}
LogonId: 0x3E5
TerminalSessionId: 0
IntegrityLevel: System
Hashes: SHA256=B62ACACFCAF99A50149F9DCE06136D478723992A61014FC3DBAE81289FE219F9
ParentProcessGuid: {00000000-0000-0000-0000-000000000000}
ParentProcessId: 732
ParentImage: -
ParentCommandLine: -
ParentUser: -"
Information,4/17/2023 10:56:19 AM,Microsoft-Windows-Sysmon,1,Process Create (rule: ProcessCreate),"Process Create:
RuleName: -
UtcTime: 2023-04-17 01:56:19.127
ProcessGuid: {2048537D-A743-643C-CE00-000000000B00}
ProcessId: 6920
Image: C:\Windows\System32\wbem\WmiPrvSE.exe
FileVersion: 10.0.14393.0 (rs1_release.160715-1616)
Description: WMI Provider Host
Product: Microsoft® Windows® Operating System
Company: Microsoft Corporation
OriginalFileName: Wmiprvse.exe
CommandLine: C:\Windows\system32\wbem\wmiprvse.exe -secured -Embedding
CurrentDirectory: C:\Windows\system32\
User: NT AUTHORITY\NETWORK SERVICE
LogonGuid: {2048537D-962F-643A-E403-000000000000}
LogonId: 0x3E4
TerminalSessionId: 0
IntegrityLevel: System
Hashes: SHA256=B62ACACFCAF99A50149F9DCE06136D478723992A61014FC3DBAE81289FE219F9
ParentProcessGuid: {00000000-0000-0000-0000-000000000000}
ParentProcessId: 732
ParentImage: -
ParentCommandLine: -
ParentUser: -"
Information,4/17/2023 10:56:16 AM,Microsoft-Windows-Sysmon,5,Process terminated (rule: ProcessTerminate),"Process terminated:
RuleName: -
UtcTime: 2023-04-17 01:56:16.048
ProcessGuid: {2048537D-A740-643C-CC00-000000000B00}
ProcessId: 6828
Image: C:\Windows\System32\taskhostw.exe
User: NT AUTHORITY\SYSTEM"
Information,4/17/2023 10:56:16 AM,Microsoft-Windows-Sysmon,1,Process Create (rule: ProcessCreate),"Process Create:
RuleName: -
UtcTime: 2023-04-17 01:56:16.036
ProcessGuid: {2048537D-A740-643C-CD00-000000000B00}
ProcessId: 6836
Image: C:\Windows\System32\dllhost.exe
FileVersion: 10.0.14393.0 (rs1_release.160715-1616)
Description: COM Surrogate
Product: Microsoft® Windows® Operating System
Company: Microsoft Corporation
OriginalFileName: dllhost.exe
CommandLine: C:\Windows\system32\DllHost.exe /Processid:{E10F6C3A-F1AE-4ADC-AA9D-2FE65525666E}
CurrentDirectory: C:\Windows\system32\
User: NT AUTHORITY\SYSTEM
LogonGuid: {2048537D-962F-643A-E703-000000000000}
LogonId: 0x3E7
TerminalSessionId: 0
IntegrityLevel: System
Hashes: SHA256=EE8364C07B3F4F71FA649E0E6C4C73C15D285130E4B16E79890EEBBF89C2164E
ParentProcessGuid: {00000000-0000-0000-0000-000000000000}
ParentProcessId: 732
ParentImage: -
ParentCommandLine: -
ParentUser: -"
Information,4/17/2023 10:56:16 AM,Microsoft-Windows-Sysmon,1,Process Create (rule: ProcessCreate),"Process Create:
RuleName: -
UtcTime: 2023-04-17 01:56:16.017
ProcessGuid: {2048537D-A740-643C-CC00-000000000B00}
ProcessId: 6828
Image: C:\Windows\System32\taskhostw.exe
FileVersion: 10.0.14393.0 (rs1_release.160715-1616)
Description: Host Process for Windows Tasks
Product: Microsoft® Windows® Operating System
Company: Microsoft Corporation
OriginalFileName: taskhostw.exe
CommandLine: taskhostw.exe U
CurrentDirectory: C:\Windows\system32\
User: NT AUTHORITY\SYSTEM
LogonGuid: {2048537D-962F-643A-E703-000000000000}
LogonId: 0x3E7
TerminalSessionId: 0
IntegrityLevel: System
Hashes: SHA256=A0A677D6C943AD1A7BC1879DFCCB400211DF68100F8EDD7BA6120067A18BEE0B
ParentProcessGuid: {00000000-0000-0000-0000-000000000000}
ParentProcessId: 1236
ParentImage: -
ParentCommandLine: -
ParentUser: -"
Information,4/17/2023 10:47:49 AM,Microsoft-Windows-Sysmon,5,Process terminated (rule: ProcessTerminate),"Process terminated:
RuleName: -
UtcTime: 2023-04-17 01:47:49.170
ProcessGuid: {2048537D-A4EB-643C-C900-000000000B00}
ProcessId: 5560
Image: C:\Windows\System32\wbem\WmiPrvSE.exe
User: NT AUTHORITY\NETWORK SERVICE"
Information,4/17/2023 10:47:49 AM,Microsoft-Windows-Sysmon,5,Process terminated (rule: ProcessTerminate),"Process terminated:
RuleName: -
UtcTime: 2023-04-17 01:47:49.170
ProcessGuid: {2048537D-A4EB-643C-CA00-000000000B00}
ProcessId: 144
Image: C:\Windows\System32\wbem\WmiPrvSE.exe
User: NT AUTHORITY\LOCAL SERVICE"
Information,4/17/2023 10:47:49 AM,Microsoft-Windows-Sysmon,5,Process terminated (rule: ProcessTerminate),"Process terminated:
RuleName: -
UtcTime: 2023-04-17 01:47:49.170
ProcessGuid: {2048537D-A4ED-643C-CB00-000000000B00}
ProcessId: 5836
Image: C:\Windows\System32\wbem\WmiPrvSE.exe
User: NT AUTHORITY\SYSTEM"
Information,4/17/2023 10:46:21 AM,Microsoft-Windows-Sysmon,1,Process Create (rule: ProcessCreate),"Process Create:
RuleName: -
UtcTime: 2023-04-17 01:46:21.542
ProcessGuid: {2048537D-A4ED-643C-CB00-000000000B00}
ProcessId: 5836
Image: C:\Windows\System32\wbem\WmiPrvSE.exe
FileVersion: 10.0.14393.0 (rs1_release.160715-1616)
Description: WMI Provider Host
Product: Microsoft® Windows® Operating System
Company: Microsoft Corporation
OriginalFileName: Wmiprvse.exe
CommandLine: C:\Windows\system32\wbem\wmiprvse.exe -Embedding
CurrentDirectory: C:\Windows\system32\
User: NT AUTHORITY\SYSTEM
LogonGuid: {2048537D-962F-643A-E703-000000000000}
LogonId: 0x3E7
TerminalSessionId: 0
IntegrityLevel: System
Hashes: SHA256=B62ACACFCAF99A50149F9DCE06136D478723992A61014FC3DBAE81289FE219F9
ParentProcessGuid: {00000000-0000-0000-0000-000000000000}
ParentProcessId: 732
ParentImage: -
ParentCommandLine: -
ParentUser: -"
Information,4/17/2023 10:46:19 AM,Microsoft-Windows-Sysmon,1,Process Create (rule: ProcessCreate),"Process Create:
RuleName: -
UtcTime: 2023-04-17 01:46:19.150
ProcessGuid: {2048537D-A4EB-643C-CA00-000000000B00}
ProcessId: 144
Image: C:\Windows\System32\wbem\WmiPrvSE.exe
FileVersion: 10.0.14393.0 (rs1_release.160715-1616)
Description: WMI Provider Host
Product: Microsoft® Windows® Operating System
Company: Microsoft Corporation
OriginalFileName: Wmiprvse.exe
CommandLine: C:\Windows\system32\wbem\wmiprvse.exe -secured -Embedding
CurrentDirectory: C:\Windows\system32\
User: NT AUTHORITY\LOCAL SERVICE
LogonGuid: {2048537D-9630-643A-E503-000000000000}
LogonId: 0x3E5
TerminalSessionId: 0
IntegrityLevel: System
Hashes: SHA256=B62ACACFCAF99A50149F9DCE06136D478723992A61014FC3DBAE81289FE219F9
ParentProcessGuid: {00000000-0000-0000-0000-000000000000}
ParentProcessId: 732
ParentImage: -
ParentCommandLine: -
ParentUser: -"
Information,4/17/2023 10:46:19 AM,Microsoft-Windows-Sysmon,1,Process Create (rule: ProcessCreate),"Process Create:
RuleName: -
UtcTime: 2023-04-17 01:46:19.117
ProcessGuid: {2048537D-A4EB-643C-C900-000000000B00}
ProcessId: 5560
Image: C:\Windows\System32\wbem\WmiPrvSE.exe
FileVersion: 10.0.14393.0 (rs1_release.160715-1616)
Description: WMI Provider Host
Product: Microsoft® Windows® Operating System
Company: Microsoft Corporation
OriginalFileName: Wmiprvse.exe
CommandLine: C:\Windows\system32\wbem\wmiprvse.exe -secured -Embedding
CurrentDirectory: C:\Windows\system32\
User: NT AUTHORITY\NETWORK SERVICE
LogonGuid: {2048537D-962F-643A-E403-000000000000}
LogonId: 0x3E4
TerminalSessionId: 0
IntegrityLevel: System
Hashes: SHA256=B62ACACFCAF99A50149F9DCE06136D478723992A61014FC3DBAE81289FE219F9
ParentProcessGuid: {00000000-0000-0000-0000-000000000000}
ParentProcessId: 732
ParentImage: -
ParentCommandLine: -
ParentUser: -"
Information,4/17/2023 10:43:30 AM,Microsoft-Windows-Sysmon,5,Process terminated (rule: ProcessTerminate),"Process terminated:
RuleName: -
UtcTime: 2023-04-17 01:43:30.016
ProcessGuid: {2048537D-A442-643C-C800-000000000B00}
ProcessId: 5312
Image: C:\Windows\System32\conhost.exe
User: NT AUTHORITY\SYSTEM"
Information,4/17/2023 10:43:30 AM,Microsoft-Windows-Sysmon,5,Process terminated (rule: ProcessTerminate),"Process terminated:
RuleName: -
UtcTime: 2023-04-17 01:43:30.016
ProcessGuid: {2048537D-A442-643C-C700-000000000B00}
ProcessId: 5280
Image: C:\Windows\System32\sc.exe
User: NT AUTHORITY\SYSTEM"
Information,4/17/2023 10:43:30 AM,Microsoft-Windows-Sysmon,1,Process Create (rule: ProcessCreate),"Process Create:
RuleName: -
UtcTime: 2023-04-17 01:43:30.005
ProcessGuid: {2048537D-A442-643C-C800-000000000B00}
ProcessId: 5312
Image: C:\Windows\System32\conhost.exe
FileVersion: 10.0.14393.0 (rs1_release.160715-1616)
Description: Console Window Host
Product: Microsoft® Windows® Operating System
Company: Microsoft Corporation
OriginalFileName: CONHOST.EXE
CommandLine: \??\C:\Windows\system32\conhost.exe 0xffffffff -ForceV1
CurrentDirectory: C:\Windows
User: NT AUTHORITY\SYSTEM
LogonGuid: {2048537D-962F-643A-E703-000000000000}
LogonId: 0x3E7
TerminalSessionId: 0
IntegrityLevel: System
Hashes: SHA256=046F7A1B4DE67562547ED9A180A72F481FC41E803DE49A96D7D7C731964D53A0
ParentProcessGuid: {2048537D-A442-643C-C700-000000000B00}
ParentProcessId: 5280
ParentImage: C:\Windows\System32\sc.exe
ParentCommandLine: C:\Windows\system32\sc.exe start wuauserv
ParentUser: NT AUTHORITY\SYSTEM"
Information,4/17/2023 10:43:30 AM,Microsoft-Windows-Sysmon,1,Process Create (rule: ProcessCreate),"Process Create:
RuleName: -
UtcTime: 2023-04-17 01:43:30.001
ProcessGuid: {2048537D-A442-643C-C700-000000000B00}
ProcessId: 5280
Image: C:\Windows\System32\sc.exe
FileVersion: 10.0.14393.0 (rs1_release.160715-1616)
Description: Service Control Manager Configuration Tool
Product: Microsoft® Windows® Operating System
Company: Microsoft Corporation
OriginalFileName: sc.exe
CommandLine: C:\Windows\system32\sc.exe start wuauserv
CurrentDirectory: C:\Windows\system32\
User: NT AUTHORITY\SYSTEM
LogonGuid: {2048537D-962F-643A-E703-000000000000}
LogonId: 0x3E7
TerminalSessionId: 0
IntegrityLevel: System
Hashes: SHA256=8A775B86CE1A057E290CCD26C59C96070684468A3119790743A346CD54F4DFDF
ParentProcessGuid: {00000000-0000-0000-0000-000000000000}
ParentProcessId: 1236
ParentImage: -
ParentCommandLine: -
ParentUser: -"
Information,4/17/2023 10:39:51 AM,Microsoft-Windows-Sysmon,5,Process terminated (rule: ProcessTerminate),"Process terminated:
RuleName: -
UtcTime: 2023-04-17 01:39:51.490
ProcessGuid: {2048537D-A367-643C-C400-000000000B00}
ProcessId: 3464
Image: C:\Windows\System32\taskhostw.exe
User: EXAMPLECOMPANY\admin"
Information,4/17/2023 10:39:51 AM,Microsoft-Windows-Sysmon,1,Process Create (rule: ProcessCreate),"Process Create:
RuleName: -
UtcTime: 2023-04-17 01:39:51.437
ProcessGuid: {2048537D-A367-643C-C600-000000000B00}
ProcessId: 304
Image: C:\Windows\SystemApps\Microsoft.LockApp_cw5n1h2txyewy\LockApp.exe
FileVersion: -
Description: -
Product: -
Company: -
OriginalFileName: -
CommandLine: ""C:\Windows\SystemApps\Microsoft.LockApp_cw5n1h2txyewy\LockApp.exe"" -ServerName:WindowsDefaultLockScreen.AppX7y4nbzq37zn4ks9k7amqjywdat7d3j2z.mca
CurrentDirectory: C:\Windows\SystemApps\Microsoft.LockApp_cw5n1h2txyewy\
User: EXAMPLECOMPANY\admin
LogonGuid: {2048537D-A037-643C-5471-310000000000}
LogonId: 0x317154
TerminalSessionId: 1
IntegrityLevel: AppContainer
Hashes: SHA256=CB9F18E482C4F92E8CF6BCAE477B7BADB17878EB2C9A5F7397E92202636876EE
ParentProcessGuid: {00000000-0000-0000-0000-000000000000}
ParentProcessId: 732
ParentImage: -
ParentCommandLine: -
ParentUser: -"
Information,4/17/2023 10:39:51 AM,Microsoft-Windows-Sysmon,1,Process Create (rule: ProcessCreate),"Process Create:
RuleName: -
UtcTime: 2023-04-17 01:39:51.377
ProcessGuid: {2048537D-A367-643C-C500-000000000B00}
ProcessId: 6520
Image: C:\Windows\System32\LockAppHost.exe
FileVersion: 10.0.14393.953 (rs1_release_inmarket.170303-1614)
Description: LockAppHost
Product: Microsoft® Windows® Operating System
Company: Microsoft Corporation
OriginalFileName: LockAppHost.exe
CommandLine: C:\Windows\System32\LockAppHost.exe -Embedding
CurrentDirectory: C:\Windows\system32\
User: EXAMPLECOMPANY\admin
LogonGuid: {2048537D-A037-643C-5471-310000000000}
LogonId: 0x317154
TerminalSessionId: 1
IntegrityLevel: Medium
Hashes: SHA256=7DCD690FF965F80DF86F325CA206573C50E7799CC72279594D2CF0D973E67201
ParentProcessGuid: {00000000-0000-0000-0000-000000000000}
ParentProcessId: 732
ParentImage: -
ParentCommandLine: -
ParentUser: -"
Information,4/17/2023 10:39:51 AM,Microsoft-Windows-Sysmon,1,Process Create (rule: ProcessCreate),"Process Create:
RuleName: -
UtcTime: 2023-04-17 01:39:51.374
ProcessGuid: {2048537D-A367-643C-C400-000000000B00}
ProcessId: 3464
Image: C:\Windows\System32\taskhostw.exe
FileVersion: 10.0.14393.0 (rs1_release.160715-1616)
Description: Host Process for Windows Tasks
Product: Microsoft® Windows® Operating System
Company: Microsoft Corporation
OriginalFileName: taskhostw.exe
CommandLine: taskhostw.exe KEYROAMING
CurrentDirectory: C:\Windows\system32\
User: EXAMPLECOMPANY\admin
LogonGuid: {2048537D-A037-643C-5471-310000000000}
LogonId: 0x317154
TerminalSessionId: 1
IntegrityLevel: Medium
Hashes: SHA256=A0A677D6C943AD1A7BC1879DFCCB400211DF68100F8EDD7BA6120067A18BEE0B
ParentProcessGuid: {00000000-0000-0000-0000-000000000000}
ParentProcessId: 1236
ParentImage: -
ParentCommandLine: -
ParentUser: -"
Information,4/17/2023 10:39:51 AM,Microsoft-Windows-Sysmon,1,Process Create (rule: ProcessCreate),"Process Create:
RuleName: -
UtcTime: 2023-04-17 01:39:51.337
ProcessGuid: {2048537D-A367-643C-C300-000000000B00}
ProcessId: 5784
Image: C:\Windows\System32\LogonUI.exe
FileVersion: 10.0.14393.0 (rs1_release.160715-1616)
Description: Windows Logon User Interface Host
Product: Microsoft® Windows® Operating System
Company: Microsoft Corporation
OriginalFileName: logonui.exe
CommandLine: ""LogonUI.exe"" /flags:0x0 /state0:0xa39cd055 /state1:0x41c64e6d
CurrentDirectory: C:\Windows\system32\
User: NT AUTHORITY\SYSTEM
LogonGuid: {2048537D-962F-643A-E703-000000000000}
LogonId: 0x3E7
TerminalSessionId: 1
IntegrityLevel: System
Hashes: SHA256=AA62D29803D52EC06CD27ED3124E034048F09606EB7342181913C9817C7B44C5
ParentProcessGuid: {00000000-0000-0000-0000-000000000000}
ParentProcessId: 508
ParentImage: -
ParentCommandLine: -
ParentUser: -"
Information,4/17/2023 10:37:49 AM,Microsoft-Windows-Sysmon,5,Process terminated (rule: ProcessTerminate),"Process terminated:
RuleName: -
UtcTime: 2023-04-17 01:37:49.154
ProcessGuid: {2048537D-A293-643C-C000-000000000B00}
ProcessId: 5360
Image: C:\Windows\System32\wbem\WmiPrvSE.exe
User: NT AUTHORITY\NETWORK SERVICE"
Information,4/17/2023 10:37:49 AM,Microsoft-Windows-Sysmon,5,Process terminated (rule: ProcessTerminate),"Process terminated:
RuleName: -
UtcTime: 2023-04-17 01:37:49.154
ProcessGuid: {2048537D-A293-643C-C100-000000000B00}
ProcessId: 5148
Image: C:\Windows\System32\wbem\WmiPrvSE.exe
User: NT AUTHORITY\LOCAL SERVICE"
Information,4/17/2023 10:37:49 AM,Microsoft-Windows-Sysmon,5,Process terminated (rule: ProcessTerminate),"Process terminated:
RuleName: -
UtcTime: 2023-04-17 01:37:49.154
ProcessGuid: {2048537D-A295-643C-C200-000000000B00}
ProcessId: 5972
Image: C:\Windows\System32\wbem\WmiPrvSE.exe
User: NT AUTHORITY\SYSTEM"
Information,4/17/2023 10:36:21 AM,Microsoft-Windows-Sysmon,1,Process Create (rule: ProcessCreate),"Process Create:
RuleName: -
UtcTime: 2023-04-17 01:36:21.549
ProcessGuid: {2048537D-A295-643C-C200-000000000B00}
ProcessId: 5972
Image: C:\Windows\System32\wbem\WmiPrvSE.exe
FileVersion: 10.0.14393.0 (rs1_release.160715-1616)
Description: WMI Provider Host
Product: Microsoft® Windows® Operating System
Company: Microsoft Corporation
OriginalFileName: Wmiprvse.exe
CommandLine: C:\Windows\system32\wbem\wmiprvse.exe -Embedding
CurrentDirectory: C:\Windows\system32\
User: NT AUTHORITY\SYSTEM
LogonGuid: {2048537D-962F-643A-E703-000000000000}
LogonId: 0x3E7
TerminalSessionId: 0
IntegrityLevel: System
Hashes: SHA256=B62ACACFCAF99A50149F9DCE06136D478723992A61014FC3DBAE81289FE219F9
ParentProcessGuid: {00000000-0000-0000-0000-000000000000}
ParentProcessId: 732
ParentImage: -
ParentCommandLine: -
ParentUser: -"
Information,4/17/2023 10:36:19 AM,Microsoft-Windows-Sysmon,1,Process Create (rule: ProcessCreate),"Process Create:
RuleName: -
UtcTime: 2023-04-17 01:36:19.138
ProcessGuid: {2048537D-A293-643C-C100-000000000B00}
ProcessId: 5148
Image: C:\Windows\System32\wbem\WmiPrvSE.exe
FileVersion: 10.0.14393.0 (rs1_release.160715-1616)
Description: WMI Provider Host
Product: Microsoft® Windows® Operating System
Company: Microsoft Corporation
OriginalFileName: Wmiprvse.exe
CommandLine: C:\Windows\system32\wbem\wmiprvse.exe -secured -Embedding
CurrentDirectory: C:\Windows\system32\
User: NT AUTHORITY\LOCAL SERVICE
LogonGuid: {2048537D-9630-643A-E503-000000000000}
LogonId: 0x3E5
TerminalSessionId: 0
IntegrityLevel: System
Hashes: SHA256=B62ACACFCAF99A50149F9DCE06136D478723992A61014FC3DBAE81289FE219F9
ParentProcessGuid: {00000000-0000-0000-0000-000000000000}
ParentProcessId: 732
ParentImage: -
ParentCommandLine: -
ParentUser: -"
Information,4/17/2023 10:36:19 AM,Microsoft-Windows-Sysmon,1,Process Create (rule: ProcessCreate),"Process Create:
RuleName: -
UtcTime: 2023-04-17 01:36:19.106
ProcessGuid: {2048537D-A293-643C-C000-000000000B00}
ProcessId: 5360
Image: C:\Windows\System32\wbem\WmiPrvSE.exe
FileVersion: 10.0.14393.0 (rs1_release.160715-1616)
Description: WMI Provider Host
Product: Microsoft® Windows® Operating System
Company: Microsoft Corporation
OriginalFileName: Wmiprvse.exe
CommandLine: C:\Windows\system32\wbem\wmiprvse.exe -secured -Embedding
CurrentDirectory: C:\Windows\system32\
User: NT AUTHORITY\NETWORK SERVICE
LogonGuid: {2048537D-962F-643A-E403-000000000000}
LogonId: 0x3E4
TerminalSessionId: 0
IntegrityLevel: System
Hashes: SHA256=B62ACACFCAF99A50149F9DCE06136D478723992A61014FC3DBAE81289FE219F9
ParentProcessGuid: {00000000-0000-0000-0000-000000000000}
ParentProcessId: 732
ParentImage: -
ParentCommandLine: -
ParentUser: -"
Information,4/17/2023 10:32:46 AM,Microsoft-Windows-Sysmon,5,Process terminated (rule: ProcessTerminate),"Process terminated:
RuleName: -
UtcTime: 2023-04-17 01:32:46.079
ProcessGuid: {2048537D-A164-643C-BF00-000000000B00}
ProcessId: 6944
Image: C:\Windows\System32\wbem\WmiPrvSE.exe
User: NT AUTHORITY\NETWORK SERVICE"
Information,4/17/2023 10:31:21 AM,Microsoft-Windows-Sysmon,5,Process terminated (rule: ProcessTerminate),"Process terminated:
RuleName: -
UtcTime: 2023-04-17 01:31:21.098
ProcessGuid: {2048537D-A164-643C-BE00-000000000B00}
ProcessId: 6892
Image: C:\Windows\System32\InstallAgent.exe
User: EXAMPLECOMPANY\admin"
Information,4/17/2023 10:31:17 AM,Microsoft-Windows-Sysmon,5,Process terminated (rule: ProcessTerminate),"Process terminated:
RuleName: -
UtcTime: 2023-04-17 01:31:17.500
ProcessGuid: {2048537D-A039-643C-AD00-000000000B00}
ProcessId: 4740
Image: C:\Windows\System32\svchost.exe
User: NT AUTHORITY\SYSTEM"
Information,4/17/2023 10:31:16 AM,Microsoft-Windows-Sysmon,5,Process terminated (rule: ProcessTerminate),"Process terminated:
RuleName: -
UtcTime: 2023-04-17 01:31:16.085
ProcessGuid: {2048537D-A164-643C-BD00-000000000B00}
ProcessId: 6852
Image: C:\Windows\System32\taskhostw.exe
User: EXAMPLECOMPANY\admin"
Information,4/17/2023 10:31:16 AM,Microsoft-Windows-Sysmon,1,Process Create (rule: ProcessCreate),"Process Create:
RuleName: -
UtcTime: 2023-04-17 01:31:16.058
ProcessGuid: {2048537D-A164-643C-BF00-000000000B00}
ProcessId: 6944
Image: C:\Windows\System32\wbem\WmiPrvSE.exe
FileVersion: 10.0.14393.0 (rs1_release.160715-1616)
Description: WMI Provider Host
Product: Microsoft® Windows® Operating System
Company: Microsoft Corporation
OriginalFileName: Wmiprvse.exe
CommandLine: C:\Windows\system32\wbem\wmiprvse.exe -secured -Embedding
CurrentDirectory: C:\Windows\system32\
User: NT AUTHORITY\NETWORK SERVICE
LogonGuid: {2048537D-962F-643A-E403-000000000000}
LogonId: 0x3E4
TerminalSessionId: 0
IntegrityLevel: System
Hashes: SHA256=B62ACACFCAF99A50149F9DCE06136D478723992A61014FC3DBAE81289FE219F9
ParentProcessGuid: {00000000-0000-0000-0000-000000000000}
ParentProcessId: 732
ParentImage: -
ParentCommandLine: -
ParentUser: -"
Information,4/17/2023 10:31:16 AM,Microsoft-Windows-Sysmon,1,Process Create (rule: ProcessCreate),"Process Create:
RuleName: -
UtcTime: 2023-04-17 01:31:16.033
ProcessGuid: {2048537D-A164-643C-BE00-000000000B00}
ProcessId: 6892
Image: C:\Windows\System32\InstallAgent.exe
FileVersion: 10.0.14393.1715 (rs1_release_inmarket.170906-1810)
Description: InstallAgent
Product: Microsoft® Windows® Operating System
Company: Microsoft Corporation
OriginalFileName: InstallAgent.exe
CommandLine: C:\Windows\System32\InstallAgent.exe -Embedding
CurrentDirectory: C:\Windows\system32\
User: EXAMPLECOMPANY\admin
LogonGuid: {2048537D-A037-643C-5471-310000000000}
LogonId: 0x317154
TerminalSessionId: 1
IntegrityLevel: Medium
Hashes: SHA256=5DF4FA9494E7855DD79CE7C00F2A1C5701D02E8E83E68E8E7EF3A0D3D061EAF1
ParentProcessGuid: {00000000-0000-0000-0000-000000000000}
ParentProcessId: 732
ParentImage: -
ParentCommandLine: -
ParentUser: -"
Information,4/17/2023 10:31:16 AM,Microsoft-Windows-Sysmon,1,Process Create (rule: ProcessCreate),"Process Create:
RuleName: -
UtcTime: 2023-04-17 01:31:16.013
ProcessGuid: {2048537D-A164-643C-BD00-000000000B00}
ProcessId: 6852
Image: C:\Windows\System32\taskhostw.exe
FileVersion: 10.0.14393.0 (rs1_release.160715-1616)
Description: Host Process for Windows Tasks
Product: Microsoft® Windows® Operating System
Company: Microsoft Corporation
OriginalFileName: taskhostw.exe
CommandLine: taskhostw.exe
CurrentDirectory: C:\Windows\system32\
User: EXAMPLECOMPANY\admin
LogonGuid: {2048537D-A037-643C-5471-310000000000}
LogonId: 0x317154
TerminalSessionId: 1
IntegrityLevel: Medium
Hashes: SHA256=A0A677D6C943AD1A7BC1879DFCCB400211DF68100F8EDD7BA6120067A18BEE0B
ParentProcessGuid: {00000000-0000-0000-0000-000000000000}
ParentProcessId: 1236
ParentImage: -
ParentCommandLine: -
ParentUser: -"
Information,4/17/2023 10:27:49 AM,Microsoft-Windows-Sysmon,5,Process terminated (rule: ProcessTerminate),"Process terminated:
RuleName: -
UtcTime: 2023-04-17 01:27:49.143
ProcessGuid: {2048537D-A03B-643C-B500-000000000B00}
ProcessId: 5776
Image: C:\Windows\System32\wbem\WmiPrvSE.exe
User: NT AUTHORITY\LOCAL SERVICE"
Information,4/17/2023 10:27:49 AM,Microsoft-Windows-Sysmon,5,Process terminated (rule: ProcessTerminate),"Process terminated:
RuleName: -
UtcTime: 2023-04-17 01:27:49.143
ProcessGuid: {2048537D-A03B-643C-B400-000000000B00}
ProcessId: 5716
Image: C:\Windows\System32\wbem\WmiPrvSE.exe
User: NT AUTHORITY\NETWORK SERVICE"
Information,4/17/2023 10:27:49 AM,Microsoft-Windows-Sysmon,5,Process terminated (rule: ProcessTerminate),"Process terminated:
RuleName: -
UtcTime: 2023-04-17 01:27:49.143
ProcessGuid: {2048537D-A03D-643C-B900-000000000B00}
ProcessId: 5980
Image: C:\Windows\System32\wbem\WmiPrvSE.exe
User: NT AUTHORITY\SYSTEM"
Information,4/17/2023 10:27:46 AM,Microsoft-Windows-Sysmon,5,Process terminated (rule: ProcessTerminate),"Process terminated:
RuleName: -
UtcTime: 2023-04-17 01:27:46.799
ProcessGuid: {2048537D-A039-643C-AF00-000000000B00}
ProcessId: 5260
Image: C:\Windows\System32\backgroundTaskHost.exe
User: EXAMPLECOMPANY\admin"
Information,4/17/2023 10:26:57 AM,Microsoft-Windows-Sysmon,5,Process terminated (rule: ProcessTerminate),"Process terminated:
RuleName: -
UtcTime: 2023-04-17 01:26:57.381
ProcessGuid: {2048537D-A060-643C-BA00-000000000B00}
ProcessId: 6392
Image: C:\Windows\System32\MusNotification.exe
User: NT AUTHORITY\SYSTEM"
Information,4/17/2023 10:26:57 AM,Microsoft-Windows-Sysmon,5,Process terminated (rule: ProcessTerminate),"Process terminated:
RuleName: -
UtcTime: 2023-04-17 01:26:57.054
ProcessGuid: {2048537D-A060-643C-BC00-000000000B00}
ProcessId: 6484
Image: C:\Windows\System32\MusNotificationUx.exe
User: EXAMPLECOMPANY\admin"
Information,4/17/2023 10:26:56 AM,Microsoft-Windows-Sysmon,5,Process terminated (rule: ProcessTerminate),"Process terminated:
RuleName: -
UtcTime: 2023-04-17 01:26:56.960
ProcessGuid: {2048537D-A060-643C-BB00-000000000B00}
ProcessId: 6464
Image: C:\Windows\System32\MusNotification.exe
User: NT AUTHORITY\SYSTEM"
Information,4/17/2023 10:26:56 AM,Microsoft-Windows-Sysmon,1,Process Create (rule: ProcessCreate),"Process Create:
RuleName: -
UtcTime: 2023-04-17 01:26:56.602
ProcessGuid: {2048537D-A060-643C-BC00-000000000B00}
ProcessId: 6484
Image: C:\Windows\System32\MusNotificationUx.exe
FileVersion: 10.0.14393.1884 (rs1_release.171101-1233)
Description: MusNotificationUx.exe
Product: Microsoft® Windows® Operating System
Company: Microsoft Corporation
OriginalFileName: MusNotificationUx.exe
CommandLine: %%systemroot%%\system32\MusNotificationUX.exe Toast_DownloadNeedUserAgreement 0
CurrentDirectory: C:\Windows\system32\
User: EXAMPLECOMPANY\admin
LogonGuid: {2048537D-A037-643C-5471-310000000000}
LogonId: 0x317154
TerminalSessionId: 1
IntegrityLevel: Medium
Hashes: SHA256=E187CEC18E690D0FE06B424217532466BD7143CA6933FD9DF84758616DDD5FB5
ParentProcessGuid: {2048537D-A060-643C-BA00-000000000B00}
ParentProcessId: 6392
ParentImage: C:\Windows\System32\MusNotification.exe
ParentCommandLine: C:\Windows\system32\MusNotification.exe LogonDisplay
ParentUser: NT AUTHORITY\SYSTEM"
