Information,4/15/2023 8:56:45 PM,Microsoft-Windows-Sysmon,1,Process Create (rule: ProcessCreate),"Process Create:
RuleName: -
UtcTime: 2023-04-15 11:56:45.418
ProcessGuid: {2048537D-90FD-643A-DA00-000000000A00}
ProcessId: 4752
Image: C:\Windows\Microsoft.NET\Framework64\v4.0.30319\mscorsvw.exe
FileVersion: 4.6.1586.0 built by: NETFXREL2
Description: .NET Runtime Optimization Service
Product: Microsoft® .NET Framework
Company: Microsoft Corporation
OriginalFileName: mscorsvw.exe
CommandLine: C:\Windows\Microsoft.NET\Framework64\v4.0.30319\mscorsvw.exe -StartupEvent 194 -InterruptEvent 0 -NGENProcess 204 -Pipe 1ec -Comment ""NGen Worker Process""
CurrentDirectory: C:\Windows\system32\
User: NT AUTHORITY\SYSTEM
LogonGuid: {2048537D-8D03-643A-E703-000000000000}
LogonId: 0x3E7
TerminalSessionId: 0
IntegrityLevel: System
Hashes: SHA256=CB11A32CB4BDEAC24DF1725B583B12FFC326712C5B021EC0595931C0A9245C74
ParentProcessGuid: {2048537D-90FC-643A-C900-000000000A00}
ParentProcessId: 4524
ParentImage: C:\Windows\Microsoft.NET\Framework64\v4.0.30319\ngen.exe
ParentCommandLine: ""C:\Windows\Microsoft.NET\Framework64\v4.0.30319\ngen.exe"" ExecuteQueuedItems /LegacyServiceBehavior
ParentUser: NT AUTHORITY\SYSTEM"
Information,4/15/2023 8:56:45 PM,Microsoft-Windows-Sysmon,5,Process terminated (rule: ProcessTerminate),"Process terminated:
RuleName: -
UtcTime: 2023-04-15 11:56:45.410
ProcessGuid: {2048537D-90FD-643A-D800-000000000A00}
ProcessId: 2164
Image: C:\Windows\Microsoft.NET\Framework64\v4.0.30319\mscorsvw.exe
User: NT AUTHORITY\SYSTEM"
Information,4/15/2023 8:56:45 PM,Microsoft-Windows-Sysmon,1,Process Create (rule: ProcessCreate),"Process Create:
RuleName: -
UtcTime: 2023-04-15 11:56:45.392
ProcessGuid: {2048537D-90FD-643A-D900-000000000A00}
ProcessId: 4916
Image: C:\Windows\Microsoft.NET\Framework64\v4.0.30319\mscorsvw.exe
FileVersion: 4.6.1586.0 built by: NETFXREL2
Description: .NET Runtime Optimization Service
Product: Microsoft® .NET Framework
Company: Microsoft Corporation
OriginalFileName: mscorsvw.exe
CommandLine: C:\Windows\Microsoft.NET\Framework64\v4.0.30319\mscorsvw.exe -StartupEvent 1ec -InterruptEvent 0 -NGENProcess 194 -Pipe 1c8 -Comment ""NGen Worker Process""
CurrentDirectory: C:\Windows\system32\
User: NT AUTHORITY\SYSTEM
LogonGuid: {2048537D-8D03-643A-E703-000000000000}
LogonId: 0x3E7
TerminalSessionId: 0
IntegrityLevel: System
Hashes: SHA256=CB11A32CB4BDEAC24DF1725B583B12FFC326712C5B021EC0595931C0A9245C74
ParentProcessGuid: {2048537D-90FC-643A-C900-000000000A00}
ParentProcessId: 4524
ParentImage: C:\Windows\Microsoft.NET\Framework64\v4.0.30319\ngen.exe
ParentCommandLine: ""C:\Windows\Microsoft.NET\Framework64\v4.0.30319\ngen.exe"" ExecuteQueuedItems /LegacyServiceBehavior
ParentUser: NT AUTHORITY\SYSTEM"
Information,4/15/2023 8:56:45 PM,Microsoft-Windows-Sysmon,5,Process terminated (rule: ProcessTerminate),"Process terminated:
RuleName: -
UtcTime: 2023-04-15 11:56:45.348
ProcessGuid: {2048537D-90FD-643A-D700-000000000A00}
ProcessId: 4276
Image: C:\Windows\Microsoft.NET\Framework64\v4.0.30319\mscorsvw.exe
User: NT AUTHORITY\SYSTEM"
Information,4/15/2023 8:56:45 PM,Microsoft-Windows-Sysmon,1,Process Create (rule: ProcessCreate),"Process Create:
RuleName: -
UtcTime: 2023-04-15 11:56:45.354
ProcessGuid: {2048537D-90FD-643A-D800-000000000A00}
ProcessId: 2164
Image: C:\Windows\Microsoft.NET\Framework64\v4.0.30319\mscorsvw.exe
FileVersion: 4.6.1586.0 built by: NETFXREL2
Description: .NET Runtime Optimization Service
Product: Microsoft® .NET Framework
Company: Microsoft Corporation
OriginalFileName: mscorsvw.exe
CommandLine: C:\Windows\Microsoft.NET\Framework64\v4.0.30319\mscorsvw.exe -StartupEvent 214 -InterruptEvent 0 -NGENProcess 240 -Pipe 27c -Comment ""NGen Worker Process""
CurrentDirectory: C:\Windows\system32\
User: NT AUTHORITY\SYSTEM
LogonGuid: {2048537D-8D03-643A-E703-000000000000}
LogonId: 0x3E7
TerminalSessionId: 0
IntegrityLevel: System
Hashes: SHA256=CB11A32CB4BDEAC24DF1725B583B12FFC326712C5B021EC0595931C0A9245C74
ParentProcessGuid: {2048537D-90FC-643A-C900-000000000A00}
ParentProcessId: 4524
ParentImage: C:\Windows\Microsoft.NET\Framework64\v4.0.30319\ngen.exe
ParentCommandLine: ""C:\Windows\Microsoft.NET\Framework64\v4.0.30319\ngen.exe"" ExecuteQueuedItems /LegacyServiceBehavior
ParentUser: NT AUTHORITY\SYSTEM"
Information,4/15/2023 8:56:45 PM,Microsoft-Windows-Sysmon,5,Process terminated (rule: ProcessTerminate),"Process terminated:
RuleName: -
UtcTime: 2023-04-15 11:56:45.332
ProcessGuid: {2048537D-90FD-643A-D600-000000000A00}
ProcessId: 5068
Image: C:\Windows\Microsoft.NET\Framework64\v4.0.30319\mscorsvw.exe
User: NT AUTHORITY\SYSTEM"
Information,4/15/2023 8:56:45 PM,Microsoft-Windows-Sysmon,1,Process Create (rule: ProcessCreate),"Process Create:
RuleName: -
UtcTime: 2023-04-15 11:56:45.333
ProcessGuid: {2048537D-90FD-643A-D700-000000000A00}
ProcessId: 4276
Image: C:\Windows\Microsoft.NET\Framework64\v4.0.30319\mscorsvw.exe
FileVersion: 4.6.1586.0 built by: NETFXREL2
Description: .NET Runtime Optimization Service
Product: Microsoft® .NET Framework
Company: Microsoft Corporation
OriginalFileName: mscorsvw.exe
CommandLine: C:\Windows\Microsoft.NET\Framework64\v4.0.30319\mscorsvw.exe -StartupEvent 270 -InterruptEvent 0 -NGENProcess 244 -Pipe 258 -Comment ""NGen Worker Process""
CurrentDirectory: C:\Windows\system32\
User: NT AUTHORITY\SYSTEM
LogonGuid: {2048537D-8D03-643A-E703-000000000000}
LogonId: 0x3E7
TerminalSessionId: 0
IntegrityLevel: System
Hashes: SHA256=CB11A32CB4BDEAC24DF1725B583B12FFC326712C5B021EC0595931C0A9245C74
ParentProcessGuid: {2048537D-90FC-643A-C900-000000000A00}
ParentProcessId: 4524
ParentImage: C:\Windows\Microsoft.NET\Framework64\v4.0.30319\ngen.exe
ParentCommandLine: ""C:\Windows\Microsoft.NET\Framework64\v4.0.30319\ngen.exe"" ExecuteQueuedItems /LegacyServiceBehavior
ParentUser: NT AUTHORITY\SYSTEM"
Information,4/15/2023 8:56:45 PM,Microsoft-Windows-Sysmon,5,Process terminated (rule: ProcessTerminate),"Process terminated:
RuleName: -
UtcTime: 2023-04-15 11:56:45.316
ProcessGuid: {2048537D-90FD-643A-D500-000000000A00}
ProcessId: 4664
Image: C:\Windows\Microsoft.NET\Framework64\v4.0.30319\mscorsvw.exe
User: NT AUTHORITY\SYSTEM"
Information,4/15/2023 8:56:45 PM,Microsoft-Windows-Sysmon,1,Process Create (rule: ProcessCreate),"Process Create:
RuleName: -
UtcTime: 2023-04-15 11:56:45.312
ProcessGuid: {2048537D-90FD-643A-D600-000000000A00}
ProcessId: 5068
Image: C:\Windows\Microsoft.NET\Framework64\v4.0.30319\mscorsvw.exe
FileVersion: 4.6.1586.0 built by: NETFXREL2
Description: .NET Runtime Optimization Service
Product: Microsoft® .NET Framework
Company: Microsoft Corporation
OriginalFileName: mscorsvw.exe
CommandLine: C:\Windows\Microsoft.NET\Framework64\v4.0.30319\mscorsvw.exe -StartupEvent 258 -InterruptEvent 0 -NGENProcess 218 -Pipe 230 -Comment ""NGen Worker Process""
CurrentDirectory: C:\Windows\system32\
User: NT AUTHORITY\SYSTEM
LogonGuid: {2048537D-8D03-643A-E703-000000000000}
LogonId: 0x3E7
TerminalSessionId: 0
IntegrityLevel: System
Hashes: SHA256=CB11A32CB4BDEAC24DF1725B583B12FFC326712C5B021EC0595931C0A9245C74
ParentProcessGuid: {2048537D-90FC-643A-C900-000000000A00}
ParentProcessId: 4524
ParentImage: C:\Windows\Microsoft.NET\Framework64\v4.0.30319\ngen.exe
ParentCommandLine: ""C:\Windows\Microsoft.NET\Framework64\v4.0.30319\ngen.exe"" ExecuteQueuedItems /LegacyServiceBehavior
ParentUser: NT AUTHORITY\SYSTEM"
Information,4/15/2023 8:56:45 PM,Microsoft-Windows-Sysmon,5,Process terminated (rule: ProcessTerminate),"Process terminated:
RuleName: -
UtcTime: 2023-04-15 11:56:45.238
ProcessGuid: {2048537D-90FD-643A-D400-000000000A00}
ProcessId: 4400
Image: C:\Windows\Microsoft.NET\Framework64\v4.0.30319\mscorsvw.exe
User: NT AUTHORITY\SYSTEM"
Information,4/15/2023 8:56:45 PM,Microsoft-Windows-Sysmon,1,Process Create (rule: ProcessCreate),"Process Create:
RuleName: -
UtcTime: 2023-04-15 11:56:45.248
ProcessGuid: {2048537D-90FD-643A-D500-000000000A00}
ProcessId: 4664
Image: C:\Windows\Microsoft.NET\Framework64\v4.0.30319\mscorsvw.exe
FileVersion: 4.6.1586.0 built by: NETFXREL2
Description: .NET Runtime Optimization Service
Product: Microsoft® .NET Framework
Company: Microsoft Corporation
OriginalFileName: mscorsvw.exe
CommandLine: C:\Windows\Microsoft.NET\Framework64\v4.0.30319\mscorsvw.exe -StartupEvent 224 -InterruptEvent 0 -NGENProcess 230 -Pipe 18c -Comment ""NGen Worker Process""
CurrentDirectory: C:\Windows\system32\
User: NT AUTHORITY\SYSTEM
LogonGuid: {2048537D-8D03-643A-E703-000000000000}
LogonId: 0x3E7
TerminalSessionId: 0
IntegrityLevel: System
Hashes: SHA256=CB11A32CB4BDEAC24DF1725B583B12FFC326712C5B021EC0595931C0A9245C74
ParentProcessGuid: {2048537D-90FC-643A-C900-000000000A00}
ParentProcessId: 4524
ParentImage: C:\Windows\Microsoft.NET\Framework64\v4.0.30319\ngen.exe
ParentCommandLine: ""C:\Windows\Microsoft.NET\Framework64\v4.0.30319\ngen.exe"" ExecuteQueuedItems /LegacyServiceBehavior
ParentUser: NT AUTHORITY\SYSTEM"
Information,4/15/2023 8:56:45 PM,Microsoft-Windows-Sysmon,5,Process terminated (rule: ProcessTerminate),"Process terminated:
RuleName: -
UtcTime: 2023-04-15 11:56:45.207
ProcessGuid: {2048537D-90FD-643A-D300-000000000A00}
ProcessId: 4144
Image: C:\Windows\Microsoft.NET\Framework64\v4.0.30319\mscorsvw.exe
User: NT AUTHORITY\SYSTEM"
Information,4/15/2023 8:56:45 PM,Microsoft-Windows-Sysmon,1,Process Create (rule: ProcessCreate),"Process Create:
RuleName: -
UtcTime: 2023-04-15 11:56:45.216
ProcessGuid: {2048537D-90FD-643A-D400-000000000A00}
ProcessId: 4400
Image: C:\Windows\Microsoft.NET\Framework64\v4.0.30319\mscorsvw.exe
FileVersion: 4.6.1586.0 built by: NETFXREL2
Description: .NET Runtime Optimization Service
Product: Microsoft® .NET Framework
Company: Microsoft Corporation
OriginalFileName: mscorsvw.exe
CommandLine: C:\Windows\Microsoft.NET\Framework64\v4.0.30319\mscorsvw.exe -StartupEvent 214 -InterruptEvent 0 -NGENProcess 26c -Pipe 210 -Comment ""NGen Worker Process""
CurrentDirectory: C:\Windows\system32\
User: NT AUTHORITY\SYSTEM
LogonGuid: {2048537D-8D03-643A-E703-000000000000}
LogonId: 0x3E7
TerminalSessionId: 0
IntegrityLevel: System
Hashes: SHA256=CB11A32CB4BDEAC24DF1725B583B12FFC326712C5B021EC0595931C0A9245C74
ParentProcessGuid: {2048537D-90FC-643A-C900-000000000A00}
ParentProcessId: 4524
ParentImage: C:\Windows\Microsoft.NET\Framework64\v4.0.30319\ngen.exe
ParentCommandLine: ""C:\Windows\Microsoft.NET\Framework64\v4.0.30319\ngen.exe"" ExecuteQueuedItems /LegacyServiceBehavior
ParentUser: NT AUTHORITY\SYSTEM"
Information,4/15/2023 8:56:45 PM,Microsoft-Windows-Sysmon,5,Process terminated (rule: ProcessTerminate),"Process terminated:
RuleName: -
UtcTime: 2023-04-15 11:56:45.176
ProcessGuid: {2048537D-90FD-643A-D200-000000000A00}
ProcessId: 1104
Image: C:\Windows\Microsoft.NET\Framework64\v4.0.30319\mscorsvw.exe
User: NT AUTHORITY\SYSTEM"
Information,4/15/2023 8:56:45 PM,Microsoft-Windows-Sysmon,1,Process Create (rule: ProcessCreate),"Process Create:
RuleName: -
UtcTime: 2023-04-15 11:56:45.190
ProcessGuid: {2048537D-90FD-643A-D300-000000000A00}
ProcessId: 4144
Image: C:\Windows\Microsoft.NET\Framework64\v4.0.30319\mscorsvw.exe
FileVersion: 4.6.1586.0 built by: NETFXREL2
Description: .NET Runtime Optimization Service
Product: Microsoft® .NET Framework
Company: Microsoft Corporation
OriginalFileName: mscorsvw.exe
CommandLine: C:\Windows\Microsoft.NET\Framework64\v4.0.30319\mscorsvw.exe -StartupEvent 254 -InterruptEvent 0 -NGENProcess 240 -Pipe 24c -Comment ""NGen Worker Process""
CurrentDirectory: C:\Windows\system32\
User: NT AUTHORITY\SYSTEM
LogonGuid: {2048537D-8D03-643A-E703-000000000000}
LogonId: 0x3E7
TerminalSessionId: 0
IntegrityLevel: System
Hashes: SHA256=CB11A32CB4BDEAC24DF1725B583B12FFC326712C5B021EC0595931C0A9245C74
ParentProcessGuid: {2048537D-90FC-643A-C900-000000000A00}
ParentProcessId: 4524
ParentImage: C:\Windows\Microsoft.NET\Framework64\v4.0.30319\ngen.exe
ParentCommandLine: ""C:\Windows\Microsoft.NET\Framework64\v4.0.30319\ngen.exe"" ExecuteQueuedItems /LegacyServiceBehavior
ParentUser: NT AUTHORITY\SYSTEM"
Information,4/15/2023 8:56:45 PM,Microsoft-Windows-Sysmon,5,Process terminated (rule: ProcessTerminate),"Process terminated:
RuleName: -
UtcTime: 2023-04-15 11:56:45.176
ProcessGuid: {2048537D-90FD-643A-D100-000000000A00}
ProcessId: 992
Image: C:\Windows\Microsoft.NET\Framework64\v4.0.30319\mscorsvw.exe
User: NT AUTHORITY\SYSTEM"
Information,4/15/2023 8:56:45 PM,Microsoft-Windows-Sysmon,1,Process Create (rule: ProcessCreate),"Process Create:
RuleName: -
UtcTime: 2023-04-15 11:56:45.170
ProcessGuid: {2048537D-90FD-643A-D200-000000000A00}
ProcessId: 1104
Image: C:\Windows\Microsoft.NET\Framework64\v4.0.30319\mscorsvw.exe
FileVersion: 4.6.1586.0 built by: NETFXREL2
Description: .NET Runtime Optimization Service
Product: Microsoft® .NET Framework
Company: Microsoft Corporation
OriginalFileName: mscorsvw.exe
CommandLine: C:\Windows\Microsoft.NET\Framework64\v4.0.30319\mscorsvw.exe -StartupEvent 244 -InterruptEvent 0 -NGENProcess 24c -Pipe 264 -Comment ""NGen Worker Process""
CurrentDirectory: C:\Windows\system32\
User: NT AUTHORITY\SYSTEM
LogonGuid: {2048537D-8D03-643A-E703-000000000000}
LogonId: 0x3E7
TerminalSessionId: 0
IntegrityLevel: System
Hashes: SHA256=CB11A32CB4BDEAC24DF1725B583B12FFC326712C5B021EC0595931C0A9245C74
ParentProcessGuid: {2048537D-90FC-643A-C900-000000000A00}
ParentProcessId: 4524
ParentImage: C:\Windows\Microsoft.NET\Framework64\v4.0.30319\ngen.exe
ParentCommandLine: ""C:\Windows\Microsoft.NET\Framework64\v4.0.30319\ngen.exe"" ExecuteQueuedItems /LegacyServiceBehavior
ParentUser: NT AUTHORITY\SYSTEM"
Information,4/15/2023 8:56:45 PM,Microsoft-Windows-Sysmon,5,Process terminated (rule: ProcessTerminate),"Process terminated:
RuleName: -
UtcTime: 2023-04-15 11:56:45.113
ProcessGuid: {2048537D-90FD-643A-D000-000000000A00}
ProcessId: 4764
Image: C:\Windows\Microsoft.NET\Framework64\v4.0.30319\mscorsvw.exe
User: NT AUTHORITY\SYSTEM"
Information,4/15/2023 8:56:45 PM,Microsoft-Windows-Sysmon,1,Process Create (rule: ProcessCreate),"Process Create:
RuleName: -
UtcTime: 2023-04-15 11:56:45.123
ProcessGuid: {2048537D-90FD-643A-D100-000000000A00}
ProcessId: 992
Image: C:\Windows\Microsoft.NET\Framework64\v4.0.30319\mscorsvw.exe
FileVersion: 4.6.1586.0 built by: NETFXREL2
Description: .NET Runtime Optimization Service
Product: Microsoft® .NET Framework
Company: Microsoft Corporation
OriginalFileName: mscorsvw.exe
CommandLine: C:\Windows\Microsoft.NET\Framework64\v4.0.30319\mscorsvw.exe -StartupEvent 240 -InterruptEvent 0 -NGENProcess 264 -Pipe 250 -Comment ""NGen Worker Process""
CurrentDirectory: C:\Windows\system32\
User: NT AUTHORITY\SYSTEM
LogonGuid: {2048537D-8D03-643A-E703-000000000000}
LogonId: 0x3E7
TerminalSessionId: 0
IntegrityLevel: System
Hashes: SHA256=CB11A32CB4BDEAC24DF1725B583B12FFC326712C5B021EC0595931C0A9245C74
ParentProcessGuid: {2048537D-90FC-643A-C900-000000000A00}
ParentProcessId: 4524
ParentImage: C:\Windows\Microsoft.NET\Framework64\v4.0.30319\ngen.exe
ParentCommandLine: ""C:\Windows\Microsoft.NET\Framework64\v4.0.30319\ngen.exe"" ExecuteQueuedItems /LegacyServiceBehavior
ParentUser: NT AUTHORITY\SYSTEM"
Information,4/15/2023 8:56:45 PM,Microsoft-Windows-Sysmon,5,Process terminated (rule: ProcessTerminate),"Process terminated:
RuleName: -
UtcTime: 2023-04-15 11:56:45.098
ProcessGuid: {2048537D-90FD-643A-CF00-000000000A00}
ProcessId: 5008
Image: C:\Windows\Microsoft.NET\Framework64\v4.0.30319\mscorsvw.exe
User: NT AUTHORITY\SYSTEM"
Information,4/15/2023 8:56:45 PM,Microsoft-Windows-Sysmon,1,Process Create (rule: ProcessCreate),"Process Create:
RuleName: -
UtcTime: 2023-04-15 11:56:45.100
ProcessGuid: {2048537D-90FD-643A-D000-000000000A00}
ProcessId: 4764
Image: C:\Windows\Microsoft.NET\Framework64\v4.0.30319\mscorsvw.exe
FileVersion: 4.6.1586.0 built by: NETFXREL2
Description: .NET Runtime Optimization Service
Product: Microsoft® .NET Framework
Company: Microsoft Corporation
OriginalFileName: mscorsvw.exe
CommandLine: C:\Windows\Microsoft.NET\Framework64\v4.0.30319\mscorsvw.exe -StartupEvent 240 -InterruptEvent 0 -NGENProcess 24c -Pipe 234 -Comment ""NGen Worker Process""
CurrentDirectory: C:\Windows\system32\
User: NT AUTHORITY\SYSTEM
LogonGuid: {2048537D-8D03-643A-E703-000000000000}
LogonId: 0x3E7
TerminalSessionId: 0
IntegrityLevel: System
Hashes: SHA256=CB11A32CB4BDEAC24DF1725B583B12FFC326712C5B021EC0595931C0A9245C74
ParentProcessGuid: {2048537D-90FC-643A-C900-000000000A00}
ParentProcessId: 4524
ParentImage: C:\Windows\Microsoft.NET\Framework64\v4.0.30319\ngen.exe
ParentCommandLine: ""C:\Windows\Microsoft.NET\Framework64\v4.0.30319\ngen.exe"" ExecuteQueuedItems /LegacyServiceBehavior
ParentUser: NT AUTHORITY\SYSTEM"
Information,4/15/2023 8:56:45 PM,Microsoft-Windows-Sysmon,5,Process terminated (rule: ProcessTerminate),"Process terminated:
RuleName: -
UtcTime: 2023-04-15 11:56:45.066
ProcessGuid: {2048537D-90FD-643A-CE00-000000000A00}
ProcessId: 708
Image: C:\Windows\Microsoft.NET\Framework64\v4.0.30319\mscorsvw.exe
User: NT AUTHORITY\SYSTEM"
Information,4/15/2023 8:56:45 PM,Microsoft-Windows-Sysmon,1,Process Create (rule: ProcessCreate),"Process Create:
RuleName: -
UtcTime: 2023-04-15 11:56:45.073
ProcessGuid: {2048537D-90FD-643A-CF00-000000000A00}
ProcessId: 5008
Image: C:\Windows\Microsoft.NET\Framework64\v4.0.30319\mscorsvw.exe
FileVersion: 4.6.1586.0 built by: NETFXREL2
Description: .NET Runtime Optimization Service
Product: Microsoft® .NET Framework
Company: Microsoft Corporation
OriginalFileName: mscorsvw.exe
CommandLine: C:\Windows\Microsoft.NET\Framework64\v4.0.30319\mscorsvw.exe -StartupEvent 214 -InterruptEvent 0 -NGENProcess 210 -Pipe 200 -Comment ""NGen Worker Process""
CurrentDirectory: C:\Windows\system32\
User: NT AUTHORITY\SYSTEM
LogonGuid: {2048537D-8D03-643A-E703-000000000000}
LogonId: 0x3E7
TerminalSessionId: 0
IntegrityLevel: System
Hashes: SHA256=CB11A32CB4BDEAC24DF1725B583B12FFC326712C5B021EC0595931C0A9245C74
ParentProcessGuid: {2048537D-90FC-643A-C900-000000000A00}
ParentProcessId: 4524
ParentImage: C:\Windows\Microsoft.NET\Framework64\v4.0.30319\ngen.exe
ParentCommandLine: ""C:\Windows\Microsoft.NET\Framework64\v4.0.30319\ngen.exe"" ExecuteQueuedItems /LegacyServiceBehavior
ParentUser: NT AUTHORITY\SYSTEM"
Information,4/15/2023 8:56:45 PM,Microsoft-Windows-Sysmon,5,Process terminated (rule: ProcessTerminate),"Process terminated:
RuleName: -
UtcTime: 2023-04-15 11:56:45.020
ProcessGuid: {2048537D-90FD-643A-CD00-000000000A00}
ProcessId: 2408
Image: C:\Windows\Microsoft.NET\Framework64\v4.0.30319\mscorsvw.exe
User: NT AUTHORITY\SYSTEM"
Information,4/15/2023 8:56:45 PM,Microsoft-Windows-Sysmon,1,Process Create (rule: ProcessCreate),"Process Create:
RuleName: -
UtcTime: 2023-04-15 11:56:45.033
ProcessGuid: {2048537D-90FD-643A-CE00-000000000A00}
ProcessId: 708
Image: C:\Windows\Microsoft.NET\Framework64\v4.0.30319\mscorsvw.exe
FileVersion: 4.6.1586.0 built by: NETFXREL2
Description: .NET Runtime Optimization Service
Product: Microsoft® .NET Framework
Company: Microsoft Corporation
OriginalFileName: mscorsvw.exe
CommandLine: C:\Windows\Microsoft.NET\Framework64\v4.0.30319\mscorsvw.exe -StartupEvent 218 -InterruptEvent 0 -NGENProcess 200 -Pipe 22c -Comment ""NGen Worker Process""
CurrentDirectory: C:\Windows\system32\
User: NT AUTHORITY\SYSTEM
LogonGuid: {2048537D-8D03-643A-E703-000000000000}
LogonId: 0x3E7
TerminalSessionId: 0
IntegrityLevel: System
Hashes: SHA256=CB11A32CB4BDEAC24DF1725B583B12FFC326712C5B021EC0595931C0A9245C74
ParentProcessGuid: {2048537D-90FC-643A-C900-000000000A00}
ParentProcessId: 4524
ParentImage: C:\Windows\Microsoft.NET\Framework64\v4.0.30319\ngen.exe
ParentCommandLine: ""C:\Windows\Microsoft.NET\Framework64\v4.0.30319\ngen.exe"" ExecuteQueuedItems /LegacyServiceBehavior
ParentUser: NT AUTHORITY\SYSTEM"
Information,4/15/2023 8:56:45 PM,Microsoft-Windows-Sysmon,5,Process terminated (rule: ProcessTerminate),"Process terminated:
RuleName: -
UtcTime: 2023-04-15 11:56:45.004
ProcessGuid: {2048537D-90FC-643A-CC00-000000000A00}
ProcessId: 3776
Image: C:\Windows\Microsoft.NET\Framework64\v4.0.30319\mscorsvw.exe
User: NT AUTHORITY\SYSTEM"
Information,4/15/2023 8:56:45 PM,Microsoft-Windows-Sysmon,1,Process Create (rule: ProcessCreate),"Process Create:
RuleName: -
UtcTime: 2023-04-15 11:56:45.011
ProcessGuid: {2048537D-90FD-643A-CD00-000000000A00}
ProcessId: 2408
Image: C:\Windows\Microsoft.NET\Framework64\v4.0.30319\mscorsvw.exe
FileVersion: 4.6.1586.0 built by: NETFXREL2
Description: .NET Runtime Optimization Service
Product: Microsoft® .NET Framework
Company: Microsoft Corporation
OriginalFileName: mscorsvw.exe
CommandLine: C:\Windows\Microsoft.NET\Framework64\v4.0.30319\mscorsvw.exe -StartupEvent 218 -InterruptEvent 0 -NGENProcess 228 -Pipe 20c -Comment ""NGen Worker Process""
CurrentDirectory: C:\Windows\system32\
User: NT AUTHORITY\SYSTEM
LogonGuid: {2048537D-8D03-643A-E703-000000000000}
LogonId: 0x3E7
TerminalSessionId: 0
IntegrityLevel: System
Hashes: SHA256=CB11A32CB4BDEAC24DF1725B583B12FFC326712C5B021EC0595931C0A9245C74
ParentProcessGuid: {2048537D-90FC-643A-C900-000000000A00}
ParentProcessId: 4524
ParentImage: C:\Windows\Microsoft.NET\Framework64\v4.0.30319\ngen.exe
ParentCommandLine: ""C:\Windows\Microsoft.NET\Framework64\v4.0.30319\ngen.exe"" ExecuteQueuedItems /LegacyServiceBehavior
ParentUser: NT AUTHORITY\SYSTEM"
Information,4/15/2023 8:56:44 PM,Microsoft-Windows-Sysmon,1,Process Create (rule: ProcessCreate),"Process Create:
RuleName: -
UtcTime: 2023-04-15 11:56:44.988
ProcessGuid: {2048537D-90FC-643A-CC00-000000000A00}
ProcessId: 3776
Image: C:\Windows\Microsoft.NET\Framework64\v4.0.30319\mscorsvw.exe
FileVersion: 4.6.1586.0 built by: NETFXREL2
Description: .NET Runtime Optimization Service
Product: Microsoft® .NET Framework
Company: Microsoft Corporation
OriginalFileName: mscorsvw.exe
CommandLine: C:\Windows\Microsoft.NET\Framework64\v4.0.30319\mscorsvw.exe -StartupEvent 19c -InterruptEvent 0 -NGENProcess 18c -Pipe 198 -Comment ""NGen Worker Process""
CurrentDirectory: C:\Windows\system32\
User: NT AUTHORITY\SYSTEM
LogonGuid: {2048537D-8D03-643A-E703-000000000000}
LogonId: 0x3E7
TerminalSessionId: 0
IntegrityLevel: System
Hashes: SHA256=CB11A32CB4BDEAC24DF1725B583B12FFC326712C5B021EC0595931C0A9245C74
ParentProcessGuid: {2048537D-90FC-643A-C900-000000000A00}
ParentProcessId: 4524
ParentImage: C:\Windows\Microsoft.NET\Framework64\v4.0.30319\ngen.exe
ParentCommandLine: ""C:\Windows\Microsoft.NET\Framework64\v4.0.30319\ngen.exe"" ExecuteQueuedItems /LegacyServiceBehavior
ParentUser: NT AUTHORITY\SYSTEM"
Information,4/15/2023 8:56:44 PM,Microsoft-Windows-Sysmon,1,Process Create (rule: ProcessCreate),"Process Create:
RuleName: -
UtcTime: 2023-04-15 11:56:44.757
ProcessGuid: {2048537D-90FC-643A-CB00-000000000A00}
ProcessId: 3764
Image: C:\Windows\Microsoft.NET\Framework\v4.0.30319\ngen.exe
FileVersion: 4.6.1586.0 built by: NETFXREL2
Description: Microsoft Common Language Runtime native compiler
Product: Microsoft® .NET Framework
Company: Microsoft Corporation
OriginalFileName: ngen.exe
CommandLine: ""C:\Windows\Microsoft.NET\Framework\v4.0.30319\ngen.exe"" ExecuteQueuedItems /LegacyServiceBehavior
CurrentDirectory: C:\Windows\system32\
User: NT AUTHORITY\SYSTEM
LogonGuid: {2048537D-8D03-643A-E703-000000000000}
LogonId: 0x3E7
TerminalSessionId: 0
IntegrityLevel: System
Hashes: SHA256=CCF4A28D9A102D58A6754A9D151E73C037CFD388824329FC3010E0679409A31A
ParentProcessGuid: {2048537D-90FC-643A-C600-000000000A00}
ParentProcessId: 3712
ParentImage: C:\Windows\Microsoft.NET\Framework\v4.0.30319\ngentask.exe
ParentCommandLine: ""C:\Windows\Microsoft.NET\Framework\v4.0.30319\NGenTask.exe"" /RuntimeWide /StopEvent:824
ParentUser: NT AUTHORITY\SYSTEM"
Information,4/15/2023 8:56:44 PM,Microsoft-Windows-Sysmon,5,Process terminated (rule: ProcessTerminate),"Process terminated:
RuleName: -
UtcTime: 2023-04-15 11:56:44.723
ProcessGuid: {2048537D-90FC-643A-CA00-000000000A00}
ProcessId: 4536
Image: C:\Windows\Microsoft.NET\Framework\v4.0.30319\ngen.exe
User: NT AUTHORITY\SYSTEM"
Information,4/15/2023 8:56:44 PM,Microsoft-Windows-Sysmon,1,Process Create (rule: ProcessCreate),"Process Create:
RuleName: -
UtcTime: 2023-04-15 11:56:44.715
ProcessGuid: {2048537D-90FC-643A-CA00-000000000A00}
ProcessId: 4536
Image: C:\Windows\Microsoft.NET\Framework\v4.0.30319\ngen.exe
FileVersion: 4.6.1586.0 built by: NETFXREL2
Description: Microsoft Common Language Runtime native compiler
Product: Microsoft® .NET Framework
Company: Microsoft Corporation
OriginalFileName: ngen.exe
CommandLine: ""C:\Windows\Microsoft.NET\Framework\v4.0.30319\ngen.exe"" RemoveTaskDelayStartTrigger /LegacyServiceBehavior
CurrentDirectory: C:\Windows\system32\
User: NT AUTHORITY\SYSTEM
LogonGuid: {2048537D-8D03-643A-E703-000000000000}
LogonId: 0x3E7
TerminalSessionId: 0
IntegrityLevel: System
Hashes: SHA256=CCF4A28D9A102D58A6754A9D151E73C037CFD388824329FC3010E0679409A31A
ParentProcessGuid: {2048537D-90FC-643A-C600-000000000A00}
ParentProcessId: 3712
ParentImage: C:\Windows\Microsoft.NET\Framework\v4.0.30319\ngentask.exe
ParentCommandLine: ""C:\Windows\Microsoft.NET\Framework\v4.0.30319\NGenTask.exe"" /RuntimeWide /StopEvent:824
ParentUser: NT AUTHORITY\SYSTEM"
Information,4/15/2023 8:56:44 PM,Microsoft-Windows-Sysmon,1,Process Create (rule: ProcessCreate),"Process Create:
RuleName: -
UtcTime: 2023-04-15 11:56:44.634
ProcessGuid: {2048537D-90FC-643A-C900-000000000A00}
ProcessId: 4524
Image: C:\Windows\Microsoft.NET\Framework64\v4.0.30319\ngen.exe
FileVersion: 4.6.1586.0 built by: NETFXREL2
Description: Microsoft Common Language Runtime native compiler
Product: Microsoft® .NET Framework
Company: Microsoft Corporation
OriginalFileName: ngen.exe
CommandLine: ""C:\Windows\Microsoft.NET\Framework64\v4.0.30319\ngen.exe"" ExecuteQueuedItems /LegacyServiceBehavior
CurrentDirectory: C:\Windows\system32\
User: NT AUTHORITY\SYSTEM
LogonGuid: {2048537D-8D03-643A-E703-000000000000}
LogonId: 0x3E7
TerminalSessionId: 0
IntegrityLevel: System
Hashes: SHA256=146B58288733A734028DF781C2EA6E5BE63AAC22472709CA05630DE46F1CD915
ParentProcessGuid: {2048537D-90FC-643A-C400-000000000A00}
ParentProcessId: 1948
ParentImage: C:\Windows\Microsoft.NET\Framework64\v4.0.30319\ngentask.exe
ParentCommandLine: ""C:\Windows\Microsoft.NET\Framework64\v4.0.30319\NGenTask.exe"" /RuntimeWide /StopEvent:284
ParentUser: NT AUTHORITY\SYSTEM"
Information,4/15/2023 8:56:44 PM,Microsoft-Windows-Sysmon,5,Process terminated (rule: ProcessTerminate),"Process terminated:
RuleName: -
UtcTime: 2023-04-15 11:56:44.613
ProcessGuid: {2048537D-90FC-643A-C800-000000000A00}
ProcessId: 4136
Image: C:\Windows\Microsoft.NET\Framework64\v4.0.30319\ngen.exe
User: NT AUTHORITY\SYSTEM"
Information,4/15/2023 8:56:44 PM,Microsoft-Windows-Sysmon,1,Process Create (rule: ProcessCreate),"Process Create:
RuleName: -
UtcTime: 2023-04-15 11:56:44.603
ProcessGuid: {2048537D-90FC-643A-C800-000000000A00}
ProcessId: 4136
Image: C:\Windows\Microsoft.NET\Framework64\v4.0.30319\ngen.exe
FileVersion: 4.6.1586.0 built by: NETFXREL2
Description: Microsoft Common Language Runtime native compiler
Product: Microsoft® .NET Framework
Company: Microsoft Corporation
OriginalFileName: ngen.exe
CommandLine: ""C:\Windows\Microsoft.NET\Framework64\v4.0.30319\ngen.exe"" RemoveTaskDelayStartTrigger /LegacyServiceBehavior
CurrentDirectory: C:\Windows\system32\
User: NT AUTHORITY\SYSTEM
LogonGuid: {2048537D-8D03-643A-E703-000000000000}
LogonId: 0x3E7
TerminalSessionId: 0
IntegrityLevel: System
Hashes: SHA256=146B58288733A734028DF781C2EA6E5BE63AAC22472709CA05630DE46F1CD915
ParentProcessGuid: {2048537D-90FC-643A-C400-000000000A00}
ParentProcessId: 1948
ParentImage: C:\Windows\Microsoft.NET\Framework64\v4.0.30319\ngentask.exe
ParentCommandLine: ""C:\Windows\Microsoft.NET\Framework64\v4.0.30319\NGenTask.exe"" /RuntimeWide /StopEvent:284
ParentUser: NT AUTHORITY\SYSTEM"
Information,4/15/2023 8:56:44 PM,Microsoft-Windows-Sysmon,1,Process Create (rule: ProcessCreate),"Process Create:
RuleName: -
UtcTime: 2023-04-15 11:56:44.557
ProcessGuid: {2048537D-90FC-643A-C700-000000000A00}
ProcessId: 5036
Image: C:\Windows\System32\conhost.exe
FileVersion: 10.0.14393.0 (rs1_release.160715-1616)
Description: Console Window Host
Product: Microsoft® Windows® Operating System
Company: Microsoft Corporation
OriginalFileName: CONHOST.EXE
CommandLine: \??\C:\Windows\system32\conhost.exe 0xffffffff -ForceV1
CurrentDirectory: C:\Windows
User: NT AUTHORITY\SYSTEM
LogonGuid: {2048537D-8D03-643A-E703-000000000000}
LogonId: 0x3E7
TerminalSessionId: 0
IntegrityLevel: System
Hashes: SHA256=046F7A1B4DE67562547ED9A180A72F481FC41E803DE49A96D7D7C731964D53A0
ParentProcessGuid: {2048537D-90FC-643A-C600-000000000A00}
ParentProcessId: 3712
ParentImage: C:\Windows\Microsoft.NET\Framework\v4.0.30319\ngentask.exe
ParentCommandLine: ""C:\Windows\Microsoft.NET\Framework\v4.0.30319\NGenTask.exe"" /RuntimeWide /StopEvent:824
ParentUser: NT AUTHORITY\SYSTEM"
Information,4/15/2023 8:56:44 PM,Microsoft-Windows-Sysmon,1,Process Create (rule: ProcessCreate),"Process Create:
RuleName: -
UtcTime: 2023-04-15 11:56:44.550
ProcessGuid: {2048537D-90FC-643A-C600-000000000A00}
ProcessId: 3712
Image: C:\Windows\Microsoft.NET\Framework\v4.0.30319\ngentask.exe
FileVersion: 4.6.1586.0 built by: NETFXREL2
Description: Microsoft .NET Framework optimization service
Product: Microsoft® .NET Framework
Company: Microsoft Corporation
OriginalFileName: NGenTask.exe
CommandLine: ""C:\Windows\Microsoft.NET\Framework\v4.0.30319\NGenTask.exe"" /RuntimeWide /StopEvent:824
CurrentDirectory: C:\Windows\system32\
User: NT AUTHORITY\SYSTEM
LogonGuid: {2048537D-8D03-643A-E703-000000000000}
LogonId: 0x3E7
TerminalSessionId: 0
IntegrityLevel: System
Hashes: SHA256=440325DCE391A78DAA1A4752B079424C57E4D9EFA6D7426BFD310707B7100AB7
ParentProcessGuid: {2048537D-90FC-643A-C200-000000000A00}
ParentProcessId: 4372
ParentImage: C:\Windows\System32\taskhostw.exe
ParentCommandLine: taskhostw.exe /RuntimeWide
ParentUser: NT AUTHORITY\SYSTEM"
Information,4/15/2023 8:56:44 PM,Microsoft-Windows-Sysmon,1,Process Create (rule: ProcessCreate),"Process Create:
RuleName: -
UtcTime: 2023-04-15 11:56:44.549
ProcessGuid: {2048537D-90FC-643A-C500-000000000A00}
ProcessId: 4148
Image: C:\Windows\System32\conhost.exe
FileVersion: 10.0.14393.0 (rs1_release.160715-1616)
Description: Console Window Host
Product: Microsoft® Windows® Operating System
Company: Microsoft Corporation
OriginalFileName: CONHOST.EXE
CommandLine: \??\C:\Windows\system32\conhost.exe 0xffffffff -ForceV1
CurrentDirectory: C:\Windows
User: NT AUTHORITY\SYSTEM
LogonGuid: {2048537D-8D03-643A-E703-000000000000}
LogonId: 0x3E7
TerminalSessionId: 0
IntegrityLevel: System
Hashes: SHA256=046F7A1B4DE67562547ED9A180A72F481FC41E803DE49A96D7D7C731964D53A0
ParentProcessGuid: {2048537D-90FC-643A-C400-000000000A00}
ParentProcessId: 1948
ParentImage: C:\Windows\Microsoft.NET\Framework64\v4.0.30319\ngentask.exe
ParentCommandLine: ""C:\Windows\Microsoft.NET\Framework64\v4.0.30319\NGenTask.exe"" /RuntimeWide /StopEvent:284
ParentUser: NT AUTHORITY\SYSTEM"
Information,4/15/2023 8:56:44 PM,Microsoft-Windows-Sysmon,1,Process Create (rule: ProcessCreate),"Process Create:
RuleName: -
UtcTime: 2023-04-15 11:56:44.547
ProcessGuid: {2048537D-90FC-643A-C400-000000000A00}
ProcessId: 1948
Image: C:\Windows\Microsoft.NET\Framework64\v4.0.30319\ngentask.exe
FileVersion: 4.6.1586.0 built by: NETFXREL2
Description: Microsoft .NET Framework optimization service
Product: Microsoft® .NET Framework
Company: Microsoft Corporation
OriginalFileName: NGenTask.exe
CommandLine: ""C:\Windows\Microsoft.NET\Framework64\v4.0.30319\NGenTask.exe"" /RuntimeWide /StopEvent:284
CurrentDirectory: C:\Windows\system32\
User: NT AUTHORITY\SYSTEM
LogonGuid: {2048537D-8D03-643A-E703-000000000000}
LogonId: 0x3E7
TerminalSessionId: 0
IntegrityLevel: System
Hashes: SHA256=C3B2AAD66713B8E5BF312A02A166C3960B5A8DDF2713E9B2590F17DFB8661A19
ParentProcessGuid: {2048537D-90FC-643A-C200-000000000A00}
ParentProcessId: 4372
ParentImage: C:\Windows\System32\taskhostw.exe
ParentCommandLine: taskhostw.exe /RuntimeWide
ParentUser: NT AUTHORITY\SYSTEM"
Information,4/15/2023 8:56:44 PM,Microsoft-Windows-Sysmon,5,Process terminated (rule: ProcessTerminate),"Process terminated:
RuleName: -
UtcTime: 2023-04-15 11:56:44.535
ProcessGuid: {2048537D-90FC-643A-C000-000000000A00}
ProcessId: 3856
Image: C:\Windows\System32\conhost.exe
User: NT AUTHORITY\SYSTEM"
Information,4/15/2023 8:56:44 PM,Microsoft-Windows-Sysmon,5,Process terminated (rule: ProcessTerminate),"Process terminated:
RuleName: -
UtcTime: 2023-04-15 11:56:44.520
ProcessGuid: {2048537D-90FC-643A-BE00-000000000A00}
ProcessId: 4696
Image: C:\Windows\Microsoft.NET\Framework\v4.0.30319\ngen.exe
User: NT AUTHORITY\SYSTEM"
Information,4/15/2023 8:56:44 PM,Microsoft-Windows-Sysmon,1,Process Create (rule: ProcessCreate),"Process Create:
RuleName: -
UtcTime: 2023-04-15 11:56:44.503
ProcessGuid: {2048537D-90FC-643A-C300-000000000A00}
ProcessId: 4960
Image: C:\Windows\System32\VSSVC.exe
FileVersion: 10.0.14393.1198 (rs1_release_sec.170427-1353)
Description: Microsoft® Volume Shadow Copy Service
Product: Microsoft® Windows® Operating System
Company: Microsoft Corporation
OriginalFileName: VSSVC.EXE
CommandLine: C:\Windows\system32\vssvc.exe
CurrentDirectory: C:\Windows\system32\
User: NT AUTHORITY\SYSTEM
LogonGuid: {2048537D-8D03-643A-E703-000000000000}
LogonId: 0x3E7
TerminalSessionId: 0
IntegrityLevel: System
Hashes: SHA256=0F267FC985E0CA3624FC5F4DDA25623649BAD544772179261576F793A0485523
ParentProcessGuid: {00000000-0000-0000-0000-000000000000}
ParentProcessId: 556
ParentImage: -
ParentCommandLine: -
ParentUser: -"
Information,4/15/2023 8:56:44 PM,Microsoft-Windows-Sysmon,5,Process terminated (rule: ProcessTerminate),"Process terminated:
RuleName: -
UtcTime: 2023-04-15 11:56:44.457
ProcessGuid: {2048537D-90FC-643A-C100-000000000A00}
ProcessId: 3788
Image: C:\Windows\System32\conhost.exe
User: NT AUTHORITY\SYSTEM"
Information,4/15/2023 8:56:44 PM,Microsoft-Windows-Sysmon,5,Process terminated (rule: ProcessTerminate),"Process terminated:
RuleName: -
UtcTime: 2023-04-15 11:56:44.457
ProcessGuid: {2048537D-90FC-643A-BF00-000000000A00}
ProcessId: 4948
Image: C:\Windows\Microsoft.NET\Framework64\v4.0.30319\ngen.exe
User: NT AUTHORITY\SYSTEM"
Information,4/15/2023 8:56:44 PM,Microsoft-Windows-Sysmon,1,Process Create (rule: ProcessCreate),"Process Create:
RuleName: -
UtcTime: 2023-04-15 11:56:44.464
ProcessGuid: {2048537D-90FC-643A-C200-000000000A00}
ProcessId: 4372
Image: C:\Windows\System32\taskhostw.exe
FileVersion: 10.0.14393.0 (rs1_release.160715-1616)
Description: Host Process for Windows Tasks
Product: Microsoft® Windows® Operating System
Company: Microsoft Corporation
OriginalFileName: taskhostw.exe
CommandLine: taskhostw.exe /RuntimeWide
CurrentDirectory: C:\Windows\system32\
User: NT AUTHORITY\SYSTEM
LogonGuid: {2048537D-8D03-643A-E703-000000000000}
LogonId: 0x3E7
TerminalSessionId: 0
IntegrityLevel: System
Hashes: SHA256=A0A677D6C943AD1A7BC1879DFCCB400211DF68100F8EDD7BA6120067A18BEE0B
ParentProcessGuid: {00000000-0000-0000-0000-000000000000}
ParentProcessId: 952
ParentImage: -
ParentCommandLine: -
ParentUser: -"
Information,4/15/2023 8:56:44 PM,Microsoft-Windows-Sysmon,1,Process Create (rule: ProcessCreate),"Process Create:
RuleName: -
UtcTime: 2023-04-15 11:56:44.394
ProcessGuid: {2048537D-90FC-643A-C100-000000000A00}
ProcessId: 3788
Image: C:\Windows\System32\conhost.exe
FileVersion: 10.0.14393.0 (rs1_release.160715-1616)
Description: Console Window Host
Product: Microsoft® Windows® Operating System
Company: Microsoft Corporation
OriginalFileName: CONHOST.EXE
CommandLine: \??\C:\Windows\system32\conhost.exe 0xffffffff -ForceV1
CurrentDirectory: C:\Windows
User: NT AUTHORITY\SYSTEM
LogonGuid: {2048537D-8D03-643A-E703-000000000000}
LogonId: 0x3E7
TerminalSessionId: 0
IntegrityLevel: System
Hashes: SHA256=046F7A1B4DE67562547ED9A180A72F481FC41E803DE49A96D7D7C731964D53A0
ParentProcessGuid: {2048537D-90FC-643A-BF00-000000000A00}
ParentProcessId: 4948
ParentImage: C:\Windows\Microsoft.NET\Framework64\v4.0.30319\ngen.exe
ParentCommandLine: C:\Windows\Microsoft.NET\Framework64\v4.0.30319\Ngen.exe  Update /Queue /Delay
ParentUser: NT AUTHORITY\SYSTEM"
Information,4/15/2023 8:56:44 PM,Microsoft-Windows-Sysmon,1,Process Create (rule: ProcessCreate),"Process Create:
RuleName: -
UtcTime: 2023-04-15 11:56:44.389
ProcessGuid: {2048537D-90FC-643A-C000-000000000A00}
ProcessId: 3856
Image: C:\Windows\System32\conhost.exe
FileVersion: 10.0.14393.0 (rs1_release.160715-1616)
Description: Console Window Host
Product: Microsoft® Windows® Operating System
Company: Microsoft Corporation
OriginalFileName: CONHOST.EXE
CommandLine: \??\C:\Windows\system32\conhost.exe 0xffffffff -ForceV1
CurrentDirectory: C:\Windows
User: NT AUTHORITY\SYSTEM
LogonGuid: {2048537D-8D03-643A-E703-000000000000}
LogonId: 0x3E7
TerminalSessionId: 0
IntegrityLevel: System
Hashes: SHA256=046F7A1B4DE67562547ED9A180A72F481FC41E803DE49A96D7D7C731964D53A0
ParentProcessGuid: {2048537D-90FC-643A-BE00-000000000A00}
ParentProcessId: 4696
ParentImage: C:\Windows\Microsoft.NET\Framework\v4.0.30319\ngen.exe
ParentCommandLine: C:\Windows\Microsoft.NET\Framework\v4.0.30319\Ngen.exe  Update /Queue /Delay
ParentUser: NT AUTHORITY\SYSTEM"
Information,4/15/2023 8:56:44 PM,Microsoft-Windows-Sysmon,1,Process Create (rule: ProcessCreate),"Process Create:
RuleName: -
UtcTime: 2023-04-15 11:56:44.388
ProcessGuid: {2048537D-90FC-643A-BF00-000000000A00}
ProcessId: 4948
Image: C:\Windows\Microsoft.NET\Framework64\v4.0.30319\ngen.exe
FileVersion: 4.6.1586.0 built by: NETFXREL2
Description: Microsoft Common Language Runtime native compiler
Product: Microsoft® .NET Framework
Company: Microsoft Corporation
OriginalFileName: ngen.exe
CommandLine: C:\Windows\Microsoft.NET\Framework64\v4.0.30319\Ngen.exe  Update /Queue /Delay
CurrentDirectory: C:\Windows\system32\
User: NT AUTHORITY\SYSTEM
LogonGuid: {2048537D-8D03-643A-E703-000000000000}
LogonId: 0x3E7
TerminalSessionId: 0
IntegrityLevel: System
Hashes: SHA256=146B58288733A734028DF781C2EA6E5BE63AAC22472709CA05630DE46F1CD915
ParentProcessGuid: {2048537D-8F5B-643A-7E00-000000000A00}
ParentProcessId: 4092
ParentImage: C:\Windows\WinSxS\amd64_microsoft-windows-servicingstack_31bf3856ad364e35_10.0.14393.1883_none_7ed84bd822106081\TiWorker.exe
ParentCommandLine: C:\Windows\winsxs\amd64_microsoft-windows-servicingstack_31bf3856ad364e35_10.0.14393.1883_none_7ed84bd822106081\TiWorker.exe -Embedding
ParentUser: NT AUTHORITY\SYSTEM"
Information,4/15/2023 8:56:44 PM,Microsoft-Windows-Sysmon,1,Process Create (rule: ProcessCreate),"Process Create:
RuleName: -
UtcTime: 2023-04-15 11:56:44.386
ProcessGuid: {2048537D-90FC-643A-BE00-000000000A00}
ProcessId: 4696
Image: C:\Windows\Microsoft.NET\Framework\v4.0.30319\ngen.exe
FileVersion: 4.6.1586.0 built by: NETFXREL2
Description: Microsoft Common Language Runtime native compiler
Product: Microsoft® .NET Framework
Company: Microsoft Corporation
OriginalFileName: ngen.exe
CommandLine: C:\Windows\Microsoft.NET\Framework\v4.0.30319\Ngen.exe  Update /Queue /Delay
CurrentDirectory: C:\Windows\system32\
User: NT AUTHORITY\SYSTEM
LogonGuid: {2048537D-8D03-643A-E703-000000000000}
LogonId: 0x3E7
TerminalSessionId: 0
IntegrityLevel: System
Hashes: SHA256=CCF4A28D9A102D58A6754A9D151E73C037CFD388824329FC3010E0679409A31A
ParentProcessGuid: {2048537D-8F5B-643A-7E00-000000000A00}
ParentProcessId: 4092
ParentImage: C:\Windows\WinSxS\amd64_microsoft-windows-servicingstack_31bf3856ad364e35_10.0.14393.1883_none_7ed84bd822106081\TiWorker.exe
ParentCommandLine: C:\Windows\winsxs\amd64_microsoft-windows-servicingstack_31bf3856ad364e35_10.0.14393.1883_none_7ed84bd822106081\TiWorker.exe -Embedding
ParentUser: NT AUTHORITY\SYSTEM"
Information,4/15/2023 8:56:18 PM,Microsoft-Windows-Sysmon,5,Process terminated (rule: ProcessTerminate),"Process terminated:
RuleName: -
UtcTime: 2023-04-15 11:56:18.035
ProcessGuid: {2048537D-90E1-643A-BD00-000000000A00}
ProcessId: 4088
Image: C:\Windows\System32\taskhostw.exe
User: EXAMPLECOMPANY\admin"
Information,4/15/2023 8:56:17 PM,Microsoft-Windows-Sysmon,1,Process Create (rule: ProcessCreate),"Process Create:
RuleName: -
UtcTime: 2023-04-15 11:56:17.880
ProcessGuid: {2048537D-90E1-643A-BD00-000000000A00}
ProcessId: 4088
Image: C:\Windows\System32\taskhostw.exe
FileVersion: 10.0.14393.0 (rs1_release.160715-1616)
Description: Host Process for Windows Tasks
Product: Microsoft® Windows® Operating System
Company: Microsoft Corporation
OriginalFileName: taskhostw.exe
CommandLine: taskhostw.exe Install $(Arg0)
CurrentDirectory: C:\Windows\system32\
User: EXAMPLECOMPANY\admin
LogonGuid: {2048537D-8D5D-643A-7B45-030000000000}
LogonId: 0x3457B
TerminalSessionId: 1
IntegrityLevel: Medium
Hashes: SHA256=A0A677D6C943AD1A7BC1879DFCCB400211DF68100F8EDD7BA6120067A18BEE0B
ParentProcessGuid: {00000000-0000-0000-0000-000000000000}
ParentProcessId: 952
ParentImage: -
ParentCommandLine: -
ParentUser: -"
Information,4/15/2023 8:56:00 PM,Microsoft-Windows-Sysmon,5,Process terminated (rule: ProcessTerminate),"Process terminated:
RuleName: -
UtcTime: 2023-04-15 11:56:00.379
ProcessGuid: {2048537D-8FDA-643A-A800-000000000A00}
ProcessId: 4224
Image: C:\Windows\System32\svchost.exe
User: NT AUTHORITY\SYSTEM"
Information,4/15/2023 8:55:43 PM,Microsoft-Windows-Sysmon,5,Process terminated (rule: ProcessTerminate),"Process terminated:
RuleName: -
UtcTime: 2023-04-15 11:55:43.458
ProcessGuid: {2048537D-900B-643A-B000-000000000A00}
ProcessId: 2176
Image: C:\Windows\System32\VSSVC.exe
User: NT AUTHORITY\SYSTEM"
Information,4/15/2023 8:55:03 PM,Microsoft-Windows-Sysmon,5,Process terminated (rule: ProcessTerminate),"Process terminated:
RuleName: -
UtcTime: 2023-04-15 11:55:03.417
ProcessGuid: {2048537D-8FB7-643A-9C00-000000000A00}
ProcessId: 4552
Image: C:\Windows\System32\wbem\WmiPrvSE.exe
User: NT AUTHORITY\NETWORK SERVICE"
Information,4/15/2023 8:54:44 PM,Microsoft-Windows-Sysmon,5,Process terminated (rule: ProcessTerminate),"Process terminated:
RuleName: -
UtcTime: 2023-04-15 11:54:44.511
ProcessGuid: {2048537D-900C-643A-B300-000000000A00}
ProcessId: 1948
Image: C:\Windows\System32\backgroundTaskHost.exe
User: EXAMPLECOMPANY\admin"
Information,4/15/2023 8:54:39 PM,Microsoft-Windows-Sysmon,5,Process terminated (rule: ProcessTerminate),"Process terminated:
RuleName: -
UtcTime: 2023-04-15 11:54:39.777
ProcessGuid: {2048537D-9058-643A-BC00-000000000A00}
ProcessId: 3324
Image: C:\Windows\System32\wermgr.exe
User: NT AUTHORITY\SYSTEM"
Information,4/15/2023 8:54:00 PM,Microsoft-Windows-Sysmon,5,Process terminated (rule: ProcessTerminate),"Process terminated:
RuleName: -
UtcTime: 2023-04-15 11:54:00.376
ProcessGuid: {2048537D-9058-643A-BB00-000000000A00}
ProcessId: 4168
Image: C:\Windows\System32\DsmUserTask.exe
User: EXAMPLECOMPANY\admin"
Information,4/15/2023 8:54:00 PM,Microsoft-Windows-Sysmon,1,Process Create (rule: ProcessCreate),"Process Create:
RuleName: -
UtcTime: 2023-04-15 11:54:00.345
ProcessGuid: {2048537D-9058-643A-BC00-000000000A00}
ProcessId: 3324
Image: C:\Windows\System32\wermgr.exe
FileVersion: 10.0.14393.1884 (rs1_release.171101-1233)
Description: Windows Problem Reporting
Product: Microsoft® Windows® Operating System
Company: Microsoft Corporation
OriginalFileName: WerMgr
CommandLine: C:\Windows\system32\wermgr.exe -upload
CurrentDirectory: C:\Windows\system32\
User: NT AUTHORITY\SYSTEM
LogonGuid: {2048537D-8D03-643A-E703-000000000000}
LogonId: 0x3E7
TerminalSessionId: 0
IntegrityLevel: System
Hashes: SHA256=99A3BBD357A66BBBE00D9215277A42417D1EC243BB5B88D12324318592BBFD58
ParentProcessGuid: {00000000-0000-0000-0000-000000000000}
ParentProcessId: 952
ParentImage: -
ParentCommandLine: -
ParentUser: -"
Information,4/15/2023 8:54:00 PM,Microsoft-Windows-Sysmon,1,Process Create (rule: ProcessCreate),"Process Create:
RuleName: -
UtcTime: 2023-04-15 11:54:00.310
ProcessGuid: {2048537D-9058-643A-BB00-000000000A00}
ProcessId: 4168
Image: C:\Windows\System32\DsmUserTask.exe
FileVersion: 10.0.14393.0 (rs1_release.160715-1616)
Description: Device Setup Manager User Task Handler
Product: Microsoft® Windows® Operating System
Company: Microsoft Corporation
OriginalFileName: DsmUserTask.exe
CommandLine: DsmUserTask.Exe 2-PCI\VEN_15AD&DEV_0405&SUBSYS_040515AD&REV_00\3&18D45AA6&0&78,2-ACPI\VMW0003\4&25EE97C0&0
CurrentDirectory: C:\Windows\system32\
User: EXAMPLECOMPANY\admin
LogonGuid: {2048537D-8D5D-643A-7B45-030000000000}
LogonId: 0x3457B
TerminalSessionId: 1
IntegrityLevel: Medium
Hashes: SHA256=E2A467FCA75950B2A72CDFC63E415431DFD15EE5BEA1937EC2ABA640BDDAA638
ParentProcessGuid: {00000000-0000-0000-0000-000000000000}
ParentProcessId: 952
ParentImage: -
ParentCommandLine: -
ParentUser: -"
Information,4/15/2023 8:53:59 PM,Microsoft-Windows-Sysmon,5,Process terminated (rule: ProcessTerminate),"Process terminated:
RuleName: -
UtcTime: 2023-04-15 11:53:59.579
ProcessGuid: {2048537D-9057-643A-BA00-000000000A00}
ProcessId: 3560
Image: C:\Windows\System32\drvinst.exe
User: NT AUTHORITY\SYSTEM"
Information,4/15/2023 8:53:59 PM,Microsoft-Windows-Sysmon,1,Process Create (rule: ProcessCreate),"Process Create:
RuleName: -
UtcTime: 2023-04-15 11:53:59.442
ProcessGuid: {2048537D-9057-643A-BA00-000000000A00}
ProcessId: 3560
Image: C:\Windows\System32\drvinst.exe
FileVersion: 10.0.14393.0 (rs1_release.160715-1616)
Description: Driver Installation Module
Product: Microsoft® Windows® Operating System
Company: Microsoft Corporation
OriginalFileName: DrvInst.EXE
CommandLine: DrvInst.exe ""2"" ""1"" ""PCI\VEN_15AD&DEV_0740&SUBSYS_074015AD&REV_10\3&18D45AA6&0&3F"" ""C:\Windows\INF\oem2.inf"" ""vmci.inf:9c00c72dcc21f565:vmci.install.x64:9.8.18.0:pci\ven_15ad&dev_0740&subsys_074015ad"" ""4f2f1f6eb"" ""00000000000007C0""
CurrentDirectory: C:\Windows\system32\
User: NT AUTHORITY\SYSTEM
LogonGuid: {2048537D-8D03-643A-E703-000000000000}
LogonId: 0x3E7
TerminalSessionId: 0
IntegrityLevel: System
Hashes: SHA256=C196086017725E8724DAB1DFDFABA9F4B7CFACD47A885BCC81984F8BC78D9F75
ParentProcessGuid: {00000000-0000-0000-0000-000000000000}
ParentProcessId: 736
ParentImage: -
ParentCommandLine: -
ParentUser: -"
Information,4/15/2023 8:53:59 PM,Microsoft-Windows-Sysmon,5,Process terminated (rule: ProcessTerminate),"Process terminated:
RuleName: -
UtcTime: 2023-04-15 11:53:59.423
ProcessGuid: {2048537D-9057-643A-B900-000000000A00}
ProcessId: 2080
Image: C:\Windows\System32\drvinst.exe
User: NT AUTHORITY\SYSTEM"
Information,4/15/2023 8:53:59 PM,Microsoft-Windows-Sysmon,1,Process Create (rule: ProcessCreate),"Process Create:
RuleName: -
UtcTime: 2023-04-15 11:53:59.381
ProcessGuid: {2048537D-9057-643A-B900-000000000A00}
ProcessId: 2080
Image: C:\Windows\System32\drvinst.exe
FileVersion: 10.0.14393.0 (rs1_release.160715-1616)
Description: Driver Installation Module
Product: Microsoft® Windows® Operating System
Company: Microsoft Corporation
OriginalFileName: DrvInst.EXE
CommandLine: DrvInst.exe ""4"" ""9"" ""c:\programdata\microsoft\windows\devicesoftwareupdates\d513bc85-7e01-45d0-a90f-7211d5d14c1c\vmci.inf"" ""9"" ""4f2f1f6eb"" ""0000000000000B20"" ""Service-0x0-3e7$\Default"" ""0000000000000B1C"" ""208"" ""c:\programdata\microsoft\windows\devicesoftwareupdates\d513bc85-7e01-45d0-a90f-7211d5d14c1c""
CurrentDirectory: C:\Windows\system32\
User: NT AUTHORITY\SYSTEM
LogonGuid: {2048537D-8D03-643A-E703-000000000000}
LogonId: 0x3E7
TerminalSessionId: 0
IntegrityLevel: System
Hashes: SHA256=C196086017725E8724DAB1DFDFABA9F4B7CFACD47A885BCC81984F8BC78D9F75
ParentProcessGuid: {00000000-0000-0000-0000-000000000000}
ParentProcessId: 736
ParentImage: -
ParentCommandLine: -
ParentUser: -"
Information,4/15/2023 8:53:58 PM,Microsoft-Windows-Sysmon,1,Process Create (rule: ProcessCreate),"Process Create:
RuleName: -
UtcTime: 2023-04-15 11:53:58.085
ProcessGuid: {2048537D-9056-643A-B800-000000000A00}
ProcessId: 5032
Image: C:\Windows\System32\wuauclt.exe
FileVersion: 10.0.14393.82 (rs1_release.160805-1735)
Description: Windows Update
Product: Microsoft® Windows® Operating System
Company: Microsoft Corporation
OriginalFileName: wuauclt.exe
CommandLine: ""C:\Windows\system32\wuauclt.exe"" /RunHandlerComServer
CurrentDirectory: C:\Windows\system32\
User: EXAMPLECOMPANY\admin
LogonGuid: {2048537D-8D5D-643A-5E45-030000000000}
LogonId: 0x3455E
TerminalSessionId: 1
IntegrityLevel: High
Hashes: SHA256=0B31BAD785AD6505596A9921058339D61BB6407682AC6953ECA27ED075CB8C47
ParentProcessGuid: {00000000-0000-0000-0000-000000000000}
ParentProcessId: 952
ParentImage: -
ParentCommandLine: -
ParentUser: -"
Information,4/15/2023 8:53:36 PM,Microsoft-Windows-Sysmon,5,Process terminated (rule: ProcessTerminate),"Process terminated:
RuleName: -
UtcTime: 2023-04-15 11:53:36.582
ProcessGuid: {2048537D-903C-643A-B700-000000000A00}
ProcessId: 4556
Image: C:\Windows\System32\wermgr.exe
User: NT AUTHORITY\SYSTEM"
Information,4/15/2023 8:53:32 PM,Microsoft-Windows-Sysmon,5,Process terminated (rule: ProcessTerminate),"Process terminated:
RuleName: -
UtcTime: 2023-04-15 11:53:32.570
ProcessGuid: {2048537D-903C-643A-B600-000000000A00}
ProcessId: 4524
Image: C:\Windows\System32\DsmUserTask.exe
User: EXAMPLECOMPANY\admin"
Information,4/15/2023 8:53:32 PM,Microsoft-Windows-Sysmon,1,Process Create (rule: ProcessCreate),"Process Create:
RuleName: -
UtcTime: 2023-04-15 11:53:32.549
ProcessGuid: {2048537D-903C-643A-B700-000000000A00}
ProcessId: 4556
Image: C:\Windows\System32\wermgr.exe
FileVersion: 10.0.14393.1884 (rs1_release.171101-1233)
Description: Windows Problem Reporting
Product: Microsoft® Windows® Operating System
Company: Microsoft Corporation
OriginalFileName: WerMgr
CommandLine: C:\Windows\system32\wermgr.exe -upload
CurrentDirectory: C:\Windows\system32\
User: NT AUTHORITY\SYSTEM
LogonGuid: {2048537D-8D03-643A-E703-000000000000}
LogonId: 0x3E7
TerminalSessionId: 0
IntegrityLevel: System
Hashes: SHA256=99A3BBD357A66BBBE00D9215277A42417D1EC243BB5B88D12324318592BBFD58
ParentProcessGuid: {00000000-0000-0000-0000-000000000000}
ParentProcessId: 952
ParentImage: -
ParentCommandLine: -
ParentUser: -"
