Information,4/15/2023 8:26:13 PM,Microsoft-Windows-Sysmon,1,Process Create (rule: ProcessCreate),"Process Create:
RuleName: -
UtcTime: 2023-04-15 11:25:57.205
ProcessGuid: {2048537D-89C5-643A-1200-000000000900}
ProcessId: 236
Image: C:\Windows\System32\svchost.exe
FileVersion: 10.0.14393.0 (rs1_release.160715-1616)
Description: Host Process for Windows Services
Product: Microsoft® Windows® Operating System
Company: Microsoft Corporation
OriginalFileName: svchost.exe
CommandLine: C:\Windows\system32\svchost.exe -k LocalService
CurrentDirectory: C:\Windows\system32\
User: NT AUTHORITY\LOCAL SERVICE
LogonGuid: {2048537D-89C5-643A-E503-000000000000}
LogonId: 0x3E5
TerminalSessionId: 0
IntegrityLevel: System
Hashes: SHA256=438B6CCD84F4DD32D9684ED7D58FD7D1E5A75FE3F3D12AB6C788E6BB0FFAD5E7
ParentProcessGuid: {2048537D-89C4-643A-0A00-000000000900}
ParentProcessId: 556
ParentImage: C:\Windows\System32\services.exe
ParentCommandLine: C:\Windows\system32\services.exe
ParentUser: NT AUTHORITY\SYSTEM"
Information,4/15/2023 8:26:13 PM,Microsoft-Windows-Sysmon,1,Process Create (rule: ProcessCreate),"Process Create:
RuleName: -
UtcTime: 2023-04-15 11:25:57.205
ProcessGuid: {2048537D-89C5-643A-1300-000000000900}
ProcessId: 296
Image: C:\Windows\System32\svchost.exe
FileVersion: 10.0.14393.0 (rs1_release.160715-1616)
Description: Host Process for Windows Services
Product: Microsoft® Windows® Operating System
Company: Microsoft Corporation
OriginalFileName: svchost.exe
CommandLine: C:\Windows\System32\svchost.exe -k LocalServiceNetworkRestricted
CurrentDirectory: C:\Windows\system32\
User: NT AUTHORITY\LOCAL SERVICE
LogonGuid: {2048537D-89C5-643A-E503-000000000000}
LogonId: 0x3E5
TerminalSessionId: 0
IntegrityLevel: System
Hashes: SHA256=438B6CCD84F4DD32D9684ED7D58FD7D1E5A75FE3F3D12AB6C788E6BB0FFAD5E7
ParentProcessGuid: {2048537D-89C4-643A-0A00-000000000900}
ParentProcessId: 556
ParentImage: C:\Windows\System32\services.exe
ParentCommandLine: C:\Windows\system32\services.exe
ParentUser: NT AUTHORITY\SYSTEM"
Information,4/15/2023 8:26:13 PM,Microsoft-Windows-Sysmon,1,Process Create (rule: ProcessCreate),"Process Create:
RuleName: -
UtcTime: 2023-04-15 11:25:57.199
ProcessGuid: {2048537D-89C5-643A-1100-000000000900}
ProcessId: 1016
Image: C:\Windows\System32\svchost.exe
FileVersion: 10.0.14393.0 (rs1_release.160715-1616)
Description: Host Process for Windows Services
Product: Microsoft® Windows® Operating System
Company: Microsoft Corporation
OriginalFileName: svchost.exe
CommandLine: C:\Windows\system32\svchost.exe -k netsvcs
CurrentDirectory: C:\Windows\system32\
User: NT AUTHORITY\SYSTEM
LogonGuid: {2048537D-89C4-643A-E703-000000000000}
LogonId: 0x3E7
TerminalSessionId: 0
IntegrityLevel: System
Hashes: SHA256=438B6CCD84F4DD32D9684ED7D58FD7D1E5A75FE3F3D12AB6C788E6BB0FFAD5E7
ParentProcessGuid: {2048537D-89C4-643A-0A00-000000000900}
ParentProcessId: 556
ParentImage: C:\Windows\System32\services.exe
ParentCommandLine: C:\Windows\system32\services.exe
ParentUser: NT AUTHORITY\SYSTEM"
Information,4/15/2023 8:26:13 PM,Microsoft-Windows-Sysmon,1,Process Create (rule: ProcessCreate),"Process Create:
RuleName: -
UtcTime: 2023-04-15 11:25:57.182
ProcessGuid: {2048537D-89C5-643A-1000-000000000900}
ProcessId: 920
Image: C:\Windows\System32\svchost.exe
FileVersion: 10.0.14393.0 (rs1_release.160715-1616)
Description: Host Process for Windows Services
Product: Microsoft® Windows® Operating System
Company: Microsoft Corporation
OriginalFileName: svchost.exe
CommandLine: C:\Windows\System32\svchost.exe -k termsvcs
CurrentDirectory: C:\Windows\system32\
User: NT AUTHORITY\NETWORK SERVICE
LogonGuid: {2048537D-89C5-643A-E403-000000000000}
LogonId: 0x3E4
TerminalSessionId: 0
IntegrityLevel: System
Hashes: SHA256=438B6CCD84F4DD32D9684ED7D58FD7D1E5A75FE3F3D12AB6C788E6BB0FFAD5E7
ParentProcessGuid: {2048537D-89C4-643A-0A00-000000000900}
ParentProcessId: 556
ParentImage: C:\Windows\System32\services.exe
ParentCommandLine: C:\Windows\system32\services.exe
ParentUser: NT AUTHORITY\SYSTEM"
Information,4/15/2023 8:26:13 PM,Microsoft-Windows-Sysmon,1,Process Create (rule: ProcessCreate),"Process Create:
RuleName: -
UtcTime: 2023-04-15 11:25:57.177
ProcessGuid: {2048537D-89C5-643A-0F00-000000000900}
ProcessId: 896
Image: C:\Windows\System32\dwm.exe
FileVersion: 10.0.14393.0 (rs1_release.160715-1616)
Description: Desktop Window Manager
Product: Microsoft® Windows® Operating System
Company: Microsoft Corporation
OriginalFileName: dwm.exe
CommandLine: ""dwm.exe""
CurrentDirectory: C:\Windows\system32\
User: Window Manager\DWM-1
LogonGuid: {2048537D-89C5-643A-F7D2-000000000000}
LogonId: 0xD2F7
TerminalSessionId: 1
IntegrityLevel: System
Hashes: SHA256=B3E37997C1C62DD90D69EF83D6A6FC782BF9A5B8AD04A0D1528A8B7FA31AA408
ParentProcessGuid: {2048537D-89C4-643A-0900-000000000900}
ParentProcessId: 508
ParentImage: C:\Windows\System32\winlogon.exe
ParentCommandLine: winlogon.exe
ParentUser: NT AUTHORITY\SYSTEM"
Information,4/15/2023 8:26:13 PM,Microsoft-Windows-Sysmon,1,Process Create (rule: ProcessCreate),"Process Create:
RuleName: -
UtcTime: 2023-04-15 11:25:57.149
ProcessGuid: {2048537D-89C5-643A-0E00-000000000900}
ProcessId: 888
Image: C:\Windows\System32\LogonUI.exe
FileVersion: 10.0.14393.0 (rs1_release.160715-1616)
Description: Windows Logon User Interface Host
Product: Microsoft® Windows® Operating System
Company: Microsoft Corporation
OriginalFileName: logonui.exe
CommandLine: ""LogonUI.exe"" /flags:0x0 /state0:0xa3bd5855 /state1:0x41c64e6d
CurrentDirectory: C:\Windows\system32\
User: NT AUTHORITY\SYSTEM
LogonGuid: {2048537D-89C4-643A-E703-000000000000}
LogonId: 0x3E7
TerminalSessionId: 1
IntegrityLevel: System
Hashes: SHA256=AA62D29803D52EC06CD27ED3124E034048F09606EB7342181913C9817C7B44C5
ParentProcessGuid: {2048537D-89C4-643A-0900-000000000900}
ParentProcessId: 508
ParentImage: C:\Windows\System32\winlogon.exe
ParentCommandLine: winlogon.exe
ParentUser: NT AUTHORITY\SYSTEM"
Information,4/15/2023 8:26:13 PM,Microsoft-Windows-Sysmon,1,Process Create (rule: ProcessCreate),"Process Create:
RuleName: -
UtcTime: 2023-04-15 11:25:57.108
ProcessGuid: {2048537D-89C5-643A-0D00-000000000900}
ProcessId: 788
Image: C:\Windows\System32\svchost.exe
FileVersion: 10.0.14393.0 (rs1_release.160715-1616)
Description: Host Process for Windows Services
Product: Microsoft® Windows® Operating System
Company: Microsoft Corporation
OriginalFileName: svchost.exe
CommandLine: C:\Windows\system32\svchost.exe -k RPCSS
CurrentDirectory: C:\Windows\system32\
User: NT AUTHORITY\NETWORK SERVICE
LogonGuid: {2048537D-89C5-643A-E403-000000000000}
LogonId: 0x3E4
TerminalSessionId: 0
IntegrityLevel: System
Hashes: SHA256=438B6CCD84F4DD32D9684ED7D58FD7D1E5A75FE3F3D12AB6C788E6BB0FFAD5E7
ParentProcessGuid: {2048537D-89C4-643A-0A00-000000000900}
ParentProcessId: 556
ParentImage: C:\Windows\System32\services.exe
ParentCommandLine: C:\Windows\system32\services.exe
ParentUser: NT AUTHORITY\SYSTEM"
Information,4/15/2023 8:26:13 PM,Microsoft-Windows-Sysmon,1,Process Create (rule: ProcessCreate),"Process Create:
RuleName: -
UtcTime: 2023-04-15 11:25:57.044
ProcessGuid: {2048537D-89C5-643A-0C00-000000000900}
ProcessId: 732
Image: C:\Windows\System32\svchost.exe
FileVersion: 10.0.14393.0 (rs1_release.160715-1616)
Description: Host Process for Windows Services
Product: Microsoft® Windows® Operating System
Company: Microsoft Corporation
OriginalFileName: svchost.exe
CommandLine: C:\Windows\system32\svchost.exe -k DcomLaunch
CurrentDirectory: C:\Windows\system32\
User: NT AUTHORITY\SYSTEM
LogonGuid: {2048537D-89C4-643A-E703-000000000000}
LogonId: 0x3E7
TerminalSessionId: 0
IntegrityLevel: System
Hashes: SHA256=438B6CCD84F4DD32D9684ED7D58FD7D1E5A75FE3F3D12AB6C788E6BB0FFAD5E7
ParentProcessGuid: {2048537D-89C4-643A-0A00-000000000900}
ParentProcessId: 556
ParentImage: C:\Windows\System32\services.exe
ParentCommandLine: C:\Windows\system32\services.exe
ParentUser: NT AUTHORITY\SYSTEM"
Information,4/15/2023 8:26:13 PM,Microsoft-Windows-Sysmon,1,Process Create (rule: ProcessCreate),"Process Create:
RuleName: -
UtcTime: 2023-04-15 11:25:56.262
ProcessGuid: {2048537D-89C4-643A-0B00-000000000900}
ProcessId: 564
Image: C:\Windows\System32\lsass.exe
FileVersion: 10.0.14393.1770 (rs1_release.170917-1700)
Description: Local Security Authority Process
Product: Microsoft® Windows® Operating System
Company: Microsoft Corporation
OriginalFileName: lsass.exe
CommandLine: C:\Windows\system32\lsass.exe
CurrentDirectory: C:\Windows\system32\
User: NT AUTHORITY\SYSTEM
LogonGuid: {2048537D-89C4-643A-E703-000000000000}
LogonId: 0x3E7
TerminalSessionId: 0
IntegrityLevel: System
Hashes: SHA256=E9F49B39DC423E5D3AADFC9E7C4C1D094CFEC565D7B5FD1B280E6B363BBE65D8
ParentProcessGuid: {2048537D-89C4-643A-0700-000000000900}
ParentProcessId: 432
ParentImage: C:\Windows\System32\wininit.exe
ParentCommandLine: wininit.exe
ParentUser: NT AUTHORITY\SYSTEM"
Information,4/15/2023 8:26:13 PM,Microsoft-Windows-Sysmon,1,Process Create (rule: ProcessCreate),"Process Create:
RuleName: -
UtcTime: 2023-04-15 11:25:56.248
ProcessGuid: {2048537D-89C4-643A-0A00-000000000900}
ProcessId: 556
Image: C:\Windows\System32\services.exe
FileVersion: 10.0.14393.1613 (rs1_release_d.170807-1806)
Description: Services and Controller app
Product: Microsoft® Windows® Operating System
Company: Microsoft Corporation
OriginalFileName: services.exe
CommandLine: C:\Windows\system32\services.exe
CurrentDirectory: C:\Windows\system32\
User: NT AUTHORITY\SYSTEM
LogonGuid: {2048537D-89C4-643A-E703-000000000000}
LogonId: 0x3E7
TerminalSessionId: 0
IntegrityLevel: System
Hashes: SHA256=243A14ED1A1227696987F963576606A62202D2E8E86F09203609FAC027F442AF
ParentProcessGuid: {2048537D-89C4-643A-0700-000000000900}
ParentProcessId: 432
ParentImage: C:\Windows\System32\wininit.exe
ParentCommandLine: wininit.exe
ParentUser: NT AUTHORITY\SYSTEM"
Information,4/15/2023 8:26:13 PM,Microsoft-Windows-Sysmon,5,Process terminated (rule: ProcessTerminate),"Process terminated:
RuleName: -
UtcTime: 2023-04-15 11:25:56.181
ProcessGuid: {2048537D-89C4-643A-0600-000000000900}
ProcessId: 424
Image: C:\Windows\System32\smss.exe
User: NT AUTHORITY\SYSTEM"
Information,4/15/2023 8:26:13 PM,Microsoft-Windows-Sysmon,1,Process Create (rule: ProcessCreate),"Process Create:
RuleName: -
UtcTime: 2023-04-15 11:25:56.194
ProcessGuid: {2048537D-89C4-643A-0900-000000000900}
ProcessId: 508
Image: C:\Windows\System32\winlogon.exe
FileVersion: 10.0.14393.1378 (rs1_release.170620-2008)
Description: Windows Logon Application
Product: Microsoft® Windows® Operating System
Company: Microsoft Corporation
OriginalFileName: WINLOGON.EXE
CommandLine: winlogon.exe
CurrentDirectory: C:\Windows\system32\
User: NT AUTHORITY\SYSTEM
LogonGuid: {2048537D-89C4-643A-E703-000000000000}
LogonId: 0x3E7
TerminalSessionId: 1
IntegrityLevel: System
Hashes: SHA256=8EF0C90DAD9BAD0B82EF9CFEC8C0CDA03C64A4BEC252DDD4753F3123DA757351
ParentProcessGuid: {2048537D-89C4-643A-0600-000000000900}
ParentProcessId: 424
ParentImage: C:\Windows\System32\smss.exe
ParentCommandLine: \SystemRoot\System32\smss.exe 0000007c 000000b8 
ParentUser: NT AUTHORITY\SYSTEM"
Information,4/15/2023 8:26:13 PM,Microsoft-Windows-Sysmon,5,Process terminated (rule: ProcessTerminate),"Process terminated:
RuleName: -
UtcTime: 2023-04-15 11:25:56.181
ProcessGuid: {2048537D-89C4-643A-0400-000000000900}
ProcessId: 344
Image: C:\Windows\System32\smss.exe
User: NT AUTHORITY\SYSTEM"
Information,4/15/2023 8:26:13 PM,Microsoft-Windows-Sysmon,1,Process Create (rule: ProcessCreate),"Process Create:
RuleName: -
UtcTime: 2023-04-15 11:25:56.181
ProcessGuid: {2048537D-89C4-643A-0800-000000000900}
ProcessId: 440
Image: C:\Windows\System32\csrss.exe
FileVersion: 10.0.14393.0 (rs1_release.160715-1616)
Description: Client Server Runtime Process
Product: Microsoft® Windows® Operating System
Company: Microsoft Corporation
OriginalFileName: CSRSS.Exe
CommandLine: %%SystemRoot%%\system32\csrss.exe ObjectDirectory=\Windows SharedSection=1024,20480,768 Windows=On SubSystemType=Windows ServerDll=basesrv,1 ServerDll=winsrv:UserServerDllInitialization,3 ServerDll=sxssrv,4 ProfileControl=Off MaxRequestThreads=16
CurrentDirectory: C:\Windows\system32\
User: NT AUTHORITY\SYSTEM
LogonGuid: {2048537D-89C4-643A-E703-000000000000}
LogonId: 0x3E7
TerminalSessionId: 1
IntegrityLevel: System
Hashes: SHA256=151189510070B06A3ECF5B6A8612CC45748676A579B9B4D877F5BE3EB1971082
ParentProcessGuid: {2048537D-89C4-643A-0600-000000000900}
ParentProcessId: 424
ParentImage: C:\Windows\System32\smss.exe
ParentCommandLine: \SystemRoot\System32\smss.exe 0000007c 000000b8 
ParentUser: NT AUTHORITY\SYSTEM"
Information,4/15/2023 8:26:13 PM,Microsoft-Windows-Sysmon,1,Process Create (rule: ProcessCreate),"Process Create:
RuleName: -
UtcTime: 2023-04-15 11:25:56.180
ProcessGuid: {2048537D-89C4-643A-0700-000000000900}
ProcessId: 432
Image: C:\Windows\System32\wininit.exe
FileVersion: 10.0.14393.1794 (rs1_release.171008-1615)
Description: Windows Start-Up Application
Product: Microsoft® Windows® Operating System
Company: Microsoft Corporation
OriginalFileName: WinInit.exe
CommandLine: wininit.exe
CurrentDirectory: C:\Windows\system32\
User: NT AUTHORITY\SYSTEM
LogonGuid: {2048537D-89C4-643A-E703-000000000000}
LogonId: 0x3E7
TerminalSessionId: 0
IntegrityLevel: System
Hashes: SHA256=800EB94435D32EAA2E7D09EBE7A252ABEFA4231D9AED965011033A143361D47A
ParentProcessGuid: {2048537D-89C4-643A-0400-000000000900}
ParentProcessId: 344
ParentImage: C:\Windows\System32\smss.exe
ParentCommandLine: \SystemRoot\System32\smss.exe 00000078 000000b8 
ParentUser: NT AUTHORITY\SYSTEM"
Information,4/15/2023 8:26:13 PM,Microsoft-Windows-Sysmon,1,Process Create (rule: ProcessCreate),"Process Create:
RuleName: -
UtcTime: 2023-04-15 11:25:56.178
ProcessGuid: {2048537D-89C4-643A-0600-000000000900}
ProcessId: 424
Image: C:\Windows\System32\smss.exe
FileVersion: 10.0.14393.0 (rs1_release.160715-1616)
Description: Windows Session Manager
Product: Microsoft® Windows® Operating System
Company: Microsoft Corporation
OriginalFileName: smss.exe
CommandLine: \SystemRoot\System32\smss.exe 0000007c 000000b8 
CurrentDirectory: C:\Windows\
User: NT AUTHORITY\SYSTEM
LogonGuid: {2048537D-89C4-643A-E703-000000000000}
LogonId: 0x3E7
TerminalSessionId: 1
IntegrityLevel: System
Hashes: SHA256=D1A9E386575D30187269FAF7B38D5F0057997BA568EA7945D9B225D9B0733F05
ParentProcessGuid: {2048537D-89C3-643A-0200-000000000900}
ParentProcessId: 256
ParentImage: C:\Windows\System32\smss.exe
ParentCommandLine: \SystemRoot\System32\smss.exe
ParentUser: NT AUTHORITY\SYSTEM"
Information,4/15/2023 8:26:13 PM,Microsoft-Windows-Sysmon,1,Process Create (rule: ProcessCreate),"Process Create:
RuleName: -
UtcTime: 2023-04-15 11:25:56.135
ProcessGuid: {2048537D-89C4-643A-0500-000000000900}
ProcessId: 352
Image: C:\Windows\System32\csrss.exe
FileVersion: 10.0.14393.0 (rs1_release.160715-1616)
Description: Client Server Runtime Process
Product: Microsoft® Windows® Operating System
Company: Microsoft Corporation
OriginalFileName: CSRSS.Exe
CommandLine: %%SystemRoot%%\system32\csrss.exe ObjectDirectory=\Windows SharedSection=1024,20480,768 Windows=On SubSystemType=Windows ServerDll=basesrv,1 ServerDll=winsrv:UserServerDllInitialization,3 ServerDll=sxssrv,4 ProfileControl=Off MaxRequestThreads=16
CurrentDirectory: C:\Windows\system32\
User: NT AUTHORITY\SYSTEM
LogonGuid: {2048537D-89C4-643A-E703-000000000000}
LogonId: 0x3E7
TerminalSessionId: 0
IntegrityLevel: System
Hashes: SHA256=151189510070B06A3ECF5B6A8612CC45748676A579B9B4D877F5BE3EB1971082
ParentProcessGuid: {2048537D-89C4-643A-0400-000000000900}
ParentProcessId: 344
ParentImage: C:\Windows\System32\smss.exe
ParentCommandLine: \SystemRoot\System32\smss.exe 00000078 000000b8 
ParentUser: NT AUTHORITY\SYSTEM"
Information,4/15/2023 8:26:13 PM,Microsoft-Windows-Sysmon,1,Process Create (rule: ProcessCreate),"Process Create:
RuleName: -
UtcTime: 2023-04-15 11:25:56.109
ProcessGuid: {2048537D-89C4-643A-0400-000000000900}
ProcessId: 344
Image: C:\Windows\System32\smss.exe
FileVersion: 10.0.14393.0 (rs1_release.160715-1616)
Description: Windows Session Manager
Product: Microsoft® Windows® Operating System
Company: Microsoft Corporation
OriginalFileName: smss.exe
CommandLine: \SystemRoot\System32\smss.exe 00000078 000000b8 
CurrentDirectory: C:\Windows\
User: NT AUTHORITY\SYSTEM
LogonGuid: {2048537D-89C4-643A-E703-000000000000}
LogonId: 0x3E7
TerminalSessionId: 0
IntegrityLevel: System
Hashes: SHA256=D1A9E386575D30187269FAF7B38D5F0057997BA568EA7945D9B225D9B0733F05
ParentProcessGuid: {2048537D-89C3-643A-0200-000000000900}
ParentProcessId: 256
ParentImage: C:\Windows\System32\smss.exe
ParentCommandLine: \SystemRoot\System32\smss.exe
ParentUser: NT AUTHORITY\SYSTEM"
Information,4/15/2023 8:26:13 PM,Microsoft-Windows-Sysmon,5,Process terminated (rule: ProcessTerminate),"Process terminated:
RuleName: -
UtcTime: 2023-04-15 11:25:55.911
ProcessGuid: {2048537D-89C3-643A-0300-000000000900}
ProcessId: 288
Image: C:\Windows\System32\autochk.exe
User: NT AUTHORITY\SYSTEM"
Information,4/15/2023 8:26:13 PM,Microsoft-Windows-Sysmon,1,Process Create (rule: ProcessCreate),"Process Create:
RuleName: -
UtcTime: 2023-04-15 11:25:55.905
ProcessGuid: {2048537D-89C3-643A-0300-000000000900}
ProcessId: 288
Image: C:\Windows\System32\autochk.exe
FileVersion: 10.0.14393.1532 (rs1_release_d.170711-1840)
Description: Auto Check Utility
Product: Microsoft® Windows® Operating System
Company: Microsoft Corporation
OriginalFileName: AutoChk.Exe
CommandLine: \??\C:\Windows\system32\autochk.exe /q /v *
CurrentDirectory: C:\Windows\system32\
User: NT AUTHORITY\SYSTEM
LogonGuid: {2048537D-89C4-643A-E703-000000000000}
LogonId: 0x3E7
TerminalSessionId: 0
IntegrityLevel: System
Hashes: SHA256=293EA49B1ED5A409AF87F765635D272C9DD03CDB496EA11C0E22F5731F42E0FB
ParentProcessGuid: {2048537D-89C3-643A-0200-000000000900}
ParentProcessId: 256
ParentImage: C:\Windows\System32\smss.exe
ParentCommandLine: \SystemRoot\System32\smss.exe
ParentUser: NT AUTHORITY\SYSTEM"
Information,4/15/2023 8:26:13 PM,Microsoft-Windows-Sysmon,1,Process Create (rule: ProcessCreate),"Process Create:
RuleName: -
UtcTime: 2023-04-15 11:25:55.663
ProcessGuid: {2048537D-89C3-643A-0200-000000000900}
ProcessId: 256
Image: C:\Windows\System32\smss.exe
FileVersion: 10.0.14393.0 (rs1_release.160715-1616)
Description: Windows Session Manager
Product: Microsoft® Windows® Operating System
Company: Microsoft Corporation
OriginalFileName: smss.exe
CommandLine: \SystemRoot\System32\smss.exe
CurrentDirectory: C:\Windows
User: NT AUTHORITY\SYSTEM
LogonGuid: {2048537D-89C4-643A-E703-000000000000}
LogonId: 0x3E7
TerminalSessionId: 0
IntegrityLevel: System
Hashes: SHA256=D1A9E386575D30187269FAF7B38D5F0057997BA568EA7945D9B225D9B0733F05
ParentProcessGuid: {2048537D-89C3-643A-EB03-000000000000}
ParentProcessId: 4
ParentImage: System
ParentCommandLine: -
ParentUser: NT AUTHORITY\SYSTEM"
Information,4/15/2023 8:26:13 PM,Microsoft-Windows-Sysmon,4,Sysmon service state changed,"Sysmon service state changed:
UtcTime: 2023-04-15 11:26:13.394
State: Started
Version: 14.16
SchemaVersion: 4.83"
Information,4/15/2023 8:25:42 PM,Microsoft-Windows-Sysmon,5,Process terminated (rule: ProcessTerminate),"Process terminated:
RuleName: -
UtcTime: 2023-04-15 11:25:42.619
ProcessGuid: {2048537D-89B6-643A-8900-000000000800}
ProcessId: 3656
Image: C:\Windows\System32\wermgr.exe
User: NT AUTHORITY\SYSTEM"
Information,4/15/2023 8:25:42 PM,Microsoft-Windows-Sysmon,5,Process terminated (rule: ProcessTerminate),"Process terminated:
RuleName: -
UtcTime: 2023-04-15 11:25:42.619
ProcessGuid: {2048537D-89B6-643A-8A00-000000000800}
ProcessId: 4408
Image: C:\Windows\System32\wermgr.exe
User: NT AUTHORITY\SYSTEM"
Information,4/15/2023 8:25:42 PM,Microsoft-Windows-Sysmon,5,Process terminated (rule: ProcessTerminate),"Process terminated:
RuleName: -
UtcTime: 2023-04-15 11:25:42.619
ProcessGuid: {2048537D-8912-643A-7700-000000000800}
ProcessId: 4824
Image: C:\Windows\servicing\TrustedInstaller.exe
User: NT AUTHORITY\SYSTEM"
Information,4/15/2023 8:25:42 PM,Microsoft-Windows-Sysmon,5,Process terminated (rule: ProcessTerminate),"Process terminated:
RuleName: -
UtcTime: 2023-04-15 11:25:42.619
ProcessGuid: {2048537D-8912-643A-7800-000000000800}
ProcessId: 4372
Image: C:\Windows\WinSxS\amd64_microsoft-windows-servicingstack_31bf3856ad364e35_10.0.14393.1883_none_7ed84bd822106081\TiWorker.exe
User: NT AUTHORITY\SYSTEM"
Information,4/15/2023 8:25:42 PM,Microsoft-Windows-Sysmon,1,Process Create (rule: ProcessCreate),"Process Create:
RuleName: -
UtcTime: 2023-04-15 11:25:42.610
ProcessGuid: {2048537D-89B6-643A-8A00-000000000800}
ProcessId: 4408
Image: C:\Windows\System32\wermgr.exe
FileVersion: 10.0.14393.1884 (rs1_release.171101-1233)
Description: Windows Problem Reporting
Product: Microsoft® Windows® Operating System
Company: Microsoft Corporation
OriginalFileName: WerMgr
CommandLine: ""C:\Windows\system32\wermgr.exe"" ""-outproc"" ""0"" ""932"" ""6436"" ""1684"" ""8560"" ""0"" ""0"" ""0"" ""0"" ""0"" ""0"" ""0"" ""0"" 
CurrentDirectory: C:\Windows\system32\
User: NT AUTHORITY\SYSTEM
LogonGuid: {2048537D-0000-0000-E703-000000000000}
LogonId: 0x3E7
TerminalSessionId: 0
IntegrityLevel: System
Hashes: SHA256=99A3BBD357A66BBBE00D9215277A42417D1EC243BB5B88D12324318592BBFD58
ParentProcessGuid: {00000000-0000-0000-0000-000000000000}
ParentProcessId: 932
ParentImage: -
ParentCommandLine: -
ParentUser: -"
Information,4/15/2023 8:25:42 PM,Microsoft-Windows-Sysmon,1,Process Create (rule: ProcessCreate),"Process Create:
RuleName: -
UtcTime: 2023-04-15 11:25:42.609
ProcessGuid: {2048537D-89B6-643A-8900-000000000800}
ProcessId: 3656
Image: C:\Windows\System32\wermgr.exe
FileVersion: 10.0.14393.1884 (rs1_release.171101-1233)
Description: Windows Problem Reporting
Product: Microsoft® Windows® Operating System
Company: Microsoft Corporation
OriginalFileName: WerMgr
CommandLine: ""C:\Windows\system32\wermgr.exe"" ""-outproc"" ""0"" ""932"" ""8560"" ""6436"" ""1952"" ""0"" ""0"" ""0"" ""0"" ""0"" ""0"" ""0"" ""0"" 
CurrentDirectory: C:\Windows\system32\
User: NT AUTHORITY\SYSTEM
LogonGuid: {2048537D-0000-0000-E703-000000000000}
LogonId: 0x3E7
TerminalSessionId: 0
IntegrityLevel: System
Hashes: SHA256=99A3BBD357A66BBBE00D9215277A42417D1EC243BB5B88D12324318592BBFD58
ParentProcessGuid: {00000000-0000-0000-0000-000000000000}
ParentProcessId: 932
ParentImage: -
ParentCommandLine: -
ParentUser: -"
Information,4/15/2023 8:25:42 PM,Microsoft-Windows-Sysmon,5,Process terminated (rule: ProcessTerminate),"Process terminated:
RuleName: -
UtcTime: 2023-04-15 11:25:42.287
ProcessGuid: {2048537D-8788-643A-2A00-000000000800}
ProcessId: 2556
Image: C:\Windows\System32\dfsrs.exe
User: NT AUTHORITY\SYSTEM"
Information,4/15/2023 8:25:42 PM,Microsoft-Windows-Sysmon,5,Process terminated (rule: ProcessTerminate),"Process terminated:
RuleName: -
UtcTime: 2023-04-15 11:25:42.287
ProcessGuid: {2048537D-8788-643A-2500-000000000800}
ProcessId: 2388
Image: C:\Program Files\Windows Defender\MsMpEng.exe
User: NT AUTHORITY\SYSTEM"
Information,4/15/2023 8:25:42 PM,Microsoft-Windows-Sysmon,5,Process terminated (rule: ProcessTerminate),"Process terminated:
RuleName: -
UtcTime: 2023-04-15 11:25:42.256
ProcessGuid: {00000000-0000-0000-0000-000000000000}
ProcessId: 2448
Image: <unknown process>
User: NT AUTHORITY\SYSTEM"
Information,4/15/2023 8:25:42 PM,Microsoft-Windows-Sysmon,5,Process terminated (rule: ProcessTerminate),"Process terminated:
RuleName: -
UtcTime: 2023-04-15 11:25:42.256
ProcessGuid: {2048537D-8779-643A-1700-000000000800}
ProcessId: 1452
Image: C:\Windows\System32\svchost.exe
User: NT AUTHORITY\LOCAL SERVICE"
Information,4/15/2023 8:25:42 PM,Microsoft-Windows-Sysmon,5,Process terminated (rule: ProcessTerminate),"Process terminated:
RuleName: -
UtcTime: 2023-04-15 11:25:42.256
ProcessGuid: {2048537D-8778-643A-1100-000000000800}
ProcessId: 956
Image: C:\Windows\System32\svchost.exe
User: NT AUTHORITY\NETWORK SERVICE"
Information,4/15/2023 8:25:42 PM,Microsoft-Windows-Sysmon,5,Process terminated (rule: ProcessTerminate),"Process terminated:
RuleName: -
UtcTime: 2023-04-15 11:25:42.256
ProcessGuid: {2048537D-8789-643A-2E00-000000000800}
ProcessId: 1468
Image: C:\Windows\System32\vds.exe
User: NT AUTHORITY\SYSTEM"
Information,4/15/2023 8:25:42 PM,Microsoft-Windows-Sysmon,5,Process terminated (rule: ProcessTerminate),"Process terminated:
RuleName: -
UtcTime: 2023-04-15 11:25:42.240
ProcessGuid: {00000000-0000-0000-0000-000000000000}
ProcessId: 2544
Image: <unknown process>
User: NT AUTHORITY\SYSTEM"
Information,4/15/2023 8:25:42 PM,Microsoft-Windows-Sysmon,5,Process terminated (rule: ProcessTerminate),"Process terminated:
RuleName: -
UtcTime: 2023-04-15 11:25:42.240
ProcessGuid: {2048537D-8801-643A-5F00-000000000800}
ProcessId: 1668
Image: C:\Windows\System32\msdtc.exe
User: NT AUTHORITY\NETWORK SERVICE"
Information,4/15/2023 8:25:42 PM,Microsoft-Windows-Sysmon,5,Process terminated (rule: ProcessTerminate),"Process terminated:
RuleName: -
UtcTime: 2023-04-15 11:25:42.240
ProcessGuid: {2048537D-8788-643A-2300-000000000800}
ProcessId: 2372
Image: C:\Windows\ADWS\Microsoft.ActiveDirectory.WebServices.exe
User: NT AUTHORITY\SYSTEM"
Information,4/15/2023 8:25:42 PM,Microsoft-Windows-Sysmon,5,Process terminated (rule: ProcessTerminate),"Process terminated:
RuleName: -
UtcTime: 2023-04-15 11:25:42.224
ProcessGuid: {2048537D-877B-643A-1F00-000000000800}
ProcessId: 2084
Image: C:\Windows\System32\svchost.exe
User: NT AUTHORITY\SYSTEM"
Information,4/15/2023 8:25:42 PM,Microsoft-Windows-Sysmon,5,Process terminated (rule: ProcessTerminate),"Process terminated:
RuleName: -
UtcTime: 2023-04-15 11:25:42.193
ProcessGuid: {00000000-0000-0000-0000-000000000000}
ProcessId: 1736
Image: <unknown process>
User: NT AUTHORITY\NETWORK SERVICE"
Information,4/15/2023 8:25:42 PM,Microsoft-Windows-Sysmon,5,Process terminated (rule: ProcessTerminate),"Process terminated:
RuleName: -
UtcTime: 2023-04-15 11:25:42.193
ProcessGuid: {2048537D-8788-643A-2400-000000000800}
ProcessId: 2380
Image: C:\Windows\System32\ismserv.exe
User: NT AUTHORITY\SYSTEM"
Information,4/15/2023 8:25:42 PM,Microsoft-Windows-Sysmon,5,Process terminated (rule: ProcessTerminate),"Process terminated:
RuleName: -
UtcTime: 2023-04-15 11:25:42.053
ProcessGuid: {2048537D-8788-643A-2700-000000000800}
ProcessId: 2440
Image: C:\Windows\System32\svchost.exe
User: NT AUTHORITY\SYSTEM"
Information,4/15/2023 8:25:35 PM,Microsoft-Windows-Sysmon,5,Process terminated (rule: ProcessTerminate),"Process terminated:
RuleName: -
UtcTime: 2023-04-15 11:25:35.558
ProcessGuid: {2048537D-89AF-643A-8800-000000000800}
ProcessId: 984
Image: <unknown process>
User: NT AUTHORITY\SYSTEM"
Information,4/15/2023 8:25:35 PM,Microsoft-Windows-Sysmon,5,Process terminated (rule: ProcessTerminate),"Process terminated:
RuleName: -
UtcTime: 2023-04-15 11:25:35.558
ProcessGuid: {2048537D-89AF-643A-8700-000000000800}
ProcessId: 2304
Image: C:\Windows\System32\wermgr.exe
User: NT AUTHORITY\SYSTEM"
Information,4/15/2023 8:25:35 PM,Microsoft-Windows-Sysmon,1,Process Create (rule: ProcessCreate),"Process Create:
RuleName: -
UtcTime: 2023-04-15 11:25:35.563
ProcessGuid: {2048537D-89AF-643A-8800-000000000800}
ProcessId: 984
Image: C:\Windows\System32\wermgr.exe
FileVersion: 10.0.14393.1884 (rs1_release.171101-1233)
Description: Windows Problem Reporting
Product: Microsoft® Windows® Operating System
Company: Microsoft Corporation
OriginalFileName: WerMgr
CommandLine: C:\Windows\system32\wermgr.exe -upload
CurrentDirectory: C:\Windows\system32\
User: NT AUTHORITY\SYSTEM
LogonGuid: {2048537D-8778-643A-E703-000000000000}
LogonId: 0x3E7
TerminalSessionId: 0
IntegrityLevel: System
Hashes: SHA256=99A3BBD357A66BBBE00D9215277A42417D1EC243BB5B88D12324318592BBFD58
ParentProcessGuid: {00000000-0000-0000-0000-000000000000}
ParentProcessId: 932
ParentImage: -
ParentCommandLine: -
ParentUser: -"
Information,4/15/2023 8:25:35 PM,Microsoft-Windows-Sysmon,1,Process Create (rule: ProcessCreate),"Process Create:
RuleName: -
UtcTime: 2023-04-15 11:25:35.545
ProcessGuid: {2048537D-89AF-643A-8700-000000000800}
ProcessId: 2304
Image: C:\Windows\System32\wermgr.exe
FileVersion: 10.0.14393.1884 (rs1_release.171101-1233)
Description: Windows Problem Reporting
Product: Microsoft® Windows® Operating System
Company: Microsoft Corporation
OriginalFileName: WerMgr
CommandLine: ""C:\Windows\system32\wermgr.exe"" ""-outproc"" ""0"" ""932"" ""6756"" ""8668"" ""8644"" ""0"" ""0"" ""0"" ""0"" ""0"" ""0"" ""0"" ""0"" 
CurrentDirectory: C:\Windows\system32\
User: NT AUTHORITY\SYSTEM
LogonGuid: {2048537D-8778-643A-E703-000000000000}
LogonId: 0x3E7
TerminalSessionId: 0
IntegrityLevel: System
Hashes: SHA256=99A3BBD357A66BBBE00D9215277A42417D1EC243BB5B88D12324318592BBFD58
ParentProcessGuid: {00000000-0000-0000-0000-000000000000}
ParentProcessId: 932
ParentImage: -
ParentCommandLine: -
ParentUser: -"
Information,4/15/2023 8:24:58 PM,Microsoft-Windows-Sysmon,5,Process terminated (rule: ProcessTerminate),"Process terminated:
RuleName: -
UtcTime: 2023-04-15 11:24:58.528
ProcessGuid: {2048537D-8985-643A-8600-000000000800}
ProcessId: 4672
Image: C:\Windows\System32\dllhost.exe
User: NT AUTHORITY\SYSTEM"
Information,4/15/2023 8:24:53 PM,Microsoft-Windows-Sysmon,5,Process terminated (rule: ProcessTerminate),"Process terminated:
RuleName: -
UtcTime: 2023-04-15 11:24:53.527
ProcessGuid: {2048537D-8984-643A-8500-000000000800}
ProcessId: 3704
Image: C:\Windows\System32\taskhostw.exe
User: NT AUTHORITY\SYSTEM"
Information,4/15/2023 8:24:53 PM,Microsoft-Windows-Sysmon,5,Process terminated (rule: ProcessTerminate),"Process terminated:
RuleName: -
UtcTime: 2023-04-15 11:24:53.449
ProcessGuid: {2048537D-87D0-643A-3E00-000000000800}
ProcessId: 3796
Image: C:\Windows\System32\svchost.exe
User: EXAMPLECOMPANY\admin"
Information,4/15/2023 8:24:53 PM,Microsoft-Windows-Sysmon,5,Process terminated (rule: ProcessTerminate),"Process terminated:
RuleName: -
UtcTime: 2023-04-15 11:24:53.449
ProcessGuid: {2048537D-87D0-643A-3F00-000000000800}
ProcessId: 3832
Image: C:\Windows\System32\taskhostw.exe
User: EXAMPLECOMPANY\admin"
Information,4/15/2023 8:24:53 PM,Microsoft-Windows-Sysmon,5,Process terminated (rule: ProcessTerminate),"Process terminated:
RuleName: -
UtcTime: 2023-04-15 11:24:53.417
ProcessGuid: {2048537D-87D0-643A-3C00-000000000800}
ProcessId: 3748
Image: C:\Windows\System32\RuntimeBroker.exe
User: EXAMPLECOMPANY\admin"
Information,4/15/2023 8:24:53 PM,Microsoft-Windows-Sysmon,5,Process terminated (rule: ProcessTerminate),"Process terminated:
RuleName: -
UtcTime: 2023-04-15 11:24:53.417
ProcessGuid: {2048537D-88DC-643A-6F00-000000000800}
ProcessId: 4908
Image: C:\Windows\System32\ApplicationFrameHost.exe
User: EXAMPLECOMPANY\admin"
Information,4/15/2023 8:24:53 PM,Microsoft-Windows-Sysmon,5,Process terminated (rule: ProcessTerminate),"Process terminated:
RuleName: -
UtcTime: 2023-04-15 11:24:53.417
ProcessGuid: {2048537D-87D0-643A-3D00-000000000800}
ProcessId: 3784
Image: C:\Windows\System32\sihost.exe
User: EXAMPLECOMPANY\admin"
Information,4/15/2023 8:24:53 PM,Microsoft-Windows-Sysmon,5,Process terminated (rule: ProcessTerminate),"Process terminated:
RuleName: -
UtcTime: 2023-04-15 11:24:53.402
ProcessGuid: {2048537D-87D0-643A-4300-000000000800}
ProcessId: 4080
Image: C:\Windows\explorer.exe
User: EXAMPLECOMPANY\admin"
Information,4/15/2023 8:24:53 PM,Microsoft-Windows-Sysmon,5,Process terminated (rule: ProcessTerminate),"Process terminated:
RuleName: -
UtcTime: 2023-04-15 11:24:53.370
ProcessGuid: {2048537D-87D2-643A-4B00-000000000800}
ProcessId: 1140
Image: C:\Windows\SystemApps\Microsoft.Windows.Cortana_cw5n1h2txyewy\SearchUI.exe
User: EXAMPLECOMPANY\admin"
Information,4/15/2023 8:24:53 PM,Microsoft-Windows-Sysmon,5,Process terminated (rule: ProcessTerminate),"Process terminated:
RuleName: -
UtcTime: 2023-04-15 11:24:53.261
ProcessGuid: {2048537D-890A-643A-7600-000000000800}
ProcessId: 3920
Image: C:\Windows\ImmersiveControlPanel\SystemSettings.exe
User: EXAMPLECOMPANY\admin"
Information,4/15/2023 8:24:53 PM,Microsoft-Windows-Sysmon,1,Process Create (rule: ProcessCreate),"Process Create:
RuleName: -
UtcTime: 2023-04-15 11:24:53.017
ProcessGuid: {2048537D-8985-643A-8600-000000000800}
ProcessId: 4672
Image: C:\Windows\System32\dllhost.exe
FileVersion: 10.0.14393.0 (rs1_release.160715-1616)
Description: COM Surrogate
Product: Microsoft® Windows® Operating System
Company: Microsoft Corporation
OriginalFileName: dllhost.exe
CommandLine: C:\Windows\system32\DllHost.exe /Processid:{133EAC4F-5891-4D04-BADA-D84870380A80}
CurrentDirectory: C:\Windows\system32\
User: NT AUTHORITY\SYSTEM
LogonGuid: {2048537D-8778-643A-E703-000000000000}
LogonId: 0x3E7
TerminalSessionId: 0
IntegrityLevel: System
Hashes: SHA256=EE8364C07B3F4F71FA649E0E6C4C73C15D285130E4B16E79890EEBBF89C2164E
ParentProcessGuid: {00000000-0000-0000-0000-000000000000}
ParentProcessId: 732
ParentImage: -
ParentCommandLine: -
ParentUser: -"
Information,4/15/2023 8:24:52 PM,Microsoft-Windows-Sysmon,5,Process terminated (rule: ProcessTerminate),"Process terminated:
RuleName: -
UtcTime: 2023-04-15 11:24:52.964
ProcessGuid: {2048537D-87D2-643A-4A00-000000000800}
ProcessId: 796
Image: C:\Windows\SystemApps\ShellExperienceHost_cw5n1h2txyewy\ShellExperienceHost.exe
User: EXAMPLECOMPANY\admin"
Information,4/15/2023 8:24:52 PM,Microsoft-Windows-Sysmon,5,Process terminated (rule: ProcessTerminate),"Process terminated:
RuleName: -
UtcTime: 2023-04-15 11:24:52.886
ProcessGuid: {2048537D-889F-643A-6700-000000000800}
ProcessId: 3692
Image: C:\Windows\System32\dllhost.exe
User: EXAMPLECOMPANY\admin"
Information,4/15/2023 8:24:52 PM,Microsoft-Windows-Sysmon,5,Process terminated (rule: ProcessTerminate),"Process terminated:
RuleName: -
UtcTime: 2023-04-15 11:24:52.886
ProcessGuid: {2048537D-8980-643A-8300-000000000800}
ProcessId: 4308
Image: C:\Windows\System32\IME\SHARED\ImeBroker.exe
User: EXAMPLECOMPANY\admin"
Information,4/15/2023 8:24:52 PM,Microsoft-Windows-Sysmon,1,Process Create (rule: ProcessCreate),"Process Create:
RuleName: -
UtcTime: 2023-04-15 11:24:52.872
ProcessGuid: {2048537D-8984-643A-8500-000000000800}
ProcessId: 3704
Image: C:\Windows\System32\taskhostw.exe
FileVersion: 10.0.14393.0 (rs1_release.160715-1616)
Description: Host Process for Windows Tasks
Product: Microsoft® Windows® Operating System
Company: Microsoft Corporation
OriginalFileName: taskhostw.exe
CommandLine: taskhostw.exe
CurrentDirectory: C:\Windows\system32\
User: NT AUTHORITY\SYSTEM
LogonGuid: {2048537D-8778-643A-E703-000000000000}
LogonId: 0x3E7
TerminalSessionId: 0
IntegrityLevel: System
Hashes: SHA256=A0A677D6C943AD1A7BC1879DFCCB400211DF68100F8EDD7BA6120067A18BEE0B
ParentProcessGuid: {00000000-0000-0000-0000-000000000000}
ParentProcessId: 932
ParentImage: -
ParentCommandLine: -
ParentUser: -"
Information,4/15/2023 8:24:52 PM,Microsoft-Windows-Sysmon,5,Process terminated (rule: ProcessTerminate),"Process terminated:
RuleName: -
UtcTime: 2023-04-15 11:24:52.839
ProcessGuid: {2048537D-8912-643A-7E00-000000000800}
ProcessId: 2696
Image: C:\Windows\System32\SystemSettingsAdminFlows.exe
User: EXAMPLECOMPANY\admin"
Information,4/15/2023 8:24:52 PM,Microsoft-Windows-Sysmon,1,Process Create (rule: ProcessCreate),"Process Create:
RuleName: -
UtcTime: 2023-04-15 11:24:52.801
ProcessGuid: {2048537D-8984-643A-8400-000000000800}
ProcessId: 908
Image: C:\Windows\System32\LogonUI.exe
FileVersion: 10.0.14393.0 (rs1_release.160715-1616)
Description: Windows Logon User Interface Host
Product: Microsoft® Windows® Operating System
Company: Microsoft Corporation
OriginalFileName: logonui.exe
CommandLine: ""LogonUI.exe"" /flags:0x0 /state0:0xa3a17855 /state1:0x41c64e6d
CurrentDirectory: C:\Windows\system32\
User: NT AUTHORITY\SYSTEM
LogonGuid: {2048537D-8778-643A-E703-000000000000}
LogonId: 0x3E7
TerminalSessionId: 1
IntegrityLevel: System
Hashes: SHA256=AA62D29803D52EC06CD27ED3124E034048F09606EB7342181913C9817C7B44C5
ParentProcessGuid: {00000000-0000-0000-0000-000000000000}
ParentProcessId: 504
ParentImage: -
ParentCommandLine: -
ParentUser: -"
Information,4/15/2023 8:24:48 PM,Microsoft-Windows-Sysmon,1,Process Create (rule: ProcessCreate),"Process Create:
RuleName: -
UtcTime: 2023-04-15 11:24:48.923
ProcessGuid: {2048537D-8980-643A-8300-000000000800}
ProcessId: 4308
Image: C:\Windows\System32\IME\SHARED\ImeBroker.exe
FileVersion: 10.0.14393.1480 (rs1_release.170706-2004)
Description: Microsoft IME
Product: Microsoft® Windows® Operating System
Company: Microsoft Corporation
OriginalFileName: ImeBroker.exe
CommandLine: C:\Windows\System32\IME\SHARED\imebroker.exe -Embedding
CurrentDirectory: C:\Windows\system32\
User: EXAMPLECOMPANY\admin
LogonGuid: {2048537D-87D0-643A-4A6A-030000000000}
LogonId: 0x36A4A
TerminalSessionId: 1
IntegrityLevel: Medium
Hashes: SHA256=70ABEEFE7986B98D41D954DD9FD35279F11228EEBCDEDDC5652718E702FAAE80
ParentProcessGuid: {00000000-0000-0000-0000-000000000000}
ParentProcessId: 732
ParentImage: -
ParentCommandLine: -
ParentUser: -"
Information,4/15/2023 8:24:37 PM,Microsoft-Windows-Sysmon,5,Process terminated (rule: ProcessTerminate),"Process terminated:
RuleName: -
UtcTime: 2023-04-15 11:24:37.246
ProcessGuid: {2048537D-896B-643A-8200-000000000800}
ProcessId: 3448
Image: C:\Windows\System32\rundll32.exe
User: EXAMPLECOMPANY\admin"
Information,4/15/2023 8:24:27 PM,Microsoft-Windows-Sysmon,1,Process Create (rule: ProcessCreate),"Process Create:
RuleName: -
UtcTime: 2023-04-15 11:24:27.064
ProcessGuid: {2048537D-896B-643A-8200-000000000800}
ProcessId: 3448
Image: C:\Windows\System32\rundll32.exe
FileVersion: 10.0.14393.0 (rs1_release.160715-1616)
Description: Windows host process (Rundll32)
Product: Microsoft® Windows® Operating System
Company: Microsoft Corporation
OriginalFileName: RUNDLL32.EXE
CommandLine: ""C:\Windows\system32\rundll32.exe"" shell32.dll,Control_RunDLL intl.cpl,,/p:""location""
CurrentDirectory: C:\Windows\system32\
User: EXAMPLECOMPANY\admin
LogonGuid: {2048537D-87D0-643A-4A6A-030000000000}
LogonId: 0x36A4A
TerminalSessionId: 1
IntegrityLevel: Medium
Hashes: SHA256=495BBA47FC43EE23054FCD419F2F00457162D1C04296900C6AEA551102A810F3
ParentProcessGuid: {2048537D-87D0-643A-4300-000000000800}
ParentProcessId: 4080
ParentImage: C:\Windows\explorer.exe
ParentCommandLine: C:\Windows\Explorer.EXE
ParentUser: EXAMPLECOMPANY\admin"
Information,4/15/2023 8:24:08 PM,Microsoft-Windows-Sysmon,5,Process terminated (rule: ProcessTerminate),"Process terminated:
RuleName: -
UtcTime: 2023-04-15 11:24:08.096
ProcessGuid: {2048537D-88A4-643A-6D00-000000000800}
ProcessId: 3624
Image: C:\Windows\System32\backgroundTaskHost.exe
User: EXAMPLECOMPANY\admin"
Information,4/15/2023 8:24:03 PM,Microsoft-Windows-Sysmon,5,Process terminated (rule: ProcessTerminate),"Process terminated:
RuleName: -
UtcTime: 2023-04-15 11:24:03.005
ProcessGuid: {2048537D-8951-643A-8100-000000000800}
ProcessId: 4584
Image: C:\Windows\System32\wermgr.exe
User: NT AUTHORITY\SYSTEM"
Information,4/15/2023 8:24:01 PM,Microsoft-Windows-Sysmon,5,Process terminated (rule: ProcessTerminate),"Process terminated:
RuleName: -
UtcTime: 2023-04-15 11:24:01.407
ProcessGuid: {2048537D-8951-643A-8000-000000000800}
ProcessId: 4560
Image: C:\Windows\System32\wermgr.exe
User: NT AUTHORITY\SYSTEM"
Information,4/15/2023 8:24:01 PM,Microsoft-Windows-Sysmon,1,Process Create (rule: ProcessCreate),"Process Create:
RuleName: -
UtcTime: 2023-04-15 11:24:01.408
ProcessGuid: {2048537D-8951-643A-8100-000000000800}
ProcessId: 4584
Image: C:\Windows\System32\wermgr.exe
FileVersion: 10.0.14393.1884 (rs1_release.171101-1233)
Description: Windows Problem Reporting
Product: Microsoft® Windows® Operating System
Company: Microsoft Corporation
OriginalFileName: WerMgr
CommandLine: C:\Windows\system32\wermgr.exe -upload
CurrentDirectory: C:\Windows\system32\
User: NT AUTHORITY\SYSTEM
LogonGuid: {2048537D-8778-643A-E703-000000000000}
LogonId: 0x3E7
TerminalSessionId: 0
IntegrityLevel: System
Hashes: SHA256=99A3BBD357A66BBBE00D9215277A42417D1EC243BB5B88D12324318592BBFD58
ParentProcessGuid: {00000000-0000-0000-0000-000000000000}
ParentProcessId: 932
ParentImage: -
ParentCommandLine: -
ParentUser: -"
Information,4/15/2023 8:24:01 PM,Microsoft-Windows-Sysmon,1,Process Create (rule: ProcessCreate),"Process Create:
RuleName: -
UtcTime: 2023-04-15 11:24:01.393
ProcessGuid: {2048537D-8951-643A-8000-000000000800}
ProcessId: 4560
Image: C:\Windows\System32\wermgr.exe
FileVersion: 10.0.14393.1884 (rs1_release.171101-1233)
Description: Windows Problem Reporting
Product: Microsoft® Windows® Operating System
Company: Microsoft Corporation
OriginalFileName: WerMgr
CommandLine: ""C:\Windows\system32\wermgr.exe"" ""-outproc"" ""0"" ""932"" ""7540"" ""8472"" ""4232"" ""0"" ""0"" ""0"" ""0"" ""0"" ""0"" ""0"" ""0"" 
CurrentDirectory: C:\Windows\system32\
User: NT AUTHORITY\SYSTEM
LogonGuid: {2048537D-8778-643A-E703-000000000000}
LogonId: 0x3E7
TerminalSessionId: 0
IntegrityLevel: System
Hashes: SHA256=99A3BBD357A66BBBE00D9215277A42417D1EC243BB5B88D12324318592BBFD58
ParentProcessGuid: {00000000-0000-0000-0000-000000000000}
ParentProcessId: 932
ParentImage: -
ParentCommandLine: -
ParentUser: -"
Information,4/15/2023 8:23:33 PM,Microsoft-Windows-Sysmon,5,Process terminated (rule: ProcessTerminate),"Process terminated:
RuleName: -
UtcTime: 2023-04-15 11:23:33.446
ProcessGuid: {2048537D-8912-643A-7A00-000000000800}
ProcessId: 3188
Image: C:\Windows\System32\dllhost.exe
User: NT AUTHORITY\SYSTEM"
Information,4/15/2023 8:23:28 PM,Microsoft-Windows-Sysmon,5,Process terminated (rule: ProcessTerminate),"Process terminated:
RuleName: -
UtcTime: 2023-04-15 11:23:28.445
ProcessGuid: {2048537D-8912-643A-7900-000000000800}
ProcessId: 3332
Image: C:\Windows\System32\taskhostw.exe
User: NT AUTHORITY\SYSTEM"
Information,4/15/2023 8:23:21 PM,Microsoft-Windows-Sysmon,5,Process terminated (rule: ProcessTerminate),"Process terminated:
RuleName: -
UtcTime: 2023-04-15 11:23:21.486
ProcessGuid: {2048537D-8920-643A-7F00-000000000800}
ProcessId: 5068
Image: C:\Windows\SysWOW64\dllhost.exe
User: EXAMPLECOMPANY\admin"
Information,4/15/2023 8:23:12 PM,Microsoft-Windows-Sysmon,1,Process Create (rule: ProcessCreate),"Process Create:
RuleName: -
UtcTime: 2023-04-15 11:23:12.377
ProcessGuid: {2048537D-8920-643A-7F00-000000000800}
ProcessId: 5068
Image: C:\Windows\SysWOW64\dllhost.exe
FileVersion: 10.0.14393.0 (rs1_release.160715-1616)
Description: COM Surrogate
Product: Microsoft® Windows® Operating System
Company: Microsoft Corporation
OriginalFileName: dllhost.exe
CommandLine: C:\Windows\SysWOW64\DllHost.exe /Processid:{06622D85-6856-4460-8DE1-A81921B41C4B}
CurrentDirectory: C:\Windows\system32\
User: EXAMPLECOMPANY\admin
LogonGuid: {2048537D-87D0-643A-4A6A-030000000000}
LogonId: 0x36A4A
TerminalSessionId: 1
IntegrityLevel: Medium
Hashes: SHA256=5137C324038AB2E8EAB4F98A20BEE9F121346D62E4D907CA1E4A860F4C54EAE8
ParentProcessGuid: {00000000-0000-0000-0000-000000000000}
ParentProcessId: 732
ParentImage: -
ParentCommandLine: -
ParentUser: -"
Information,4/15/2023 8:23:03 PM,Microsoft-Windows-Sysmon,5,Process terminated (rule: ProcessTerminate),"Process terminated:
RuleName: -
UtcTime: 2023-04-15 11:23:03.515
ProcessGuid: {2048537D-8912-643A-7D00-000000000800}
ProcessId: 68
Image: C:\Windows\System32\dllhost.exe
User: NT AUTHORITY\SYSTEM"
Information,4/15/2023 8:23:03 PM,Microsoft-Windows-Sysmon,5,Process terminated (rule: ProcessTerminate),"Process terminated:
RuleName: -
UtcTime: 2023-04-15 11:23:03.499
ProcessGuid: {2048537D-8912-643A-7C00-000000000800}
ProcessId: 3192
Image: C:\Windows\System32\dllhost.exe
User: NT AUTHORITY\SYSTEM"
Information,4/15/2023 8:22:58 PM,Microsoft-Windows-Sysmon,1,Process Create (rule: ProcessCreate),"Process Create:
RuleName: -
UtcTime: 2023-04-15 11:22:58.519
ProcessGuid: {2048537D-8912-643A-7E00-000000000800}
ProcessId: 2696
Image: C:\Windows\System32\SystemSettingsAdminFlows.exe
FileVersion: 10.0.14393.953 (rs1_release_inmarket.170303-1614)
Description: Settings
Product: Microsoft® Windows® Operating System
Company: Microsoft Corporation
OriginalFileName: SystemSettingsAdminFlows.EXE
CommandLine: ""C:\Windows\system32\SystemSettingsAdminFlows.exe"" LanguagePackInstaller
CurrentDirectory: C:\Windows\system32\
User: EXAMPLECOMPANY\admin
LogonGuid: {2048537D-87D0-643A-366A-030000000000}
LogonId: 0x36A36
TerminalSessionId: 1
IntegrityLevel: High
Hashes: SHA256=0F2429231FBDEB74DF51ACFA3857F2B1A8E7110767CD0A686B8C081DC57B474E
ParentProcessGuid: {2048537D-890A-643A-7600-000000000800}
ParentProcessId: 3920
ParentImage: C:\Windows\ImmersiveControlPanel\SystemSettings.exe
ParentCommandLine: ""C:\Windows\ImmersiveControlPanel\SystemSettings.exe"" -ServerName:microsoft.windows.immersivecontrolpanel
ParentUser: EXAMPLECOMPANY\admin"
Information,4/15/2023 8:22:58 PM,Microsoft-Windows-Sysmon,1,Process Create (rule: ProcessCreate),"Process Create:
RuleName: -
UtcTime: 2023-04-15 11:22:58.510
ProcessGuid: {2048537D-8912-643A-7D00-000000000800}
ProcessId: 68
Image: C:\Windows\System32\dllhost.exe
FileVersion: 10.0.14393.0 (rs1_release.160715-1616)
Description: COM Surrogate
Product: Microsoft® Windows® Operating System
Company: Microsoft Corporation
OriginalFileName: dllhost.exe
CommandLine: C:\Windows\system32\DllHost.exe /Processid:{E10F6C3A-F1AE-4ADC-AA9D-2FE65525666E}
CurrentDirectory: C:\Windows\system32\
User: NT AUTHORITY\SYSTEM
LogonGuid: {2048537D-8778-643A-E703-000000000000}
LogonId: 0x3E7
TerminalSessionId: 0
IntegrityLevel: System
Hashes: SHA256=EE8364C07B3F4F71FA649E0E6C4C73C15D285130E4B16E79890EEBBF89C2164E
ParentProcessGuid: {00000000-0000-0000-0000-000000000000}
ParentProcessId: 732
ParentImage: -
ParentCommandLine: -
ParentUser: -"
Information,4/15/2023 8:22:58 PM,Microsoft-Windows-Sysmon,5,Process terminated (rule: ProcessTerminate),"Process terminated:
RuleName: -
UtcTime: 2023-04-15 11:22:58.493
ProcessGuid: {2048537D-8912-643A-7B00-000000000800}
ProcessId: 4836
Image: C:\Windows\System32\consent.exe
User: NT AUTHORITY\SYSTEM"
Information,4/15/2023 8:22:58 PM,Microsoft-Windows-Sysmon,1,Process Create (rule: ProcessCreate),"Process Create:
RuleName: -
UtcTime: 2023-04-15 11:22:58.497
ProcessGuid: {2048537D-8912-643A-7C00-000000000800}
ProcessId: 3192
Image: C:\Windows\System32\dllhost.exe
FileVersion: 10.0.14393.0 (rs1_release.160715-1616)
Description: COM Surrogate
Product: Microsoft® Windows® Operating System
Company: Microsoft Corporation
OriginalFileName: dllhost.exe
CommandLine: C:\Windows\system32\DllHost.exe /Processid:{E10F6C3A-F1AE-4ADC-AA9D-2FE65525666E}
CurrentDirectory: C:\Windows\system32\
User: NT AUTHORITY\SYSTEM
LogonGuid: {2048537D-8778-643A-E703-000000000000}
LogonId: 0x3E7
TerminalSessionId: 1
IntegrityLevel: System
Hashes: SHA256=EE8364C07B3F4F71FA649E0E6C4C73C15D285130E4B16E79890EEBBF89C2164E
ParentProcessGuid: {00000000-0000-0000-0000-000000000000}
ParentProcessId: 732
ParentImage: -
ParentCommandLine: -
ParentUser: -"
Information,4/15/2023 8:22:58 PM,Microsoft-Windows-Sysmon,1,Process Create (rule: ProcessCreate),"Process Create:
RuleName: -
UtcTime: 2023-04-15 11:22:58.473
ProcessGuid: {2048537D-8912-643A-7B00-000000000800}
ProcessId: 4836
Image: C:\Windows\System32\consent.exe
FileVersion: 10.0.14393.0 (rs1_release.160715-1616)
Description: Consent UI for administrative applications
Product: Microsoft® Windows® Operating System
Company: Microsoft Corporation
OriginalFileName: consent.exe
CommandLine: consent.exe 932 456 000002465E273A50
CurrentDirectory: C:\Windows\system32\
User: NT AUTHORITY\SYSTEM
LogonGuid: {2048537D-8778-643A-E703-000000000000}
LogonId: 0x3E7
TerminalSessionId: 1
IntegrityLevel: System
Hashes: SHA256=8B1522BA0FE25D268781C2DF68BAE2BA4991D5BD02F161E61DE1B9194AE54DFA
ParentProcessGuid: {00000000-0000-0000-0000-000000000000}
ParentProcessId: 932
ParentImage: -
ParentCommandLine: -
ParentUser: -"
Information,4/15/2023 8:22:58 PM,Microsoft-Windows-Sysmon,1,Process Create (rule: ProcessCreate),"Process Create:
RuleName: -
UtcTime: 2023-04-15 11:22:58.454
ProcessGuid: {2048537D-8912-643A-7A00-000000000800}
ProcessId: 3188
Image: C:\Windows\System32\dllhost.exe
FileVersion: 10.0.14393.0 (rs1_release.160715-1616)
Description: COM Surrogate
Product: Microsoft® Windows® Operating System
Company: Microsoft Corporation
OriginalFileName: dllhost.exe
CommandLine: C:\Windows\system32\DllHost.exe /Processid:{133EAC4F-5891-4D04-BADA-D84870380A80}
CurrentDirectory: C:\Windows\system32\
User: NT AUTHORITY\SYSTEM
LogonGuid: {2048537D-8778-643A-E703-000000000000}
LogonId: 0x3E7
TerminalSessionId: 0
IntegrityLevel: System
Hashes: SHA256=EE8364C07B3F4F71FA649E0E6C4C73C15D285130E4B16E79890EEBBF89C2164E
ParentProcessGuid: {00000000-0000-0000-0000-000000000000}
ParentProcessId: 732
ParentImage: -
ParentCommandLine: -
ParentUser: -"
Information,4/15/2023 8:22:58 PM,Microsoft-Windows-Sysmon,1,Process Create (rule: ProcessCreate),"Process Create:
RuleName: -
UtcTime: 2023-04-15 11:22:58.439
ProcessGuid: {2048537D-8912-643A-7900-000000000800}
ProcessId: 3332
Image: C:\Windows\System32\taskhostw.exe
FileVersion: 10.0.14393.0 (rs1_release.160715-1616)
Description: Host Process for Windows Tasks
Product: Microsoft® Windows® Operating System
Company: Microsoft Corporation
OriginalFileName: taskhostw.exe
CommandLine: taskhostw.exe
CurrentDirectory: C:\Windows\system32\
User: NT AUTHORITY\SYSTEM
LogonGuid: {2048537D-8778-643A-E703-000000000000}
LogonId: 0x3E7
TerminalSessionId: 0
IntegrityLevel: System
Hashes: SHA256=A0A677D6C943AD1A7BC1879DFCCB400211DF68100F8EDD7BA6120067A18BEE0B
ParentProcessGuid: {00000000-0000-0000-0000-000000000000}
ParentProcessId: 932
ParentImage: -
ParentCommandLine: -
ParentUser: -"
