Information,4/15/2023 8:53:32 PM,Microsoft-Windows-Sysmon,1,Process Create (rule: ProcessCreate),"Process Create:
RuleName: -
UtcTime: 2023-04-15 11:53:32.527
ProcessGuid: {2048537D-903C-643A-B600-000000000A00}
ProcessId: 4524
Image: C:\Windows\System32\DsmUserTask.exe
FileVersion: 10.0.14393.0 (rs1_release.160715-1616)
Description: Device Setup Manager User Task Handler
Product: Microsoft® Windows® Operating System
Company: Microsoft Corporation
OriginalFileName: DsmUserTask.exe
CommandLine: DsmUserTask.Exe 6-USB\VID_0E0F&PID_0003&MI_01\7&2A0405E8&0&0001,6-USB\VID_0E0F&PID_0003&MI_00\7&2A0405E8&0&0000
CurrentDirectory: C:\Windows\system32\
User: EXAMPLECOMPANY\admin
LogonGuid: {2048537D-8D5D-643A-7B45-030000000000}
LogonId: 0x3457B
TerminalSessionId: 1
IntegrityLevel: Medium
Hashes: SHA256=E2A467FCA75950B2A72CDFC63E415431DFD15EE5BEA1937EC2ABA640BDDAA638
ParentProcessGuid: {00000000-0000-0000-0000-000000000000}
ParentProcessId: 952
ParentImage: -
ParentCommandLine: -
ParentUser: -"
Information,4/15/2023 8:53:22 PM,Microsoft-Windows-Sysmon,5,Process terminated (rule: ProcessTerminate),"Process terminated:
RuleName: -
UtcTime: 2023-04-15 11:53:22.230
ProcessGuid: {2048537D-900F-643A-B500-000000000A00}
ProcessId: 4104
Image: C:\Windows\System32\dllhost.exe
User: NT AUTHORITY\SYSTEM"
Information,4/15/2023 8:53:17 PM,Microsoft-Windows-Sysmon,5,Process terminated (rule: ProcessTerminate),"Process terminated:
RuleName: -
UtcTime: 2023-04-15 11:53:17.230
ProcessGuid: {2048537D-900F-643A-B400-000000000A00}
ProcessId: 4996
Image: C:\Windows\System32\taskhostw.exe
User: NT AUTHORITY\SYSTEM"
Information,4/15/2023 8:52:59 PM,Microsoft-Windows-Sysmon,5,Process terminated (rule: ProcessTerminate),"Process terminated:
RuleName: -
UtcTime: 2023-04-15 11:52:59.355
ProcessGuid: {2048537D-8FB9-643A-9E00-000000000A00}
ProcessId: 3292
Image: C:\Windows\System32\wbem\WmiPrvSE.exe
User: NT AUTHORITY\SYSTEM"
Information,4/15/2023 8:52:59 PM,Microsoft-Windows-Sysmon,5,Process terminated (rule: ProcessTerminate),"Process terminated:
RuleName: -
UtcTime: 2023-04-15 11:52:59.355
ProcessGuid: {2048537D-8FB7-643A-9D00-000000000A00}
ProcessId: 4132
Image: C:\Windows\System32\wbem\WmiPrvSE.exe
User: NT AUTHORITY\LOCAL SERVICE"
Information,4/15/2023 8:52:49 PM,Microsoft-Windows-Sysmon,5,Process terminated (rule: ProcessTerminate),"Process terminated:
RuleName: -
UtcTime: 2023-04-15 11:52:49.543
ProcessGuid: {2048537D-900C-643A-B200-000000000A00}
ProcessId: 4688
Image: C:\Windows\System32\IME\SHARED\ImeBroker.exe
User: EXAMPLECOMPANY\admin"
Information,4/15/2023 8:52:47 PM,Microsoft-Windows-Sysmon,1,Process Create (rule: ProcessCreate),"Process Create:
RuleName: -
UtcTime: 2023-04-15 11:52:47.243
ProcessGuid: {2048537D-900F-643A-B500-000000000A00}
ProcessId: 4104
Image: C:\Windows\System32\dllhost.exe
FileVersion: 10.0.14393.0 (rs1_release.160715-1616)
Description: COM Surrogate
Product: Microsoft® Windows® Operating System
Company: Microsoft Corporation
OriginalFileName: dllhost.exe
CommandLine: C:\Windows\system32\DllHost.exe /Processid:{133EAC4F-5891-4D04-BADA-D84870380A80}
CurrentDirectory: C:\Windows\system32\
User: NT AUTHORITY\SYSTEM
LogonGuid: {2048537D-8D03-643A-E703-000000000000}
LogonId: 0x3E7
TerminalSessionId: 0
IntegrityLevel: System
Hashes: SHA256=EE8364C07B3F4F71FA649E0E6C4C73C15D285130E4B16E79890EEBBF89C2164E
ParentProcessGuid: {00000000-0000-0000-0000-000000000000}
ParentProcessId: 736
ParentImage: -
ParentCommandLine: -
ParentUser: -"
Information,4/15/2023 8:52:47 PM,Microsoft-Windows-Sysmon,1,Process Create (rule: ProcessCreate),"Process Create:
RuleName: -
UtcTime: 2023-04-15 11:52:47.223
ProcessGuid: {2048537D-900F-643A-B400-000000000A00}
ProcessId: 4996
Image: C:\Windows\System32\taskhostw.exe
FileVersion: 10.0.14393.0 (rs1_release.160715-1616)
Description: Host Process for Windows Tasks
Product: Microsoft® Windows® Operating System
Company: Microsoft Corporation
OriginalFileName: taskhostw.exe
CommandLine: taskhostw.exe
CurrentDirectory: C:\Windows\system32\
User: NT AUTHORITY\SYSTEM
LogonGuid: {2048537D-8D03-643A-E703-000000000000}
LogonId: 0x3E7
TerminalSessionId: 0
IntegrityLevel: System
Hashes: SHA256=A0A677D6C943AD1A7BC1879DFCCB400211DF68100F8EDD7BA6120067A18BEE0B
ParentProcessGuid: {00000000-0000-0000-0000-000000000000}
ParentProcessId: 952
ParentImage: -
ParentCommandLine: -
ParentUser: -"
Information,4/15/2023 8:52:46 PM,Microsoft-Windows-Sysmon,5,Process terminated (rule: ProcessTerminate),"Process terminated:
RuleName: -
UtcTime: 2023-04-15 11:52:46.808
ProcessGuid: {2048537D-9009-643A-AE00-000000000A00}
ProcessId: 3084
Image: C:\Windows\System32\dllhost.exe
User: NT AUTHORITY\SYSTEM"
Information,4/15/2023 8:52:44 PM,Microsoft-Windows-Sysmon,1,Process Create (rule: ProcessCreate),"Process Create:
RuleName: -
UtcTime: 2023-04-15 11:52:44.535
ProcessGuid: {2048537D-900C-643A-B300-000000000A00}
ProcessId: 1948
Image: C:\Windows\System32\backgroundTaskHost.exe
FileVersion: 10.0.14393.0 (rs1_release.160715-1616)
Description: Background Task Host
Product: Microsoft® Windows® Operating System
Company: Microsoft Corporation
OriginalFileName: backgroundTaskHost.exe
CommandLine: ""C:\Windows\system32\backgroundTaskHost.exe"" -ServerName:CortanaUI.AppXy7vb4pc2dr3kc93kfc509b1d0arkfb2x.mca
CurrentDirectory: C:\Windows\SystemApps\Microsoft.Windows.Cortana_cw5n1h2txyewy\
User: EXAMPLECOMPANY\admin
LogonGuid: {2048537D-8D5D-643A-7B45-030000000000}
LogonId: 0x3457B
TerminalSessionId: 1
IntegrityLevel: AppContainer
Hashes: SHA256=23A80E09DAE6DB17909E81B1CA7E9BF43158BDEE69C1646125FC62E6BFE2745B
ParentProcessGuid: {00000000-0000-0000-0000-000000000000}
ParentProcessId: 736
ParentImage: -
ParentCommandLine: -
ParentUser: -"
Information,4/15/2023 8:52:44 PM,Microsoft-Windows-Sysmon,1,Process Create (rule: ProcessCreate),"Process Create:
RuleName: -
UtcTime: 2023-04-15 11:52:44.511
ProcessGuid: {2048537D-900C-643A-B200-000000000A00}
ProcessId: 4688
Image: C:\Windows\System32\IME\SHARED\ImeBroker.exe
FileVersion: 10.0.14393.1480 (rs1_release.170706-2004)
Description: Microsoft IME
Product: Microsoft® Windows® Operating System
Company: Microsoft Corporation
OriginalFileName: ImeBroker.exe
CommandLine: C:\Windows\System32\IME\SHARED\imebroker.exe -Embedding
CurrentDirectory: C:\Windows\system32\
User: EXAMPLECOMPANY\admin
LogonGuid: {2048537D-8D5D-643A-7B45-030000000000}
LogonId: 0x3457B
TerminalSessionId: 1
IntegrityLevel: Medium
Hashes: SHA256=70ABEEFE7986B98D41D954DD9FD35279F11228EEBCDEDDC5652718E702FAAE80
ParentProcessGuid: {00000000-0000-0000-0000-000000000000}
ParentProcessId: 736
ParentImage: -
ParentCommandLine: -
ParentUser: -"
Information,4/15/2023 8:52:43 PM,Microsoft-Windows-Sysmon,5,Process terminated (rule: ProcessTerminate),"Process terminated:
RuleName: -
UtcTime: 2023-04-15 11:52:43.496
ProcessGuid: {2048537D-9009-643A-AF00-000000000A00}
ProcessId: 4124
Image: C:\Windows\System32\fodhelper.exe
User: EXAMPLECOMPANY\admin"
Information,4/15/2023 8:52:43 PM,Microsoft-Windows-Sysmon,1,Process Create (rule: ProcessCreate),"Process Create:
RuleName: -
UtcTime: 2023-04-15 11:52:43.435
ProcessGuid: {2048537D-900B-643A-B100-000000000A00}
ProcessId: 3752
Image: C:\Windows\System32\svchost.exe
FileVersion: 10.0.14393.0 (rs1_release.160715-1616)
Description: Host Process for Windows Services
Product: Microsoft® Windows® Operating System
Company: Microsoft Corporation
OriginalFileName: svchost.exe
CommandLine: C:\Windows\System32\svchost.exe -k swprv
CurrentDirectory: C:\Windows\system32\
User: NT AUTHORITY\SYSTEM
LogonGuid: {2048537D-8D03-643A-E703-000000000000}
LogonId: 0x3E7
TerminalSessionId: 0
IntegrityLevel: System
Hashes: SHA256=438B6CCD84F4DD32D9684ED7D58FD7D1E5A75FE3F3D12AB6C788E6BB0FFAD5E7
ParentProcessGuid: {00000000-0000-0000-0000-000000000000}
ParentProcessId: 556
ParentImage: -
ParentCommandLine: -
ParentUser: -"
Information,4/15/2023 8:52:43 PM,Microsoft-Windows-Sysmon,1,Process Create (rule: ProcessCreate),"Process Create:
RuleName: -
UtcTime: 2023-04-15 11:52:43.420
ProcessGuid: {2048537D-900B-643A-B000-000000000A00}
ProcessId: 2176
Image: C:\Windows\System32\VSSVC.exe
FileVersion: 10.0.14393.1198 (rs1_release_sec.170427-1353)
Description: Microsoft® Volume Shadow Copy Service
Product: Microsoft® Windows® Operating System
Company: Microsoft Corporation
OriginalFileName: VSSVC.EXE
CommandLine: C:\Windows\system32\vssvc.exe
CurrentDirectory: C:\Windows\system32\
User: NT AUTHORITY\SYSTEM
LogonGuid: {2048537D-8D03-643A-E703-000000000000}
LogonId: 0x3E7
TerminalSessionId: 0
IntegrityLevel: System
Hashes: SHA256=0F267FC985E0CA3624FC5F4DDA25623649BAD544772179261576F793A0485523
ParentProcessGuid: {00000000-0000-0000-0000-000000000000}
ParentProcessId: 556
ParentImage: -
ParentCommandLine: -
ParentUser: -"
Information,4/15/2023 8:52:41 PM,Microsoft-Windows-Sysmon,1,Process Create (rule: ProcessCreate),"Process Create:
RuleName: -
UtcTime: 2023-04-15 11:52:41.814
ProcessGuid: {2048537D-9009-643A-AF00-000000000A00}
ProcessId: 4124
Image: C:\Windows\System32\fodhelper.exe
FileVersion: 10.0.14393.0 (rs1_release.160715-1616)
Description: Features On Demand Helper
Product: Microsoft® Windows® Operating System
Company: Microsoft Corporation
OriginalFileName: FodHelper.EXE
CommandLine: C:\Windows\System32\FodHelper.exe -Embedding
CurrentDirectory: C:\Windows\system32\
User: EXAMPLECOMPANY\admin
LogonGuid: {2048537D-8D5D-643A-5E45-030000000000}
LogonId: 0x3455E
TerminalSessionId: 1
IntegrityLevel: High
Hashes: SHA256=4346962B31D93DD4E8B5164E6167BB030FC0CA7C77EC0BB6AB798A1E8CD9488E
ParentProcessGuid: {00000000-0000-0000-0000-000000000000}
ParentProcessId: 736
ParentImage: -
ParentCommandLine: -
ParentUser: -"
Information,4/15/2023 8:52:41 PM,Microsoft-Windows-Sysmon,1,Process Create (rule: ProcessCreate),"Process Create:
RuleName: -
UtcTime: 2023-04-15 11:52:41.804
ProcessGuid: {2048537D-9009-643A-AE00-000000000A00}
ProcessId: 3084
Image: C:\Windows\System32\dllhost.exe
FileVersion: 10.0.14393.0 (rs1_release.160715-1616)
Description: COM Surrogate
Product: Microsoft® Windows® Operating System
Company: Microsoft Corporation
OriginalFileName: dllhost.exe
CommandLine: C:\Windows\system32\DllHost.exe /Processid:{E10F6C3A-F1AE-4ADC-AA9D-2FE65525666E}
CurrentDirectory: C:\Windows\system32\
User: NT AUTHORITY\SYSTEM
LogonGuid: {2048537D-8D03-643A-E703-000000000000}
LogonId: 0x3E7
TerminalSessionId: 0
IntegrityLevel: System
Hashes: SHA256=EE8364C07B3F4F71FA649E0E6C4C73C15D285130E4B16E79890EEBBF89C2164E
ParentProcessGuid: {00000000-0000-0000-0000-000000000000}
ParentProcessId: 736
ParentImage: -
ParentCommandLine: -
ParentUser: -"
Information,4/15/2023 8:52:41 PM,Microsoft-Windows-Sysmon,5,Process terminated (rule: ProcessTerminate),"Process terminated:
RuleName: -
UtcTime: 2023-04-15 11:52:41.793
ProcessGuid: {2048537D-9009-643A-AD00-000000000A00}
ProcessId: 4748
Image: C:\Windows\System32\consent.exe
User: NT AUTHORITY\SYSTEM"
Information,4/15/2023 8:52:41 PM,Microsoft-Windows-Sysmon,1,Process Create (rule: ProcessCreate),"Process Create:
RuleName: -
UtcTime: 2023-04-15 11:52:41.768
ProcessGuid: {2048537D-9009-643A-AD00-000000000A00}
ProcessId: 4748
Image: C:\Windows\System32\consent.exe
FileVersion: 10.0.14393.0 (rs1_release.160715-1616)
Description: Consent UI for administrative applications
Product: Microsoft® Windows® Operating System
Company: Microsoft Corporation
OriginalFileName: consent.exe
CommandLine: consent.exe 952 302 000001747C4C8470
CurrentDirectory: C:\Windows\system32\
User: NT AUTHORITY\SYSTEM
LogonGuid: {2048537D-8D03-643A-E703-000000000000}
LogonId: 0x3E7
TerminalSessionId: 1
IntegrityLevel: System
Hashes: SHA256=8B1522BA0FE25D268781C2DF68BAE2BA4991D5BD02F161E61DE1B9194AE54DFA
ParentProcessGuid: {00000000-0000-0000-0000-000000000000}
ParentProcessId: 952
ParentImage: -
ParentCommandLine: -
ParentUser: -"
Information,4/15/2023 8:52:12 PM,Microsoft-Windows-Sysmon,5,Process terminated (rule: ProcessTerminate),"Process terminated:
RuleName: -
UtcTime: 2023-04-15 11:52:12.668
ProcessGuid: {2048537D-8FD3-643A-A600-000000000A00}
ProcessId: 4476
Image: C:\Windows\System32\wermgr.exe
User: NT AUTHORITY\SYSTEM"
Information,4/15/2023 8:52:12 PM,Microsoft-Windows-Sysmon,1,Process Create (rule: ProcessCreate),"Process Create:
RuleName: -
UtcTime: 2023-04-15 11:52:12.310
ProcessGuid: {2048537D-8FEC-643A-AC00-000000000A00}
ProcessId: 2192
Image: C:\Windows\System32\svchost.exe
FileVersion: 10.0.14393.0 (rs1_release.160715-1616)
Description: Host Process for Windows Services
Product: Microsoft® Windows® Operating System
Company: Microsoft Corporation
OriginalFileName: svchost.exe
CommandLine: C:\Windows\system32\svchost.exe -k UnistackSvcGroup
CurrentDirectory: C:\Windows\system32\
User: EXAMPLECOMPANY\admin
LogonGuid: {2048537D-8D5D-643A-7B45-030000000000}
LogonId: 0x3457B
TerminalSessionId: 1
IntegrityLevel: Medium
Hashes: SHA256=438B6CCD84F4DD32D9684ED7D58FD7D1E5A75FE3F3D12AB6C788E6BB0FFAD5E7
ParentProcessGuid: {00000000-0000-0000-0000-000000000000}
ParentProcessId: 556
ParentImage: -
ParentCommandLine: -
ParentUser: -"
Information,4/15/2023 8:52:09 PM,Microsoft-Windows-Sysmon,5,Process terminated (rule: ProcessTerminate),"Process terminated:
RuleName: -
UtcTime: 2023-04-15 11:52:09.308
ProcessGuid: {2048537D-8D5D-643A-3E00-000000000A00}
ProcessId: 3612
Image: C:\Windows\System32\svchost.exe
User: EXAMPLECOMPANY\admin"
Information,4/15/2023 8:52:09 PM,Microsoft-Windows-Sysmon,5,Process terminated (rule: ProcessTerminate),"Process terminated:
RuleName: -
UtcTime: 2023-04-15 11:52:09.308
ProcessGuid: {2048537D-8FDA-643A-A900-000000000A00}
ProcessId: 1516
Image: C:\Windows\System32\WerFault.exe
User: EXAMPLECOMPANY\admin"
Information,4/15/2023 8:52:03 PM,Microsoft-Windows-Sysmon,5,Process terminated (rule: ProcessTerminate),"Process terminated:
RuleName: -
UtcTime: 2023-04-15 11:52:03.933
ProcessGuid: {2048537D-8FE1-643A-AB00-000000000A00}
ProcessId: 2660
Image: C:\Windows\System32\PING.EXE
User: EXAMPLECOMPANY\admin"
Information,4/15/2023 8:52:01 PM,Microsoft-Windows-Sysmon,1,Process Create (rule: ProcessCreate),"Process Create:
RuleName: -
UtcTime: 2023-04-15 11:52:01.227
ProcessGuid: {2048537D-8FE1-643A-AB00-000000000A00}
ProcessId: 2660
Image: C:\Windows\System32\PING.EXE
FileVersion: 10.0.14393.0 (rs1_release.160715-1616)
Description: TCP/IP Ping Command
Product: Microsoft® Windows® Operating System
Company: Microsoft Corporation
OriginalFileName: ping.exe
CommandLine: ping  google.com
CurrentDirectory: C:\Users\admin\
User: EXAMPLECOMPANY\admin
LogonGuid: {2048537D-8D5D-643A-7B45-030000000000}
LogonId: 0x3457B
TerminalSessionId: 1
IntegrityLevel: Medium
Hashes: SHA256=ED7FA5B3CCBDD31A9E83F7C59F78AB5E2C83C7FEEDCC5F8B95948D11EBD7FF34
ParentProcessGuid: {2048537D-8F75-643A-8C00-000000000A00}
ParentProcessId: 4004
ParentImage: C:\Windows\System32\cmd.exe
ParentCommandLine: ""C:\Windows\system32\cmd.exe"" 
ParentUser: EXAMPLECOMPANY\admin"
Information,4/15/2023 8:52:00 PM,Microsoft-Windows-Sysmon,5,Process terminated (rule: ProcessTerminate),"Process terminated:
RuleName: -
UtcTime: 2023-04-15 11:52:00.715
ProcessGuid: {2048537D-8F6E-643A-8400-000000000A00}
ProcessId: 3132
Image: C:\Program Files\Windows Defender\MpCmdRun.exe
User: NT AUTHORITY\NETWORK SERVICE"
Information,4/15/2023 8:51:59 PM,Microsoft-Windows-Sysmon,5,Process terminated (rule: ProcessTerminate),"Process terminated:
RuleName: -
UtcTime: 2023-04-15 11:51:59.824
ProcessGuid: {2048537D-8FA0-643A-9600-000000000A00}
ProcessId: 4812
Image: C:\Windows\System32\taskhostw.exe
User: NT AUTHORITY\SYSTEM"
Information,4/15/2023 8:51:59 PM,Microsoft-Windows-Sysmon,1,Process Create (rule: ProcessCreate),"Process Create:
RuleName: -
UtcTime: 2023-04-15 11:51:59.290
ProcessGuid: {2048537D-8FDF-643A-AA00-000000000A00}
ProcessId: 940
Image: C:\Windows\System32\wbem\WmiPrvSE.exe
FileVersion: 10.0.14393.0 (rs1_release.160715-1616)
Description: WMI Provider Host
Product: Microsoft® Windows® Operating System
Company: Microsoft Corporation
OriginalFileName: Wmiprvse.exe
CommandLine: C:\Windows\system32\wbem\wmiprvse.exe -Embedding
CurrentDirectory: C:\Windows\system32\
User: NT AUTHORITY\SYSTEM
LogonGuid: {2048537D-8D03-643A-E703-000000000000}
LogonId: 0x3E7
TerminalSessionId: 0
IntegrityLevel: System
Hashes: SHA256=B62ACACFCAF99A50149F9DCE06136D478723992A61014FC3DBAE81289FE219F9
ParentProcessGuid: {00000000-0000-0000-0000-000000000000}
ParentProcessId: 736
ParentImage: -
ParentCommandLine: -
ParentUser: -"
Information,4/15/2023 8:51:55 PM,Microsoft-Windows-Sysmon,5,Process terminated (rule: ProcessTerminate),"Process terminated:
RuleName: -
UtcTime: 2023-04-15 11:51:55.511
ProcessGuid: {2048537D-8FC7-643A-A400-000000000A00}
ProcessId: 4540
Image: C:\Windows\System32\dllhost.exe
User: EXAMPLECOMPANY\admin"
Information,4/15/2023 8:51:54 PM,Microsoft-Windows-Sysmon,1,Process Create (rule: ProcessCreate),"Process Create:
RuleName: -
UtcTime: 2023-04-15 11:51:54.678
ProcessGuid: {2048537D-8FDA-643A-A900-000000000A00}
ProcessId: 1516
Image: C:\Windows\System32\WerFault.exe
FileVersion: 10.0.14393.1884 (rs1_release.171101-1233)
Description: Windows Problem Reporting
Product: Microsoft® Windows® Operating System
Company: Microsoft Corporation
OriginalFileName: WerFault.exe
CommandLine: C:\Windows\system32\WerFault.exe -u -p 3612 -s 2096
CurrentDirectory: C:\Windows\system32\
User: EXAMPLECOMPANY\admin
LogonGuid: {2048537D-8D5D-643A-7B45-030000000000}
LogonId: 0x3457B
TerminalSessionId: 1
IntegrityLevel: Medium
Hashes: SHA256=973D7D9AEB644B077EEB2B079CF77C17011D7F43C5498CA565C12B98C2A69B58
ParentProcessGuid: {2048537D-8D5D-643A-3E00-000000000A00}
ParentProcessId: 3612
ParentImage: C:\Windows\System32\svchost.exe
ParentCommandLine: C:\Windows\system32\svchost.exe -k UnistackSvcGroup
ParentUser: EXAMPLECOMPANY\admin"
Information,4/15/2023 8:51:54 PM,Microsoft-Windows-Sysmon,1,Process Create (rule: ProcessCreate),"Process Create:
RuleName: -
UtcTime: 2023-04-15 11:51:54.667
ProcessGuid: {2048537D-8FDA-643A-A800-000000000A00}
ProcessId: 4224
Image: C:\Windows\System32\svchost.exe
FileVersion: 10.0.14393.0 (rs1_release.160715-1616)
Description: Host Process for Windows Services
Product: Microsoft® Windows® Operating System
Company: Microsoft Corporation
OriginalFileName: svchost.exe
CommandLine: C:\Windows\System32\svchost.exe -k WerSvcGroup
CurrentDirectory: C:\Windows\system32\
User: NT AUTHORITY\SYSTEM
LogonGuid: {2048537D-8D03-643A-E703-000000000000}
LogonId: 0x3E7
TerminalSessionId: 0
IntegrityLevel: System
Hashes: SHA256=438B6CCD84F4DD32D9684ED7D58FD7D1E5A75FE3F3D12AB6C788E6BB0FFAD5E7
ParentProcessGuid: {00000000-0000-0000-0000-000000000000}
ParentProcessId: 556
ParentImage: -
ParentCommandLine: -
ParentUser: -"
Information,4/15/2023 8:51:47 PM,Microsoft-Windows-Sysmon,5,Process terminated (rule: ProcessTerminate),"Process terminated:
RuleName: -
UtcTime: 2023-04-15 11:51:47.308
ProcessGuid: {2048537D-8F79-643A-8E00-000000000A00}
ProcessId: 3620
Image: C:\Windows\System32\backgroundTaskHost.exe
User: EXAMPLECOMPANY\admin"
Information,4/15/2023 8:51:47 PM,Microsoft-Windows-Sysmon,5,Process terminated (rule: ProcessTerminate),"Process terminated:
RuleName: -
UtcTime: 2023-04-15 11:51:47.058
ProcessGuid: {2048537D-8FD3-643A-A500-000000000A00}
ProcessId: 4184
Image: C:\Windows\System32\wermgr.exe
User: NT AUTHORITY\SYSTEM"
Information,4/15/2023 8:51:47 PM,Microsoft-Windows-Sysmon,1,Process Create (rule: ProcessCreate),"Process Create:
RuleName: -
UtcTime: 2023-04-15 11:51:47.061
ProcessGuid: {2048537D-8FD3-643A-A600-000000000A00}
ProcessId: 4476
Image: C:\Windows\System32\wermgr.exe
FileVersion: 10.0.14393.1884 (rs1_release.171101-1233)
Description: Windows Problem Reporting
Product: Microsoft® Windows® Operating System
Company: Microsoft Corporation
OriginalFileName: WerMgr
CommandLine: C:\Windows\system32\wermgr.exe -upload
CurrentDirectory: C:\Windows\system32\
User: NT AUTHORITY\SYSTEM
LogonGuid: {2048537D-8D03-643A-E703-000000000000}
LogonId: 0x3E7
TerminalSessionId: 0
IntegrityLevel: System
Hashes: SHA256=99A3BBD357A66BBBE00D9215277A42417D1EC243BB5B88D12324318592BBFD58
ParentProcessGuid: {00000000-0000-0000-0000-000000000000}
ParentProcessId: 952
ParentImage: -
ParentCommandLine: -
ParentUser: -"
Information,4/15/2023 8:51:47 PM,Microsoft-Windows-Sysmon,1,Process Create (rule: ProcessCreate),"Process Create:
RuleName: -
UtcTime: 2023-04-15 11:51:47.045
ProcessGuid: {2048537D-8FD3-643A-A500-000000000A00}
ProcessId: 4184
Image: C:\Windows\System32\wermgr.exe
FileVersion: 10.0.14393.1884 (rs1_release.171101-1233)
Description: Windows Problem Reporting
Product: Microsoft® Windows® Operating System
Company: Microsoft Corporation
OriginalFileName: WerMgr
CommandLine: ""C:\Windows\system32\wermgr.exe"" ""-outproc"" ""0"" ""952"" ""9512"" ""9000"" ""9504"" ""0"" ""0"" ""0"" ""0"" ""0"" ""0"" ""0"" ""0"" 
CurrentDirectory: C:\Windows\system32\
User: NT AUTHORITY\SYSTEM
LogonGuid: {2048537D-8D03-643A-E703-000000000000}
LogonId: 0x3E7
TerminalSessionId: 0
IntegrityLevel: System
Hashes: SHA256=99A3BBD357A66BBBE00D9215277A42417D1EC243BB5B88D12324318592BBFD58
ParentProcessGuid: {00000000-0000-0000-0000-000000000000}
ParentProcessId: 952
ParentImage: -
ParentCommandLine: -
ParentUser: -"
Information,4/15/2023 8:51:42 PM,Microsoft-Windows-Sysmon,5,Process terminated (rule: ProcessTerminate),"Process terminated:
RuleName: -
UtcTime: 2023-04-15 11:51:42.058
ProcessGuid: {2048537D-8F6E-643A-8600-000000000A00}
ProcessId: 4100
Image: C:\Windows\System32\conhost.exe
User: NT AUTHORITY\SYSTEM"
Information,4/15/2023 8:51:42 PM,Microsoft-Windows-Sysmon,5,Process terminated (rule: ProcessTerminate),"Process terminated:
RuleName: -
UtcTime: 2023-04-15 11:51:42.058
ProcessGuid: {2048537D-8F6E-643A-8500-000000000A00}
ProcessId: 3856
Image: C:\Program Files\Windows Defender\MpCmdRun.exe
User: NT AUTHORITY\SYSTEM"
Information,4/15/2023 8:51:40 PM,Microsoft-Windows-Sysmon,5,Process terminated (rule: ProcessTerminate),"Process terminated:
RuleName: -
UtcTime: 2023-04-15 11:51:40.933
ProcessGuid: {2048537D-8FC7-643A-A300-000000000A00}
ProcessId: 4728
Image: C:\Windows\System32\dllhost.exe
User: NT AUTHORITY\SYSTEM"
Information,4/15/2023 8:51:35 PM,Microsoft-Windows-Sysmon,1,Process Create (rule: ProcessCreate),"Process Create:
RuleName: -
UtcTime: 2023-04-15 11:51:35.948
ProcessGuid: {2048537D-8FC7-643A-A400-000000000A00}
ProcessId: 4540
Image: C:\Windows\System32\dllhost.exe
FileVersion: 10.0.14393.0 (rs1_release.160715-1616)
Description: COM Surrogate
Product: Microsoft® Windows® Operating System
Company: Microsoft Corporation
OriginalFileName: dllhost.exe
CommandLine: C:\Windows\system32\DllHost.exe /Processid:{7007ACD1-3202-11D1-AAD2-00805FC1270E}
CurrentDirectory: C:\Windows\system32\
User: EXAMPLECOMPANY\admin
LogonGuid: {2048537D-8D5D-643A-5E45-030000000000}
LogonId: 0x3455E
TerminalSessionId: 1
IntegrityLevel: High
Hashes: SHA256=EE8364C07B3F4F71FA649E0E6C4C73C15D285130E4B16E79890EEBBF89C2164E
ParentProcessGuid: {00000000-0000-0000-0000-000000000000}
ParentProcessId: 736
ParentImage: -
ParentCommandLine: -
ParentUser: -"
Information,4/15/2023 8:51:35 PM,Microsoft-Windows-Sysmon,1,Process Create (rule: ProcessCreate),"Process Create:
RuleName: -
UtcTime: 2023-04-15 11:51:35.940
ProcessGuid: {2048537D-8FC7-643A-A300-000000000A00}
ProcessId: 4728
Image: C:\Windows\System32\dllhost.exe
FileVersion: 10.0.14393.0 (rs1_release.160715-1616)
Description: COM Surrogate
Product: Microsoft® Windows® Operating System
Company: Microsoft Corporation
OriginalFileName: dllhost.exe
CommandLine: C:\Windows\system32\DllHost.exe /Processid:{E10F6C3A-F1AE-4ADC-AA9D-2FE65525666E}
CurrentDirectory: C:\Windows\system32\
User: NT AUTHORITY\SYSTEM
LogonGuid: {2048537D-8D03-643A-E703-000000000000}
LogonId: 0x3E7
TerminalSessionId: 0
IntegrityLevel: System
Hashes: SHA256=EE8364C07B3F4F71FA649E0E6C4C73C15D285130E4B16E79890EEBBF89C2164E
ParentProcessGuid: {00000000-0000-0000-0000-000000000000}
ParentProcessId: 736
ParentImage: -
ParentCommandLine: -
ParentUser: -"
Information,4/15/2023 8:51:35 PM,Microsoft-Windows-Sysmon,5,Process terminated (rule: ProcessTerminate),"Process terminated:
RuleName: -
UtcTime: 2023-04-15 11:51:35.933
ProcessGuid: {2048537D-8FC7-643A-A200-000000000A00}
ProcessId: 3980
Image: C:\Windows\System32\consent.exe
User: NT AUTHORITY\SYSTEM"
Information,4/15/2023 8:51:35 PM,Microsoft-Windows-Sysmon,1,Process Create (rule: ProcessCreate),"Process Create:
RuleName: -
UtcTime: 2023-04-15 11:51:35.890
ProcessGuid: {2048537D-8FC7-643A-A200-000000000A00}
ProcessId: 3980
Image: C:\Windows\System32\consent.exe
FileVersion: 10.0.14393.0 (rs1_release.160715-1616)
Description: Consent UI for administrative applications
Product: Microsoft® Windows® Operating System
Company: Microsoft Corporation
OriginalFileName: consent.exe
CommandLine: consent.exe 952 318 00000174799D2B60
CurrentDirectory: C:\Windows\system32\
User: NT AUTHORITY\SYSTEM
LogonGuid: {2048537D-8D03-643A-E703-000000000000}
LogonId: 0x3E7
TerminalSessionId: 1
IntegrityLevel: System
Hashes: SHA256=8B1522BA0FE25D268781C2DF68BAE2BA4991D5BD02F161E61DE1B9194AE54DFA
ParentProcessGuid: {00000000-0000-0000-0000-000000000000}
ParentProcessId: 952
ParentImage: -
ParentCommandLine: -
ParentUser: -"
Information,4/15/2023 8:51:33 PM,Microsoft-Windows-Sysmon,5,Process terminated (rule: ProcessTerminate),"Process terminated:
RuleName: -
UtcTime: 2023-04-15 11:51:33.652
ProcessGuid: {2048537D-8FC5-643A-A100-000000000A00}
ProcessId: 2164
Image: C:\Windows\System32\taskhostw.exe
User: EXAMPLECOMPANY\admin"
Information,4/15/2023 8:51:33 PM,Microsoft-Windows-Sysmon,1,Process Create (rule: ProcessCreate),"Process Create:
RuleName: -
UtcTime: 2023-04-15 11:51:33.628
ProcessGuid: {2048537D-8FC5-643A-A100-000000000A00}
ProcessId: 2164
Image: C:\Windows\System32\taskhostw.exe
FileVersion: 10.0.14393.0 (rs1_release.160715-1616)
Description: Host Process for Windows Tasks
Product: Microsoft® Windows® Operating System
Company: Microsoft Corporation
OriginalFileName: taskhostw.exe
CommandLine: taskhostw.exe
CurrentDirectory: C:\Windows\system32\
User: EXAMPLECOMPANY\admin
LogonGuid: {2048537D-8D5D-643A-7B45-030000000000}
LogonId: 0x3457B
TerminalSessionId: 1
IntegrityLevel: Medium
Hashes: SHA256=A0A677D6C943AD1A7BC1879DFCCB400211DF68100F8EDD7BA6120067A18BEE0B
ParentProcessGuid: {00000000-0000-0000-0000-000000000000}
ParentProcessId: 952
ParentImage: -
ParentCommandLine: -
ParentUser: -"
Information,4/15/2023 8:51:31 PM,Microsoft-Windows-Sysmon,5,Process terminated (rule: ProcessTerminate),"Process terminated:
RuleName: -
UtcTime: 2023-04-15 11:51:31.855
ProcessGuid: {2048537D-8FA0-643A-9800-000000000A00}
ProcessId: 4624
Image: C:\Windows\System32\dllhost.exe
User: NT AUTHORITY\SYSTEM"
Information,4/15/2023 8:51:30 PM,Microsoft-Windows-Sysmon,5,Process terminated (rule: ProcessTerminate),"Process terminated:
RuleName: -
UtcTime: 2023-04-15 11:51:30.199
ProcessGuid: {2048537D-8FC0-643A-A000-000000000A00}
ProcessId: 4916
Image: C:\Windows\System32\SystemSettingsBroker.exe
User: EXAMPLECOMPANY\admin"
Information,4/15/2023 8:51:28 PM,Microsoft-Windows-Sysmon,1,Process Create (rule: ProcessCreate),"Process Create:
RuleName: -
UtcTime: 2023-04-15 11:51:28.527
ProcessGuid: {2048537D-8FC0-643A-A000-000000000A00}
ProcessId: 4916
Image: C:\Windows\System32\SystemSettingsBroker.exe
FileVersion: 10.0.14393.0 (rs1_release.160715-1616)
Description: System Settings Broker
Product: Microsoft® Windows® Operating System
Company: Microsoft Corporation
OriginalFileName: SystemSettingsBroker.exe
CommandLine: C:\Windows\System32\SystemSettingsBroker.exe -Embedding
CurrentDirectory: C:\Windows\system32\
User: EXAMPLECOMPANY\admin
LogonGuid: {2048537D-8D5D-643A-7B45-030000000000}
LogonId: 0x3457B
TerminalSessionId: 1
IntegrityLevel: Medium
Hashes: SHA256=707AD52F04D0F8A4E9B1C383D6663938A353CFB440F47C820EC49987A595EBEA
ParentProcessGuid: {00000000-0000-0000-0000-000000000000}
ParentProcessId: 736
ParentImage: -
ParentCommandLine: -
ParentUser: -"
Information,4/15/2023 8:51:25 PM,Microsoft-Windows-Sysmon,5,Process terminated (rule: ProcessTerminate),"Process terminated:
RuleName: -
UtcTime: 2023-04-15 11:51:25.277
ProcessGuid: {2048537D-8FBC-643A-9F00-000000000A00}
ProcessId: 4860
Image: C:\Windows\System32\PING.EXE
User: EXAMPLECOMPANY\admin"
Information,4/15/2023 8:51:24 PM,Microsoft-Windows-Sysmon,1,Process Create (rule: ProcessCreate),"Process Create:
RuleName: -
UtcTime: 2023-04-15 11:51:24.141
ProcessGuid: {2048537D-8FBC-643A-9F00-000000000A00}
ProcessId: 4860
Image: C:\Windows\System32\PING.EXE
FileVersion: 10.0.14393.0 (rs1_release.160715-1616)
Description: TCP/IP Ping Command
Product: Microsoft® Windows® Operating System
Company: Microsoft Corporation
OriginalFileName: ping.exe
CommandLine: ping  8.8.8.8
CurrentDirectory: C:\Users\admin\
User: EXAMPLECOMPANY\admin
LogonGuid: {2048537D-8D5D-643A-7B45-030000000000}
LogonId: 0x3457B
TerminalSessionId: 1
IntegrityLevel: Medium
Hashes: SHA256=ED7FA5B3CCBDD31A9E83F7C59F78AB5E2C83C7FEEDCC5F8B95948D11EBD7FF34
ParentProcessGuid: {2048537D-8F75-643A-8C00-000000000A00}
ParentProcessId: 4004
ParentImage: C:\Windows\System32\cmd.exe
ParentCommandLine: ""C:\Windows\system32\cmd.exe"" 
ParentUser: EXAMPLECOMPANY\admin"
Information,4/15/2023 8:51:21 PM,Microsoft-Windows-Sysmon,1,Process Create (rule: ProcessCreate),"Process Create:
RuleName: -
UtcTime: 2023-04-15 11:51:21.983
ProcessGuid: {2048537D-8FB9-643A-9E00-000000000A00}
ProcessId: 3292
Image: C:\Windows\System32\wbem\WmiPrvSE.exe
FileVersion: 10.0.14393.0 (rs1_release.160715-1616)
Description: WMI Provider Host
Product: Microsoft® Windows® Operating System
Company: Microsoft Corporation
OriginalFileName: Wmiprvse.exe
CommandLine: C:\Windows\system32\wbem\wmiprvse.exe -Embedding
CurrentDirectory: C:\Windows\system32\
User: NT AUTHORITY\SYSTEM
LogonGuid: {2048537D-8D03-643A-E703-000000000000}
LogonId: 0x3E7
TerminalSessionId: 0
IntegrityLevel: System
Hashes: SHA256=B62ACACFCAF99A50149F9DCE06136D478723992A61014FC3DBAE81289FE219F9
ParentProcessGuid: {00000000-0000-0000-0000-000000000000}
ParentProcessId: 736
ParentImage: -
ParentCommandLine: -
ParentUser: -"
Information,4/15/2023 8:51:19 PM,Microsoft-Windows-Sysmon,1,Process Create (rule: ProcessCreate),"Process Create:
RuleName: -
UtcTime: 2023-04-15 11:51:19.571
ProcessGuid: {2048537D-8FB7-643A-9D00-000000000A00}
ProcessId: 4132
Image: C:\Windows\System32\wbem\WmiPrvSE.exe
FileVersion: 10.0.14393.0 (rs1_release.160715-1616)
Description: WMI Provider Host
Product: Microsoft® Windows® Operating System
Company: Microsoft Corporation
OriginalFileName: Wmiprvse.exe
CommandLine: C:\Windows\system32\wbem\wmiprvse.exe -secured -Embedding
CurrentDirectory: C:\Windows\system32\
User: NT AUTHORITY\LOCAL SERVICE
LogonGuid: {2048537D-8D03-643A-E503-000000000000}
LogonId: 0x3E5
TerminalSessionId: 0
IntegrityLevel: System
Hashes: SHA256=B62ACACFCAF99A50149F9DCE06136D478723992A61014FC3DBAE81289FE219F9
ParentProcessGuid: {00000000-0000-0000-0000-000000000000}
ParentProcessId: 736
ParentImage: -
ParentCommandLine: -
ParentUser: -"
Information,4/15/2023 8:51:19 PM,Microsoft-Windows-Sysmon,1,Process Create (rule: ProcessCreate),"Process Create:
RuleName: -
UtcTime: 2023-04-15 11:51:19.538
ProcessGuid: {2048537D-8FB7-643A-9C00-000000000A00}
ProcessId: 4552
Image: C:\Windows\System32\wbem\WmiPrvSE.exe
FileVersion: 10.0.14393.0 (rs1_release.160715-1616)
Description: WMI Provider Host
Product: Microsoft® Windows® Operating System
Company: Microsoft Corporation
OriginalFileName: Wmiprvse.exe
CommandLine: C:\Windows\system32\wbem\wmiprvse.exe -secured -Embedding
CurrentDirectory: C:\Windows\system32\
User: NT AUTHORITY\NETWORK SERVICE
LogonGuid: {2048537D-8D03-643A-E403-000000000000}
LogonId: 0x3E4
TerminalSessionId: 0
IntegrityLevel: System
Hashes: SHA256=B62ACACFCAF99A50149F9DCE06136D478723992A61014FC3DBAE81289FE219F9
ParentProcessGuid: {00000000-0000-0000-0000-000000000000}
ParentProcessId: 736
ParentImage: -
ParentCommandLine: -
ParentUser: -"
Information,4/15/2023 8:51:01 PM,Microsoft-Windows-Sysmon,5,Process terminated (rule: ProcessTerminate),"Process terminated:
RuleName: -
UtcTime: 2023-04-15 11:51:01.965
ProcessGuid: {2048537D-8FA0-643A-9A00-000000000A00}
ProcessId: 4592
Image: C:\Windows\System32\dllhost.exe
User: NT AUTHORITY\SYSTEM"
Information,4/15/2023 8:51:01 PM,Microsoft-Windows-Sysmon,5,Process terminated (rule: ProcessTerminate),"Process terminated:
RuleName: -
UtcTime: 2023-04-15 11:51:01.934
ProcessGuid: {2048537D-8FA0-643A-9900-000000000A00}
ProcessId: 4540
Image: C:\Windows\System32\dllhost.exe
User: NT AUTHORITY\SYSTEM"
Information,4/15/2023 8:50:58 PM,Microsoft-Windows-Sysmon,5,Process terminated (rule: ProcessTerminate),"Process terminated:
RuleName: -
UtcTime: 2023-04-15 11:50:58.182
ProcessGuid: {2048537D-8F91-643A-9200-000000000A00}
ProcessId: 2880
Image: C:\Windows\System32\taskhostw.exe
User: EXAMPLECOMPANY\admin"
Information,4/15/2023 8:50:58 PM,Microsoft-Windows-Sysmon,5,Process terminated (rule: ProcessTerminate),"Process terminated:
RuleName: -
UtcTime: 2023-04-15 11:50:58.182
ProcessGuid: {2048537D-8F91-643A-9400-000000000A00}
ProcessId: 3908
Image: C:\Windows\System32\conhost.exe
User: EXAMPLECOMPANY\admin"
Information,4/15/2023 8:50:58 PM,Microsoft-Windows-Sysmon,5,Process terminated (rule: ProcessTerminate),"Process terminated:
RuleName: -
UtcTime: 2023-04-15 11:50:58.182
ProcessGuid: {2048537D-8F91-643A-9300-000000000A00}
ProcessId: 3980
Image: C:\Windows\System32\WinSAT.exe
User: EXAMPLECOMPANY\admin"
Information,4/15/2023 8:50:56 PM,Microsoft-Windows-Sysmon,1,Process Create (rule: ProcessCreate),"Process Create:
RuleName: -
UtcTime: 2023-04-15 11:50:56.954
ProcessGuid: {2048537D-8FA0-643A-9B00-000000000A00}
ProcessId: 4208
Image: C:\Windows\System32\SystemSettingsAdminFlows.exe
FileVersion: 10.0.14393.953 (rs1_release_inmarket.170303-1614)
Description: Settings
Product: Microsoft® Windows® Operating System
Company: Microsoft Corporation
OriginalFileName: SystemSettingsAdminFlows.EXE
CommandLine: ""C:\Windows\system32\SystemSettingsAdminFlows.exe"" LanguagePackInstaller
CurrentDirectory: C:\Windows\system32\
User: EXAMPLECOMPANY\admin
LogonGuid: {2048537D-8D5D-643A-5E45-030000000000}
LogonId: 0x3455E
TerminalSessionId: 1
IntegrityLevel: High
Hashes: SHA256=0F2429231FBDEB74DF51ACFA3857F2B1A8E7110767CD0A686B8C081DC57B474E
ParentProcessGuid: {2048537D-8F96-643A-9500-000000000A00}
ParentProcessId: 5012
ParentImage: C:\Windows\ImmersiveControlPanel\SystemSettings.exe
ParentCommandLine: ""C:\Windows\ImmersiveControlPanel\SystemSettings.exe"" -ServerName:microsoft.windows.immersivecontrolpanel
ParentUser: EXAMPLECOMPANY\admin"
Information,4/15/2023 8:50:56 PM,Microsoft-Windows-Sysmon,1,Process Create (rule: ProcessCreate),"Process Create:
RuleName: -
UtcTime: 2023-04-15 11:50:56.943
ProcessGuid: {2048537D-8FA0-643A-9A00-000000000A00}
ProcessId: 4592
Image: C:\Windows\System32\dllhost.exe
FileVersion: 10.0.14393.0 (rs1_release.160715-1616)
Description: COM Surrogate
Product: Microsoft® Windows® Operating System
Company: Microsoft Corporation
OriginalFileName: dllhost.exe
CommandLine: C:\Windows\system32\DllHost.exe /Processid:{E10F6C3A-F1AE-4ADC-AA9D-2FE65525666E}
CurrentDirectory: C:\Windows\system32\
User: NT AUTHORITY\SYSTEM
LogonGuid: {2048537D-8D03-643A-E703-000000000000}
LogonId: 0x3E7
TerminalSessionId: 0
IntegrityLevel: System
Hashes: SHA256=EE8364C07B3F4F71FA649E0E6C4C73C15D285130E4B16E79890EEBBF89C2164E
ParentProcessGuid: {00000000-0000-0000-0000-000000000000}
ParentProcessId: 736
ParentImage: -
ParentCommandLine: -
ParentUser: -"
Information,4/15/2023 8:50:56 PM,Microsoft-Windows-Sysmon,5,Process terminated (rule: ProcessTerminate),"Process terminated:
RuleName: -
UtcTime: 2023-04-15 11:50:56.938
ProcessGuid: {2048537D-8FA0-643A-9700-000000000A00}
ProcessId: 4104
Image: C:\Windows\System32\consent.exe
User: NT AUTHORITY\SYSTEM"
Information,4/15/2023 8:50:56 PM,Microsoft-Windows-Sysmon,1,Process Create (rule: ProcessCreate),"Process Create:
RuleName: -
UtcTime: 2023-04-15 11:50:56.924
ProcessGuid: {2048537D-8FA0-643A-9900-000000000A00}
ProcessId: 4540
Image: C:\Windows\System32\dllhost.exe
FileVersion: 10.0.14393.0 (rs1_release.160715-1616)
Description: COM Surrogate
Product: Microsoft® Windows® Operating System
Company: Microsoft Corporation
OriginalFileName: dllhost.exe
CommandLine: C:\Windows\system32\DllHost.exe /Processid:{E10F6C3A-F1AE-4ADC-AA9D-2FE65525666E}
CurrentDirectory: C:\Windows\system32\
User: NT AUTHORITY\SYSTEM
LogonGuid: {2048537D-8D03-643A-E703-000000000000}
LogonId: 0x3E7
TerminalSessionId: 1
IntegrityLevel: System
Hashes: SHA256=EE8364C07B3F4F71FA649E0E6C4C73C15D285130E4B16E79890EEBBF89C2164E
ParentProcessGuid: {00000000-0000-0000-0000-000000000000}
ParentProcessId: 736
ParentImage: -
ParentCommandLine: -
ParentUser: -"
Information,4/15/2023 8:50:56 PM,Microsoft-Windows-Sysmon,1,Process Create (rule: ProcessCreate),"Process Create:
RuleName: -
UtcTime: 2023-04-15 11:50:56.899
ProcessGuid: {2048537D-8FA0-643A-9800-000000000A00}
ProcessId: 4624
Image: C:\Windows\System32\dllhost.exe
FileVersion: 10.0.14393.0 (rs1_release.160715-1616)
Description: COM Surrogate
Product: Microsoft® Windows® Operating System
Company: Microsoft Corporation
OriginalFileName: dllhost.exe
CommandLine: C:\Windows\system32\DllHost.exe /Processid:{133EAC4F-5891-4D04-BADA-D84870380A80}
CurrentDirectory: C:\Windows\system32\
User: NT AUTHORITY\SYSTEM
LogonGuid: {2048537D-8D03-643A-E703-000000000000}
LogonId: 0x3E7
TerminalSessionId: 0
IntegrityLevel: System
Hashes: SHA256=EE8364C07B3F4F71FA649E0E6C4C73C15D285130E4B16E79890EEBBF89C2164E
ParentProcessGuid: {00000000-0000-0000-0000-000000000000}
ParentProcessId: 736
ParentImage: -
ParentCommandLine: -
ParentUser: -"
Information,4/15/2023 8:50:56 PM,Microsoft-Windows-Sysmon,1,Process Create (rule: ProcessCreate),"Process Create:
RuleName: -
UtcTime: 2023-04-15 11:50:56.883
ProcessGuid: {2048537D-8FA0-643A-9700-000000000A00}
ProcessId: 4104
Image: C:\Windows\System32\consent.exe
FileVersion: 10.0.14393.0 (rs1_release.160715-1616)
Description: Consent UI for administrative applications
Product: Microsoft® Windows® Operating System
Company: Microsoft Corporation
OriginalFileName: consent.exe
CommandLine: consent.exe 952 456 00000174799E7000
CurrentDirectory: C:\Windows\system32\
User: NT AUTHORITY\SYSTEM
LogonGuid: {2048537D-8D03-643A-E703-000000000000}
LogonId: 0x3E7
TerminalSessionId: 1
IntegrityLevel: System
Hashes: SHA256=8B1522BA0FE25D268781C2DF68BAE2BA4991D5BD02F161E61DE1B9194AE54DFA
ParentProcessGuid: {00000000-0000-0000-0000-000000000000}
ParentProcessId: 952
ParentImage: -
ParentCommandLine: -
ParentUser: -"
Information,4/15/2023 8:50:56 PM,Microsoft-Windows-Sysmon,1,Process Create (rule: ProcessCreate),"Process Create:
RuleName: -
UtcTime: 2023-04-15 11:50:56.846
ProcessGuid: {2048537D-8FA0-643A-9600-000000000A00}
ProcessId: 4812
Image: C:\Windows\System32\taskhostw.exe
FileVersion: 10.0.14393.0 (rs1_release.160715-1616)
Description: Host Process for Windows Tasks
Product: Microsoft® Windows® Operating System
Company: Microsoft Corporation
OriginalFileName: taskhostw.exe
CommandLine: taskhostw.exe
CurrentDirectory: C:\Windows\system32\
User: NT AUTHORITY\SYSTEM
LogonGuid: {2048537D-8D03-643A-E703-000000000000}
LogonId: 0x3E7
TerminalSessionId: 0
IntegrityLevel: System
Hashes: SHA256=A0A677D6C943AD1A7BC1879DFCCB400211DF68100F8EDD7BA6120067A18BEE0B
ParentProcessGuid: {00000000-0000-0000-0000-000000000000}
ParentProcessId: 952
ParentImage: -
ParentCommandLine: -
ParentUser: -"
Information,4/15/2023 8:50:46 PM,Microsoft-Windows-Sysmon,1,Process Create (rule: ProcessCreate),"Process Create:
RuleName: -
UtcTime: 2023-04-15 11:50:46.511
ProcessGuid: {2048537D-8F96-643A-9500-000000000A00}
ProcessId: 5012
Image: C:\Windows\ImmersiveControlPanel\SystemSettings.exe
FileVersion: 10.0.14393.82 (rs1_release.160805-1735)
Description: Settings
Product: Microsoft® Windows® Operating System
Company: Microsoft Corporation
OriginalFileName: SystemSettings.exe
CommandLine: ""C:\Windows\ImmersiveControlPanel\SystemSettings.exe"" -ServerName:microsoft.windows.immersivecontrolpanel
CurrentDirectory: C:\Windows\ImmersiveControlPanel\
User: EXAMPLECOMPANY\admin
LogonGuid: {2048537D-8D5D-643A-7B45-030000000000}
LogonId: 0x3457B
TerminalSessionId: 1
IntegrityLevel: Medium
Hashes: SHA256=E768FF1F2F31178FE5930F261ACD4B19464ACC019FB0AA697D0B48686E59050C
ParentProcessGuid: {00000000-0000-0000-0000-000000000000}
ParentProcessId: 736
ParentImage: -
ParentCommandLine: -
ParentUser: -"
Information,4/15/2023 8:50:42 PM,Microsoft-Windows-Sysmon,5,Process terminated (rule: ProcessTerminate),"Process terminated:
RuleName: -
UtcTime: 2023-04-15 11:50:42.877
ProcessGuid: {2048537D-8D6D-643A-5700-000000000A00}
ProcessId: 4520
Image: C:\Windows\ImmersiveControlPanel\SystemSettings.exe
User: EXAMPLECOMPANY\admin"
Information,4/15/2023 8:50:42 PM,Microsoft-Windows-Sysmon,5,Process terminated (rule: ProcessTerminate),"Process terminated:
RuleName: -
UtcTime: 2023-04-15 11:50:42.877
ProcessGuid: {2048537D-8F2A-643A-7000-000000000A00}
ProcessId: 4196
Image: C:\Windows\System32\sppsvc.exe
User: NT AUTHORITY\NETWORK SERVICE"
Information,4/15/2023 8:50:42 PM,Microsoft-Windows-Sysmon,5,Process terminated (rule: ProcessTerminate),"Process terminated:
RuleName: -
UtcTime: 2023-04-15 11:50:42.830
ProcessGuid: {2048537D-8F2B-643A-7100-000000000A00}
ProcessId: 2000
Image: C:\Windows\System32\SppExtComObj.Exe
User: NT AUTHORITY\NETWORK SERVICE"
Information,4/15/2023 8:50:41 PM,Microsoft-Windows-Sysmon,1,Process Create (rule: ProcessCreate),"Process Create:
RuleName: -
UtcTime: 2023-04-15 11:50:41.237
ProcessGuid: {2048537D-8F91-643A-9400-000000000A00}
ProcessId: 3908
Image: C:\Windows\System32\conhost.exe
FileVersion: 10.0.14393.0 (rs1_release.160715-1616)
Description: Console Window Host
Product: Microsoft® Windows® Operating System
Company: Microsoft Corporation
OriginalFileName: CONHOST.EXE
CommandLine: \??\C:\Windows\system32\conhost.exe 0xffffffff -ForceV1
CurrentDirectory: C:\Windows
User: EXAMPLECOMPANY\admin
LogonGuid: {2048537D-8D5D-643A-5E45-030000000000}
LogonId: 0x3455E
TerminalSessionId: 1
IntegrityLevel: High
Hashes: SHA256=046F7A1B4DE67562547ED9A180A72F481FC41E803DE49A96D7D7C731964D53A0
ParentProcessGuid: {2048537D-8F91-643A-9300-000000000A00}
ParentProcessId: 3980
ParentImage: C:\Windows\System32\WinSAT.exe
ParentCommandLine: C:\Windows\system32\winsat.exe formal -log -cancelevent 6ca66e7e-034f-4f50-8422-12fdcf22e18b
ParentUser: EXAMPLECOMPANY\admin"
Information,4/15/2023 8:50:41 PM,Microsoft-Windows-Sysmon,1,Process Create (rule: ProcessCreate),"Process Create:
RuleName: -
UtcTime: 2023-04-15 11:50:41.231
ProcessGuid: {2048537D-8F91-643A-9300-000000000A00}
ProcessId: 3980
Image: C:\Windows\System32\WinSAT.exe
FileVersion: 10.0.14393.0 (rs1_release.160715-1616)
Description: Windows System Assessment Tool
Product: Microsoft® Windows® Operating System
Company: Microsoft Corporation
OriginalFileName: WinSAT.exe
CommandLine: C:\Windows\system32\winsat.exe formal -log -cancelevent 6ca66e7e-034f-4f50-8422-12fdcf22e18b
CurrentDirectory: C:\Windows\system32\
User: EXAMPLECOMPANY\admin
LogonGuid: {2048537D-8D5D-643A-5E45-030000000000}
LogonId: 0x3455E
TerminalSessionId: 1
IntegrityLevel: High
Hashes: SHA256=37293F446B2CB2FCCDF319C11E1B995F549C4CDE5646A72D76A9D2599F72AA33
ParentProcessGuid: {2048537D-8F91-643A-9200-000000000A00}
ParentProcessId: 2880
ParentImage: C:\Windows\System32\taskhostw.exe
ParentCommandLine: taskhostw.exe
ParentUser: EXAMPLECOMPANY\admin"
Information,4/15/2023 8:50:41 PM,Microsoft-Windows-Sysmon,1,Process Create (rule: ProcessCreate),"Process Create:
RuleName: -
UtcTime: 2023-04-15 11:50:41.207
ProcessGuid: {2048537D-8F91-643A-9200-000000000A00}
ProcessId: 2880
Image: C:\Windows\System32\taskhostw.exe
FileVersion: 10.0.14393.0 (rs1_release.160715-1616)
Description: Host Process for Windows Tasks
Product: Microsoft® Windows® Operating System
Company: Microsoft Corporation
OriginalFileName: taskhostw.exe
CommandLine: taskhostw.exe
CurrentDirectory: C:\Windows\system32\
User: EXAMPLECOMPANY\admin
LogonGuid: {2048537D-8D5D-643A-5E45-030000000000}
LogonId: 0x3455E
TerminalSessionId: 1
IntegrityLevel: High
Hashes: SHA256=A0A677D6C943AD1A7BC1879DFCCB400211DF68100F8EDD7BA6120067A18BEE0B
ParentProcessGuid: {00000000-0000-0000-0000-000000000000}
ParentProcessId: 952
ParentImage: -
ParentCommandLine: -
ParentUser: -"
Information,4/15/2023 8:50:40 PM,Microsoft-Windows-Sysmon,5,Process terminated (rule: ProcessTerminate),"Process terminated:
RuleName: -
UtcTime: 2023-04-15 11:50:40.188
ProcessGuid: {2048537D-8F90-643A-9100-000000000A00}
ProcessId: 2168
Image: C:\Windows\system32\conhost.exe
User: NT AUTHORITY\SYSTEM"
Information,4/15/2023 8:50:40 PM,Microsoft-Windows-Sysmon,5,Process terminated (rule: ProcessTerminate),"Process terminated:
RuleName: -
UtcTime: 2023-04-15 11:50:40.188
ProcessGuid: {2048537D-8F90-643A-9000-000000000A00}
ProcessId: 4632
Image: <unknown process>
User: NT AUTHORITY\SYSTEM"
Information,4/15/2023 8:50:40 PM,Microsoft-Windows-Sysmon,1,Process Create (rule: ProcessCreate),"Process Create:
RuleName: -
UtcTime: 2023-04-15 11:50:40.195
ProcessGuid: {2048537D-8F90-643A-9100-000000000A00}
ProcessId: 2168
Image: C:\Windows\System32\conhost.exe
FileVersion: 10.0.14393.0 (rs1_release.160715-1616)
Description: Console Window Host
Product: Microsoft® Windows® Operating System
Company: Microsoft Corporation
OriginalFileName: CONHOST.EXE
CommandLine: \??\C:\Windows\system32\conhost.exe 0xffffffff -ForceV1
CurrentDirectory: C:\Windows
User: NT AUTHORITY\SYSTEM
LogonGuid: {2048537D-8D03-643A-E703-000000000000}
LogonId: 0x3E7
TerminalSessionId: 0
IntegrityLevel: System
Hashes: SHA256=046F7A1B4DE67562547ED9A180A72F481FC41E803DE49A96D7D7C731964D53A0
ParentProcessGuid: {2048537D-8F90-643A-9000-000000000A00}
ParentProcessId: 4632
ParentImage: C:\Windows\System32\lpremove.exe
ParentCommandLine: C:\Windows\system32\lpremove.exe
ParentUser: NT AUTHORITY\SYSTEM"
Information,4/15/2023 8:50:40 PM,Microsoft-Windows-Sysmon,1,Process Create (rule: ProcessCreate),"Process Create:
RuleName: -
UtcTime: 2023-04-15 11:50:40.191
ProcessGuid: {2048537D-8F90-643A-9000-000000000A00}
ProcessId: 4632
Image: C:\Windows\System32\lpremove.exe
FileVersion: 10.0.14393.479 (rs1_release.161110-2025)
Description: MUI Language pack cleanup
Product: Microsoft® Windows® Operating System
Company: Microsoft Corporation
OriginalFileName: lpremove.exe
CommandLine: C:\Windows\system32\lpremove.exe
CurrentDirectory: C:\Windows\system32\
User: NT AUTHORITY\SYSTEM
LogonGuid: {2048537D-8D03-643A-E703-000000000000}
LogonId: 0x3E7
TerminalSessionId: 0
IntegrityLevel: System
Hashes: SHA256=1422EAB9650F4D37D496BD0EFB976628E4336D2BD7FF1B4864D6E8E073300C5F
ParentProcessGuid: {00000000-0000-0000-0000-000000000000}
ParentProcessId: 952
ParentImage: -
ParentCommandLine: -
ParentUser: -"
Information,4/15/2023 8:50:39 PM,Microsoft-Windows-Sysmon,5,Process terminated (rule: ProcessTerminate),"Process terminated:
RuleName: -
UtcTime: 2023-04-15 11:50:39.174
ProcessGuid: {2048537D-8F5C-643A-7F00-000000000A00}
ProcessId: 4628
Image: C:\Windows\System32\taskhostw.exe
User: NT AUTHORITY\SYSTEM"
Information,4/15/2023 8:50:30 PM,Microsoft-Windows-Sysmon,5,Process terminated (rule: ProcessTerminate),"Process terminated:
RuleName: -
UtcTime: 2023-04-15 11:50:30.484
ProcessGuid: {2048537D-8F84-643A-8F00-000000000A00}
ProcessId: 4136
Image: C:\Windows\System32\PING.EXE
User: EXAMPLECOMPANY\admin"
Information,4/15/2023 8:50:28 PM,Microsoft-Windows-Sysmon,1,Process Create (rule: ProcessCreate),"Process Create:
RuleName: -
UtcTime: 2023-04-15 11:50:28.481
ProcessGuid: {2048537D-8F84-643A-8F00-000000000A00}
ProcessId: 4136
Image: C:\Windows\System32\PING.EXE
FileVersion: 10.0.14393.0 (rs1_release.160715-1616)
Description: TCP/IP Ping Command
Product: Microsoft® Windows® Operating System
Company: Microsoft Corporation
OriginalFileName: ping.exe
CommandLine: ping  10.1.5.1
CurrentDirectory: C:\Users\admin\
User: EXAMPLECOMPANY\admin
LogonGuid: {2048537D-8D5D-643A-7B45-030000000000}
LogonId: 0x3457B
TerminalSessionId: 1
IntegrityLevel: Medium
Hashes: SHA256=ED7FA5B3CCBDD31A9E83F7C59F78AB5E2C83C7FEEDCC5F8B95948D11EBD7FF34
ParentProcessGuid: {2048537D-8F75-643A-8C00-000000000A00}
ParentProcessId: 4004
ParentImage: C:\Windows\System32\cmd.exe
ParentCommandLine: ""C:\Windows\system32\cmd.exe"" 
ParentUser: EXAMPLECOMPANY\admin"
Information,4/15/2023 8:50:17 PM,Microsoft-Windows-Sysmon,5,Process terminated (rule: ProcessTerminate),"Process terminated:
RuleName: -
UtcTime: 2023-04-15 11:50:17.858
ProcessGuid: {2048537D-8D15-643A-3000-000000000A00}
ProcessId: 1496
Image: C:\Windows\System32\wbem\WmiPrvSE.exe
User: NT AUTHORITY\SYSTEM"
Information,4/15/2023 8:50:17 PM,Microsoft-Windows-Sysmon,5,Process terminated (rule: ProcessTerminate),"Process terminated:
RuleName: -
UtcTime: 2023-04-15 11:50:17.764
ProcessGuid: {2048537D-8F74-643A-8A00-000000000A00}
ProcessId: 3792
Image: C:\Windows\System32\dllhost.exe
User: EXAMPLECOMPANY\admin"
