Information,4/15/2023 8:03:08 PM,Microsoft-Windows-Sysmon,5,Process terminated (rule: ProcessTerminate),"Process terminated:
RuleName: -
UtcTime: 2023-04-15 11:03:08.203
ProcessGuid: {2048537D-D890-6437-F800-000000000700}
ProcessId: 4456
Image: C:\Windows\System32\taskhostw.exe
User: EXAMPLECOMPANY\Administrator"
Information,4/15/2023 8:03:08 PM,Microsoft-Windows-Sysmon,5,Process terminated (rule: ProcessTerminate),"Process terminated:
RuleName: -
UtcTime: 2023-04-15 11:03:08.172
ProcessGuid: {2048537D-D890-6437-F600-000000000700}
ProcessId: 1524
Image: C:\Windows\System32\sihost.exe
User: EXAMPLECOMPANY\Administrator"
Information,4/15/2023 8:03:08 PM,Microsoft-Windows-Sysmon,5,Process terminated (rule: ProcessTerminate),"Process terminated:
RuleName: -
UtcTime: 2023-04-15 11:03:08.172
ProcessGuid: {2048537D-D890-6437-F400-000000000700}
ProcessId: 4000
Image: C:\Windows\System32\RuntimeBroker.exe
User: EXAMPLECOMPANY\Administrator"
Information,4/15/2023 8:03:08 PM,Microsoft-Windows-Sysmon,5,Process terminated (rule: ProcessTerminate),"Process terminated:
RuleName: -
UtcTime: 2023-04-15 11:03:08.172
ProcessGuid: {2048537D-D89E-6437-0F01-000000000700}
ProcessId: 3984
Image: C:\Windows\System32\ApplicationFrameHost.exe
User: EXAMPLECOMPANY\Administrator"
Information,4/15/2023 8:03:08 PM,Microsoft-Windows-Sysmon,5,Process terminated (rule: ProcessTerminate),"Process terminated:
RuleName: -
UtcTime: 2023-04-15 11:03:08.156
ProcessGuid: {2048537D-D890-6437-FE00-000000000700}
ProcessId: 764
Image: C:\Windows\explorer.exe
User: EXAMPLECOMPANY\Administrator"
Information,4/15/2023 8:03:08 PM,Microsoft-Windows-Sysmon,5,Process terminated (rule: ProcessTerminate),"Process terminated:
RuleName: -
UtcTime: 2023-04-15 11:03:08.125
ProcessGuid: {2048537D-D890-6437-0201-000000000700}
ProcessId: 2308
Image: C:\Windows\SystemApps\ShellExperienceHost_cw5n1h2txyewy\ShellExperienceHost.exe
User: EXAMPLECOMPANY\Administrator"
Information,4/15/2023 8:03:08 PM,Microsoft-Windows-Sysmon,5,Process terminated (rule: ProcessTerminate),"Process terminated:
RuleName: -
UtcTime: 2023-04-15 11:03:08.125
ProcessGuid: {2048537D-D890-6437-0701-000000000700}
ProcessId: 2064
Image: C:\Windows\SystemApps\Microsoft.Windows.Cortana_cw5n1h2txyewy\SearchUI.exe
User: EXAMPLECOMPANY\Administrator"
Information,4/15/2023 8:03:08 PM,Microsoft-Windows-Sysmon,5,Process terminated (rule: ProcessTerminate),"Process terminated:
RuleName: -
UtcTime: 2023-04-15 11:03:08.110
ProcessGuid: {2048537D-843A-643A-5B05-000000000700}
ProcessId: 8000
Image: C:\Windows\System32\taskhostw.exe
User: EXAMPLECOMPANY\Administrator"
Information,4/15/2023 8:03:03 PM,Microsoft-Windows-Sysmon,5,Process terminated (rule: ProcessTerminate),"Process terminated:
RuleName: -
UtcTime: 2023-04-15 11:03:03.241
ProcessGuid: {2048537D-4D2E-643A-6D02-000000000700}
ProcessId: 5028
Image: C:\Windows\System32\winlogon.exe
User: NT AUTHORITY\SYSTEM"
Information,4/15/2023 8:03:03 PM,Microsoft-Windows-Sysmon,5,Process terminated (rule: ProcessTerminate),"Process terminated:
RuleName: -
UtcTime: 2023-04-15 11:03:03.241
ProcessGuid: {2048537D-4D2E-643A-6F02-000000000700}
ProcessId: 5860
Image: C:\Windows\System32\dwm.exe
User: S-1-5-90-0-3"
Information,4/15/2023 8:03:03 PM,Microsoft-Windows-Sysmon,5,Process terminated (rule: ProcessTerminate),"Process terminated:
RuleName: -
UtcTime: 2023-04-15 11:03:03.210
ProcessGuid: {2048537D-8459-643A-6505-000000000700}
ProcessId: 4528
Image: C:\Windows\System32\LogonUI.exe
User: NT AUTHORITY\SYSTEM"
Information,4/15/2023 8:03:03 PM,Microsoft-Windows-Sysmon,5,Process terminated (rule: ProcessTerminate),"Process terminated:
RuleName: -
UtcTime: 2023-04-15 11:03:03.100
ProcessGuid: {2048537D-4D3D-643A-7402-000000000700}
ProcessId: 3552
Image: C:\Windows\System32\svchost.exe
User: EXAMPLECOMPANY\admin"
Information,4/15/2023 8:03:03 PM,Microsoft-Windows-Sysmon,5,Process terminated (rule: ProcessTerminate),"Process terminated:
RuleName: -
UtcTime: 2023-04-15 11:03:03.100
ProcessGuid: {2048537D-360F-643A-6102-000000000700}
ProcessId: 4636
Image: C:\Windows\System32\LockAppHost.exe
User: EXAMPLECOMPANY\Administrator"
Information,4/15/2023 8:03:03 PM,Microsoft-Windows-Sysmon,5,Process terminated (rule: ProcessTerminate),"Process terminated:
RuleName: -
UtcTime: 2023-04-15 11:03:03.069
ProcessGuid: {2048537D-840F-643A-4D05-000000000700}
ProcessId: 3812
Image: C:\Windows\System32\backgroundTaskHost.exe
User: EXAMPLECOMPANY\admin"
Information,4/15/2023 8:03:03 PM,Microsoft-Windows-Sysmon,5,Process terminated (rule: ProcessTerminate),"Process terminated:
RuleName: -
UtcTime: 2023-04-15 11:03:03.069
ProcessGuid: {2048537D-4D3D-643A-7602-000000000700}
ProcessId: 624
Image: C:\Windows\System32\taskhostw.exe
User: EXAMPLECOMPANY\admin"
Information,4/15/2023 8:03:03 PM,Microsoft-Windows-Sysmon,5,Process terminated (rule: ProcessTerminate),"Process terminated:
RuleName: -
UtcTime: 2023-04-15 11:03:03.054
ProcessGuid: {2048537D-4D3D-643A-7202-000000000700}
ProcessId: 3260
Image: C:\Windows\System32\RuntimeBroker.exe
User: EXAMPLECOMPANY\admin"
Information,4/15/2023 8:03:03 PM,Microsoft-Windows-Sysmon,5,Process terminated (rule: ProcessTerminate),"Process terminated:
RuleName: -
UtcTime: 2023-04-15 11:03:03.054
ProcessGuid: {2048537D-566B-643A-2003-000000000700}
ProcessId: 3612
Image: C:\Windows\System32\ApplicationFrameHost.exe
User: EXAMPLECOMPANY\admin"
Information,4/15/2023 8:03:03 PM,Microsoft-Windows-Sysmon,5,Process terminated (rule: ProcessTerminate),"Process terminated:
RuleName: -
UtcTime: 2023-04-15 11:03:03.054
ProcessGuid: {2048537D-4D3F-643A-9202-000000000700}
ProcessId: 6084
Image: C:\Windows\SystemApps\Microsoft.Windows.Cortana_cw5n1h2txyewy\SearchUI.exe
User: EXAMPLECOMPANY\admin"
Information,4/15/2023 8:03:03 PM,Microsoft-Windows-Sysmon,5,Process terminated (rule: ProcessTerminate),"Process terminated:
RuleName: -
UtcTime: 2023-04-15 11:03:03.054
ProcessGuid: {2048537D-4D3D-643A-7302-000000000700}
ProcessId: 3448
Image: C:\Windows\System32\sihost.exe
User: EXAMPLECOMPANY\admin"
Information,4/15/2023 8:03:03 PM,Microsoft-Windows-Sysmon,5,Process terminated (rule: ProcessTerminate),"Process terminated:
RuleName: -
UtcTime: 2023-04-15 11:03:03.038
ProcessGuid: {2048537D-8419-643A-5005-000000000700}
ProcessId: 6604
Image: C:\Windows\ImmersiveControlPanel\SystemSettings.exe
User: EXAMPLECOMPANY\admin"
Information,4/15/2023 8:03:03 PM,Microsoft-Windows-Sysmon,5,Process terminated (rule: ProcessTerminate),"Process terminated:
RuleName: -
UtcTime: 2023-04-15 11:03:03.038
ProcessGuid: {2048537D-4D3E-643A-7C02-000000000700}
ProcessId: 5224
Image: C:\Windows\explorer.exe
User: EXAMPLECOMPANY\admin"
Information,4/15/2023 8:03:02 PM,Microsoft-Windows-Sysmon,5,Process terminated (rule: ProcessTerminate),"Process terminated:
RuleName: -
UtcTime: 2023-04-15 11:03:02.835
ProcessGuid: {2048537D-4D3F-643A-8F02-000000000700}
ProcessId: 736
Image: C:\Windows\SystemApps\ShellExperienceHost_cw5n1h2txyewy\ShellExperienceHost.exe
User: EXAMPLECOMPANY\admin"
Information,4/15/2023 8:03:02 PM,Microsoft-Windows-Sysmon,5,Process terminated (rule: ProcessTerminate),"Process terminated:
RuleName: -
UtcTime: 2023-04-15 11:03:02.772
ProcessGuid: {2048537D-843A-643A-5A05-000000000700}
ProcessId: 6212
Image: C:\Windows\System32\taskhostw.exe
User: EXAMPLECOMPANY\admin"
Information,4/15/2023 8:02:49 PM,Microsoft-Windows-Sysmon,5,Process terminated (rule: ProcessTerminate),"Process terminated:
RuleName: -
UtcTime: 2023-04-15 11:02:49.505
ProcessGuid: {2048537D-8190-643A-3305-000000000700}
ProcessId: 5352
Image: C:\Windows\System32\taskhostw.exe
User: EXAMPLECOMPANY\admin"
Information,4/15/2023 8:02:49 PM,Microsoft-Windows-Sysmon,5,Process terminated (rule: ProcessTerminate),"Process terminated:
RuleName: -
UtcTime: 2023-04-15 11:02:49.505
ProcessGuid: {2048537D-518C-643A-BC02-000000000700}
ProcessId: 6388
Image: C:\Windows\System32\dllhost.exe
User: EXAMPLECOMPANY\admin"
Information,4/15/2023 8:02:49 PM,Microsoft-Windows-Sysmon,5,Process terminated (rule: ProcessTerminate),"Process terminated:
RuleName: -
UtcTime: 2023-04-15 11:02:49.489
ProcessGuid: {2048537D-5451-643A-F002-000000000700}
ProcessId: 4736
Image: C:\Windows\System32\rdpclip.exe
User: EXAMPLECOMPANY\admin"
Information,4/15/2023 8:02:49 PM,Microsoft-Windows-Sysmon,5,Process terminated (rule: ProcessTerminate),"Process terminated:
RuleName: -
UtcTime: 2023-04-15 11:02:49.489
ProcessGuid: {2048537D-562C-643A-0403-000000000700}
ProcessId: 4840
Image: C:\Windows\System32\ServerManager.exe
User: EXAMPLECOMPANY\admin"
Information,4/15/2023 8:02:49 PM,Microsoft-Windows-Sysmon,5,Process terminated (rule: ProcessTerminate),"Process terminated:
RuleName: -
UtcTime: 2023-04-15 11:02:49.442
ProcessGuid: {2048537D-7986-643A-DB04-000000000700}
ProcessId: 7836
Image: C:\Windows\System32\mmc.exe
User: EXAMPLECOMPANY\admin"
Information,4/15/2023 8:02:49 PM,Microsoft-Windows-Sysmon,1,Process Create (rule: ProcessCreate),"Process Create:
RuleName: -
UtcTime: 2023-04-15 11:02:49.429
ProcessGuid: {2048537D-8459-643A-6705-000000000700}
ProcessId: 6256
Image: C:\Windows\System32\dllhost.exe
FileVersion: 10.0.14393.0 (rs1_release.160715-1616)
Description: COM Surrogate
Product: Microsoft® Windows® Operating System
Company: Microsoft Corporation
OriginalFileName: dllhost.exe
CommandLine: C:\Windows\system32\DllHost.exe /Processid:{133EAC4F-5891-4D04-BADA-D84870380A80}
CurrentDirectory: C:\Windows\system32\
User: NT AUTHORITY\SYSTEM
LogonGuid: {2048537D-CE04-6437-E703-000000000000}
LogonId: 0x3E7
TerminalSessionId: 0
IntegrityLevel: System
Hashes: SHA256=EE8364C07B3F4F71FA649E0E6C4C73C15D285130E4B16E79890EEBBF89C2164E
ParentProcessGuid: {00000000-0000-0000-0000-000000000000}
ParentProcessId: 740
ParentImage: -
ParentCommandLine: -
ParentUser: -"
Information,4/15/2023 8:02:49 PM,Microsoft-Windows-Sysmon,5,Process terminated (rule: ProcessTerminate),"Process terminated:
RuleName: -
UtcTime: 2023-04-15 11:02:49.317
ProcessGuid: {2048537D-4D52-643A-9B02-000000000700}
ProcessId: 7580
Image: C:\Windows\System32\IME\SHARED\ImeBroker.exe
User: EXAMPLECOMPANY\admin"
Information,4/15/2023 8:02:49 PM,Microsoft-Windows-Sysmon,5,Process terminated (rule: ProcessTerminate),"Process terminated:
RuleName: -
UtcTime: 2023-04-15 11:02:49.317
ProcessGuid: {2048537D-79B1-643A-DD04-000000000700}
ProcessId: 6556
Image: C:\Windows\System32\conhost.exe
User: EXAMPLECOMPANY\admin"
Information,4/15/2023 8:02:49 PM,Microsoft-Windows-Sysmon,5,Process terminated (rule: ProcessTerminate),"Process terminated:
RuleName: -
UtcTime: 2023-04-15 11:02:49.317
ProcessGuid: {2048537D-8449-643A-6305-000000000700}
ProcessId: 6216
Image: C:\Windows\explorer.exe
User: EXAMPLECOMPANY\admin"
Information,4/15/2023 8:02:49 PM,Microsoft-Windows-Sysmon,5,Process terminated (rule: ProcessTerminate),"Process terminated:
RuleName: -
UtcTime: 2023-04-15 11:02:49.270
ProcessGuid: {2048537D-843A-643A-5F05-000000000700}
ProcessId: 4860
Image: C:\Windows\System32\SystemSettingsAdminFlows.exe
User: EXAMPLECOMPANY\admin"
Information,4/15/2023 8:02:49 PM,Microsoft-Windows-Sysmon,5,Process terminated (rule: ProcessTerminate),"Process terminated:
RuleName: -
UtcTime: 2023-04-15 11:02:49.255
ProcessGuid: {2048537D-8445-643A-6205-000000000700}
ProcessId: 7892
Image: C:\Windows\System32\fodhelper.exe
User: EXAMPLECOMPANY\admin"
Information,4/15/2023 8:02:49 PM,Microsoft-Windows-Sysmon,5,Process terminated (rule: ProcessTerminate),"Process terminated:
RuleName: -
UtcTime: 2023-04-15 11:02:49.239
ProcessGuid: {2048537D-79B1-643A-DC04-000000000700}
ProcessId: 7544
Image: C:\Windows\System32\cmd.exe
User: EXAMPLECOMPANY\admin"
Information,4/15/2023 8:02:49 PM,Microsoft-Windows-Sysmon,1,Process Create (rule: ProcessCreate),"Process Create:
RuleName: -
UtcTime: 2023-04-15 11:02:49.171
ProcessGuid: {2048537D-8459-643A-6605-000000000700}
ProcessId: 3000
Image: C:\Windows\System32\taskhostw.exe
FileVersion: 10.0.14393.0 (rs1_release.160715-1616)
Description: Host Process for Windows Tasks
Product: Microsoft® Windows® Operating System
Company: Microsoft Corporation
OriginalFileName: taskhostw.exe
CommandLine: taskhostw.exe
CurrentDirectory: C:\Windows\system32\
User: NT AUTHORITY\SYSTEM
LogonGuid: {2048537D-CE04-6437-E703-000000000000}
LogonId: 0x3E7
TerminalSessionId: 0
IntegrityLevel: System
Hashes: SHA256=A0A677D6C943AD1A7BC1879DFCCB400211DF68100F8EDD7BA6120067A18BEE0B
ParentProcessGuid: {2048537D-CE05-6437-0F00-000000000700}
ParentProcessId: 940
ParentImage: C:\Windows\System32\svchost.exe
ParentCommandLine: C:\Windows\system32\svchost.exe -k netsvcs
ParentUser: NT AUTHORITY\SYSTEM"
Information,4/15/2023 8:02:49 PM,Microsoft-Windows-Sysmon,1,Process Create (rule: ProcessCreate),"Process Create:
RuleName: -
UtcTime: 2023-04-15 11:02:49.065
ProcessGuid: {2048537D-8459-643A-6505-000000000700}
ProcessId: 4528
Image: C:\Windows\System32\LogonUI.exe
FileVersion: 10.0.14393.0 (rs1_release.160715-1616)
Description: Windows Logon User Interface Host
Product: Microsoft® Windows® Operating System
Company: Microsoft Corporation
OriginalFileName: logonui.exe
CommandLine: ""LogonUI.exe"" /flags:0x0 /state0:0xa3ede855 /state1:0x41c64e6d
CurrentDirectory: C:\Windows\system32\
User: NT AUTHORITY\SYSTEM
LogonGuid: {2048537D-CE04-6437-E703-000000000000}
LogonId: 0x3E7
TerminalSessionId: 3
IntegrityLevel: System
Hashes: SHA256=AA62D29803D52EC06CD27ED3124E034048F09606EB7342181913C9817C7B44C5
ParentProcessGuid: {2048537D-4D2E-643A-6D02-000000000700}
ParentProcessId: 5028
ParentImage: C:\Windows\System32\winlogon.exe
ParentCommandLine: winlogon.exe
ParentUser: NT AUTHORITY\SYSTEM"
Information,4/15/2023 8:02:38 PM,Microsoft-Windows-Sysmon,5,Process terminated (rule: ProcessTerminate),"Process terminated:
RuleName: -
UtcTime: 2023-04-15 11:02:38.889
ProcessGuid: {2048537D-8449-643A-6405-000000000700}
ProcessId: 6348
Image: C:\Windows\SysWOW64\dllhost.exe
User: EXAMPLECOMPANY\admin"
Information,4/15/2023 8:02:36 PM,Microsoft-Windows-Sysmon,5,Process terminated (rule: ProcessTerminate),"Process terminated:
RuleName: -
UtcTime: 2023-04-15 11:02:36.782
ProcessGuid: {2048537D-8429-643A-5405-000000000700}
ProcessId: 2780
Image: C:\Windows\System32\dllhost.exe
User: NT AUTHORITY\SYSTEM"
Information,4/15/2023 8:02:34 PM,Microsoft-Windows-Sysmon,5,Process terminated (rule: ProcessTerminate),"Process terminated:
RuleName: -
UtcTime: 2023-04-15 11:02:34.721
ProcessGuid: {2048537D-840D-643A-4C05-000000000700}
ProcessId: 4428
Image: C:\Windows\System32\wbem\WmiPrvSE.exe
User: NT AUTHORITY\LOCAL SERVICE"
Information,4/15/2023 8:02:34 PM,Microsoft-Windows-Sysmon,5,Process terminated (rule: ProcessTerminate),"Process terminated:
RuleName: -
UtcTime: 2023-04-15 11:02:34.377
ProcessGuid: {2048537D-8445-643A-6105-000000000700}
ProcessId: 3848
Image: C:\Windows\System32\dllhost.exe
User: NT AUTHORITY\SYSTEM"
Information,4/15/2023 8:02:33 PM,Microsoft-Windows-Sysmon,1,Process Create (rule: ProcessCreate),"Process Create:
RuleName: -
UtcTime: 2023-04-15 11:02:33.865
ProcessGuid: {2048537D-8449-643A-6405-000000000700}
ProcessId: 6348
Image: C:\Windows\SysWOW64\dllhost.exe
FileVersion: 10.0.14393.0 (rs1_release.160715-1616)
Description: COM Surrogate
Product: Microsoft® Windows® Operating System
Company: Microsoft Corporation
OriginalFileName: dllhost.exe
CommandLine: C:\Windows\SysWOW64\DllHost.exe /Processid:{06622D85-6856-4460-8DE1-A81921B41C4B}
CurrentDirectory: C:\Windows\system32\
User: EXAMPLECOMPANY\admin
LogonGuid: {2048537D-4D3D-643A-8CB7-710000000000}
LogonId: 0x71B78C
TerminalSessionId: 3
IntegrityLevel: Medium
Hashes: SHA256=5137C324038AB2E8EAB4F98A20BEE9F121346D62E4D907CA1E4A860F4C54EAE8
ParentProcessGuid: {00000000-0000-0000-0000-000000000000}
ParentProcessId: 740
ParentImage: -
ParentCommandLine: -
ParentUser: -"
Information,4/15/2023 8:02:33 PM,Microsoft-Windows-Sysmon,1,Process Create (rule: ProcessCreate),"Process Create:
RuleName: -
UtcTime: 2023-04-15 11:02:33.757
ProcessGuid: {2048537D-8449-643A-6305-000000000700}
ProcessId: 6216
Image: C:\Windows\explorer.exe
FileVersion: 10.0.14393.1532 (rs1_release_d.170711-1840)
Description: Windows Explorer
Product: Microsoft® Windows® Operating System
Company: Microsoft Corporation
OriginalFileName: EXPLORER.EXE
CommandLine: C:\Windows\explorer.exe /factory,{ceff45ee-c862-41de-aee2-a022c81eda92} -Embedding
CurrentDirectory: C:\Windows\system32\
User: EXAMPLECOMPANY\admin
LogonGuid: {2048537D-4D3D-643A-8CB7-710000000000}
LogonId: 0x71B78C
TerminalSessionId: 3
IntegrityLevel: Medium
Hashes: SHA256=0327B7630D585AD01F6EC2EB847622645B81DF94A1370B5E466DB9F09F933951
ParentProcessGuid: {00000000-0000-0000-0000-000000000000}
ParentProcessId: 740
ParentImage: -
ParentCommandLine: -
ParentUser: -"
Information,4/15/2023 8:02:31 PM,Microsoft-Windows-Sysmon,5,Process terminated (rule: ProcessTerminate),"Process terminated:
RuleName: -
UtcTime: 2023-04-15 11:02:31.772
ProcessGuid: {2048537D-8429-643A-5305-000000000700}
ProcessId: 4580
Image: C:\Windows\System32\taskhostw.exe
User: NT AUTHORITY\SYSTEM"
Information,4/15/2023 8:02:29 PM,Microsoft-Windows-Sysmon,1,Process Create (rule: ProcessCreate),"Process Create:
RuleName: -
UtcTime: 2023-04-15 11:02:29.383
ProcessGuid: {2048537D-8445-643A-6205-000000000700}
ProcessId: 7892
Image: C:\Windows\System32\fodhelper.exe
FileVersion: 10.0.14393.0 (rs1_release.160715-1616)
Description: Features On Demand Helper
Product: Microsoft® Windows® Operating System
Company: Microsoft Corporation
OriginalFileName: FodHelper.EXE
CommandLine: C:\Windows\System32\FodHelper.exe -Embedding
CurrentDirectory: C:\Windows\system32\
User: EXAMPLECOMPANY\admin
LogonGuid: {2048537D-4D3D-643A-78B7-710000000000}
LogonId: 0x71B778
TerminalSessionId: 3
IntegrityLevel: High
Hashes: SHA256=4346962B31D93DD4E8B5164E6167BB030FC0CA7C77EC0BB6AB798A1E8CD9488E
ParentProcessGuid: {00000000-0000-0000-0000-000000000000}
ParentProcessId: 740
ParentImage: -
ParentCommandLine: -
ParentUser: -"
Information,4/15/2023 8:02:29 PM,Microsoft-Windows-Sysmon,1,Process Create (rule: ProcessCreate),"Process Create:
RuleName: -
UtcTime: 2023-04-15 11:02:29.374
ProcessGuid: {2048537D-8445-643A-6105-000000000700}
ProcessId: 3848
Image: C:\Windows\System32\dllhost.exe
FileVersion: 10.0.14393.0 (rs1_release.160715-1616)
Description: COM Surrogate
Product: Microsoft® Windows® Operating System
Company: Microsoft Corporation
OriginalFileName: dllhost.exe
CommandLine: C:\Windows\system32\DllHost.exe /Processid:{E10F6C3A-F1AE-4ADC-AA9D-2FE65525666E}
CurrentDirectory: C:\Windows\system32\
User: NT AUTHORITY\SYSTEM
LogonGuid: {2048537D-CE04-6437-E703-000000000000}
LogonId: 0x3E7
TerminalSessionId: 0
IntegrityLevel: System
Hashes: SHA256=EE8364C07B3F4F71FA649E0E6C4C73C15D285130E4B16E79890EEBBF89C2164E
ParentProcessGuid: {00000000-0000-0000-0000-000000000000}
ParentProcessId: 740
ParentImage: -
ParentCommandLine: -
ParentUser: -"
Information,4/15/2023 8:02:29 PM,Microsoft-Windows-Sysmon,5,Process terminated (rule: ProcessTerminate),"Process terminated:
RuleName: -
UtcTime: 2023-04-15 11:02:29.361
ProcessGuid: {2048537D-8445-643A-6005-000000000700}
ProcessId: 7744
Image: C:\Windows\System32\consent.exe
User: NT AUTHORITY\SYSTEM"
Information,4/15/2023 8:02:29 PM,Microsoft-Windows-Sysmon,1,Process Create (rule: ProcessCreate),"Process Create:
RuleName: -
UtcTime: 2023-04-15 11:02:29.346
ProcessGuid: {2048537D-8445-643A-6005-000000000700}
ProcessId: 7744
Image: C:\Windows\System32\consent.exe
FileVersion: 10.0.14393.0 (rs1_release.160715-1616)
Description: Consent UI for administrative applications
Product: Microsoft® Windows® Operating System
Company: Microsoft Corporation
OriginalFileName: consent.exe
CommandLine: consent.exe 940 302 0000016162A84670
CurrentDirectory: C:\Windows\system32\
User: NT AUTHORITY\SYSTEM
LogonGuid: {2048537D-CE04-6437-E703-000000000000}
LogonId: 0x3E7
TerminalSessionId: 3
IntegrityLevel: System
Hashes: SHA256=8B1522BA0FE25D268781C2DF68BAE2BA4991D5BD02F161E61DE1B9194AE54DFA
ParentProcessGuid: {2048537D-CE05-6437-0F00-000000000700}
ParentProcessId: 940
ParentImage: C:\Windows\System32\svchost.exe
ParentCommandLine: C:\Windows\system32\svchost.exe -k netsvcs
ParentUser: NT AUTHORITY\SYSTEM"
Information,4/15/2023 8:02:23 PM,Microsoft-Windows-Sysmon,5,Process terminated (rule: ProcessTerminate),"Process terminated:
RuleName: -
UtcTime: 2023-04-15 11:02:23.475
ProcessGuid: {2048537D-843A-643A-5E05-000000000700}
ProcessId: 7276
Image: C:\Windows\System32\dllhost.exe
User: NT AUTHORITY\SYSTEM"
Information,4/15/2023 8:02:23 PM,Microsoft-Windows-Sysmon,5,Process terminated (rule: ProcessTerminate),"Process terminated:
RuleName: -
UtcTime: 2023-04-15 11:02:23.460
ProcessGuid: {2048537D-843A-643A-5D05-000000000700}
ProcessId: 8060
Image: C:\Windows\System32\dllhost.exe
User: NT AUTHORITY\SYSTEM"
Information,4/15/2023 8:02:18 PM,Microsoft-Windows-Sysmon,1,Process Create (rule: ProcessCreate),"Process Create:
RuleName: -
UtcTime: 2023-04-15 11:02:18.473
ProcessGuid: {2048537D-843A-643A-5F05-000000000700}
ProcessId: 4860
Image: C:\Windows\System32\SystemSettingsAdminFlows.exe
FileVersion: 10.0.14393.953 (rs1_release_inmarket.170303-1614)
Description: Settings
Product: Microsoft® Windows® Operating System
Company: Microsoft Corporation
OriginalFileName: SystemSettingsAdminFlows.EXE
CommandLine: ""C:\Windows\system32\SystemSettingsAdminFlows.exe"" LanguagePackInstaller
CurrentDirectory: C:\Windows\system32\
User: EXAMPLECOMPANY\admin
LogonGuid: {2048537D-4D3D-643A-78B7-710000000000}
LogonId: 0x71B778
TerminalSessionId: 3
IntegrityLevel: High
Hashes: SHA256=0F2429231FBDEB74DF51ACFA3857F2B1A8E7110767CD0A686B8C081DC57B474E
ParentProcessGuid: {2048537D-8419-643A-5005-000000000700}
ParentProcessId: 6604
ParentImage: C:\Windows\ImmersiveControlPanel\SystemSettings.exe
ParentCommandLine: ""C:\Windows\ImmersiveControlPanel\SystemSettings.exe"" -ServerName:microsoft.windows.immersivecontrolpanel
ParentUser: EXAMPLECOMPANY\admin"
Information,4/15/2023 8:02:18 PM,Microsoft-Windows-Sysmon,1,Process Create (rule: ProcessCreate),"Process Create:
RuleName: -
UtcTime: 2023-04-15 11:02:18.465
ProcessGuid: {2048537D-843A-643A-5E05-000000000700}
ProcessId: 7276
Image: C:\Windows\System32\dllhost.exe
FileVersion: 10.0.14393.0 (rs1_release.160715-1616)
Description: COM Surrogate
Product: Microsoft® Windows® Operating System
Company: Microsoft Corporation
OriginalFileName: dllhost.exe
CommandLine: C:\Windows\system32\DllHost.exe /Processid:{E10F6C3A-F1AE-4ADC-AA9D-2FE65525666E}
CurrentDirectory: C:\Windows\system32\
User: NT AUTHORITY\SYSTEM
LogonGuid: {2048537D-CE04-6437-E703-000000000000}
LogonId: 0x3E7
TerminalSessionId: 0
IntegrityLevel: System
Hashes: SHA256=EE8364C07B3F4F71FA649E0E6C4C73C15D285130E4B16E79890EEBBF89C2164E
ParentProcessGuid: {00000000-0000-0000-0000-000000000000}
ParentProcessId: 740
ParentImage: -
ParentCommandLine: -
ParentUser: -"
Information,4/15/2023 8:02:18 PM,Microsoft-Windows-Sysmon,5,Process terminated (rule: ProcessTerminate),"Process terminated:
RuleName: -
UtcTime: 2023-04-15 11:02:18.452
ProcessGuid: {2048537D-843A-643A-5C05-000000000700}
ProcessId: 7188
Image: C:\Windows\System32\consent.exe
User: NT AUTHORITY\SYSTEM"
Information,4/15/2023 8:02:18 PM,Microsoft-Windows-Sysmon,1,Process Create (rule: ProcessCreate),"Process Create:
RuleName: -
UtcTime: 2023-04-15 11:02:18.449
ProcessGuid: {2048537D-843A-643A-5D05-000000000700}
ProcessId: 8060
Image: C:\Windows\System32\dllhost.exe
FileVersion: 10.0.14393.0 (rs1_release.160715-1616)
Description: COM Surrogate
Product: Microsoft® Windows® Operating System
Company: Microsoft Corporation
OriginalFileName: dllhost.exe
CommandLine: C:\Windows\system32\DllHost.exe /Processid:{E10F6C3A-F1AE-4ADC-AA9D-2FE65525666E}
CurrentDirectory: C:\Windows\system32\
User: NT AUTHORITY\SYSTEM
LogonGuid: {2048537D-CE04-6437-E703-000000000000}
LogonId: 0x3E7
TerminalSessionId: 3
IntegrityLevel: System
Hashes: SHA256=EE8364C07B3F4F71FA649E0E6C4C73C15D285130E4B16E79890EEBBF89C2164E
ParentProcessGuid: {00000000-0000-0000-0000-000000000000}
ParentProcessId: 740
ParentImage: -
ParentCommandLine: -
ParentUser: -"
Information,4/15/2023 8:02:18 PM,Microsoft-Windows-Sysmon,1,Process Create (rule: ProcessCreate),"Process Create:
RuleName: -
UtcTime: 2023-04-15 11:02:18.428
ProcessGuid: {2048537D-843A-643A-5C05-000000000700}
ProcessId: 7188
Image: C:\Windows\System32\consent.exe
FileVersion: 10.0.14393.0 (rs1_release.160715-1616)
Description: Consent UI for administrative applications
Product: Microsoft® Windows® Operating System
Company: Microsoft Corporation
OriginalFileName: consent.exe
CommandLine: consent.exe 940 456 000001616282F070
CurrentDirectory: C:\Windows\system32\
User: NT AUTHORITY\SYSTEM
LogonGuid: {2048537D-CE04-6437-E703-000000000000}
LogonId: 0x3E7
TerminalSessionId: 3
IntegrityLevel: System
Hashes: SHA256=8B1522BA0FE25D268781C2DF68BAE2BA4991D5BD02F161E61DE1B9194AE54DFA
ParentProcessGuid: {2048537D-CE05-6437-0F00-000000000700}
ParentProcessId: 940
ParentImage: C:\Windows\System32\svchost.exe
ParentCommandLine: C:\Windows\system32\svchost.exe -k netsvcs
ParentUser: NT AUTHORITY\SYSTEM"
Information,4/15/2023 8:02:18 PM,Microsoft-Windows-Sysmon,5,Process terminated (rule: ProcessTerminate),"Process terminated:
RuleName: -
UtcTime: 2023-04-15 11:02:18.359
ProcessGuid: {2048537D-8429-643A-5805-000000000700}
ProcessId: 5332
Image: C:\Windows\System32\SystemSettingsAdminFlows.exe
User: EXAMPLECOMPANY\admin"
Information,4/15/2023 8:02:18 PM,Microsoft-Windows-Sysmon,1,Process Create (rule: ProcessCreate),"Process Create:
RuleName: -
UtcTime: 2023-04-15 11:02:18.300
ProcessGuid: {2048537D-843A-643A-5B05-000000000700}
ProcessId: 8000
Image: C:\Windows\System32\taskhostw.exe
FileVersion: 10.0.14393.0 (rs1_release.160715-1616)
Description: Host Process for Windows Tasks
Product: Microsoft® Windows® Operating System
Company: Microsoft Corporation
OriginalFileName: taskhostw.exe
CommandLine: taskhostw.exe Install $(Arg0)
CurrentDirectory: C:\Windows\system32\
User: EXAMPLECOMPANY\Administrator
LogonGuid: {2048537D-D890-6437-17D5-300000000000}
LogonId: 0x30D517
TerminalSessionId: 2
IntegrityLevel: High
Hashes: SHA256=A0A677D6C943AD1A7BC1879DFCCB400211DF68100F8EDD7BA6120067A18BEE0B
ParentProcessGuid: {2048537D-CE05-6437-0F00-000000000700}
ParentProcessId: 940
ParentImage: C:\Windows\System32\svchost.exe
ParentCommandLine: C:\Windows\system32\svchost.exe -k netsvcs
ParentUser: NT AUTHORITY\SYSTEM"
Information,4/15/2023 8:02:18 PM,Microsoft-Windows-Sysmon,1,Process Create (rule: ProcessCreate),"Process Create:
RuleName: -
UtcTime: 2023-04-15 11:02:18.299
ProcessGuid: {2048537D-843A-643A-5A05-000000000700}
ProcessId: 6212
Image: C:\Windows\System32\taskhostw.exe
FileVersion: 10.0.14393.0 (rs1_release.160715-1616)
Description: Host Process for Windows Tasks
Product: Microsoft® Windows® Operating System
Company: Microsoft Corporation
OriginalFileName: taskhostw.exe
CommandLine: taskhostw.exe Install $(Arg0)
CurrentDirectory: C:\Windows\system32\
User: EXAMPLECOMPANY\admin
LogonGuid: {2048537D-4D3D-643A-8CB7-710000000000}
LogonId: 0x71B78C
TerminalSessionId: 3
IntegrityLevel: Medium
Hashes: SHA256=A0A677D6C943AD1A7BC1879DFCCB400211DF68100F8EDD7BA6120067A18BEE0B
ParentProcessGuid: {2048537D-CE05-6437-0F00-000000000700}
ParentProcessId: 940
ParentImage: C:\Windows\System32\svchost.exe
ParentCommandLine: C:\Windows\system32\svchost.exe -k netsvcs
ParentUser: NT AUTHORITY\SYSTEM"
Information,4/15/2023 8:02:16 PM,Microsoft-Windows-Sysmon,5,Process terminated (rule: ProcessTerminate),"Process terminated:
RuleName: -
UtcTime: 2023-04-15 11:02:16.046
ProcessGuid: {2048537D-840A-643A-4A05-000000000700}
ProcessId: 6612
Image: C:\Windows\System32\sppsvc.exe
User: NT AUTHORITY\NETWORK SERVICE"
Information,4/15/2023 8:02:06 PM,Microsoft-Windows-Sysmon,5,Process terminated (rule: ProcessTerminate),"Process terminated:
RuleName: -
UtcTime: 2023-04-15 11:02:06.848
ProcessGuid: {2048537D-8429-643A-5705-000000000700}
ProcessId: 8112
Image: C:\Windows\System32\dllhost.exe
User: NT AUTHORITY\SYSTEM"
Information,4/15/2023 8:02:06 PM,Microsoft-Windows-Sysmon,5,Process terminated (rule: ProcessTerminate),"Process terminated:
RuleName: -
UtcTime: 2023-04-15 11:02:06.833
ProcessGuid: {2048537D-8429-643A-5605-000000000700}
ProcessId: 7316
Image: C:\Windows\System32\dllhost.exe
User: NT AUTHORITY\SYSTEM"
Information,4/15/2023 8:02:03 PM,Microsoft-Windows-Sysmon,1,Process Create (rule: ProcessCreate),"Process Create:
RuleName: -
UtcTime: 2023-04-15 11:02:03.115
ProcessGuid: {2048537D-842B-643A-5905-000000000700}
ProcessId: 7536
Image: C:\Windows\System32\svchost.exe
FileVersion: 10.0.14393.0 (rs1_release.160715-1616)
Description: Host Process for Windows Services
Product: Microsoft® Windows® Operating System
Company: Microsoft Corporation
OriginalFileName: svchost.exe
CommandLine: C:\Windows\System32\svchost.exe -k wsappx
CurrentDirectory: C:\Windows\system32\
User: NT AUTHORITY\SYSTEM
LogonGuid: {2048537D-CE04-6437-E703-000000000000}
LogonId: 0x3E7
TerminalSessionId: 0
IntegrityLevel: System
Hashes: SHA256=438B6CCD84F4DD32D9684ED7D58FD7D1E5A75FE3F3D12AB6C788E6BB0FFAD5E7
ParentProcessGuid: {00000000-0000-0000-0000-000000000000}
ParentProcessId: 532
ParentImage: -
ParentCommandLine: -
ParentUser: -"
Information,4/15/2023 8:02:01 PM,Microsoft-Windows-Sysmon,1,Process Create (rule: ProcessCreate),"Process Create:
RuleName: -
UtcTime: 2023-04-15 11:02:01.853
ProcessGuid: {2048537D-8429-643A-5805-000000000700}
ProcessId: 5332
Image: C:\Windows\System32\SystemSettingsAdminFlows.exe
FileVersion: 10.0.14393.953 (rs1_release_inmarket.170303-1614)
Description: Settings
Product: Microsoft® Windows® Operating System
Company: Microsoft Corporation
OriginalFileName: SystemSettingsAdminFlows.EXE
CommandLine: ""C:\Windows\system32\SystemSettingsAdminFlows.exe"" LanguagePackInstaller
CurrentDirectory: C:\Windows\system32\
User: EXAMPLECOMPANY\admin
LogonGuid: {2048537D-4D3D-643A-78B7-710000000000}
LogonId: 0x71B778
TerminalSessionId: 3
IntegrityLevel: High
Hashes: SHA256=0F2429231FBDEB74DF51ACFA3857F2B1A8E7110767CD0A686B8C081DC57B474E
ParentProcessGuid: {2048537D-8419-643A-5005-000000000700}
ParentProcessId: 6604
ParentImage: C:\Windows\ImmersiveControlPanel\SystemSettings.exe
ParentCommandLine: ""C:\Windows\ImmersiveControlPanel\SystemSettings.exe"" -ServerName:microsoft.windows.immersivecontrolpanel
ParentUser: EXAMPLECOMPANY\admin"
Information,4/15/2023 8:02:01 PM,Microsoft-Windows-Sysmon,1,Process Create (rule: ProcessCreate),"Process Create:
RuleName: -
UtcTime: 2023-04-15 11:02:01.844
ProcessGuid: {2048537D-8429-643A-5705-000000000700}
ProcessId: 8112
Image: C:\Windows\System32\dllhost.exe
FileVersion: 10.0.14393.0 (rs1_release.160715-1616)
Description: COM Surrogate
Product: Microsoft® Windows® Operating System
Company: Microsoft Corporation
OriginalFileName: dllhost.exe
CommandLine: C:\Windows\system32\DllHost.exe /Processid:{E10F6C3A-F1AE-4ADC-AA9D-2FE65525666E}
CurrentDirectory: C:\Windows\system32\
User: NT AUTHORITY\SYSTEM
LogonGuid: {2048537D-CE04-6437-E703-000000000000}
LogonId: 0x3E7
TerminalSessionId: 0
IntegrityLevel: System
Hashes: SHA256=EE8364C07B3F4F71FA649E0E6C4C73C15D285130E4B16E79890EEBBF89C2164E
ParentProcessGuid: {00000000-0000-0000-0000-000000000000}
ParentProcessId: 740
ParentImage: -
ParentCommandLine: -
ParentUser: -"
Information,4/15/2023 8:02:01 PM,Microsoft-Windows-Sysmon,5,Process terminated (rule: ProcessTerminate),"Process terminated:
RuleName: -
UtcTime: 2023-04-15 11:02:01.831
ProcessGuid: {2048537D-8429-643A-5505-000000000700}
ProcessId: 7356
Image: C:\Windows\System32\consent.exe
User: NT AUTHORITY\SYSTEM"
Information,4/15/2023 8:02:01 PM,Microsoft-Windows-Sysmon,1,Process Create (rule: ProcessCreate),"Process Create:
RuleName: -
UtcTime: 2023-04-15 11:02:01.830
ProcessGuid: {2048537D-8429-643A-5605-000000000700}
ProcessId: 7316
Image: C:\Windows\System32\dllhost.exe
FileVersion: 10.0.14393.0 (rs1_release.160715-1616)
Description: COM Surrogate
Product: Microsoft® Windows® Operating System
Company: Microsoft Corporation
OriginalFileName: dllhost.exe
CommandLine: C:\Windows\system32\DllHost.exe /Processid:{E10F6C3A-F1AE-4ADC-AA9D-2FE65525666E}
CurrentDirectory: C:\Windows\system32\
User: NT AUTHORITY\SYSTEM
LogonGuid: {2048537D-CE04-6437-E703-000000000000}
LogonId: 0x3E7
TerminalSessionId: 3
IntegrityLevel: System
Hashes: SHA256=EE8364C07B3F4F71FA649E0E6C4C73C15D285130E4B16E79890EEBBF89C2164E
ParentProcessGuid: {00000000-0000-0000-0000-000000000000}
ParentProcessId: 740
ParentImage: -
ParentCommandLine: -
ParentUser: -"
Information,4/15/2023 8:02:01 PM,Microsoft-Windows-Sysmon,1,Process Create (rule: ProcessCreate),"Process Create:
RuleName: -
UtcTime: 2023-04-15 11:02:01.796
ProcessGuid: {2048537D-8429-643A-5505-000000000700}
ProcessId: 7356
Image: C:\Windows\System32\consent.exe
FileVersion: 10.0.14393.0 (rs1_release.160715-1616)
Description: Consent UI for administrative applications
Product: Microsoft® Windows® Operating System
Company: Microsoft Corporation
OriginalFileName: consent.exe
CommandLine: consent.exe 940 456 000001616282E1F0
CurrentDirectory: C:\Windows\system32\
User: NT AUTHORITY\SYSTEM
LogonGuid: {2048537D-CE04-6437-E703-000000000000}
LogonId: 0x3E7
TerminalSessionId: 3
IntegrityLevel: System
Hashes: SHA256=8B1522BA0FE25D268781C2DF68BAE2BA4991D5BD02F161E61DE1B9194AE54DFA
ParentProcessGuid: {2048537D-CE05-6437-0F00-000000000700}
ParentProcessId: 940
ParentImage: C:\Windows\System32\svchost.exe
ParentCommandLine: C:\Windows\system32\svchost.exe -k netsvcs
ParentUser: NT AUTHORITY\SYSTEM"
Information,4/15/2023 8:02:01 PM,Microsoft-Windows-Sysmon,1,Process Create (rule: ProcessCreate),"Process Create:
RuleName: -
UtcTime: 2023-04-15 11:02:01.781
ProcessGuid: {2048537D-8429-643A-5405-000000000700}
ProcessId: 2780
Image: C:\Windows\System32\dllhost.exe
FileVersion: 10.0.14393.0 (rs1_release.160715-1616)
Description: COM Surrogate
Product: Microsoft® Windows® Operating System
Company: Microsoft Corporation
OriginalFileName: dllhost.exe
CommandLine: C:\Windows\system32\DllHost.exe /Processid:{133EAC4F-5891-4D04-BADA-D84870380A80}
CurrentDirectory: C:\Windows\system32\
User: NT AUTHORITY\SYSTEM
LogonGuid: {2048537D-CE04-6437-E703-000000000000}
LogonId: 0x3E7
TerminalSessionId: 0
IntegrityLevel: System
Hashes: SHA256=EE8364C07B3F4F71FA649E0E6C4C73C15D285130E4B16E79890EEBBF89C2164E
ParentProcessGuid: {00000000-0000-0000-0000-000000000000}
ParentProcessId: 740
ParentImage: -
ParentCommandLine: -
ParentUser: -"
Information,4/15/2023 8:02:01 PM,Microsoft-Windows-Sysmon,1,Process Create (rule: ProcessCreate),"Process Create:
RuleName: -
UtcTime: 2023-04-15 11:02:01.774
ProcessGuid: {2048537D-8429-643A-5305-000000000700}
ProcessId: 4580
Image: C:\Windows\System32\taskhostw.exe
FileVersion: 10.0.14393.0 (rs1_release.160715-1616)
Description: Host Process for Windows Tasks
Product: Microsoft® Windows® Operating System
Company: Microsoft Corporation
OriginalFileName: taskhostw.exe
CommandLine: taskhostw.exe
CurrentDirectory: C:\Windows\system32\
User: NT AUTHORITY\SYSTEM
LogonGuid: {2048537D-CE04-6437-E703-000000000000}
LogonId: 0x3E7
TerminalSessionId: 0
IntegrityLevel: System
Hashes: SHA256=A0A677D6C943AD1A7BC1879DFCCB400211DF68100F8EDD7BA6120067A18BEE0B
ParentProcessGuid: {2048537D-CE05-6437-0F00-000000000700}
ParentProcessId: 940
ParentImage: C:\Windows\System32\svchost.exe
ParentCommandLine: C:\Windows\system32\svchost.exe -k netsvcs
ParentUser: NT AUTHORITY\SYSTEM"
Information,4/15/2023 8:02:01 PM,Microsoft-Windows-Sysmon,1,Process Create (rule: ProcessCreate),"Process Create:
RuleName: -
UtcTime: 2023-04-15 11:02:01.756
ProcessGuid: {2048537D-8429-643A-5205-000000000700}
ProcessId: 5604
Image: C:\Windows\WinSxS\amd64_microsoft-windows-servicingstack_31bf3856ad364e35_10.0.14393.1883_none_7ed84bd822106081\TiWorker.exe
FileVersion: 10.0.14393.693 (rs1_release.161220-1747)
Description: Windows Modules Installer Worker
Product: Microsoft® Windows® Operating System
Company: Microsoft Corporation
OriginalFileName: TiWorker.exe
CommandLine: C:\Windows\winsxs\amd64_microsoft-windows-servicingstack_31bf3856ad364e35_10.0.14393.1883_none_7ed84bd822106081\TiWorker.exe -Embedding
CurrentDirectory: C:\Windows\system32\
User: NT AUTHORITY\SYSTEM
LogonGuid: {2048537D-CE04-6437-E703-000000000000}
LogonId: 0x3E7
TerminalSessionId: 0
IntegrityLevel: System
Hashes: SHA256=B6E333F2C1AA300E86F4E81A7A0E05734152F858F56AC0E008E3B104BE60DE74
ParentProcessGuid: {00000000-0000-0000-0000-000000000000}
ParentProcessId: 740
ParentImage: -
ParentCommandLine: -
ParentUser: -"
Information,4/15/2023 8:02:01 PM,Microsoft-Windows-Sysmon,1,Process Create (rule: ProcessCreate),"Process Create:
RuleName: -
UtcTime: 2023-04-15 11:02:01.747
ProcessGuid: {2048537D-8429-643A-5105-000000000700}
ProcessId: 352
Image: C:\Windows\servicing\TrustedInstaller.exe
FileVersion: 10.0.14393.479 (rs1_release.161110-2025)
Description: Windows Modules Installer
Product: Microsoft® Windows® Operating System
Company: Microsoft Corporation
OriginalFileName: TrustedInstaller.exe
CommandLine: C:\Windows\servicing\TrustedInstaller.exe
CurrentDirectory: C:\Windows\system32\
User: NT AUTHORITY\SYSTEM
LogonGuid: {2048537D-CE04-6437-E703-000000000000}
LogonId: 0x3E7
TerminalSessionId: 0
IntegrityLevel: System
Hashes: SHA256=208C7725F70C75D8C96CCAF5B22F83B8B1C66D8C9FFF48465B1C9F4A77425569
ParentProcessGuid: {00000000-0000-0000-0000-000000000000}
ParentProcessId: 532
ParentImage: -
ParentCommandLine: -
ParentUser: -"
Information,4/15/2023 8:01:54 PM,Microsoft-Windows-Sysmon,5,Process terminated (rule: ProcessTerminate),"Process terminated:
RuleName: -
UtcTime: 2023-04-15 11:01:54.060
ProcessGuid: {2048537D-8416-643A-4E05-000000000700}
ProcessId: 900
Image: C:\Windows\System32\Speech_OneCore\Common\SpeechRuntime.exe
User: EXAMPLECOMPANY\admin"
Information,4/15/2023 8:01:45 PM,Microsoft-Windows-Sysmon,1,Process Create (rule: ProcessCreate),"Process Create:
RuleName: -
UtcTime: 2023-04-15 11:01:45.979
ProcessGuid: {2048537D-8419-643A-5005-000000000700}
ProcessId: 6604
Image: C:\Windows\ImmersiveControlPanel\SystemSettings.exe
FileVersion: 10.0.14393.82 (rs1_release.160805-1735)
Description: Settings
Product: Microsoft® Windows® Operating System
Company: Microsoft Corporation
OriginalFileName: SystemSettings.exe
CommandLine: ""C:\Windows\ImmersiveControlPanel\SystemSettings.exe"" -ServerName:microsoft.windows.immersivecontrolpanel
CurrentDirectory: C:\Windows\ImmersiveControlPanel\
User: EXAMPLECOMPANY\admin
LogonGuid: {2048537D-4D3D-643A-8CB7-710000000000}
LogonId: 0x71B78C
TerminalSessionId: 3
IntegrityLevel: Medium
Hashes: SHA256=E768FF1F2F31178FE5930F261ACD4B19464ACC019FB0AA697D0B48686E59050C
ParentProcessGuid: {00000000-0000-0000-0000-000000000000}
ParentProcessId: 740
ParentImage: -
ParentCommandLine: -
ParentUser: -"
Information,4/15/2023 8:01:42 PM,Microsoft-Windows-Sysmon,1,Process Create (rule: ProcessCreate),"Process Create:
RuleName: -
UtcTime: 2023-04-15 11:01:42.401
ProcessGuid: {2048537D-8416-643A-4F05-000000000700}
ProcessId: 7456
Image: C:\Windows\System32\svchost.exe
FileVersion: 10.0.14393.0 (rs1_release.160715-1616)
Description: Host Process for Windows Services
Product: Microsoft® Windows® Operating System
Company: Microsoft Corporation
OriginalFileName: svchost.exe
CommandLine: C:\Windows\system32\svchost.exe -k WbioSvcGroup
CurrentDirectory: C:\Windows\system32\
User: NT AUTHORITY\SYSTEM
LogonGuid: {2048537D-CE04-6437-E703-000000000000}
LogonId: 0x3E7
TerminalSessionId: 0
IntegrityLevel: System
Hashes: SHA256=438B6CCD84F4DD32D9684ED7D58FD7D1E5A75FE3F3D12AB6C788E6BB0FFAD5E7
ParentProcessGuid: {00000000-0000-0000-0000-000000000000}
ParentProcessId: 532
ParentImage: -
ParentCommandLine: -
ParentUser: -"
Information,4/15/2023 8:01:42 PM,Microsoft-Windows-Sysmon,1,Process Create (rule: ProcessCreate),"Process Create:
RuleName: -
UtcTime: 2023-04-15 11:01:42.353
ProcessGuid: {2048537D-8416-643A-4E05-000000000700}
ProcessId: 900
Image: C:\Windows\System32\Speech_OneCore\Common\SpeechRuntime.exe
FileVersion: 10.0.14393.0 (rs1_release.160715-1616)
Description: Speech Runtime Executable
Product: Microsoft® Windows® Operating System
Company: Microsoft Corporation
OriginalFileName: SpeechRuntime.exe
CommandLine: C:\Windows\System32\Speech_OneCore\Common\SpeechRuntime.exe -Embedding
CurrentDirectory: C:\Windows\system32\
User: EXAMPLECOMPANY\admin
LogonGuid: {2048537D-4D3D-643A-8CB7-710000000000}
LogonId: 0x71B78C
TerminalSessionId: 3
IntegrityLevel: Medium
Hashes: SHA256=A4484DB492D5A59F1E5B4D0A5477B5A871E3FC182CD6EE00813B8535682E5568
ParentProcessGuid: {00000000-0000-0000-0000-000000000000}
ParentProcessId: 740
ParentImage: -
ParentCommandLine: -
ParentUser: -"
Information,4/15/2023 8:01:35 PM,Microsoft-Windows-Sysmon,1,Process Create (rule: ProcessCreate),"Process Create:
RuleName: -
UtcTime: 2023-04-15 11:01:35.974
ProcessGuid: {2048537D-840F-643A-4D05-000000000700}
ProcessId: 3812
Image: C:\Windows\System32\backgroundTaskHost.exe
FileVersion: 10.0.14393.0 (rs1_release.160715-1616)
Description: Background Task Host
Product: Microsoft® Windows® Operating System
Company: Microsoft Corporation
OriginalFileName: backgroundTaskHost.exe
CommandLine: ""C:\Windows\system32\backgroundTaskHost.exe"" -ServerName:CortanaUI.AppXy7vb4pc2dr3kc93kfc509b1d0arkfb2x.mca
CurrentDirectory: C:\Windows\SystemApps\Microsoft.Windows.Cortana_cw5n1h2txyewy\
User: EXAMPLECOMPANY\admin
LogonGuid: {2048537D-4D3D-643A-8CB7-710000000000}
LogonId: 0x71B78C
TerminalSessionId: 3
IntegrityLevel: AppContainer
Hashes: SHA256=23A80E09DAE6DB17909E81B1CA7E9BF43158BDEE69C1646125FC62E6BFE2745B
ParentProcessGuid: {00000000-0000-0000-0000-000000000000}
ParentProcessId: 740
ParentImage: -
ParentCommandLine: -
ParentUser: -"
Information,4/15/2023 8:01:33 PM,Microsoft-Windows-Sysmon,1,Process Create (rule: ProcessCreate),"Process Create:
RuleName: -
UtcTime: 2023-04-15 11:01:33.282
ProcessGuid: {2048537D-840D-643A-4C05-000000000700}
ProcessId: 4428
Image: C:\Windows\System32\wbem\WmiPrvSE.exe
FileVersion: 10.0.14393.0 (rs1_release.160715-1616)
Description: WMI Provider Host
Product: Microsoft® Windows® Operating System
Company: Microsoft Corporation
OriginalFileName: Wmiprvse.exe
CommandLine: C:\Windows\system32\wbem\wmiprvse.exe -secured -Embedding
CurrentDirectory: C:\Windows\system32\
User: NT AUTHORITY\LOCAL SERVICE
LogonGuid: {2048537D-CE05-6437-E503-000000000000}
LogonId: 0x3E5
TerminalSessionId: 0
IntegrityLevel: System
Hashes: SHA256=B62ACACFCAF99A50149F9DCE06136D478723992A61014FC3DBAE81289FE219F9
ParentProcessGuid: {00000000-0000-0000-0000-000000000000}
ParentProcessId: 740
ParentImage: -
ParentCommandLine: -
ParentUser: -"
Information,4/15/2023 8:01:31 PM,Microsoft-Windows-Sysmon,5,Process terminated (rule: ProcessTerminate),"Process terminated:
RuleName: -
UtcTime: 2023-04-15 11:01:30.998
ProcessGuid: {2048537D-840A-643A-4B05-000000000700}
ProcessId: 6244
Image: C:\Windows\System32\conhost.exe
User: EXAMPLECOMPANY\admin"
Information,4/15/2023 8:01:31 PM,Microsoft-Windows-Sysmon,5,Process terminated (rule: ProcessTerminate),"Process terminated:
RuleName: -
UtcTime: 2023-04-15 11:01:30.998
ProcessGuid: {2048537D-840A-643A-4905-000000000700}
ProcessId: 3096
Image: C:\Windows\System32\Configure-SMRemoting.exe
User: EXAMPLECOMPANY\admin"
Information,4/15/2023 8:01:30 PM,Microsoft-Windows-Sysmon,1,Process Create (rule: ProcessCreate),"Process Create:
RuleName: -
UtcTime: 2023-04-15 11:01:30.982
ProcessGuid: {2048537D-840A-643A-4B05-000000000700}
ProcessId: 6244
Image: C:\Windows\System32\conhost.exe
FileVersion: 10.0.14393.0 (rs1_release.160715-1616)
Description: Console Window Host
Product: Microsoft® Windows® Operating System
Company: Microsoft Corporation
OriginalFileName: CONHOST.EXE
CommandLine: \??\C:\Windows\system32\conhost.exe 0xffffffff -ForceV1
CurrentDirectory: C:\Windows
User: EXAMPLECOMPANY\admin
LogonGuid: {2048537D-4D3D-643A-78B7-710000000000}
LogonId: 0x71B778
TerminalSessionId: 3
IntegrityLevel: High
Hashes: SHA256=046F7A1B4DE67562547ED9A180A72F481FC41E803DE49A96D7D7C731964D53A0
ParentProcessGuid: {2048537D-840A-643A-4905-000000000700}
ParentProcessId: 3096
ParentImage: C:\Windows\System32\Configure-SMRemoting.exe
ParentCommandLine: ""Configure-SMRemoting.exe"" -GET
ParentUser: EXAMPLECOMPANY\admin"
Information,4/15/2023 8:01:30 PM,Microsoft-Windows-Sysmon,1,Process Create (rule: ProcessCreate),"Process Create:
RuleName: -
UtcTime: 2023-04-15 11:01:30.981
ProcessGuid: {2048537D-840A-643A-4A05-000000000700}
ProcessId: 6612
Image: C:\Windows\System32\sppsvc.exe
FileVersion: 10.0.14393.351 (rs1_release_inmarket.161014-1755)
Description: Microsoft Software Protection Platform Service
Product: Microsoft® Windows® Operating System
Company: Microsoft Corporation
OriginalFileName: sppsvc.exe
CommandLine: C:\Windows\system32\sppsvc.exe
CurrentDirectory: C:\Windows
User: NT AUTHORITY\NETWORK SERVICE
LogonGuid: {2048537D-CE04-6437-E403-000000000000}
LogonId: 0x3E4
TerminalSessionId: 0
IntegrityLevel: System
Hashes: SHA256=8ADF7A1C96DAE005E9A974D90BE8954F88D49B6848252B88513C49E0A3BD9774
ParentProcessGuid: {00000000-0000-0000-0000-000000000000}
ParentProcessId: 532
ParentImage: -
ParentCommandLine: -
ParentUser: -"
Information,4/15/2023 8:01:30 PM,Microsoft-Windows-Sysmon,1,Process Create (rule: ProcessCreate),"Process Create:
RuleName: -
UtcTime: 2023-04-15 11:01:30.980
ProcessGuid: {2048537D-840A-643A-4905-000000000700}
ProcessId: 3096
Image: C:\Windows\System32\Configure-SMRemoting.exe
FileVersion: 10.0.14393.0 (rs1_release.160715-1616)
Description: Configure-SMRemoting
Product: Microsoft® Windows® Operating System
Company: Microsoft Corporation
OriginalFileName: Configure-SMRemoting.EXE
CommandLine: ""Configure-SMRemoting.exe"" -GET
CurrentDirectory: C:\Windows\system32\
User: EXAMPLECOMPANY\admin
LogonGuid: {2048537D-4D3D-643A-78B7-710000000000}
LogonId: 0x71B778
TerminalSessionId: 3
IntegrityLevel: High
Hashes: SHA256=E26FE2AD8452293B4B1E957B21371693996941A4D3D2371E7E51A35892C59418
ParentProcessGuid: {2048537D-562C-643A-0403-000000000700}
ParentProcessId: 4840
ParentImage: C:\Windows\System32\ServerManager.exe
ParentCommandLine: ""C:\Windows\system32\ServerManager.exe"" 
ParentUser: EXAMPLECOMPANY\admin"
Information,4/15/2023 8:00:51 PM,Microsoft-Windows-Sysmon,5,Process terminated (rule: ProcessTerminate),"Process terminated:
RuleName: -
UtcTime: 2023-04-15 11:00:51.168
ProcessGuid: {2048537D-8395-643A-4805-000000000700}
ProcessId: 7940
Image: C:\Windows\System32\wbem\WmiPrvSE.exe
User: NT AUTHORITY\LOCAL SERVICE"
Information,4/15/2023 8:00:01 PM,Microsoft-Windows-Sysmon,5,Process terminated (rule: ProcessTerminate),"Process terminated:
RuleName: -
UtcTime: 2023-04-15 11:00:01.251
ProcessGuid: {2048537D-8392-643A-4605-000000000700}
ProcessId: 5464
Image: C:\Windows\System32\sppsvc.exe
User: NT AUTHORITY\NETWORK SERVICE"
Information,4/15/2023 7:59:33 PM,Microsoft-Windows-Sysmon,1,Process Create (rule: ProcessCreate),"Process Create:
RuleName: -
UtcTime: 2023-04-15 10:59:33.324
ProcessGuid: {2048537D-8395-643A-4805-000000000700}
ProcessId: 7940
Image: C:\Windows\System32\wbem\WmiPrvSE.exe
FileVersion: 10.0.14393.0 (rs1_release.160715-1616)
Description: WMI Provider Host
Product: Microsoft® Windows® Operating System
Company: Microsoft Corporation
OriginalFileName: Wmiprvse.exe
CommandLine: C:\Windows\system32\wbem\wmiprvse.exe -secured -Embedding
CurrentDirectory: C:\Windows\system32\
User: NT AUTHORITY\LOCAL SERVICE
LogonGuid: {2048537D-CE05-6437-E503-000000000000}
LogonId: 0x3E5
TerminalSessionId: 0
IntegrityLevel: System
Hashes: SHA256=B62ACACFCAF99A50149F9DCE06136D478723992A61014FC3DBAE81289FE219F9
ParentProcessGuid: {00000000-0000-0000-0000-000000000000}
ParentProcessId: 740
ParentImage: -
ParentCommandLine: -
ParentUser: -"
Information,4/15/2023 7:59:31 PM,Microsoft-Windows-Sysmon,5,Process terminated (rule: ProcessTerminate),"Process terminated:
RuleName: -
UtcTime: 2023-04-15 10:59:31.062
ProcessGuid: {2048537D-8392-643A-4705-000000000700}
ProcessId: 2024
Image: C:\Windows\System32\conhost.exe
User: EXAMPLECOMPANY\admin"
Information,4/15/2023 7:59:31 PM,Microsoft-Windows-Sysmon,5,Process terminated (rule: ProcessTerminate),"Process terminated:
RuleName: -
UtcTime: 2023-04-15 10:59:31.062
ProcessGuid: {2048537D-8392-643A-4505-000000000700}
ProcessId: 6628
Image: C:\Windows\System32\Configure-SMRemoting.exe
User: EXAMPLECOMPANY\admin"
Information,4/15/2023 7:59:30 PM,Microsoft-Windows-Sysmon,1,Process Create (rule: ProcessCreate),"Process Create:
RuleName: -
UtcTime: 2023-04-15 10:59:30.970
ProcessGuid: {2048537D-8392-643A-4705-000000000700}
ProcessId: 2024
Image: C:\Windows\System32\conhost.exe
FileVersion: 10.0.14393.0 (rs1_release.160715-1616)
Description: Console Window Host
Product: Microsoft® Windows® Operating System
Company: Microsoft Corporation
OriginalFileName: CONHOST.EXE
CommandLine: \??\C:\Windows\system32\conhost.exe 0xffffffff -ForceV1
CurrentDirectory: C:\Windows
User: EXAMPLECOMPANY\admin
LogonGuid: {2048537D-4D3D-643A-78B7-710000000000}
LogonId: 0x71B778
TerminalSessionId: 3
IntegrityLevel: High
Hashes: SHA256=046F7A1B4DE67562547ED9A180A72F481FC41E803DE49A96D7D7C731964D53A0
ParentProcessGuid: {2048537D-8392-643A-4505-000000000700}
ParentProcessId: 6628
ParentImage: C:\Windows\System32\Configure-SMRemoting.exe
ParentCommandLine: ""Configure-SMRemoting.exe"" -GET
ParentUser: EXAMPLECOMPANY\admin"
