Information,4/15/2023 7:59:30 PM,Microsoft-Windows-Sysmon,1,Process Create (rule: ProcessCreate),"Process Create:
RuleName: -
UtcTime: 2023-04-15 10:59:30.970
ProcessGuid: {2048537D-8392-643A-4605-000000000700}
ProcessId: 5464
Image: C:\Windows\System32\sppsvc.exe
FileVersion: 10.0.14393.351 (rs1_release_inmarket.161014-1755)
Description: Microsoft Software Protection Platform Service
Product: Microsoft® Windows® Operating System
Company: Microsoft Corporation
OriginalFileName: sppsvc.exe
CommandLine: C:\Windows\system32\sppsvc.exe
CurrentDirectory: C:\Windows
User: NT AUTHORITY\NETWORK SERVICE
LogonGuid: {2048537D-CE04-6437-E403-000000000000}
LogonId: 0x3E4
TerminalSessionId: 0
IntegrityLevel: System
Hashes: SHA256=8ADF7A1C96DAE005E9A974D90BE8954F88D49B6848252B88513C49E0A3BD9774
ParentProcessGuid: {00000000-0000-0000-0000-000000000000}
ParentProcessId: 532
ParentImage: -
ParentCommandLine: -
ParentUser: -"
Information,4/15/2023 7:59:30 PM,Microsoft-Windows-Sysmon,1,Process Create (rule: ProcessCreate),"Process Create:
RuleName: -
UtcTime: 2023-04-15 10:59:30.968
ProcessGuid: {2048537D-8392-643A-4505-000000000700}
ProcessId: 6628
Image: C:\Windows\System32\Configure-SMRemoting.exe
FileVersion: 10.0.14393.0 (rs1_release.160715-1616)
Description: Configure-SMRemoting
Product: Microsoft® Windows® Operating System
Company: Microsoft Corporation
OriginalFileName: Configure-SMRemoting.EXE
CommandLine: ""Configure-SMRemoting.exe"" -GET
CurrentDirectory: C:\Windows\system32\
User: EXAMPLECOMPANY\admin
LogonGuid: {2048537D-4D3D-643A-78B7-710000000000}
LogonId: 0x71B778
TerminalSessionId: 3
IntegrityLevel: High
Hashes: SHA256=E26FE2AD8452293B4B1E957B21371693996941A4D3D2371E7E51A35892C59418
ParentProcessGuid: {2048537D-562C-643A-0403-000000000700}
ParentProcessId: 4840
ParentImage: C:\Windows\System32\ServerManager.exe
ParentCommandLine: ""C:\Windows\system32\ServerManager.exe"" 
ParentUser: EXAMPLECOMPANY\admin"
Information,4/15/2023 7:58:33 PM,Microsoft-Windows-Sysmon,5,Process terminated (rule: ProcessTerminate),"Process terminated:
RuleName: -
UtcTime: 2023-04-15 10:58:33.297
ProcessGuid: {2048537D-82A5-643A-4005-000000000700}
ProcessId: 7164
Image: C:\Windows\System32\wbem\WmiPrvSE.exe
User: NT AUTHORITY\LOCAL SERVICE"
Information,4/15/2023 7:58:03 PM,Microsoft-Windows-Sysmon,5,Process terminated (rule: ProcessTerminate),"Process terminated:
RuleName: -
UtcTime: 2023-04-15 10:58:03.293
ProcessGuid: {2048537D-82B7-643A-4105-000000000700}
ProcessId: 7024
Image: C:\Windows\System32\wbem\WmiPrvSE.exe
User: NT AUTHORITY\SYSTEM"
Information,4/15/2023 7:58:01 PM,Microsoft-Windows-Sysmon,5,Process terminated (rule: ProcessTerminate),"Process terminated:
RuleName: -
UtcTime: 2023-04-15 10:58:01.205
ProcessGuid: {2048537D-831A-643A-4305-000000000700}
ProcessId: 5344
Image: C:\Windows\System32\sppsvc.exe
User: NT AUTHORITY\NETWORK SERVICE"
Information,4/15/2023 7:57:31 PM,Microsoft-Windows-Sysmon,5,Process terminated (rule: ProcessTerminate),"Process terminated:
RuleName: -
UtcTime: 2023-04-15 10:57:31.043
ProcessGuid: {2048537D-831A-643A-4405-000000000700}
ProcessId: 8056
Image: C:\Windows\System32\conhost.exe
User: EXAMPLECOMPANY\admin"
Information,4/15/2023 7:57:31 PM,Microsoft-Windows-Sysmon,5,Process terminated (rule: ProcessTerminate),"Process terminated:
RuleName: -
UtcTime: 2023-04-15 10:57:31.043
ProcessGuid: {2048537D-831A-643A-4205-000000000700}
ProcessId: 588
Image: C:\Windows\System32\Configure-SMRemoting.exe
User: EXAMPLECOMPANY\admin"
Information,4/15/2023 7:57:30 PM,Microsoft-Windows-Sysmon,1,Process Create (rule: ProcessCreate),"Process Create:
RuleName: -
UtcTime: 2023-04-15 10:57:30.962
ProcessGuid: {2048537D-831A-643A-4405-000000000700}
ProcessId: 8056
Image: C:\Windows\System32\conhost.exe
FileVersion: 10.0.14393.0 (rs1_release.160715-1616)
Description: Console Window Host
Product: Microsoft® Windows® Operating System
Company: Microsoft Corporation
OriginalFileName: CONHOST.EXE
CommandLine: \??\C:\Windows\system32\conhost.exe 0xffffffff -ForceV1
CurrentDirectory: C:\Windows
User: EXAMPLECOMPANY\admin
LogonGuid: {2048537D-4D3D-643A-78B7-710000000000}
LogonId: 0x71B778
TerminalSessionId: 3
IntegrityLevel: High
Hashes: SHA256=046F7A1B4DE67562547ED9A180A72F481FC41E803DE49A96D7D7C731964D53A0
ParentProcessGuid: {2048537D-831A-643A-4205-000000000700}
ParentProcessId: 588
ParentImage: C:\Windows\System32\Configure-SMRemoting.exe
ParentCommandLine: ""Configure-SMRemoting.exe"" -GET
ParentUser: EXAMPLECOMPANY\admin"
Information,4/15/2023 7:57:30 PM,Microsoft-Windows-Sysmon,1,Process Create (rule: ProcessCreate),"Process Create:
RuleName: -
UtcTime: 2023-04-15 10:57:30.961
ProcessGuid: {2048537D-831A-643A-4305-000000000700}
ProcessId: 5344
Image: C:\Windows\System32\sppsvc.exe
FileVersion: 10.0.14393.351 (rs1_release_inmarket.161014-1755)
Description: Microsoft Software Protection Platform Service
Product: Microsoft® Windows® Operating System
Company: Microsoft Corporation
OriginalFileName: sppsvc.exe
CommandLine: C:\Windows\system32\sppsvc.exe
CurrentDirectory: C:\Windows
User: NT AUTHORITY\NETWORK SERVICE
LogonGuid: {2048537D-CE04-6437-E403-000000000000}
LogonId: 0x3E4
TerminalSessionId: 0
IntegrityLevel: System
Hashes: SHA256=8ADF7A1C96DAE005E9A974D90BE8954F88D49B6848252B88513C49E0A3BD9774
ParentProcessGuid: {00000000-0000-0000-0000-000000000000}
ParentProcessId: 532
ParentImage: -
ParentCommandLine: -
ParentUser: -"
Information,4/15/2023 7:57:30 PM,Microsoft-Windows-Sysmon,1,Process Create (rule: ProcessCreate),"Process Create:
RuleName: -
UtcTime: 2023-04-15 10:57:30.960
ProcessGuid: {2048537D-831A-643A-4205-000000000700}
ProcessId: 588
Image: C:\Windows\System32\Configure-SMRemoting.exe
FileVersion: 10.0.14393.0 (rs1_release.160715-1616)
Description: Configure-SMRemoting
Product: Microsoft® Windows® Operating System
Company: Microsoft Corporation
OriginalFileName: Configure-SMRemoting.EXE
CommandLine: ""Configure-SMRemoting.exe"" -GET
CurrentDirectory: C:\Windows\system32\
User: EXAMPLECOMPANY\admin
LogonGuid: {2048537D-4D3D-643A-78B7-710000000000}
LogonId: 0x71B778
TerminalSessionId: 3
IntegrityLevel: High
Hashes: SHA256=E26FE2AD8452293B4B1E957B21371693996941A4D3D2371E7E51A35892C59418
ParentProcessGuid: {2048537D-562C-643A-0403-000000000700}
ParentProcessId: 4840
ParentImage: C:\Windows\System32\ServerManager.exe
ParentCommandLine: ""C:\Windows\system32\ServerManager.exe"" 
ParentUser: EXAMPLECOMPANY\admin"
Information,4/15/2023 7:56:01 PM,Microsoft-Windows-Sysmon,5,Process terminated (rule: ProcessTerminate),"Process terminated:
RuleName: -
UtcTime: 2023-04-15 10:56:01.568
ProcessGuid: {2048537D-82A3-643A-3D05-000000000700}
ProcessId: 996
Image: C:\Windows\System32\sppsvc.exe
User: NT AUTHORITY\NETWORK SERVICE"
Information,4/15/2023 7:55:51 PM,Microsoft-Windows-Sysmon,1,Process Create (rule: ProcessCreate),"Process Create:
RuleName: -
UtcTime: 2023-04-15 10:55:51.596
ProcessGuid: {2048537D-82B7-643A-4105-000000000700}
ProcessId: 7024
Image: C:\Windows\System32\wbem\WmiPrvSE.exe
FileVersion: 10.0.14393.0 (rs1_release.160715-1616)
Description: WMI Provider Host
Product: Microsoft® Windows® Operating System
Company: Microsoft Corporation
OriginalFileName: Wmiprvse.exe
CommandLine: C:\Windows\system32\wbem\wmiprvse.exe -Embedding
CurrentDirectory: C:\Windows\system32\
User: NT AUTHORITY\SYSTEM
LogonGuid: {2048537D-CE04-6437-E703-000000000000}
LogonId: 0x3E7
TerminalSessionId: 0
IntegrityLevel: System
Hashes: SHA256=B62ACACFCAF99A50149F9DCE06136D478723992A61014FC3DBAE81289FE219F9
ParentProcessGuid: {00000000-0000-0000-0000-000000000000}
ParentProcessId: 740
ParentImage: -
ParentCommandLine: -
ParentUser: -"
Information,4/15/2023 7:55:33 PM,Microsoft-Windows-Sysmon,1,Process Create (rule: ProcessCreate),"Process Create:
RuleName: -
UtcTime: 2023-04-15 10:55:33.673
ProcessGuid: {2048537D-82A5-643A-4005-000000000700}
ProcessId: 7164
Image: C:\Windows\System32\wbem\WmiPrvSE.exe
FileVersion: 10.0.14393.0 (rs1_release.160715-1616)
Description: WMI Provider Host
Product: Microsoft® Windows® Operating System
Company: Microsoft Corporation
OriginalFileName: Wmiprvse.exe
CommandLine: C:\Windows\system32\wbem\wmiprvse.exe -secured -Embedding
CurrentDirectory: C:\Windows\system32\
User: NT AUTHORITY\LOCAL SERVICE
LogonGuid: {2048537D-CE05-6437-E503-000000000000}
LogonId: 0x3E5
TerminalSessionId: 0
IntegrityLevel: System
Hashes: SHA256=B62ACACFCAF99A50149F9DCE06136D478723992A61014FC3DBAE81289FE219F9
ParentProcessGuid: {00000000-0000-0000-0000-000000000000}
ParentProcessId: 740
ParentImage: -
ParentCommandLine: -
ParentUser: -"
Information,4/15/2023 7:55:31 PM,Microsoft-Windows-Sysmon,1,Process Create (rule: ProcessCreate),"Process Create:
RuleName: -
UtcTime: 2023-04-15 10:55:31.580
ProcessGuid: {2048537D-82A3-643A-3F05-000000000700}
ProcessId: 6116
Image: C:\Windows\System32\wbem\WmiPrvSE.exe
FileVersion: 10.0.14393.0 (rs1_release.160715-1616)
Description: WMI Provider Host
Product: Microsoft® Windows® Operating System
Company: Microsoft Corporation
OriginalFileName: Wmiprvse.exe
CommandLine: C:\Windows\system32\wbem\wmiprvse.exe -secured -Embedding
CurrentDirectory: C:\Windows\system32\
User: NT AUTHORITY\NETWORK SERVICE
LogonGuid: {2048537D-CE04-6437-E403-000000000000}
LogonId: 0x3E4
TerminalSessionId: 0
IntegrityLevel: System
Hashes: SHA256=B62ACACFCAF99A50149F9DCE06136D478723992A61014FC3DBAE81289FE219F9
ParentProcessGuid: {00000000-0000-0000-0000-000000000000}
ParentProcessId: 740
ParentImage: -
ParentCommandLine: -
ParentUser: -"
Information,4/15/2023 7:55:31 PM,Microsoft-Windows-Sysmon,5,Process terminated (rule: ProcessTerminate),"Process terminated:
RuleName: -
UtcTime: 2023-04-15 10:55:31.368
ProcessGuid: {2048537D-82A3-643A-3E05-000000000700}
ProcessId: 5876
Image: C:\Windows\System32\conhost.exe
User: EXAMPLECOMPANY\admin"
Information,4/15/2023 7:55:31 PM,Microsoft-Windows-Sysmon,5,Process terminated (rule: ProcessTerminate),"Process terminated:
RuleName: -
UtcTime: 2023-04-15 10:55:31.368
ProcessGuid: {2048537D-82A3-643A-3C05-000000000700}
ProcessId: 5440
Image: C:\Windows\System32\Configure-SMRemoting.exe
User: EXAMPLECOMPANY\admin"
Information,4/15/2023 7:55:31 PM,Microsoft-Windows-Sysmon,1,Process Create (rule: ProcessCreate),"Process Create:
RuleName: -
UtcTime: 2023-04-15 10:55:31.283
ProcessGuid: {2048537D-82A3-643A-3E05-000000000700}
ProcessId: 5876
Image: C:\Windows\System32\conhost.exe
FileVersion: 10.0.14393.0 (rs1_release.160715-1616)
Description: Console Window Host
Product: Microsoft® Windows® Operating System
Company: Microsoft Corporation
OriginalFileName: CONHOST.EXE
CommandLine: \??\C:\Windows\system32\conhost.exe 0xffffffff -ForceV1
CurrentDirectory: C:\Windows
User: EXAMPLECOMPANY\admin
LogonGuid: {2048537D-4D3D-643A-78B7-710000000000}
LogonId: 0x71B778
TerminalSessionId: 3
IntegrityLevel: High
Hashes: SHA256=046F7A1B4DE67562547ED9A180A72F481FC41E803DE49A96D7D7C731964D53A0
ParentProcessGuid: {2048537D-82A3-643A-3C05-000000000700}
ParentProcessId: 5440
ParentImage: C:\Windows\System32\Configure-SMRemoting.exe
ParentCommandLine: ""Configure-SMRemoting.exe"" -GET
ParentUser: EXAMPLECOMPANY\admin"
Information,4/15/2023 7:55:31 PM,Microsoft-Windows-Sysmon,1,Process Create (rule: ProcessCreate),"Process Create:
RuleName: -
UtcTime: 2023-04-15 10:55:31.282
ProcessGuid: {2048537D-82A3-643A-3D05-000000000700}
ProcessId: 996
Image: C:\Windows\System32\sppsvc.exe
FileVersion: 10.0.14393.351 (rs1_release_inmarket.161014-1755)
Description: Microsoft Software Protection Platform Service
Product: Microsoft® Windows® Operating System
Company: Microsoft Corporation
OriginalFileName: sppsvc.exe
CommandLine: C:\Windows\system32\sppsvc.exe
CurrentDirectory: C:\Windows
User: NT AUTHORITY\NETWORK SERVICE
LogonGuid: {2048537D-CE04-6437-E403-000000000000}
LogonId: 0x3E4
TerminalSessionId: 0
IntegrityLevel: System
Hashes: SHA256=8ADF7A1C96DAE005E9A974D90BE8954F88D49B6848252B88513C49E0A3BD9774
ParentProcessGuid: {00000000-0000-0000-0000-000000000000}
ParentProcessId: 532
ParentImage: -
ParentCommandLine: -
ParentUser: -"
Information,4/15/2023 7:55:31 PM,Microsoft-Windows-Sysmon,1,Process Create (rule: ProcessCreate),"Process Create:
RuleName: -
UtcTime: 2023-04-15 10:55:31.281
ProcessGuid: {2048537D-82A3-643A-3C05-000000000700}
ProcessId: 5440
Image: C:\Windows\System32\Configure-SMRemoting.exe
FileVersion: 10.0.14393.0 (rs1_release.160715-1616)
Description: Configure-SMRemoting
Product: Microsoft® Windows® Operating System
Company: Microsoft Corporation
OriginalFileName: Configure-SMRemoting.EXE
CommandLine: ""Configure-SMRemoting.exe"" -GET
CurrentDirectory: C:\Windows\system32\
User: EXAMPLECOMPANY\admin
LogonGuid: {2048537D-4D3D-643A-78B7-710000000000}
LogonId: 0x71B778
TerminalSessionId: 3
IntegrityLevel: High
Hashes: SHA256=E26FE2AD8452293B4B1E957B21371693996941A4D3D2371E7E51A35892C59418
ParentProcessGuid: {2048537D-562C-643A-0403-000000000700}
ParentProcessId: 4840
ParentImage: C:\Windows\System32\ServerManager.exe
ParentCommandLine: ""C:\Windows\system32\ServerManager.exe"" 
ParentUser: EXAMPLECOMPANY\admin"
Information,4/15/2023 7:55:03 PM,Microsoft-Windows-Sysmon,5,Process terminated (rule: ProcessTerminate),"Process terminated:
RuleName: -
UtcTime: 2023-04-15 10:55:03.314
ProcessGuid: {2048537D-822D-643A-3B05-000000000700}
ProcessId: 6648
Image: C:\Windows\System32\wbem\WmiPrvSE.exe
User: NT AUTHORITY\LOCAL SERVICE"
Information,4/15/2023 7:55:03 PM,Microsoft-Windows-Sysmon,5,Process terminated (rule: ProcessTerminate),"Process terminated:
RuleName: -
UtcTime: 2023-04-15 10:55:03.314
ProcessGuid: {2048537D-804B-643A-2605-000000000700}
ProcessId: 7636
Image: C:\Windows\System32\wbem\WmiPrvSE.exe
User: NT AUTHORITY\NETWORK SERVICE"
Information,4/15/2023 7:54:01 PM,Microsoft-Windows-Sysmon,5,Process terminated (rule: ProcessTerminate),"Process terminated:
RuleName: -
UtcTime: 2023-04-15 10:54:01.229
ProcessGuid: {2048537D-822A-643A-3A05-000000000700}
ProcessId: 4524
Image: C:\Windows\System32\sppsvc.exe
User: NT AUTHORITY\NETWORK SERVICE"
Information,4/15/2023 7:53:33 PM,Microsoft-Windows-Sysmon,1,Process Create (rule: ProcessCreate),"Process Create:
RuleName: -
UtcTime: 2023-04-15 10:53:33.305
ProcessGuid: {2048537D-822D-643A-3B05-000000000700}
ProcessId: 6648
Image: C:\Windows\System32\wbem\WmiPrvSE.exe
FileVersion: 10.0.14393.0 (rs1_release.160715-1616)
Description: WMI Provider Host
Product: Microsoft® Windows® Operating System
Company: Microsoft Corporation
OriginalFileName: Wmiprvse.exe
CommandLine: C:\Windows\system32\wbem\wmiprvse.exe -secured -Embedding
CurrentDirectory: C:\Windows\system32\
User: NT AUTHORITY\LOCAL SERVICE
LogonGuid: {2048537D-CE05-6437-E503-000000000000}
LogonId: 0x3E5
TerminalSessionId: 0
IntegrityLevel: System
Hashes: SHA256=B62ACACFCAF99A50149F9DCE06136D478723992A61014FC3DBAE81289FE219F9
ParentProcessGuid: {00000000-0000-0000-0000-000000000000}
ParentProcessId: 740
ParentImage: -
ParentCommandLine: -
ParentUser: -"
Information,4/15/2023 7:53:30 PM,Microsoft-Windows-Sysmon,5,Process terminated (rule: ProcessTerminate),"Process terminated:
RuleName: -
UtcTime: 2023-04-15 10:53:30.966
ProcessGuid: {2048537D-822A-643A-3905-000000000700}
ProcessId: 1332
Image: C:\Windows\System32\conhost.exe
User: EXAMPLECOMPANY\admin"
Information,4/15/2023 7:53:30 PM,Microsoft-Windows-Sysmon,5,Process terminated (rule: ProcessTerminate),"Process terminated:
RuleName: -
UtcTime: 2023-04-15 10:53:30.966
ProcessGuid: {2048537D-822A-643A-3805-000000000700}
ProcessId: 3192
Image: C:\Windows\System32\Configure-SMRemoting.exe
User: EXAMPLECOMPANY\admin"
Information,4/15/2023 7:53:30 PM,Microsoft-Windows-Sysmon,1,Process Create (rule: ProcessCreate),"Process Create:
RuleName: -
UtcTime: 2023-04-15 10:53:30.949
ProcessGuid: {2048537D-822A-643A-3A05-000000000700}
ProcessId: 4524
Image: C:\Windows\System32\sppsvc.exe
FileVersion: 10.0.14393.351 (rs1_release_inmarket.161014-1755)
Description: Microsoft Software Protection Platform Service
Product: Microsoft® Windows® Operating System
Company: Microsoft Corporation
OriginalFileName: sppsvc.exe
CommandLine: C:\Windows\system32\sppsvc.exe
CurrentDirectory: C:\Windows
User: NT AUTHORITY\NETWORK SERVICE
LogonGuid: {2048537D-CE04-6437-E403-000000000000}
LogonId: 0x3E4
TerminalSessionId: 0
IntegrityLevel: System
Hashes: SHA256=8ADF7A1C96DAE005E9A974D90BE8954F88D49B6848252B88513C49E0A3BD9774
ParentProcessGuid: {00000000-0000-0000-0000-000000000000}
ParentProcessId: 532
ParentImage: -
ParentCommandLine: -
ParentUser: -"
Information,4/15/2023 7:53:30 PM,Microsoft-Windows-Sysmon,1,Process Create (rule: ProcessCreate),"Process Create:
RuleName: -
UtcTime: 2023-04-15 10:53:30.948
ProcessGuid: {2048537D-822A-643A-3905-000000000700}
ProcessId: 1332
Image: C:\Windows\System32\conhost.exe
FileVersion: 10.0.14393.0 (rs1_release.160715-1616)
Description: Console Window Host
Product: Microsoft® Windows® Operating System
Company: Microsoft Corporation
OriginalFileName: CONHOST.EXE
CommandLine: \??\C:\Windows\system32\conhost.exe 0xffffffff -ForceV1
CurrentDirectory: C:\Windows
User: EXAMPLECOMPANY\admin
LogonGuid: {2048537D-4D3D-643A-78B7-710000000000}
LogonId: 0x71B778
TerminalSessionId: 3
IntegrityLevel: High
Hashes: SHA256=046F7A1B4DE67562547ED9A180A72F481FC41E803DE49A96D7D7C731964D53A0
ParentProcessGuid: {2048537D-822A-643A-3805-000000000700}
ParentProcessId: 3192
ParentImage: C:\Windows\System32\Configure-SMRemoting.exe
ParentCommandLine: ""Configure-SMRemoting.exe"" -GET
ParentUser: EXAMPLECOMPANY\admin"
Information,4/15/2023 7:53:30 PM,Microsoft-Windows-Sysmon,1,Process Create (rule: ProcessCreate),"Process Create:
RuleName: -
UtcTime: 2023-04-15 10:53:30.947
ProcessGuid: {2048537D-822A-643A-3805-000000000700}
ProcessId: 3192
Image: C:\Windows\System32\Configure-SMRemoting.exe
FileVersion: 10.0.14393.0 (rs1_release.160715-1616)
Description: Configure-SMRemoting
Product: Microsoft® Windows® Operating System
Company: Microsoft Corporation
OriginalFileName: Configure-SMRemoting.EXE
CommandLine: ""Configure-SMRemoting.exe"" -GET
CurrentDirectory: C:\Windows\system32\
User: EXAMPLECOMPANY\admin
LogonGuid: {2048537D-4D3D-643A-78B7-710000000000}
LogonId: 0x71B778
TerminalSessionId: 3
IntegrityLevel: High
Hashes: SHA256=E26FE2AD8452293B4B1E957B21371693996941A4D3D2371E7E51A35892C59418
ParentProcessGuid: {2048537D-562C-643A-0403-000000000700}
ParentProcessId: 4840
ParentImage: C:\Windows\System32\ServerManager.exe
ParentCommandLine: ""C:\Windows\system32\ServerManager.exe"" 
ParentUser: EXAMPLECOMPANY\admin"
Information,4/15/2023 7:53:10 PM,Microsoft-Windows-Sysmon,5,Process terminated (rule: ProcessTerminate),"Process terminated:
RuleName: -
UtcTime: 2023-04-15 10:53:10.058
ProcessGuid: {2048537D-80DE-643A-2E05-000000000700}
ProcessId: 3820
Image: C:\Windows\System32\svchost.exe
User: NT AUTHORITY\SYSTEM"
Information,4/15/2023 7:52:34 PM,Microsoft-Windows-Sysmon,5,Process terminated (rule: ProcessTerminate),"Process terminated:
RuleName: -
UtcTime: 2023-04-15 10:52:34.484
ProcessGuid: {2048537D-81B5-643A-3705-000000000700}
ProcessId: 5448
Image: C:\Windows\System32\wbem\WmiPrvSE.exe
User: NT AUTHORITY\LOCAL SERVICE"
Information,4/15/2023 7:52:01 PM,Microsoft-Windows-Sysmon,5,Process terminated (rule: ProcessTerminate),"Process terminated:
RuleName: -
UtcTime: 2023-04-15 10:52:01.082
ProcessGuid: {2048537D-81B2-643A-3505-000000000700}
ProcessId: 1288
Image: C:\Windows\System32\sppsvc.exe
User: NT AUTHORITY\NETWORK SERVICE"
Information,4/15/2023 7:51:33 PM,Microsoft-Windows-Sysmon,1,Process Create (rule: ProcessCreate),"Process Create:
RuleName: -
UtcTime: 2023-04-15 10:51:33.134
ProcessGuid: {2048537D-81B5-643A-3705-000000000700}
ProcessId: 5448
Image: C:\Windows\System32\wbem\WmiPrvSE.exe
FileVersion: 10.0.14393.0 (rs1_release.160715-1616)
Description: WMI Provider Host
Product: Microsoft® Windows® Operating System
Company: Microsoft Corporation
OriginalFileName: Wmiprvse.exe
CommandLine: C:\Windows\system32\wbem\wmiprvse.exe -secured -Embedding
CurrentDirectory: C:\Windows\system32\
User: NT AUTHORITY\LOCAL SERVICE
LogonGuid: {2048537D-CE05-6437-E503-000000000000}
LogonId: 0x3E5
TerminalSessionId: 0
IntegrityLevel: System
Hashes: SHA256=B62ACACFCAF99A50149F9DCE06136D478723992A61014FC3DBAE81289FE219F9
ParentProcessGuid: {00000000-0000-0000-0000-000000000000}
ParentProcessId: 740
ParentImage: -
ParentCommandLine: -
ParentUser: -"
Information,4/15/2023 7:51:30 PM,Microsoft-Windows-Sysmon,5,Process terminated (rule: ProcessTerminate),"Process terminated:
RuleName: -
UtcTime: 2023-04-15 10:51:30.977
ProcessGuid: {2048537D-81B2-643A-3605-000000000700}
ProcessId: 4428
Image: C:\Windows\System32\conhost.exe
User: EXAMPLECOMPANY\admin"
Information,4/15/2023 7:51:30 PM,Microsoft-Windows-Sysmon,5,Process terminated (rule: ProcessTerminate),"Process terminated:
RuleName: -
UtcTime: 2023-04-15 10:51:30.962
ProcessGuid: {2048537D-81B2-643A-3405-000000000700}
ProcessId: 1260
Image: C:\Windows\System32\Configure-SMRemoting.exe
User: EXAMPLECOMPANY\admin"
Information,4/15/2023 7:51:30 PM,Microsoft-Windows-Sysmon,1,Process Create (rule: ProcessCreate),"Process Create:
RuleName: -
UtcTime: 2023-04-15 10:51:30.948
ProcessGuid: {2048537D-81B2-643A-3605-000000000700}
ProcessId: 4428
Image: C:\Windows\System32\conhost.exe
FileVersion: 10.0.14393.0 (rs1_release.160715-1616)
Description: Console Window Host
Product: Microsoft® Windows® Operating System
Company: Microsoft Corporation
OriginalFileName: CONHOST.EXE
CommandLine: \??\C:\Windows\system32\conhost.exe 0xffffffff -ForceV1
CurrentDirectory: C:\Windows
User: EXAMPLECOMPANY\admin
LogonGuid: {2048537D-4D3D-643A-78B7-710000000000}
LogonId: 0x71B778
TerminalSessionId: 3
IntegrityLevel: High
Hashes: SHA256=046F7A1B4DE67562547ED9A180A72F481FC41E803DE49A96D7D7C731964D53A0
ParentProcessGuid: {2048537D-81B2-643A-3405-000000000700}
ParentProcessId: 1260
ParentImage: C:\Windows\System32\Configure-SMRemoting.exe
ParentCommandLine: ""Configure-SMRemoting.exe"" -GET
ParentUser: EXAMPLECOMPANY\admin"
Information,4/15/2023 7:51:30 PM,Microsoft-Windows-Sysmon,1,Process Create (rule: ProcessCreate),"Process Create:
RuleName: -
UtcTime: 2023-04-15 10:51:30.948
ProcessGuid: {2048537D-81B2-643A-3505-000000000700}
ProcessId: 1288
Image: C:\Windows\System32\sppsvc.exe
FileVersion: 10.0.14393.351 (rs1_release_inmarket.161014-1755)
Description: Microsoft Software Protection Platform Service
Product: Microsoft® Windows® Operating System
Company: Microsoft Corporation
OriginalFileName: sppsvc.exe
CommandLine: C:\Windows\system32\sppsvc.exe
CurrentDirectory: C:\Windows
User: NT AUTHORITY\NETWORK SERVICE
LogonGuid: {2048537D-CE04-6437-E403-000000000000}
LogonId: 0x3E4
TerminalSessionId: 0
IntegrityLevel: System
Hashes: SHA256=8ADF7A1C96DAE005E9A974D90BE8954F88D49B6848252B88513C49E0A3BD9774
ParentProcessGuid: {00000000-0000-0000-0000-000000000000}
ParentProcessId: 532
ParentImage: -
ParentCommandLine: -
ParentUser: -"
Information,4/15/2023 7:51:30 PM,Microsoft-Windows-Sysmon,1,Process Create (rule: ProcessCreate),"Process Create:
RuleName: -
UtcTime: 2023-04-15 10:51:30.947
ProcessGuid: {2048537D-81B2-643A-3405-000000000700}
ProcessId: 1260
Image: C:\Windows\System32\Configure-SMRemoting.exe
FileVersion: 10.0.14393.0 (rs1_release.160715-1616)
Description: Configure-SMRemoting
Product: Microsoft® Windows® Operating System
Company: Microsoft Corporation
OriginalFileName: Configure-SMRemoting.EXE
CommandLine: ""Configure-SMRemoting.exe"" -GET
CurrentDirectory: C:\Windows\system32\
User: EXAMPLECOMPANY\admin
LogonGuid: {2048537D-4D3D-643A-78B7-710000000000}
LogonId: 0x71B778
TerminalSessionId: 3
IntegrityLevel: High
Hashes: SHA256=E26FE2AD8452293B4B1E957B21371693996941A4D3D2371E7E51A35892C59418
ParentProcessGuid: {2048537D-562C-643A-0403-000000000700}
ParentProcessId: 4840
ParentImage: C:\Windows\System32\ServerManager.exe
ParentCommandLine: ""C:\Windows\system32\ServerManager.exe"" 
ParentUser: EXAMPLECOMPANY\admin"
Information,4/15/2023 7:50:56 PM,Microsoft-Windows-Sysmon,1,Process Create (rule: ProcessCreate),"Process Create:
RuleName: -
UtcTime: 2023-04-15 10:50:56.649
ProcessGuid: {2048537D-8190-643A-3305-000000000700}
ProcessId: 5352
Image: C:\Windows\System32\taskhostw.exe
FileVersion: 10.0.14393.0 (rs1_release.160715-1616)
Description: Host Process for Windows Tasks
Product: Microsoft® Windows® Operating System
Company: Microsoft Corporation
OriginalFileName: taskhostw.exe
CommandLine: taskhostw.exe
CurrentDirectory: C:\Windows\system32\
User: EXAMPLECOMPANY\admin
LogonGuid: {2048537D-4D3D-643A-78B7-710000000000}
LogonId: 0x71B778
TerminalSessionId: 3
IntegrityLevel: High
Hashes: SHA256=A0A677D6C943AD1A7BC1879DFCCB400211DF68100F8EDD7BA6120067A18BEE0B
ParentProcessGuid: {2048537D-CE05-6437-0F00-000000000700}
ParentProcessId: 940
ParentImage: C:\Windows\System32\svchost.exe
ParentCommandLine: C:\Windows\system32\svchost.exe -k netsvcs
ParentUser: NT AUTHORITY\SYSTEM"
Information,4/15/2023 7:50:51 PM,Microsoft-Windows-Sysmon,5,Process terminated (rule: ProcessTerminate),"Process terminated:
RuleName: -
UtcTime: 2023-04-15 10:50:51.174
ProcessGuid: {2048537D-813D-643A-3205-000000000700}
ProcessId: 5548
Image: C:\Windows\System32\wbem\WmiPrvSE.exe
User: NT AUTHORITY\LOCAL SERVICE"
Information,4/15/2023 7:50:01 PM,Microsoft-Windows-Sysmon,5,Process terminated (rule: ProcessTerminate),"Process terminated:
RuleName: -
UtcTime: 2023-04-15 10:50:01.261
ProcessGuid: {2048537D-813A-643A-3105-000000000700}
ProcessId: 2316
Image: C:\Windows\System32\sppsvc.exe
User: NT AUTHORITY\NETWORK SERVICE"
Information,4/15/2023 7:49:33 PM,Microsoft-Windows-Sysmon,1,Process Create (rule: ProcessCreate),"Process Create:
RuleName: -
UtcTime: 2023-04-15 10:49:33.331
ProcessGuid: {2048537D-813D-643A-3205-000000000700}
ProcessId: 5548
Image: C:\Windows\System32\wbem\WmiPrvSE.exe
FileVersion: 10.0.14393.0 (rs1_release.160715-1616)
Description: WMI Provider Host
Product: Microsoft® Windows® Operating System
Company: Microsoft Corporation
OriginalFileName: Wmiprvse.exe
CommandLine: C:\Windows\system32\wbem\wmiprvse.exe -secured -Embedding
CurrentDirectory: C:\Windows\system32\
User: NT AUTHORITY\LOCAL SERVICE
LogonGuid: {2048537D-CE05-6437-E503-000000000000}
LogonId: 0x3E5
TerminalSessionId: 0
IntegrityLevel: System
Hashes: SHA256=B62ACACFCAF99A50149F9DCE06136D478723992A61014FC3DBAE81289FE219F9
ParentProcessGuid: {00000000-0000-0000-0000-000000000000}
ParentProcessId: 740
ParentImage: -
ParentCommandLine: -
ParentUser: -"
Information,4/15/2023 7:49:30 PM,Microsoft-Windows-Sysmon,5,Process terminated (rule: ProcessTerminate),"Process terminated:
RuleName: -
UtcTime: 2023-04-15 10:49:30.956
ProcessGuid: {2048537D-813A-643A-3005-000000000700}
ProcessId: 5284
Image: C:\Windows\System32\conhost.exe
User: EXAMPLECOMPANY\admin"
Information,4/15/2023 7:49:30 PM,Microsoft-Windows-Sysmon,5,Process terminated (rule: ProcessTerminate),"Process terminated:
RuleName: -
UtcTime: 2023-04-15 10:49:30.956
ProcessGuid: {2048537D-813A-643A-2F05-000000000700}
ProcessId: 1964
Image: C:\Windows\System32\Configure-SMRemoting.exe
User: EXAMPLECOMPANY\admin"
Information,4/15/2023 7:49:30 PM,Microsoft-Windows-Sysmon,1,Process Create (rule: ProcessCreate),"Process Create:
RuleName: -
UtcTime: 2023-04-15 10:49:30.940
ProcessGuid: {2048537D-813A-643A-3105-000000000700}
ProcessId: 2316
Image: C:\Windows\System32\sppsvc.exe
FileVersion: 10.0.14393.351 (rs1_release_inmarket.161014-1755)
Description: Microsoft Software Protection Platform Service
Product: Microsoft® Windows® Operating System
Company: Microsoft Corporation
OriginalFileName: sppsvc.exe
CommandLine: C:\Windows\system32\sppsvc.exe
CurrentDirectory: C:\Windows
User: NT AUTHORITY\NETWORK SERVICE
LogonGuid: {2048537D-CE04-6437-E403-000000000000}
LogonId: 0x3E4
TerminalSessionId: 0
IntegrityLevel: System
Hashes: SHA256=8ADF7A1C96DAE005E9A974D90BE8954F88D49B6848252B88513C49E0A3BD9774
ParentProcessGuid: {00000000-0000-0000-0000-000000000000}
ParentProcessId: 532
ParentImage: -
ParentCommandLine: -
ParentUser: -"
Information,4/15/2023 7:49:30 PM,Microsoft-Windows-Sysmon,1,Process Create (rule: ProcessCreate),"Process Create:
RuleName: -
UtcTime: 2023-04-15 10:49:30.940
ProcessGuid: {2048537D-813A-643A-3005-000000000700}
ProcessId: 5284
Image: C:\Windows\System32\conhost.exe
FileVersion: 10.0.14393.0 (rs1_release.160715-1616)
Description: Console Window Host
Product: Microsoft® Windows® Operating System
Company: Microsoft Corporation
OriginalFileName: CONHOST.EXE
CommandLine: \??\C:\Windows\system32\conhost.exe 0xffffffff -ForceV1
CurrentDirectory: C:\Windows
User: EXAMPLECOMPANY\admin
LogonGuid: {2048537D-4D3D-643A-78B7-710000000000}
LogonId: 0x71B778
TerminalSessionId: 3
IntegrityLevel: High
Hashes: SHA256=046F7A1B4DE67562547ED9A180A72F481FC41E803DE49A96D7D7C731964D53A0
ParentProcessGuid: {2048537D-813A-643A-2F05-000000000700}
ParentProcessId: 1964
ParentImage: C:\Windows\System32\Configure-SMRemoting.exe
ParentCommandLine: ""Configure-SMRemoting.exe"" -GET
ParentUser: EXAMPLECOMPANY\admin"
Information,4/15/2023 7:49:30 PM,Microsoft-Windows-Sysmon,1,Process Create (rule: ProcessCreate),"Process Create:
RuleName: -
UtcTime: 2023-04-15 10:49:30.939
ProcessGuid: {2048537D-813A-643A-2F05-000000000700}
ProcessId: 1964
Image: C:\Windows\System32\Configure-SMRemoting.exe
FileVersion: 10.0.14393.0 (rs1_release.160715-1616)
Description: Configure-SMRemoting
Product: Microsoft® Windows® Operating System
Company: Microsoft Corporation
OriginalFileName: Configure-SMRemoting.EXE
CommandLine: ""Configure-SMRemoting.exe"" -GET
CurrentDirectory: C:\Windows\system32\
User: EXAMPLECOMPANY\admin
LogonGuid: {2048537D-4D3D-643A-78B7-710000000000}
LogonId: 0x71B778
TerminalSessionId: 3
IntegrityLevel: High
Hashes: SHA256=E26FE2AD8452293B4B1E957B21371693996941A4D3D2371E7E51A35892C59418
ParentProcessGuid: {2048537D-562C-643A-0403-000000000700}
ParentProcessId: 4840
ParentImage: C:\Windows\System32\ServerManager.exe
ParentCommandLine: ""C:\Windows\system32\ServerManager.exe"" 
ParentUser: EXAMPLECOMPANY\admin"
Information,4/15/2023 7:48:55 PM,Microsoft-Windows-Sysmon,5,Process terminated (rule: ProcessTerminate),"Process terminated:
RuleName: -
UtcTime: 2023-04-15 10:48:55.786
ProcessGuid: {2048537D-80BD-643A-2A05-000000000700}
ProcessId: 4232
Image: C:\Windows\System32\backgroundTaskHost.exe
User: EXAMPLECOMPANY\admin"
Information,4/15/2023 7:48:33 PM,Microsoft-Windows-Sysmon,5,Process terminated (rule: ProcessTerminate),"Process terminated:
RuleName: -
UtcTime: 2023-04-15 10:48:33.286
ProcessGuid: {2048537D-804D-643A-2705-000000000700}
ProcessId: 5844
Image: C:\Windows\System32\wbem\WmiPrvSE.exe
User: NT AUTHORITY\LOCAL SERVICE"
Information,4/15/2023 7:48:03 PM,Microsoft-Windows-Sysmon,5,Process terminated (rule: ProcessTerminate),"Process terminated:
RuleName: -
UtcTime: 2023-04-15 10:48:03.282
ProcessGuid: {2048537D-805F-643A-2805-000000000700}
ProcessId: 7124
Image: C:\Windows\System32\wbem\WmiPrvSE.exe
User: NT AUTHORITY\SYSTEM"
Information,4/15/2023 7:48:01 PM,Microsoft-Windows-Sysmon,5,Process terminated (rule: ProcessTerminate),"Process terminated:
RuleName: -
UtcTime: 2023-04-15 10:48:01.188
ProcessGuid: {2048537D-80C2-643A-2C05-000000000700}
ProcessId: 5260
Image: C:\Windows\System32\sppsvc.exe
User: NT AUTHORITY\NETWORK SERVICE"
Information,4/15/2023 7:47:58 PM,Microsoft-Windows-Sysmon,1,Process Create (rule: ProcessCreate),"Process Create:
RuleName: -
UtcTime: 2023-04-15 10:47:58.190
ProcessGuid: {2048537D-80DE-643A-2E05-000000000700}
ProcessId: 3820
Image: C:\Windows\System32\svchost.exe
FileVersion: 10.0.14393.0 (rs1_release.160715-1616)
Description: Host Process for Windows Services
Product: Microsoft® Windows® Operating System
Company: Microsoft Corporation
OriginalFileName: svchost.exe
CommandLine: C:\Windows\System32\svchost.exe -k wsappx
CurrentDirectory: C:\Windows\system32\
User: NT AUTHORITY\SYSTEM
LogonGuid: {2048537D-CE04-6437-E703-000000000000}
LogonId: 0x3E7
TerminalSessionId: 0
IntegrityLevel: System
Hashes: SHA256=438B6CCD84F4DD32D9684ED7D58FD7D1E5A75FE3F3D12AB6C788E6BB0FFAD5E7
ParentProcessGuid: {00000000-0000-0000-0000-000000000000}
ParentProcessId: 532
ParentImage: -
ParentCommandLine: -
ParentUser: -"
Information,4/15/2023 7:47:31 PM,Microsoft-Windows-Sysmon,5,Process terminated (rule: ProcessTerminate),"Process terminated:
RuleName: -
UtcTime: 2023-04-15 10:47:31.004
ProcessGuid: {2048537D-80C2-643A-2D05-000000000700}
ProcessId: 1724
Image: C:\Windows\System32\conhost.exe
User: EXAMPLECOMPANY\admin"
Information,4/15/2023 7:47:31 PM,Microsoft-Windows-Sysmon,5,Process terminated (rule: ProcessTerminate),"Process terminated:
RuleName: -
UtcTime: 2023-04-15 10:47:31.004
ProcessGuid: {2048537D-80C2-643A-2B05-000000000700}
ProcessId: 3300
Image: C:\Windows\System32\Configure-SMRemoting.exe
User: EXAMPLECOMPANY\admin"
Information,4/15/2023 7:47:30 PM,Microsoft-Windows-Sysmon,1,Process Create (rule: ProcessCreate),"Process Create:
RuleName: -
UtcTime: 2023-04-15 10:47:30.924
ProcessGuid: {2048537D-80C2-643A-2D05-000000000700}
ProcessId: 1724
Image: C:\Windows\System32\conhost.exe
FileVersion: 10.0.14393.0 (rs1_release.160715-1616)
Description: Console Window Host
Product: Microsoft® Windows® Operating System
Company: Microsoft Corporation
OriginalFileName: CONHOST.EXE
CommandLine: \??\C:\Windows\system32\conhost.exe 0xffffffff -ForceV1
CurrentDirectory: C:\Windows
User: EXAMPLECOMPANY\admin
LogonGuid: {2048537D-4D3D-643A-78B7-710000000000}
LogonId: 0x71B778
TerminalSessionId: 3
IntegrityLevel: High
Hashes: SHA256=046F7A1B4DE67562547ED9A180A72F481FC41E803DE49A96D7D7C731964D53A0
ParentProcessGuid: {2048537D-80C2-643A-2B05-000000000700}
ParentProcessId: 3300
ParentImage: C:\Windows\System32\Configure-SMRemoting.exe
ParentCommandLine: ""Configure-SMRemoting.exe"" -GET
ParentUser: EXAMPLECOMPANY\admin"
Information,4/15/2023 7:47:30 PM,Microsoft-Windows-Sysmon,1,Process Create (rule: ProcessCreate),"Process Create:
RuleName: -
UtcTime: 2023-04-15 10:47:30.924
ProcessGuid: {2048537D-80C2-643A-2C05-000000000700}
ProcessId: 5260
Image: C:\Windows\System32\sppsvc.exe
FileVersion: 10.0.14393.351 (rs1_release_inmarket.161014-1755)
Description: Microsoft Software Protection Platform Service
Product: Microsoft® Windows® Operating System
Company: Microsoft Corporation
OriginalFileName: sppsvc.exe
CommandLine: C:\Windows\system32\sppsvc.exe
CurrentDirectory: C:\Windows
User: NT AUTHORITY\NETWORK SERVICE
LogonGuid: {2048537D-CE04-6437-E403-000000000000}
LogonId: 0x3E4
TerminalSessionId: 0
IntegrityLevel: System
Hashes: SHA256=8ADF7A1C96DAE005E9A974D90BE8954F88D49B6848252B88513C49E0A3BD9774
ParentProcessGuid: {00000000-0000-0000-0000-000000000000}
ParentProcessId: 532
ParentImage: -
ParentCommandLine: -
ParentUser: -"
Information,4/15/2023 7:47:30 PM,Microsoft-Windows-Sysmon,1,Process Create (rule: ProcessCreate),"Process Create:
RuleName: -
UtcTime: 2023-04-15 10:47:30.922
ProcessGuid: {2048537D-80C2-643A-2B05-000000000700}
ProcessId: 3300
Image: C:\Windows\System32\Configure-SMRemoting.exe
FileVersion: 10.0.14393.0 (rs1_release.160715-1616)
Description: Configure-SMRemoting
Product: Microsoft® Windows® Operating System
Company: Microsoft Corporation
OriginalFileName: Configure-SMRemoting.EXE
CommandLine: ""Configure-SMRemoting.exe"" -GET
CurrentDirectory: C:\Windows\system32\
User: EXAMPLECOMPANY\admin
LogonGuid: {2048537D-4D3D-643A-78B7-710000000000}
LogonId: 0x71B778
TerminalSessionId: 3
IntegrityLevel: High
Hashes: SHA256=E26FE2AD8452293B4B1E957B21371693996941A4D3D2371E7E51A35892C59418
ParentProcessGuid: {2048537D-562C-643A-0403-000000000700}
ParentProcessId: 4840
ParentImage: C:\Windows\System32\ServerManager.exe
ParentCommandLine: ""C:\Windows\system32\ServerManager.exe"" 
ParentUser: EXAMPLECOMPANY\admin"
Information,4/15/2023 7:47:25 PM,Microsoft-Windows-Sysmon,1,Process Create (rule: ProcessCreate),"Process Create:
RuleName: -
UtcTime: 2023-04-15 10:47:25.791
ProcessGuid: {2048537D-80BD-643A-2A05-000000000700}
ProcessId: 4232
Image: C:\Windows\System32\backgroundTaskHost.exe
FileVersion: 10.0.14393.0 (rs1_release.160715-1616)
Description: Background Task Host
Product: Microsoft® Windows® Operating System
Company: Microsoft Corporation
OriginalFileName: backgroundTaskHost.exe
CommandLine: ""C:\Windows\system32\backgroundTaskHost.exe"" -ServerName:CortanaUI.AppXy7vb4pc2dr3kc93kfc509b1d0arkfb2x.mca
CurrentDirectory: C:\Windows\SystemApps\Microsoft.Windows.Cortana_cw5n1h2txyewy\
User: EXAMPLECOMPANY\admin
LogonGuid: {2048537D-4D3D-643A-8CB7-710000000000}
LogonId: 0x71B78C
TerminalSessionId: 3
IntegrityLevel: AppContainer
Hashes: SHA256=23A80E09DAE6DB17909E81B1CA7E9BF43158BDEE69C1646125FC62E6BFE2745B
ParentProcessGuid: {00000000-0000-0000-0000-000000000000}
ParentProcessId: 740
ParentImage: -
ParentCommandLine: -
ParentUser: -"
Information,4/15/2023 7:47:20 PM,Microsoft-Windows-Sysmon,5,Process terminated (rule: ProcessTerminate),"Process terminated:
RuleName: -
UtcTime: 2023-04-15 10:47:20.237
ProcessGuid: {2048537D-80B8-643A-2905-000000000700}
ProcessId: 912
Image: C:\Windows\System32\rundll32.exe
User: EXAMPLECOMPANY\admin"
Information,4/15/2023 7:47:20 PM,Microsoft-Windows-Sysmon,1,Process Create (rule: ProcessCreate),"Process Create:
RuleName: -
UtcTime: 2023-04-15 10:47:20.243
ProcessGuid: {2048537D-80B8-643A-2905-000000000700}
ProcessId: 912
Image: C:\Windows\System32\rundll32.exe
FileVersion: 10.0.14393.0 (rs1_release.160715-1616)
Description: Windows host process (Rundll32)
Product: Microsoft® Windows® Operating System
Company: Microsoft Corporation
OriginalFileName: RUNDLL32.EXE
CommandLine: C:\Windows\System32\rundll32.exe shell32.dll,SHCreateLocalServerRunDll {24AC8F2B-4D4A-4C17-9607-6A4B14068F97} -Embedding
CurrentDirectory: C:\Windows\system32\
User: EXAMPLECOMPANY\admin
LogonGuid: {2048537D-4D3D-643A-8CB7-710000000000}
LogonId: 0x71B78C
TerminalSessionId: 3
IntegrityLevel: Medium
Hashes: SHA256=495BBA47FC43EE23054FCD419F2F00457162D1C04296900C6AEA551102A810F3
ParentProcessGuid: {00000000-0000-0000-0000-000000000000}
ParentProcessId: 740
ParentImage: -
ParentCommandLine: -
ParentUser: -"
Information,4/15/2023 7:46:56 PM,Microsoft-Windows-Sysmon,5,Process terminated (rule: ProcessTerminate),"Process terminated:
RuleName: -
UtcTime: 2023-04-15 10:46:56.843
ProcessGuid: {2048537D-7F16-643A-1805-000000000700}
ProcessId: 7312
Image: C:\Windows\System32\svchost.exe
User: NT AUTHORITY\SYSTEM"
Information,4/15/2023 7:46:01 PM,Microsoft-Windows-Sysmon,5,Process terminated (rule: ProcessTerminate),"Process terminated:
RuleName: -
UtcTime: 2023-04-15 10:46:01.508
ProcessGuid: {2048537D-804B-643A-2405-000000000700}
ProcessId: 3356
Image: C:\Windows\System32\sppsvc.exe
User: NT AUTHORITY\NETWORK SERVICE"
Information,4/15/2023 7:45:51 PM,Microsoft-Windows-Sysmon,1,Process Create (rule: ProcessCreate),"Process Create:
RuleName: -
UtcTime: 2023-04-15 10:45:51.607
ProcessGuid: {2048537D-805F-643A-2805-000000000700}
ProcessId: 7124
Image: C:\Windows\System32\wbem\WmiPrvSE.exe
FileVersion: 10.0.14393.0 (rs1_release.160715-1616)
Description: WMI Provider Host
Product: Microsoft® Windows® Operating System
Company: Microsoft Corporation
OriginalFileName: Wmiprvse.exe
CommandLine: C:\Windows\system32\wbem\wmiprvse.exe -Embedding
CurrentDirectory: C:\Windows\system32\
User: NT AUTHORITY\SYSTEM
LogonGuid: {2048537D-CE04-6437-E703-000000000000}
LogonId: 0x3E7
TerminalSessionId: 0
IntegrityLevel: System
Hashes: SHA256=B62ACACFCAF99A50149F9DCE06136D478723992A61014FC3DBAE81289FE219F9
ParentProcessGuid: {00000000-0000-0000-0000-000000000000}
ParentProcessId: 740
ParentImage: -
ParentCommandLine: -
ParentUser: -"
Information,4/15/2023 7:45:33 PM,Microsoft-Windows-Sysmon,1,Process Create (rule: ProcessCreate),"Process Create:
RuleName: -
UtcTime: 2023-04-15 10:45:33.658
ProcessGuid: {2048537D-804D-643A-2705-000000000700}
ProcessId: 5844
Image: C:\Windows\System32\wbem\WmiPrvSE.exe
FileVersion: 10.0.14393.0 (rs1_release.160715-1616)
Description: WMI Provider Host
Product: Microsoft® Windows® Operating System
Company: Microsoft Corporation
OriginalFileName: Wmiprvse.exe
CommandLine: C:\Windows\system32\wbem\wmiprvse.exe -secured -Embedding
CurrentDirectory: C:\Windows\system32\
User: NT AUTHORITY\LOCAL SERVICE
LogonGuid: {2048537D-CE05-6437-E503-000000000000}
LogonId: 0x3E5
TerminalSessionId: 0
IntegrityLevel: System
Hashes: SHA256=B62ACACFCAF99A50149F9DCE06136D478723992A61014FC3DBAE81289FE219F9
ParentProcessGuid: {00000000-0000-0000-0000-000000000000}
ParentProcessId: 740
ParentImage: -
ParentCommandLine: -
ParentUser: -"
Information,4/15/2023 7:45:31 PM,Microsoft-Windows-Sysmon,1,Process Create (rule: ProcessCreate),"Process Create:
RuleName: -
UtcTime: 2023-04-15 10:45:31.535
ProcessGuid: {2048537D-804B-643A-2605-000000000700}
ProcessId: 7636
Image: C:\Windows\System32\wbem\WmiPrvSE.exe
FileVersion: 10.0.14393.0 (rs1_release.160715-1616)
Description: WMI Provider Host
Product: Microsoft® Windows® Operating System
Company: Microsoft Corporation
OriginalFileName: Wmiprvse.exe
CommandLine: C:\Windows\system32\wbem\wmiprvse.exe -secured -Embedding
CurrentDirectory: C:\Windows\system32\
User: NT AUTHORITY\NETWORK SERVICE
LogonGuid: {2048537D-CE04-6437-E403-000000000000}
LogonId: 0x3E4
TerminalSessionId: 0
IntegrityLevel: System
Hashes: SHA256=B62ACACFCAF99A50149F9DCE06136D478723992A61014FC3DBAE81289FE219F9
ParentProcessGuid: {00000000-0000-0000-0000-000000000000}
ParentProcessId: 740
ParentImage: -
ParentCommandLine: -
ParentUser: -"
Information,4/15/2023 7:45:31 PM,Microsoft-Windows-Sysmon,5,Process terminated (rule: ProcessTerminate),"Process terminated:
RuleName: -
UtcTime: 2023-04-15 10:45:31.334
ProcessGuid: {2048537D-804B-643A-2505-000000000700}
ProcessId: 7316
Image: C:\Windows\System32\conhost.exe
User: EXAMPLECOMPANY\admin"
Information,4/15/2023 7:45:31 PM,Microsoft-Windows-Sysmon,5,Process terminated (rule: ProcessTerminate),"Process terminated:
RuleName: -
UtcTime: 2023-04-15 10:45:31.334
ProcessGuid: {2048537D-804B-643A-2305-000000000700}
ProcessId: 4612
Image: C:\Windows\System32\Configure-SMRemoting.exe
User: EXAMPLECOMPANY\admin"
Information,4/15/2023 7:45:31 PM,Microsoft-Windows-Sysmon,1,Process Create (rule: ProcessCreate),"Process Create:
RuleName: -
UtcTime: 2023-04-15 10:45:31.243
ProcessGuid: {2048537D-804B-643A-2505-000000000700}
ProcessId: 7316
Image: C:\Windows\System32\conhost.exe
FileVersion: 10.0.14393.0 (rs1_release.160715-1616)
Description: Console Window Host
Product: Microsoft® Windows® Operating System
Company: Microsoft Corporation
OriginalFileName: CONHOST.EXE
CommandLine: \??\C:\Windows\system32\conhost.exe 0xffffffff -ForceV1
CurrentDirectory: C:\Windows
User: EXAMPLECOMPANY\admin
LogonGuid: {2048537D-4D3D-643A-78B7-710000000000}
LogonId: 0x71B778
TerminalSessionId: 3
IntegrityLevel: High
Hashes: SHA256=046F7A1B4DE67562547ED9A180A72F481FC41E803DE49A96D7D7C731964D53A0
ParentProcessGuid: {2048537D-804B-643A-2305-000000000700}
ParentProcessId: 4612
ParentImage: C:\Windows\System32\Configure-SMRemoting.exe
ParentCommandLine: ""Configure-SMRemoting.exe"" -GET
ParentUser: EXAMPLECOMPANY\admin"
Information,4/15/2023 7:45:31 PM,Microsoft-Windows-Sysmon,1,Process Create (rule: ProcessCreate),"Process Create:
RuleName: -
UtcTime: 2023-04-15 10:45:31.243
ProcessGuid: {2048537D-804B-643A-2405-000000000700}
ProcessId: 3356
Image: C:\Windows\System32\sppsvc.exe
FileVersion: 10.0.14393.351 (rs1_release_inmarket.161014-1755)
Description: Microsoft Software Protection Platform Service
Product: Microsoft® Windows® Operating System
Company: Microsoft Corporation
OriginalFileName: sppsvc.exe
CommandLine: C:\Windows\system32\sppsvc.exe
CurrentDirectory: C:\Windows
User: NT AUTHORITY\NETWORK SERVICE
LogonGuid: {2048537D-CE04-6437-E403-000000000000}
LogonId: 0x3E4
TerminalSessionId: 0
IntegrityLevel: System
Hashes: SHA256=8ADF7A1C96DAE005E9A974D90BE8954F88D49B6848252B88513C49E0A3BD9774
ParentProcessGuid: {00000000-0000-0000-0000-000000000000}
ParentProcessId: 532
ParentImage: -
ParentCommandLine: -
ParentUser: -"
Information,4/15/2023 7:45:31 PM,Microsoft-Windows-Sysmon,1,Process Create (rule: ProcessCreate),"Process Create:
RuleName: -
UtcTime: 2023-04-15 10:45:31.242
ProcessGuid: {2048537D-804B-643A-2305-000000000700}
ProcessId: 4612
Image: C:\Windows\System32\Configure-SMRemoting.exe
FileVersion: 10.0.14393.0 (rs1_release.160715-1616)
Description: Configure-SMRemoting
Product: Microsoft® Windows® Operating System
Company: Microsoft Corporation
OriginalFileName: Configure-SMRemoting.EXE
CommandLine: ""Configure-SMRemoting.exe"" -GET
CurrentDirectory: C:\Windows\system32\
User: EXAMPLECOMPANY\admin
LogonGuid: {2048537D-4D3D-643A-78B7-710000000000}
LogonId: 0x71B778
TerminalSessionId: 3
IntegrityLevel: High
Hashes: SHA256=E26FE2AD8452293B4B1E957B21371693996941A4D3D2371E7E51A35892C59418
ParentProcessGuid: {2048537D-562C-643A-0403-000000000700}
ParentProcessId: 4840
ParentImage: C:\Windows\System32\ServerManager.exe
ParentCommandLine: ""C:\Windows\system32\ServerManager.exe"" 
ParentUser: EXAMPLECOMPANY\admin"
Information,4/15/2023 7:45:03 PM,Microsoft-Windows-Sysmon,5,Process terminated (rule: ProcessTerminate),"Process terminated:
RuleName: -
UtcTime: 2023-04-15 10:45:03.256
ProcessGuid: {2048537D-79BA-643A-E104-000000000700}
ProcessId: 2780
Image: C:\Windows\System32\wbem\WmiPrvSE.exe
User: NT AUTHORITY\NETWORK SERVICE"
Information,4/15/2023 7:44:33 PM,Microsoft-Windows-Sysmon,5,Process terminated (rule: ProcessTerminate),"Process terminated:
RuleName: -
UtcTime: 2023-04-15 10:44:33.251
ProcessGuid: {2048537D-7FD5-643A-2205-000000000700}
ProcessId: 2608
Image: C:\Windows\System32\wbem\WmiPrvSE.exe
User: NT AUTHORITY\LOCAL SERVICE"
Information,4/15/2023 7:44:01 PM,Microsoft-Windows-Sysmon,5,Process terminated (rule: ProcessTerminate),"Process terminated:
RuleName: -
UtcTime: 2023-04-15 10:44:01.175
ProcessGuid: {2048537D-7FD2-643A-2005-000000000700}
ProcessId: 5692
Image: C:\Windows\System32\sppsvc.exe
User: NT AUTHORITY\NETWORK SERVICE"
Information,4/15/2023 7:43:56 PM,Microsoft-Windows-Sysmon,5,Process terminated (rule: ProcessTerminate),"Process terminated:
RuleName: -
UtcTime: 2023-04-15 10:43:56.395
ProcessGuid: {2048537D-7F14-643A-1605-000000000700}
ProcessId: 264
Image: C:\Windows\servicing\TrustedInstaller.exe
User: NT AUTHORITY\SYSTEM"
Information,4/15/2023 7:43:56 PM,Microsoft-Windows-Sysmon,5,Process terminated (rule: ProcessTerminate),"Process terminated:
RuleName: -
UtcTime: 2023-04-15 10:43:56.389
ProcessGuid: {2048537D-7F14-643A-1705-000000000700}
ProcessId: 6536
Image: C:\Windows\WinSxS\amd64_microsoft-windows-servicingstack_31bf3856ad364e35_10.0.14393.1883_none_7ed84bd822106081\TiWorker.exe
User: NT AUTHORITY\SYSTEM"
Information,4/15/2023 7:43:33 PM,Microsoft-Windows-Sysmon,1,Process Create (rule: ProcessCreate),"Process Create:
RuleName: -
UtcTime: 2023-04-15 10:43:33.235
ProcessGuid: {2048537D-7FD5-643A-2205-000000000700}
ProcessId: 2608
Image: C:\Windows\System32\wbem\WmiPrvSE.exe
FileVersion: 10.0.14393.0 (rs1_release.160715-1616)
Description: WMI Provider Host
Product: Microsoft® Windows® Operating System
Company: Microsoft Corporation
OriginalFileName: Wmiprvse.exe
CommandLine: C:\Windows\system32\wbem\wmiprvse.exe -secured -Embedding
CurrentDirectory: C:\Windows\system32\
User: NT AUTHORITY\LOCAL SERVICE
LogonGuid: {2048537D-CE05-6437-E503-000000000000}
LogonId: 0x3E5
TerminalSessionId: 0
IntegrityLevel: System
Hashes: SHA256=B62ACACFCAF99A50149F9DCE06136D478723992A61014FC3DBAE81289FE219F9
ParentProcessGuid: {00000000-0000-0000-0000-000000000000}
ParentProcessId: 740
ParentImage: -
ParentCommandLine: -
ParentUser: -"
Information,4/15/2023 7:43:30 PM,Microsoft-Windows-Sysmon,5,Process terminated (rule: ProcessTerminate),"Process terminated:
RuleName: -
UtcTime: 2023-04-15 10:43:30.945
ProcessGuid: {2048537D-7FD2-643A-2105-000000000700}
ProcessId: 7224
Image: C:\Windows\System32\conhost.exe
User: EXAMPLECOMPANY\admin"
Information,4/15/2023 7:43:30 PM,Microsoft-Windows-Sysmon,5,Process terminated (rule: ProcessTerminate),"Process terminated:
RuleName: -
UtcTime: 2023-04-15 10:43:30.945
ProcessGuid: {2048537D-7FD2-643A-1F05-000000000700}
ProcessId: 1864
Image: C:\Windows\System32\Configure-SMRemoting.exe
User: EXAMPLECOMPANY\admin"
Information,4/15/2023 7:43:30 PM,Microsoft-Windows-Sysmon,1,Process Create (rule: ProcessCreate),"Process Create:
RuleName: -
UtcTime: 2023-04-15 10:43:30.917
ProcessGuid: {2048537D-7FD2-643A-2105-000000000700}
ProcessId: 7224
Image: C:\Windows\System32\conhost.exe
FileVersion: 10.0.14393.0 (rs1_release.160715-1616)
Description: Console Window Host
Product: Microsoft® Windows® Operating System
Company: Microsoft Corporation
OriginalFileName: CONHOST.EXE
CommandLine: \??\C:\Windows\system32\conhost.exe 0xffffffff -ForceV1
CurrentDirectory: C:\Windows
User: EXAMPLECOMPANY\admin
LogonGuid: {2048537D-4D3D-643A-78B7-710000000000}
LogonId: 0x71B778
TerminalSessionId: 3
IntegrityLevel: High
Hashes: SHA256=046F7A1B4DE67562547ED9A180A72F481FC41E803DE49A96D7D7C731964D53A0
ParentProcessGuid: {2048537D-7FD2-643A-1F05-000000000700}
ParentProcessId: 1864
ParentImage: C:\Windows\System32\Configure-SMRemoting.exe
ParentCommandLine: ""Configure-SMRemoting.exe"" -GET
ParentUser: EXAMPLECOMPANY\admin"
