Information,4/17/2023 3:35:46 AM,Microsoft-Windows-Sysmon,1,Process Create (rule: ProcessCreate),"Process Create:
RuleName: -
UtcTime: 2023-04-16 18:35:46.425
ProcessGuid: {2048537D-4002-643C-9000-000000000B00}
ProcessId: 2936
Image: C:\Windows\System32\CompatTelRunner.exe
FileVersion: 10.0.16287.1005 (WinBuild.160101.0800)
Description: Microsoft Compatibility Telemetry
Product: Microsoft® Windows® Operating System
Company: Microsoft Corporation
OriginalFileName: CompatTelRunner.exe
CommandLine: C:\Windows\system32\compattelrunner.exe
CurrentDirectory: C:\Windows\system32\
User: NT AUTHORITY\SYSTEM
LogonGuid: {2048537D-962F-643A-E703-000000000000}
LogonId: 0x3E7
TerminalSessionId: 0
IntegrityLevel: System
Hashes: SHA256=96F57114988325E05BA277CFB6EB88324252918FCEB81BF777D4FF601AE30404
ParentProcessGuid: {00000000-0000-0000-0000-000000000000}
ParentProcessId: 1236
ParentImage: -
ParentCommandLine: -
ParentUser: -"
Information,4/17/2023 12:43:03 AM,Microsoft-Windows-Sysmon,5,Process terminated (rule: ProcessTerminate),"Process terminated:
RuleName: -
UtcTime: 2023-04-16 15:43:03.024
ProcessGuid: {2048537D-1787-643C-8F00-000000000B00}
ProcessId: 3160
Image: C:\Windows\System32\conhost.exe
User: NT AUTHORITY\SYSTEM"
Information,4/17/2023 12:43:03 AM,Microsoft-Windows-Sysmon,5,Process terminated (rule: ProcessTerminate),"Process terminated:
RuleName: -
UtcTime: 2023-04-16 15:43:03.024
ProcessGuid: {2048537D-1787-643C-8E00-000000000B00}
ProcessId: 372
Image: C:\Windows\System32\sc.exe
User: NT AUTHORITY\SYSTEM"
Information,4/17/2023 12:43:03 AM,Microsoft-Windows-Sysmon,1,Process Create (rule: ProcessCreate),"Process Create:
RuleName: -
UtcTime: 2023-04-16 15:43:03.014
ProcessGuid: {2048537D-1787-643C-8F00-000000000B00}
ProcessId: 3160
Image: C:\Windows\System32\conhost.exe
FileVersion: 10.0.14393.0 (rs1_release.160715-1616)
Description: Console Window Host
Product: Microsoft® Windows® Operating System
Company: Microsoft Corporation
OriginalFileName: CONHOST.EXE
CommandLine: \??\C:\Windows\system32\conhost.exe 0xffffffff -ForceV1
CurrentDirectory: C:\Windows
User: NT AUTHORITY\SYSTEM
LogonGuid: {2048537D-962F-643A-E703-000000000000}
LogonId: 0x3E7
TerminalSessionId: 0
IntegrityLevel: System
Hashes: SHA256=046F7A1B4DE67562547ED9A180A72F481FC41E803DE49A96D7D7C731964D53A0
ParentProcessGuid: {2048537D-1787-643C-8E00-000000000B00}
ParentProcessId: 372
ParentImage: C:\Windows\System32\sc.exe
ParentCommandLine: C:\Windows\system32\sc.exe start wuauserv
ParentUser: NT AUTHORITY\SYSTEM"
Information,4/17/2023 12:43:03 AM,Microsoft-Windows-Sysmon,1,Process Create (rule: ProcessCreate),"Process Create:
RuleName: -
UtcTime: 2023-04-16 15:43:03.010
ProcessGuid: {2048537D-1787-643C-8E00-000000000B00}
ProcessId: 372
Image: C:\Windows\System32\sc.exe
FileVersion: 10.0.14393.0 (rs1_release.160715-1616)
Description: Service Control Manager Configuration Tool
Product: Microsoft® Windows® Operating System
Company: Microsoft Corporation
OriginalFileName: sc.exe
CommandLine: C:\Windows\system32\sc.exe start wuauserv
CurrentDirectory: C:\Windows\system32\
User: NT AUTHORITY\SYSTEM
LogonGuid: {2048537D-962F-643A-E703-000000000000}
LogonId: 0x3E7
TerminalSessionId: 0
IntegrityLevel: System
Hashes: SHA256=8A775B86CE1A057E290CCD26C59C96070684468A3119790743A346CD54F4DFDF
ParentProcessGuid: {00000000-0000-0000-0000-000000000000}
ParentProcessId: 1236
ParentImage: -
ParentCommandLine: -
ParentUser: -"
Information,4/17/2023 12:00:01 AM,Microsoft-Windows-Sysmon,5,Process terminated (rule: ProcessTerminate),"Process terminated:
RuleName: -
UtcTime: 2023-04-16 15:00:01.357
ProcessGuid: {2048537D-0D70-643C-8D00-000000000B00}
ProcessId: 4540
Image: C:\Windows\System32\Speech_OneCore\Common\SpeechModelDownload.exe
User: NT AUTHORITY\NETWORK SERVICE"
Information,4/17/2023 12:00:00 AM,Microsoft-Windows-Sysmon,1,Process Create (rule: ProcessCreate),"Process Create:
RuleName: -
UtcTime: 2023-04-16 15:00:00.421
ProcessGuid: {2048537D-0D70-643C-8D00-000000000B00}
ProcessId: 4540
Image: C:\Windows\System32\Speech_OneCore\Common\SpeechModelDownload.exe
FileVersion: 10.0.14393.67 (rs1_release.160804-2231)
Description: Speech Model Download Executable
Product: Microsoft® Windows® Operating System
Company: Microsoft Corporation
OriginalFileName: SpeechModelDownload.exe
CommandLine: C:\Windows\system32\speech_onecore\common\SpeechModelDownload.exe
CurrentDirectory: C:\Windows\system32\
User: NT AUTHORITY\NETWORK SERVICE
LogonGuid: {2048537D-962F-643A-E403-000000000000}
LogonId: 0x3E4
TerminalSessionId: 0
IntegrityLevel: System
Hashes: SHA256=472FB4B413344D2753C145237FCB83C4D3F1FB555F7330092FBA59AD63AC8622
ParentProcessGuid: {00000000-0000-0000-0000-000000000000}
ParentProcessId: 1236
ParentImage: -
ParentCommandLine: -
ParentUser: -"
Information,4/17/2023 12:00:00 AM,Microsoft-Windows-Sysmon,5,Process terminated (rule: ProcessTerminate),"Process terminated:
RuleName: -
UtcTime: 2023-04-16 15:00:00.388
ProcessGuid: {2048537D-0D70-643C-8C00-000000000B00}
ProcessId: 3356
Image: C:\Windows\System32\wsqmcons.exe
User: NT AUTHORITY\SYSTEM"
Information,4/17/2023 12:00:00 AM,Microsoft-Windows-Sysmon,1,Process Create (rule: ProcessCreate),"Process Create:
RuleName: -
UtcTime: 2023-04-16 15:00:00.384
ProcessGuid: {2048537D-0D70-643C-8C00-000000000B00}
ProcessId: 3356
Image: C:\Windows\System32\wsqmcons.exe
FileVersion: 10.0.14393.1884 (rs1_release.171101-1233)
Description: Windows SQM Consolidator
Product: Microsoft® Windows® Operating System
Company: Microsoft Corporation
OriginalFileName: wsqmcons.exe
CommandLine: C:\Windows\System32\wsqmcons.exe
CurrentDirectory: C:\Windows\system32\
User: NT AUTHORITY\SYSTEM
LogonGuid: {2048537D-962F-643A-E703-000000000000}
LogonId: 0x3E7
TerminalSessionId: 0
IntegrityLevel: System
Hashes: SHA256=D63A0022309C39B48CFFB1F858388046D358FC8CFE376ABBD5DB1373116B05D5
ParentProcessGuid: {00000000-0000-0000-0000-000000000000}
ParentProcessId: 1236
ParentImage: -
ParentCommandLine: -
ParentUser: -"
Information,4/16/2023 11:36:29 PM,Microsoft-Windows-Sysmon,5,Process terminated (rule: ProcessTerminate),"Process terminated:
RuleName: -
UtcTime: 2023-04-16 14:36:29.421
ProcessGuid: {2048537D-07ED-643C-8B00-000000000B00}
ProcessId: 4628
Image: C:\Windows\System32\conhost.exe
User: NT AUTHORITY\SYSTEM"
Information,4/16/2023 11:36:29 PM,Microsoft-Windows-Sysmon,5,Process terminated (rule: ProcessTerminate),"Process terminated:
RuleName: -
UtcTime: 2023-04-16 14:36:29.421
ProcessGuid: {2048537D-07ED-643C-8A00-000000000B00}
ProcessId: 3464
Image: C:\Windows\System32\SIHClient.exe
User: NT AUTHORITY\SYSTEM"
Information,4/16/2023 11:36:29 PM,Microsoft-Windows-Sysmon,1,Process Create (rule: ProcessCreate),"Process Create:
RuleName: -
UtcTime: 2023-04-16 14:36:29.405
ProcessGuid: {2048537D-07ED-643C-8B00-000000000B00}
ProcessId: 4628
Image: C:\Windows\System32\conhost.exe
FileVersion: 10.0.14393.0 (rs1_release.160715-1616)
Description: Console Window Host
Product: Microsoft® Windows® Operating System
Company: Microsoft Corporation
OriginalFileName: CONHOST.EXE
CommandLine: \??\C:\Windows\system32\conhost.exe 0xffffffff -ForceV1
CurrentDirectory: C:\Windows
User: NT AUTHORITY\SYSTEM
LogonGuid: {2048537D-962F-643A-E703-000000000000}
LogonId: 0x3E7
TerminalSessionId: 0
IntegrityLevel: System
Hashes: SHA256=046F7A1B4DE67562547ED9A180A72F481FC41E803DE49A96D7D7C731964D53A0
ParentProcessGuid: {2048537D-07ED-643C-8A00-000000000B00}
ParentProcessId: 3464
ParentImage: C:\Windows\System32\SIHClient.exe
ParentCommandLine: C:\Windows\System32\sihclient.exe
ParentUser: NT AUTHORITY\SYSTEM"
Information,4/16/2023 11:36:29 PM,Microsoft-Windows-Sysmon,1,Process Create (rule: ProcessCreate),"Process Create:
RuleName: -
UtcTime: 2023-04-16 14:36:29.402
ProcessGuid: {2048537D-07ED-643C-8A00-000000000B00}
ProcessId: 3464
Image: C:\Windows\System32\SIHClient.exe
FileVersion: 10.0.14393.1670 (rs1_release_inmarket.170821-1825)
Description: SIH Client
Product: Microsoft® Windows® Operating System
Company: Microsoft Corporation
OriginalFileName: sihclient.exe
CommandLine: C:\Windows\System32\sihclient.exe
CurrentDirectory: C:\Windows\system32\
User: NT AUTHORITY\SYSTEM
LogonGuid: {2048537D-962F-643A-E703-000000000000}
LogonId: 0x3E7
TerminalSessionId: 0
IntegrityLevel: System
Hashes: SHA256=E69706CAFA70E0C2CB28E87ECF998E175796DBB67BA8E20111B168F7FF103161
ParentProcessGuid: {00000000-0000-0000-0000-000000000000}
ParentProcessId: 1236
ParentImage: -
ParentCommandLine: -
ParentUser: -"
Information,4/16/2023 10:46:56 PM,Microsoft-Windows-Sysmon,5,Process terminated (rule: ProcessTerminate),"Process terminated:
RuleName: -
UtcTime: 2023-04-16 13:46:56.759
ProcessGuid: {2048537D-FBB4-643B-8700-000000000B00}
ProcessId: 464
Image: C:\Windows\servicing\TrustedInstaller.exe
User: NT AUTHORITY\SYSTEM"
Information,4/16/2023 10:46:56 PM,Microsoft-Windows-Sysmon,5,Process terminated (rule: ProcessTerminate),"Process terminated:
RuleName: -
UtcTime: 2023-04-16 13:46:56.759
ProcessGuid: {2048537D-FBB4-643B-8800-000000000B00}
ProcessId: 2044
Image: C:\Windows\WinSxS\amd64_microsoft-windows-servicingstack_31bf3856ad364e35_10.0.14393.1883_none_7ed84bd822106081\TiWorker.exe
User: NT AUTHORITY\SYSTEM"
Information,4/16/2023 10:46:15 PM,Microsoft-Windows-Sysmon,5,Process terminated (rule: ProcessTerminate),"Process terminated:
RuleName: -
UtcTime: 2023-04-16 13:46:15.161
ProcessGuid: {2048537D-FBB3-643B-8600-000000000B00}
ProcessId: 4732
Image: C:\Windows\System32\wbem\WmiPrvSE.exe
User: NT AUTHORITY\NETWORK SERVICE"
Information,4/16/2023 10:45:16 PM,Microsoft-Windows-Sysmon,5,Process terminated (rule: ProcessTerminate),"Process terminated:
RuleName: -
UtcTime: 2023-04-16 13:45:16.127
ProcessGuid: {2048537D-FBEB-643B-8900-000000000B00}
ProcessId: 4980
Image: C:\Windows\System32\MusNotification.exe
User: NT AUTHORITY\SYSTEM"
Information,4/16/2023 10:45:15 PM,Microsoft-Windows-Sysmon,1,Process Create (rule: ProcessCreate),"Process Create:
RuleName: -
UtcTime: 2023-04-16 13:45:15.739
ProcessGuid: {2048537D-FBEB-643B-8900-000000000B00}
ProcessId: 4980
Image: C:\Windows\System32\MusNotification.exe
FileVersion: 10.0.14393.1884 (rs1_release.171101-1233)
Description: MusNotificationBroker
Product: Microsoft® Windows® Operating System
Company: Microsoft Corporation
OriginalFileName: MusNotification.exe
CommandLine: C:\Windows\system32\MusNotification.exe Display
CurrentDirectory: C:\Windows\system32\
User: NT AUTHORITY\SYSTEM
LogonGuid: {2048537D-962F-643A-E703-000000000000}
LogonId: 0x3E7
TerminalSessionId: 0
IntegrityLevel: System
Hashes: SHA256=4122383944A3A824EF2FF1743ECAD5F81FDB81E85DC0B80379186A6732485707
ParentProcessGuid: {00000000-0000-0000-0000-000000000000}
ParentProcessId: 1236
ParentImage: -
ParentCommandLine: -
ParentUser: -"
Information,4/16/2023 10:44:20 PM,Microsoft-Windows-Sysmon,1,Process Create (rule: ProcessCreate),"Process Create:
RuleName: -
UtcTime: 2023-04-16 13:44:20.778
ProcessGuid: {2048537D-FBB4-643B-8800-000000000B00}
ProcessId: 2044
Image: C:\Windows\WinSxS\amd64_microsoft-windows-servicingstack_31bf3856ad364e35_10.0.14393.1883_none_7ed84bd822106081\TiWorker.exe
FileVersion: 10.0.14393.693 (rs1_release.161220-1747)
Description: Windows Modules Installer Worker
Product: Microsoft® Windows® Operating System
Company: Microsoft Corporation
OriginalFileName: TiWorker.exe
CommandLine: C:\Windows\winsxs\amd64_microsoft-windows-servicingstack_31bf3856ad364e35_10.0.14393.1883_none_7ed84bd822106081\TiWorker.exe -Embedding
CurrentDirectory: C:\Windows\system32\
User: NT AUTHORITY\SYSTEM
LogonGuid: {2048537D-962F-643A-E703-000000000000}
LogonId: 0x3E7
TerminalSessionId: 0
IntegrityLevel: System
Hashes: SHA256=B6E333F2C1AA300E86F4E81A7A0E05734152F858F56AC0E008E3B104BE60DE74
ParentProcessGuid: {00000000-0000-0000-0000-000000000000}
ParentProcessId: 732
ParentImage: -
ParentCommandLine: -
ParentUser: -"
Information,4/16/2023 10:44:20 PM,Microsoft-Windows-Sysmon,1,Process Create (rule: ProcessCreate),"Process Create:
RuleName: -
UtcTime: 2023-04-16 13:44:20.771
ProcessGuid: {2048537D-FBB4-643B-8700-000000000B00}
ProcessId: 464
Image: C:\Windows\servicing\TrustedInstaller.exe
FileVersion: 10.0.14393.479 (rs1_release.161110-2025)
Description: Windows Modules Installer
Product: Microsoft® Windows® Operating System
Company: Microsoft Corporation
OriginalFileName: TrustedInstaller.exe
CommandLine: C:\Windows\servicing\TrustedInstaller.exe
CurrentDirectory: C:\Windows\system32\
User: NT AUTHORITY\SYSTEM
LogonGuid: {2048537D-962F-643A-E703-000000000000}
LogonId: 0x3E7
TerminalSessionId: 0
IntegrityLevel: System
Hashes: SHA256=208C7725F70C75D8C96CCAF5B22F83B8B1C66D8C9FFF48465B1C9F4A77425569
ParentProcessGuid: {00000000-0000-0000-0000-000000000000}
ParentProcessId: 556
ParentImage: -
ParentCommandLine: -
ParentUser: -"
Information,4/16/2023 10:44:19 PM,Microsoft-Windows-Sysmon,1,Process Create (rule: ProcessCreate),"Process Create:
RuleName: -
UtcTime: 2023-04-16 13:44:19.992
ProcessGuid: {2048537D-FBB3-643B-8600-000000000B00}
ProcessId: 4732
Image: C:\Windows\System32\wbem\WmiPrvSE.exe
FileVersion: 10.0.14393.0 (rs1_release.160715-1616)
Description: WMI Provider Host
Product: Microsoft® Windows® Operating System
Company: Microsoft Corporation
OriginalFileName: Wmiprvse.exe
CommandLine: C:\Windows\system32\wbem\wmiprvse.exe -secured -Embedding
CurrentDirectory: C:\Windows\system32\
User: NT AUTHORITY\NETWORK SERVICE
LogonGuid: {2048537D-962F-643A-E403-000000000000}
LogonId: 0x3E4
TerminalSessionId: 0
IntegrityLevel: System
Hashes: SHA256=B62ACACFCAF99A50149F9DCE06136D478723992A61014FC3DBAE81289FE219F9
ParentProcessGuid: {00000000-0000-0000-0000-000000000000}
ParentProcessId: 732
ParentImage: -
ParentCommandLine: -
ParentUser: -"
Information,4/16/2023 10:44:19 PM,Microsoft-Windows-Sysmon,5,Process terminated (rule: ProcessTerminate),"Process terminated:
RuleName: -
UtcTime: 2023-04-16 13:44:19.598
ProcessGuid: {2048537D-FBB3-643B-8500-000000000B00}
ProcessId: 3176
Image: C:\Windows\System32\MusNotification.exe
User: NT AUTHORITY\SYSTEM"
Information,4/16/2023 10:44:19 PM,Microsoft-Windows-Sysmon,5,Process terminated (rule: ProcessTerminate),"Process terminated:
RuleName: -
UtcTime: 2023-04-16 13:44:19.208
ProcessGuid: {2048537D-FBB2-643B-8400-000000000B00}
ProcessId: 3256
Image: C:\Windows\System32\conhost.exe
User: NT AUTHORITY\SYSTEM"
Information,4/16/2023 10:44:19 PM,Microsoft-Windows-Sysmon,5,Process terminated (rule: ProcessTerminate),"Process terminated:
RuleName: -
UtcTime: 2023-04-16 13:44:19.208
ProcessGuid: {2048537D-FBB2-643B-8300-000000000B00}
ProcessId: 2352
Image: C:\Windows\System32\UsoClient.exe
User: NT AUTHORITY\SYSTEM"
Information,4/16/2023 10:44:19 PM,Microsoft-Windows-Sysmon,1,Process Create (rule: ProcessCreate),"Process Create:
RuleName: -
UtcTime: 2023-04-16 13:44:19.210
ProcessGuid: {2048537D-FBB3-643B-8500-000000000B00}
ProcessId: 3176
Image: C:\Windows\System32\MusNotification.exe
FileVersion: 10.0.14393.1884 (rs1_release.171101-1233)
Description: MusNotificationBroker
Product: Microsoft® Windows® Operating System
Company: Microsoft Corporation
OriginalFileName: MusNotification.exe
CommandLine: C:\Windows\system32\MusNotification.exe Display
CurrentDirectory: C:\Windows\system32\
User: NT AUTHORITY\SYSTEM
LogonGuid: {2048537D-962F-643A-E703-000000000000}
LogonId: 0x3E7
TerminalSessionId: 0
IntegrityLevel: System
Hashes: SHA256=4122383944A3A824EF2FF1743ECAD5F81FDB81E85DC0B80379186A6732485707
ParentProcessGuid: {00000000-0000-0000-0000-000000000000}
ParentProcessId: 1236
ParentImage: -
ParentCommandLine: -
ParentUser: -"
Information,4/16/2023 10:44:18 PM,Microsoft-Windows-Sysmon,1,Process Create (rule: ProcessCreate),"Process Create:
RuleName: -
UtcTime: 2023-04-16 13:44:18.657
ProcessGuid: {2048537D-FBB2-643B-8400-000000000B00}
ProcessId: 3256
Image: C:\Windows\System32\conhost.exe
FileVersion: 10.0.14393.0 (rs1_release.160715-1616)
Description: Console Window Host
Product: Microsoft® Windows® Operating System
Company: Microsoft Corporation
OriginalFileName: CONHOST.EXE
CommandLine: \??\C:\Windows\system32\conhost.exe 0xffffffff -ForceV1
CurrentDirectory: C:\Windows
User: NT AUTHORITY\SYSTEM
LogonGuid: {2048537D-962F-643A-E703-000000000000}
LogonId: 0x3E7
TerminalSessionId: 0
IntegrityLevel: System
Hashes: SHA256=046F7A1B4DE67562547ED9A180A72F481FC41E803DE49A96D7D7C731964D53A0
ParentProcessGuid: {2048537D-FBB2-643B-8300-000000000B00}
ParentProcessId: 2352
ParentImage: C:\Windows\System32\UsoClient.exe
ParentCommandLine: C:\Windows\system32\usoclient.exe StartScan
ParentUser: NT AUTHORITY\SYSTEM"
Information,4/16/2023 10:44:18 PM,Microsoft-Windows-Sysmon,1,Process Create (rule: ProcessCreate),"Process Create:
RuleName: -
UtcTime: 2023-04-16 13:44:18.655
ProcessGuid: {2048537D-FBB2-643B-8300-000000000B00}
ProcessId: 2352
Image: C:\Windows\System32\UsoClient.exe
FileVersion: 10.0.14393.1884 (rs1_release.171101-1233)
Description: UsoClient
Product: Microsoft® Windows® Operating System
Company: Microsoft Corporation
OriginalFileName: UsoClient
CommandLine: C:\Windows\system32\usoclient.exe StartScan
CurrentDirectory: C:\Windows\system32\
User: NT AUTHORITY\SYSTEM
LogonGuid: {2048537D-962F-643A-E703-000000000000}
LogonId: 0x3E7
TerminalSessionId: 0
IntegrityLevel: System
Hashes: SHA256=821DFAF9D6D43308D849A1849A5373801C8318E8EF19FDC9C93865F342667C4D
ParentProcessGuid: {00000000-0000-0000-0000-000000000000}
ParentProcessId: 1236
ParentImage: -
ParentCommandLine: -
ParentUser: -"
Information,4/16/2023 10:22:03 PM,Microsoft-Windows-Sysmon,5,Process terminated (rule: ProcessTerminate),"Process terminated:
RuleName: -
UtcTime: 2023-04-16 13:22:03.768
ProcessGuid: {2048537D-F67A-643B-8200-000000000B00}
ProcessId: 3204
Image: C:\Windows\System32\wermgr.exe
User: NT AUTHORITY\SYSTEM"
Information,4/16/2023 10:22:02 PM,Microsoft-Windows-Sysmon,1,Process Create (rule: ProcessCreate),"Process Create:
RuleName: -
UtcTime: 2023-04-16 13:22:02.332
ProcessGuid: {2048537D-F67A-643B-8200-000000000B00}
ProcessId: 3204
Image: C:\Windows\System32\wermgr.exe
FileVersion: 10.0.14393.1884 (rs1_release.171101-1233)
Description: Windows Problem Reporting
Product: Microsoft® Windows® Operating System
Company: Microsoft Corporation
OriginalFileName: WerMgr
CommandLine: C:\Windows\system32\wermgr.exe -upload
CurrentDirectory: C:\Windows\system32\
User: NT AUTHORITY\SYSTEM
LogonGuid: {2048537D-962F-643A-E703-000000000000}
LogonId: 0x3E7
TerminalSessionId: 0
IntegrityLevel: System
Hashes: SHA256=99A3BBD357A66BBBE00D9215277A42417D1EC243BB5B88D12324318592BBFD58
ParentProcessGuid: {00000000-0000-0000-0000-000000000000}
ParentProcessId: 1236
ParentImage: -
ParentCommandLine: -
ParentUser: -"
Information,4/16/2023 9:31:13 PM,Microsoft-Windows-Sysmon,5,Process terminated (rule: ProcessTerminate),"Process terminated:
RuleName: -
UtcTime: 2023-04-16 12:31:13.240
ProcessGuid: {2048537D-EA1A-643B-7E00-000000000B00}
ProcessId: 4940
Image: C:\Windows\System32\wbem\WmiPrvSE.exe
User: NT AUTHORITY\NETWORK SERVICE"
Information,4/16/2023 9:29:48 PM,Microsoft-Windows-Sysmon,5,Process terminated (rule: ProcessTerminate),"Process terminated:
RuleName: -
UtcTime: 2023-04-16 12:29:48.696
ProcessGuid: {2048537D-EA1A-643B-7A00-000000000B00}
ProcessId: 3708
Image: C:\Program Files\Windows Defender\MpCmdRun.exe
User: NT AUTHORITY\NETWORK SERVICE"
Information,4/16/2023 9:29:48 PM,Microsoft-Windows-Sysmon,5,Process terminated (rule: ProcessTerminate),"Process terminated:
RuleName: -
UtcTime: 2023-04-16 12:29:48.696
ProcessGuid: {2048537D-EA1A-643B-7D00-000000000B00}
ProcessId: 372
Image: C:\Windows\System32\conhost.exe
User: NT AUTHORITY\SYSTEM"
Information,4/16/2023 9:29:48 PM,Microsoft-Windows-Sysmon,5,Process terminated (rule: ProcessTerminate),"Process terminated:
RuleName: -
UtcTime: 2023-04-16 12:29:48.602
ProcessGuid: {2048537D-EA1A-643B-7C00-000000000B00}
ProcessId: 2172
Image: C:\Program Files\Windows Defender\MpCmdRun.exe
User: NT AUTHORITY\SYSTEM"
Information,4/16/2023 9:29:48 PM,Microsoft-Windows-Sysmon,5,Process terminated (rule: ProcessTerminate),"Process terminated:
RuleName: -
UtcTime: 2023-04-16 12:29:48.586
ProcessGuid: {2048537D-EA38-643B-7F00-000000000B00}
ProcessId: 2892
Image: C:\Windows\System32\wuauclt.exe
User: NT AUTHORITY\SYSTEM"
Information,4/16/2023 9:29:48 PM,Microsoft-Windows-Sysmon,5,Process terminated (rule: ProcessTerminate),"Process terminated:
RuleName: -
UtcTime: 2023-04-16 12:29:48.571
ProcessGuid: {2048537D-EA38-643B-8000-000000000B00}
ProcessId: 4252
Image: C:\Windows\SoftwareDistribution\Download\Install\AM_Delta_Patch_1.387.1114.0.exe
User: NT AUTHORITY\SYSTEM"
Information,4/16/2023 9:29:48 PM,Microsoft-Windows-Sysmon,5,Process terminated (rule: ProcessTerminate),"Process terminated:
RuleName: -
UtcTime: 2023-04-16 12:29:48.571
ProcessGuid: {2048537D-EA38-643B-8100-000000000B00}
ProcessId: 2032
Image: C:\Windows\System32\MpSigStub.exe
User: NT AUTHORITY\SYSTEM"
Information,4/16/2023 9:29:44 PM,Microsoft-Windows-Sysmon,1,Process Create (rule: ProcessCreate),"Process Create:
RuleName: -
UtcTime: 2023-04-16 12:29:44.740
ProcessGuid: {2048537D-EA38-643B-8100-000000000B00}
ProcessId: 2032
Image: C:\Windows\System32\MpSigStub.exe
FileVersion: 1.1.18500.10 (bd3bd17b10e8c188734ef863541b1db0d3f8b954)
Description: Microsoft Malware Protection Signature Update Stub
Product: Microsoft Malware Protection
Company: Microsoft Corporation
OriginalFileName: MpSigStub.exe
CommandLine: C:\Windows\system32\MpSigStub.exe /stub 1.1.18500.10 /payload 1.387.1198.0 /MpWUStub /program C:\Windows\SoftwareDistribution\Download\Install\AM_Delta_Patch_1.387.1114.0.exe WD /q
CurrentDirectory: C:\Windows\Temp\D07284E0-8299-486F-AD40-133B21A1D9AE-Sigs\
User: NT AUTHORITY\SYSTEM
LogonGuid: {2048537D-962F-643A-E703-000000000000}
LogonId: 0x3E7
TerminalSessionId: 0
IntegrityLevel: System
Hashes: SHA256=FA42B9B84754E2E8368E8929FA045BE86DBD72678176EE75814D2A16D23E5C26
ParentProcessGuid: {2048537D-EA38-643B-8000-000000000B00}
ParentProcessId: 4252
ParentImage: C:\Windows\SoftwareDistribution\Download\Install\AM_Delta_Patch_1.387.1114.0.exe
ParentCommandLine: ""C:\Windows\SoftwareDistribution\Download\Install\AM_Delta_Patch_1.387.1114.0.exe"" WD /q
ParentUser: NT AUTHORITY\SYSTEM"
Information,4/16/2023 9:29:44 PM,Microsoft-Windows-Sysmon,1,Process Create (rule: ProcessCreate),"Process Create:
RuleName: -
UtcTime: 2023-04-16 12:29:44.733
ProcessGuid: {2048537D-EA38-643B-8000-000000000B00}
ProcessId: 4252
Image: C:\Windows\SoftwareDistribution\Download\Install\AM_Delta_Patch_1.387.1114.0.exe
FileVersion: 1.387.1198.0
Description: Microsoft Antimalware WU Stub
Product: Microsoft Malware Protection
Company: Microsoft Corporation
OriginalFileName: AM_Delta_Patch_1.387.1114.0.exe
CommandLine: ""C:\Windows\SoftwareDistribution\Download\Install\AM_Delta_Patch_1.387.1114.0.exe"" WD /q
CurrentDirectory: C:\Windows\SoftwareDistribution\Download\Install\
User: NT AUTHORITY\SYSTEM
LogonGuid: {2048537D-962F-643A-E703-000000000000}
LogonId: 0x3E7
TerminalSessionId: 0
IntegrityLevel: System
Hashes: SHA256=2B2EFFCDB627ECE0EE29DA601FF9268CDC564FE886E51CE8E684EB36D8A0F01E
ParentProcessGuid: {2048537D-EA38-643B-7F00-000000000B00}
ParentProcessId: 2892
ParentImage: C:\Windows\System32\wuauclt.exe
ParentCommandLine: ""C:\Windows\system32\wuauclt.exe"" /RunHandlerComServer
ParentUser: NT AUTHORITY\SYSTEM"
Information,4/16/2023 9:29:44 PM,Microsoft-Windows-Sysmon,1,Process Create (rule: ProcessCreate),"Process Create:
RuleName: -
UtcTime: 2023-04-16 12:29:44.715
ProcessGuid: {2048537D-EA38-643B-7F00-000000000B00}
ProcessId: 2892
Image: C:\Windows\System32\wuauclt.exe
FileVersion: 10.0.14393.82 (rs1_release.160805-1735)
Description: Windows Update
Product: Microsoft® Windows® Operating System
Company: Microsoft Corporation
OriginalFileName: wuauclt.exe
CommandLine: ""C:\Windows\system32\wuauclt.exe"" /RunHandlerComServer
CurrentDirectory: C:\Windows\system32\
User: NT AUTHORITY\SYSTEM
LogonGuid: {2048537D-962F-643A-E703-000000000000}
LogonId: 0x3E7
TerminalSessionId: 0
IntegrityLevel: System
Hashes: SHA256=0B31BAD785AD6505596A9921058339D61BB6407682AC6953ECA27ED075CB8C47
ParentProcessGuid: {00000000-0000-0000-0000-000000000000}
ParentProcessId: 1236
ParentImage: -
ParentCommandLine: -
ParentUser: -"
Information,4/16/2023 9:29:14 PM,Microsoft-Windows-Sysmon,1,Process Create (rule: ProcessCreate),"Process Create:
RuleName: -
UtcTime: 2023-04-16 12:29:14.235
ProcessGuid: {2048537D-EA1A-643B-7E00-000000000B00}
ProcessId: 4940
Image: C:\Windows\System32\wbem\WmiPrvSE.exe
FileVersion: 10.0.14393.0 (rs1_release.160715-1616)
Description: WMI Provider Host
Product: Microsoft® Windows® Operating System
Company: Microsoft Corporation
OriginalFileName: Wmiprvse.exe
CommandLine: C:\Windows\system32\wbem\wmiprvse.exe -secured -Embedding
CurrentDirectory: C:\Windows\system32\
User: NT AUTHORITY\NETWORK SERVICE
LogonGuid: {2048537D-962F-643A-E403-000000000000}
LogonId: 0x3E4
TerminalSessionId: 0
IntegrityLevel: System
Hashes: SHA256=B62ACACFCAF99A50149F9DCE06136D478723992A61014FC3DBAE81289FE219F9
ParentProcessGuid: {00000000-0000-0000-0000-000000000000}
ParentProcessId: 732
ParentImage: -
ParentCommandLine: -
ParentUser: -"
Information,4/16/2023 9:29:14 PM,Microsoft-Windows-Sysmon,1,Process Create (rule: ProcessCreate),"Process Create:
RuleName: -
UtcTime: 2023-04-16 12:29:14.191
ProcessGuid: {2048537D-EA1A-643B-7D00-000000000B00}
ProcessId: 372
Image: C:\Windows\System32\conhost.exe
FileVersion: 10.0.14393.0 (rs1_release.160715-1616)
Description: Console Window Host
Product: Microsoft® Windows® Operating System
Company: Microsoft Corporation
OriginalFileName: CONHOST.EXE
CommandLine: \??\C:\Windows\system32\conhost.exe 0xffffffff -ForceV1
CurrentDirectory: C:\Windows
User: NT AUTHORITY\SYSTEM
LogonGuid: {2048537D-962F-643A-E703-000000000000}
LogonId: 0x3E7
TerminalSessionId: 0
IntegrityLevel: System
Hashes: SHA256=046F7A1B4DE67562547ED9A180A72F481FC41E803DE49A96D7D7C731964D53A0
ParentProcessGuid: {2048537D-EA1A-643B-7C00-000000000B00}
ParentProcessId: 2172
ParentImage: C:\Program Files\Windows Defender\MpCmdRun.exe
ParentCommandLine: ""C:\Program Files\Windows Defender\\MpCmdRun.exe"" SignaturesUpdateService -ScheduleJob -UnmanagedUpdate
ParentUser: NT AUTHORITY\SYSTEM"
Information,4/16/2023 9:29:14 PM,Microsoft-Windows-Sysmon,1,Process Create (rule: ProcessCreate),"Process Create:
RuleName: -
UtcTime: 2023-04-16 12:29:14.190
ProcessGuid: {2048537D-EA1A-643B-7C00-000000000B00}
ProcessId: 2172
Image: C:\Program Files\Windows Defender\MpCmdRun.exe
FileVersion: 4.10.14393.1794 (rs1_release.171008-1615)
Description: Microsoft Malware Protection Command Line Utility
Product: Microsoft® Windows® Operating System
Company: Microsoft Corporation
OriginalFileName: MpCmdRun.exe
CommandLine: ""C:\Program Files\Windows Defender\\MpCmdRun.exe"" SignaturesUpdateService -ScheduleJob -UnmanagedUpdate
CurrentDirectory: C:\Windows\system32\
User: NT AUTHORITY\SYSTEM
LogonGuid: {2048537D-962F-643A-E703-000000000000}
LogonId: 0x3E7
TerminalSessionId: 0
IntegrityLevel: System
Hashes: SHA256=8B00E302B4B162C9462B6E5BEB07AE33D817CBE41287CFDA2546BC4E8494D49C
ParentProcessGuid: {00000000-0000-0000-0000-000000000000}
ParentProcessId: 2500
ParentImage: -
ParentCommandLine: -
ParentUser: -"
Information,4/16/2023 9:29:14 PM,Microsoft-Windows-Sysmon,5,Process terminated (rule: ProcessTerminate),"Process terminated:
RuleName: -
UtcTime: 2023-04-16 12:29:14.176
ProcessGuid: {2048537D-EA1A-643B-7B00-000000000B00}
ProcessId: 3188
Image: C:\Program Files\Windows Defender\MpCmdRun.exe
User: NT AUTHORITY\NETWORK SERVICE"
Information,4/16/2023 9:29:14 PM,Microsoft-Windows-Sysmon,5,Process terminated (rule: ProcessTerminate),"Process terminated:
RuleName: -
UtcTime: 2023-04-16 12:29:14.176
ProcessGuid: {2048537D-EA1A-643B-7800-000000000B00}
ProcessId: 3200
Image: C:\Windows\System32\conhost.exe
User: NT AUTHORITY\SYSTEM"
Information,4/16/2023 9:29:14 PM,Microsoft-Windows-Sysmon,5,Process terminated (rule: ProcessTerminate),"Process terminated:
RuleName: -
UtcTime: 2023-04-16 12:29:14.176
ProcessGuid: {2048537D-EA1A-643B-7900-000000000B00}
ProcessId: 4908
Image: C:\Windows\System32\conhost.exe
User: NT AUTHORITY\SYSTEM"
Information,4/16/2023 9:29:14 PM,Microsoft-Windows-Sysmon,5,Process terminated (rule: ProcessTerminate),"Process terminated:
RuleName: -
UtcTime: 2023-04-16 12:29:14.176
ProcessGuid: {2048537D-EA1A-643B-7600-000000000B00}
ProcessId: 1032
Image: C:\Program Files\Windows Defender\MpCmdRun.exe
User: NT AUTHORITY\SYSTEM"
Information,4/16/2023 9:29:14 PM,Microsoft-Windows-Sysmon,5,Process terminated (rule: ProcessTerminate),"Process terminated:
RuleName: -
UtcTime: 2023-04-16 12:29:14.176
ProcessGuid: {2048537D-EA1A-643B-7700-000000000B00}
ProcessId: 2628
Image: C:\Program Files\Windows Defender\MpCmdRun.exe
User: NT AUTHORITY\SYSTEM"
Information,4/16/2023 9:29:14 PM,Microsoft-Windows-Sysmon,1,Process Create (rule: ProcessCreate),"Process Create:
RuleName: -
UtcTime: 2023-04-16 12:29:14.180
ProcessGuid: {2048537D-EA1A-643B-7B00-000000000B00}
ProcessId: 3188
Image: C:\Program Files\Windows Defender\MpCmdRun.exe
FileVersion: 4.10.14393.1794 (rs1_release.171008-1615)
Description: Microsoft Malware Protection Command Line Utility
Product: Microsoft® Windows® Operating System
Company: Microsoft Corporation
OriginalFileName: MpCmdRun.exe
CommandLine: ""C:\Program Files\Windows Defender\\MpCmdRun.exe"" SignatureUpdate -ScheduleJob -RestrictPrivileges -Reinvoke
CurrentDirectory: C:\Windows\system32\
User: NT AUTHORITY\NETWORK SERVICE
LogonGuid: {2048537D-962F-643A-E403-000000000000}
LogonId: 0x3E4
TerminalSessionId: 0
IntegrityLevel: System
Hashes: SHA256=8B00E302B4B162C9462B6E5BEB07AE33D817CBE41287CFDA2546BC4E8494D49C
ParentProcessGuid: {2048537D-EA1A-643B-7600-000000000B00}
ParentProcessId: 1032
ParentImage: C:\Program Files\Windows Defender\MpCmdRun.exe
ParentCommandLine: ""C:\Program Files\Windows Defender\\MpCmdRun.exe"" SignatureUpdate -ScheduleJob -RestrictPrivileges
ParentUser: NT AUTHORITY\SYSTEM"
Information,4/16/2023 9:29:14 PM,Microsoft-Windows-Sysmon,1,Process Create (rule: ProcessCreate),"Process Create:
RuleName: -
UtcTime: 2023-04-16 12:29:14.179
ProcessGuid: {2048537D-EA1A-643B-7A00-000000000B00}
ProcessId: 3708
Image: C:\Program Files\Windows Defender\MpCmdRun.exe
FileVersion: 4.10.14393.1794 (rs1_release.171008-1615)
Description: Microsoft Malware Protection Command Line Utility
Product: Microsoft® Windows® Operating System
Company: Microsoft Corporation
OriginalFileName: MpCmdRun.exe
CommandLine: ""C:\Program Files\Windows Defender\\MpCmdRun.exe"" SignatureUpdate -ScheduleJob -RestrictPrivileges -Reinvoke
CurrentDirectory: C:\Windows\system32\
User: NT AUTHORITY\NETWORK SERVICE
LogonGuid: {2048537D-962F-643A-E403-000000000000}
LogonId: 0x3E4
TerminalSessionId: 0
IntegrityLevel: System
Hashes: SHA256=8B00E302B4B162C9462B6E5BEB07AE33D817CBE41287CFDA2546BC4E8494D49C
ParentProcessGuid: {2048537D-EA1A-643B-7700-000000000B00}
ParentProcessId: 2628
ParentImage: C:\Program Files\Windows Defender\MpCmdRun.exe
ParentCommandLine: ""C:\Program Files\Windows Defender\\MpCmdRun.exe"" SignatureUpdate -ScheduleJob -RestrictPrivileges
ParentUser: NT AUTHORITY\SYSTEM"
Information,4/16/2023 9:29:14 PM,Microsoft-Windows-Sysmon,1,Process Create (rule: ProcessCreate),"Process Create:
RuleName: -
UtcTime: 2023-04-16 12:29:14.166
ProcessGuid: {2048537D-EA1A-643B-7900-000000000B00}
ProcessId: 4908
Image: C:\Windows\System32\conhost.exe
FileVersion: 10.0.14393.0 (rs1_release.160715-1616)
Description: Console Window Host
Product: Microsoft® Windows® Operating System
Company: Microsoft Corporation
OriginalFileName: CONHOST.EXE
CommandLine: \??\C:\Windows\system32\conhost.exe 0xffffffff -ForceV1
CurrentDirectory: C:\Windows
User: NT AUTHORITY\SYSTEM
LogonGuid: {2048537D-962F-643A-E703-000000000000}
LogonId: 0x3E7
TerminalSessionId: 0
IntegrityLevel: System
Hashes: SHA256=046F7A1B4DE67562547ED9A180A72F481FC41E803DE49A96D7D7C731964D53A0
ParentProcessGuid: {2048537D-EA1A-643B-7700-000000000B00}
ParentProcessId: 2628
ParentImage: C:\Program Files\Windows Defender\MpCmdRun.exe
ParentCommandLine: ""C:\Program Files\Windows Defender\\MpCmdRun.exe"" SignatureUpdate -ScheduleJob -RestrictPrivileges
ParentUser: NT AUTHORITY\SYSTEM"
Information,4/16/2023 9:29:14 PM,Microsoft-Windows-Sysmon,1,Process Create (rule: ProcessCreate),"Process Create:
RuleName: -
UtcTime: 2023-04-16 12:29:14.165
ProcessGuid: {2048537D-EA1A-643B-7800-000000000B00}
ProcessId: 3200
Image: C:\Windows\System32\conhost.exe
FileVersion: 10.0.14393.0 (rs1_release.160715-1616)
Description: Console Window Host
Product: Microsoft® Windows® Operating System
Company: Microsoft Corporation
OriginalFileName: CONHOST.EXE
CommandLine: \??\C:\Windows\system32\conhost.exe 0xffffffff -ForceV1
CurrentDirectory: C:\Windows
User: NT AUTHORITY\SYSTEM
LogonGuid: {2048537D-962F-643A-E703-000000000000}
LogonId: 0x3E7
TerminalSessionId: 0
IntegrityLevel: System
Hashes: SHA256=046F7A1B4DE67562547ED9A180A72F481FC41E803DE49A96D7D7C731964D53A0
ParentProcessGuid: {2048537D-EA1A-643B-7600-000000000B00}
ParentProcessId: 1032
ParentImage: C:\Program Files\Windows Defender\MpCmdRun.exe
ParentCommandLine: ""C:\Program Files\Windows Defender\\MpCmdRun.exe"" SignatureUpdate -ScheduleJob -RestrictPrivileges
ParentUser: NT AUTHORITY\SYSTEM"
Information,4/16/2023 9:29:14 PM,Microsoft-Windows-Sysmon,1,Process Create (rule: ProcessCreate),"Process Create:
RuleName: -
UtcTime: 2023-04-16 12:29:14.163
ProcessGuid: {2048537D-EA1A-643B-7700-000000000B00}
ProcessId: 2628
Image: C:\Program Files\Windows Defender\MpCmdRun.exe
FileVersion: 4.10.14393.1794 (rs1_release.171008-1615)
Description: Microsoft Malware Protection Command Line Utility
Product: Microsoft® Windows® Operating System
Company: Microsoft Corporation
OriginalFileName: MpCmdRun.exe
CommandLine: ""C:\Program Files\Windows Defender\\MpCmdRun.exe"" SignatureUpdate -ScheduleJob -RestrictPrivileges
CurrentDirectory: C:\Windows\system32\
User: NT AUTHORITY\SYSTEM
LogonGuid: {2048537D-962F-643A-E703-000000000000}
LogonId: 0x3E7
TerminalSessionId: 0
IntegrityLevel: System
Hashes: SHA256=8B00E302B4B162C9462B6E5BEB07AE33D817CBE41287CFDA2546BC4E8494D49C
ParentProcessGuid: {00000000-0000-0000-0000-000000000000}
ParentProcessId: 2500
ParentImage: -
ParentCommandLine: -
ParentUser: -"
Information,4/16/2023 9:29:14 PM,Microsoft-Windows-Sysmon,1,Process Create (rule: ProcessCreate),"Process Create:
RuleName: -
UtcTime: 2023-04-16 12:29:14.162
ProcessGuid: {2048537D-EA1A-643B-7600-000000000B00}
ProcessId: 1032
Image: C:\Program Files\Windows Defender\MpCmdRun.exe
FileVersion: 4.10.14393.1794 (rs1_release.171008-1615)
Description: Microsoft Malware Protection Command Line Utility
Product: Microsoft® Windows® Operating System
Company: Microsoft Corporation
OriginalFileName: MpCmdRun.exe
CommandLine: ""C:\Program Files\Windows Defender\\MpCmdRun.exe"" SignatureUpdate -ScheduleJob -RestrictPrivileges
CurrentDirectory: C:\Windows\system32\
User: NT AUTHORITY\SYSTEM
LogonGuid: {2048537D-962F-643A-E703-000000000000}
LogonId: 0x3E7
TerminalSessionId: 0
IntegrityLevel: System
Hashes: SHA256=8B00E302B4B162C9462B6E5BEB07AE33D817CBE41287CFDA2546BC4E8494D49C
ParentProcessGuid: {00000000-0000-0000-0000-000000000000}
ParentProcessId: 2500
ParentImage: -
ParentCommandLine: -
ParentUser: -"
Information,4/16/2023 9:24:00 PM,Microsoft-Windows-Sysmon,5,Process terminated (rule: ProcessTerminate),"Process terminated:
RuleName: -
UtcTime: 2023-04-16 12:24:00.509
ProcessGuid: {2048537D-E7B4-643B-7400-000000000B00}
ProcessId: 4164
Image: C:\Windows\System32\svchost.exe
User: NT AUTHORITY\SYSTEM"
Information,4/16/2023 9:19:31 PM,Microsoft-Windows-Sysmon,5,Process terminated (rule: ProcessTerminate),"Process terminated:
RuleName: -
UtcTime: 2023-04-16 12:19:31.022
ProcessGuid: {2048537D-E7A7-643B-7100-000000000B00}
ProcessId: 2136
Image: C:\Windows\System32\sppsvc.exe
User: NT AUTHORITY\NETWORK SERVICE"
Information,4/16/2023 9:19:31 PM,Microsoft-Windows-Sysmon,5,Process terminated (rule: ProcessTerminate),"Process terminated:
RuleName: -
UtcTime: 2023-04-16 12:19:31.006
ProcessGuid: {2048537D-E7B4-643B-7200-000000000B00}
ProcessId: 4460
Image: C:\Windows\System32\SppExtComObj.Exe
User: NT AUTHORITY\NETWORK SERVICE"
Information,4/16/2023 9:19:06 PM,Microsoft-Windows-Sysmon,5,Process terminated (rule: ProcessTerminate),"Process terminated:
RuleName: -
UtcTime: 2023-04-16 12:19:06.834
ProcessGuid: {2048537D-E7BA-643B-7500-000000000B00}
ProcessId: 2508
Image: C:\Windows\System32\taskhostw.exe
User: NT AUTHORITY\SYSTEM"
Information,4/16/2023 9:19:06 PM,Microsoft-Windows-Sysmon,1,Process Create (rule: ProcessCreate),"Process Create:
RuleName: -
UtcTime: 2023-04-16 12:19:06.820
ProcessGuid: {2048537D-E7BA-643B-7500-000000000B00}
ProcessId: 2508
Image: C:\Windows\System32\taskhostw.exe
FileVersion: 10.0.14393.0 (rs1_release.160715-1616)
Description: Host Process for Windows Tasks
Product: Microsoft® Windows® Operating System
Company: Microsoft Corporation
OriginalFileName: taskhostw.exe
CommandLine: taskhostw.exe SYSTEM
CurrentDirectory: C:\Windows\system32\
User: NT AUTHORITY\SYSTEM
LogonGuid: {2048537D-962F-643A-E703-000000000000}
LogonId: 0x3E7
TerminalSessionId: 0
IntegrityLevel: System
Hashes: SHA256=A0A677D6C943AD1A7BC1879DFCCB400211DF68100F8EDD7BA6120067A18BEE0B
ParentProcessGuid: {00000000-0000-0000-0000-000000000000}
ParentProcessId: 1236
ParentImage: -
ParentCommandLine: -
ParentUser: -"
Information,4/16/2023 9:19:01 PM,Microsoft-Windows-Sysmon,5,Process terminated (rule: ProcessTerminate),"Process terminated:
RuleName: -
UtcTime: 2023-04-16 12:19:01.006
ProcessGuid: {2048537D-E7B4-643B-7300-000000000B00}
ProcessId: 572
Image: C:\Windows\System32\slui.exe
User: NT AUTHORITY\NETWORK SERVICE"
Information,4/16/2023 9:19:00 PM,Microsoft-Windows-Sysmon,1,Process Create (rule: ProcessCreate),"Process Create:
RuleName: -
UtcTime: 2023-04-16 12:19:00.495
ProcessGuid: {2048537D-E7B4-643B-7400-000000000B00}
ProcessId: 4164
Image: C:\Windows\System32\svchost.exe
FileVersion: 10.0.14393.0 (rs1_release.160715-1616)
Description: Host Process for Windows Services
Product: Microsoft® Windows® Operating System
Company: Microsoft Corporation
OriginalFileName: svchost.exe
CommandLine: C:\Windows\System32\svchost.exe -k wsappx
CurrentDirectory: C:\Windows\system32\
User: NT AUTHORITY\SYSTEM
LogonGuid: {2048537D-962F-643A-E703-000000000000}
LogonId: 0x3E7
TerminalSessionId: 0
IntegrityLevel: System
Hashes: SHA256=438B6CCD84F4DD32D9684ED7D58FD7D1E5A75FE3F3D12AB6C788E6BB0FFAD5E7
ParentProcessGuid: {00000000-0000-0000-0000-000000000000}
ParentProcessId: 556
ParentImage: -
ParentCommandLine: -
ParentUser: -"
Information,4/16/2023 9:19:00 PM,Microsoft-Windows-Sysmon,1,Process Create (rule: ProcessCreate),"Process Create:
RuleName: -
UtcTime: 2023-04-16 12:19:00.414
ProcessGuid: {2048537D-E7B4-643B-7300-000000000B00}
ProcessId: 572
Image: C:\Windows\System32\slui.exe
FileVersion: 10.0.14393.0 (rs1_release.160715-1616)
Description: Windows Activation Client
Product: Microsoft® Windows® Operating System
Company: Microsoft Corporation
OriginalFileName: slui.exe
CommandLine: ""C:\Windows\System32\SLUI.exe"" RuleId=31e71c49-8da7-4a2f-ad92-45d98a1c79ba;Action=AutoActivate;AppId=55c92734-d682-4d71-983e-d6ec3f16059f;SkuId=afd55ac6-d0b0-4812-9047-6c756d82bedf;NotificationInterval=1440;Trigger=TimerEvent
CurrentDirectory: C:\Windows\system32\
User: NT AUTHORITY\NETWORK SERVICE
LogonGuid: {2048537D-962F-643A-E403-000000000000}
LogonId: 0x3E4
TerminalSessionId: 0
IntegrityLevel: System
Hashes: SHA256=E28263F4DA43E8598412BA0D13E4D2E6940DE6A02E40109BEFAA4E69FCE693C1
ParentProcessGuid: {2048537D-E7B4-643B-7200-000000000B00}
ParentProcessId: 4460
ParentImage: C:\Windows\System32\SppExtComObj.Exe
ParentCommandLine: C:\Windows\system32\SppExtComObj.exe -Embedding
ParentUser: NT AUTHORITY\NETWORK SERVICE"
Information,4/16/2023 9:19:00 PM,Microsoft-Windows-Sysmon,1,Process Create (rule: ProcessCreate),"Process Create:
RuleName: -
UtcTime: 2023-04-16 12:19:00.402
ProcessGuid: {2048537D-E7B4-643B-7200-000000000B00}
ProcessId: 4460
Image: C:\Windows\System32\SppExtComObj.Exe
FileVersion: 10.0.14393.0 (rs1_release.160715-1616)
Description: KMS Connection Broker
Product: Microsoft® Windows® Operating System
Company: Microsoft Corporation
OriginalFileName: SppExtComObj.exe
CommandLine: C:\Windows\system32\SppExtComObj.exe -Embedding
CurrentDirectory: C:\Windows\system32\
User: NT AUTHORITY\NETWORK SERVICE
LogonGuid: {2048537D-962F-643A-E403-000000000000}
LogonId: 0x3E4
TerminalSessionId: 0
IntegrityLevel: System
Hashes: SHA256=41275D40DA00B875283F04CE27856A8D71E7B6EFBA05533296C3FCD2F8320F01
ParentProcessGuid: {00000000-0000-0000-0000-000000000000}
ParentProcessId: 732
ParentImage: -
ParentCommandLine: -
ParentUser: -"
Information,4/16/2023 9:18:47 PM,Microsoft-Windows-Sysmon,5,Process terminated (rule: ProcessTerminate),"Process terminated:
RuleName: -
UtcTime: 2023-04-16 12:18:47.082
ProcessGuid: {2048537D-E7A7-643B-7000-000000000B00}
ProcessId: 5036
Image: C:\Windows\System32\taskhostw.exe
User: NT AUTHORITY\NETWORK SERVICE"
Information,4/16/2023 9:18:47 PM,Microsoft-Windows-Sysmon,1,Process Create (rule: ProcessCreate),"Process Create:
RuleName: -
UtcTime: 2023-04-16 12:18:47.015
ProcessGuid: {2048537D-E7A7-643B-7100-000000000B00}
ProcessId: 2136
Image: C:\Windows\System32\sppsvc.exe
FileVersion: 10.0.14393.351 (rs1_release_inmarket.161014-1755)
Description: Microsoft Software Protection Platform Service
Product: Microsoft® Windows® Operating System
Company: Microsoft Corporation
OriginalFileName: sppsvc.exe
CommandLine: C:\Windows\system32\sppsvc.exe
CurrentDirectory: C:\Windows
User: NT AUTHORITY\NETWORK SERVICE
LogonGuid: {2048537D-962F-643A-E403-000000000000}
LogonId: 0x3E4
TerminalSessionId: 0
IntegrityLevel: System
Hashes: SHA256=8ADF7A1C96DAE005E9A974D90BE8954F88D49B6848252B88513C49E0A3BD9774
ParentProcessGuid: {00000000-0000-0000-0000-000000000000}
ParentProcessId: 556
ParentImage: -
ParentCommandLine: -
ParentUser: -"
Information,4/16/2023 9:18:47 PM,Microsoft-Windows-Sysmon,1,Process Create (rule: ProcessCreate),"Process Create:
RuleName: -
UtcTime: 2023-04-16 12:18:47.002
ProcessGuid: {2048537D-E7A7-643B-7000-000000000B00}
ProcessId: 5036
Image: C:\Windows\System32\taskhostw.exe
FileVersion: 10.0.14393.0 (rs1_release.160715-1616)
Description: Host Process for Windows Tasks
Product: Microsoft® Windows® Operating System
Company: Microsoft Corporation
OriginalFileName: taskhostw.exe
CommandLine: taskhostw.exe timer
CurrentDirectory: C:\Windows\system32\
User: NT AUTHORITY\NETWORK SERVICE
LogonGuid: {2048537D-962F-643A-E403-000000000000}
LogonId: 0x3E4
TerminalSessionId: 0
IntegrityLevel: System
Hashes: SHA256=A0A677D6C943AD1A7BC1879DFCCB400211DF68100F8EDD7BA6120067A18BEE0B
ParentProcessGuid: {00000000-0000-0000-0000-000000000000}
ParentProcessId: 1236
ParentImage: -
ParentCommandLine: -
ParentUser: -"
Information,4/16/2023 9:09:04 PM,Microsoft-Windows-Sysmon,5,Process terminated (rule: ProcessTerminate),"Process terminated:
RuleName: -
UtcTime: 2023-04-16 12:09:04.359
ProcessGuid: {2048537D-E55F-643B-6F00-000000000B00}
ProcessId: 4352
Image: C:\Windows\System32\MusNotification.exe
User: NT AUTHORITY\SYSTEM"
Information,4/16/2023 9:09:03 PM,Microsoft-Windows-Sysmon,5,Process terminated (rule: ProcessTerminate),"Process terminated:
RuleName: -
UtcTime: 2023-04-16 12:09:03.972
ProcessGuid: {2048537D-E55F-643B-6E00-000000000B00}
ProcessId: 5112
Image: C:\Windows\System32\conhost.exe
User: NT AUTHORITY\SYSTEM"
Information,4/16/2023 9:09:03 PM,Microsoft-Windows-Sysmon,1,Process Create (rule: ProcessCreate),"Process Create:
RuleName: -
UtcTime: 2023-04-16 12:09:03.975
ProcessGuid: {2048537D-E55F-643B-6F00-000000000B00}
ProcessId: 4352
Image: C:\Windows\System32\MusNotification.exe
FileVersion: 10.0.14393.1884 (rs1_release.171101-1233)
Description: MusNotificationBroker
Product: Microsoft® Windows® Operating System
Company: Microsoft Corporation
OriginalFileName: MusNotification.exe
CommandLine: C:\Windows\system32\MusNotification.exe Display
CurrentDirectory: C:\Windows\system32\
User: NT AUTHORITY\SYSTEM
LogonGuid: {2048537D-962F-643A-E703-000000000000}
LogonId: 0x3E7
TerminalSessionId: 0
IntegrityLevel: System
Hashes: SHA256=4122383944A3A824EF2FF1743ECAD5F81FDB81E85DC0B80379186A6732485707
ParentProcessGuid: {00000000-0000-0000-0000-000000000000}
ParentProcessId: 1236
ParentImage: -
ParentCommandLine: -
ParentUser: -"
Information,4/16/2023 9:09:03 PM,Microsoft-Windows-Sysmon,5,Process terminated (rule: ProcessTerminate),"Process terminated:
RuleName: -
UtcTime: 2023-04-16 12:09:03.972
ProcessGuid: {2048537D-E55F-643B-6D00-000000000B00}
ProcessId: 2148
Image: C:\Windows\System32\UsoClient.exe
User: NT AUTHORITY\SYSTEM"
Information,4/16/2023 9:09:03 PM,Microsoft-Windows-Sysmon,1,Process Create (rule: ProcessCreate),"Process Create:
RuleName: -
UtcTime: 2023-04-16 12:09:03.416
ProcessGuid: {2048537D-E55F-643B-6E00-000000000B00}
ProcessId: 5112
Image: C:\Windows\System32\conhost.exe
FileVersion: 10.0.14393.0 (rs1_release.160715-1616)
Description: Console Window Host
Product: Microsoft® Windows® Operating System
Company: Microsoft Corporation
OriginalFileName: CONHOST.EXE
CommandLine: \??\C:\Windows\system32\conhost.exe 0xffffffff -ForceV1
CurrentDirectory: C:\Windows
User: NT AUTHORITY\SYSTEM
LogonGuid: {2048537D-962F-643A-E703-000000000000}
LogonId: 0x3E7
TerminalSessionId: 0
IntegrityLevel: System
Hashes: SHA256=046F7A1B4DE67562547ED9A180A72F481FC41E803DE49A96D7D7C731964D53A0
ParentProcessGuid: {2048537D-E55F-643B-6D00-000000000B00}
ParentProcessId: 2148
ParentImage: C:\Windows\System32\UsoClient.exe
ParentCommandLine: C:\Windows\system32\usoclient.exe RefreshSettings
ParentUser: NT AUTHORITY\SYSTEM"
Information,4/16/2023 9:09:03 PM,Microsoft-Windows-Sysmon,1,Process Create (rule: ProcessCreate),"Process Create:
RuleName: -
UtcTime: 2023-04-16 12:09:03.412
ProcessGuid: {2048537D-E55F-643B-6D00-000000000B00}
ProcessId: 2148
Image: C:\Windows\System32\UsoClient.exe
FileVersion: 10.0.14393.1884 (rs1_release.171101-1233)
Description: UsoClient
Product: Microsoft® Windows® Operating System
Company: Microsoft Corporation
OriginalFileName: UsoClient
CommandLine: C:\Windows\system32\usoclient.exe RefreshSettings
CurrentDirectory: C:\Windows\system32\
User: NT AUTHORITY\SYSTEM
LogonGuid: {2048537D-962F-643A-E703-000000000000}
LogonId: 0x3E7
TerminalSessionId: 0
IntegrityLevel: System
Hashes: SHA256=821DFAF9D6D43308D849A1849A5373801C8318E8EF19FDC9C93865F342667C4D
ParentProcessGuid: {00000000-0000-0000-0000-000000000000}
ParentProcessId: 1236
ParentImage: -
ParentCommandLine: -
ParentUser: -"
Information,4/16/2023 8:18:47 PM,Microsoft-Windows-Sysmon,5,Process terminated (rule: ProcessTerminate),"Process terminated:
RuleName: -
UtcTime: 2023-04-16 11:18:47.783
ProcessGuid: {2048537D-D996-643B-6C00-000000000B00}
ProcessId: 4932
Image: C:\Windows\System32\wermgr.exe
User: NT AUTHORITY\SYSTEM"
Information,4/16/2023 8:18:46 PM,Microsoft-Windows-Sysmon,1,Process Create (rule: ProcessCreate),"Process Create:
RuleName: -
UtcTime: 2023-04-16 11:18:46.332
ProcessGuid: {2048537D-D996-643B-6C00-000000000B00}
ProcessId: 4932
Image: C:\Windows\System32\wermgr.exe
FileVersion: 10.0.14393.1884 (rs1_release.171101-1233)
Description: Windows Problem Reporting
Product: Microsoft® Windows® Operating System
Company: Microsoft Corporation
OriginalFileName: WerMgr
CommandLine: C:\Windows\system32\wermgr.exe -upload
CurrentDirectory: C:\Windows\system32\
User: NT AUTHORITY\SYSTEM
LogonGuid: {2048537D-962F-643A-E703-000000000000}
LogonId: 0x3E7
TerminalSessionId: 0
IntegrityLevel: System
Hashes: SHA256=99A3BBD357A66BBBE00D9215277A42417D1EC243BB5B88D12324318592BBFD58
ParentProcessGuid: {00000000-0000-0000-0000-000000000000}
ParentProcessId: 1236
ParentImage: -
ParentCommandLine: -
ParentUser: -"
Information,4/16/2023 6:00:00 PM,Microsoft-Windows-Sysmon,5,Process terminated (rule: ProcessTerminate),"Process terminated:
RuleName: -
UtcTime: 2023-04-16 09:00:00.382
ProcessGuid: {2048537D-B910-643B-6B00-000000000B00}
ProcessId: 1596
Image: <unknown process>
User: NT AUTHORITY\SYSTEM"
Information,4/16/2023 6:00:00 PM,Microsoft-Windows-Sysmon,1,Process Create (rule: ProcessCreate),"Process Create:
RuleName: -
UtcTime: 2023-04-16 09:00:00.386
ProcessGuid: {2048537D-B910-643B-6B00-000000000B00}
ProcessId: 1596
Image: C:\Windows\System32\wsqmcons.exe
FileVersion: 10.0.14393.1884 (rs1_release.171101-1233)
Description: Windows SQM Consolidator
Product: Microsoft® Windows® Operating System
Company: Microsoft Corporation
OriginalFileName: wsqmcons.exe
CommandLine: C:\Windows\System32\wsqmcons.exe
CurrentDirectory: C:\Windows\system32\
User: NT AUTHORITY\SYSTEM
LogonGuid: {2048537D-962F-643A-E703-000000000000}
LogonId: 0x3E7
TerminalSessionId: 0
IntegrityLevel: System
Hashes: SHA256=D63A0022309C39B48CFFB1F858388046D358FC8CFE376ABBD5DB1373116B05D5
ParentProcessGuid: {00000000-0000-0000-0000-000000000000}
ParentProcessId: 1236
ParentImage: -
ParentCommandLine: -
ParentUser: -"
Information,4/16/2023 1:45:22 PM,Microsoft-Windows-Sysmon,5,Process terminated (rule: ProcessTerminate),"Process terminated:
RuleName: -
UtcTime: 2023-04-16 04:45:22.753
ProcessGuid: {2048537D-7D61-643B-6A00-000000000B00}
ProcessId: 3896
Image: C:\Windows\System32\wermgr.exe
User: NT AUTHORITY\SYSTEM"
