Information,4/15/2023 9:24:00 PM,Microsoft-Windows-Sysmon,1,Process Create (rule: ProcessCreate),"Process Create:
RuleName: -
UtcTime: 2023-04-15 12:24:00.428
ProcessGuid: {2048537D-9760-643A-4400-000000000B00}
ProcessId: 1224
Image: C:\Windows\WinSxS\amd64_microsoft-windows-servicingstack_31bf3856ad364e35_10.0.14393.1883_none_7ed84bd822106081\TiWorker.exe
FileVersion: 10.0.14393.693 (rs1_release.161220-1747)
Description: Windows Modules Installer Worker
Product: Microsoft® Windows® Operating System
Company: Microsoft Corporation
OriginalFileName: TiWorker.exe
CommandLine: C:\Windows\winsxs\amd64_microsoft-windows-servicingstack_31bf3856ad364e35_10.0.14393.1883_none_7ed84bd822106081\TiWorker.exe -Embedding
CurrentDirectory: C:\Windows\system32\
User: NT AUTHORITY\SYSTEM
LogonGuid: {2048537D-962F-643A-E703-000000000000}
LogonId: 0x3E7
TerminalSessionId: 0
IntegrityLevel: System
Hashes: SHA256=B6E333F2C1AA300E86F4E81A7A0E05734152F858F56AC0E008E3B104BE60DE74
ParentProcessGuid: {00000000-0000-0000-0000-000000000000}
ParentProcessId: 732
ParentImage: -
ParentCommandLine: -
ParentUser: -"
Information,4/15/2023 9:24:00 PM,Microsoft-Windows-Sysmon,1,Process Create (rule: ProcessCreate),"Process Create:
RuleName: -
UtcTime: 2023-04-15 12:24:00.421
ProcessGuid: {2048537D-9760-643A-4300-000000000B00}
ProcessId: 1120
Image: C:\Windows\servicing\TrustedInstaller.exe
FileVersion: 10.0.14393.479 (rs1_release.161110-2025)
Description: Windows Modules Installer
Product: Microsoft® Windows® Operating System
Company: Microsoft Corporation
OriginalFileName: TrustedInstaller.exe
CommandLine: C:\Windows\servicing\TrustedInstaller.exe
CurrentDirectory: C:\Windows\system32\
User: NT AUTHORITY\SYSTEM
LogonGuid: {2048537D-962F-643A-E703-000000000000}
LogonId: 0x3E7
TerminalSessionId: 0
IntegrityLevel: System
Hashes: SHA256=208C7725F70C75D8C96CCAF5B22F83B8B1C66D8C9FFF48465B1C9F4A77425569
ParentProcessGuid: {00000000-0000-0000-0000-000000000000}
ParentProcessId: 556
ParentImage: -
ParentCommandLine: -
ParentUser: -"
Information,4/15/2023 9:24:00 PM,Microsoft-Windows-Sysmon,1,Process Create (rule: ProcessCreate),"Process Create:
RuleName: -
UtcTime: 2023-04-15 12:24:00.311
ProcessGuid: {2048537D-9760-643A-4200-000000000B00}
ProcessId: 76
Image: C:\Windows\System32\wbem\WmiPrvSE.exe
FileVersion: 10.0.14393.0 (rs1_release.160715-1616)
Description: WMI Provider Host
Product: Microsoft® Windows® Operating System
Company: Microsoft Corporation
OriginalFileName: Wmiprvse.exe
CommandLine: C:\Windows\system32\wbem\wmiprvse.exe -secured -Embedding
CurrentDirectory: C:\Windows\system32\
User: NT AUTHORITY\NETWORK SERVICE
LogonGuid: {2048537D-962F-643A-E403-000000000000}
LogonId: 0x3E4
TerminalSessionId: 0
IntegrityLevel: System
Hashes: SHA256=B62ACACFCAF99A50149F9DCE06136D478723992A61014FC3DBAE81289FE219F9
ParentProcessGuid: {00000000-0000-0000-0000-000000000000}
ParentProcessId: 732
ParentImage: -
ParentCommandLine: -
ParentUser: -"
Information,4/15/2023 9:23:57 PM,Microsoft-Windows-Sysmon,5,Process terminated (rule: ProcessTerminate),"Process terminated:
RuleName: -
UtcTime: 2023-04-15 12:23:57.272
ProcessGuid: {2048537D-975C-643A-4100-000000000B00}
ProcessId: 3352
Image: C:\Windows\System32\conhost.exe
User: NT AUTHORITY\SYSTEM"
Information,4/15/2023 9:23:57 PM,Microsoft-Windows-Sysmon,5,Process terminated (rule: ProcessTerminate),"Process terminated:
RuleName: -
UtcTime: 2023-04-15 12:23:57.272
ProcessGuid: {2048537D-975C-643A-4000-000000000B00}
ProcessId: 3380
Image: C:\Windows\System32\UsoClient.exe
User: NT AUTHORITY\SYSTEM"
Information,4/15/2023 9:23:56 PM,Microsoft-Windows-Sysmon,1,Process Create (rule: ProcessCreate),"Process Create:
RuleName: -
UtcTime: 2023-04-15 12:23:56.913
ProcessGuid: {2048537D-975C-643A-4100-000000000B00}
ProcessId: 3352
Image: C:\Windows\System32\conhost.exe
FileVersion: 10.0.14393.0 (rs1_release.160715-1616)
Description: Console Window Host
Product: Microsoft® Windows® Operating System
Company: Microsoft Corporation
OriginalFileName: CONHOST.EXE
CommandLine: \??\C:\Windows\system32\conhost.exe 0xffffffff -ForceV1
CurrentDirectory: C:\Windows
User: NT AUTHORITY\SYSTEM
LogonGuid: {2048537D-962F-643A-E703-000000000000}
LogonId: 0x3E7
TerminalSessionId: 0
IntegrityLevel: System
Hashes: SHA256=046F7A1B4DE67562547ED9A180A72F481FC41E803DE49A96D7D7C731964D53A0
ParentProcessGuid: {2048537D-975C-643A-4000-000000000B00}
ParentProcessId: 3380
ParentImage: C:\Windows\System32\UsoClient.exe
ParentCommandLine: C:\Windows\system32\usoclient.exe StartScan
ParentUser: NT AUTHORITY\SYSTEM"
Information,4/15/2023 9:23:56 PM,Microsoft-Windows-Sysmon,1,Process Create (rule: ProcessCreate),"Process Create:
RuleName: -
UtcTime: 2023-04-15 12:23:56.910
ProcessGuid: {2048537D-975C-643A-4000-000000000B00}
ProcessId: 3380
Image: C:\Windows\System32\UsoClient.exe
FileVersion: 10.0.14393.1884 (rs1_release.171101-1233)
Description: UsoClient
Product: Microsoft® Windows® Operating System
Company: Microsoft Corporation
OriginalFileName: UsoClient
CommandLine: C:\Windows\system32\usoclient.exe StartScan
CurrentDirectory: C:\Windows\system32\
User: NT AUTHORITY\SYSTEM
LogonGuid: {2048537D-962F-643A-E703-000000000000}
LogonId: 0x3E7
TerminalSessionId: 0
IntegrityLevel: System
Hashes: SHA256=821DFAF9D6D43308D849A1849A5373801C8318E8EF19FDC9C93865F342667C4D
ParentProcessGuid: {00000000-0000-0000-0000-000000000000}
ParentProcessId: 1236
ParentImage: -
ParentCommandLine: -
ParentUser: -"
Information,4/15/2023 9:23:04 PM,Microsoft-Windows-Sysmon,5,Process terminated (rule: ProcessTerminate),"Process terminated:
RuleName: -
UtcTime: 2023-04-15 12:23:04.170
ProcessGuid: {2048537D-9720-643A-3F00-000000000B00}
ProcessId: 2352
Image: C:\Windows\System32\wbem\WMIADAP.exe
User: NT AUTHORITY\SYSTEM"
Information,4/15/2023 9:22:56 PM,Microsoft-Windows-Sysmon,1,Process Create (rule: ProcessCreate),"Process Create:
RuleName: -
UtcTime: 2023-04-15 12:22:56.268
ProcessGuid: {2048537D-9720-643A-3F00-000000000B00}
ProcessId: 2352
Image: C:\Windows\System32\wbem\WMIADAP.exe
FileVersion: 10.0.14393.0 (rs1_release.160715-1616)
Description: WMI Reverse Performance Adapter Maintenance Utility
Product: Microsoft® Windows® Operating System
Company: Microsoft Corporation
OriginalFileName: wmicookr.dll
CommandLine: wmiadap.exe /F /T /R
CurrentDirectory: C:\Windows\system32\
User: NT AUTHORITY\SYSTEM
LogonGuid: {2048537D-962F-643A-E703-000000000000}
LogonId: 0x3E7
TerminalSessionId: 0
IntegrityLevel: System
Hashes: SHA256=2D198DF4BC9967FD9052A7D50CBD7FFD98EE4BE529275463DBA48B5569BD8B8D
ParentProcessGuid: {00000000-0000-0000-0000-000000000000}
ParentProcessId: 1236
ParentImage: -
ParentCommandLine: -
ParentUser: -"
Information,4/15/2023 9:22:43 PM,Microsoft-Windows-Sysmon,5,Process terminated (rule: ProcessTerminate),"Process terminated:
RuleName: -
UtcTime: 2023-04-15 12:22:43.241
ProcessGuid: {2048537D-96B9-643A-3D00-000000000B00}
ProcessId: 3944
Image: C:\Windows\System32\wbem\WmiPrvSE.exe
User: NT AUTHORITY\NETWORK SERVICE"
Information,4/15/2023 9:22:14 PM,Microsoft-Windows-Sysmon,5,Process terminated (rule: ProcessTerminate),"Process terminated:
RuleName: -
UtcTime: 2023-04-15 12:22:14.353
ProcessGuid: {2048537D-9630-643A-1900-000000000B00}
ProcessId: 1636
Image: C:\Windows\System32\svchost.exe
User: NT AUTHORITY\SYSTEM"
Information,4/15/2023 9:22:00 PM,Microsoft-Windows-Sysmon,5,Process terminated (rule: ProcessTerminate),"Process terminated:
RuleName: -
UtcTime: 2023-04-15 12:22:00.334
ProcessGuid: {2048537D-96E4-643A-3E00-000000000B00}
ProcessId: 4044
Image: C:\Windows\System32\wermgr.exe
User: NT AUTHORITY\SYSTEM"
Information,4/15/2023 9:21:56 PM,Microsoft-Windows-Sysmon,1,Process Create (rule: ProcessCreate),"Process Create:
RuleName: -
UtcTime: 2023-04-15 12:21:56.833
ProcessGuid: {2048537D-96E4-643A-3E00-000000000B00}
ProcessId: 4044
Image: C:\Windows\System32\wermgr.exe
FileVersion: 10.0.14393.1884 (rs1_release.171101-1233)
Description: Windows Problem Reporting
Product: Microsoft® Windows® Operating System
Company: Microsoft Corporation
OriginalFileName: WerMgr
CommandLine: C:\Windows\system32\wermgr.exe -upload
CurrentDirectory: C:\Windows\system32\
User: NT AUTHORITY\SYSTEM
LogonGuid: {2048537D-962F-643A-E703-000000000000}
LogonId: 0x3E7
TerminalSessionId: 0
IntegrityLevel: System
Hashes: SHA256=99A3BBD357A66BBBE00D9215277A42417D1EC243BB5B88D12324318592BBFD58
ParentProcessGuid: {00000000-0000-0000-0000-000000000000}
ParentProcessId: 1236
ParentImage: -
ParentCommandLine: -
ParentUser: -"
Information,4/15/2023 9:21:43 PM,Microsoft-Windows-Sysmon,5,Process terminated (rule: ProcessTerminate),"Process terminated:
RuleName: -
UtcTime: 2023-04-15 12:21:43.121
ProcessGuid: {2048537D-96B9-643A-3C00-000000000B00}
ProcessId: 3876
Image: C:\Windows\System32\sppsvc.exe
User: NT AUTHORITY\NETWORK SERVICE"
Information,4/15/2023 9:21:41 PM,Microsoft-Windows-Sysmon,5,Process terminated (rule: ProcessTerminate),"Process terminated:
RuleName: -
UtcTime: 2023-04-15 12:21:41.553
ProcessGuid: {2048537D-9641-643A-3300-000000000B00}
ProcessId: 3152
Image: C:\Windows\servicing\TrustedInstaller.exe
User: NT AUTHORITY\SYSTEM"
Information,4/15/2023 9:21:41 PM,Microsoft-Windows-Sysmon,5,Process terminated (rule: ProcessTerminate),"Process terminated:
RuleName: -
UtcTime: 2023-04-15 12:21:41.553
ProcessGuid: {2048537D-9641-643A-3400-000000000B00}
ProcessId: 3192
Image: C:\Windows\WinSxS\amd64_microsoft-windows-servicingstack_31bf3856ad364e35_10.0.14393.1883_none_7ed84bd822106081\TiWorker.exe
User: NT AUTHORITY\SYSTEM"
Information,4/15/2023 9:21:22 PM,Microsoft-Windows-Sysmon,5,Process terminated (rule: ProcessTerminate),"Process terminated:
RuleName: -
UtcTime: 2023-04-15 12:21:22.768
ProcessGuid: {2048537D-96B8-643A-3A00-000000000B00}
ProcessId: 3768
Image: C:\Windows\System32\svchost.exe
User: NT AUTHORITY\NETWORK SERVICE"
Information,4/15/2023 9:21:13 PM,Microsoft-Windows-Sysmon,1,Process Create (rule: ProcessCreate),"Process Create:
RuleName: -
UtcTime: 2023-04-15 12:21:13.221
ProcessGuid: {2048537D-96B9-643A-3D00-000000000B00}
ProcessId: 3944
Image: C:\Windows\System32\wbem\WmiPrvSE.exe
FileVersion: 10.0.14393.0 (rs1_release.160715-1616)
Description: WMI Provider Host
Product: Microsoft® Windows® Operating System
Company: Microsoft Corporation
OriginalFileName: Wmiprvse.exe
CommandLine: C:\Windows\system32\wbem\wmiprvse.exe -secured -Embedding
CurrentDirectory: C:\Windows\system32\
User: NT AUTHORITY\NETWORK SERVICE
LogonGuid: {2048537D-962F-643A-E403-000000000000}
LogonId: 0x3E4
TerminalSessionId: 0
IntegrityLevel: System
Hashes: SHA256=B62ACACFCAF99A50149F9DCE06136D478723992A61014FC3DBAE81289FE219F9
ParentProcessGuid: {00000000-0000-0000-0000-000000000000}
ParentProcessId: 732
ParentImage: -
ParentCommandLine: -
ParentUser: -"
Information,4/15/2023 9:21:13 PM,Microsoft-Windows-Sysmon,1,Process Create (rule: ProcessCreate),"Process Create:
RuleName: -
UtcTime: 2023-04-15 12:21:13.015
ProcessGuid: {2048537D-96B9-643A-3C00-000000000B00}
ProcessId: 3876
Image: C:\Windows\System32\sppsvc.exe
FileVersion: 10.0.14393.351 (rs1_release_inmarket.161014-1755)
Description: Microsoft Software Protection Platform Service
Product: Microsoft® Windows® Operating System
Company: Microsoft Corporation
OriginalFileName: sppsvc.exe
CommandLine: C:\Windows\system32\sppsvc.exe
CurrentDirectory: C:\Windows
User: NT AUTHORITY\NETWORK SERVICE
LogonGuid: {2048537D-962F-643A-E403-000000000000}
LogonId: 0x3E4
TerminalSessionId: 0
IntegrityLevel: System
Hashes: SHA256=8ADF7A1C96DAE005E9A974D90BE8954F88D49B6848252B88513C49E0A3BD9774
ParentProcessGuid: {00000000-0000-0000-0000-000000000000}
ParentProcessId: 556
ParentImage: -
ParentCommandLine: -
ParentUser: -"
Information,4/15/2023 9:21:12 PM,Microsoft-Windows-Sysmon,1,Process Create (rule: ProcessCreate),"Process Create:
RuleName: -
UtcTime: 2023-04-15 12:21:12.856
ProcessGuid: {2048537D-96B8-643A-3B00-000000000B00}
ProcessId: 3816
Image: C:\Windows\System32\msdtc.exe
FileVersion: 2001.12.10941.16384 (rs1_release.160715-1616)
Description: Microsoft Distributed Transaction Coordinator Service
Product: Microsoft® Windows® Operating System
Company: Microsoft Corporation
OriginalFileName: MSDTC.EXE
CommandLine: C:\Windows\System32\msdtc.exe
CurrentDirectory: C:\Windows\system32\
User: NT AUTHORITY\NETWORK SERVICE
LogonGuid: {2048537D-962F-643A-E403-000000000000}
LogonId: 0x3E4
TerminalSessionId: 0
IntegrityLevel: System
Hashes: SHA256=72DB45CA11FE635DF9F8273C38CBEFB8DF5362ADA0CBF6D2B1E570365DC700C0
ParentProcessGuid: {00000000-0000-0000-0000-000000000000}
ParentProcessId: 556
ParentImage: -
ParentCommandLine: -
ParentUser: -"
Information,4/15/2023 9:21:12 PM,Microsoft-Windows-Sysmon,1,Process Create (rule: ProcessCreate),"Process Create:
RuleName: -
UtcTime: 2023-04-15 12:21:12.713
ProcessGuid: {2048537D-96B8-643A-3A00-000000000B00}
ProcessId: 3768
Image: C:\Windows\System32\svchost.exe
FileVersion: 10.0.14393.0 (rs1_release.160715-1616)
Description: Host Process for Windows Services
Product: Microsoft® Windows® Operating System
Company: Microsoft Corporation
OriginalFileName: svchost.exe
CommandLine: C:\Windows\System32\svchost.exe -k NetworkService
CurrentDirectory: C:\Windows\system32\
User: NT AUTHORITY\NETWORK SERVICE
LogonGuid: {2048537D-962F-643A-E403-000000000000}
LogonId: 0x3E4
TerminalSessionId: 0
IntegrityLevel: System
Hashes: SHA256=438B6CCD84F4DD32D9684ED7D58FD7D1E5A75FE3F3D12AB6C788E6BB0FFAD5E7
ParentProcessGuid: {00000000-0000-0000-0000-000000000000}
ParentProcessId: 556
ParentImage: -
ParentCommandLine: -
ParentUser: -"
Information,4/15/2023 9:20:36 PM,Microsoft-Windows-Sysmon,5,Process terminated (rule: ProcessTerminate),"Process terminated:
RuleName: -
UtcTime: 2023-04-15 12:20:36.107
ProcessGuid: {2048537D-9640-643A-3200-000000000B00}
ProcessId: 2692
Image: C:\Windows\System32\wbem\WmiPrvSE.exe
User: NT AUTHORITY\NETWORK SERVICE"
Information,4/15/2023 9:19:56 PM,Microsoft-Windows-Sysmon,5,Process terminated (rule: ProcessTerminate),"Process terminated:
RuleName: -
UtcTime: 2023-04-15 12:19:56.888
ProcessGuid: {2048537D-966C-643A-3700-000000000B00}
ProcessId: 3596
Image: C:\Windows\System32\conhost.exe
User: NT AUTHORITY\SYSTEM"
Information,4/15/2023 9:19:56 PM,Microsoft-Windows-Sysmon,5,Process terminated (rule: ProcessTerminate),"Process terminated:
RuleName: -
UtcTime: 2023-04-15 12:19:56.888
ProcessGuid: {2048537D-966C-643A-3600-000000000B00}
ProcessId: 3584
Image: C:\Windows\System32\cmd.exe
User: NT AUTHORITY\SYSTEM"
Information,4/15/2023 9:19:56 PM,Microsoft-Windows-Sysmon,5,Process terminated (rule: ProcessTerminate),"Process terminated:
RuleName: -
UtcTime: 2023-04-15 12:19:56.888
ProcessGuid: {2048537D-966C-643A-3800-000000000B00}
ProcessId: 3636
Image: C:\Windows\system32\cmd.exe
User: NT AUTHORITY\SYSTEM"
Information,4/15/2023 9:19:56 PM,Microsoft-Windows-Sysmon,5,Process terminated (rule: ProcessTerminate),"Process terminated:
RuleName: -
UtcTime: 2023-04-15 12:19:56.888
ProcessGuid: {2048537D-966C-643A-3900-000000000B00}
ProcessId: 3648
Image: <unknown process>
User: NT AUTHORITY\SYSTEM"
Information,4/15/2023 9:19:56 PM,Microsoft-Windows-Sysmon,1,Process Create (rule: ProcessCreate),"Process Create:
RuleName: -
UtcTime: 2023-04-15 12:19:56.896
ProcessGuid: {2048537D-966C-643A-3900-000000000B00}
ProcessId: 3648
Image: C:\Windows\System32\reg.exe
FileVersion: 10.0.14393.0 (rs1_release.160715-1616)
Description: Registry Console Tool
Product: Microsoft® Windows® Operating System
Company: Microsoft Corporation
OriginalFileName: reg.exe
CommandLine: C:\Windows\system32\reg.exe  query hklm\software\microsoft\windows\softwareinventorylogging /v collectionstate /reg:64
CurrentDirectory: C:\Windows\system32\
User: NT AUTHORITY\SYSTEM
LogonGuid: {2048537D-962F-643A-E703-000000000000}
LogonId: 0x3E7
TerminalSessionId: 0
IntegrityLevel: System
Hashes: SHA256=9E28034CE3AEEA6951F790F8997DF44CFBF80BEFF9FB17413DBA317016A716AD
ParentProcessGuid: {2048537D-966C-643A-3800-000000000B00}
ParentProcessId: 3636
ParentImage: C:\Windows\System32\cmd.exe
ParentCommandLine: C:\Windows\system32\cmd.exe /c C:\Windows\system32\reg.exe query hklm\software\microsoft\windows\softwareinventorylogging /v collectionstate /reg:64
ParentUser: NT AUTHORITY\SYSTEM"
Information,4/15/2023 9:19:56 PM,Microsoft-Windows-Sysmon,1,Process Create (rule: ProcessCreate),"Process Create:
RuleName: -
UtcTime: 2023-04-15 12:19:56.893
ProcessGuid: {2048537D-966C-643A-3800-000000000B00}
ProcessId: 3636
Image: C:\Windows\System32\cmd.exe
FileVersion: 10.0.14393.0 (rs1_release.160715-1616)
Description: Windows Command Processor
Product: Microsoft® Windows® Operating System
Company: Microsoft Corporation
OriginalFileName: Cmd.Exe
CommandLine: C:\Windows\system32\cmd.exe /c C:\Windows\system32\reg.exe query hklm\software\microsoft\windows\softwareinventorylogging /v collectionstate /reg:64
CurrentDirectory: C:\Windows\system32\
User: NT AUTHORITY\SYSTEM
LogonGuid: {2048537D-962F-643A-E703-000000000000}
LogonId: 0x3E7
TerminalSessionId: 0
IntegrityLevel: System
Hashes: SHA256=935C1861DF1F4018D698E8B65ABFA02D7E9037D8F68CA3C2065B6CA165D44AD2
ParentProcessGuid: {2048537D-966C-643A-3600-000000000B00}
ParentProcessId: 3584
ParentImage: C:\Windows\System32\cmd.exe
ParentCommandLine: C:\Windows\system32\cmd.exe /d /c C:\Windows\system32\silcollector.cmd configure
ParentUser: NT AUTHORITY\SYSTEM"
Information,4/15/2023 9:19:56 PM,Microsoft-Windows-Sysmon,1,Process Create (rule: ProcessCreate),"Process Create:
RuleName: -
UtcTime: 2023-04-15 12:19:56.834
ProcessGuid: {2048537D-966C-643A-3700-000000000B00}
ProcessId: 3596
Image: C:\Windows\System32\conhost.exe
FileVersion: 10.0.14393.0 (rs1_release.160715-1616)
Description: Console Window Host
Product: Microsoft® Windows® Operating System
Company: Microsoft Corporation
OriginalFileName: CONHOST.EXE
CommandLine: \??\C:\Windows\system32\conhost.exe 0xffffffff -ForceV1
CurrentDirectory: C:\Windows
User: NT AUTHORITY\SYSTEM
LogonGuid: {2048537D-962F-643A-E703-000000000000}
LogonId: 0x3E7
TerminalSessionId: 0
IntegrityLevel: System
Hashes: SHA256=046F7A1B4DE67562547ED9A180A72F481FC41E803DE49A96D7D7C731964D53A0
ParentProcessGuid: {2048537D-966C-643A-3600-000000000B00}
ParentProcessId: 3584
ParentImage: C:\Windows\System32\cmd.exe
ParentCommandLine: C:\Windows\system32\cmd.exe /d /c C:\Windows\system32\silcollector.cmd configure
ParentUser: NT AUTHORITY\SYSTEM"
Information,4/15/2023 9:19:56 PM,Microsoft-Windows-Sysmon,1,Process Create (rule: ProcessCreate),"Process Create:
RuleName: -
UtcTime: 2023-04-15 12:19:56.828
ProcessGuid: {2048537D-966C-643A-3600-000000000B00}
ProcessId: 3584
Image: C:\Windows\System32\cmd.exe
FileVersion: 10.0.14393.0 (rs1_release.160715-1616)
Description: Windows Command Processor
Product: Microsoft® Windows® Operating System
Company: Microsoft Corporation
OriginalFileName: Cmd.Exe
CommandLine: C:\Windows\system32\cmd.exe /d /c C:\Windows\system32\silcollector.cmd configure
CurrentDirectory: C:\Windows\system32\
User: NT AUTHORITY\SYSTEM
LogonGuid: {2048537D-962F-643A-E703-000000000000}
LogonId: 0x3E7
TerminalSessionId: 0
IntegrityLevel: System
Hashes: SHA256=935C1861DF1F4018D698E8B65ABFA02D7E9037D8F68CA3C2065B6CA165D44AD2
ParentProcessGuid: {2048537D-9630-643A-1600-000000000B00}
ParentProcessId: 1236
ParentImage: C:\Windows\System32\svchost.exe
ParentCommandLine: C:\Windows\system32\svchost.exe -k netsvcs
ParentUser: NT AUTHORITY\SYSTEM"
Information,4/15/2023 9:19:32 PM,Microsoft-Windows-Sysmon,5,Process terminated (rule: ProcessTerminate),"Process terminated:
RuleName: -
UtcTime: 2023-04-15 12:19:32.676
ProcessGuid: {2048537D-9630-643A-1C00-000000000B00}
ProcessId: 2044
Image: C:\Windows\System32\sppsvc.exe
User: NT AUTHORITY\NETWORK SERVICE"
Information,4/15/2023 9:19:32 PM,Microsoft-Windows-Sysmon,5,Process terminated (rule: ProcessTerminate),"Process terminated:
RuleName: -
UtcTime: 2023-04-15 12:19:32.676
ProcessGuid: {2048537D-9630-643A-1D00-000000000B00}
ProcessId: 1316
Image: C:\Windows\System32\SppExtComObj.Exe
User: NT AUTHORITY\NETWORK SERVICE"
Information,4/15/2023 9:19:19 PM,Microsoft-Windows-Sysmon,5,Process terminated (rule: ProcessTerminate),"Process terminated:
RuleName: -
UtcTime: 2023-04-15 12:19:19.583
ProcessGuid: {2048537D-9640-643A-2F00-000000000B00}
ProcessId: 3008
Image: C:\Windows\System32\vdsldr.exe
User: NT AUTHORITY\SYSTEM"
Information,4/15/2023 9:19:13 PM,Microsoft-Windows-Sysmon,1,Process Create (rule: ProcessCreate),"Process Create:
RuleName: -
UtcTime: 2023-04-15 12:19:13.426
ProcessGuid: {2048537D-9641-643A-3500-000000000B00}
ProcessId: 3236
Image: C:\Windows\System32\wbem\WmiPrvSE.exe
FileVersion: 10.0.14393.0 (rs1_release.160715-1616)
Description: WMI Provider Host
Product: Microsoft® Windows® Operating System
Company: Microsoft Corporation
OriginalFileName: Wmiprvse.exe
CommandLine: C:\Windows\system32\wbem\wmiprvse.exe -Embedding
CurrentDirectory: C:\Windows\system32\
User: NT AUTHORITY\SYSTEM
LogonGuid: {2048537D-962F-643A-E703-000000000000}
LogonId: 0x3E7
TerminalSessionId: 0
IntegrityLevel: System
Hashes: SHA256=B62ACACFCAF99A50149F9DCE06136D478723992A61014FC3DBAE81289FE219F9
ParentProcessGuid: {2048537D-962F-643A-0C00-000000000B00}
ParentProcessId: 732
ParentImage: C:\Windows\System32\svchost.exe
ParentCommandLine: C:\Windows\system32\svchost.exe -k DcomLaunch
ParentUser: NT AUTHORITY\SYSTEM"
Information,4/15/2023 9:19:13 PM,Microsoft-Windows-Sysmon,1,Process Create (rule: ProcessCreate),"Process Create:
RuleName: -
UtcTime: 2023-04-15 12:19:13.139
ProcessGuid: {2048537D-9641-643A-3400-000000000B00}
ProcessId: 3192
Image: C:\Windows\WinSxS\amd64_microsoft-windows-servicingstack_31bf3856ad364e35_10.0.14393.1883_none_7ed84bd822106081\TiWorker.exe
FileVersion: 10.0.14393.693 (rs1_release.161220-1747)
Description: Windows Modules Installer Worker
Product: Microsoft® Windows® Operating System
Company: Microsoft Corporation
OriginalFileName: TiWorker.exe
CommandLine: C:\Windows\winsxs\amd64_microsoft-windows-servicingstack_31bf3856ad364e35_10.0.14393.1883_none_7ed84bd822106081\TiWorker.exe -Embedding
CurrentDirectory: C:\Windows\system32\
User: NT AUTHORITY\SYSTEM
LogonGuid: {2048537D-962F-643A-E703-000000000000}
LogonId: 0x3E7
TerminalSessionId: 0
IntegrityLevel: System
Hashes: SHA256=B6E333F2C1AA300E86F4E81A7A0E05734152F858F56AC0E008E3B104BE60DE74
ParentProcessGuid: {2048537D-962F-643A-0C00-000000000B00}
ParentProcessId: 732
ParentImage: C:\Windows\System32\svchost.exe
ParentCommandLine: C:\Windows\system32\svchost.exe -k DcomLaunch
ParentUser: NT AUTHORITY\SYSTEM"
Information,4/15/2023 9:19:13 PM,Microsoft-Windows-Sysmon,1,Process Create (rule: ProcessCreate),"Process Create:
RuleName: -
UtcTime: 2023-04-15 12:19:13.077
ProcessGuid: {2048537D-9641-643A-3300-000000000B00}
ProcessId: 3152
Image: C:\Windows\servicing\TrustedInstaller.exe
FileVersion: 10.0.14393.479 (rs1_release.161110-2025)
Description: Windows Modules Installer
Product: Microsoft® Windows® Operating System
Company: Microsoft Corporation
OriginalFileName: TrustedInstaller.exe
CommandLine: C:\Windows\servicing\TrustedInstaller.exe
CurrentDirectory: C:\Windows\system32\
User: NT AUTHORITY\SYSTEM
LogonGuid: {2048537D-962F-643A-E703-000000000000}
LogonId: 0x3E7
TerminalSessionId: 0
IntegrityLevel: System
Hashes: SHA256=208C7725F70C75D8C96CCAF5B22F83B8B1C66D8C9FFF48465B1C9F4A77425569
ParentProcessGuid: {2048537D-962F-643A-0A00-000000000B00}
ParentProcessId: 556
ParentImage: C:\Windows\System32\services.exe
ParentCommandLine: C:\Windows\system32\services.exe
ParentUser: NT AUTHORITY\SYSTEM"
Information,4/15/2023 9:19:12 PM,Microsoft-Windows-Sysmon,5,Process terminated (rule: ProcessTerminate),"Process terminated:
RuleName: -
UtcTime: 2023-04-15 12:19:12.989
ProcessGuid: {2048537D-963A-643A-2300-000000000B00}
ProcessId: 2320
Image: C:\Windows\System32\taskhostw.exe
User: NT AUTHORITY\SYSTEM"
Information,4/15/2023 9:19:12 PM,Microsoft-Windows-Sysmon,1,Process Create (rule: ProcessCreate),"Process Create:
RuleName: -
UtcTime: 2023-04-15 12:19:12.727
ProcessGuid: {2048537D-9640-643A-3200-000000000B00}
ProcessId: 2692
Image: C:\Windows\System32\wbem\WmiPrvSE.exe
FileVersion: 10.0.14393.0 (rs1_release.160715-1616)
Description: WMI Provider Host
Product: Microsoft® Windows® Operating System
Company: Microsoft Corporation
OriginalFileName: Wmiprvse.exe
CommandLine: C:\Windows\system32\wbem\wmiprvse.exe -secured -Embedding
CurrentDirectory: C:\Windows\system32\
User: NT AUTHORITY\NETWORK SERVICE
LogonGuid: {2048537D-962F-643A-E403-000000000000}
LogonId: 0x3E4
TerminalSessionId: 0
IntegrityLevel: System
Hashes: SHA256=B62ACACFCAF99A50149F9DCE06136D478723992A61014FC3DBAE81289FE219F9
ParentProcessGuid: {2048537D-962F-643A-0C00-000000000B00}
ParentProcessId: 732
ParentImage: C:\Windows\System32\svchost.exe
ParentCommandLine: C:\Windows\system32\svchost.exe -k DcomLaunch
ParentUser: NT AUTHORITY\SYSTEM"
Information,4/15/2023 9:19:12 PM,Microsoft-Windows-Sysmon,5,Process terminated (rule: ProcessTerminate),"Process terminated:
RuleName: -
UtcTime: 2023-04-15 12:19:12.598
ProcessGuid: {2048537D-9640-643A-3100-000000000B00}
ProcessId: 2160
Image: C:\Windows\System32\drvinst.exe
User: NT AUTHORITY\SYSTEM"
Information,4/15/2023 9:19:12 PM,Microsoft-Windows-Sysmon,1,Process Create (rule: ProcessCreate),"Process Create:
RuleName: -
UtcTime: 2023-04-15 12:19:12.424
ProcessGuid: {2048537D-9640-643A-3100-000000000B00}
ProcessId: 2160
Image: C:\Windows\System32\drvinst.exe
FileVersion: 10.0.14393.0 (rs1_release.160715-1616)
Description: Driver Installation Module
Product: Microsoft® Windows® Operating System
Company: Microsoft Corporation
OriginalFileName: DrvInst.EXE
CommandLine: DrvInst.exe ""1"" ""0"" ""SWD\IP_TUNNEL_VBUS\Teredo_Tunnel_Device"" """" """" ""42e6b5003"" ""0000000000000000""
CurrentDirectory: C:\Windows\system32\
User: NT AUTHORITY\SYSTEM
LogonGuid: {2048537D-962F-643A-E703-000000000000}
LogonId: 0x3E7
TerminalSessionId: 0
IntegrityLevel: System
Hashes: SHA256=C196086017725E8724DAB1DFDFABA9F4B7CFACD47A885BCC81984F8BC78D9F75
ParentProcessGuid: {2048537D-962F-643A-0C00-000000000B00}
ParentProcessId: 732
ParentImage: C:\Windows\System32\svchost.exe
ParentCommandLine: C:\Windows\system32\svchost.exe -k DcomLaunch
ParentUser: NT AUTHORITY\SYSTEM"
Information,4/15/2023 9:19:12 PM,Microsoft-Windows-Sysmon,1,Process Create (rule: ProcessCreate),"Process Create:
RuleName: -
UtcTime: 2023-04-15 12:19:12.249
ProcessGuid: {2048537D-9640-643A-3000-000000000B00}
ProcessId: 1468
Image: C:\Windows\System32\vds.exe
FileVersion: 10.0.14393.1198 (rs1_release_sec.170427-1353)
Description: Virtual Disk Service
Product: Microsoft® Windows® Operating System
Company: Microsoft Corporation
OriginalFileName: vds.exe
CommandLine: C:\Windows\System32\vds.exe
CurrentDirectory: C:\Windows\system32\
User: NT AUTHORITY\SYSTEM
LogonGuid: {2048537D-962F-643A-E703-000000000000}
LogonId: 0x3E7
TerminalSessionId: 0
IntegrityLevel: System
Hashes: SHA256=92C9381BDECB5C991F848A02AF2F4189CE0119961FB37E57A37594A80704DDC5
ParentProcessGuid: {2048537D-962F-643A-0A00-000000000B00}
ParentProcessId: 556
ParentImage: C:\Windows\System32\services.exe
ParentCommandLine: C:\Windows\system32\services.exe
ParentUser: NT AUTHORITY\SYSTEM"
Information,4/15/2023 9:19:12 PM,Microsoft-Windows-Sysmon,1,Process Create (rule: ProcessCreate),"Process Create:
RuleName: -
UtcTime: 2023-04-15 12:19:12.179
ProcessGuid: {2048537D-9640-643A-2F00-000000000B00}
ProcessId: 3008
Image: C:\Windows\System32\vdsldr.exe
FileVersion: 10.0.14393.0 (rs1_release.160715-1616)
Description: Virtual Disk Service Loader
Product: Microsoft® Windows® Operating System
Company: Microsoft Corporation
OriginalFileName: vdsldr.exe
CommandLine: C:\Windows\System32\vdsldr.exe -Embedding
CurrentDirectory: C:\Windows\system32\
User: NT AUTHORITY\SYSTEM
LogonGuid: {2048537D-962F-643A-E703-000000000000}
LogonId: 0x3E7
TerminalSessionId: 0
IntegrityLevel: System
Hashes: SHA256=43F0AF018DC498619222CF16E1C9BDE2F7710732686DC361E4D692B7EFB4DDF9
ParentProcessGuid: {2048537D-962F-643A-0C00-000000000B00}
ParentProcessId: 732
ParentImage: C:\Windows\System32\svchost.exe
ParentCommandLine: C:\Windows\system32\svchost.exe -k DcomLaunch
ParentUser: NT AUTHORITY\SYSTEM"
Information,4/15/2023 9:19:12 PM,Microsoft-Windows-Sysmon,1,Process Create (rule: ProcessCreate),"Process Create:
RuleName: -
UtcTime: 2023-04-15 12:19:12.120
ProcessGuid: {2048537D-9640-643A-2E00-000000000B00}
ProcessId: 2840
Image: C:\Windows\System32\wbem\unsecapp.exe
FileVersion: 10.0.14393.0 (rs1_release.160715-1616)
Description: Sink to receive asynchronous callbacks for WMI client application
Product: Microsoft® Windows® Operating System
Company: Microsoft Corporation
OriginalFileName: unsecapp.dll
CommandLine: C:\Windows\system32\wbem\unsecapp.exe -Embedding
CurrentDirectory: C:\Windows\system32\
User: NT AUTHORITY\SYSTEM
LogonGuid: {2048537D-962F-643A-E703-000000000000}
LogonId: 0x3E7
TerminalSessionId: 0
IntegrityLevel: System
Hashes: SHA256=1D61DD5E920F13D3280B8FFC40BB0C6164D29CAF2220BF526933177D050FC379
ParentProcessGuid: {2048537D-962F-643A-0C00-000000000B00}
ParentProcessId: 732
ParentImage: C:\Windows\System32\svchost.exe
ParentCommandLine: C:\Windows\system32\svchost.exe -k DcomLaunch
ParentUser: NT AUTHORITY\SYSTEM"
Information,4/15/2023 9:19:12 PM,Microsoft-Windows-Sysmon,1,Process Create (rule: ProcessCreate),"Process Create:
RuleName: -
UtcTime: 2023-04-15 12:19:12.085
ProcessGuid: {2048537D-9640-643A-2D00-000000000B00}
ProcessId: 2652
Image: C:\Windows\System32\dfssvc.exe
FileVersion: 10.0.14393.0 (rs1_release.160715-1616)
Description: Windows NT Distributed File System Service
Product: Microsoft® Windows® Operating System
Company: Microsoft Corporation
OriginalFileName: dfssvc.exe
CommandLine: C:\Windows\system32\dfssvc.exe
CurrentDirectory: C:\Windows\system32\
User: NT AUTHORITY\SYSTEM
LogonGuid: {2048537D-962F-643A-E703-000000000000}
LogonId: 0x3E7
TerminalSessionId: 0
IntegrityLevel: System
Hashes: SHA256=EC48F117C47F0E4BD5F7407629CE8CF78579764A7947CA05EDC089B59B941576
ParentProcessGuid: {2048537D-962F-643A-0A00-000000000B00}
ParentProcessId: 556
ParentImage: C:\Windows\System32\services.exe
ParentCommandLine: C:\Windows\system32\services.exe
ParentUser: NT AUTHORITY\SYSTEM"
Information,4/15/2023 9:19:12 PM,Microsoft-Windows-Sysmon,1,Process Create (rule: ProcessCreate),"Process Create:
RuleName: -
UtcTime: 2023-04-15 12:19:12.064
ProcessGuid: {2048537D-9640-643A-2B00-000000000B00}
ProcessId: 2564
Image: C:\Windows\System32\dfsrs.exe
FileVersion: 10.0.14393.1198 (rs1_release_sec.170427-1353)
Description: Distributed File System Replication
Product: Microsoft® Windows® Operating System
Company: Microsoft Corporation
OriginalFileName: dfsr.exe
CommandLine: C:\Windows\system32\DFSRs.exe
CurrentDirectory: C:\Windows\system32\
User: NT AUTHORITY\SYSTEM
LogonGuid: {2048537D-962F-643A-E703-000000000000}
LogonId: 0x3E7
TerminalSessionId: 0
IntegrityLevel: System
Hashes: SHA256=F24A231B9F15801FE9A472194D4573AD3CAC69293B42DA7B17697D3571F674C1
ParentProcessGuid: {2048537D-962F-643A-0A00-000000000B00}
ParentProcessId: 556
ParentImage: C:\Windows\System32\services.exe
ParentCommandLine: C:\Windows\system32\services.exe
ParentUser: NT AUTHORITY\SYSTEM"
Information,4/15/2023 9:19:12 PM,Microsoft-Windows-Sysmon,1,Process Create (rule: ProcessCreate),"Process Create:
RuleName: -
UtcTime: 2023-04-15 12:19:12.073
ProcessGuid: {2048537D-9640-643A-2C00-000000000B00}
ProcessId: 2608
Image: C:\Windows\System32\ismserv.exe
FileVersion: 10.0.14393.0 (rs1_release.160715-1616)
Description: Windows NT Intersite Messaging Service
Product: Microsoft® Windows® Operating System
Company: Microsoft Corporation
OriginalFileName: ismserv.exe
CommandLine: C:\Windows\System32\ismserv.exe
CurrentDirectory: C:\Windows\system32\
User: NT AUTHORITY\SYSTEM
LogonGuid: {2048537D-962F-643A-E703-000000000000}
LogonId: 0x3E7
TerminalSessionId: 0
IntegrityLevel: System
Hashes: SHA256=29BDF4D2040D24E02B830A272D02CF29F19FD4E1A0F54F22BCC76301A0BFD26F
ParentProcessGuid: {2048537D-962F-643A-0A00-000000000B00}
ParentProcessId: 556
ParentImage: C:\Windows\System32\services.exe
ParentCommandLine: C:\Windows\system32\services.exe
ParentUser: NT AUTHORITY\SYSTEM"
Information,4/15/2023 9:19:12 PM,Microsoft-Windows-Sysmon,1,Process Create (rule: ProcessCreate),"Process Create:
RuleName: -
UtcTime: 2023-04-15 12:19:12.057
ProcessGuid: {2048537D-9640-643A-2800-000000000B00}
ProcessId: 2516
Image: C:\Windows\System32\dns.exe
FileVersion: 10.0.14393.1794 (rs1_release.171008-1615)
Description: Domain Name System (DNS) Server
Product: Microsoft® Windows® Operating System
Company: Microsoft Corporation
OriginalFileName: dns.exe
CommandLine: C:\Windows\system32\dns.exe
CurrentDirectory: C:\Windows\system32\
User: NT AUTHORITY\SYSTEM
LogonGuid: {2048537D-962F-643A-E703-000000000000}
LogonId: 0x3E7
TerminalSessionId: 0
IntegrityLevel: System
Hashes: SHA256=2EB04DC36306A98B151F38ECE97524397E08E6221E5DE1F6F712D6194580B4DA
ParentProcessGuid: {2048537D-962F-643A-0A00-000000000B00}
ParentProcessId: 556
ParentImage: C:\Windows\System32\services.exe
ParentCommandLine: C:\Windows\system32\services.exe
ParentUser: NT AUTHORITY\SYSTEM"
Information,4/15/2023 9:19:12 PM,Microsoft-Windows-Sysmon,1,Process Create (rule: ProcessCreate),"Process Create:
RuleName: -
UtcTime: 2023-04-15 12:19:12.059
ProcessGuid: {2048537D-9640-643A-2900-000000000B00}
ProcessId: 2524
Image: C:\Windows\ADWS\Microsoft.ActiveDirectory.WebServices.exe
FileVersion: 10.0.14393.0
Description: Microsoft.ActiveDirectory.WebServices
Product: Microsoft (R) Windows (R) Operating System
Company: Microsoft Corporation
OriginalFileName: Microsoft.ActiveDirectory.WebServices.exe
CommandLine: C:\Windows\ADWS\Microsoft.ActiveDirectory.WebServices.exe
CurrentDirectory: C:\Windows\system32\
User: NT AUTHORITY\SYSTEM
LogonGuid: {2048537D-962F-643A-E703-000000000000}
LogonId: 0x3E7
TerminalSessionId: 0
IntegrityLevel: System
Hashes: SHA256=D40478A82BB2993F39A3ED6066CD0599BE37FF9A0898636A680926FE145C64D6
ParentProcessGuid: {2048537D-962F-643A-0A00-000000000B00}
ParentProcessId: 556
ParentImage: C:\Windows\System32\services.exe
ParentCommandLine: C:\Windows\system32\services.exe
ParentUser: NT AUTHORITY\SYSTEM"
Information,4/15/2023 9:19:12 PM,Microsoft-Windows-Sysmon,1,Process Create (rule: ProcessCreate),"Process Create:
RuleName: -
UtcTime: 2023-04-15 12:19:12.050
ProcessGuid: {2048537D-9640-643A-2500-000000000B00}
ProcessId: 2484
Image: C:\Windows\Sysmon64.exe
FileVersion: 14.16
Description: System activity monitor
Product: Sysinternals Sysmon
Company: Sysinternals - www.sysinternals.com
OriginalFileName: -
CommandLine: C:\Windows\Sysmon64.exe
CurrentDirectory: C:\Windows\system32\
User: NT AUTHORITY\SYSTEM
LogonGuid: {2048537D-962F-643A-E703-000000000000}
LogonId: 0x3E7
TerminalSessionId: 0
IntegrityLevel: System
Hashes: SHA256=8D4FC2C9352DAD893D63CA30829B35C935E304C2FD0BE83E7DAEBBE59A558694
ParentProcessGuid: {2048537D-962F-643A-0A00-000000000B00}
ParentProcessId: 556
ParentImage: C:\Windows\System32\services.exe
ParentCommandLine: C:\Windows\system32\services.exe
ParentUser: NT AUTHORITY\SYSTEM"
Information,4/15/2023 9:19:12 PM,Microsoft-Windows-Sysmon,1,Process Create (rule: ProcessCreate),"Process Create:
RuleName: -
UtcTime: 2023-04-15 12:19:12.060
ProcessGuid: {2048537D-9640-643A-2A00-000000000B00}
ProcessId: 2544
Image: C:\Windows\System32\svchost.exe
FileVersion: 10.0.14393.0 (rs1_release.160715-1616)
Description: Host Process for Windows Services
Product: Microsoft® Windows® Operating System
Company: Microsoft Corporation
OriginalFileName: svchost.exe
CommandLine: C:\Windows\System32\svchost.exe -k utcsvc
CurrentDirectory: C:\Windows\system32\
User: NT AUTHORITY\SYSTEM
LogonGuid: {2048537D-962F-643A-E703-000000000000}
LogonId: 0x3E7
TerminalSessionId: 0
IntegrityLevel: System
Hashes: SHA256=438B6CCD84F4DD32D9684ED7D58FD7D1E5A75FE3F3D12AB6C788E6BB0FFAD5E7
ParentProcessGuid: {2048537D-962F-643A-0A00-000000000B00}
ParentProcessId: 556
ParentImage: C:\Windows\System32\services.exe
ParentCommandLine: C:\Windows\system32\services.exe
ParentUser: NT AUTHORITY\SYSTEM"
Information,4/15/2023 9:19:12 PM,Microsoft-Windows-Sysmon,1,Process Create (rule: ProcessCreate),"Process Create:
RuleName: -
UtcTime: 2023-04-15 12:19:12.051
ProcessGuid: {2048537D-9640-643A-2700-000000000B00}
ProcessId: 2500
Image: C:\Program Files\Windows Defender\MsMpEng.exe
FileVersion: 4.10.14393.1794 (rs1_release.171008-1615)
Description: Antimalware Service Executable
Product: Microsoft® Windows® Operating System
Company: Microsoft Corporation
OriginalFileName: MsMpEng.exe
CommandLine: ""C:\Program Files\Windows Defender\MsMpEng.exe""
CurrentDirectory: C:\Windows\system32\
User: NT AUTHORITY\SYSTEM
LogonGuid: {2048537D-962F-643A-E703-000000000000}
LogonId: 0x3E7
TerminalSessionId: 0
IntegrityLevel: System
Hashes: SHA256=26BFDE8E8B068B8108A2F12F7E8B87F51927A2ECCB88DA6B13178515E35D6CE5
ParentProcessGuid: {2048537D-962F-643A-0A00-000000000B00}
ParentProcessId: 556
ParentImage: C:\Windows\System32\services.exe
ParentCommandLine: C:\Windows\system32\services.exe
ParentUser: NT AUTHORITY\SYSTEM"
Information,4/15/2023 9:19:12 PM,Microsoft-Windows-Sysmon,1,Process Create (rule: ProcessCreate),"Process Create:
RuleName: -
UtcTime: 2023-04-15 12:19:12.051
ProcessGuid: {2048537D-9640-643A-2600-000000000B00}
ProcessId: 2492
Image: C:\Windows\System32\svchost.exe
FileVersion: 10.0.14393.0 (rs1_release.160715-1616)
Description: Host Process for Windows Services
Product: Microsoft® Windows® Operating System
Company: Microsoft Corporation
OriginalFileName: svchost.exe
CommandLine: C:\Windows\system32\svchost.exe -k appmodel
CurrentDirectory: C:\Windows\system32\
User: NT AUTHORITY\SYSTEM
LogonGuid: {2048537D-962F-643A-E703-000000000000}
LogonId: 0x3E7
TerminalSessionId: 0
IntegrityLevel: System
Hashes: SHA256=438B6CCD84F4DD32D9684ED7D58FD7D1E5A75FE3F3D12AB6C788E6BB0FFAD5E7
ParentProcessGuid: {2048537D-962F-643A-0A00-000000000B00}
ParentProcessId: 556
ParentImage: C:\Windows\System32\services.exe
ParentCommandLine: C:\Windows\system32\services.exe
ParentUser: NT AUTHORITY\SYSTEM"
Information,4/15/2023 9:19:12 PM,Microsoft-Windows-Sysmon,1,Process Create (rule: ProcessCreate),"Process Create:
RuleName: -
UtcTime: 2023-04-15 12:19:12.037
ProcessGuid: {2048537D-9640-643A-2400-000000000B00}
ProcessId: 2396
Image: C:\Windows\System32\spoolsv.exe
FileVersion: 10.0.14393.953 (rs1_release_inmarket.170303-1614)
Description: Spooler SubSystem App
Product: Microsoft® Windows® Operating System
Company: Microsoft Corporation
OriginalFileName: spoolsv.exe
CommandLine: C:\Windows\System32\spoolsv.exe
CurrentDirectory: C:\Windows\system32\
User: NT AUTHORITY\SYSTEM
LogonGuid: {2048537D-962F-643A-E703-000000000000}
LogonId: 0x3E7
TerminalSessionId: 0
IntegrityLevel: System
Hashes: SHA256=96761691CF4447710D65573044A1005F2F0F89443DF581A30B97D7944940BB70
ParentProcessGuid: {2048537D-962F-643A-0A00-000000000B00}
ParentProcessId: 556
ParentImage: C:\Windows\System32\services.exe
ParentCommandLine: C:\Windows\system32\services.exe
ParentUser: NT AUTHORITY\SYSTEM"
Information,4/15/2023 9:19:12 PM,Microsoft-Windows-Sysmon,1,Process Create (rule: ProcessCreate),"Process Create:
RuleName: -
UtcTime: 2023-04-15 12:19:06.818
ProcessGuid: {2048537D-963A-643A-2300-000000000B00}
ProcessId: 2320
Image: C:\Windows\System32\taskhostw.exe
FileVersion: 10.0.14393.0 (rs1_release.160715-1616)
Description: Host Process for Windows Tasks
Product: Microsoft® Windows® Operating System
Company: Microsoft Corporation
OriginalFileName: taskhostw.exe
CommandLine: taskhostw.exe SYSTEM
CurrentDirectory: C:\Windows\system32\
User: NT AUTHORITY\SYSTEM
LogonGuid: {2048537D-962F-643A-E703-000000000000}
LogonId: 0x3E7
TerminalSessionId: 0
IntegrityLevel: System
Hashes: SHA256=A0A677D6C943AD1A7BC1879DFCCB400211DF68100F8EDD7BA6120067A18BEE0B
ParentProcessGuid: {2048537D-9630-643A-1600-000000000B00}
ParentProcessId: 1236
ParentImage: C:\Windows\System32\svchost.exe
ParentCommandLine: C:\Windows\system32\svchost.exe -k netsvcs
ParentUser: NT AUTHORITY\SYSTEM"
Information,4/15/2023 9:19:12 PM,Microsoft-Windows-Sysmon,1,Process Create (rule: ProcessCreate),"Process Create:
RuleName: -
UtcTime: 2023-04-15 12:19:05.891
ProcessGuid: {2048537D-9639-643A-2200-000000000B00}
ProcessId: 2252
Image: C:\Windows\System32\svchost.exe
FileVersion: 10.0.14393.0 (rs1_release.160715-1616)
Description: Host Process for Windows Services
Product: Microsoft® Windows® Operating System
Company: Microsoft Corporation
OriginalFileName: svchost.exe
CommandLine: C:\Windows\System32\svchost.exe -k smbsvcs
CurrentDirectory: C:\Windows\system32\
User: NT AUTHORITY\SYSTEM
LogonGuid: {2048537D-962F-643A-E703-000000000000}
LogonId: 0x3E7
TerminalSessionId: 0
IntegrityLevel: System
Hashes: SHA256=438B6CCD84F4DD32D9684ED7D58FD7D1E5A75FE3F3D12AB6C788E6BB0FFAD5E7
ParentProcessGuid: {2048537D-962F-643A-0A00-000000000B00}
ParentProcessId: 556
ParentImage: C:\Windows\System32\services.exe
ParentCommandLine: C:\Windows\system32\services.exe
ParentUser: NT AUTHORITY\SYSTEM"
Information,4/15/2023 9:19:12 PM,Microsoft-Windows-Sysmon,5,Process terminated (rule: ProcessTerminate),"Process terminated:
RuleName: -
UtcTime: 2023-04-15 12:19:02.645
ProcessGuid: {2048537D-9634-643A-2100-000000000B00}
ProcessId: 2148
Image: C:\Windows\System32\slui.exe
User: NT AUTHORITY\NETWORK SERVICE"
Information,4/15/2023 9:19:12 PM,Microsoft-Windows-Sysmon,1,Process Create (rule: ProcessCreate),"Process Create:
RuleName: -
UtcTime: 2023-04-15 12:19:00.396
ProcessGuid: {2048537D-9634-643A-2100-000000000B00}
ProcessId: 2148
Image: C:\Windows\System32\slui.exe
FileVersion: 10.0.14393.0 (rs1_release.160715-1616)
Description: Windows Activation Client
Product: Microsoft® Windows® Operating System
Company: Microsoft Corporation
OriginalFileName: slui.exe
CommandLine: ""C:\Windows\System32\SLUI.exe"" RuleId=31e71c49-8da7-4a2f-ad92-45d98a1c79ba;Action=AutoActivate;AppId=55c92734-d682-4d71-983e-d6ec3f16059f;SkuId=afd55ac6-d0b0-4812-9047-6c756d82bedf;NotificationInterval=1440;Trigger=NetworkAvailable
CurrentDirectory: C:\Windows\system32\
User: NT AUTHORITY\NETWORK SERVICE
LogonGuid: {2048537D-962F-643A-E403-000000000000}
LogonId: 0x3E4
TerminalSessionId: 0
IntegrityLevel: System
Hashes: SHA256=E28263F4DA43E8598412BA0D13E4D2E6940DE6A02E40109BEFAA4E69FCE693C1
ParentProcessGuid: {2048537D-9630-643A-1D00-000000000B00}
ParentProcessId: 1316
ParentImage: C:\Windows\System32\SppExtComObj.Exe
ParentCommandLine: C:\Windows\system32\SppExtComObj.exe -Embedding
ParentUser: NT AUTHORITY\NETWORK SERVICE"
Information,4/15/2023 9:19:12 PM,Microsoft-Windows-Sysmon,5,Process terminated (rule: ProcessTerminate),"Process terminated:
RuleName: -
UtcTime: 2023-04-15 12:19:00.379
ProcessGuid: {00000000-0000-0000-0000-000000000000}
ProcessId: 2124
Image: <unknown process>
User: NT AUTHORITY\NETWORK SERVICE"
Information,4/15/2023 9:19:12 PM,Microsoft-Windows-Sysmon,1,Process Create (rule: ProcessCreate),"Process Create:
RuleName: -
UtcTime: 2023-04-15 12:19:00.382
ProcessGuid: {2048537D-9634-643A-2000-000000000B00}
ProcessId: 2124
Image: C:\Windows\System32\taskhostw.exe
FileVersion: 10.0.14393.0 (rs1_release.160715-1616)
Description: Host Process for Windows Tasks
Product: Microsoft® Windows® Operating System
Company: Microsoft Corporation
OriginalFileName: taskhostw.exe
CommandLine: taskhostw.exe network
CurrentDirectory: C:\Windows\system32\
User: NT AUTHORITY\NETWORK SERVICE
LogonGuid: {2048537D-962F-643A-E403-000000000000}
LogonId: 0x3E4
TerminalSessionId: 0
IntegrityLevel: System
Hashes: SHA256=A0A677D6C943AD1A7BC1879DFCCB400211DF68100F8EDD7BA6120067A18BEE0B
ParentProcessGuid: {2048537D-9630-643A-1600-000000000B00}
ParentProcessId: 1236
ParentImage: C:\Windows\System32\svchost.exe
ParentCommandLine: C:\Windows\system32\svchost.exe -k netsvcs
ParentUser: NT AUTHORITY\SYSTEM"
Information,4/15/2023 9:19:12 PM,Microsoft-Windows-Sysmon,5,Process terminated (rule: ProcessTerminate),"Process terminated:
RuleName: -
UtcTime: 2023-04-15 12:18:57.114
ProcessGuid: {2048537D-9630-643A-1E00-000000000B00}
ProcessId: 1468
Image: C:\Windows\System32\slui.exe
User: NT AUTHORITY\NETWORK SERVICE"
Information,4/15/2023 9:19:12 PM,Microsoft-Windows-Sysmon,1,Process Create (rule: ProcessCreate),"Process Create:
RuleName: -
UtcTime: 2023-04-15 12:18:56.928
ProcessGuid: {2048537D-9630-643A-1F00-000000000B00}
ProcessId: 1968
Image: C:\Windows\System32\svchost.exe
FileVersion: 10.0.14393.0 (rs1_release.160715-1616)
Description: Host Process for Windows Services
Product: Microsoft® Windows® Operating System
Company: Microsoft Corporation
OriginalFileName: svchost.exe
CommandLine: C:\Windows\System32\svchost.exe -k wsappx
CurrentDirectory: C:\Windows\system32\
User: NT AUTHORITY\SYSTEM
LogonGuid: {2048537D-962F-643A-E703-000000000000}
LogonId: 0x3E7
TerminalSessionId: 0
IntegrityLevel: System
Hashes: SHA256=438B6CCD84F4DD32D9684ED7D58FD7D1E5A75FE3F3D12AB6C788E6BB0FFAD5E7
ParentProcessGuid: {2048537D-962F-643A-0A00-000000000B00}
ParentProcessId: 556
ParentImage: C:\Windows\System32\services.exe
ParentCommandLine: C:\Windows\system32\services.exe
ParentUser: NT AUTHORITY\SYSTEM"
Information,4/15/2023 9:19:12 PM,Microsoft-Windows-Sysmon,5,Process terminated (rule: ProcessTerminate),"Process terminated:
RuleName: -
UtcTime: 2023-04-15 12:18:56.926
ProcessGuid: {2048537D-9630-643A-1B00-000000000B00}
ProcessId: 1992
Image: C:\Windows\System32\taskhostw.exe
User: NT AUTHORITY\NETWORK SERVICE"
Information,4/15/2023 9:19:12 PM,Microsoft-Windows-Sysmon,5,Process terminated (rule: ProcessTerminate),"Process terminated:
RuleName: -
UtcTime: 2023-04-15 12:18:56.770
ProcessGuid: {2048537D-9630-643A-1A00-000000000B00}
ProcessId: 1944
Image: C:\Windows\System32\taskhostw.exe
User: NT AUTHORITY\SYSTEM"
Information,4/15/2023 9:19:12 PM,Microsoft-Windows-Sysmon,1,Process Create (rule: ProcessCreate),"Process Create:
RuleName: -
UtcTime: 2023-04-15 12:18:56.721
ProcessGuid: {2048537D-9630-643A-1E00-000000000B00}
ProcessId: 1468
Image: C:\Windows\System32\slui.exe
FileVersion: 10.0.14393.0 (rs1_release.160715-1616)
Description: Windows Activation Client
Product: Microsoft® Windows® Operating System
Company: Microsoft Corporation
OriginalFileName: slui.exe
CommandLine: ""C:\Windows\System32\SLUI.exe"" RuleId=31e71c49-8da7-4a2f-ad92-45d98a1c79ba;Action=AutoActivate;AppId=55c92734-d682-4d71-983e-d6ec3f16059f;SkuId=afd55ac6-d0b0-4812-9047-6c756d82bedf;NotificationInterval=1440;Trigger=NetworkAvailable
CurrentDirectory: C:\Windows\system32\
User: NT AUTHORITY\NETWORK SERVICE
LogonGuid: {2048537D-962F-643A-E403-000000000000}
LogonId: 0x3E4
TerminalSessionId: 0
IntegrityLevel: System
Hashes: SHA256=E28263F4DA43E8598412BA0D13E4D2E6940DE6A02E40109BEFAA4E69FCE693C1
ParentProcessGuid: {2048537D-9630-643A-1D00-000000000B00}
ParentProcessId: 1316
ParentImage: C:\Windows\System32\SppExtComObj.Exe
ParentCommandLine: C:\Windows\system32\SppExtComObj.exe -Embedding
ParentUser: NT AUTHORITY\NETWORK SERVICE"
Information,4/15/2023 9:19:12 PM,Microsoft-Windows-Sysmon,1,Process Create (rule: ProcessCreate),"Process Create:
RuleName: -
UtcTime: 2023-04-15 12:18:56.710
ProcessGuid: {2048537D-9630-643A-1D00-000000000B00}
ProcessId: 1316
Image: C:\Windows\System32\SppExtComObj.Exe
FileVersion: 10.0.14393.0 (rs1_release.160715-1616)
Description: KMS Connection Broker
Product: Microsoft® Windows® Operating System
Company: Microsoft Corporation
OriginalFileName: SppExtComObj.exe
CommandLine: C:\Windows\system32\SppExtComObj.exe -Embedding
CurrentDirectory: C:\Windows\system32\
User: NT AUTHORITY\NETWORK SERVICE
LogonGuid: {2048537D-962F-643A-E403-000000000000}
LogonId: 0x3E4
TerminalSessionId: 0
IntegrityLevel: System
Hashes: SHA256=41275D40DA00B875283F04CE27856A8D71E7B6EFBA05533296C3FCD2F8320F01
ParentProcessGuid: {2048537D-962F-643A-0C00-000000000B00}
ParentProcessId: 732
ParentImage: C:\Windows\System32\svchost.exe
ParentCommandLine: C:\Windows\system32\svchost.exe -k DcomLaunch
ParentUser: NT AUTHORITY\SYSTEM"
Information,4/15/2023 9:19:12 PM,Microsoft-Windows-Sysmon,1,Process Create (rule: ProcessCreate),"Process Create:
RuleName: -
UtcTime: 2023-04-15 12:18:56.619
ProcessGuid: {2048537D-9630-643A-1C00-000000000B00}
ProcessId: 2044
Image: C:\Windows\System32\sppsvc.exe
FileVersion: 10.0.14393.351 (rs1_release_inmarket.161014-1755)
Description: Microsoft Software Protection Platform Service
Product: Microsoft® Windows® Operating System
Company: Microsoft Corporation
OriginalFileName: sppsvc.exe
CommandLine: C:\Windows\system32\sppsvc.exe
CurrentDirectory: C:\Windows
User: NT AUTHORITY\NETWORK SERVICE
LogonGuid: {2048537D-962F-643A-E403-000000000000}
LogonId: 0x3E4
TerminalSessionId: 0
IntegrityLevel: System
Hashes: SHA256=8ADF7A1C96DAE005E9A974D90BE8954F88D49B6848252B88513C49E0A3BD9774
ParentProcessGuid: {2048537D-962F-643A-0A00-000000000B00}
ParentProcessId: 556
ParentImage: C:\Windows\System32\services.exe
ParentCommandLine: C:\Windows\system32\services.exe
ParentUser: NT AUTHORITY\SYSTEM"
Information,4/15/2023 9:19:12 PM,Microsoft-Windows-Sysmon,1,Process Create (rule: ProcessCreate),"Process Create:
RuleName: -
UtcTime: 2023-04-15 12:18:56.492
ProcessGuid: {2048537D-9630-643A-1B00-000000000B00}
ProcessId: 1992
Image: C:\Windows\System32\taskhostw.exe
FileVersion: 10.0.14393.0 (rs1_release.160715-1616)
Description: Host Process for Windows Tasks
Product: Microsoft® Windows® Operating System
Company: Microsoft Corporation
OriginalFileName: taskhostw.exe
CommandLine: taskhostw.exe network
CurrentDirectory: C:\Windows\system32\
User: NT AUTHORITY\NETWORK SERVICE
LogonGuid: {2048537D-962F-643A-E403-000000000000}
LogonId: 0x3E4
TerminalSessionId: 0
IntegrityLevel: System
Hashes: SHA256=A0A677D6C943AD1A7BC1879DFCCB400211DF68100F8EDD7BA6120067A18BEE0B
ParentProcessGuid: {2048537D-9630-643A-1600-000000000B00}
ParentProcessId: 1236
ParentImage: C:\Windows\System32\svchost.exe
ParentCommandLine: C:\Windows\system32\svchost.exe -k netsvcs
ParentUser: NT AUTHORITY\SYSTEM"
