Information,4/15/2023 8:56:49 PM,Microsoft-Windows-Sysmon,1,Process Create (rule: ProcessCreate),"Process Create:
RuleName: -
UtcTime: 2023-04-15 11:56:49.992
ProcessGuid: {2048537D-9101-643A-9A01-000000000A00}
ProcessId: 1176
Image: C:\Windows\Microsoft.NET\Framework64\v4.0.30319\mscorsvw.exe
FileVersion: 4.6.1586.0 built by: NETFXREL2
Description: .NET Runtime Optimization Service
Product: Microsoft® .NET Framework
Company: Microsoft Corporation
OriginalFileName: mscorsvw.exe
CommandLine: C:\Windows\Microsoft.NET\Framework64\v4.0.30319\mscorsvw.exe -StartupEvent 540 -InterruptEvent 0 -NGENProcess 538 -Pipe 4e8 -Comment ""NGen Worker Process""
CurrentDirectory: C:\Windows\system32\
User: NT AUTHORITY\SYSTEM
LogonGuid: {2048537D-8D03-643A-E703-000000000000}
LogonId: 0x3E7
TerminalSessionId: 0
IntegrityLevel: System
Hashes: SHA256=CB11A32CB4BDEAC24DF1725B583B12FFC326712C5B021EC0595931C0A9245C74
ParentProcessGuid: {2048537D-90FC-643A-C900-000000000A00}
ParentProcessId: 4524
ParentImage: C:\Windows\Microsoft.NET\Framework64\v4.0.30319\ngen.exe
ParentCommandLine: ""C:\Windows\Microsoft.NET\Framework64\v4.0.30319\ngen.exe"" ExecuteQueuedItems /LegacyServiceBehavior
ParentUser: NT AUTHORITY\SYSTEM"
Information,4/15/2023 8:56:49 PM,Microsoft-Windows-Sysmon,5,Process terminated (rule: ProcessTerminate),"Process terminated:
RuleName: -
UtcTime: 2023-04-15 11:56:49.979
ProcessGuid: {2048537D-9101-643A-9901-000000000A00}
ProcessId: 1160
Image: C:\Windows\Microsoft.NET\Framework64\v4.0.30319\mscorsvw.exe
User: NT AUTHORITY\SYSTEM"
Information,4/15/2023 8:56:49 PM,Microsoft-Windows-Sysmon,1,Process Create (rule: ProcessCreate),"Process Create:
RuleName: -
UtcTime: 2023-04-15 11:56:49.978
ProcessGuid: {2048537D-9101-643A-9901-000000000A00}
ProcessId: 1160
Image: C:\Windows\Microsoft.NET\Framework64\v4.0.30319\mscorsvw.exe
FileVersion: 4.6.1586.0 built by: NETFXREL2
Description: .NET Runtime Optimization Service
Product: Microsoft® .NET Framework
Company: Microsoft Corporation
OriginalFileName: mscorsvw.exe
CommandLine: C:\Windows\Microsoft.NET\Framework64\v4.0.30319\mscorsvw.exe -StartupEvent 530 -InterruptEvent 0 -NGENProcess 4e8 -Pipe 4e4 -Comment ""NGen Worker Process""
CurrentDirectory: C:\Windows\system32\
User: NT AUTHORITY\SYSTEM
LogonGuid: {2048537D-8D03-643A-E703-000000000000}
LogonId: 0x3E7
TerminalSessionId: 0
IntegrityLevel: System
Hashes: SHA256=CB11A32CB4BDEAC24DF1725B583B12FFC326712C5B021EC0595931C0A9245C74
ParentProcessGuid: {2048537D-90FC-643A-C900-000000000A00}
ParentProcessId: 4524
ParentImage: C:\Windows\Microsoft.NET\Framework64\v4.0.30319\ngen.exe
ParentCommandLine: ""C:\Windows\Microsoft.NET\Framework64\v4.0.30319\ngen.exe"" ExecuteQueuedItems /LegacyServiceBehavior
ParentUser: NT AUTHORITY\SYSTEM"
Information,4/15/2023 8:56:49 PM,Microsoft-Windows-Sysmon,5,Process terminated (rule: ProcessTerminate),"Process terminated:
RuleName: -
UtcTime: 2023-04-15 11:56:49.963
ProcessGuid: {2048537D-9101-643A-9801-000000000A00}
ProcessId: 4648
Image: C:\Windows\Microsoft.NET\Framework64\v4.0.30319\mscorsvw.exe
User: NT AUTHORITY\SYSTEM"
Information,4/15/2023 8:56:49 PM,Microsoft-Windows-Sysmon,1,Process Create (rule: ProcessCreate),"Process Create:
RuleName: -
UtcTime: 2023-04-15 11:56:49.961
ProcessGuid: {2048537D-9101-643A-9801-000000000A00}
ProcessId: 4648
Image: C:\Windows\Microsoft.NET\Framework64\v4.0.30319\mscorsvw.exe
FileVersion: 4.6.1586.0 built by: NETFXREL2
Description: .NET Runtime Optimization Service
Product: Microsoft® .NET Framework
Company: Microsoft Corporation
OriginalFileName: mscorsvw.exe
CommandLine: C:\Windows\Microsoft.NET\Framework64\v4.0.30319\mscorsvw.exe -StartupEvent 538 -InterruptEvent 0 -NGENProcess 4e4 -Pipe 520 -Comment ""NGen Worker Process""
CurrentDirectory: C:\Windows\system32\
User: NT AUTHORITY\SYSTEM
LogonGuid: {2048537D-8D03-643A-E703-000000000000}
LogonId: 0x3E7
TerminalSessionId: 0
IntegrityLevel: System
Hashes: SHA256=CB11A32CB4BDEAC24DF1725B583B12FFC326712C5B021EC0595931C0A9245C74
ParentProcessGuid: {2048537D-90FC-643A-C900-000000000A00}
ParentProcessId: 4524
ParentImage: C:\Windows\Microsoft.NET\Framework64\v4.0.30319\ngen.exe
ParentCommandLine: ""C:\Windows\Microsoft.NET\Framework64\v4.0.30319\ngen.exe"" ExecuteQueuedItems /LegacyServiceBehavior
ParentUser: NT AUTHORITY\SYSTEM"
Information,4/15/2023 8:56:49 PM,Microsoft-Windows-Sysmon,5,Process terminated (rule: ProcessTerminate),"Process terminated:
RuleName: -
UtcTime: 2023-04-15 11:56:49.948
ProcessGuid: {2048537D-9101-643A-9701-000000000A00}
ProcessId: 3152
Image: C:\Windows\Microsoft.NET\Framework64\v4.0.30319\mscorsvw.exe
User: NT AUTHORITY\SYSTEM"
Information,4/15/2023 8:56:49 PM,Microsoft-Windows-Sysmon,1,Process Create (rule: ProcessCreate),"Process Create:
RuleName: -
UtcTime: 2023-04-15 11:56:49.943
ProcessGuid: {2048537D-9101-643A-9701-000000000A00}
ProcessId: 3152
Image: C:\Windows\Microsoft.NET\Framework64\v4.0.30319\mscorsvw.exe
FileVersion: 4.6.1586.0 built by: NETFXREL2
Description: .NET Runtime Optimization Service
Product: Microsoft® .NET Framework
Company: Microsoft Corporation
OriginalFileName: mscorsvw.exe
CommandLine: C:\Windows\Microsoft.NET\Framework64\v4.0.30319\mscorsvw.exe -StartupEvent 4e8 -InterruptEvent 0 -NGENProcess 520 -Pipe 528 -Comment ""NGen Worker Process""
CurrentDirectory: C:\Windows\system32\
User: NT AUTHORITY\SYSTEM
LogonGuid: {2048537D-8D03-643A-E703-000000000000}
LogonId: 0x3E7
TerminalSessionId: 0
IntegrityLevel: System
Hashes: SHA256=CB11A32CB4BDEAC24DF1725B583B12FFC326712C5B021EC0595931C0A9245C74
ParentProcessGuid: {2048537D-90FC-643A-C900-000000000A00}
ParentProcessId: 4524
ParentImage: C:\Windows\Microsoft.NET\Framework64\v4.0.30319\ngen.exe
ParentCommandLine: ""C:\Windows\Microsoft.NET\Framework64\v4.0.30319\ngen.exe"" ExecuteQueuedItems /LegacyServiceBehavior
ParentUser: NT AUTHORITY\SYSTEM"
Information,4/15/2023 8:56:49 PM,Microsoft-Windows-Sysmon,5,Process terminated (rule: ProcessTerminate),"Process terminated:
RuleName: -
UtcTime: 2023-04-15 11:56:49.932
ProcessGuid: {2048537D-9101-643A-9601-000000000A00}
ProcessId: 3748
Image: C:\Windows\Microsoft.NET\Framework64\v4.0.30319\mscorsvw.exe
User: NT AUTHORITY\SYSTEM"
Information,4/15/2023 8:56:49 PM,Microsoft-Windows-Sysmon,1,Process Create (rule: ProcessCreate),"Process Create:
RuleName: -
UtcTime: 2023-04-15 11:56:49.925
ProcessGuid: {2048537D-9101-643A-9601-000000000A00}
ProcessId: 3748
Image: C:\Windows\Microsoft.NET\Framework64\v4.0.30319\mscorsvw.exe
FileVersion: 4.6.1586.0 built by: NETFXREL2
Description: .NET Runtime Optimization Service
Product: Microsoft® .NET Framework
Company: Microsoft Corporation
OriginalFileName: mscorsvw.exe
CommandLine: C:\Windows\Microsoft.NET\Framework64\v4.0.30319\mscorsvw.exe -StartupEvent 52c -InterruptEvent 0 -NGENProcess 534 -Pipe 4f4 -Comment ""NGen Worker Process""
CurrentDirectory: C:\Windows\system32\
User: NT AUTHORITY\SYSTEM
LogonGuid: {2048537D-8D03-643A-E703-000000000000}
LogonId: 0x3E7
TerminalSessionId: 0
IntegrityLevel: System
Hashes: SHA256=CB11A32CB4BDEAC24DF1725B583B12FFC326712C5B021EC0595931C0A9245C74
ParentProcessGuid: {2048537D-90FC-643A-C900-000000000A00}
ParentProcessId: 4524
ParentImage: C:\Windows\Microsoft.NET\Framework64\v4.0.30319\ngen.exe
ParentCommandLine: ""C:\Windows\Microsoft.NET\Framework64\v4.0.30319\ngen.exe"" ExecuteQueuedItems /LegacyServiceBehavior
ParentUser: NT AUTHORITY\SYSTEM"
Information,4/15/2023 8:56:49 PM,Microsoft-Windows-Sysmon,5,Process terminated (rule: ProcessTerminate),"Process terminated:
RuleName: -
UtcTime: 2023-04-15 11:56:49.916
ProcessGuid: {2048537D-9101-643A-9501-000000000A00}
ProcessId: 4192
Image: C:\Windows\Microsoft.NET\Framework64\v4.0.30319\mscorsvw.exe
User: NT AUTHORITY\SYSTEM"
Information,4/15/2023 8:56:49 PM,Microsoft-Windows-Sysmon,1,Process Create (rule: ProcessCreate),"Process Create:
RuleName: -
UtcTime: 2023-04-15 11:56:49.904
ProcessGuid: {2048537D-9101-643A-9501-000000000A00}
ProcessId: 4192
Image: C:\Windows\Microsoft.NET\Framework64\v4.0.30319\mscorsvw.exe
FileVersion: 4.6.1586.0 built by: NETFXREL2
Description: .NET Runtime Optimization Service
Product: Microsoft® .NET Framework
Company: Microsoft Corporation
OriginalFileName: mscorsvw.exe
CommandLine: C:\Windows\Microsoft.NET\Framework64\v4.0.30319\mscorsvw.exe -StartupEvent 530 -InterruptEvent 0 -NGENProcess 4f4 -Pipe 4d0 -Comment ""NGen Worker Process""
CurrentDirectory: C:\Windows\system32\
User: NT AUTHORITY\SYSTEM
LogonGuid: {2048537D-8D03-643A-E703-000000000000}
LogonId: 0x3E7
TerminalSessionId: 0
IntegrityLevel: System
Hashes: SHA256=CB11A32CB4BDEAC24DF1725B583B12FFC326712C5B021EC0595931C0A9245C74
ParentProcessGuid: {2048537D-90FC-643A-C900-000000000A00}
ParentProcessId: 4524
ParentImage: C:\Windows\Microsoft.NET\Framework64\v4.0.30319\ngen.exe
ParentCommandLine: ""C:\Windows\Microsoft.NET\Framework64\v4.0.30319\ngen.exe"" ExecuteQueuedItems /LegacyServiceBehavior
ParentUser: NT AUTHORITY\SYSTEM"
Information,4/15/2023 8:56:49 PM,Microsoft-Windows-Sysmon,5,Process terminated (rule: ProcessTerminate),"Process terminated:
RuleName: -
UtcTime: 2023-04-15 11:56:49.901
ProcessGuid: {2048537D-9101-643A-9401-000000000A00}
ProcessId: 4296
Image: C:\Windows\Microsoft.NET\Framework64\v4.0.30319\mscorsvw.exe
User: NT AUTHORITY\SYSTEM"
Information,4/15/2023 8:56:49 PM,Microsoft-Windows-Sysmon,1,Process Create (rule: ProcessCreate),"Process Create:
RuleName: -
UtcTime: 2023-04-15 11:56:49.884
ProcessGuid: {2048537D-9101-643A-9401-000000000A00}
ProcessId: 4296
Image: C:\Windows\Microsoft.NET\Framework64\v4.0.30319\mscorsvw.exe
FileVersion: 4.6.1586.0 built by: NETFXREL2
Description: .NET Runtime Optimization Service
Product: Microsoft® .NET Framework
Company: Microsoft Corporation
OriginalFileName: mscorsvw.exe
CommandLine: C:\Windows\Microsoft.NET\Framework64\v4.0.30319\mscorsvw.exe -StartupEvent 534 -InterruptEvent 0 -NGENProcess 4d0 -Pipe 518 -Comment ""NGen Worker Process""
CurrentDirectory: C:\Windows\system32\
User: NT AUTHORITY\SYSTEM
LogonGuid: {2048537D-8D03-643A-E703-000000000000}
LogonId: 0x3E7
TerminalSessionId: 0
IntegrityLevel: System
Hashes: SHA256=CB11A32CB4BDEAC24DF1725B583B12FFC326712C5B021EC0595931C0A9245C74
ParentProcessGuid: {2048537D-90FC-643A-C900-000000000A00}
ParentProcessId: 4524
ParentImage: C:\Windows\Microsoft.NET\Framework64\v4.0.30319\ngen.exe
ParentCommandLine: ""C:\Windows\Microsoft.NET\Framework64\v4.0.30319\ngen.exe"" ExecuteQueuedItems /LegacyServiceBehavior
ParentUser: NT AUTHORITY\SYSTEM"
Information,4/15/2023 8:56:49 PM,Microsoft-Windows-Sysmon,5,Process terminated (rule: ProcessTerminate),"Process terminated:
RuleName: -
UtcTime: 2023-04-15 11:56:49.869
ProcessGuid: {2048537D-9101-643A-9301-000000000A00}
ProcessId: 5068
Image: C:\Windows\Microsoft.NET\Framework64\v4.0.30319\mscorsvw.exe
User: NT AUTHORITY\SYSTEM"
Information,4/15/2023 8:56:49 PM,Microsoft-Windows-Sysmon,5,Process terminated (rule: ProcessTerminate),"Process terminated:
RuleName: -
UtcTime: 2023-04-15 11:56:49.854
ProcessGuid: {2048537D-9101-643A-9201-000000000A00}
ProcessId: 948
Image: C:\Windows\Microsoft.NET\Framework64\v4.0.30319\mscorsvw.exe
User: NT AUTHORITY\SYSTEM"
Information,4/15/2023 8:56:49 PM,Microsoft-Windows-Sysmon,1,Process Create (rule: ProcessCreate),"Process Create:
RuleName: -
UtcTime: 2023-04-15 11:56:49.859
ProcessGuid: {2048537D-9101-643A-9301-000000000A00}
ProcessId: 5068
Image: C:\Windows\Microsoft.NET\Framework64\v4.0.30319\mscorsvw.exe
FileVersion: 4.6.1586.0 built by: NETFXREL2
Description: .NET Runtime Optimization Service
Product: Microsoft® .NET Framework
Company: Microsoft Corporation
OriginalFileName: mscorsvw.exe
CommandLine: C:\Windows\Microsoft.NET\Framework64\v4.0.30319\mscorsvw.exe -StartupEvent 4f4 -InterruptEvent 0 -NGENProcess 518 -Pipe 500 -Comment ""NGen Worker Process""
CurrentDirectory: C:\Windows\system32\
User: NT AUTHORITY\SYSTEM
LogonGuid: {2048537D-8D03-643A-E703-000000000000}
LogonId: 0x3E7
TerminalSessionId: 0
IntegrityLevel: System
Hashes: SHA256=CB11A32CB4BDEAC24DF1725B583B12FFC326712C5B021EC0595931C0A9245C74
ParentProcessGuid: {2048537D-90FC-643A-C900-000000000A00}
ParentProcessId: 4524
ParentImage: C:\Windows\Microsoft.NET\Framework64\v4.0.30319\ngen.exe
ParentCommandLine: ""C:\Windows\Microsoft.NET\Framework64\v4.0.30319\ngen.exe"" ExecuteQueuedItems /LegacyServiceBehavior
ParentUser: NT AUTHORITY\SYSTEM"
Information,4/15/2023 8:56:49 PM,Microsoft-Windows-Sysmon,1,Process Create (rule: ProcessCreate),"Process Create:
RuleName: -
UtcTime: 2023-04-15 11:56:49.842
ProcessGuid: {2048537D-9101-643A-9201-000000000A00}
ProcessId: 948
Image: C:\Windows\Microsoft.NET\Framework64\v4.0.30319\mscorsvw.exe
FileVersion: 4.6.1586.0 built by: NETFXREL2
Description: .NET Runtime Optimization Service
Product: Microsoft® .NET Framework
Company: Microsoft Corporation
OriginalFileName: mscorsvw.exe
CommandLine: C:\Windows\Microsoft.NET\Framework64\v4.0.30319\mscorsvw.exe -StartupEvent 50c -InterruptEvent 0 -NGENProcess 520 -Pipe 514 -Comment ""NGen Worker Process""
CurrentDirectory: C:\Windows\system32\
User: NT AUTHORITY\SYSTEM
LogonGuid: {2048537D-8D03-643A-E703-000000000000}
LogonId: 0x3E7
TerminalSessionId: 0
IntegrityLevel: System
Hashes: SHA256=CB11A32CB4BDEAC24DF1725B583B12FFC326712C5B021EC0595931C0A9245C74
ParentProcessGuid: {2048537D-90FC-643A-C900-000000000A00}
ParentProcessId: 4524
ParentImage: C:\Windows\Microsoft.NET\Framework64\v4.0.30319\ngen.exe
ParentCommandLine: ""C:\Windows\Microsoft.NET\Framework64\v4.0.30319\ngen.exe"" ExecuteQueuedItems /LegacyServiceBehavior
ParentUser: NT AUTHORITY\SYSTEM"
Information,4/15/2023 8:56:49 PM,Microsoft-Windows-Sysmon,5,Process terminated (rule: ProcessTerminate),"Process terminated:
RuleName: -
UtcTime: 2023-04-15 11:56:49.838
ProcessGuid: {2048537D-9101-643A-9101-000000000A00}
ProcessId: 2852
Image: C:\Windows\Microsoft.NET\Framework64\v4.0.30319\mscorsvw.exe
User: NT AUTHORITY\SYSTEM"
Information,4/15/2023 8:56:49 PM,Microsoft-Windows-Sysmon,1,Process Create (rule: ProcessCreate),"Process Create:
RuleName: -
UtcTime: 2023-04-15 11:56:49.822
ProcessGuid: {2048537D-9101-643A-9101-000000000A00}
ProcessId: 2852
Image: C:\Windows\Microsoft.NET\Framework64\v4.0.30319\mscorsvw.exe
FileVersion: 4.6.1586.0 built by: NETFXREL2
Description: .NET Runtime Optimization Service
Product: Microsoft® .NET Framework
Company: Microsoft Corporation
OriginalFileName: mscorsvw.exe
CommandLine: C:\Windows\Microsoft.NET\Framework64\v4.0.30319\mscorsvw.exe -StartupEvent 524 -InterruptEvent 0 -NGENProcess 514 -Pipe 4fc -Comment ""NGen Worker Process""
CurrentDirectory: C:\Windows\system32\
User: NT AUTHORITY\SYSTEM
LogonGuid: {2048537D-8D03-643A-E703-000000000000}
LogonId: 0x3E7
TerminalSessionId: 0
IntegrityLevel: System
Hashes: SHA256=CB11A32CB4BDEAC24DF1725B583B12FFC326712C5B021EC0595931C0A9245C74
ParentProcessGuid: {2048537D-90FC-643A-C900-000000000A00}
ParentProcessId: 4524
ParentImage: C:\Windows\Microsoft.NET\Framework64\v4.0.30319\ngen.exe
ParentCommandLine: ""C:\Windows\Microsoft.NET\Framework64\v4.0.30319\ngen.exe"" ExecuteQueuedItems /LegacyServiceBehavior
ParentUser: NT AUTHORITY\SYSTEM"
Information,4/15/2023 8:56:49 PM,Microsoft-Windows-Sysmon,5,Process terminated (rule: ProcessTerminate),"Process terminated:
RuleName: -
UtcTime: 2023-04-15 11:56:49.807
ProcessGuid: {2048537D-9101-643A-9001-000000000A00}
ProcessId: 4584
Image: C:\Windows\Microsoft.NET\Framework64\v4.0.30319\mscorsvw.exe
User: NT AUTHORITY\SYSTEM"
Information,4/15/2023 8:56:49 PM,Microsoft-Windows-Sysmon,1,Process Create (rule: ProcessCreate),"Process Create:
RuleName: -
UtcTime: 2023-04-15 11:56:49.805
ProcessGuid: {2048537D-9101-643A-9001-000000000A00}
ProcessId: 4584
Image: C:\Windows\Microsoft.NET\Framework64\v4.0.30319\mscorsvw.exe
FileVersion: 4.6.1586.0 built by: NETFXREL2
Description: .NET Runtime Optimization Service
Product: Microsoft® .NET Framework
Company: Microsoft Corporation
OriginalFileName: mscorsvw.exe
CommandLine: C:\Windows\Microsoft.NET\Framework64\v4.0.30319\mscorsvw.exe -StartupEvent 520 -InterruptEvent 0 -NGENProcess 4fc -Pipe 508 -Comment ""NGen Worker Process""
CurrentDirectory: C:\Windows\system32\
User: NT AUTHORITY\SYSTEM
LogonGuid: {2048537D-8D03-643A-E703-000000000000}
LogonId: 0x3E7
TerminalSessionId: 0
IntegrityLevel: System
Hashes: SHA256=CB11A32CB4BDEAC24DF1725B583B12FFC326712C5B021EC0595931C0A9245C74
ParentProcessGuid: {2048537D-90FC-643A-C900-000000000A00}
ParentProcessId: 4524
ParentImage: C:\Windows\Microsoft.NET\Framework64\v4.0.30319\ngen.exe
ParentCommandLine: ""C:\Windows\Microsoft.NET\Framework64\v4.0.30319\ngen.exe"" ExecuteQueuedItems /LegacyServiceBehavior
ParentUser: NT AUTHORITY\SYSTEM"
Information,4/15/2023 8:56:49 PM,Microsoft-Windows-Sysmon,5,Process terminated (rule: ProcessTerminate),"Process terminated:
RuleName: -
UtcTime: 2023-04-15 11:56:49.791
ProcessGuid: {2048537D-9101-643A-8F01-000000000A00}
ProcessId: 3636
Image: C:\Windows\Microsoft.NET\Framework64\v4.0.30319\mscorsvw.exe
User: NT AUTHORITY\SYSTEM"
Information,4/15/2023 8:56:49 PM,Microsoft-Windows-Sysmon,1,Process Create (rule: ProcessCreate),"Process Create:
RuleName: -
UtcTime: 2023-04-15 11:56:49.788
ProcessGuid: {2048537D-9101-643A-8F01-000000000A00}
ProcessId: 3636
Image: C:\Windows\Microsoft.NET\Framework64\v4.0.30319\mscorsvw.exe
FileVersion: 4.6.1586.0 built by: NETFXREL2
Description: .NET Runtime Optimization Service
Product: Microsoft® .NET Framework
Company: Microsoft Corporation
OriginalFileName: mscorsvw.exe
CommandLine: C:\Windows\Microsoft.NET\Framework64\v4.0.30319\mscorsvw.exe -StartupEvent 514 -InterruptEvent 0 -NGENProcess 508 -Pipe 51c -Comment ""NGen Worker Process""
CurrentDirectory: C:\Windows\system32\
User: NT AUTHORITY\SYSTEM
LogonGuid: {2048537D-8D03-643A-E703-000000000000}
LogonId: 0x3E7
TerminalSessionId: 0
IntegrityLevel: System
Hashes: SHA256=CB11A32CB4BDEAC24DF1725B583B12FFC326712C5B021EC0595931C0A9245C74
ParentProcessGuid: {2048537D-90FC-643A-C900-000000000A00}
ParentProcessId: 4524
ParentImage: C:\Windows\Microsoft.NET\Framework64\v4.0.30319\ngen.exe
ParentCommandLine: ""C:\Windows\Microsoft.NET\Framework64\v4.0.30319\ngen.exe"" ExecuteQueuedItems /LegacyServiceBehavior
ParentUser: NT AUTHORITY\SYSTEM"
Information,4/15/2023 8:56:49 PM,Microsoft-Windows-Sysmon,5,Process terminated (rule: ProcessTerminate),"Process terminated:
RuleName: -
UtcTime: 2023-04-15 11:56:49.776
ProcessGuid: {2048537D-9101-643A-8E01-000000000A00}
ProcessId: 3040
Image: C:\Windows\Microsoft.NET\Framework64\v4.0.30319\mscorsvw.exe
User: NT AUTHORITY\SYSTEM"
Information,4/15/2023 8:56:49 PM,Microsoft-Windows-Sysmon,1,Process Create (rule: ProcessCreate),"Process Create:
RuleName: -
UtcTime: 2023-04-15 11:56:49.762
ProcessGuid: {2048537D-9101-643A-8E01-000000000A00}
ProcessId: 3040
Image: C:\Windows\Microsoft.NET\Framework64\v4.0.30319\mscorsvw.exe
FileVersion: 4.6.1586.0 built by: NETFXREL2
Description: .NET Runtime Optimization Service
Product: Microsoft® .NET Framework
Company: Microsoft Corporation
OriginalFileName: mscorsvw.exe
CommandLine: C:\Windows\Microsoft.NET\Framework64\v4.0.30319\mscorsvw.exe -StartupEvent 50c -InterruptEvent 0 -NGENProcess 4f4 -Pipe 510 -Comment ""NGen Worker Process""
CurrentDirectory: C:\Windows\system32\
User: NT AUTHORITY\SYSTEM
LogonGuid: {2048537D-8D03-643A-E703-000000000000}
LogonId: 0x3E7
TerminalSessionId: 0
IntegrityLevel: System
Hashes: SHA256=CB11A32CB4BDEAC24DF1725B583B12FFC326712C5B021EC0595931C0A9245C74
ParentProcessGuid: {2048537D-90FC-643A-C900-000000000A00}
ParentProcessId: 4524
ParentImage: C:\Windows\Microsoft.NET\Framework64\v4.0.30319\ngen.exe
ParentCommandLine: ""C:\Windows\Microsoft.NET\Framework64\v4.0.30319\ngen.exe"" ExecuteQueuedItems /LegacyServiceBehavior
ParentUser: NT AUTHORITY\SYSTEM"
Information,4/15/2023 8:56:49 PM,Microsoft-Windows-Sysmon,5,Process terminated (rule: ProcessTerminate),"Process terminated:
RuleName: -
UtcTime: 2023-04-15 11:56:49.760
ProcessGuid: {2048537D-9101-643A-8D01-000000000A00}
ProcessId: 2080
Image: C:\Windows\Microsoft.NET\Framework64\v4.0.30319\mscorsvw.exe
User: NT AUTHORITY\SYSTEM"
Information,4/15/2023 8:56:49 PM,Microsoft-Windows-Sysmon,1,Process Create (rule: ProcessCreate),"Process Create:
RuleName: -
UtcTime: 2023-04-15 11:56:49.740
ProcessGuid: {2048537D-9101-643A-8D01-000000000A00}
ProcessId: 2080
Image: C:\Windows\Microsoft.NET\Framework64\v4.0.30319\mscorsvw.exe
FileVersion: 4.6.1586.0 built by: NETFXREL2
Description: .NET Runtime Optimization Service
Product: Microsoft® .NET Framework
Company: Microsoft Corporation
OriginalFileName: mscorsvw.exe
CommandLine: C:\Windows\Microsoft.NET\Framework64\v4.0.30319\mscorsvw.exe -StartupEvent 4d0 -InterruptEvent 0 -NGENProcess 510 -Pipe 4e0 -Comment ""NGen Worker Process""
CurrentDirectory: C:\Windows\system32\
User: NT AUTHORITY\SYSTEM
LogonGuid: {2048537D-8D03-643A-E703-000000000000}
LogonId: 0x3E7
TerminalSessionId: 0
IntegrityLevel: System
Hashes: SHA256=CB11A32CB4BDEAC24DF1725B583B12FFC326712C5B021EC0595931C0A9245C74
ParentProcessGuid: {2048537D-90FC-643A-C900-000000000A00}
ParentProcessId: 4524
ParentImage: C:\Windows\Microsoft.NET\Framework64\v4.0.30319\ngen.exe
ParentCommandLine: ""C:\Windows\Microsoft.NET\Framework64\v4.0.30319\ngen.exe"" ExecuteQueuedItems /LegacyServiceBehavior
ParentUser: NT AUTHORITY\SYSTEM"
Information,4/15/2023 8:56:49 PM,Microsoft-Windows-Sysmon,5,Process terminated (rule: ProcessTerminate),"Process terminated:
RuleName: -
UtcTime: 2023-04-15 11:56:49.729
ProcessGuid: {2048537D-9101-643A-8C01-000000000A00}
ProcessId: 4752
Image: C:\Windows\Microsoft.NET\Framework64\v4.0.30319\mscorsvw.exe
User: NT AUTHORITY\SYSTEM"
Information,4/15/2023 8:56:49 PM,Microsoft-Windows-Sysmon,1,Process Create (rule: ProcessCreate),"Process Create:
RuleName: -
UtcTime: 2023-04-15 11:56:49.719
ProcessGuid: {2048537D-9101-643A-8C01-000000000A00}
ProcessId: 4752
Image: C:\Windows\Microsoft.NET\Framework64\v4.0.30319\mscorsvw.exe
FileVersion: 4.6.1586.0 built by: NETFXREL2
Description: .NET Runtime Optimization Service
Product: Microsoft® .NET Framework
Company: Microsoft Corporation
OriginalFileName: mscorsvw.exe
CommandLine: C:\Windows\Microsoft.NET\Framework64\v4.0.30319\mscorsvw.exe -StartupEvent 4e8 -InterruptEvent 0 -NGENProcess 50c -Pipe 504 -Comment ""NGen Worker Process""
CurrentDirectory: C:\Windows\system32\
User: NT AUTHORITY\SYSTEM
LogonGuid: {2048537D-8D03-643A-E703-000000000000}
LogonId: 0x3E7
TerminalSessionId: 0
IntegrityLevel: System
Hashes: SHA256=CB11A32CB4BDEAC24DF1725B583B12FFC326712C5B021EC0595931C0A9245C74
ParentProcessGuid: {2048537D-90FC-643A-C900-000000000A00}
ParentProcessId: 4524
ParentImage: C:\Windows\Microsoft.NET\Framework64\v4.0.30319\ngen.exe
ParentCommandLine: ""C:\Windows\Microsoft.NET\Framework64\v4.0.30319\ngen.exe"" ExecuteQueuedItems /LegacyServiceBehavior
ParentUser: NT AUTHORITY\SYSTEM"
Information,4/15/2023 8:56:49 PM,Microsoft-Windows-Sysmon,5,Process terminated (rule: ProcessTerminate),"Process terminated:
RuleName: -
UtcTime: 2023-04-15 11:56:49.713
ProcessGuid: {2048537D-9101-643A-8B01-000000000A00}
ProcessId: 4336
Image: C:\Windows\Microsoft.NET\Framework64\v4.0.30319\mscorsvw.exe
User: NT AUTHORITY\SYSTEM"
Information,4/15/2023 8:56:49 PM,Microsoft-Windows-Sysmon,1,Process Create (rule: ProcessCreate),"Process Create:
RuleName: -
UtcTime: 2023-04-15 11:56:49.700
ProcessGuid: {2048537D-9101-643A-8B01-000000000A00}
ProcessId: 4336
Image: C:\Windows\Microsoft.NET\Framework64\v4.0.30319\mscorsvw.exe
FileVersion: 4.6.1586.0 built by: NETFXREL2
Description: .NET Runtime Optimization Service
Product: Microsoft® .NET Framework
Company: Microsoft Corporation
OriginalFileName: mscorsvw.exe
CommandLine: C:\Windows\Microsoft.NET\Framework64\v4.0.30319\mscorsvw.exe -StartupEvent 500 -InterruptEvent 0 -NGENProcess 504 -Pipe 48c -Comment ""NGen Worker Process""
CurrentDirectory: C:\Windows\system32\
User: NT AUTHORITY\SYSTEM
LogonGuid: {2048537D-8D03-643A-E703-000000000000}
LogonId: 0x3E7
TerminalSessionId: 0
IntegrityLevel: System
Hashes: SHA256=CB11A32CB4BDEAC24DF1725B583B12FFC326712C5B021EC0595931C0A9245C74
ParentProcessGuid: {2048537D-90FC-643A-C900-000000000A00}
ParentProcessId: 4524
ParentImage: C:\Windows\Microsoft.NET\Framework64\v4.0.30319\ngen.exe
ParentCommandLine: ""C:\Windows\Microsoft.NET\Framework64\v4.0.30319\ngen.exe"" ExecuteQueuedItems /LegacyServiceBehavior
ParentUser: NT AUTHORITY\SYSTEM"
Information,4/15/2023 8:56:49 PM,Microsoft-Windows-Sysmon,5,Process terminated (rule: ProcessTerminate),"Process terminated:
RuleName: -
UtcTime: 2023-04-15 11:56:49.698
ProcessGuid: {2048537D-9101-643A-8A01-000000000A00}
ProcessId: 4332
Image: C:\Windows\Microsoft.NET\Framework64\v4.0.30319\mscorsvw.exe
User: NT AUTHORITY\SYSTEM"
Information,4/15/2023 8:56:49 PM,Microsoft-Windows-Sysmon,1,Process Create (rule: ProcessCreate),"Process Create:
RuleName: -
UtcTime: 2023-04-15 11:56:49.682
ProcessGuid: {2048537D-9101-643A-8A01-000000000A00}
ProcessId: 4332
Image: C:\Windows\Microsoft.NET\Framework64\v4.0.30319\mscorsvw.exe
FileVersion: 4.6.1586.0 built by: NETFXREL2
Description: .NET Runtime Optimization Service
Product: Microsoft® .NET Framework
Company: Microsoft Corporation
OriginalFileName: mscorsvw.exe
CommandLine: C:\Windows\Microsoft.NET\Framework64\v4.0.30319\mscorsvw.exe -StartupEvent 50c -InterruptEvent 0 -NGENProcess 48c -Pipe 45c -Comment ""NGen Worker Process""
CurrentDirectory: C:\Windows\system32\
User: NT AUTHORITY\SYSTEM
LogonGuid: {2048537D-8D03-643A-E703-000000000000}
LogonId: 0x3E7
TerminalSessionId: 0
IntegrityLevel: System
Hashes: SHA256=CB11A32CB4BDEAC24DF1725B583B12FFC326712C5B021EC0595931C0A9245C74
ParentProcessGuid: {2048537D-90FC-643A-C900-000000000A00}
ParentProcessId: 4524
ParentImage: C:\Windows\Microsoft.NET\Framework64\v4.0.30319\ngen.exe
ParentCommandLine: ""C:\Windows\Microsoft.NET\Framework64\v4.0.30319\ngen.exe"" ExecuteQueuedItems /LegacyServiceBehavior
ParentUser: NT AUTHORITY\SYSTEM"
Information,4/15/2023 8:56:49 PM,Microsoft-Windows-Sysmon,5,Process terminated (rule: ProcessTerminate),"Process terminated:
RuleName: -
UtcTime: 2023-04-15 11:56:49.682
ProcessGuid: {2048537D-9101-643A-8901-000000000A00}
ProcessId: 4224
Image: C:\Windows\Microsoft.NET\Framework64\v4.0.30319\mscorsvw.exe
User: NT AUTHORITY\SYSTEM"
Information,4/15/2023 8:56:49 PM,Microsoft-Windows-Sysmon,1,Process Create (rule: ProcessCreate),"Process Create:
RuleName: -
UtcTime: 2023-04-15 11:56:49.664
ProcessGuid: {2048537D-9101-643A-8901-000000000A00}
ProcessId: 4224
Image: C:\Windows\Microsoft.NET\Framework64\v4.0.30319\mscorsvw.exe
FileVersion: 4.6.1586.0 built by: NETFXREL2
Description: .NET Runtime Optimization Service
Product: Microsoft® .NET Framework
Company: Microsoft Corporation
OriginalFileName: mscorsvw.exe
CommandLine: C:\Windows\Microsoft.NET\Framework64\v4.0.30319\mscorsvw.exe -StartupEvent 504 -InterruptEvent 0 -NGENProcess 45c -Pipe 4f8 -Comment ""NGen Worker Process""
CurrentDirectory: C:\Windows\system32\
User: NT AUTHORITY\SYSTEM
LogonGuid: {2048537D-8D03-643A-E703-000000000000}
LogonId: 0x3E7
TerminalSessionId: 0
IntegrityLevel: System
Hashes: SHA256=CB11A32CB4BDEAC24DF1725B583B12FFC326712C5B021EC0595931C0A9245C74
ParentProcessGuid: {2048537D-90FC-643A-C900-000000000A00}
ParentProcessId: 4524
ParentImage: C:\Windows\Microsoft.NET\Framework64\v4.0.30319\ngen.exe
ParentCommandLine: ""C:\Windows\Microsoft.NET\Framework64\v4.0.30319\ngen.exe"" ExecuteQueuedItems /LegacyServiceBehavior
ParentUser: NT AUTHORITY\SYSTEM"
Information,4/15/2023 8:56:49 PM,Microsoft-Windows-Sysmon,5,Process terminated (rule: ProcessTerminate),"Process terminated:
RuleName: -
UtcTime: 2023-04-15 11:56:49.651
ProcessGuid: {2048537D-9101-643A-8801-000000000A00}
ProcessId: 4328
Image: C:\Windows\Microsoft.NET\Framework64\v4.0.30319\mscorsvw.exe
User: NT AUTHORITY\SYSTEM"
Information,4/15/2023 8:56:49 PM,Microsoft-Windows-Sysmon,1,Process Create (rule: ProcessCreate),"Process Create:
RuleName: -
UtcTime: 2023-04-15 11:56:49.648
ProcessGuid: {2048537D-9101-643A-8801-000000000A00}
ProcessId: 4328
Image: C:\Windows\Microsoft.NET\Framework64\v4.0.30319\mscorsvw.exe
FileVersion: 4.6.1586.0 built by: NETFXREL2
Description: .NET Runtime Optimization Service
Product: Microsoft® .NET Framework
Company: Microsoft Corporation
OriginalFileName: mscorsvw.exe
CommandLine: C:\Windows\Microsoft.NET\Framework64\v4.0.30319\mscorsvw.exe -StartupEvent 48c -InterruptEvent 0 -NGENProcess 4f8 -Pipe 4ec -Comment ""NGen Worker Process""
CurrentDirectory: C:\Windows\system32\
User: NT AUTHORITY\SYSTEM
LogonGuid: {2048537D-8D03-643A-E703-000000000000}
LogonId: 0x3E7
TerminalSessionId: 0
IntegrityLevel: System
Hashes: SHA256=CB11A32CB4BDEAC24DF1725B583B12FFC326712C5B021EC0595931C0A9245C74
ParentProcessGuid: {2048537D-90FC-643A-C900-000000000A00}
ParentProcessId: 4524
ParentImage: C:\Windows\Microsoft.NET\Framework64\v4.0.30319\ngen.exe
ParentCommandLine: ""C:\Windows\Microsoft.NET\Framework64\v4.0.30319\ngen.exe"" ExecuteQueuedItems /LegacyServiceBehavior
ParentUser: NT AUTHORITY\SYSTEM"
Information,4/15/2023 8:56:49 PM,Microsoft-Windows-Sysmon,5,Process terminated (rule: ProcessTerminate),"Process terminated:
RuleName: -
UtcTime: 2023-04-15 11:56:49.635
ProcessGuid: {2048537D-9101-643A-8701-000000000A00}
ProcessId: 4424
Image: C:\Windows\Microsoft.NET\Framework64\v4.0.30319\mscorsvw.exe
User: NT AUTHORITY\SYSTEM"
Information,4/15/2023 8:56:49 PM,Microsoft-Windows-Sysmon,1,Process Create (rule: ProcessCreate),"Process Create:
RuleName: -
UtcTime: 2023-04-15 11:56:49.631
ProcessGuid: {2048537D-9101-643A-8701-000000000A00}
ProcessId: 4424
Image: C:\Windows\Microsoft.NET\Framework64\v4.0.30319\mscorsvw.exe
FileVersion: 4.6.1586.0 built by: NETFXREL2
Description: .NET Runtime Optimization Service
Product: Microsoft® .NET Framework
Company: Microsoft Corporation
OriginalFileName: mscorsvw.exe
CommandLine: C:\Windows\Microsoft.NET\Framework64\v4.0.30319\mscorsvw.exe -StartupEvent 45c -InterruptEvent 0 -NGENProcess 4ec -Pipe 4b0 -Comment ""NGen Worker Process""
CurrentDirectory: C:\Windows\system32\
User: NT AUTHORITY\SYSTEM
LogonGuid: {2048537D-8D03-643A-E703-000000000000}
LogonId: 0x3E7
TerminalSessionId: 0
IntegrityLevel: System
Hashes: SHA256=CB11A32CB4BDEAC24DF1725B583B12FFC326712C5B021EC0595931C0A9245C74
ParentProcessGuid: {2048537D-90FC-643A-C900-000000000A00}
ParentProcessId: 4524
ParentImage: C:\Windows\Microsoft.NET\Framework64\v4.0.30319\ngen.exe
ParentCommandLine: ""C:\Windows\Microsoft.NET\Framework64\v4.0.30319\ngen.exe"" ExecuteQueuedItems /LegacyServiceBehavior
ParentUser: NT AUTHORITY\SYSTEM"
Information,4/15/2023 8:56:49 PM,Microsoft-Windows-Sysmon,5,Process terminated (rule: ProcessTerminate),"Process terminated:
RuleName: -
UtcTime: 2023-04-15 11:56:49.619
ProcessGuid: {2048537D-9101-643A-8601-000000000A00}
ProcessId: 2872
Image: C:\Windows\Microsoft.NET\Framework64\v4.0.30319\mscorsvw.exe
User: NT AUTHORITY\SYSTEM"
Information,4/15/2023 8:56:49 PM,Microsoft-Windows-Sysmon,1,Process Create (rule: ProcessCreate),"Process Create:
RuleName: -
UtcTime: 2023-04-15 11:56:49.613
ProcessGuid: {2048537D-9101-643A-8601-000000000A00}
ProcessId: 2872
Image: C:\Windows\Microsoft.NET\Framework64\v4.0.30319\mscorsvw.exe
FileVersion: 4.6.1586.0 built by: NETFXREL2
Description: .NET Runtime Optimization Service
Product: Microsoft® .NET Framework
Company: Microsoft Corporation
OriginalFileName: mscorsvw.exe
CommandLine: C:\Windows\Microsoft.NET\Framework64\v4.0.30319\mscorsvw.exe -StartupEvent 4f8 -InterruptEvent 0 -NGENProcess 4b0 -Pipe 4f0 -Comment ""NGen Worker Process""
CurrentDirectory: C:\Windows\system32\
User: NT AUTHORITY\SYSTEM
LogonGuid: {2048537D-8D03-643A-E703-000000000000}
LogonId: 0x3E7
TerminalSessionId: 0
IntegrityLevel: System
Hashes: SHA256=CB11A32CB4BDEAC24DF1725B583B12FFC326712C5B021EC0595931C0A9245C74
ParentProcessGuid: {2048537D-90FC-643A-C900-000000000A00}
ParentProcessId: 4524
ParentImage: C:\Windows\Microsoft.NET\Framework64\v4.0.30319\ngen.exe
ParentCommandLine: ""C:\Windows\Microsoft.NET\Framework64\v4.0.30319\ngen.exe"" ExecuteQueuedItems /LegacyServiceBehavior
ParentUser: NT AUTHORITY\SYSTEM"
Information,4/15/2023 8:56:49 PM,Microsoft-Windows-Sysmon,5,Process terminated (rule: ProcessTerminate),"Process terminated:
RuleName: -
UtcTime: 2023-04-15 11:56:49.604
ProcessGuid: {2048537D-9101-643A-8501-000000000A00}
ProcessId: 4876
Image: C:\Windows\Microsoft.NET\Framework64\v4.0.30319\mscorsvw.exe
User: NT AUTHORITY\SYSTEM"
Information,4/15/2023 8:56:49 PM,Microsoft-Windows-Sysmon,1,Process Create (rule: ProcessCreate),"Process Create:
RuleName: -
UtcTime: 2023-04-15 11:56:49.596
ProcessGuid: {2048537D-9101-643A-8501-000000000A00}
ProcessId: 4876
Image: C:\Windows\Microsoft.NET\Framework64\v4.0.30319\mscorsvw.exe
FileVersion: 4.6.1586.0 built by: NETFXREL2
Description: .NET Runtime Optimization Service
Product: Microsoft® .NET Framework
Company: Microsoft Corporation
OriginalFileName: mscorsvw.exe
CommandLine: C:\Windows\Microsoft.NET\Framework64\v4.0.30319\mscorsvw.exe -StartupEvent 4e4 -InterruptEvent 0 -NGENProcess 48c -Pipe 4b4 -Comment ""NGen Worker Process""
CurrentDirectory: C:\Windows\system32\
User: NT AUTHORITY\SYSTEM
LogonGuid: {2048537D-8D03-643A-E703-000000000000}
LogonId: 0x3E7
TerminalSessionId: 0
IntegrityLevel: System
Hashes: SHA256=CB11A32CB4BDEAC24DF1725B583B12FFC326712C5B021EC0595931C0A9245C74
ParentProcessGuid: {2048537D-90FC-643A-C900-000000000A00}
ParentProcessId: 4524
ParentImage: C:\Windows\Microsoft.NET\Framework64\v4.0.30319\ngen.exe
ParentCommandLine: ""C:\Windows\Microsoft.NET\Framework64\v4.0.30319\ngen.exe"" ExecuteQueuedItems /LegacyServiceBehavior
ParentUser: NT AUTHORITY\SYSTEM"
Information,4/15/2023 8:56:49 PM,Microsoft-Windows-Sysmon,5,Process terminated (rule: ProcessTerminate),"Process terminated:
RuleName: -
UtcTime: 2023-04-15 11:56:49.588
ProcessGuid: {2048537D-9101-643A-8401-000000000A00}
ProcessId: 4624
Image: C:\Windows\Microsoft.NET\Framework64\v4.0.30319\mscorsvw.exe
User: NT AUTHORITY\SYSTEM"
Information,4/15/2023 8:56:49 PM,Microsoft-Windows-Sysmon,1,Process Create (rule: ProcessCreate),"Process Create:
RuleName: -
UtcTime: 2023-04-15 11:56:49.578
ProcessGuid: {2048537D-9101-643A-8401-000000000A00}
ProcessId: 4624
Image: C:\Windows\Microsoft.NET\Framework64\v4.0.30319\mscorsvw.exe
FileVersion: 4.6.1586.0 built by: NETFXREL2
Description: .NET Runtime Optimization Service
Product: Microsoft® .NET Framework
Company: Microsoft Corporation
OriginalFileName: mscorsvw.exe
CommandLine: C:\Windows\Microsoft.NET\Framework64\v4.0.30319\mscorsvw.exe -StartupEvent 4ec -InterruptEvent 0 -NGENProcess 4e8 -Pipe 498 -Comment ""NGen Worker Process""
CurrentDirectory: C:\Windows\system32\
User: NT AUTHORITY\SYSTEM
LogonGuid: {2048537D-8D03-643A-E703-000000000000}
LogonId: 0x3E7
TerminalSessionId: 0
IntegrityLevel: System
Hashes: SHA256=CB11A32CB4BDEAC24DF1725B583B12FFC326712C5B021EC0595931C0A9245C74
ParentProcessGuid: {2048537D-90FC-643A-C900-000000000A00}
ParentProcessId: 4524
ParentImage: C:\Windows\Microsoft.NET\Framework64\v4.0.30319\ngen.exe
ParentCommandLine: ""C:\Windows\Microsoft.NET\Framework64\v4.0.30319\ngen.exe"" ExecuteQueuedItems /LegacyServiceBehavior
ParentUser: NT AUTHORITY\SYSTEM"
Information,4/15/2023 8:56:49 PM,Microsoft-Windows-Sysmon,5,Process terminated (rule: ProcessTerminate),"Process terminated:
RuleName: -
UtcTime: 2023-04-15 11:56:49.573
ProcessGuid: {2048537D-9101-643A-8301-000000000A00}
ProcessId: 4604
Image: C:\Windows\Microsoft.NET\Framework64\v4.0.30319\mscorsvw.exe
User: NT AUTHORITY\SYSTEM"
Information,4/15/2023 8:56:49 PM,Microsoft-Windows-Sysmon,1,Process Create (rule: ProcessCreate),"Process Create:
RuleName: -
UtcTime: 2023-04-15 11:56:49.549
ProcessGuid: {2048537D-9101-643A-8301-000000000A00}
ProcessId: 4604
Image: C:\Windows\Microsoft.NET\Framework64\v4.0.30319\mscorsvw.exe
FileVersion: 4.6.1586.0 built by: NETFXREL2
Description: .NET Runtime Optimization Service
Product: Microsoft® .NET Framework
Company: Microsoft Corporation
OriginalFileName: mscorsvw.exe
CommandLine: C:\Windows\Microsoft.NET\Framework64\v4.0.30319\mscorsvw.exe -StartupEvent 45c -InterruptEvent 0 -NGENProcess 498 -Pipe 4d8 -Comment ""NGen Worker Process""
CurrentDirectory: C:\Windows\system32\
User: NT AUTHORITY\SYSTEM
LogonGuid: {2048537D-8D03-643A-E703-000000000000}
LogonId: 0x3E7
TerminalSessionId: 0
IntegrityLevel: System
Hashes: SHA256=CB11A32CB4BDEAC24DF1725B583B12FFC326712C5B021EC0595931C0A9245C74
ParentProcessGuid: {2048537D-90FC-643A-C900-000000000A00}
ParentProcessId: 4524
ParentImage: C:\Windows\Microsoft.NET\Framework64\v4.0.30319\ngen.exe
ParentCommandLine: ""C:\Windows\Microsoft.NET\Framework64\v4.0.30319\ngen.exe"" ExecuteQueuedItems /LegacyServiceBehavior
ParentUser: NT AUTHORITY\SYSTEM"
Information,4/15/2023 8:56:49 PM,Microsoft-Windows-Sysmon,5,Process terminated (rule: ProcessTerminate),"Process terminated:
RuleName: -
UtcTime: 2023-04-15 11:56:49.541
ProcessGuid: {2048537D-9101-643A-8201-000000000A00}
ProcessId: 4564
Image: C:\Windows\Microsoft.NET\Framework64\v4.0.30319\mscorsvw.exe
User: NT AUTHORITY\SYSTEM"
Information,4/15/2023 8:56:49 PM,Microsoft-Windows-Sysmon,1,Process Create (rule: ProcessCreate),"Process Create:
RuleName: -
UtcTime: 2023-04-15 11:56:49.530
ProcessGuid: {2048537D-9101-643A-8201-000000000A00}
ProcessId: 4564
Image: C:\Windows\Microsoft.NET\Framework64\v4.0.30319\mscorsvw.exe
FileVersion: 4.6.1586.0 built by: NETFXREL2
Description: .NET Runtime Optimization Service
Product: Microsoft® .NET Framework
Company: Microsoft Corporation
OriginalFileName: mscorsvw.exe
CommandLine: C:\Windows\Microsoft.NET\Framework64\v4.0.30319\mscorsvw.exe -StartupEvent 4e8 -InterruptEvent 0 -NGENProcess 4d8 -Pipe 4dc -Comment ""NGen Worker Process""
CurrentDirectory: C:\Windows\system32\
User: NT AUTHORITY\SYSTEM
LogonGuid: {2048537D-8D03-643A-E703-000000000000}
LogonId: 0x3E7
TerminalSessionId: 0
IntegrityLevel: System
Hashes: SHA256=CB11A32CB4BDEAC24DF1725B583B12FFC326712C5B021EC0595931C0A9245C74
ParentProcessGuid: {2048537D-90FC-643A-C900-000000000A00}
ParentProcessId: 4524
ParentImage: C:\Windows\Microsoft.NET\Framework64\v4.0.30319\ngen.exe
ParentCommandLine: ""C:\Windows\Microsoft.NET\Framework64\v4.0.30319\ngen.exe"" ExecuteQueuedItems /LegacyServiceBehavior
ParentUser: NT AUTHORITY\SYSTEM"
Information,4/15/2023 8:56:49 PM,Microsoft-Windows-Sysmon,5,Process terminated (rule: ProcessTerminate),"Process terminated:
RuleName: -
UtcTime: 2023-04-15 11:56:49.526
ProcessGuid: {2048537D-9101-643A-8101-000000000A00}
ProcessId: 5072
Image: C:\Windows\Microsoft.NET\Framework64\v4.0.30319\mscorsvw.exe
User: NT AUTHORITY\SYSTEM"
Information,4/15/2023 8:56:49 PM,Microsoft-Windows-Sysmon,1,Process Create (rule: ProcessCreate),"Process Create:
RuleName: -
UtcTime: 2023-04-15 11:56:49.510
ProcessGuid: {2048537D-9101-643A-8101-000000000A00}
ProcessId: 5072
Image: C:\Windows\Microsoft.NET\Framework64\v4.0.30319\mscorsvw.exe
FileVersion: 4.6.1586.0 built by: NETFXREL2
Description: .NET Runtime Optimization Service
Product: Microsoft® .NET Framework
Company: Microsoft Corporation
OriginalFileName: mscorsvw.exe
CommandLine: C:\Windows\Microsoft.NET\Framework64\v4.0.30319\mscorsvw.exe -StartupEvent 498 -InterruptEvent 0 -NGENProcess 4dc -Pipe 4a8 -Comment ""NGen Worker Process""
CurrentDirectory: C:\Windows\system32\
User: NT AUTHORITY\SYSTEM
LogonGuid: {2048537D-8D03-643A-E703-000000000000}
LogonId: 0x3E7
TerminalSessionId: 0
IntegrityLevel: System
Hashes: SHA256=CB11A32CB4BDEAC24DF1725B583B12FFC326712C5B021EC0595931C0A9245C74
ParentProcessGuid: {2048537D-90FC-643A-C900-000000000A00}
ParentProcessId: 4524
ParentImage: C:\Windows\Microsoft.NET\Framework64\v4.0.30319\ngen.exe
ParentCommandLine: ""C:\Windows\Microsoft.NET\Framework64\v4.0.30319\ngen.exe"" ExecuteQueuedItems /LegacyServiceBehavior
ParentUser: NT AUTHORITY\SYSTEM"
Information,4/15/2023 8:56:49 PM,Microsoft-Windows-Sysmon,5,Process terminated (rule: ProcessTerminate),"Process terminated:
RuleName: -
UtcTime: 2023-04-15 11:56:49.510
ProcessGuid: {2048537D-9101-643A-8001-000000000A00}
ProcessId: 5008
Image: C:\Windows\Microsoft.NET\Framework64\v4.0.30319\mscorsvw.exe
User: NT AUTHORITY\SYSTEM"
Information,4/15/2023 8:56:49 PM,Microsoft-Windows-Sysmon,1,Process Create (rule: ProcessCreate),"Process Create:
RuleName: -
UtcTime: 2023-04-15 11:56:49.484
ProcessGuid: {2048537D-9101-643A-8001-000000000A00}
ProcessId: 5008
Image: C:\Windows\Microsoft.NET\Framework64\v4.0.30319\mscorsvw.exe
FileVersion: 4.6.1586.0 built by: NETFXREL2
Description: .NET Runtime Optimization Service
Product: Microsoft® .NET Framework
Company: Microsoft Corporation
OriginalFileName: mscorsvw.exe
CommandLine: C:\Windows\Microsoft.NET\Framework64\v4.0.30319\mscorsvw.exe -StartupEvent 4e0 -InterruptEvent 0 -NGENProcess 4d0 -Pipe 4d4 -Comment ""NGen Worker Process""
CurrentDirectory: C:\Windows\system32\
User: NT AUTHORITY\SYSTEM
LogonGuid: {2048537D-8D03-643A-E703-000000000000}
LogonId: 0x3E7
TerminalSessionId: 0
IntegrityLevel: System
Hashes: SHA256=CB11A32CB4BDEAC24DF1725B583B12FFC326712C5B021EC0595931C0A9245C74
ParentProcessGuid: {2048537D-90FC-643A-C900-000000000A00}
ParentProcessId: 4524
ParentImage: C:\Windows\Microsoft.NET\Framework64\v4.0.30319\ngen.exe
ParentCommandLine: ""C:\Windows\Microsoft.NET\Framework64\v4.0.30319\ngen.exe"" ExecuteQueuedItems /LegacyServiceBehavior
ParentUser: NT AUTHORITY\SYSTEM"
Information,4/15/2023 8:56:49 PM,Microsoft-Windows-Sysmon,5,Process terminated (rule: ProcessTerminate),"Process terminated:
RuleName: -
UtcTime: 2023-04-15 11:56:49.479
ProcessGuid: {2048537D-9101-643A-7F01-000000000A00}
ProcessId: 4868
Image: C:\Windows\Microsoft.NET\Framework64\v4.0.30319\mscorsvw.exe
User: NT AUTHORITY\SYSTEM"
Information,4/15/2023 8:56:49 PM,Microsoft-Windows-Sysmon,1,Process Create (rule: ProcessCreate),"Process Create:
RuleName: -
UtcTime: 2023-04-15 11:56:49.465
ProcessGuid: {2048537D-9101-643A-7F01-000000000A00}
ProcessId: 4868
Image: C:\Windows\Microsoft.NET\Framework64\v4.0.30319\mscorsvw.exe
FileVersion: 4.6.1586.0 built by: NETFXREL2
Description: .NET Runtime Optimization Service
Product: Microsoft® .NET Framework
Company: Microsoft Corporation
OriginalFileName: mscorsvw.exe
CommandLine: C:\Windows\Microsoft.NET\Framework64\v4.0.30319\mscorsvw.exe -StartupEvent 45c -InterruptEvent 0 -NGENProcess 4d4 -Pipe 47c -Comment ""NGen Worker Process""
CurrentDirectory: C:\Windows\system32\
User: NT AUTHORITY\SYSTEM
LogonGuid: {2048537D-8D03-643A-E703-000000000000}
LogonId: 0x3E7
TerminalSessionId: 0
IntegrityLevel: System
Hashes: SHA256=CB11A32CB4BDEAC24DF1725B583B12FFC326712C5B021EC0595931C0A9245C74
ParentProcessGuid: {2048537D-90FC-643A-C900-000000000A00}
ParentProcessId: 4524
ParentImage: C:\Windows\Microsoft.NET\Framework64\v4.0.30319\ngen.exe
ParentCommandLine: ""C:\Windows\Microsoft.NET\Framework64\v4.0.30319\ngen.exe"" ExecuteQueuedItems /LegacyServiceBehavior
ParentUser: NT AUTHORITY\SYSTEM"
Information,4/15/2023 8:56:49 PM,Microsoft-Windows-Sysmon,5,Process terminated (rule: ProcessTerminate),"Process terminated:
RuleName: -
UtcTime: 2023-04-15 11:56:49.463
ProcessGuid: {2048537D-9101-643A-7E01-000000000A00}
ProcessId: 4132
Image: C:\Windows\Microsoft.NET\Framework64\v4.0.30319\mscorsvw.exe
User: NT AUTHORITY\SYSTEM"
Information,4/15/2023 8:56:49 PM,Microsoft-Windows-Sysmon,1,Process Create (rule: ProcessCreate),"Process Create:
RuleName: -
UtcTime: 2023-04-15 11:56:49.431
ProcessGuid: {2048537D-9101-643A-7E01-000000000A00}
ProcessId: 4132
Image: C:\Windows\Microsoft.NET\Framework64\v4.0.30319\mscorsvw.exe
FileVersion: 4.6.1586.0 built by: NETFXREL2
Description: .NET Runtime Optimization Service
Product: Microsoft® .NET Framework
Company: Microsoft Corporation
OriginalFileName: mscorsvw.exe
CommandLine: C:\Windows\Microsoft.NET\Framework64\v4.0.30319\mscorsvw.exe -StartupEvent 4d8 -InterruptEvent 0 -NGENProcess 4b0 -Pipe 4c4 -Comment ""NGen Worker Process""
CurrentDirectory: C:\Windows\system32\
User: NT AUTHORITY\SYSTEM
LogonGuid: {2048537D-8D03-643A-E703-000000000000}
LogonId: 0x3E7
TerminalSessionId: 0
IntegrityLevel: System
Hashes: SHA256=CB11A32CB4BDEAC24DF1725B583B12FFC326712C5B021EC0595931C0A9245C74
ParentProcessGuid: {2048537D-90FC-643A-C900-000000000A00}
ParentProcessId: 4524
ParentImage: C:\Windows\Microsoft.NET\Framework64\v4.0.30319\ngen.exe
ParentCommandLine: ""C:\Windows\Microsoft.NET\Framework64\v4.0.30319\ngen.exe"" ExecuteQueuedItems /LegacyServiceBehavior
ParentUser: NT AUTHORITY\SYSTEM"
Information,4/15/2023 8:56:49 PM,Microsoft-Windows-Sysmon,5,Process terminated (rule: ProcessTerminate),"Process terminated:
RuleName: -
UtcTime: 2023-04-15 11:56:49.416
ProcessGuid: {2048537D-9101-643A-7D01-000000000A00}
ProcessId: 4672
Image: C:\Windows\Microsoft.NET\Framework64\v4.0.30319\mscorsvw.exe
User: NT AUTHORITY\SYSTEM"
Information,4/15/2023 8:56:49 PM,Microsoft-Windows-Sysmon,1,Process Create (rule: ProcessCreate),"Process Create:
RuleName: -
UtcTime: 2023-04-15 11:56:49.405
ProcessGuid: {2048537D-9101-643A-7D01-000000000A00}
ProcessId: 4672
Image: C:\Windows\Microsoft.NET\Framework64\v4.0.30319\mscorsvw.exe
FileVersion: 4.6.1586.0 built by: NETFXREL2
Description: .NET Runtime Optimization Service
Product: Microsoft® .NET Framework
Company: Microsoft Corporation
OriginalFileName: mscorsvw.exe
CommandLine: C:\Windows\Microsoft.NET\Framework64\v4.0.30319\mscorsvw.exe -StartupEvent 48c -InterruptEvent 0 -NGENProcess 4c4 -Pipe 448 -Comment ""NGen Worker Process""
CurrentDirectory: C:\Windows\system32\
User: NT AUTHORITY\SYSTEM
LogonGuid: {2048537D-8D03-643A-E703-000000000000}
LogonId: 0x3E7
TerminalSessionId: 0
IntegrityLevel: System
Hashes: SHA256=CB11A32CB4BDEAC24DF1725B583B12FFC326712C5B021EC0595931C0A9245C74
ParentProcessGuid: {2048537D-90FC-643A-C900-000000000A00}
ParentProcessId: 4524
ParentImage: C:\Windows\Microsoft.NET\Framework64\v4.0.30319\ngen.exe
ParentCommandLine: ""C:\Windows\Microsoft.NET\Framework64\v4.0.30319\ngen.exe"" ExecuteQueuedItems /LegacyServiceBehavior
ParentUser: NT AUTHORITY\SYSTEM"
Information,4/15/2023 8:56:49 PM,Microsoft-Windows-Sysmon,5,Process terminated (rule: ProcessTerminate),"Process terminated:
RuleName: -
UtcTime: 2023-04-15 11:56:49.401
ProcessGuid: {2048537D-9101-643A-7C01-000000000A00}
ProcessId: 4124
Image: C:\Windows\Microsoft.NET\Framework64\v4.0.30319\mscorsvw.exe
User: NT AUTHORITY\SYSTEM"
Information,4/15/2023 8:56:49 PM,Microsoft-Windows-Sysmon,1,Process Create (rule: ProcessCreate),"Process Create:
RuleName: -
UtcTime: 2023-04-15 11:56:49.381
ProcessGuid: {2048537D-9101-643A-7C01-000000000A00}
ProcessId: 4124
Image: C:\Windows\Microsoft.NET\Framework64\v4.0.30319\mscorsvw.exe
FileVersion: 4.6.1586.0 built by: NETFXREL2
Description: .NET Runtime Optimization Service
Product: Microsoft® .NET Framework
Company: Microsoft Corporation
OriginalFileName: mscorsvw.exe
CommandLine: C:\Windows\Microsoft.NET\Framework64\v4.0.30319\mscorsvw.exe -StartupEvent 4d0 -InterruptEvent 0 -NGENProcess 498 -Pipe 4cc -Comment ""NGen Worker Process""
CurrentDirectory: C:\Windows\system32\
User: NT AUTHORITY\SYSTEM
LogonGuid: {2048537D-8D03-643A-E703-000000000000}
LogonId: 0x3E7
TerminalSessionId: 0
IntegrityLevel: System
Hashes: SHA256=CB11A32CB4BDEAC24DF1725B583B12FFC326712C5B021EC0595931C0A9245C74
ParentProcessGuid: {2048537D-90FC-643A-C900-000000000A00}
ParentProcessId: 4524
ParentImage: C:\Windows\Microsoft.NET\Framework64\v4.0.30319\ngen.exe
ParentCommandLine: ""C:\Windows\Microsoft.NET\Framework64\v4.0.30319\ngen.exe"" ExecuteQueuedItems /LegacyServiceBehavior
ParentUser: NT AUTHORITY\SYSTEM"
Information,4/15/2023 8:56:49 PM,Microsoft-Windows-Sysmon,5,Process terminated (rule: ProcessTerminate),"Process terminated:
RuleName: -
UtcTime: 2023-04-15 11:56:49.369
ProcessGuid: {2048537D-9101-643A-7B01-000000000A00}
ProcessId: 4204
Image: C:\Windows\Microsoft.NET\Framework64\v4.0.30319\mscorsvw.exe
User: NT AUTHORITY\SYSTEM"
Information,4/15/2023 8:56:49 PM,Microsoft-Windows-Sysmon,1,Process Create (rule: ProcessCreate),"Process Create:
RuleName: -
UtcTime: 2023-04-15 11:56:49.355
ProcessGuid: {2048537D-9101-643A-7B01-000000000A00}
ProcessId: 4204
Image: C:\Windows\Microsoft.NET\Framework64\v4.0.30319\mscorsvw.exe
FileVersion: 4.6.1586.0 built by: NETFXREL2
Description: .NET Runtime Optimization Service
Product: Microsoft® .NET Framework
Company: Microsoft Corporation
OriginalFileName: mscorsvw.exe
CommandLine: C:\Windows\Microsoft.NET\Framework64\v4.0.30319\mscorsvw.exe -StartupEvent 4a8 -InterruptEvent 0 -NGENProcess 4cc -Pipe 4c8 -Comment ""NGen Worker Process""
CurrentDirectory: C:\Windows\system32\
User: NT AUTHORITY\SYSTEM
LogonGuid: {2048537D-8D03-643A-E703-000000000000}
LogonId: 0x3E7
TerminalSessionId: 0
IntegrityLevel: System
Hashes: SHA256=CB11A32CB4BDEAC24DF1725B583B12FFC326712C5B021EC0595931C0A9245C74
ParentProcessGuid: {2048537D-90FC-643A-C900-000000000A00}
ParentProcessId: 4524
ParentImage: C:\Windows\Microsoft.NET\Framework64\v4.0.30319\ngen.exe
ParentCommandLine: ""C:\Windows\Microsoft.NET\Framework64\v4.0.30319\ngen.exe"" ExecuteQueuedItems /LegacyServiceBehavior
ParentUser: NT AUTHORITY\SYSTEM"
Information,4/15/2023 8:56:49 PM,Microsoft-Windows-Sysmon,5,Process terminated (rule: ProcessTerminate),"Process terminated:
RuleName: -
UtcTime: 2023-04-15 11:56:49.354
ProcessGuid: {2048537D-9101-643A-7A01-000000000A00}
ProcessId: 4952
Image: C:\Windows\Microsoft.NET\Framework64\v4.0.30319\mscorsvw.exe
User: NT AUTHORITY\SYSTEM"
