Information,4/15/2023 9:19:12 PM,Microsoft-Windows-Sysmon,1,Process Create (rule: ProcessCreate),"Process Create:
RuleName: -
UtcTime: 2023-04-15 12:18:56.393
ProcessGuid: {2048537D-9630-643A-1A00-000000000B00}
ProcessId: 1944
Image: C:\Windows\System32\taskhostw.exe
FileVersion: 10.0.14393.0 (rs1_release.160715-1616)
Description: Host Process for Windows Tasks
Product: Microsoft® Windows® Operating System
Company: Microsoft Corporation
OriginalFileName: taskhostw.exe
CommandLine: taskhostw.exe TpmTasks
CurrentDirectory: C:\Windows\system32\
User: NT AUTHORITY\SYSTEM
LogonGuid: {2048537D-962F-643A-E703-000000000000}
LogonId: 0x3E7
TerminalSessionId: 0
IntegrityLevel: System
Hashes: SHA256=A0A677D6C943AD1A7BC1879DFCCB400211DF68100F8EDD7BA6120067A18BEE0B
ParentProcessGuid: {2048537D-9630-643A-1600-000000000B00}
ParentProcessId: 1236
ParentImage: C:\Windows\System32\svchost.exe
ParentCommandLine: C:\Windows\system32\svchost.exe -k netsvcs
ParentUser: NT AUTHORITY\SYSTEM"
Information,4/15/2023 9:19:12 PM,Microsoft-Windows-Sysmon,1,Process Create (rule: ProcessCreate),"Process Create:
RuleName: -
UtcTime: 2023-04-15 12:18:56.249
ProcessGuid: {2048537D-9630-643A-1900-000000000B00}
ProcessId: 1636
Image: C:\Windows\System32\svchost.exe
FileVersion: 10.0.14393.0 (rs1_release.160715-1616)
Description: Host Process for Windows Services
Product: Microsoft® Windows® Operating System
Company: Microsoft Corporation
OriginalFileName: svchost.exe
CommandLine: C:\Windows\system32\svchost.exe -k WbioSvcGroup
CurrentDirectory: C:\Windows\system32\
User: NT AUTHORITY\SYSTEM
LogonGuid: {2048537D-962F-643A-E703-000000000000}
LogonId: 0x3E7
TerminalSessionId: 0
IntegrityLevel: System
Hashes: SHA256=438B6CCD84F4DD32D9684ED7D58FD7D1E5A75FE3F3D12AB6C788E6BB0FFAD5E7
ParentProcessGuid: {2048537D-962F-643A-0A00-000000000B00}
ParentProcessId: 556
ParentImage: C:\Windows\System32\services.exe
ParentCommandLine: C:\Windows\system32\services.exe
ParentUser: NT AUTHORITY\SYSTEM"
Information,4/15/2023 9:19:12 PM,Microsoft-Windows-Sysmon,1,Process Create (rule: ProcessCreate),"Process Create:
RuleName: -
UtcTime: 2023-04-15 12:18:56.230
ProcessGuid: {2048537D-9630-643A-1800-000000000B00}
ProcessId: 1560
Image: C:\Windows\System32\svchost.exe
FileVersion: 10.0.14393.0 (rs1_release.160715-1616)
Description: Host Process for Windows Services
Product: Microsoft® Windows® Operating System
Company: Microsoft Corporation
OriginalFileName: svchost.exe
CommandLine: C:\Windows\system32\svchost.exe -k NetworkServiceNetworkRestricted
CurrentDirectory: C:\Windows\system32\
User: NT AUTHORITY\NETWORK SERVICE
LogonGuid: {2048537D-962F-643A-E403-000000000000}
LogonId: 0x3E4
TerminalSessionId: 0
IntegrityLevel: System
Hashes: SHA256=438B6CCD84F4DD32D9684ED7D58FD7D1E5A75FE3F3D12AB6C788E6BB0FFAD5E7
ParentProcessGuid: {2048537D-962F-643A-0A00-000000000B00}
ParentProcessId: 556
ParentImage: C:\Windows\System32\services.exe
ParentCommandLine: C:\Windows\system32\services.exe
ParentUser: NT AUTHORITY\SYSTEM"
Information,4/15/2023 9:19:12 PM,Microsoft-Windows-Sysmon,1,Process Create (rule: ProcessCreate),"Process Create:
RuleName: -
UtcTime: 2023-04-15 12:18:56.182
ProcessGuid: {2048537D-9630-643A-1700-000000000B00}
ProcessId: 1392
Image: C:\Windows\System32\svchost.exe
FileVersion: 10.0.14393.0 (rs1_release.160715-1616)
Description: Host Process for Windows Services
Product: Microsoft® Windows® Operating System
Company: Microsoft Corporation
OriginalFileName: svchost.exe
CommandLine: C:\Windows\system32\svchost.exe -k LocalServiceNetworkRestricted
CurrentDirectory: C:\Windows\system32\
User: NT AUTHORITY\LOCAL SERVICE
LogonGuid: {2048537D-9630-643A-E503-000000000000}
LogonId: 0x3E5
TerminalSessionId: 0
IntegrityLevel: System
Hashes: SHA256=438B6CCD84F4DD32D9684ED7D58FD7D1E5A75FE3F3D12AB6C788E6BB0FFAD5E7
ParentProcessGuid: {2048537D-962F-643A-0A00-000000000B00}
ParentProcessId: 556
ParentImage: C:\Windows\System32\services.exe
ParentCommandLine: C:\Windows\system32\services.exe
ParentUser: NT AUTHORITY\SYSTEM"
Information,4/15/2023 9:19:12 PM,Microsoft-Windows-Sysmon,1,Process Create (rule: ProcessCreate),"Process Create:
RuleName: -
UtcTime: 2023-04-15 12:18:56.144
ProcessGuid: {2048537D-9630-643A-1600-000000000B00}
ProcessId: 1236
Image: C:\Windows\System32\svchost.exe
FileVersion: 10.0.14393.0 (rs1_release.160715-1616)
Description: Host Process for Windows Services
Product: Microsoft® Windows® Operating System
Company: Microsoft Corporation
OriginalFileName: svchost.exe
CommandLine: C:\Windows\system32\svchost.exe -k netsvcs
CurrentDirectory: C:\Windows\system32\
User: NT AUTHORITY\SYSTEM
LogonGuid: {2048537D-962F-643A-E703-000000000000}
LogonId: 0x3E7
TerminalSessionId: 0
IntegrityLevel: System
Hashes: SHA256=438B6CCD84F4DD32D9684ED7D58FD7D1E5A75FE3F3D12AB6C788E6BB0FFAD5E7
ParentProcessGuid: {2048537D-962F-643A-0A00-000000000B00}
ParentProcessId: 556
ParentImage: C:\Windows\System32\services.exe
ParentCommandLine: C:\Windows\system32\services.exe
ParentUser: NT AUTHORITY\SYSTEM"
Information,4/15/2023 9:19:12 PM,Microsoft-Windows-Sysmon,1,Process Create (rule: ProcessCreate),"Process Create:
RuleName: -
UtcTime: 2023-04-15 12:18:56.087
ProcessGuid: {2048537D-9630-643A-1500-000000000B00}
ProcessId: 1068
Image: C:\Windows\System32\svchost.exe
FileVersion: 10.0.14393.0 (rs1_release.160715-1616)
Description: Host Process for Windows Services
Product: Microsoft® Windows® Operating System
Company: Microsoft Corporation
OriginalFileName: svchost.exe
CommandLine: C:\Windows\system32\svchost.exe -k LocalServiceNoNetwork
CurrentDirectory: C:\Windows\system32\
User: NT AUTHORITY\LOCAL SERVICE
LogonGuid: {2048537D-9630-643A-E503-000000000000}
LogonId: 0x3E5
TerminalSessionId: 0
IntegrityLevel: System
Hashes: SHA256=438B6CCD84F4DD32D9684ED7D58FD7D1E5A75FE3F3D12AB6C788E6BB0FFAD5E7
ParentProcessGuid: {2048537D-962F-643A-0A00-000000000B00}
ParentProcessId: 556
ParentImage: C:\Windows\System32\services.exe
ParentCommandLine: C:\Windows\system32\services.exe
ParentUser: NT AUTHORITY\SYSTEM"
Information,4/15/2023 9:19:12 PM,Microsoft-Windows-Sysmon,1,Process Create (rule: ProcessCreate),"Process Create:
RuleName: -
UtcTime: 2023-04-15 12:18:56.058
ProcessGuid: {2048537D-9630-643A-1400-000000000B00}
ProcessId: 364
Image: C:\Windows\System32\svchost.exe
FileVersion: 10.0.14393.0 (rs1_release.160715-1616)
Description: Host Process for Windows Services
Product: Microsoft® Windows® Operating System
Company: Microsoft Corporation
OriginalFileName: svchost.exe
CommandLine: C:\Windows\system32\svchost.exe -k NetworkService
CurrentDirectory: C:\Windows\system32\
User: NT AUTHORITY\NETWORK SERVICE
LogonGuid: {2048537D-962F-643A-E403-000000000000}
LogonId: 0x3E4
TerminalSessionId: 0
IntegrityLevel: System
Hashes: SHA256=438B6CCD84F4DD32D9684ED7D58FD7D1E5A75FE3F3D12AB6C788E6BB0FFAD5E7
ParentProcessGuid: {2048537D-962F-643A-0A00-000000000B00}
ParentProcessId: 556
ParentImage: C:\Windows\System32\services.exe
ParentCommandLine: C:\Windows\system32\services.exe
ParentUser: NT AUTHORITY\SYSTEM"
Information,4/15/2023 9:19:12 PM,Microsoft-Windows-Sysmon,1,Process Create (rule: ProcessCreate),"Process Create:
RuleName: -
UtcTime: 2023-04-15 12:18:56.055
ProcessGuid: {2048537D-9630-643A-1300-000000000B00}
ProcessId: 320
Image: C:\Windows\System32\svchost.exe
FileVersion: 10.0.14393.0 (rs1_release.160715-1616)
Description: Host Process for Windows Services
Product: Microsoft® Windows® Operating System
Company: Microsoft Corporation
OriginalFileName: svchost.exe
CommandLine: C:\Windows\System32\svchost.exe -k LocalSystemNetworkRestricted
CurrentDirectory: C:\Windows\system32\
User: NT AUTHORITY\SYSTEM
LogonGuid: {2048537D-962F-643A-E703-000000000000}
LogonId: 0x3E7
TerminalSessionId: 0
IntegrityLevel: System
Hashes: SHA256=438B6CCD84F4DD32D9684ED7D58FD7D1E5A75FE3F3D12AB6C788E6BB0FFAD5E7
ParentProcessGuid: {2048537D-962F-643A-0A00-000000000B00}
ParentProcessId: 556
ParentImage: C:\Windows\System32\services.exe
ParentCommandLine: C:\Windows\system32\services.exe
ParentUser: NT AUTHORITY\SYSTEM"
Information,4/15/2023 9:19:12 PM,Microsoft-Windows-Sysmon,1,Process Create (rule: ProcessCreate),"Process Create:
RuleName: -
UtcTime: 2023-04-15 12:18:56.042
ProcessGuid: {2048537D-9630-643A-1200-000000000B00}
ProcessId: 976
Image: C:\Windows\System32\svchost.exe
FileVersion: 10.0.14393.0 (rs1_release.160715-1616)
Description: Host Process for Windows Services
Product: Microsoft® Windows® Operating System
Company: Microsoft Corporation
OriginalFileName: svchost.exe
CommandLine: C:\Windows\system32\svchost.exe -k LocalService
CurrentDirectory: C:\Windows\system32\
User: NT AUTHORITY\LOCAL SERVICE
LogonGuid: {2048537D-9630-643A-E503-000000000000}
LogonId: 0x3E5
TerminalSessionId: 0
IntegrityLevel: System
Hashes: SHA256=438B6CCD84F4DD32D9684ED7D58FD7D1E5A75FE3F3D12AB6C788E6BB0FFAD5E7
ParentProcessGuid: {2048537D-962F-643A-0A00-000000000B00}
ParentProcessId: 556
ParentImage: C:\Windows\System32\services.exe
ParentCommandLine: C:\Windows\system32\services.exe
ParentUser: NT AUTHORITY\SYSTEM"
Information,4/15/2023 9:19:12 PM,Microsoft-Windows-Sysmon,1,Process Create (rule: ProcessCreate),"Process Create:
RuleName: -
UtcTime: 2023-04-15 12:18:56.042
ProcessGuid: {2048537D-9630-643A-1100-000000000B00}
ProcessId: 968
Image: C:\Windows\System32\svchost.exe
FileVersion: 10.0.14393.0 (rs1_release.160715-1616)
Description: Host Process for Windows Services
Product: Microsoft® Windows® Operating System
Company: Microsoft Corporation
OriginalFileName: svchost.exe
CommandLine: C:\Windows\System32\svchost.exe -k LocalServiceNetworkRestricted
CurrentDirectory: C:\Windows\system32\
User: NT AUTHORITY\LOCAL SERVICE
LogonGuid: {2048537D-9630-643A-E503-000000000000}
LogonId: 0x3E5
TerminalSessionId: 0
IntegrityLevel: System
Hashes: SHA256=438B6CCD84F4DD32D9684ED7D58FD7D1E5A75FE3F3D12AB6C788E6BB0FFAD5E7
ParentProcessGuid: {2048537D-962F-643A-0A00-000000000B00}
ParentProcessId: 556
ParentImage: C:\Windows\System32\services.exe
ParentCommandLine: C:\Windows\system32\services.exe
ParentUser: NT AUTHORITY\SYSTEM"
Information,4/15/2023 9:19:12 PM,Microsoft-Windows-Sysmon,1,Process Create (rule: ProcessCreate),"Process Create:
RuleName: -
UtcTime: 2023-04-15 12:18:56.035
ProcessGuid: {2048537D-9630-643A-1000-000000000B00}
ProcessId: 920
Image: C:\Windows\System32\svchost.exe
FileVersion: 10.0.14393.0 (rs1_release.160715-1616)
Description: Host Process for Windows Services
Product: Microsoft® Windows® Operating System
Company: Microsoft Corporation
OriginalFileName: svchost.exe
CommandLine: C:\Windows\System32\svchost.exe -k termsvcs
CurrentDirectory: C:\Windows\system32\
User: NT AUTHORITY\NETWORK SERVICE
LogonGuid: {2048537D-962F-643A-E403-000000000000}
LogonId: 0x3E4
TerminalSessionId: 0
IntegrityLevel: System
Hashes: SHA256=438B6CCD84F4DD32D9684ED7D58FD7D1E5A75FE3F3D12AB6C788E6BB0FFAD5E7
ParentProcessGuid: {2048537D-962F-643A-0A00-000000000B00}
ParentProcessId: 556
ParentImage: C:\Windows\System32\services.exe
ParentCommandLine: C:\Windows\system32\services.exe
ParentUser: NT AUTHORITY\SYSTEM"
Information,4/15/2023 9:19:12 PM,Microsoft-Windows-Sysmon,1,Process Create (rule: ProcessCreate),"Process Create:
RuleName: -
UtcTime: 2023-04-15 12:18:56.032
ProcessGuid: {2048537D-9630-643A-0F00-000000000B00}
ProcessId: 912
Image: C:\Windows\System32\dwm.exe
FileVersion: 10.0.14393.0 (rs1_release.160715-1616)
Description: Desktop Window Manager
Product: Microsoft® Windows® Operating System
Company: Microsoft Corporation
OriginalFileName: dwm.exe
CommandLine: ""dwm.exe""
CurrentDirectory: C:\Windows\system32\
User: Window Manager\DWM-1
LogonGuid: {2048537D-9630-643A-F6D9-000000000000}
LogonId: 0xD9F6
TerminalSessionId: 1
IntegrityLevel: System
Hashes: SHA256=B3E37997C1C62DD90D69EF83D6A6FC782BF9A5B8AD04A0D1528A8B7FA31AA408
ParentProcessGuid: {2048537D-962F-643A-0900-000000000B00}
ParentProcessId: 508
ParentImage: C:\Windows\System32\winlogon.exe
ParentCommandLine: winlogon.exe
ParentUser: NT AUTHORITY\SYSTEM"
Information,4/15/2023 9:19:12 PM,Microsoft-Windows-Sysmon,1,Process Create (rule: ProcessCreate),"Process Create:
RuleName: -
UtcTime: 2023-04-15 12:18:55.999
ProcessGuid: {2048537D-962F-643A-0E00-000000000B00}
ProcessId: 896
Image: C:\Windows\System32\LogonUI.exe
FileVersion: 10.0.14393.0 (rs1_release.160715-1616)
Description: Windows Logon User Interface Host
Product: Microsoft® Windows® Operating System
Company: Microsoft Corporation
OriginalFileName: logonui.exe
CommandLine: ""LogonUI.exe"" /flags:0x0 /state0:0xa3bd5055 /state1:0x41c64e6d
CurrentDirectory: C:\Windows\system32\
User: NT AUTHORITY\SYSTEM
LogonGuid: {2048537D-962F-643A-E703-000000000000}
LogonId: 0x3E7
TerminalSessionId: 1
IntegrityLevel: System
Hashes: SHA256=AA62D29803D52EC06CD27ED3124E034048F09606EB7342181913C9817C7B44C5
ParentProcessGuid: {2048537D-962F-643A-0900-000000000B00}
ParentProcessId: 508
ParentImage: C:\Windows\System32\winlogon.exe
ParentCommandLine: winlogon.exe
ParentUser: NT AUTHORITY\SYSTEM"
Information,4/15/2023 9:19:12 PM,Microsoft-Windows-Sysmon,1,Process Create (rule: ProcessCreate),"Process Create:
RuleName: -
UtcTime: 2023-04-15 12:18:55.957
ProcessGuid: {2048537D-962F-643A-0D00-000000000B00}
ProcessId: 788
Image: C:\Windows\System32\svchost.exe
FileVersion: 10.0.14393.0 (rs1_release.160715-1616)
Description: Host Process for Windows Services
Product: Microsoft® Windows® Operating System
Company: Microsoft Corporation
OriginalFileName: svchost.exe
CommandLine: C:\Windows\system32\svchost.exe -k RPCSS
CurrentDirectory: C:\Windows\system32\
User: NT AUTHORITY\NETWORK SERVICE
LogonGuid: {2048537D-962F-643A-E403-000000000000}
LogonId: 0x3E4
TerminalSessionId: 0
IntegrityLevel: System
Hashes: SHA256=438B6CCD84F4DD32D9684ED7D58FD7D1E5A75FE3F3D12AB6C788E6BB0FFAD5E7
ParentProcessGuid: {2048537D-962F-643A-0A00-000000000B00}
ParentProcessId: 556
ParentImage: C:\Windows\System32\services.exe
ParentCommandLine: C:\Windows\system32\services.exe
ParentUser: NT AUTHORITY\SYSTEM"
Information,4/15/2023 9:19:12 PM,Microsoft-Windows-Sysmon,1,Process Create (rule: ProcessCreate),"Process Create:
RuleName: -
UtcTime: 2023-04-15 12:18:55.898
ProcessGuid: {2048537D-962F-643A-0C00-000000000B00}
ProcessId: 732
Image: C:\Windows\System32\svchost.exe
FileVersion: 10.0.14393.0 (rs1_release.160715-1616)
Description: Host Process for Windows Services
Product: Microsoft® Windows® Operating System
Company: Microsoft Corporation
OriginalFileName: svchost.exe
CommandLine: C:\Windows\system32\svchost.exe -k DcomLaunch
CurrentDirectory: C:\Windows\system32\
User: NT AUTHORITY\SYSTEM
LogonGuid: {2048537D-962F-643A-E703-000000000000}
LogonId: 0x3E7
TerminalSessionId: 0
IntegrityLevel: System
Hashes: SHA256=438B6CCD84F4DD32D9684ED7D58FD7D1E5A75FE3F3D12AB6C788E6BB0FFAD5E7
ParentProcessGuid: {2048537D-962F-643A-0A00-000000000B00}
ParentProcessId: 556
ParentImage: C:\Windows\System32\services.exe
ParentCommandLine: C:\Windows\system32\services.exe
ParentUser: NT AUTHORITY\SYSTEM"
Information,4/15/2023 9:19:12 PM,Microsoft-Windows-Sysmon,1,Process Create (rule: ProcessCreate),"Process Create:
RuleName: -
UtcTime: 2023-04-15 12:18:55.384
ProcessGuid: {2048537D-962F-643A-0B00-000000000B00}
ProcessId: 564
Image: C:\Windows\System32\lsass.exe
FileVersion: 10.0.14393.1770 (rs1_release.170917-1700)
Description: Local Security Authority Process
Product: Microsoft® Windows® Operating System
Company: Microsoft Corporation
OriginalFileName: lsass.exe
CommandLine: C:\Windows\system32\lsass.exe
CurrentDirectory: C:\Windows\system32\
User: NT AUTHORITY\SYSTEM
LogonGuid: {2048537D-962F-643A-E703-000000000000}
LogonId: 0x3E7
TerminalSessionId: 0
IntegrityLevel: System
Hashes: SHA256=E9F49B39DC423E5D3AADFC9E7C4C1D094CFEC565D7B5FD1B280E6B363BBE65D8
ParentProcessGuid: {2048537D-962F-643A-0700-000000000B00}
ParentProcessId: 432
ParentImage: C:\Windows\System32\wininit.exe
ParentCommandLine: wininit.exe
ParentUser: NT AUTHORITY\SYSTEM"
Information,4/15/2023 9:19:12 PM,Microsoft-Windows-Sysmon,1,Process Create (rule: ProcessCreate),"Process Create:
RuleName: -
UtcTime: 2023-04-15 12:18:55.371
ProcessGuid: {2048537D-962F-643A-0A00-000000000B00}
ProcessId: 556
Image: C:\Windows\System32\services.exe
FileVersion: 10.0.14393.1613 (rs1_release_d.170807-1806)
Description: Services and Controller app
Product: Microsoft® Windows® Operating System
Company: Microsoft Corporation
OriginalFileName: services.exe
CommandLine: C:\Windows\system32\services.exe
CurrentDirectory: C:\Windows\system32\
User: NT AUTHORITY\SYSTEM
LogonGuid: {2048537D-962F-643A-E703-000000000000}
LogonId: 0x3E7
TerminalSessionId: 0
IntegrityLevel: System
Hashes: SHA256=243A14ED1A1227696987F963576606A62202D2E8E86F09203609FAC027F442AF
ParentProcessGuid: {2048537D-962F-643A-0700-000000000B00}
ParentProcessId: 432
ParentImage: C:\Windows\System32\wininit.exe
ParentCommandLine: wininit.exe
ParentUser: NT AUTHORITY\SYSTEM"
Information,4/15/2023 9:19:12 PM,Microsoft-Windows-Sysmon,5,Process terminated (rule: ProcessTerminate),"Process terminated:
RuleName: -
UtcTime: 2023-04-15 12:18:55.315
ProcessGuid: {2048537D-962F-643A-0600-000000000B00}
ProcessId: 424
Image: C:\Windows\System32\smss.exe
User: NT AUTHORITY\SYSTEM"
Information,4/15/2023 9:19:12 PM,Microsoft-Windows-Sysmon,1,Process Create (rule: ProcessCreate),"Process Create:
RuleName: -
UtcTime: 2023-04-15 12:18:55.315
ProcessGuid: {2048537D-962F-643A-0900-000000000B00}
ProcessId: 508
Image: C:\Windows\System32\winlogon.exe
FileVersion: 10.0.14393.1378 (rs1_release.170620-2008)
Description: Windows Logon Application
Product: Microsoft® Windows® Operating System
Company: Microsoft Corporation
OriginalFileName: WINLOGON.EXE
CommandLine: winlogon.exe
CurrentDirectory: C:\Windows\system32\
User: NT AUTHORITY\SYSTEM
LogonGuid: {2048537D-962F-643A-E703-000000000000}
LogonId: 0x3E7
TerminalSessionId: 1
IntegrityLevel: System
Hashes: SHA256=8EF0C90DAD9BAD0B82EF9CFEC8C0CDA03C64A4BEC252DDD4753F3123DA757351
ParentProcessGuid: {2048537D-962F-643A-0600-000000000B00}
ParentProcessId: 424
ParentImage: C:\Windows\System32\smss.exe
ParentCommandLine: \SystemRoot\System32\smss.exe 000000ac 0000007c 
ParentUser: NT AUTHORITY\SYSTEM"
Information,4/15/2023 9:19:12 PM,Microsoft-Windows-Sysmon,5,Process terminated (rule: ProcessTerminate),"Process terminated:
RuleName: -
UtcTime: 2023-04-15 12:18:55.299
ProcessGuid: {2048537D-962F-643A-0400-000000000B00}
ProcessId: 352
Image: C:\Windows\System32\smss.exe
User: NT AUTHORITY\SYSTEM"
Information,4/15/2023 9:19:12 PM,Microsoft-Windows-Sysmon,1,Process Create (rule: ProcessCreate),"Process Create:
RuleName: -
UtcTime: 2023-04-15 12:18:55.301
ProcessGuid: {2048537D-962F-643A-0700-000000000B00}
ProcessId: 432
Image: C:\Windows\System32\wininit.exe
FileVersion: 10.0.14393.1794 (rs1_release.171008-1615)
Description: Windows Start-Up Application
Product: Microsoft® Windows® Operating System
Company: Microsoft Corporation
OriginalFileName: WinInit.exe
CommandLine: wininit.exe
CurrentDirectory: C:\Windows\system32\
User: NT AUTHORITY\SYSTEM
LogonGuid: {2048537D-962F-643A-E703-000000000000}
LogonId: 0x3E7
TerminalSessionId: 0
IntegrityLevel: System
Hashes: SHA256=800EB94435D32EAA2E7D09EBE7A252ABEFA4231D9AED965011033A143361D47A
ParentProcessGuid: {2048537D-962F-643A-0400-000000000B00}
ParentProcessId: 352
ParentImage: C:\Windows\System32\smss.exe
ParentCommandLine: \SystemRoot\System32\smss.exe 000000bc 0000007c 
ParentUser: NT AUTHORITY\SYSTEM"
Information,4/15/2023 9:19:12 PM,Microsoft-Windows-Sysmon,1,Process Create (rule: ProcessCreate),"Process Create:
RuleName: -
UtcTime: 2023-04-15 12:18:55.302
ProcessGuid: {2048537D-962F-643A-0800-000000000B00}
ProcessId: 440
Image: C:\Windows\System32\csrss.exe
FileVersion: 10.0.14393.0 (rs1_release.160715-1616)
Description: Client Server Runtime Process
Product: Microsoft® Windows® Operating System
Company: Microsoft Corporation
OriginalFileName: CSRSS.Exe
CommandLine: %%SystemRoot%%\system32\csrss.exe ObjectDirectory=\Windows SharedSection=1024,20480,768 Windows=On SubSystemType=Windows ServerDll=basesrv,1 ServerDll=winsrv:UserServerDllInitialization,3 ServerDll=sxssrv,4 ProfileControl=Off MaxRequestThreads=16
CurrentDirectory: C:\Windows\system32\
User: NT AUTHORITY\SYSTEM
LogonGuid: {2048537D-962F-643A-E703-000000000000}
LogonId: 0x3E7
TerminalSessionId: 1
IntegrityLevel: System
Hashes: SHA256=151189510070B06A3ECF5B6A8612CC45748676A579B9B4D877F5BE3EB1971082
ParentProcessGuid: {2048537D-962F-643A-0600-000000000B00}
ParentProcessId: 424
ParentImage: C:\Windows\System32\smss.exe
ParentCommandLine: \SystemRoot\System32\smss.exe 000000ac 0000007c 
ParentUser: NT AUTHORITY\SYSTEM"
Information,4/15/2023 9:19:12 PM,Microsoft-Windows-Sysmon,1,Process Create (rule: ProcessCreate),"Process Create:
RuleName: -
UtcTime: 2023-04-15 12:18:55.300
ProcessGuid: {2048537D-962F-643A-0600-000000000B00}
ProcessId: 424
Image: C:\Windows\System32\smss.exe
FileVersion: 10.0.14393.0 (rs1_release.160715-1616)
Description: Windows Session Manager
Product: Microsoft® Windows® Operating System
Company: Microsoft Corporation
OriginalFileName: smss.exe
CommandLine: \SystemRoot\System32\smss.exe 000000ac 0000007c 
CurrentDirectory: C:\Windows\
User: NT AUTHORITY\SYSTEM
LogonGuid: {2048537D-962F-643A-E703-000000000000}
LogonId: 0x3E7
TerminalSessionId: 1
IntegrityLevel: System
Hashes: SHA256=D1A9E386575D30187269FAF7B38D5F0057997BA568EA7945D9B225D9B0733F05
ParentProcessGuid: {2048537D-962E-643A-0200-000000000B00}
ParentProcessId: 264
ParentImage: C:\Windows\System32\smss.exe
ParentCommandLine: \SystemRoot\System32\smss.exe
ParentUser: NT AUTHORITY\SYSTEM"
Information,4/15/2023 9:19:12 PM,Microsoft-Windows-Sysmon,1,Process Create (rule: ProcessCreate),"Process Create:
RuleName: -
UtcTime: 2023-04-15 12:18:55.266
ProcessGuid: {2048537D-962F-643A-0500-000000000B00}
ProcessId: 360
Image: C:\Windows\System32\csrss.exe
FileVersion: 10.0.14393.0 (rs1_release.160715-1616)
Description: Client Server Runtime Process
Product: Microsoft® Windows® Operating System
Company: Microsoft Corporation
OriginalFileName: CSRSS.Exe
CommandLine: %%SystemRoot%%\system32\csrss.exe ObjectDirectory=\Windows SharedSection=1024,20480,768 Windows=On SubSystemType=Windows ServerDll=basesrv,1 ServerDll=winsrv:UserServerDllInitialization,3 ServerDll=sxssrv,4 ProfileControl=Off MaxRequestThreads=16
CurrentDirectory: C:\Windows\system32\
User: NT AUTHORITY\SYSTEM
LogonGuid: {2048537D-962F-643A-E703-000000000000}
LogonId: 0x3E7
TerminalSessionId: 0
IntegrityLevel: System
Hashes: SHA256=151189510070B06A3ECF5B6A8612CC45748676A579B9B4D877F5BE3EB1971082
ParentProcessGuid: {2048537D-962F-643A-0400-000000000B00}
ParentProcessId: 352
ParentImage: C:\Windows\System32\smss.exe
ParentCommandLine: \SystemRoot\System32\smss.exe 000000bc 0000007c 
ParentUser: NT AUTHORITY\SYSTEM"
Information,4/15/2023 9:19:12 PM,Microsoft-Windows-Sysmon,1,Process Create (rule: ProcessCreate),"Process Create:
RuleName: -
UtcTime: 2023-04-15 12:18:55.241
ProcessGuid: {2048537D-962F-643A-0400-000000000B00}
ProcessId: 352
Image: C:\Windows\System32\smss.exe
FileVersion: 10.0.14393.0 (rs1_release.160715-1616)
Description: Windows Session Manager
Product: Microsoft® Windows® Operating System
Company: Microsoft Corporation
OriginalFileName: smss.exe
CommandLine: \SystemRoot\System32\smss.exe 000000bc 0000007c 
CurrentDirectory: C:\Windows\
User: NT AUTHORITY\SYSTEM
LogonGuid: {2048537D-962F-643A-E703-000000000000}
LogonId: 0x3E7
TerminalSessionId: 0
IntegrityLevel: System
Hashes: SHA256=D1A9E386575D30187269FAF7B38D5F0057997BA568EA7945D9B225D9B0733F05
ParentProcessGuid: {2048537D-962E-643A-0200-000000000B00}
ParentProcessId: 264
ParentImage: C:\Windows\System32\smss.exe
ParentCommandLine: \SystemRoot\System32\smss.exe
ParentUser: NT AUTHORITY\SYSTEM"
Information,4/15/2023 9:19:12 PM,Microsoft-Windows-Sysmon,5,Process terminated (rule: ProcessTerminate),"Process terminated:
RuleName: -
UtcTime: 2023-04-15 12:18:55.026
ProcessGuid: {2048537D-962F-643A-0300-000000000B00}
ProcessId: 300
Image: C:\Windows\System32\autochk.exe
User: NT AUTHORITY\SYSTEM"
Information,4/15/2023 9:19:12 PM,Microsoft-Windows-Sysmon,1,Process Create (rule: ProcessCreate),"Process Create:
RuleName: -
UtcTime: 2023-04-15 12:18:55.021
ProcessGuid: {2048537D-962F-643A-0300-000000000B00}
ProcessId: 300
Image: C:\Windows\System32\autochk.exe
FileVersion: 10.0.14393.1532 (rs1_release_d.170711-1840)
Description: Auto Check Utility
Product: Microsoft® Windows® Operating System
Company: Microsoft Corporation
OriginalFileName: AutoChk.Exe
CommandLine: \??\C:\Windows\system32\autochk.exe /q /v *
CurrentDirectory: C:\Windows\system32\
User: NT AUTHORITY\SYSTEM
LogonGuid: {2048537D-962F-643A-E703-000000000000}
LogonId: 0x3E7
TerminalSessionId: 0
IntegrityLevel: System
Hashes: SHA256=293EA49B1ED5A409AF87F765635D272C9DD03CDB496EA11C0E22F5731F42E0FB
ParentProcessGuid: {2048537D-962E-643A-0200-000000000B00}
ParentProcessId: 264
ParentImage: C:\Windows\System32\smss.exe
ParentCommandLine: \SystemRoot\System32\smss.exe
ParentUser: NT AUTHORITY\SYSTEM"
Information,4/15/2023 9:19:12 PM,Microsoft-Windows-Sysmon,1,Process Create (rule: ProcessCreate),"Process Create:
RuleName: -
UtcTime: 2023-04-15 12:18:54.786
ProcessGuid: {2048537D-962E-643A-0200-000000000B00}
ProcessId: 264
Image: C:\Windows\System32\smss.exe
FileVersion: 10.0.14393.0 (rs1_release.160715-1616)
Description: Windows Session Manager
Product: Microsoft® Windows® Operating System
Company: Microsoft Corporation
OriginalFileName: smss.exe
CommandLine: \SystemRoot\System32\smss.exe
CurrentDirectory: C:\Windows
User: NT AUTHORITY\SYSTEM
LogonGuid: {2048537D-962F-643A-E703-000000000000}
LogonId: 0x3E7
TerminalSessionId: 0
IntegrityLevel: System
Hashes: SHA256=D1A9E386575D30187269FAF7B38D5F0057997BA568EA7945D9B225D9B0733F05
ParentProcessGuid: {2048537D-962E-643A-EB03-000000000000}
ParentProcessId: 4
ParentImage: System
ParentCommandLine: -
ParentUser: NT AUTHORITY\SYSTEM"
Information,4/15/2023 9:19:12 PM,Microsoft-Windows-Sysmon,4,Sysmon service state changed,"Sysmon service state changed:
UtcTime: 2023-04-15 12:19:12.208
State: Started
Version: 14.16
SchemaVersion: 4.83"
Information,4/15/2023 9:18:43 PM,Microsoft-Windows-Sysmon,5,Process terminated (rule: ProcessTerminate),"Process terminated:
RuleName: -
UtcTime: 2023-04-15 12:18:43.897
ProcessGuid: {2048537D-8D13-643A-2A00-000000000A00}
ProcessId: 2392
Image: C:\Windows\System32\ismserv.exe
User: NT AUTHORITY\SYSTEM"
Information,4/15/2023 9:18:41 PM,Microsoft-Windows-Sysmon,5,Process terminated (rule: ProcessTerminate),"Process terminated:
RuleName: -
UtcTime: 2023-04-15 12:18:41.882
ProcessGuid: {2048537D-8D13-643A-2400-000000000A00}
ProcessId: 2304
Image: C:\Windows\System32\dfsrs.exe
User: NT AUTHORITY\SYSTEM"
Information,4/15/2023 9:18:41 PM,Microsoft-Windows-Sysmon,5,Process terminated (rule: ProcessTerminate),"Process terminated:
RuleName: -
UtcTime: 2023-04-15 12:18:41.085
ProcessGuid: {2048537D-8D03-643A-0F00-000000000A00}
ProcessId: 916
Image: C:\Windows\System32\svchost.exe
User: NT AUTHORITY\NETWORK SERVICE"
Information,4/15/2023 9:18:41 PM,Microsoft-Windows-Sysmon,5,Process terminated (rule: ProcessTerminate),"Process terminated:
RuleName: -
UtcTime: 2023-04-15 12:18:41.038
ProcessGuid: {2048537D-8D13-643A-2900-000000000A00}
ProcessId: 2384
Image: C:\Program Files\Windows Defender\MsMpEng.exe
User: NT AUTHORITY\SYSTEM"
Information,4/15/2023 9:18:41 PM,Microsoft-Windows-Sysmon,5,Process terminated (rule: ProcessTerminate),"Process terminated:
RuleName: -
UtcTime: 2023-04-15 12:18:40.991
ProcessGuid: {2048537D-8D03-643A-1700-000000000A00}
ProcessId: 1460
Image: C:\Windows\System32\svchost.exe
User: NT AUTHORITY\LOCAL SERVICE"
Information,4/15/2023 9:18:40 PM,Microsoft-Windows-Sysmon,5,Process terminated (rule: ProcessTerminate),"Process terminated:
RuleName: -
UtcTime: 2023-04-15 12:18:40.991
ProcessGuid: {2048537D-8D14-643A-2F00-000000000A00}
ProcessId: 2956
Image: C:\Windows\System32\vds.exe
User: NT AUTHORITY\SYSTEM"
Information,4/15/2023 9:18:40 PM,Microsoft-Windows-Sysmon,5,Process terminated (rule: ProcessTerminate),"Process terminated:
RuleName: -
UtcTime: 2023-04-15 12:18:40.975
ProcessGuid: {2048537D-8D13-643A-2B00-000000000A00}
ProcessId: 2412
Image: C:\Windows\System32\svchost.exe
User: NT AUTHORITY\SYSTEM"
Information,4/15/2023 9:18:40 PM,Microsoft-Windows-Sysmon,5,Process terminated (rule: ProcessTerminate),"Process terminated:
RuleName: -
UtcTime: 2023-04-15 12:18:40.960
ProcessGuid: {2048537D-8F29-643A-6E00-000000000A00}
ProcessId: 2444
Image: C:\Windows\System32\svchost.exe
User: NT AUTHORITY\NETWORK SERVICE"
Information,4/15/2023 9:18:40 PM,Microsoft-Windows-Sysmon,5,Process terminated (rule: ProcessTerminate),"Process terminated:
RuleName: -
UtcTime: 2023-04-15 12:18:40.960
ProcessGuid: {00000000-0000-0000-0000-000000000000}
ProcessId: 2364
Image: <unknown process>
User: NT AUTHORITY\SYSTEM"
Information,4/15/2023 9:18:40 PM,Microsoft-Windows-Sysmon,5,Process terminated (rule: ProcessTerminate),"Process terminated:
RuleName: -
UtcTime: 2023-04-15 12:18:40.960
ProcessGuid: {2048537D-95C7-643A-0303-000000000A00}
ProcessId: 1948
Image: C:\Windows\System32\svchost.exe
User: NT AUTHORITY\SYSTEM"
Information,4/15/2023 9:18:40 PM,Microsoft-Windows-Sysmon,5,Process terminated (rule: ProcessTerminate),"Process terminated:
RuleName: -
UtcTime: 2023-04-15 12:18:40.960
ProcessGuid: {2048537D-8D13-643A-2500-000000000A00}
ProcessId: 2312
Image: C:\Windows\ADWS\Microsoft.ActiveDirectory.WebServices.exe
User: NT AUTHORITY\SYSTEM"
Information,4/15/2023 9:18:40 PM,Microsoft-Windows-Sysmon,5,Process terminated (rule: ProcessTerminate),"Process terminated:
RuleName: -
UtcTime: 2023-04-15 12:18:40.960
ProcessGuid: {2048537D-8D8C-643A-5D00-000000000A00}
ProcessId: 4368
Image: C:\Windows\System32\msdtc.exe
User: NT AUTHORITY\NETWORK SERVICE"
Information,4/15/2023 9:18:40 PM,Microsoft-Windows-Sysmon,5,Process terminated (rule: ProcessTerminate),"Process terminated:
RuleName: -
UtcTime: 2023-04-15 12:18:40.741
ProcessGuid: {2048537D-8D13-643A-2800-000000000A00}
ProcessId: 2372
Image: C:\Windows\System32\svchost.exe
User: NT AUTHORITY\SYSTEM"
Information,4/15/2023 9:18:40 PM,Microsoft-Windows-Sysmon,5,Process terminated (rule: ProcessTerminate),"Process terminated:
RuleName: -
UtcTime: 2023-04-15 12:18:40.397
ProcessGuid: {2048537D-8F5B-643A-7D00-000000000A00}
ProcessId: 2200
Image: C:\Windows\servicing\TrustedInstaller.exe
User: NT AUTHORITY\SYSTEM"
Information,4/15/2023 9:18:40 PM,Microsoft-Windows-Sysmon,5,Process terminated (rule: ProcessTerminate),"Process terminated:
RuleName: -
UtcTime: 2023-04-15 12:18:40.382
ProcessGuid: {2048537D-8F5B-643A-7E00-000000000A00}
ProcessId: 4092
Image: C:\Windows\WinSxS\amd64_microsoft-windows-servicingstack_31bf3856ad364e35_10.0.14393.1883_none_7ed84bd822106081\TiWorker.exe
User: NT AUTHORITY\SYSTEM"
Information,4/15/2023 9:18:40 PM,Microsoft-Windows-Sysmon,5,Process terminated (rule: ProcessTerminate),"Process terminated:
RuleName: -
UtcTime: 2023-04-15 12:18:40.257
ProcessGuid: {2048537D-8FEC-643A-AC00-000000000A00}
ProcessId: 2192
Image: C:\Windows\System32\svchost.exe
User: EXAMPLECOMPANY\admin"
Information,4/15/2023 9:18:40 PM,Microsoft-Windows-Sysmon,5,Process terminated (rule: ProcessTerminate),"Process terminated:
RuleName: -
UtcTime: 2023-04-15 12:18:40.241
ProcessGuid: {2048537D-8D5D-643A-3F00-000000000A00}
ProcessId: 3644
Image: C:\Windows\System32\taskhostw.exe
User: EXAMPLECOMPANY\admin"
Information,4/15/2023 9:18:40 PM,Microsoft-Windows-Sysmon,5,Process terminated (rule: ProcessTerminate),"Process terminated:
RuleName: -
UtcTime: 2023-04-15 12:18:40.210
ProcessGuid: {2048537D-8D5D-643A-3D00-000000000A00}
ProcessId: 3604
Image: C:\Windows\System32\sihost.exe
User: EXAMPLECOMPANY\admin"
Information,4/15/2023 9:18:40 PM,Microsoft-Windows-Sysmon,5,Process terminated (rule: ProcessTerminate),"Process terminated:
RuleName: -
UtcTime: 2023-04-15 12:18:40.210
ProcessGuid: {2048537D-961B-643A-0803-000000000A00}
ProcessId: 4716
Image: C:\Windows\System32\RuntimeBroker.exe
User: EXAMPLECOMPANY\admin"
Information,4/15/2023 9:18:40 PM,Microsoft-Windows-Sysmon,5,Process terminated (rule: ProcessTerminate),"Process terminated:
RuleName: -
UtcTime: 2023-04-15 12:18:40.210
ProcessGuid: {2048537D-8D6D-643A-5600-000000000A00}
ProcessId: 4436
Image: C:\Windows\System32\ApplicationFrameHost.exe
User: EXAMPLECOMPANY\admin"
Information,4/15/2023 9:18:40 PM,Microsoft-Windows-Sysmon,5,Process terminated (rule: ProcessTerminate),"Process terminated:
RuleName: -
UtcTime: 2023-04-15 12:18:40.194
ProcessGuid: {2048537D-9620-643A-0A03-000000000A00}
ProcessId: 4432
Image: <unknown process>
User: EXAMPLECOMPANY\admin"
Information,4/15/2023 9:18:40 PM,Microsoft-Windows-Sysmon,5,Process terminated (rule: ProcessTerminate),"Process terminated:
RuleName: -
UtcTime: 2023-04-15 12:18:40.194
ProcessGuid: {2048537D-8D5D-643A-4300-000000000A00}
ProcessId: 3916
Image: C:\Windows\explorer.exe
User: EXAMPLECOMPANY\admin"
Information,4/15/2023 9:18:40 PM,Microsoft-Windows-Sysmon,1,Process Create (rule: ProcessCreate),"Process Create:
RuleName: -
UtcTime: 2023-04-15 12:18:40.196
ProcessGuid: {2048537D-9620-643A-0A03-000000000A00}
ProcessId: 4432
Image: C:\Windows\System32\rundll32.exe
FileVersion: 10.0.14393.0 (rs1_release.160715-1616)
Description: Windows host process (Rundll32)
Product: Microsoft® Windows® Operating System
Company: Microsoft Corporation
OriginalFileName: RUNDLL32.EXE
CommandLine: C:\Windows\System32\rundll32.exe shell32.dll,SHCreateLocalServerRunDll {9BA05972-F6A8-11CF-A442-00A0C90A8F39} -Embedding
CurrentDirectory: C:\Windows\system32\
User: EXAMPLECOMPANY\admin
LogonGuid: {2048537D-8D5D-643A-7B45-030000000000}
LogonId: 0x3457B
TerminalSessionId: 1
IntegrityLevel: Medium
Hashes: SHA256=495BBA47FC43EE23054FCD419F2F00457162D1C04296900C6AEA551102A810F3
ParentProcessGuid: {00000000-0000-0000-0000-000000000000}
ParentProcessId: 736
ParentImage: -
ParentCommandLine: -
ParentUser: -"
Information,4/15/2023 9:18:40 PM,Microsoft-Windows-Sysmon,5,Process terminated (rule: ProcessTerminate),"Process terminated:
RuleName: -
UtcTime: 2023-04-15 12:18:40.147
ProcessGuid: {2048537D-8D5D-643A-4900-000000000A00}
ProcessId: 744
Image: C:\Windows\SystemApps\Microsoft.Windows.Cortana_cw5n1h2txyewy\SearchUI.exe
User: EXAMPLECOMPANY\admin"
Information,4/15/2023 9:18:40 PM,Microsoft-Windows-Sysmon,5,Process terminated (rule: ProcessTerminate),"Process terminated:
RuleName: -
UtcTime: 2023-04-15 12:18:40.038
ProcessGuid: {2048537D-8F96-643A-9500-000000000A00}
ProcessId: 5012
Image: C:\Windows\ImmersiveControlPanel\SystemSettings.exe
User: EXAMPLECOMPANY\admin"
Information,4/15/2023 9:18:39 PM,Microsoft-Windows-Sysmon,5,Process terminated (rule: ProcessTerminate),"Process terminated:
RuleName: -
UtcTime: 2023-04-15 12:18:39.757
ProcessGuid: {2048537D-95ED-643A-0703-000000000A00}
ProcessId: 1488
Image: C:\Windows\SystemApps\ShellExperienceHost_cw5n1h2txyewy\ShellExperienceHost.exe
User: EXAMPLECOMPANY\admin"
Information,4/15/2023 9:18:39 PM,Microsoft-Windows-Sysmon,5,Process terminated (rule: ProcessTerminate),"Process terminated:
RuleName: -
UtcTime: 2023-04-15 12:18:39.694
ProcessGuid: {2048537D-8F75-643A-8D00-000000000A00}
ProcessId: 4244
Image: C:\Windows\System32\conhost.exe
User: EXAMPLECOMPANY\admin"
Information,4/15/2023 9:18:39 PM,Microsoft-Windows-Sysmon,5,Process terminated (rule: ProcessTerminate),"Process terminated:
RuleName: -
UtcTime: 2023-04-15 12:18:39.694
ProcessGuid: {2048537D-8F75-643A-8C00-000000000A00}
ProcessId: 4004
Image: C:\Windows\System32\cmd.exe
User: EXAMPLECOMPANY\admin"
Information,4/15/2023 9:18:39 PM,Microsoft-Windows-Sysmon,5,Process terminated (rule: ProcessTerminate),"Process terminated:
RuleName: -
UtcTime: 2023-04-15 12:18:39.679
ProcessGuid: {2048537D-8D5E-643A-4D00-000000000A00}
ProcessId: 3476
Image: C:\Windows\System32\ServerManager.exe
User: EXAMPLECOMPANY\admin"
Information,4/15/2023 9:18:39 PM,Microsoft-Windows-Sysmon,5,Process terminated (rule: ProcessTerminate),"Process terminated:
RuleName: -
UtcTime: 2023-04-15 12:18:39.538
ProcessGuid: {2048537D-8F74-643A-8B00-000000000A00}
ProcessId: 2112
Image: C:\Windows\System32\dllhost.exe
User: EXAMPLECOMPANY\admin"
Information,4/15/2023 9:18:39 PM,Microsoft-Windows-Sysmon,5,Process terminated (rule: ProcessTerminate),"Process terminated:
RuleName: -
UtcTime: 2023-04-15 12:18:39.538
ProcessGuid: {2048537D-95BB-643A-FE02-000000000A00}
ProcessId: 4280
Image: C:\Windows\System32\SystemSettingsAdminFlows.exe
User: EXAMPLECOMPANY\admin"
Information,4/15/2023 9:18:39 PM,Microsoft-Windows-Sysmon,1,Process Create (rule: ProcessCreate),"Process Create:
RuleName: -
UtcTime: 2023-04-15 12:18:39.516
ProcessGuid: {2048537D-961F-643A-0903-000000000A00}
ProcessId: 1692
Image: C:\Windows\System32\LogonUI.exe
FileVersion: 10.0.14393.0 (rs1_release.160715-1616)
Description: Windows Logon User Interface Host
Product: Microsoft® Windows® Operating System
Company: Microsoft Corporation
OriginalFileName: logonui.exe
CommandLine: ""LogonUI.exe"" /flags:0x0 /state0:0xa39cc055 /state1:0x41c64e6d
CurrentDirectory: C:\Windows\system32\
User: NT AUTHORITY\SYSTEM
LogonGuid: {2048537D-8D03-643A-E703-000000000000}
LogonId: 0x3E7
TerminalSessionId: 1
IntegrityLevel: System
Hashes: SHA256=AA62D29803D52EC06CD27ED3124E034048F09606EB7342181913C9817C7B44C5
ParentProcessGuid: {00000000-0000-0000-0000-000000000000}
ParentProcessId: 520
ParentImage: -
ParentCommandLine: -
ParentUser: -"
Information,4/15/2023 9:18:35 PM,Microsoft-Windows-Sysmon,1,Process Create (rule: ProcessCreate),"Process Create:
RuleName: -
UtcTime: 2023-04-15 12:18:35.367
ProcessGuid: {2048537D-961B-643A-0803-000000000A00}
ProcessId: 4716
Image: C:\Windows\System32\RuntimeBroker.exe
FileVersion: 10.0.14393.0 (rs1_release.160715-1616)
Description: Runtime Broker
Product: Microsoft® Windows® Operating System
Company: Microsoft Corporation
OriginalFileName: RuntimeBroker.exe
CommandLine: C:\Windows\System32\RuntimeBroker.exe -Embedding
CurrentDirectory: C:\Windows\system32\
User: EXAMPLECOMPANY\admin
LogonGuid: {2048537D-8D5D-643A-7B45-030000000000}
LogonId: 0x3457B
TerminalSessionId: 1
IntegrityLevel: Medium
Hashes: SHA256=20A7EB74EFD23933A5C0887D3D8CE66FEA009A6CD257508CB4B0EB70F8D27C57
ParentProcessGuid: {00000000-0000-0000-0000-000000000000}
ParentProcessId: 736
ParentImage: -
ParentCommandLine: -
ParentUser: -"
Information,4/15/2023 9:18:34 PM,Microsoft-Windows-Sysmon,5,Process terminated (rule: ProcessTerminate),"Process terminated:
RuleName: -
UtcTime: 2023-04-15 12:18:34.896
ProcessGuid: {2048537D-95C0-643A-FF02-000000000A00}
ProcessId: 1764
Image: C:\Windows\System32\backgroundTaskHost.exe
User: EXAMPLECOMPANY\admin"
Information,4/15/2023 9:18:23 PM,Microsoft-Windows-Sysmon,5,Process terminated (rule: ProcessTerminate),"Process terminated:
RuleName: -
UtcTime: 2023-04-15 12:18:22.991
ProcessGuid: {2048537D-95EB-643A-0503-000000000A00}
ProcessId: 3856
Image: C:\Windows\System32\wermgr.exe
User: NT AUTHORITY\SYSTEM"
Information,4/15/2023 9:17:49 PM,Microsoft-Windows-Sysmon,1,Process Create (rule: ProcessCreate),"Process Create:
RuleName: -
UtcTime: 2023-04-15 12:17:49.166
ProcessGuid: {2048537D-95ED-643A-0703-000000000A00}
ProcessId: 1488
Image: C:\Windows\SystemApps\ShellExperienceHost_cw5n1h2txyewy\ShellExperienceHost.exe
FileVersion: 10.0.14393.447 (rs1_release_inmarket.161102-0100)
Description: Windows Shell Experience Host
Product: Microsoft® Windows® Operating System
Company: Microsoft Corporation
OriginalFileName: ShellExperienceHost.exe
CommandLine: ""C:\Windows\SystemApps\ShellExperienceHost_cw5n1h2txyewy\ShellExperienceHost.exe"" -ServerName:App.AppXtk181tbxbce2qsex02s8tw7hfxa9xb3t.mca
CurrentDirectory: C:\Windows\SystemApps\ShellExperienceHost_cw5n1h2txyewy\
User: EXAMPLECOMPANY\admin
LogonGuid: {2048537D-8D5D-643A-7B45-030000000000}
LogonId: 0x3457B
TerminalSessionId: 1
IntegrityLevel: AppContainer
Hashes: SHA256=AA4F4331E0DD65926D6C2EB585306B760F02C8F9DCC637020915EBAD8BC6E060
ParentProcessGuid: {00000000-0000-0000-0000-000000000000}
ParentProcessId: 736
ParentImage: -
ParentCommandLine: -
ParentUser: -"
Information,4/15/2023 9:17:47 PM,Microsoft-Windows-Sysmon,5,Process terminated (rule: ProcessTerminate),"Process terminated:
RuleName: -
UtcTime: 2023-04-15 12:17:47.157
ProcessGuid: {2048537D-95EB-643A-0603-000000000A00}
ProcessId: 4536
Image: <unknown process>
User: EXAMPLECOMPANY\admin"
Information,4/15/2023 9:17:47 PM,Microsoft-Windows-Sysmon,1,Process Create (rule: ProcessCreate),"Process Create:
RuleName: -
UtcTime: 2023-04-15 12:17:47.160
ProcessGuid: {2048537D-95EB-643A-0603-000000000A00}
ProcessId: 4536
Image: C:\Windows\System32\WerFault.exe
FileVersion: 10.0.14393.1884 (rs1_release.171101-1233)
Description: Windows Problem Reporting
Product: Microsoft® Windows® Operating System
Company: Microsoft Corporation
OriginalFileName: WerFault.exe
CommandLine: werfault.exe /h /shared Global\af94b3bd899941adabe91dca27a38ba4 /t 0 /p 2252
CurrentDirectory: C:\Windows\system32\
User: EXAMPLECOMPANY\admin
LogonGuid: {2048537D-8D5D-643A-7B45-030000000000}
LogonId: 0x3457B
TerminalSessionId: 1
IntegrityLevel: Medium
Hashes: SHA256=973D7D9AEB644B077EEB2B079CF77C17011D7F43C5498CA565C12B98C2A69B58
ParentProcessGuid: {2048537D-95C7-643A-0103-000000000A00}
ParentProcessId: 3588
ParentImage: C:\Windows\System32\svchost.exe
ParentCommandLine: C:\Windows\System32\svchost.exe -k WerSvcGroup
ParentUser: NT AUTHORITY\SYSTEM"
Information,4/15/2023 9:17:47 PM,Microsoft-Windows-Sysmon,5,Process terminated (rule: ProcessTerminate),"Process terminated:
RuleName: -
UtcTime: 2023-04-15 12:17:47.142
ProcessGuid: {2048537D-8D5D-643A-4800-000000000A00}
ProcessId: 2252
Image: C:\Windows\SystemApps\ShellExperienceHost_cw5n1h2txyewy\ShellExperienceHost.exe
User: EXAMPLECOMPANY\admin"
Information,4/15/2023 9:17:47 PM,Microsoft-Windows-Sysmon,5,Process terminated (rule: ProcessTerminate),"Process terminated:
RuleName: -
UtcTime: 2023-04-15 12:17:47.142
ProcessGuid: {2048537D-95CA-643A-0403-000000000A00}
ProcessId: 2172
Image: C:\Windows\System32\WerFault.exe
User: EXAMPLECOMPANY\admin"
Information,4/15/2023 9:17:47 PM,Microsoft-Windows-Sysmon,1,Process Create (rule: ProcessCreate),"Process Create:
RuleName: -
UtcTime: 2023-04-15 12:17:47.141
ProcessGuid: {2048537D-95EB-643A-0503-000000000A00}
ProcessId: 3856
Image: C:\Windows\System32\wermgr.exe
FileVersion: 10.0.14393.1884 (rs1_release.171101-1233)
Description: Windows Problem Reporting
Product: Microsoft® Windows® Operating System
Company: Microsoft Corporation
OriginalFileName: WerMgr
CommandLine: C:\Windows\system32\wermgr.exe -upload
CurrentDirectory: C:\Windows\system32\
User: NT AUTHORITY\SYSTEM
LogonGuid: {2048537D-8D03-643A-E703-000000000000}
LogonId: 0x3E7
TerminalSessionId: 0
IntegrityLevel: System
Hashes: SHA256=99A3BBD357A66BBBE00D9215277A42417D1EC243BB5B88D12324318592BBFD58
ParentProcessGuid: {00000000-0000-0000-0000-000000000000}
ParentProcessId: 952
ParentImage: -
ParentCommandLine: -
ParentUser: -"
Information,4/15/2023 9:17:34 PM,Microsoft-Windows-Sysmon,5,Process terminated (rule: ProcessTerminate),"Process terminated:
RuleName: -
UtcTime: 2023-04-15 12:17:34.237
ProcessGuid: {2048537D-95BB-643A-FB02-000000000A00}
ProcessId: 3752
Image: C:\Windows\System32\dllhost.exe
User: NT AUTHORITY\SYSTEM"
Information,4/15/2023 9:17:29 PM,Microsoft-Windows-Sysmon,5,Process terminated (rule: ProcessTerminate),"Process terminated:
RuleName: -
UtcTime: 2023-04-15 12:17:29.224
ProcessGuid: {2048537D-95BB-643A-F902-000000000A00}
ProcessId: 4708
Image: C:\Windows\System32\taskhostw.exe
User: NT AUTHORITY\SYSTEM"
Information,4/15/2023 9:17:26 PM,Microsoft-Windows-Sysmon,5,Process terminated (rule: ProcessTerminate),"Process terminated:
RuleName: -
UtcTime: 2023-04-15 12:17:26.630
ProcessGuid: {2048537D-926B-643A-E702-000000000A00}
ProcessId: 3612
Image: C:\Windows\System32\LockAppHost.exe
User: EXAMPLECOMPANY\admin"
Information,4/15/2023 9:17:14 PM,Microsoft-Windows-Sysmon,1,Process Create (rule: ProcessCreate),"Process Create:
RuleName: -
UtcTime: 2023-04-15 12:17:14.824
ProcessGuid: {2048537D-95CA-643A-0403-000000000A00}
ProcessId: 2172
Image: C:\Windows\System32\WerFault.exe
FileVersion: 10.0.14393.1884 (rs1_release.171101-1233)
Description: Windows Problem Reporting
Product: Microsoft® Windows® Operating System
Company: Microsoft Corporation
OriginalFileName: WerFault.exe
CommandLine: C:\Windows\system32\WerFault.exe -u -p 2252 -s 3008
CurrentDirectory: C:\Windows\system32\
User: EXAMPLECOMPANY\admin
LogonGuid: {2048537D-8D5D-643A-7B45-030000000000}
LogonId: 0x3457B
TerminalSessionId: 1
IntegrityLevel: Medium
Hashes: SHA256=973D7D9AEB644B077EEB2B079CF77C17011D7F43C5498CA565C12B98C2A69B58
ParentProcessGuid: {2048537D-8D5D-643A-4800-000000000A00}
ParentProcessId: 2252
ParentImage: C:\Windows\SystemApps\ShellExperienceHost_cw5n1h2txyewy\ShellExperienceHost.exe
ParentCommandLine: ""C:\Windows\SystemApps\ShellExperienceHost_cw5n1h2txyewy\ShellExperienceHost.exe"" -ServerName:App.AppXtk181tbxbce2qsex02s8tw7hfxa9xb3t.mca
ParentUser: EXAMPLECOMPANY\admin"
Information,4/15/2023 9:17:14 PM,Microsoft-Windows-Sysmon,5,Process terminated (rule: ProcessTerminate),"Process terminated:
RuleName: -
UtcTime: 2023-04-15 12:17:14.803
ProcessGuid: {2048537D-8D5D-643A-3C00-000000000A00}
ProcessId: 3572
Image: C:\Windows\System32\RuntimeBroker.exe
User: EXAMPLECOMPANY\admin"
Information,4/15/2023 9:17:14 PM,Microsoft-Windows-Sysmon,5,Process terminated (rule: ProcessTerminate),"Process terminated:
RuleName: -
UtcTime: 2023-04-15 12:17:14.803
ProcessGuid: {2048537D-95C7-643A-0203-000000000A00}
ProcessId: 5076
Image: C:\Windows\System32\WerFault.exe
User: EXAMPLECOMPANY\admin"
Information,4/15/2023 9:17:11 PM,Microsoft-Windows-Sysmon,1,Process Create (rule: ProcessCreate),"Process Create:
RuleName: -
UtcTime: 2023-04-15 12:17:11.565
ProcessGuid: {2048537D-95C7-643A-0303-000000000A00}
ProcessId: 1948
Image: C:\Windows\System32\svchost.exe
FileVersion: 10.0.14393.0 (rs1_release.160715-1616)
Description: Host Process for Windows Services
Product: Microsoft® Windows® Operating System
Company: Microsoft Corporation
OriginalFileName: svchost.exe
CommandLine: C:\Windows\System32\svchost.exe -k wsappx
CurrentDirectory: C:\Windows\system32\
User: NT AUTHORITY\SYSTEM
LogonGuid: {2048537D-8D03-643A-E703-000000000000}
LogonId: 0x3E7
TerminalSessionId: 0
IntegrityLevel: System
Hashes: SHA256=438B6CCD84F4DD32D9684ED7D58FD7D1E5A75FE3F3D12AB6C788E6BB0FFAD5E7
ParentProcessGuid: {00000000-0000-0000-0000-000000000000}
ParentProcessId: 556
ParentImage: -
ParentCommandLine: -
ParentUser: -"
Information,4/15/2023 9:17:11 PM,Microsoft-Windows-Sysmon,1,Process Create (rule: ProcessCreate),"Process Create:
RuleName: -
UtcTime: 2023-04-15 12:17:11.452
ProcessGuid: {2048537D-95C7-643A-0203-000000000A00}
ProcessId: 5076
Image: C:\Windows\System32\WerFault.exe
FileVersion: 10.0.14393.1884 (rs1_release.171101-1233)
Description: Windows Problem Reporting
Product: Microsoft® Windows® Operating System
Company: Microsoft Corporation
OriginalFileName: WerFault.exe
CommandLine: C:\Windows\system32\WerFault.exe -u -p 3572 -s 2256
CurrentDirectory: C:\Windows\system32\
User: EXAMPLECOMPANY\admin
LogonGuid: {2048537D-8D5D-643A-7B45-030000000000}
LogonId: 0x3457B
TerminalSessionId: 1
IntegrityLevel: Medium
Hashes: SHA256=973D7D9AEB644B077EEB2B079CF77C17011D7F43C5498CA565C12B98C2A69B58
ParentProcessGuid: {2048537D-8D5D-643A-3C00-000000000A00}
ParentProcessId: 3572
ParentImage: C:\Windows\System32\RuntimeBroker.exe
ParentCommandLine: C:\Windows\System32\RuntimeBroker.exe -Embedding
ParentUser: EXAMPLECOMPANY\admin"
Information,4/15/2023 9:17:11 PM,Microsoft-Windows-Sysmon,1,Process Create (rule: ProcessCreate),"Process Create:
RuleName: -
UtcTime: 2023-04-15 12:17:11.445
ProcessGuid: {2048537D-95C7-643A-0103-000000000A00}
ProcessId: 3588
Image: C:\Windows\System32\svchost.exe
FileVersion: 10.0.14393.0 (rs1_release.160715-1616)
Description: Host Process for Windows Services
Product: Microsoft® Windows® Operating System
Company: Microsoft Corporation
OriginalFileName: svchost.exe
CommandLine: C:\Windows\System32\svchost.exe -k WerSvcGroup
CurrentDirectory: C:\Windows\system32\
User: NT AUTHORITY\SYSTEM
LogonGuid: {2048537D-8D03-643A-E703-000000000000}
LogonId: 0x3E7
TerminalSessionId: 0
IntegrityLevel: System
Hashes: SHA256=438B6CCD84F4DD32D9684ED7D58FD7D1E5A75FE3F3D12AB6C788E6BB0FFAD5E7
ParentProcessGuid: {00000000-0000-0000-0000-000000000000}
ParentProcessId: 556
ParentImage: -
ParentCommandLine: -
ParentUser: -"
Information,4/15/2023 9:17:04 PM,Microsoft-Windows-Sysmon,1,Process Create (rule: ProcessCreate),"Process Create:
RuleName: -
UtcTime: 2023-04-15 12:17:04.893
ProcessGuid: {2048537D-95C0-643A-FF02-000000000A00}
ProcessId: 1764
Image: C:\Windows\System32\backgroundTaskHost.exe
FileVersion: 10.0.14393.0 (rs1_release.160715-1616)
Description: Background Task Host
Product: Microsoft® Windows® Operating System
Company: Microsoft Corporation
OriginalFileName: backgroundTaskHost.exe
CommandLine: ""C:\Windows\system32\backgroundTaskHost.exe"" -ServerName:CortanaUI.AppXy7vb4pc2dr3kc93kfc509b1d0arkfb2x.mca
CurrentDirectory: C:\Windows\SystemApps\Microsoft.Windows.Cortana_cw5n1h2txyewy\
User: EXAMPLECOMPANY\admin
LogonGuid: {2048537D-8D5D-643A-7B45-030000000000}
LogonId: 0x3457B
TerminalSessionId: 1
IntegrityLevel: AppContainer
Hashes: SHA256=23A80E09DAE6DB17909E81B1CA7E9BF43158BDEE69C1646125FC62E6BFE2745B
ParentProcessGuid: {00000000-0000-0000-0000-000000000000}
ParentProcessId: 736
ParentImage: -
ParentCommandLine: -
ParentUser: -"
Information,4/15/2023 9:17:04 PM,Microsoft-Windows-Sysmon,5,Process terminated (rule: ProcessTerminate),"Process terminated:
RuleName: -
UtcTime: 2023-04-15 12:17:04.273
ProcessGuid: {2048537D-95BB-643A-FD02-000000000A00}
ProcessId: 5008
Image: C:\Windows\System32\dllhost.exe
User: NT AUTHORITY\SYSTEM"
