Information,2023/04/02 17:41:50,Microsoft-Windows-Sysmon,1,Process Create (rule: ProcessCreate),"Process Create:
RuleName: -
UtcTime: 2023-04-02 08:41:50.497
ProcessGuid: {22a2695c-3fce-6429-14e7-000000006e00}
ProcessId: 21348
Image: C:\Program Files\Splunk\bin\btool.exe
FileVersion: 9.0.4.1
Description: btool
Product: splunk Application
Company: Splunk Inc.
OriginalFileName: btool.exe
CommandLine: btool server list
CurrentDirectory: C:\WINDOWS\system32\
User: NT AUTHORITY\SYSTEM
LogonGuid: {22a2695c-0147-6428-e703-000000000000}
LogonId: 0x3E7
TerminalSessionId: 0
IntegrityLevel: System
Hashes: SHA256=84FDBDECB36A65AA09F3BB79E68C79C1571AC4F1A94056B2A24D42928A8083DB
ParentProcessGuid: {22a2695c-3fcd-6429-0de7-000000006e00}
ParentProcessId: 14536
ParentImage: C:\Program Files\Splunk\bin\python3.exe
ParentCommandLine: ""C:\Program Files\Splunk\bin\Python3.exe"" ""C:\Program Files\Splunk\etc\apps\splunk_assist\bin\supervisor_modular_input.py""
ParentUser: NT AUTHORITY\SYSTEM"
Information,2023/04/02 17:41:50,Microsoft-Windows-Sysmon,5,Process terminated (rule: ProcessTerminate),"Process terminated:
RuleName: -
UtcTime: 2023-04-02 08:41:50.486
ProcessGuid: {22a2695c-3fce-6429-11e7-000000006e00}
ProcessId: 15880
Image: C:\Program Files\Splunk\bin\splunkd.exe
User: NT AUTHORITY\SYSTEM"
Information,2023/04/02 17:41:50,Microsoft-Windows-Sysmon,5,Process terminated (rule: ProcessTerminate),"Process terminated:
RuleName: -
UtcTime: 2023-04-02 08:41:50.483
ProcessGuid: {22a2695c-3fce-6429-10e7-000000006e00}
ProcessId: 12084
Image: C:\Program Files\Splunk\bin\splunkd.exe
User: NT AUTHORITY\SYSTEM"
Information,2023/04/02 17:41:50,Microsoft-Windows-Sysmon,1,Process Create (rule: ProcessCreate),"Process Create:
RuleName: -
UtcTime: 2023-04-02 08:41:50.426
ProcessGuid: {22a2695c-3fce-6429-13e7-000000006e00}
ProcessId: 11352
Image: C:\Program Files\Splunk\bin\splunkd.exe
FileVersion: 9.0.4.1
Description: splunkd service
Product: splunk Application
Company: Splunk Inc.
OriginalFileName: splunkd.exe
CommandLine: ""C:\Program Files\Splunk\bin\SplunkD.EXE"" btool server list
CurrentDirectory: C:\WINDOWS\system32\
User: NT AUTHORITY\SYSTEM
LogonGuid: {22a2695c-0147-6428-e703-000000000000}
LogonId: 0x3E7
TerminalSessionId: 0
IntegrityLevel: System
Hashes: SHA256=DDC68D8B83CE3833A4DCCCD17EAD4CF9D0517B64BFC681EA7C74108EF606C3E4
ParentProcessGuid: {22a2695c-3fce-6429-12e7-000000006e00}
ParentProcessId: 26708
ParentImage: C:\Program Files\Splunk\bin\btool.exe
ParentCommandLine: btool server list
ParentUser: NT AUTHORITY\SYSTEM"
Information,2023/04/02 17:41:50,Microsoft-Windows-Sysmon,1,Process Create (rule: ProcessCreate),"Process Create:
RuleName: -
UtcTime: 2023-04-02 08:41:50.417
ProcessGuid: {22a2695c-3fce-6429-12e7-000000006e00}
ProcessId: 26708
Image: C:\Program Files\Splunk\bin\btool.exe
FileVersion: 9.0.4.1
Description: btool
Product: splunk Application
Company: Splunk Inc.
OriginalFileName: btool.exe
CommandLine: btool server list
CurrentDirectory: C:\WINDOWS\system32\
User: NT AUTHORITY\SYSTEM
LogonGuid: {22a2695c-0147-6428-e703-000000000000}
LogonId: 0x3E7
TerminalSessionId: 0
IntegrityLevel: System
Hashes: SHA256=84FDBDECB36A65AA09F3BB79E68C79C1571AC4F1A94056B2A24D42928A8083DB
ParentProcessGuid: {22a2695c-3fcd-6429-0ce7-000000006e00}
ParentProcessId: 14116
ParentImage: C:\Program Files\Splunk\bin\python3.exe
ParentCommandLine: ""C:\Program Files\Splunk\bin\Python3.exe"" ""C:\Program Files\Splunk\etc\apps\splunk_assist\bin\instance_id_modular_input.py""
ParentUser: NT AUTHORITY\SYSTEM"
Information,2023/04/02 17:41:50,Microsoft-Windows-Sysmon,5,Process terminated (rule: ProcessTerminate),"Process terminated:
RuleName: -
UtcTime: 2023-04-02 08:41:50.295
ProcessGuid: {22a2695c-3fce-6429-0fe7-000000006e00}
ProcessId: 17672
Image: C:\Program Files\Splunk\bin\splunkd.exe
User: NT AUTHORITY\SYSTEM"
Information,2023/04/02 17:41:50,Microsoft-Windows-Sysmon,1,Process Create (rule: ProcessCreate),"Process Create:
RuleName: -
UtcTime: 2023-04-02 08:41:50.224
ProcessGuid: {22a2695c-3fce-6429-11e7-000000006e00}
ProcessId: 15880
Image: C:\Program Files\Splunk\bin\splunkd.exe
FileVersion: 9.0.4.1
Description: splunkd service
Product: splunk Application
Company: Splunk Inc.
OriginalFileName: splunkd.exe
CommandLine: ""C:\Program Files\Splunk\bin\splunkd"" local-rest-uri -p 8089
CurrentDirectory: C:\WINDOWS\system32\
User: NT AUTHORITY\SYSTEM
LogonGuid: {22a2695c-0147-6428-e703-000000000000}
LogonId: 0x3E7
TerminalSessionId: 0
IntegrityLevel: System
Hashes: SHA256=DDC68D8B83CE3833A4DCCCD17EAD4CF9D0517B64BFC681EA7C74108EF606C3E4
ParentProcessGuid: {22a2695c-3fcd-6429-0ee7-000000006e00}
ParentProcessId: 11880
ParentImage: C:\Program Files\Splunk\bin\python3.exe
ParentCommandLine: ""C:\Program Files\Splunk\bin\Python3.exe"" ""C:\Program Files\Splunk\etc\apps\splunk_assist\bin\uiassets_modular_input.py""
ParentUser: NT AUTHORITY\SYSTEM"
Information,2023/04/02 17:41:50,Microsoft-Windows-Sysmon,1,Process Create (rule: ProcessCreate),"Process Create:
RuleName: -
UtcTime: 2023-04-02 08:41:50.211
ProcessGuid: {22a2695c-3fce-6429-10e7-000000006e00}
ProcessId: 12084
Image: C:\Program Files\Splunk\bin\splunkd.exe
FileVersion: 9.0.4.1
Description: splunkd service
Product: splunk Application
Company: Splunk Inc.
OriginalFileName: splunkd.exe
CommandLine: ""C:\Program Files\Splunk\bin\splunkd"" local-rest-uri -p 8089
CurrentDirectory: C:\WINDOWS\system32\
User: NT AUTHORITY\SYSTEM
LogonGuid: {22a2695c-0147-6428-e703-000000000000}
LogonId: 0x3E7
TerminalSessionId: 0
IntegrityLevel: System
Hashes: SHA256=DDC68D8B83CE3833A4DCCCD17EAD4CF9D0517B64BFC681EA7C74108EF606C3E4
ParentProcessGuid: {22a2695c-3fcd-6429-0de7-000000006e00}
ParentProcessId: 14536
ParentImage: C:\Program Files\Splunk\bin\python3.exe
ParentCommandLine: ""C:\Program Files\Splunk\bin\Python3.exe"" ""C:\Program Files\Splunk\etc\apps\splunk_assist\bin\supervisor_modular_input.py""
ParentUser: NT AUTHORITY\SYSTEM"
Information,2023/04/02 17:41:50,Microsoft-Windows-Sysmon,1,Process Create (rule: ProcessCreate),"Process Create:
RuleName: -
UtcTime: 2023-04-02 08:41:50.043
ProcessGuid: {22a2695c-3fce-6429-0fe7-000000006e00}
ProcessId: 17672
Image: C:\Program Files\Splunk\bin\splunkd.exe
FileVersion: 9.0.4.1
Description: splunkd service
Product: splunk Application
Company: Splunk Inc.
OriginalFileName: splunkd.exe
CommandLine: ""C:\Program Files\Splunk\bin\splunkd"" local-rest-uri -p 8089
CurrentDirectory: C:\WINDOWS\system32\
User: NT AUTHORITY\SYSTEM
LogonGuid: {22a2695c-0147-6428-e703-000000000000}
LogonId: 0x3E7
TerminalSessionId: 0
IntegrityLevel: System
Hashes: SHA256=DDC68D8B83CE3833A4DCCCD17EAD4CF9D0517B64BFC681EA7C74108EF606C3E4
ParentProcessGuid: {22a2695c-3fcd-6429-0ce7-000000006e00}
ParentProcessId: 14116
ParentImage: C:\Program Files\Splunk\bin\python3.exe
ParentCommandLine: ""C:\Program Files\Splunk\bin\Python3.exe"" ""C:\Program Files\Splunk\etc\apps\splunk_assist\bin\instance_id_modular_input.py""
ParentUser: NT AUTHORITY\SYSTEM"
Information,2023/04/02 17:41:49,Microsoft-Windows-Sysmon,1,Process Create (rule: ProcessCreate),"Process Create:
RuleName: -
UtcTime: 2023-04-02 08:41:49.704
ProcessGuid: {22a2695c-3fcd-6429-0ee7-000000006e00}
ProcessId: 11880
Image: C:\Program Files\Splunk\bin\python3.exe
FileVersion: 3.7.11
Description: Python
Product: Python
Company: Python Software Foundation
OriginalFileName: python.exe
CommandLine: ""C:\Program Files\Splunk\bin\Python3.exe"" ""C:\Program Files\Splunk\etc\apps\splunk_assist\bin\uiassets_modular_input.py""
CurrentDirectory: C:\WINDOWS\system32\
User: NT AUTHORITY\SYSTEM
LogonGuid: {22a2695c-0147-6428-e703-000000000000}
LogonId: 0x3E7
TerminalSessionId: 0
IntegrityLevel: System
Hashes: SHA256=B89B21E387AE0C72F4443C172C2792048C5645CCCC7C7F2A296878D20DEB2ABF
ParentProcessGuid: {00000000-0000-0000-0000-000000000000}
ParentProcessId: 4840
ParentImage: -
ParentCommandLine: -
ParentUser: -"
Information,2023/04/02 17:41:49,Microsoft-Windows-Sysmon,1,Process Create (rule: ProcessCreate),"Process Create:
RuleName: -
UtcTime: 2023-04-02 08:41:49.642
ProcessGuid: {22a2695c-3fcd-6429-0de7-000000006e00}
ProcessId: 14536
Image: C:\Program Files\Splunk\bin\python3.exe
FileVersion: 3.7.11
Description: Python
Product: Python
Company: Python Software Foundation
OriginalFileName: python.exe
CommandLine: ""C:\Program Files\Splunk\bin\Python3.exe"" ""C:\Program Files\Splunk\etc\apps\splunk_assist\bin\supervisor_modular_input.py""
CurrentDirectory: C:\WINDOWS\system32\
User: NT AUTHORITY\SYSTEM
LogonGuid: {22a2695c-0147-6428-e703-000000000000}
LogonId: 0x3E7
TerminalSessionId: 0
IntegrityLevel: System
Hashes: SHA256=B89B21E387AE0C72F4443C172C2792048C5645CCCC7C7F2A296878D20DEB2ABF
ParentProcessGuid: {00000000-0000-0000-0000-000000000000}
ParentProcessId: 4840
ParentImage: -
ParentCommandLine: -
ParentUser: -"
Information,2023/04/02 17:41:49,Microsoft-Windows-Sysmon,1,Process Create (rule: ProcessCreate),"Process Create:
RuleName: -
UtcTime: 2023-04-02 08:41:49.578
ProcessGuid: {22a2695c-3fcd-6429-0ce7-000000006e00}
ProcessId: 14116
Image: C:\Program Files\Splunk\bin\python3.exe
FileVersion: 3.7.11
Description: Python
Product: Python
Company: Python Software Foundation
OriginalFileName: python.exe
CommandLine: ""C:\Program Files\Splunk\bin\Python3.exe"" ""C:\Program Files\Splunk\etc\apps\splunk_assist\bin\instance_id_modular_input.py""
CurrentDirectory: C:\WINDOWS\system32\
User: NT AUTHORITY\SYSTEM
LogonGuid: {22a2695c-0147-6428-e703-000000000000}
LogonId: 0x3E7
TerminalSessionId: 0
IntegrityLevel: System
Hashes: SHA256=B89B21E387AE0C72F4443C172C2792048C5645CCCC7C7F2A296878D20DEB2ABF
ParentProcessGuid: {00000000-0000-0000-0000-000000000000}
ParentProcessId: 4840
ParentImage: -
ParentCommandLine: -
ParentUser: -"
Information,2023/04/02 17:41:49,Microsoft-Windows-Sysmon,5,Process terminated (rule: ProcessTerminate),"Process terminated:
RuleName: -
UtcTime: 2023-04-02 08:41:49.534
ProcessGuid: {22a2695c-3fcd-6429-0be7-000000006e00}
ProcessId: 10632
Image: C:\Windows\System32\conhost.exe
User: DESKTOP-61BPDT0\iniad"
Information,2023/04/02 17:41:49,Microsoft-Windows-Sysmon,5,Process terminated (rule: ProcessTerminate),"Process terminated:
RuleName: -
UtcTime: 2023-04-02 08:41:49.530
ProcessGuid: {22a2695c-3fcd-6429-0ae7-000000006e00}
ProcessId: 5700
Image: C:\Windows\System32\lxss\wslhost.exe
User: DESKTOP-61BPDT0\iniad"
Information,2023/04/02 17:41:49,Microsoft-Windows-Sysmon,5,Process terminated (rule: ProcessTerminate),"Process terminated:
RuleName: -
UtcTime: 2023-04-02 08:41:49.521
ProcessGuid: {22a2695c-3fcd-6429-09e7-000000006e00}
ProcessId: 15820
Image: C:\Windows\System32\wsl.exe
User: DESKTOP-61BPDT0\iniad"
Information,2023/04/02 17:41:49,Microsoft-Windows-Sysmon,1,Process Create (rule: ProcessCreate),"Process Create:
RuleName: -
UtcTime: 2023-04-02 08:41:49.419
ProcessGuid: {22a2695c-3fcd-6429-0be7-000000006e00}
ProcessId: 10632
Image: C:\Windows\System32\conhost.exe
FileVersion: 10.0.19041.2546 (WinBuild.160101.0800)
Description: Console Window Host
Product: Microsoft® Windows® Operating System
Company: Microsoft Corporation
OriginalFileName: CONHOST.EXE
CommandLine: \??\C:\WINDOWS\system32\conhost.exe 0xffffffff -ForceV1
CurrentDirectory: C:\WINDOWS
User: DESKTOP-61BPDT0\iniad
LogonGuid: {22a2695c-014a-6428-81ce-030000000000}
LogonId: 0x3CE81
TerminalSessionId: 1
IntegrityLevel: Medium
Hashes: SHA256=A26A1FFB81A61281FFA55CB7778CC3FB0FF981704DE49F75F51F18B283FBA7A2
ParentProcessGuid: {22a2695c-3fcd-6429-0ae7-000000006e00}
ParentProcessId: 5700
ParentImage: C:\Windows\System32\lxss\wslhost.exe
ParentCommandLine: C:\WINDOWS\system32\lxss\wslhost.exe {95147f4a-eee3-4770-bd10-0bb18962c0ea} 788 808 764 {1bd0db17-f179-4a8d-ab5a-afeaeb38f5d5}
ParentUser: DESKTOP-61BPDT0\iniad"
Information,2023/04/02 17:41:49,Microsoft-Windows-Sysmon,1,Process Create (rule: ProcessCreate),"Process Create:
RuleName: -
UtcTime: 2023-04-02 08:41:49.414
ProcessGuid: {22a2695c-3fcd-6429-0ae7-000000006e00}
ProcessId: 5700
Image: C:\Windows\System32\lxss\wslhost.exe
FileVersion: 10.0.19041.2311 (WinBuild.160101.0800)
Description: Microsoft Windows Subsystem for Linux Background Host
Product: Microsoft® Windows® Operating System
Company: Microsoft Corporation
OriginalFileName: wslhost.exe
CommandLine: C:\WINDOWS\system32\lxss\wslhost.exe {95147f4a-eee3-4770-bd10-0bb18962c0ea} 788 808 764 {1bd0db17-f179-4a8d-ab5a-afeaeb38f5d5}
CurrentDirectory: C:\Users\iniad\AppData\Roaming\Docker\
User: DESKTOP-61BPDT0\iniad
LogonGuid: {22a2695c-014a-6428-81ce-030000000000}
LogonId: 0x3CE81
TerminalSessionId: 1
IntegrityLevel: Medium
Hashes: SHA256=D9E607F64643812EDB102CE26AF0BB0E9BEB180E44F0F28F791941BF2208CA78
ParentProcessGuid: {22a2695c-3fcd-6429-09e7-000000006e00}
ParentProcessId: 15820
ParentImage: C:\Windows\System32\wsl.exe
ParentCommandLine: C:\WINDOWS\system32\wsl.exe  -d docker-desktop cat /proc/stat
ParentUser: DESKTOP-61BPDT0\iniad"
Information,2023/04/02 17:41:49,Microsoft-Windows-Sysmon,5,Process terminated (rule: ProcessTerminate),"Process terminated:
RuleName: -
UtcTime: 2023-04-02 08:41:49.365
ProcessGuid: {22a2695c-3fcd-6429-08e7-000000006e00}
ProcessId: 27416
Image: C:\Windows\System32\conhost.exe
User: DESKTOP-61BPDT0\iniad"
Information,2023/04/02 17:41:49,Microsoft-Windows-Sysmon,5,Process terminated (rule: ProcessTerminate),"Process terminated:
RuleName: -
UtcTime: 2023-04-02 08:41:49.358
ProcessGuid: {22a2695c-3fcd-6429-07e7-000000006e00}
ProcessId: 9712
Image: C:\Windows\System32\lxss\wslhost.exe
User: DESKTOP-61BPDT0\iniad"
Information,2023/04/02 17:41:49,Microsoft-Windows-Sysmon,1,Process Create (rule: ProcessCreate),"Process Create:
RuleName: -
UtcTime: 2023-04-02 08:41:49.356
ProcessGuid: {22a2695c-3fcd-6429-09e7-000000006e00}
ProcessId: 15820
Image: C:\Windows\System32\wsl.exe
FileVersion: 10.0.19041.2311 (WinBuild.160101.0800)
Description: Microsoft Windows Subsystem for Linux Launcher
Product: Microsoft® Windows® Operating System
Company: Microsoft Corporation
OriginalFileName: wsl.exe
CommandLine: C:\WINDOWS\system32\wsl.exe  -d docker-desktop cat /proc/stat
CurrentDirectory: C:\Users\iniad\AppData\Roaming\Docker\
User: DESKTOP-61BPDT0\iniad
LogonGuid: {22a2695c-014a-6428-81ce-030000000000}
LogonId: 0x3CE81
TerminalSessionId: 1
IntegrityLevel: Medium
Hashes: SHA256=070F414025D984C0799A616B459FEBC99EBC7B6F9D6C3B76E0D4E2E1F22266C2
ParentProcessGuid: {22a2695c-2190-6429-055d-000000006e00}
ParentProcessId: 16796
ParentImage: C:\Program Files\Docker\Docker\resources\com.docker.backend.exe
ParentCommandLine: ""C:\Program Files\Docker\Docker\resources\com.docker.backend.exe"" -addr unix:\\.\pipe\dockerBackendApiServer -native-api
ParentUser: DESKTOP-61BPDT0\iniad"
Information,2023/04/02 17:41:49,Microsoft-Windows-Sysmon,5,Process terminated (rule: ProcessTerminate),"Process terminated:
RuleName: -
UtcTime: 2023-04-02 08:41:49.349
ProcessGuid: {22a2695c-3fcd-6429-06e7-000000006e00}
ProcessId: 13604
Image: C:\Windows\System32\wsl.exe
User: DESKTOP-61BPDT0\iniad"
Information,2023/04/02 17:41:49,Microsoft-Windows-Sysmon,1,Process Create (rule: ProcessCreate),"Process Create:
RuleName: -
UtcTime: 2023-04-02 08:41:49.260
ProcessGuid: {22a2695c-3fcd-6429-08e7-000000006e00}
ProcessId: 27416
Image: C:\Windows\System32\conhost.exe
FileVersion: 10.0.19041.2546 (WinBuild.160101.0800)
Description: Console Window Host
Product: Microsoft® Windows® Operating System
Company: Microsoft Corporation
OriginalFileName: CONHOST.EXE
CommandLine: \??\C:\WINDOWS\system32\conhost.exe 0xffffffff -ForceV1
CurrentDirectory: C:\WINDOWS
User: DESKTOP-61BPDT0\iniad
LogonGuid: {22a2695c-014a-6428-81ce-030000000000}
LogonId: 0x3CE81
TerminalSessionId: 1
IntegrityLevel: Medium
Hashes: SHA256=A26A1FFB81A61281FFA55CB7778CC3FB0FF981704DE49F75F51F18B283FBA7A2
ParentProcessGuid: {22a2695c-3fcd-6429-07e7-000000006e00}
ParentProcessId: 9712
ParentImage: C:\Windows\System32\lxss\wslhost.exe
ParentCommandLine: C:\WINDOWS\system32\lxss\wslhost.exe {95147f4a-eee3-4770-bd10-0bb18962c0ea} 784 804 808 {1bd0db17-f179-4a8d-ab5a-afeaeb38f5d5}
ParentUser: DESKTOP-61BPDT0\iniad"
Information,2023/04/02 17:41:49,Microsoft-Windows-Sysmon,1,Process Create (rule: ProcessCreate),"Process Create:
RuleName: -
UtcTime: 2023-04-02 08:41:49.256
ProcessGuid: {22a2695c-3fcd-6429-07e7-000000006e00}
ProcessId: 9712
Image: C:\Windows\System32\lxss\wslhost.exe
FileVersion: 10.0.19041.2311 (WinBuild.160101.0800)
Description: Microsoft Windows Subsystem for Linux Background Host
Product: Microsoft® Windows® Operating System
Company: Microsoft Corporation
OriginalFileName: wslhost.exe
CommandLine: C:\WINDOWS\system32\lxss\wslhost.exe {95147f4a-eee3-4770-bd10-0bb18962c0ea} 784 804 808 {1bd0db17-f179-4a8d-ab5a-afeaeb38f5d5}
CurrentDirectory: C:\Users\iniad\AppData\Roaming\Docker\
User: DESKTOP-61BPDT0\iniad
LogonGuid: {22a2695c-014a-6428-81ce-030000000000}
LogonId: 0x3CE81
TerminalSessionId: 1
IntegrityLevel: Medium
Hashes: SHA256=D9E607F64643812EDB102CE26AF0BB0E9BEB180E44F0F28F791941BF2208CA78
ParentProcessGuid: {22a2695c-3fcd-6429-06e7-000000006e00}
ParentProcessId: 13604
ParentImage: C:\Windows\System32\wsl.exe
ParentCommandLine: C:\WINDOWS\system32\wsl.exe  -d docker-desktop cat /proc/meminfo
ParentUser: DESKTOP-61BPDT0\iniad"
Information,2023/04/02 17:41:49,Microsoft-Windows-Sysmon,1,Process Create (rule: ProcessCreate),"Process Create:
RuleName: -
UtcTime: 2023-04-02 08:41:49.209
ProcessGuid: {22a2695c-3fcd-6429-06e7-000000006e00}
ProcessId: 13604
Image: C:\Windows\System32\wsl.exe
FileVersion: 10.0.19041.2311 (WinBuild.160101.0800)
Description: Microsoft Windows Subsystem for Linux Launcher
Product: Microsoft® Windows® Operating System
Company: Microsoft Corporation
OriginalFileName: wsl.exe
CommandLine: C:\WINDOWS\system32\wsl.exe  -d docker-desktop cat /proc/meminfo
CurrentDirectory: C:\Users\iniad\AppData\Roaming\Docker\
User: DESKTOP-61BPDT0\iniad
LogonGuid: {22a2695c-014a-6428-81ce-030000000000}
LogonId: 0x3CE81
TerminalSessionId: 1
IntegrityLevel: Medium
Hashes: SHA256=070F414025D984C0799A616B459FEBC99EBC7B6F9D6C3B76E0D4E2E1F22266C2
ParentProcessGuid: {22a2695c-2190-6429-055d-000000006e00}
ParentProcessId: 16796
ParentImage: C:\Program Files\Docker\Docker\resources\com.docker.backend.exe
ParentCommandLine: ""C:\Program Files\Docker\Docker\resources\com.docker.backend.exe"" -addr unix:\\.\pipe\dockerBackendApiServer -native-api
ParentUser: DESKTOP-61BPDT0\iniad"
Information,2023/04/02 17:41:46,Microsoft-Windows-Sysmon,5,Process terminated (rule: ProcessTerminate),"Process terminated:
RuleName: -
UtcTime: 2023-04-02 08:41:46.768
ProcessGuid: {22a2695c-3fca-6429-05e7-000000006e00}
ProcessId: 21328
Image: C:\Program Files\Splunk\bin\splunk-optimize.exe
User: NT AUTHORITY\SYSTEM"
Information,2023/04/02 17:41:46,Microsoft-Windows-Sysmon,1,Process Create (rule: ProcessCreate),"Process Create:
RuleName: -
UtcTime: 2023-04-02 08:41:46.753
ProcessGuid: {22a2695c-3fca-6429-05e7-000000006e00}
ProcessId: 21328
Image: C:\Program Files\Splunk\bin\splunk-optimize.exe
FileVersion: 9.0.4.1
Description: splunk-optimize
Product: splunk Application
Company: Splunk Inc.
OriginalFileName: splunk-optimize.exe
CommandLine: splunk-optimize -d ""C:\Program Files\Splunk\var\lib\splunk\_introspection\db\hot_v1_1"" -x 18014167552 --log-to--splunkd-log --write-level 3 --tsidx-target-size 1572864000 --msidx-comp-block-size 1024
CurrentDirectory: C:\WINDOWS\system32\
User: NT AUTHORITY\SYSTEM
LogonGuid: {22a2695c-0147-6428-e703-000000000000}
LogonId: 0x3E7
TerminalSessionId: 0
IntegrityLevel: System
Hashes: SHA256=090AB6E27522C5B37069983CDBB2F55248153A3FD9602DF223134ACBD59FD742
ParentProcessGuid: {00000000-0000-0000-0000-000000000000}
ParentProcessId: 4840
ParentImage: -
ParentCommandLine: -
ParentUser: -"
Information,2023/04/02 17:41:46,Microsoft-Windows-Sysmon,5,Process terminated (rule: ProcessTerminate),"Process terminated:
RuleName: -
UtcTime: 2023-04-02 08:41:46.510
ProcessGuid: {22a2695c-3fca-6429-03e7-000000006e00}
ProcessId: 19476
Image: C:\Windows\System32\conhost.exe
User: DESKTOP-61BPDT0\iniad"
Information,2023/04/02 17:41:46,Microsoft-Windows-Sysmon,5,Process terminated (rule: ProcessTerminate),"Process terminated:
RuleName: -
UtcTime: 2023-04-02 08:41:46.505
ProcessGuid: {22a2695c-3fca-6429-02e7-000000006e00}
ProcessId: 21544
Image: C:\Windows\System32\cmd.exe
User: DESKTOP-61BPDT0\iniad"
Information,2023/04/02 17:41:46,Microsoft-Windows-Sysmon,5,Process terminated (rule: ProcessTerminate),"Process terminated:
RuleName: -
UtcTime: 2023-04-02 08:41:45.773
ProcessGuid: {22a2695c-3fc9-6429-01e7-000000006e00}
ProcessId: 12268
Image: C:\Program Files\Splunk\bin\splunk-optimize.exe
User: NT AUTHORITY\SYSTEM"
Information,2023/04/02 17:41:45,Microsoft-Windows-Sysmon,1,Process Create (rule: ProcessCreate),"Process Create:
RuleName: -
UtcTime: 2023-04-02 08:41:45.742
ProcessGuid: {22a2695c-3fc9-6429-01e7-000000006e00}
ProcessId: 12268
Image: C:\Program Files\Splunk\bin\splunk-optimize.exe
FileVersion: 9.0.4.1
Description: splunk-optimize
Product: splunk Application
Company: Splunk Inc.
OriginalFileName: splunk-optimize.exe
CommandLine: splunk-optimize -d ""C:\Program Files\Splunk\var\lib\splunk\_metrics\db\hot_v1_9"" -x 18014147584 --log-to--splunkd-log --write-level 3 --tsidx-target-size 1572864000 --msidx-comp-block-size 1024
CurrentDirectory: C:\WINDOWS\system32\
User: NT AUTHORITY\SYSTEM
LogonGuid: {22a2695c-0147-6428-e703-000000000000}
LogonId: 0x3E7
TerminalSessionId: 0
IntegrityLevel: System
Hashes: SHA256=090AB6E27522C5B37069983CDBB2F55248153A3FD9602DF223134ACBD59FD742
ParentProcessGuid: {00000000-0000-0000-0000-000000000000}
ParentProcessId: 4840
ParentImage: -
ParentCommandLine: -
ParentUser: -"
Information,2023/04/02 17:41:45,Microsoft-Windows-Sysmon,5,Process terminated (rule: ProcessTerminate),"Process terminated:
RuleName: -
UtcTime: 2023-04-02 08:41:45.736
ProcessGuid: {22a2695c-3fc9-6429-00e7-000000006e00}
ProcessId: 5948
Image: C:\Program Files\Splunk\bin\splunk-optimize.exe
User: NT AUTHORITY\SYSTEM"
Information,2023/04/02 17:41:45,Microsoft-Windows-Sysmon,1,Process Create (rule: ProcessCreate),"Process Create:
RuleName: -
UtcTime: 2023-04-02 08:41:45.726
ProcessGuid: {22a2695c-3fc9-6429-00e7-000000006e00}
ProcessId: 5948
Image: C:\Program Files\Splunk\bin\splunk-optimize.exe
FileVersion: 9.0.4.1
Description: splunk-optimize
Product: splunk Application
Company: Splunk Inc.
OriginalFileName: splunk-optimize.exe
CommandLine: splunk-optimize -d ""C:\Program Files\Splunk\var\lib\splunk\_metrics\db\hot_v1_8"" -x 18014147584 --log-to--splunkd-log --write-level 3 --tsidx-target-size 1572864000 --msidx-comp-block-size 1024
CurrentDirectory: C:\WINDOWS\system32\
User: NT AUTHORITY\SYSTEM
LogonGuid: {22a2695c-0147-6428-e703-000000000000}
LogonId: 0x3E7
TerminalSessionId: 0
IntegrityLevel: System
Hashes: SHA256=090AB6E27522C5B37069983CDBB2F55248153A3FD9602DF223134ACBD59FD742
ParentProcessGuid: {00000000-0000-0000-0000-000000000000}
ParentProcessId: 4840
ParentImage: -
ParentCommandLine: -
ParentUser: -"
Information,2023/04/02 17:41:45,Microsoft-Windows-Sysmon,5,Process terminated (rule: ProcessTerminate),"Process terminated:
RuleName: -
UtcTime: 2023-04-02 08:41:45.723
ProcessGuid: {22a2695c-3fc9-6429-fde6-000000006e00}
ProcessId: 1848
Image: C:\Program Files\Splunk\bin\splunk-optimize.exe
User: NT AUTHORITY\SYSTEM"
Information,2023/04/02 17:41:45,Microsoft-Windows-Sysmon,5,Process terminated (rule: ProcessTerminate),"Process terminated:
RuleName: -
UtcTime: 2023-04-02 08:41:45.719
ProcessGuid: {22a2695c-3fc9-6429-ffe6-000000006e00}
ProcessId: 24256
Image: C:\Program Files\Splunk\bin\splunk-optimize.exe
User: NT AUTHORITY\SYSTEM"
Information,2023/04/02 17:41:45,Microsoft-Windows-Sysmon,1,Process Create (rule: ProcessCreate),"Process Create:
RuleName: -
UtcTime: 2023-04-02 08:41:45.707
ProcessGuid: {22a2695c-3fc9-6429-ffe6-000000006e00}
ProcessId: 24256
Image: C:\Program Files\Splunk\bin\splunk-optimize.exe
FileVersion: 9.0.4.1
Description: splunk-optimize
Product: splunk Application
Company: Splunk Inc.
OriginalFileName: splunk-optimize.exe
CommandLine: splunk-optimize -d ""C:\Program Files\Splunk\var\lib\splunk\_metrics\db\hot_v1_7"" -x 18014112768 --log-to--splunkd-log --write-level 3 --tsidx-target-size 1572864000 --msidx-comp-block-size 1024
CurrentDirectory: C:\WINDOWS\system32\
User: NT AUTHORITY\SYSTEM
LogonGuid: {22a2695c-0147-6428-e703-000000000000}
LogonId: 0x3E7
TerminalSessionId: 0
IntegrityLevel: System
Hashes: SHA256=090AB6E27522C5B37069983CDBB2F55248153A3FD9602DF223134ACBD59FD742
ParentProcessGuid: {00000000-0000-0000-0000-000000000000}
ParentProcessId: 4840
ParentImage: -
ParentCommandLine: -
ParentUser: -"
Information,2023/04/02 17:41:45,Microsoft-Windows-Sysmon,5,Process terminated (rule: ProcessTerminate),"Process terminated:
RuleName: -
UtcTime: 2023-04-02 08:41:45.699
ProcessGuid: {22a2695c-3fc9-6429-fee6-000000006e00}
ProcessId: 14824
Image: C:\Program Files\Splunk\bin\splunk-optimize.exe
User: NT AUTHORITY\SYSTEM"
Information,2023/04/02 17:41:45,Microsoft-Windows-Sysmon,1,Process Create (rule: ProcessCreate),"Process Create:
RuleName: -
UtcTime: 2023-04-02 08:41:45.690
ProcessGuid: {22a2695c-3fc9-6429-fee6-000000006e00}
ProcessId: 14824
Image: C:\Program Files\Splunk\bin\splunk-optimize.exe
FileVersion: 9.0.4.1
Description: splunk-optimize
Product: splunk Application
Company: Splunk Inc.
OriginalFileName: splunk-optimize.exe
CommandLine: splunk-optimize -d ""C:\Program Files\Splunk\var\lib\splunk\_metrics\db\hot_v1_6"" -x 18014137344 --log-to--splunkd-log --write-level 3 --tsidx-target-size 1572864000 --msidx-comp-block-size 1024
CurrentDirectory: C:\WINDOWS\system32\
User: NT AUTHORITY\SYSTEM
LogonGuid: {22a2695c-0147-6428-e703-000000000000}
LogonId: 0x3E7
TerminalSessionId: 0
IntegrityLevel: System
Hashes: SHA256=090AB6E27522C5B37069983CDBB2F55248153A3FD9602DF223134ACBD59FD742
ParentProcessGuid: {00000000-0000-0000-0000-000000000000}
ParentProcessId: 4840
ParentImage: -
ParentCommandLine: -
ParentUser: -"
Information,2023/04/02 17:41:45,Microsoft-Windows-Sysmon,1,Process Create (rule: ProcessCreate),"Process Create:
RuleName: -
UtcTime: 2023-04-02 08:41:45.673
ProcessGuid: {22a2695c-3fc9-6429-fde6-000000006e00}
ProcessId: 1848
Image: C:\Program Files\Splunk\bin\splunk-optimize.exe
FileVersion: 9.0.4.1
Description: splunk-optimize
Product: splunk Application
Company: Splunk Inc.
OriginalFileName: splunk-optimize.exe
CommandLine: splunk-optimize -d ""C:\Program Files\Splunk\var\lib\splunk\_metrics\db\hot_v1_5"" -x 18014137344 --log-to--splunkd-log --write-level 3 --tsidx-target-size 1572864000 --msidx-comp-block-size 1024
CurrentDirectory: C:\WINDOWS\system32\
User: NT AUTHORITY\SYSTEM
LogonGuid: {22a2695c-0147-6428-e703-000000000000}
LogonId: 0x3E7
TerminalSessionId: 0
IntegrityLevel: System
Hashes: SHA256=090AB6E27522C5B37069983CDBB2F55248153A3FD9602DF223134ACBD59FD742
ParentProcessGuid: {00000000-0000-0000-0000-000000000000}
ParentProcessId: 4840
ParentImage: -
ParentCommandLine: -
ParentUser: -"
Information,2023/04/02 17:41:45,Microsoft-Windows-Sysmon,5,Process terminated (rule: ProcessTerminate),"Process terminated:
RuleName: -
UtcTime: 2023-04-02 08:41:45.645
ProcessGuid: {22a2695c-3fc9-6429-fce6-000000006e00}
ProcessId: 8716
Image: C:\Windows\System32\conhost.exe
User: DESKTOP-61BPDT0\iniad"
Information,2023/04/02 17:41:45,Microsoft-Windows-Sysmon,5,Process terminated (rule: ProcessTerminate),"Process terminated:
RuleName: -
UtcTime: 2023-04-02 08:41:45.641
ProcessGuid: {22a2695c-3fc9-6429-fbe6-000000006e00}
ProcessId: 26764
Image: C:\Windows\System32\lxss\wslhost.exe
User: DESKTOP-61BPDT0\iniad"
Information,2023/04/02 17:41:45,Microsoft-Windows-Sysmon,5,Process terminated (rule: ProcessTerminate),"Process terminated:
RuleName: -
UtcTime: 2023-04-02 08:41:45.633
ProcessGuid: {22a2695c-3fc9-6429-fae6-000000006e00}
ProcessId: 25000
Image: C:\Windows\System32\wsl.exe
User: DESKTOP-61BPDT0\iniad"
Information,2023/04/02 17:41:45,Microsoft-Windows-Sysmon,1,Process Create (rule: ProcessCreate),"Process Create:
RuleName: -
UtcTime: 2023-04-02 08:41:45.549
ProcessGuid: {22a2695c-3fc9-6429-fce6-000000006e00}
ProcessId: 8716
Image: C:\Windows\System32\conhost.exe
FileVersion: 10.0.19041.2546 (WinBuild.160101.0800)
Description: Console Window Host
Product: Microsoft® Windows® Operating System
Company: Microsoft Corporation
OriginalFileName: CONHOST.EXE
CommandLine: \??\C:\WINDOWS\system32\conhost.exe 0xffffffff -ForceV1
CurrentDirectory: C:\WINDOWS
User: DESKTOP-61BPDT0\iniad
LogonGuid: {22a2695c-014a-6428-81ce-030000000000}
LogonId: 0x3CE81
TerminalSessionId: 1
IntegrityLevel: Medium
Hashes: SHA256=A26A1FFB81A61281FFA55CB7778CC3FB0FF981704DE49F75F51F18B283FBA7A2
ParentProcessGuid: {22a2695c-3fc9-6429-fbe6-000000006e00}
ParentProcessId: 26764
ParentImage: C:\Windows\System32\lxss\wslhost.exe
ParentCommandLine: C:\WINDOWS\system32\lxss\wslhost.exe {95147f4a-eee3-4770-bd10-0bb18962c0ea} 800 820 780 {1bd0db17-f179-4a8d-ab5a-afeaeb38f5d5}
ParentUser: DESKTOP-61BPDT0\iniad"
Information,2023/04/02 17:41:45,Microsoft-Windows-Sysmon,1,Process Create (rule: ProcessCreate),"Process Create:
RuleName: -
UtcTime: 2023-04-02 08:41:45.544
ProcessGuid: {22a2695c-3fc9-6429-fbe6-000000006e00}
ProcessId: 26764
Image: C:\Windows\System32\lxss\wslhost.exe
FileVersion: 10.0.19041.2311 (WinBuild.160101.0800)
Description: Microsoft Windows Subsystem for Linux Background Host
Product: Microsoft® Windows® Operating System
Company: Microsoft Corporation
OriginalFileName: wslhost.exe
CommandLine: C:\WINDOWS\system32\lxss\wslhost.exe {95147f4a-eee3-4770-bd10-0bb18962c0ea} 800 820 780 {1bd0db17-f179-4a8d-ab5a-afeaeb38f5d5}
CurrentDirectory: C:\Users\iniad\AppData\Roaming\Docker\
User: DESKTOP-61BPDT0\iniad
LogonGuid: {22a2695c-014a-6428-81ce-030000000000}
LogonId: 0x3CE81
TerminalSessionId: 1
IntegrityLevel: Medium
Hashes: SHA256=D9E607F64643812EDB102CE26AF0BB0E9BEB180E44F0F28F791941BF2208CA78
ParentProcessGuid: {22a2695c-3fc9-6429-fae6-000000006e00}
ParentProcessId: 25000
ParentImage: C:\Windows\System32\wsl.exe
ParentCommandLine: C:\WINDOWS\system32\wsl.exe  -d docker-desktop cat /proc/stat
ParentUser: DESKTOP-61BPDT0\iniad"
Information,2023/04/02 17:41:45,Microsoft-Windows-Sysmon,1,Process Create (rule: ProcessCreate),"Process Create:
RuleName: -
UtcTime: 2023-04-02 08:41:45.496
ProcessGuid: {22a2695c-3fc9-6429-fae6-000000006e00}
ProcessId: 25000
Image: C:\Windows\System32\wsl.exe
FileVersion: 10.0.19041.2311 (WinBuild.160101.0800)
Description: Microsoft Windows Subsystem for Linux Launcher
Product: Microsoft® Windows® Operating System
Company: Microsoft Corporation
OriginalFileName: wsl.exe
CommandLine: C:\WINDOWS\system32\wsl.exe  -d docker-desktop cat /proc/stat
CurrentDirectory: C:\Users\iniad\AppData\Roaming\Docker\
User: DESKTOP-61BPDT0\iniad
LogonGuid: {22a2695c-014a-6428-81ce-030000000000}
LogonId: 0x3CE81
TerminalSessionId: 1
IntegrityLevel: Medium
Hashes: SHA256=070F414025D984C0799A616B459FEBC99EBC7B6F9D6C3B76E0D4E2E1F22266C2
ParentProcessGuid: {22a2695c-2190-6429-055d-000000006e00}
ParentProcessId: 16796
ParentImage: C:\Program Files\Docker\Docker\resources\com.docker.backend.exe
ParentCommandLine: ""C:\Program Files\Docker\Docker\resources\com.docker.backend.exe"" -addr unix:\\.\pipe\dockerBackendApiServer -native-api
ParentUser: DESKTOP-61BPDT0\iniad"
Information,2023/04/02 17:41:44,Microsoft-Windows-Sysmon,5,Process terminated (rule: ProcessTerminate),"Process terminated:
RuleName: -
UtcTime: 2023-04-02 08:41:44.862
ProcessGuid: {22a2695c-3fc7-6429-f2e6-000000006e00}
ProcessId: 16648
Image: C:\Windows\System32\WindowsPowerShell\v1.0\powershell.exe
User: DESKTOP-61BPDT0\iniad"
Information,2023/04/02 17:41:44,Microsoft-Windows-Sysmon,5,Process terminated (rule: ProcessTerminate),"Process terminated:
RuleName: -
UtcTime: 2023-04-02 08:41:44.837
ProcessGuid: {22a2695c-3fc7-6429-f3e6-000000006e00}
ProcessId: 24304
Image: C:\Windows\System32\nslookup.exe
User: DESKTOP-61BPDT0\iniad"
Information,2023/04/02 17:41:44,Microsoft-Windows-Sysmon,5,Process terminated (rule: ProcessTerminate),"Process terminated:
RuleName: -
UtcTime: 2023-04-02 08:41:44.488
ProcessGuid: {22a2695c-3fc8-6429-f9e6-000000006e00}
ProcessId: 18036
Image: C:\Windows\System32\conhost.exe
User: DESKTOP-61BPDT0\iniad"
Information,2023/04/02 17:41:44,Microsoft-Windows-Sysmon,5,Process terminated (rule: ProcessTerminate),"Process terminated:
RuleName: -
UtcTime: 2023-04-02 08:41:44.483
ProcessGuid: {22a2695c-3fc8-6429-f8e6-000000006e00}
ProcessId: 7104
Image: C:\Windows\System32\lxss\wslhost.exe
User: DESKTOP-61BPDT0\iniad"
Information,2023/04/02 17:41:44,Microsoft-Windows-Sysmon,5,Process terminated (rule: ProcessTerminate),"Process terminated:
RuleName: -
UtcTime: 2023-04-02 08:41:44.476
ProcessGuid: {22a2695c-3fc8-6429-f7e6-000000006e00}
ProcessId: 21880
Image: C:\Windows\System32\wsl.exe
User: DESKTOP-61BPDT0\iniad"
Information,2023/04/02 17:41:44,Microsoft-Windows-Sysmon,1,Process Create (rule: ProcessCreate),"Process Create:
RuleName: -
UtcTime: 2023-04-02 08:41:44.401
ProcessGuid: {22a2695c-3fc8-6429-f9e6-000000006e00}
ProcessId: 18036
Image: C:\Windows\System32\conhost.exe
FileVersion: 10.0.19041.2546 (WinBuild.160101.0800)
Description: Console Window Host
Product: Microsoft® Windows® Operating System
Company: Microsoft Corporation
OriginalFileName: CONHOST.EXE
CommandLine: \??\C:\WINDOWS\system32\conhost.exe 0xffffffff -ForceV1
CurrentDirectory: C:\WINDOWS
User: DESKTOP-61BPDT0\iniad
LogonGuid: {22a2695c-014a-6428-81ce-030000000000}
LogonId: 0x3CE81
TerminalSessionId: 1
IntegrityLevel: Medium
Hashes: SHA256=A26A1FFB81A61281FFA55CB7778CC3FB0FF981704DE49F75F51F18B283FBA7A2
ParentProcessGuid: {22a2695c-3fc8-6429-f8e6-000000006e00}
ParentProcessId: 7104
ParentImage: C:\Windows\System32\lxss\wslhost.exe
ParentCommandLine: C:\WINDOWS\system32\lxss\wslhost.exe {95147f4a-eee3-4770-bd10-0bb18962c0ea} 792 812 772 {1bd0db17-f179-4a8d-ab5a-afeaeb38f5d5}
ParentUser: DESKTOP-61BPDT0\iniad"
Information,2023/04/02 17:41:44,Microsoft-Windows-Sysmon,1,Process Create (rule: ProcessCreate),"Process Create:
RuleName: -
UtcTime: 2023-04-02 08:41:44.396
ProcessGuid: {22a2695c-3fc8-6429-f8e6-000000006e00}
ProcessId: 7104
Image: C:\Windows\System32\lxss\wslhost.exe
FileVersion: 10.0.19041.2311 (WinBuild.160101.0800)
Description: Microsoft Windows Subsystem for Linux Background Host
Product: Microsoft® Windows® Operating System
Company: Microsoft Corporation
OriginalFileName: wslhost.exe
CommandLine: C:\WINDOWS\system32\lxss\wslhost.exe {95147f4a-eee3-4770-bd10-0bb18962c0ea} 792 812 772 {1bd0db17-f179-4a8d-ab5a-afeaeb38f5d5}
CurrentDirectory: C:\Users\iniad\AppData\Roaming\Docker\
User: DESKTOP-61BPDT0\iniad
LogonGuid: {22a2695c-014a-6428-81ce-030000000000}
LogonId: 0x3CE81
TerminalSessionId: 1
IntegrityLevel: Medium
Hashes: SHA256=D9E607F64643812EDB102CE26AF0BB0E9BEB180E44F0F28F791941BF2208CA78
ParentProcessGuid: {22a2695c-3fc8-6429-f7e6-000000006e00}
ParentProcessId: 21880
ParentImage: C:\Windows\System32\wsl.exe
ParentCommandLine: C:\WINDOWS\system32\wsl.exe  -d docker-desktop cat /proc/stat
ParentUser: DESKTOP-61BPDT0\iniad"
Information,2023/04/02 17:41:44,Microsoft-Windows-Sysmon,5,Process terminated (rule: ProcessTerminate),"Process terminated:
RuleName: -
UtcTime: 2023-04-02 08:41:44.357
ProcessGuid: {22a2695c-3fc8-6429-f6e6-000000006e00}
ProcessId: 15532
Image: C:\Windows\System32\conhost.exe
User: DESKTOP-61BPDT0\iniad"
Information,2023/04/02 17:41:44,Microsoft-Windows-Sysmon,5,Process terminated (rule: ProcessTerminate),"Process terminated:
RuleName: -
UtcTime: 2023-04-02 08:41:44.353
ProcessGuid: {22a2695c-3fc8-6429-f5e6-000000006e00}
ProcessId: 26196
Image: C:\Windows\System32\lxss\wslhost.exe
User: DESKTOP-61BPDT0\iniad"
Information,2023/04/02 17:41:44,Microsoft-Windows-Sysmon,1,Process Create (rule: ProcessCreate),"Process Create:
RuleName: -
UtcTime: 2023-04-02 08:41:44.351
ProcessGuid: {22a2695c-3fc8-6429-f7e6-000000006e00}
ProcessId: 21880
Image: C:\Windows\System32\wsl.exe
FileVersion: 10.0.19041.2311 (WinBuild.160101.0800)
Description: Microsoft Windows Subsystem for Linux Launcher
Product: Microsoft® Windows® Operating System
Company: Microsoft Corporation
OriginalFileName: wsl.exe
CommandLine: C:\WINDOWS\system32\wsl.exe  -d docker-desktop cat /proc/stat
CurrentDirectory: C:\Users\iniad\AppData\Roaming\Docker\
User: DESKTOP-61BPDT0\iniad
LogonGuid: {22a2695c-014a-6428-81ce-030000000000}
LogonId: 0x3CE81
TerminalSessionId: 1
IntegrityLevel: Medium
Hashes: SHA256=070F414025D984C0799A616B459FEBC99EBC7B6F9D6C3B76E0D4E2E1F22266C2
ParentProcessGuid: {22a2695c-2190-6429-055d-000000006e00}
ParentProcessId: 16796
ParentImage: C:\Program Files\Docker\Docker\resources\com.docker.backend.exe
ParentCommandLine: ""C:\Program Files\Docker\Docker\resources\com.docker.backend.exe"" -addr unix:\\.\pipe\dockerBackendApiServer -native-api
ParentUser: DESKTOP-61BPDT0\iniad"
Information,2023/04/02 17:41:44,Microsoft-Windows-Sysmon,5,Process terminated (rule: ProcessTerminate),"Process terminated:
RuleName: -
UtcTime: 2023-04-02 08:41:44.343
ProcessGuid: {22a2695c-3fc8-6429-f4e6-000000006e00}
ProcessId: 18504
Image: C:\Windows\System32\wsl.exe
User: DESKTOP-61BPDT0\iniad"
Information,2023/04/02 17:41:44,Microsoft-Windows-Sysmon,1,Process Create (rule: ProcessCreate),"Process Create:
RuleName: -
UtcTime: 2023-04-02 08:41:44.267
ProcessGuid: {22a2695c-3fc8-6429-f6e6-000000006e00}
ProcessId: 15532
Image: C:\Windows\System32\conhost.exe
FileVersion: 10.0.19041.2546 (WinBuild.160101.0800)
Description: Console Window Host
Product: Microsoft® Windows® Operating System
Company: Microsoft Corporation
OriginalFileName: CONHOST.EXE
CommandLine: \??\C:\WINDOWS\system32\conhost.exe 0xffffffff -ForceV1
CurrentDirectory: C:\WINDOWS
User: DESKTOP-61BPDT0\iniad
LogonGuid: {22a2695c-014a-6428-81ce-030000000000}
LogonId: 0x3CE81
TerminalSessionId: 1
IntegrityLevel: Medium
Hashes: SHA256=A26A1FFB81A61281FFA55CB7778CC3FB0FF981704DE49F75F51F18B283FBA7A2
ParentProcessGuid: {22a2695c-3fc8-6429-f5e6-000000006e00}
ParentProcessId: 26196
ParentImage: C:\Windows\System32\lxss\wslhost.exe
ParentCommandLine: C:\WINDOWS\system32\lxss\wslhost.exe {95147f4a-eee3-4770-bd10-0bb18962c0ea} 784 804 808 {1bd0db17-f179-4a8d-ab5a-afeaeb38f5d5}
ParentUser: DESKTOP-61BPDT0\iniad"
Information,2023/04/02 17:41:44,Microsoft-Windows-Sysmon,1,Process Create (rule: ProcessCreate),"Process Create:
RuleName: -
UtcTime: 2023-04-02 08:41:44.262
ProcessGuid: {22a2695c-3fc8-6429-f5e6-000000006e00}
ProcessId: 26196
Image: C:\Windows\System32\lxss\wslhost.exe
FileVersion: 10.0.19041.2311 (WinBuild.160101.0800)
Description: Microsoft Windows Subsystem for Linux Background Host
Product: Microsoft® Windows® Operating System
Company: Microsoft Corporation
OriginalFileName: wslhost.exe
CommandLine: C:\WINDOWS\system32\lxss\wslhost.exe {95147f4a-eee3-4770-bd10-0bb18962c0ea} 784 804 808 {1bd0db17-f179-4a8d-ab5a-afeaeb38f5d5}
CurrentDirectory: C:\Users\iniad\AppData\Roaming\Docker\
User: DESKTOP-61BPDT0\iniad
LogonGuid: {22a2695c-014a-6428-81ce-030000000000}
LogonId: 0x3CE81
TerminalSessionId: 1
IntegrityLevel: Medium
Hashes: SHA256=D9E607F64643812EDB102CE26AF0BB0E9BEB180E44F0F28F791941BF2208CA78
ParentProcessGuid: {22a2695c-3fc8-6429-f4e6-000000006e00}
ParentProcessId: 18504
ParentImage: C:\Windows\System32\wsl.exe
ParentCommandLine: C:\WINDOWS\system32\wsl.exe  -d docker-desktop cat /proc/meminfo
ParentUser: DESKTOP-61BPDT0\iniad"
Information,2023/04/02 17:41:44,Microsoft-Windows-Sysmon,1,Process Create (rule: ProcessCreate),"Process Create:
RuleName: -
UtcTime: 2023-04-02 08:41:44.216
ProcessGuid: {22a2695c-3fc8-6429-f4e6-000000006e00}
ProcessId: 18504
Image: C:\Windows\System32\wsl.exe
FileVersion: 10.0.19041.2311 (WinBuild.160101.0800)
Description: Microsoft Windows Subsystem for Linux Launcher
Product: Microsoft® Windows® Operating System
Company: Microsoft Corporation
OriginalFileName: wsl.exe
CommandLine: C:\WINDOWS\system32\wsl.exe  -d docker-desktop cat /proc/meminfo
CurrentDirectory: C:\Users\iniad\AppData\Roaming\Docker\
User: DESKTOP-61BPDT0\iniad
LogonGuid: {22a2695c-014a-6428-81ce-030000000000}
LogonId: 0x3CE81
TerminalSessionId: 1
IntegrityLevel: Medium
Hashes: SHA256=070F414025D984C0799A616B459FEBC99EBC7B6F9D6C3B76E0D4E2E1F22266C2
ParentProcessGuid: {22a2695c-2190-6429-055d-000000006e00}
ParentProcessId: 16796
ParentImage: C:\Program Files\Docker\Docker\resources\com.docker.backend.exe
ParentCommandLine: ""C:\Program Files\Docker\Docker\resources\com.docker.backend.exe"" -addr unix:\\.\pipe\dockerBackendApiServer -native-api
ParentUser: DESKTOP-61BPDT0\iniad"
Information,2023/04/02 17:41:43,Microsoft-Windows-Sysmon,1,Process Create (rule: ProcessCreate),"Process Create:
RuleName: -
UtcTime: 2023-04-02 08:41:43.557
ProcessGuid: {22a2695c-3fc7-6429-f3e6-000000006e00}
ProcessId: 24304
Image: C:\Windows\System32\nslookup.exe
FileVersion: 10.0.19041.1 (WinBuild.160101.0800)
Description: nslookup
Product: Microsoft® Windows® Operating System
Company: Microsoft Corporation
OriginalFileName: nslookup.exe
CommandLine: ""C:\WINDOWS\system32\nslookup.exe""
CurrentDirectory: C:\Users\iniad\Documents\mimi_test\
User: DESKTOP-61BPDT0\iniad
LogonGuid: {22a2695c-014a-6428-52cd-030000000000}
LogonId: 0x3CD52
TerminalSessionId: 1
IntegrityLevel: High
Hashes: SHA256=55AB032D256ADBE3FDE40CF90FE83BA5EAB591E04AD720161ED8E6EF059CA747
ParentProcessGuid: {22a2695c-3fc7-6429-f2e6-000000006e00}
ParentProcessId: 16648
ParentImage: C:\Windows\System32\WindowsPowerShell\v1.0\powershell.exe
ParentCommandLine: powershell.exe  -EncodedCommand bgBzAGwAbwBvAGsAdQBwAA==
ParentUser: DESKTOP-61BPDT0\iniad"
Information,2023/04/02 17:41:43,Microsoft-Windows-Sysmon,1,Process Create (rule: ProcessCreate),"Process Create:
RuleName: -
UtcTime: 2023-04-02 08:41:43.385
ProcessGuid: {22a2695c-3fc7-6429-f2e6-000000006e00}
ProcessId: 16648
Image: C:\Windows\System32\WindowsPowerShell\v1.0\powershell.exe
FileVersion: 10.0.19041.546 (WinBuild.160101.0800)
Description: Windows PowerShell
Product: Microsoft® Windows® Operating System
Company: Microsoft Corporation
OriginalFileName: PowerShell.EXE
CommandLine: powershell.exe  -EncodedCommand bgBzAGwAbwBvAGsAdQBwAA==
CurrentDirectory: C:\Users\iniad\Documents\mimi_test\
User: DESKTOP-61BPDT0\iniad
LogonGuid: {22a2695c-014a-6428-52cd-030000000000}
LogonId: 0x3CD52
TerminalSessionId: 1
IntegrityLevel: High
Hashes: SHA256=9F914D42706FE215501044ACD85A32D58AAEF1419D404FDDFA5D3B48F66CCD9F
ParentProcessGuid: {22a2695c-3edb-6429-78e2-000000006e00}
ParentProcessId: 23936
ParentImage: C:\Windows\System32\cmd.exe
ParentCommandLine: ""C:\WINDOWS\system32\cmd.exe"" 
ParentUser: DESKTOP-61BPDT0\iniad"
Information,2023/04/02 17:41:41,Microsoft-Windows-Sysmon,5,Process terminated (rule: ProcessTerminate),"Process terminated:
RuleName: -
UtcTime: 2023-04-02 08:41:41.729
ProcessGuid: {22a2695c-3fc5-6429-f1e6-000000006e00}
ProcessId: 8832
Image: C:\Program Files\Splunk\bin\splunk-optimize.exe
User: NT AUTHORITY\SYSTEM"
Information,2023/04/02 17:41:41,Microsoft-Windows-Sysmon,1,Process Create (rule: ProcessCreate),"Process Create:
RuleName: -
UtcTime: 2023-04-02 08:41:41.701
ProcessGuid: {22a2695c-3fc5-6429-f1e6-000000006e00}
ProcessId: 8832
Image: C:\Program Files\Splunk\bin\splunk-optimize.exe
FileVersion: 9.0.4.1
Description: splunk-optimize
Product: splunk Application
Company: Splunk Inc.
OriginalFileName: splunk-optimize.exe
CommandLine: splunk-optimize -d ""C:\Program Files\Splunk\var\lib\splunk\_internaldb\db\hot_v1_1"" -x 18014132224 --log-to--splunkd-log --write-level 3 --tsidx-target-size 1572864000 --msidx-comp-block-size 1024
CurrentDirectory: C:\WINDOWS\system32\
User: NT AUTHORITY\SYSTEM
LogonGuid: {22a2695c-0147-6428-e703-000000000000}
LogonId: 0x3E7
TerminalSessionId: 0
IntegrityLevel: System
Hashes: SHA256=090AB6E27522C5B37069983CDBB2F55248153A3FD9602DF223134ACBD59FD742
ParentProcessGuid: {00000000-0000-0000-0000-000000000000}
ParentProcessId: 4840
ParentImage: -
ParentCommandLine: -
ParentUser: -"
Information,2023/04/02 17:41:41,Microsoft-Windows-Sysmon,5,Process terminated (rule: ProcessTerminate),"Process terminated:
RuleName: -
UtcTime: 2023-04-02 08:41:41.695
ProcessGuid: {22a2695c-3fc5-6429-f0e6-000000006e00}
ProcessId: 22920
Image: C:\Program Files\Splunk\bin\splunk-optimize.exe
User: NT AUTHORITY\SYSTEM"
Information,2023/04/02 17:41:41,Microsoft-Windows-Sysmon,1,Process Create (rule: ProcessCreate),"Process Create:
RuleName: -
UtcTime: 2023-04-02 08:41:41.685
ProcessGuid: {22a2695c-3fc5-6429-f0e6-000000006e00}
ProcessId: 22920
Image: C:\Program Files\Splunk\bin\splunk-optimize.exe
FileVersion: 9.0.4.1
Description: splunk-optimize
Product: splunk Application
Company: Splunk Inc.
OriginalFileName: splunk-optimize.exe
CommandLine: splunk-optimize -d ""C:\Program Files\Splunk\var\lib\splunk\audit\db\hot_v1_1"" -x 18014132224 --log-to--splunkd-log --write-level 3 --tsidx-target-size 1572864000 --msidx-comp-block-size 1024
CurrentDirectory: C:\WINDOWS\system32\
User: NT AUTHORITY\SYSTEM
LogonGuid: {22a2695c-0147-6428-e703-000000000000}
LogonId: 0x3E7
TerminalSessionId: 0
IntegrityLevel: System
Hashes: SHA256=090AB6E27522C5B37069983CDBB2F55248153A3FD9602DF223134ACBD59FD742
ParentProcessGuid: {00000000-0000-0000-0000-000000000000}
ParentProcessId: 4840
ParentImage: -
ParentCommandLine: -
ParentUser: -"
Information,2023/04/02 17:41:41,Microsoft-Windows-Sysmon,5,Process terminated (rule: ProcessTerminate),"Process terminated:
RuleName: -
UtcTime: 2023-04-02 08:41:41.595
ProcessGuid: {22a2695c-3f62-6429-f6e4-000000006e00}
ProcessId: 26316
Image: C:\Windows\System32\RuntimeBroker.exe
User: DESKTOP-61BPDT0\iniad"
Information,2023/04/02 17:41:40,Microsoft-Windows-Sysmon,5,Process terminated (rule: ProcessTerminate),"Process terminated:
RuleName: -
UtcTime: 2023-04-02 08:41:40.671
ProcessGuid: {22a2695c-3fc4-6429-efe6-000000006e00}
ProcessId: 13328
Image: C:\Windows\System32\conhost.exe
User: DESKTOP-61BPDT0\iniad"
Information,2023/04/02 17:41:40,Microsoft-Windows-Sysmon,5,Process terminated (rule: ProcessTerminate),"Process terminated:
RuleName: -
UtcTime: 2023-04-02 08:41:40.667
ProcessGuid: {22a2695c-3fc4-6429-eee6-000000006e00}
ProcessId: 18784
Image: C:\Windows\System32\lxss\wslhost.exe
User: DESKTOP-61BPDT0\iniad"
Information,2023/04/02 17:41:40,Microsoft-Windows-Sysmon,5,Process terminated (rule: ProcessTerminate),"Process terminated:
RuleName: -
UtcTime: 2023-04-02 08:41:40.660
ProcessGuid: {22a2695c-3fc4-6429-ede6-000000006e00}
ProcessId: 21608
Image: C:\Windows\System32\wsl.exe
User: DESKTOP-61BPDT0\iniad"
Information,2023/04/02 17:41:40,Microsoft-Windows-Sysmon,1,Process Create (rule: ProcessCreate),"Process Create:
RuleName: -
UtcTime: 2023-04-02 08:41:40.579
ProcessGuid: {22a2695c-3fc4-6429-efe6-000000006e00}
ProcessId: 13328
Image: C:\Windows\System32\conhost.exe
FileVersion: 10.0.19041.2546 (WinBuild.160101.0800)
Description: Console Window Host
Product: Microsoft® Windows® Operating System
Company: Microsoft Corporation
OriginalFileName: CONHOST.EXE
CommandLine: \??\C:\WINDOWS\system32\conhost.exe 0xffffffff -ForceV1
CurrentDirectory: C:\WINDOWS
User: DESKTOP-61BPDT0\iniad
LogonGuid: {22a2695c-014a-6428-81ce-030000000000}
LogonId: 0x3CE81
TerminalSessionId: 1
IntegrityLevel: Medium
Hashes: SHA256=A26A1FFB81A61281FFA55CB7778CC3FB0FF981704DE49F75F51F18B283FBA7A2
ParentProcessGuid: {22a2695c-3fc4-6429-eee6-000000006e00}
ParentProcessId: 18784
ParentImage: C:\Windows\System32\lxss\wslhost.exe
ParentCommandLine: C:\WINDOWS\system32\lxss\wslhost.exe {95147f4a-eee3-4770-bd10-0bb18962c0ea} 784 804 808 {1bd0db17-f179-4a8d-ab5a-afeaeb38f5d5}
ParentUser: DESKTOP-61BPDT0\iniad"
Information,2023/04/02 17:41:40,Microsoft-Windows-Sysmon,1,Process Create (rule: ProcessCreate),"Process Create:
RuleName: -
UtcTime: 2023-04-02 08:41:40.574
ProcessGuid: {22a2695c-3fc4-6429-eee6-000000006e00}
ProcessId: 18784
Image: C:\Windows\System32\lxss\wslhost.exe
FileVersion: 10.0.19041.2311 (WinBuild.160101.0800)
Description: Microsoft Windows Subsystem for Linux Background Host
Product: Microsoft® Windows® Operating System
Company: Microsoft Corporation
OriginalFileName: wslhost.exe
CommandLine: C:\WINDOWS\system32\lxss\wslhost.exe {95147f4a-eee3-4770-bd10-0bb18962c0ea} 784 804 808 {1bd0db17-f179-4a8d-ab5a-afeaeb38f5d5}
CurrentDirectory: C:\Users\iniad\AppData\Roaming\Docker\
User: DESKTOP-61BPDT0\iniad
LogonGuid: {22a2695c-014a-6428-81ce-030000000000}
LogonId: 0x3CE81
TerminalSessionId: 1
IntegrityLevel: Medium
Hashes: SHA256=D9E607F64643812EDB102CE26AF0BB0E9BEB180E44F0F28F791941BF2208CA78
ParentProcessGuid: {22a2695c-3fc4-6429-ede6-000000006e00}
ParentProcessId: 21608
ParentImage: C:\Windows\System32\wsl.exe
ParentCommandLine: C:\WINDOWS\system32\wsl.exe  -d docker-desktop cat /proc/stat
ParentUser: DESKTOP-61BPDT0\iniad"
Information,2023/04/02 17:41:40,Microsoft-Windows-Sysmon,1,Process Create (rule: ProcessCreate),"Process Create:
RuleName: -
UtcTime: 2023-04-02 08:41:40.518
ProcessGuid: {22a2695c-3fc4-6429-ede6-000000006e00}
ProcessId: 21608
Image: C:\Windows\System32\wsl.exe
FileVersion: 10.0.19041.2311 (WinBuild.160101.0800)
Description: Microsoft Windows Subsystem for Linux Launcher
Product: Microsoft® Windows® Operating System
Company: Microsoft Corporation
OriginalFileName: wsl.exe
CommandLine: C:\WINDOWS\system32\wsl.exe  -d docker-desktop cat /proc/stat
CurrentDirectory: C:\Users\iniad\AppData\Roaming\Docker\
User: DESKTOP-61BPDT0\iniad
LogonGuid: {22a2695c-014a-6428-81ce-030000000000}
LogonId: 0x3CE81
TerminalSessionId: 1
IntegrityLevel: Medium
Hashes: SHA256=070F414025D984C0799A616B459FEBC99EBC7B6F9D6C3B76E0D4E2E1F22266C2
ParentProcessGuid: {22a2695c-2190-6429-055d-000000006e00}
ParentProcessId: 16796
ParentImage: C:\Program Files\Docker\Docker\resources\com.docker.backend.exe
ParentCommandLine: ""C:\Program Files\Docker\Docker\resources\com.docker.backend.exe"" -addr unix:\\.\pipe\dockerBackendApiServer -native-api
ParentUser: DESKTOP-61BPDT0\iniad"
