Information,2023/04/02 17:42:50,Microsoft-Windows-Sysmon,1,Process Create (rule: ProcessCreate),"Process Create:
RuleName: -
UtcTime: 2023-04-02 08:42:50.855
ProcessGuid: {22a2695c-400a-6429-42e8-000000006e00}
ProcessId: 15440
Image: C:\Program Files\Splunk\bin\btool.exe
FileVersion: 9.0.4.1
Description: btool
Product: splunk Application
Company: Splunk Inc.
OriginalFileName: btool.exe
CommandLine: btool assist list
CurrentDirectory: C:\WINDOWS\system32\
User: NT AUTHORITY\SYSTEM
LogonGuid: {22a2695c-0147-6428-e703-000000000000}
LogonId: 0x3E7
TerminalSessionId: 0
IntegrityLevel: System
Hashes: SHA256=84FDBDECB36A65AA09F3BB79E68C79C1571AC4F1A94056B2A24D42928A8083DB
ParentProcessGuid: {22a2695c-4009-6429-33e8-000000006e00}
ParentProcessId: 23288
ParentImage: C:\Program Files\Splunk\bin\python3.exe
ParentCommandLine: ""C:\Program Files\Splunk\bin\Python3.exe"" ""C:\Program Files\Splunk\etc\apps\splunk_assist\bin\instance_id_modular_input.py""
ParentUser: NT AUTHORITY\SYSTEM"
Information,2023/04/02 17:42:50,Microsoft-Windows-Sysmon,5,Process terminated (rule: ProcessTerminate),"Process terminated:
RuleName: -
UtcTime: 2023-04-02 08:42:50.848
ProcessGuid: {22a2695c-400a-6429-3be8-000000006e00}
ProcessId: 14528
Image: C:\Program Files\Splunk\bin\btool.exe
User: NT AUTHORITY\SYSTEM"
Information,2023/04/02 17:42:50,Microsoft-Windows-Sysmon,5,Process terminated (rule: ProcessTerminate),"Process terminated:
RuleName: -
UtcTime: 2023-04-02 08:42:50.844
ProcessGuid: {22a2695c-400a-6429-3ce8-000000006e00}
ProcessId: 23932
Image: C:\Program Files\Splunk\bin\splunkd.exe
User: NT AUTHORITY\SYSTEM"
Information,2023/04/02 17:42:50,Microsoft-Windows-Sysmon,5,Process terminated (rule: ProcessTerminate),"Process terminated:
RuleName: -
UtcTime: 2023-04-02 08:42:50.813
ProcessGuid: {22a2695c-400a-6429-39e8-000000006e00}
ProcessId: 12896
Image: C:\Program Files\Splunk\bin\btool.exe
User: NT AUTHORITY\SYSTEM"
Information,2023/04/02 17:42:50,Microsoft-Windows-Sysmon,5,Process terminated (rule: ProcessTerminate),"Process terminated:
RuleName: -
UtcTime: 2023-04-02 08:42:50.809
ProcessGuid: {22a2695c-400a-6429-3ae8-000000006e00}
ProcessId: 11452
Image: C:\Program Files\Splunk\bin\splunkd.exe
User: NT AUTHORITY\SYSTEM"
Information,2023/04/02 17:42:50,Microsoft-Windows-Sysmon,5,Process terminated (rule: ProcessTerminate),"Process terminated:
RuleName: -
UtcTime: 2023-04-02 08:42:50.672
ProcessGuid: {22a2695c-400a-6429-3fe8-000000006e00}
ProcessId: 19652
Image: C:\Windows\System32\conhost.exe
User: DESKTOP-61BPDT0\iniad"
Information,2023/04/02 17:42:50,Microsoft-Windows-Sysmon,5,Process terminated (rule: ProcessTerminate),"Process terminated:
RuleName: -
UtcTime: 2023-04-02 08:42:50.668
ProcessGuid: {22a2695c-400a-6429-3ee8-000000006e00}
ProcessId: 7804
Image: C:\Windows\System32\lxss\wslhost.exe
User: DESKTOP-61BPDT0\iniad"
Information,2023/04/02 17:42:50,Microsoft-Windows-Sysmon,5,Process terminated (rule: ProcessTerminate),"Process terminated:
RuleName: -
UtcTime: 2023-04-02 08:42:50.659
ProcessGuid: {22a2695c-400a-6429-3de8-000000006e00}
ProcessId: 24888
Image: C:\Windows\System32\wsl.exe
User: DESKTOP-61BPDT0\iniad"
Information,2023/04/02 17:42:50,Microsoft-Windows-Sysmon,1,Process Create (rule: ProcessCreate),"Process Create:
RuleName: -
UtcTime: 2023-04-02 08:42:50.626
ProcessGuid: {22a2695c-400a-6429-41e8-000000006e00}
ProcessId: 25700
Image: C:\Program Files\Splunk\bin\splunkd.exe
FileVersion: 9.0.4.1
Description: splunkd service
Product: splunk Application
Company: Splunk Inc.
OriginalFileName: splunkd.exe
CommandLine: ""C:\Program Files\Splunk\bin\SplunkD.EXE"" btool server list
CurrentDirectory: C:\WINDOWS\system32\
User: NT AUTHORITY\SYSTEM
LogonGuid: {22a2695c-0147-6428-e703-000000000000}
LogonId: 0x3E7
TerminalSessionId: 0
IntegrityLevel: System
Hashes: SHA256=DDC68D8B83CE3833A4DCCCD17EAD4CF9D0517B64BFC681EA7C74108EF606C3E4
ParentProcessGuid: {22a2695c-400a-6429-40e8-000000006e00}
ParentProcessId: 2176
ParentImage: C:\Program Files\Splunk\bin\btool.exe
ParentCommandLine: btool server list
ParentUser: NT AUTHORITY\SYSTEM"
Information,2023/04/02 17:42:50,Microsoft-Windows-Sysmon,1,Process Create (rule: ProcessCreate),"Process Create:
RuleName: -
UtcTime: 2023-04-02 08:42:50.615
ProcessGuid: {22a2695c-400a-6429-40e8-000000006e00}
ProcessId: 2176
Image: C:\Program Files\Splunk\bin\btool.exe
FileVersion: 9.0.4.1
Description: btool
Product: splunk Application
Company: Splunk Inc.
OriginalFileName: btool.exe
CommandLine: btool server list
CurrentDirectory: C:\WINDOWS\system32\
User: NT AUTHORITY\SYSTEM
LogonGuid: {22a2695c-0147-6428-e703-000000000000}
LogonId: 0x3E7
TerminalSessionId: 0
IntegrityLevel: System
Hashes: SHA256=84FDBDECB36A65AA09F3BB79E68C79C1571AC4F1A94056B2A24D42928A8083DB
ParentProcessGuid: {22a2695c-4009-6429-35e8-000000006e00}
ParentProcessId: 3444
ParentImage: C:\Program Files\Splunk\bin\python3.exe
ParentCommandLine: ""C:\Program Files\Splunk\bin\Python3.exe"" ""C:\Program Files\Splunk\etc\apps\splunk_assist\bin\uiassets_modular_input.py""
ParentUser: NT AUTHORITY\SYSTEM"
Information,2023/04/02 17:42:50,Microsoft-Windows-Sysmon,1,Process Create (rule: ProcessCreate),"Process Create:
RuleName: -
UtcTime: 2023-04-02 08:42:50.576
ProcessGuid: {22a2695c-400a-6429-3fe8-000000006e00}
ProcessId: 19652
Image: C:\Windows\System32\conhost.exe
FileVersion: 10.0.19041.2546 (WinBuild.160101.0800)
Description: Console Window Host
Product: Microsoft® Windows® Operating System
Company: Microsoft Corporation
OriginalFileName: CONHOST.EXE
CommandLine: \??\C:\WINDOWS\system32\conhost.exe 0xffffffff -ForceV1
CurrentDirectory: C:\WINDOWS
User: DESKTOP-61BPDT0\iniad
LogonGuid: {22a2695c-014a-6428-81ce-030000000000}
LogonId: 0x3CE81
TerminalSessionId: 1
IntegrityLevel: Medium
Hashes: SHA256=A26A1FFB81A61281FFA55CB7778CC3FB0FF981704DE49F75F51F18B283FBA7A2
ParentProcessGuid: {22a2695c-400a-6429-3ee8-000000006e00}
ParentProcessId: 7804
ParentImage: C:\Windows\System32\lxss\wslhost.exe
ParentCommandLine: C:\WINDOWS\system32\lxss\wslhost.exe {95147f4a-eee3-4770-bd10-0bb18962c0ea} 776 796 800 {1bd0db17-f179-4a8d-ab5a-afeaeb38f5d5}
ParentUser: DESKTOP-61BPDT0\iniad"
Information,2023/04/02 17:42:50,Microsoft-Windows-Sysmon,1,Process Create (rule: ProcessCreate),"Process Create:
RuleName: -
UtcTime: 2023-04-02 08:42:50.572
ProcessGuid: {22a2695c-400a-6429-3ee8-000000006e00}
ProcessId: 7804
Image: C:\Windows\System32\lxss\wslhost.exe
FileVersion: 10.0.19041.2311 (WinBuild.160101.0800)
Description: Microsoft Windows Subsystem for Linux Background Host
Product: Microsoft® Windows® Operating System
Company: Microsoft Corporation
OriginalFileName: wslhost.exe
CommandLine: C:\WINDOWS\system32\lxss\wslhost.exe {95147f4a-eee3-4770-bd10-0bb18962c0ea} 776 796 800 {1bd0db17-f179-4a8d-ab5a-afeaeb38f5d5}
CurrentDirectory: C:\Users\iniad\AppData\Roaming\Docker\
User: DESKTOP-61BPDT0\iniad
LogonGuid: {22a2695c-014a-6428-81ce-030000000000}
LogonId: 0x3CE81
TerminalSessionId: 1
IntegrityLevel: Medium
Hashes: SHA256=D9E607F64643812EDB102CE26AF0BB0E9BEB180E44F0F28F791941BF2208CA78
ParentProcessGuid: {22a2695c-400a-6429-3de8-000000006e00}
ParentProcessId: 24888
ParentImage: C:\Windows\System32\wsl.exe
ParentCommandLine: C:\WINDOWS\system32\wsl.exe  -d docker-desktop cat /proc/stat
ParentUser: DESKTOP-61BPDT0\iniad"
Information,2023/04/02 17:42:50,Microsoft-Windows-Sysmon,5,Process terminated (rule: ProcessTerminate),"Process terminated:
RuleName: -
UtcTime: 2023-04-02 08:42:50.563
ProcessGuid: {22a2695c-400a-6429-38e8-000000006e00}
ProcessId: 26632
Image: C:\Program Files\Splunk\bin\splunkd.exe
User: NT AUTHORITY\SYSTEM"
Information,2023/04/02 17:42:50,Microsoft-Windows-Sysmon,1,Process Create (rule: ProcessCreate),"Process Create:
RuleName: -
UtcTime: 2023-04-02 08:42:50.521
ProcessGuid: {22a2695c-400a-6429-3de8-000000006e00}
ProcessId: 24888
Image: C:\Windows\System32\wsl.exe
FileVersion: 10.0.19041.2311 (WinBuild.160101.0800)
Description: Microsoft Windows Subsystem for Linux Launcher
Product: Microsoft® Windows® Operating System
Company: Microsoft Corporation
OriginalFileName: wsl.exe
CommandLine: C:\WINDOWS\system32\wsl.exe  -d docker-desktop cat /proc/stat
CurrentDirectory: C:\Users\iniad\AppData\Roaming\Docker\
User: DESKTOP-61BPDT0\iniad
LogonGuid: {22a2695c-014a-6428-81ce-030000000000}
LogonId: 0x3CE81
TerminalSessionId: 1
IntegrityLevel: Medium
Hashes: SHA256=070F414025D984C0799A616B459FEBC99EBC7B6F9D6C3B76E0D4E2E1F22266C2
ParentProcessGuid: {22a2695c-2190-6429-055d-000000006e00}
ParentProcessId: 16796
ParentImage: C:\Program Files\Docker\Docker\resources\com.docker.backend.exe
ParentCommandLine: ""C:\Program Files\Docker\Docker\resources\com.docker.backend.exe"" -addr unix:\\.\pipe\dockerBackendApiServer -native-api
ParentUser: DESKTOP-61BPDT0\iniad"
Information,2023/04/02 17:42:50,Microsoft-Windows-Sysmon,1,Process Create (rule: ProcessCreate),"Process Create:
RuleName: -
UtcTime: 2023-04-02 08:42:50.504
ProcessGuid: {22a2695c-400a-6429-3ce8-000000006e00}
ProcessId: 23932
Image: C:\Program Files\Splunk\bin\splunkd.exe
FileVersion: 9.0.4.1
Description: splunkd service
Product: splunk Application
Company: Splunk Inc.
OriginalFileName: splunkd.exe
CommandLine: ""C:\Program Files\Splunk\bin\SplunkD.EXE"" btool server list
CurrentDirectory: C:\WINDOWS\system32\
User: NT AUTHORITY\SYSTEM
LogonGuid: {22a2695c-0147-6428-e703-000000000000}
LogonId: 0x3E7
TerminalSessionId: 0
IntegrityLevel: System
Hashes: SHA256=DDC68D8B83CE3833A4DCCCD17EAD4CF9D0517B64BFC681EA7C74108EF606C3E4
ParentProcessGuid: {22a2695c-400a-6429-3be8-000000006e00}
ParentProcessId: 14528
ParentImage: C:\Program Files\Splunk\bin\btool.exe
ParentCommandLine: btool server list
ParentUser: NT AUTHORITY\SYSTEM"
Information,2023/04/02 17:42:50,Microsoft-Windows-Sysmon,1,Process Create (rule: ProcessCreate),"Process Create:
RuleName: -
UtcTime: 2023-04-02 08:42:50.495
ProcessGuid: {22a2695c-400a-6429-3be8-000000006e00}
ProcessId: 14528
Image: C:\Program Files\Splunk\bin\btool.exe
FileVersion: 9.0.4.1
Description: btool
Product: splunk Application
Company: Splunk Inc.
OriginalFileName: btool.exe
CommandLine: btool server list
CurrentDirectory: C:\WINDOWS\system32\
User: NT AUTHORITY\SYSTEM
LogonGuid: {22a2695c-0147-6428-e703-000000000000}
LogonId: 0x3E7
TerminalSessionId: 0
IntegrityLevel: System
Hashes: SHA256=84FDBDECB36A65AA09F3BB79E68C79C1571AC4F1A94056B2A24D42928A8083DB
ParentProcessGuid: {22a2695c-4009-6429-34e8-000000006e00}
ParentProcessId: 9568
ParentImage: C:\Program Files\Splunk\bin\python3.exe
ParentCommandLine: ""C:\Program Files\Splunk\bin\Python3.exe"" ""C:\Program Files\Splunk\etc\apps\splunk_assist\bin\supervisor_modular_input.py""
ParentUser: NT AUTHORITY\SYSTEM"
Information,2023/04/02 17:42:50,Microsoft-Windows-Sysmon,5,Process terminated (rule: ProcessTerminate),"Process terminated:
RuleName: -
UtcTime: 2023-04-02 08:42:50.481
ProcessGuid: {22a2695c-400a-6429-37e8-000000006e00}
ProcessId: 21776
Image: C:\Program Files\Splunk\bin\splunkd.exe
User: NT AUTHORITY\SYSTEM"
Information,2023/04/02 17:42:50,Microsoft-Windows-Sysmon,1,Process Create (rule: ProcessCreate),"Process Create:
RuleName: -
UtcTime: 2023-04-02 08:42:50.469
ProcessGuid: {22a2695c-400a-6429-3ae8-000000006e00}
ProcessId: 11452
Image: C:\Program Files\Splunk\bin\splunkd.exe
FileVersion: 9.0.4.1
Description: splunkd service
Product: splunk Application
Company: Splunk Inc.
OriginalFileName: splunkd.exe
CommandLine: ""C:\Program Files\Splunk\bin\SplunkD.EXE"" btool server list
CurrentDirectory: C:\WINDOWS\system32\
User: NT AUTHORITY\SYSTEM
LogonGuid: {22a2695c-0147-6428-e703-000000000000}
LogonId: 0x3E7
TerminalSessionId: 0
IntegrityLevel: System
Hashes: SHA256=DDC68D8B83CE3833A4DCCCD17EAD4CF9D0517B64BFC681EA7C74108EF606C3E4
ParentProcessGuid: {22a2695c-400a-6429-39e8-000000006e00}
ParentProcessId: 12896
ParentImage: C:\Program Files\Splunk\bin\btool.exe
ParentCommandLine: btool server list
ParentUser: NT AUTHORITY\SYSTEM"
Information,2023/04/02 17:42:50,Microsoft-Windows-Sysmon,1,Process Create (rule: ProcessCreate),"Process Create:
RuleName: -
UtcTime: 2023-04-02 08:42:50.458
ProcessGuid: {22a2695c-400a-6429-39e8-000000006e00}
ProcessId: 12896
Image: C:\Program Files\Splunk\bin\btool.exe
FileVersion: 9.0.4.1
Description: btool
Product: splunk Application
Company: Splunk Inc.
OriginalFileName: btool.exe
CommandLine: btool server list
CurrentDirectory: C:\WINDOWS\system32\
User: NT AUTHORITY\SYSTEM
LogonGuid: {22a2695c-0147-6428-e703-000000000000}
LogonId: 0x3E7
TerminalSessionId: 0
IntegrityLevel: System
Hashes: SHA256=84FDBDECB36A65AA09F3BB79E68C79C1571AC4F1A94056B2A24D42928A8083DB
ParentProcessGuid: {22a2695c-4009-6429-33e8-000000006e00}
ParentProcessId: 23288
ParentImage: C:\Program Files\Splunk\bin\python3.exe
ParentCommandLine: ""C:\Program Files\Splunk\bin\Python3.exe"" ""C:\Program Files\Splunk\etc\apps\splunk_assist\bin\instance_id_modular_input.py""
ParentUser: NT AUTHORITY\SYSTEM"
Information,2023/04/02 17:42:50,Microsoft-Windows-Sysmon,5,Process terminated (rule: ProcessTerminate),"Process terminated:
RuleName: -
UtcTime: 2023-04-02 08:42:50.340
ProcessGuid: {22a2695c-400a-6429-36e8-000000006e00}
ProcessId: 24592
Image: C:\Program Files\Splunk\bin\splunkd.exe
User: NT AUTHORITY\SYSTEM"
Information,2023/04/02 17:42:50,Microsoft-Windows-Sysmon,1,Process Create (rule: ProcessCreate),"Process Create:
RuleName: -
UtcTime: 2023-04-02 08:42:50.293
ProcessGuid: {22a2695c-400a-6429-38e8-000000006e00}
ProcessId: 26632
Image: C:\Program Files\Splunk\bin\splunkd.exe
FileVersion: 9.0.4.1
Description: splunkd service
Product: splunk Application
Company: Splunk Inc.
OriginalFileName: splunkd.exe
CommandLine: ""C:\Program Files\Splunk\bin\splunkd"" local-rest-uri -p 8089
CurrentDirectory: C:\WINDOWS\system32\
User: NT AUTHORITY\SYSTEM
LogonGuid: {22a2695c-0147-6428-e703-000000000000}
LogonId: 0x3E7
TerminalSessionId: 0
IntegrityLevel: System
Hashes: SHA256=DDC68D8B83CE3833A4DCCCD17EAD4CF9D0517B64BFC681EA7C74108EF606C3E4
ParentProcessGuid: {22a2695c-4009-6429-35e8-000000006e00}
ParentProcessId: 3444
ParentImage: C:\Program Files\Splunk\bin\python3.exe
ParentCommandLine: ""C:\Program Files\Splunk\bin\Python3.exe"" ""C:\Program Files\Splunk\etc\apps\splunk_assist\bin\uiassets_modular_input.py""
ParentUser: NT AUTHORITY\SYSTEM"
Information,2023/04/02 17:42:50,Microsoft-Windows-Sysmon,1,Process Create (rule: ProcessCreate),"Process Create:
RuleName: -
UtcTime: 2023-04-02 08:42:50.225
ProcessGuid: {22a2695c-400a-6429-37e8-000000006e00}
ProcessId: 21776
Image: C:\Program Files\Splunk\bin\splunkd.exe
FileVersion: 9.0.4.1
Description: splunkd service
Product: splunk Application
Company: Splunk Inc.
OriginalFileName: splunkd.exe
CommandLine: ""C:\Program Files\Splunk\bin\splunkd"" local-rest-uri -p 8089
CurrentDirectory: C:\WINDOWS\system32\
User: NT AUTHORITY\SYSTEM
LogonGuid: {22a2695c-0147-6428-e703-000000000000}
LogonId: 0x3E7
TerminalSessionId: 0
IntegrityLevel: System
Hashes: SHA256=DDC68D8B83CE3833A4DCCCD17EAD4CF9D0517B64BFC681EA7C74108EF606C3E4
ParentProcessGuid: {22a2695c-4009-6429-34e8-000000006e00}
ParentProcessId: 9568
ParentImage: C:\Program Files\Splunk\bin\python3.exe
ParentCommandLine: ""C:\Program Files\Splunk\bin\Python3.exe"" ""C:\Program Files\Splunk\etc\apps\splunk_assist\bin\supervisor_modular_input.py""
ParentUser: NT AUTHORITY\SYSTEM"
Information,2023/04/02 17:42:50,Microsoft-Windows-Sysmon,1,Process Create (rule: ProcessCreate),"Process Create:
RuleName: -
UtcTime: 2023-04-02 08:42:50.084
ProcessGuid: {22a2695c-400a-6429-36e8-000000006e00}
ProcessId: 24592
Image: C:\Program Files\Splunk\bin\splunkd.exe
FileVersion: 9.0.4.1
Description: splunkd service
Product: splunk Application
Company: Splunk Inc.
OriginalFileName: splunkd.exe
CommandLine: ""C:\Program Files\Splunk\bin\splunkd"" local-rest-uri -p 8089
CurrentDirectory: C:\WINDOWS\system32\
User: NT AUTHORITY\SYSTEM
LogonGuid: {22a2695c-0147-6428-e703-000000000000}
LogonId: 0x3E7
TerminalSessionId: 0
IntegrityLevel: System
Hashes: SHA256=DDC68D8B83CE3833A4DCCCD17EAD4CF9D0517B64BFC681EA7C74108EF606C3E4
ParentProcessGuid: {22a2695c-4009-6429-33e8-000000006e00}
ParentProcessId: 23288
ParentImage: C:\Program Files\Splunk\bin\python3.exe
ParentCommandLine: ""C:\Program Files\Splunk\bin\Python3.exe"" ""C:\Program Files\Splunk\etc\apps\splunk_assist\bin\instance_id_modular_input.py""
ParentUser: NT AUTHORITY\SYSTEM"
Information,2023/04/02 17:42:49,Microsoft-Windows-Sysmon,1,Process Create (rule: ProcessCreate),"Process Create:
RuleName: -
UtcTime: 2023-04-02 08:42:49.731
ProcessGuid: {22a2695c-4009-6429-35e8-000000006e00}
ProcessId: 3444
Image: C:\Program Files\Splunk\bin\python3.exe
FileVersion: 3.7.11
Description: Python
Product: Python
Company: Python Software Foundation
OriginalFileName: python.exe
CommandLine: ""C:\Program Files\Splunk\bin\Python3.exe"" ""C:\Program Files\Splunk\etc\apps\splunk_assist\bin\uiassets_modular_input.py""
CurrentDirectory: C:\WINDOWS\system32\
User: NT AUTHORITY\SYSTEM
LogonGuid: {22a2695c-0147-6428-e703-000000000000}
LogonId: 0x3E7
TerminalSessionId: 0
IntegrityLevel: System
Hashes: SHA256=B89B21E387AE0C72F4443C172C2792048C5645CCCC7C7F2A296878D20DEB2ABF
ParentProcessGuid: {00000000-0000-0000-0000-000000000000}
ParentProcessId: 4840
ParentImage: -
ParentCommandLine: -
ParentUser: -"
Information,2023/04/02 17:42:49,Microsoft-Windows-Sysmon,1,Process Create (rule: ProcessCreate),"Process Create:
RuleName: -
UtcTime: 2023-04-02 08:42:49.668
ProcessGuid: {22a2695c-4009-6429-34e8-000000006e00}
ProcessId: 9568
Image: C:\Program Files\Splunk\bin\python3.exe
FileVersion: 3.7.11
Description: Python
Product: Python
Company: Python Software Foundation
OriginalFileName: python.exe
CommandLine: ""C:\Program Files\Splunk\bin\Python3.exe"" ""C:\Program Files\Splunk\etc\apps\splunk_assist\bin\supervisor_modular_input.py""
CurrentDirectory: C:\WINDOWS\system32\
User: NT AUTHORITY\SYSTEM
LogonGuid: {22a2695c-0147-6428-e703-000000000000}
LogonId: 0x3E7
TerminalSessionId: 0
IntegrityLevel: System
Hashes: SHA256=B89B21E387AE0C72F4443C172C2792048C5645CCCC7C7F2A296878D20DEB2ABF
ParentProcessGuid: {00000000-0000-0000-0000-000000000000}
ParentProcessId: 4840
ParentImage: -
ParentCommandLine: -
ParentUser: -"
Information,2023/04/02 17:42:49,Microsoft-Windows-Sysmon,1,Process Create (rule: ProcessCreate),"Process Create:
RuleName: -
UtcTime: 2023-04-02 08:42:49.606
ProcessGuid: {22a2695c-4009-6429-33e8-000000006e00}
ProcessId: 23288
Image: C:\Program Files\Splunk\bin\python3.exe
FileVersion: 3.7.11
Description: Python
Product: Python
Company: Python Software Foundation
OriginalFileName: python.exe
CommandLine: ""C:\Program Files\Splunk\bin\Python3.exe"" ""C:\Program Files\Splunk\etc\apps\splunk_assist\bin\instance_id_modular_input.py""
CurrentDirectory: C:\WINDOWS\system32\
User: NT AUTHORITY\SYSTEM
LogonGuid: {22a2695c-0147-6428-e703-000000000000}
LogonId: 0x3E7
TerminalSessionId: 0
IntegrityLevel: System
Hashes: SHA256=B89B21E387AE0C72F4443C172C2792048C5645CCCC7C7F2A296878D20DEB2ABF
ParentProcessGuid: {00000000-0000-0000-0000-000000000000}
ParentProcessId: 4840
ParentImage: -
ParentCommandLine: -
ParentUser: -"
Information,2023/04/02 17:42:49,Microsoft-Windows-Sysmon,5,Process terminated (rule: ProcessTerminate),"Process terminated:
RuleName: -
UtcTime: 2023-04-02 08:42:49.515
ProcessGuid: {22a2695c-4009-6429-32e8-000000006e00}
ProcessId: 17772
Image: C:\Windows\System32\conhost.exe
User: DESKTOP-61BPDT0\iniad"
Information,2023/04/02 17:42:49,Microsoft-Windows-Sysmon,5,Process terminated (rule: ProcessTerminate),"Process terminated:
RuleName: -
UtcTime: 2023-04-02 08:42:49.511
ProcessGuid: {22a2695c-4009-6429-31e8-000000006e00}
ProcessId: 23636
Image: C:\Windows\System32\lxss\wslhost.exe
User: DESKTOP-61BPDT0\iniad"
Information,2023/04/02 17:42:49,Microsoft-Windows-Sysmon,5,Process terminated (rule: ProcessTerminate),"Process terminated:
RuleName: -
UtcTime: 2023-04-02 08:42:49.504
ProcessGuid: {22a2695c-4009-6429-30e8-000000006e00}
ProcessId: 13616
Image: C:\Windows\System32\wsl.exe
User: DESKTOP-61BPDT0\iniad"
Information,2023/04/02 17:42:49,Microsoft-Windows-Sysmon,1,Process Create (rule: ProcessCreate),"Process Create:
RuleName: -
UtcTime: 2023-04-02 08:42:49.414
ProcessGuid: {22a2695c-4009-6429-32e8-000000006e00}
ProcessId: 17772
Image: C:\Windows\System32\conhost.exe
FileVersion: 10.0.19041.2546 (WinBuild.160101.0800)
Description: Console Window Host
Product: Microsoft® Windows® Operating System
Company: Microsoft Corporation
OriginalFileName: CONHOST.EXE
CommandLine: \??\C:\WINDOWS\system32\conhost.exe 0xffffffff -ForceV1
CurrentDirectory: C:\WINDOWS
User: DESKTOP-61BPDT0\iniad
LogonGuid: {22a2695c-014a-6428-81ce-030000000000}
LogonId: 0x3CE81
TerminalSessionId: 1
IntegrityLevel: Medium
Hashes: SHA256=A26A1FFB81A61281FFA55CB7778CC3FB0FF981704DE49F75F51F18B283FBA7A2
ParentProcessGuid: {22a2695c-4009-6429-31e8-000000006e00}
ParentProcessId: 23636
ParentImage: C:\Windows\System32\lxss\wslhost.exe
ParentCommandLine: C:\WINDOWS\system32\lxss\wslhost.exe {95147f4a-eee3-4770-bd10-0bb18962c0ea} 792 812 816 {1bd0db17-f179-4a8d-ab5a-afeaeb38f5d5}
ParentUser: DESKTOP-61BPDT0\iniad"
Information,2023/04/02 17:42:49,Microsoft-Windows-Sysmon,1,Process Create (rule: ProcessCreate),"Process Create:
RuleName: -
UtcTime: 2023-04-02 08:42:49.409
ProcessGuid: {22a2695c-4009-6429-31e8-000000006e00}
ProcessId: 23636
Image: C:\Windows\System32\lxss\wslhost.exe
FileVersion: 10.0.19041.2311 (WinBuild.160101.0800)
Description: Microsoft Windows Subsystem for Linux Background Host
Product: Microsoft® Windows® Operating System
Company: Microsoft Corporation
OriginalFileName: wslhost.exe
CommandLine: C:\WINDOWS\system32\lxss\wslhost.exe {95147f4a-eee3-4770-bd10-0bb18962c0ea} 792 812 816 {1bd0db17-f179-4a8d-ab5a-afeaeb38f5d5}
CurrentDirectory: C:\Users\iniad\AppData\Roaming\Docker\
User: DESKTOP-61BPDT0\iniad
LogonGuid: {22a2695c-014a-6428-81ce-030000000000}
LogonId: 0x3CE81
TerminalSessionId: 1
IntegrityLevel: Medium
Hashes: SHA256=D9E607F64643812EDB102CE26AF0BB0E9BEB180E44F0F28F791941BF2208CA78
ParentProcessGuid: {22a2695c-4009-6429-30e8-000000006e00}
ParentProcessId: 13616
ParentImage: C:\Windows\System32\wsl.exe
ParentCommandLine: C:\WINDOWS\system32\wsl.exe  -d docker-desktop cat /proc/stat
ParentUser: DESKTOP-61BPDT0\iniad"
Information,2023/04/02 17:42:49,Microsoft-Windows-Sysmon,5,Process terminated (rule: ProcessTerminate),"Process terminated:
RuleName: -
UtcTime: 2023-04-02 08:42:49.369
ProcessGuid: {22a2695c-4009-6429-2fe8-000000006e00}
ProcessId: 26188
Image: C:\Windows\System32\conhost.exe
User: DESKTOP-61BPDT0\iniad"
Information,2023/04/02 17:42:49,Microsoft-Windows-Sysmon,5,Process terminated (rule: ProcessTerminate),"Process terminated:
RuleName: -
UtcTime: 2023-04-02 08:42:49.365
ProcessGuid: {22a2695c-4009-6429-2ee8-000000006e00}
ProcessId: 25844
Image: C:\Windows\System32\lxss\wslhost.exe
User: DESKTOP-61BPDT0\iniad"
Information,2023/04/02 17:42:49,Microsoft-Windows-Sysmon,1,Process Create (rule: ProcessCreate),"Process Create:
RuleName: -
UtcTime: 2023-04-02 08:42:49.363
ProcessGuid: {22a2695c-4009-6429-30e8-000000006e00}
ProcessId: 13616
Image: C:\Windows\System32\wsl.exe
FileVersion: 10.0.19041.2311 (WinBuild.160101.0800)
Description: Microsoft Windows Subsystem for Linux Launcher
Product: Microsoft® Windows® Operating System
Company: Microsoft Corporation
OriginalFileName: wsl.exe
CommandLine: C:\WINDOWS\system32\wsl.exe  -d docker-desktop cat /proc/stat
CurrentDirectory: C:\Users\iniad\AppData\Roaming\Docker\
User: DESKTOP-61BPDT0\iniad
LogonGuid: {22a2695c-014a-6428-81ce-030000000000}
LogonId: 0x3CE81
TerminalSessionId: 1
IntegrityLevel: Medium
Hashes: SHA256=070F414025D984C0799A616B459FEBC99EBC7B6F9D6C3B76E0D4E2E1F22266C2
ParentProcessGuid: {22a2695c-2190-6429-055d-000000006e00}
ParentProcessId: 16796
ParentImage: C:\Program Files\Docker\Docker\resources\com.docker.backend.exe
ParentCommandLine: ""C:\Program Files\Docker\Docker\resources\com.docker.backend.exe"" -addr unix:\\.\pipe\dockerBackendApiServer -native-api
ParentUser: DESKTOP-61BPDT0\iniad"
Information,2023/04/02 17:42:49,Microsoft-Windows-Sysmon,5,Process terminated (rule: ProcessTerminate),"Process terminated:
RuleName: -
UtcTime: 2023-04-02 08:42:49.355
ProcessGuid: {22a2695c-4009-6429-2de8-000000006e00}
ProcessId: 6280
Image: C:\Windows\System32\wsl.exe
User: DESKTOP-61BPDT0\iniad"
Information,2023/04/02 17:42:49,Microsoft-Windows-Sysmon,1,Process Create (rule: ProcessCreate),"Process Create:
RuleName: -
UtcTime: 2023-04-02 08:42:49.277
ProcessGuid: {22a2695c-4009-6429-2fe8-000000006e00}
ProcessId: 26188
Image: C:\Windows\System32\conhost.exe
FileVersion: 10.0.19041.2546 (WinBuild.160101.0800)
Description: Console Window Host
Product: Microsoft® Windows® Operating System
Company: Microsoft Corporation
OriginalFileName: CONHOST.EXE
CommandLine: \??\C:\WINDOWS\system32\conhost.exe 0xffffffff -ForceV1
CurrentDirectory: C:\WINDOWS
User: DESKTOP-61BPDT0\iniad
LogonGuid: {22a2695c-014a-6428-81ce-030000000000}
LogonId: 0x3CE81
TerminalSessionId: 1
IntegrityLevel: Medium
Hashes: SHA256=A26A1FFB81A61281FFA55CB7778CC3FB0FF981704DE49F75F51F18B283FBA7A2
ParentProcessGuid: {22a2695c-4009-6429-2ee8-000000006e00}
ParentProcessId: 25844
ParentImage: C:\Windows\System32\lxss\wslhost.exe
ParentCommandLine: C:\WINDOWS\system32\lxss\wslhost.exe {95147f4a-eee3-4770-bd10-0bb18962c0ea} 784 804 764 {1bd0db17-f179-4a8d-ab5a-afeaeb38f5d5}
ParentUser: DESKTOP-61BPDT0\iniad"
Information,2023/04/02 17:42:49,Microsoft-Windows-Sysmon,1,Process Create (rule: ProcessCreate),"Process Create:
RuleName: -
UtcTime: 2023-04-02 08:42:49.273
ProcessGuid: {22a2695c-4009-6429-2ee8-000000006e00}
ProcessId: 25844
Image: C:\Windows\System32\lxss\wslhost.exe
FileVersion: 10.0.19041.2311 (WinBuild.160101.0800)
Description: Microsoft Windows Subsystem for Linux Background Host
Product: Microsoft® Windows® Operating System
Company: Microsoft Corporation
OriginalFileName: wslhost.exe
CommandLine: C:\WINDOWS\system32\lxss\wslhost.exe {95147f4a-eee3-4770-bd10-0bb18962c0ea} 784 804 764 {1bd0db17-f179-4a8d-ab5a-afeaeb38f5d5}
CurrentDirectory: C:\Users\iniad\AppData\Roaming\Docker\
User: DESKTOP-61BPDT0\iniad
LogonGuid: {22a2695c-014a-6428-81ce-030000000000}
LogonId: 0x3CE81
TerminalSessionId: 1
IntegrityLevel: Medium
Hashes: SHA256=D9E607F64643812EDB102CE26AF0BB0E9BEB180E44F0F28F791941BF2208CA78
ParentProcessGuid: {22a2695c-4009-6429-2de8-000000006e00}
ParentProcessId: 6280
ParentImage: C:\Windows\System32\wsl.exe
ParentCommandLine: C:\WINDOWS\system32\wsl.exe  -d docker-desktop cat /proc/meminfo
ParentUser: DESKTOP-61BPDT0\iniad"
Information,2023/04/02 17:42:49,Microsoft-Windows-Sysmon,1,Process Create (rule: ProcessCreate),"Process Create:
RuleName: -
UtcTime: 2023-04-02 08:42:49.228
ProcessGuid: {22a2695c-4009-6429-2de8-000000006e00}
ProcessId: 6280
Image: C:\Windows\System32\wsl.exe
FileVersion: 10.0.19041.2311 (WinBuild.160101.0800)
Description: Microsoft Windows Subsystem for Linux Launcher
Product: Microsoft® Windows® Operating System
Company: Microsoft Corporation
OriginalFileName: wsl.exe
CommandLine: C:\WINDOWS\system32\wsl.exe  -d docker-desktop cat /proc/meminfo
CurrentDirectory: C:\Users\iniad\AppData\Roaming\Docker\
User: DESKTOP-61BPDT0\iniad
LogonGuid: {22a2695c-014a-6428-81ce-030000000000}
LogonId: 0x3CE81
TerminalSessionId: 1
IntegrityLevel: Medium
Hashes: SHA256=070F414025D984C0799A616B459FEBC99EBC7B6F9D6C3B76E0D4E2E1F22266C2
ParentProcessGuid: {22a2695c-2190-6429-055d-000000006e00}
ParentProcessId: 16796
ParentImage: C:\Program Files\Docker\Docker\resources\com.docker.backend.exe
ParentCommandLine: ""C:\Program Files\Docker\Docker\resources\com.docker.backend.exe"" -addr unix:\\.\pipe\dockerBackendApiServer -native-api
ParentUser: DESKTOP-61BPDT0\iniad"
Information,2023/04/02 17:42:46,Microsoft-Windows-Sysmon,5,Process terminated (rule: ProcessTerminate),"Process terminated:
RuleName: -
UtcTime: 2023-04-02 08:42:46.709
ProcessGuid: {22a2695c-3f87-6429-c8e5-000000006e00}
ProcessId: 24560
Image: C:\Windows\System32\SearchFilterHost.exe
User: NT AUTHORITY\SYSTEM"
Information,2023/04/02 17:42:46,Microsoft-Windows-Sysmon,5,Process terminated (rule: ProcessTerminate),"Process terminated:
RuleName: -
UtcTime: 2023-04-02 08:42:46.509
ProcessGuid: {22a2695c-4006-6429-2be8-000000006e00}
ProcessId: 23500
Image: C:\Windows\System32\conhost.exe
User: DESKTOP-61BPDT0\iniad"
Information,2023/04/02 17:42:46,Microsoft-Windows-Sysmon,5,Process terminated (rule: ProcessTerminate),"Process terminated:
RuleName: -
UtcTime: 2023-04-02 08:42:46.504
ProcessGuid: {22a2695c-4006-6429-2ae8-000000006e00}
ProcessId: 16516
Image: C:\Windows\System32\cmd.exe
User: DESKTOP-61BPDT0\iniad"
Information,2023/04/02 17:42:46,Microsoft-Windows-Sysmon,5,Process terminated (rule: ProcessTerminate),"Process terminated:
RuleName: -
UtcTime: 2023-04-02 08:42:45.744
ProcessGuid: {22a2695c-4005-6429-29e8-000000006e00}
ProcessId: 1136
Image: C:\Windows\System32\conhost.exe
User: DESKTOP-61BPDT0\iniad"
Information,2023/04/02 17:42:45,Microsoft-Windows-Sysmon,5,Process terminated (rule: ProcessTerminate),"Process terminated:
RuleName: -
UtcTime: 2023-04-02 08:42:45.740
ProcessGuid: {22a2695c-4005-6429-28e8-000000006e00}
ProcessId: 22192
Image: C:\Windows\System32\lxss\wslhost.exe
User: DESKTOP-61BPDT0\iniad"
Information,2023/04/02 17:42:45,Microsoft-Windows-Sysmon,5,Process terminated (rule: ProcessTerminate),"Process terminated:
RuleName: -
UtcTime: 2023-04-02 08:42:45.733
ProcessGuid: {22a2695c-4005-6429-27e8-000000006e00}
ProcessId: 23364
Image: C:\Windows\System32\wsl.exe
User: DESKTOP-61BPDT0\iniad"
Information,2023/04/02 17:42:45,Microsoft-Windows-Sysmon,1,Process Create (rule: ProcessCreate),"Process Create:
RuleName: -
UtcTime: 2023-04-02 08:42:45.632
ProcessGuid: {22a2695c-4005-6429-29e8-000000006e00}
ProcessId: 1136
Image: C:\Windows\System32\conhost.exe
FileVersion: 10.0.19041.2546 (WinBuild.160101.0800)
Description: Console Window Host
Product: Microsoft® Windows® Operating System
Company: Microsoft Corporation
OriginalFileName: CONHOST.EXE
CommandLine: \??\C:\WINDOWS\system32\conhost.exe 0xffffffff -ForceV1
CurrentDirectory: C:\WINDOWS
User: DESKTOP-61BPDT0\iniad
LogonGuid: {22a2695c-014a-6428-81ce-030000000000}
LogonId: 0x3CE81
TerminalSessionId: 1
IntegrityLevel: Medium
Hashes: SHA256=A26A1FFB81A61281FFA55CB7778CC3FB0FF981704DE49F75F51F18B283FBA7A2
ParentProcessGuid: {22a2695c-4005-6429-28e8-000000006e00}
ParentProcessId: 22192
ParentImage: C:\Windows\System32\lxss\wslhost.exe
ParentCommandLine: C:\WINDOWS\system32\lxss\wslhost.exe {95147f4a-eee3-4770-bd10-0bb18962c0ea} 792 812 772 {1bd0db17-f179-4a8d-ab5a-afeaeb38f5d5}
ParentUser: DESKTOP-61BPDT0\iniad"
Information,2023/04/02 17:42:45,Microsoft-Windows-Sysmon,1,Process Create (rule: ProcessCreate),"Process Create:
RuleName: -
UtcTime: 2023-04-02 08:42:45.626
ProcessGuid: {22a2695c-4005-6429-28e8-000000006e00}
ProcessId: 22192
Image: C:\Windows\System32\lxss\wslhost.exe
FileVersion: 10.0.19041.2311 (WinBuild.160101.0800)
Description: Microsoft Windows Subsystem for Linux Background Host
Product: Microsoft® Windows® Operating System
Company: Microsoft Corporation
OriginalFileName: wslhost.exe
CommandLine: C:\WINDOWS\system32\lxss\wslhost.exe {95147f4a-eee3-4770-bd10-0bb18962c0ea} 792 812 772 {1bd0db17-f179-4a8d-ab5a-afeaeb38f5d5}
CurrentDirectory: C:\Users\iniad\AppData\Roaming\Docker\
User: DESKTOP-61BPDT0\iniad
LogonGuid: {22a2695c-014a-6428-81ce-030000000000}
LogonId: 0x3CE81
TerminalSessionId: 1
IntegrityLevel: Medium
Hashes: SHA256=D9E607F64643812EDB102CE26AF0BB0E9BEB180E44F0F28F791941BF2208CA78
ParentProcessGuid: {22a2695c-4005-6429-27e8-000000006e00}
ParentProcessId: 23364
ParentImage: C:\Windows\System32\wsl.exe
ParentCommandLine: C:\WINDOWS\system32\wsl.exe  -d docker-desktop cat /proc/stat
ParentUser: DESKTOP-61BPDT0\iniad"
Information,2023/04/02 17:42:45,Microsoft-Windows-Sysmon,1,Process Create (rule: ProcessCreate),"Process Create:
RuleName: -
UtcTime: 2023-04-02 08:42:45.573
ProcessGuid: {22a2695c-4005-6429-27e8-000000006e00}
ProcessId: 23364
Image: C:\Windows\System32\wsl.exe
FileVersion: 10.0.19041.2311 (WinBuild.160101.0800)
Description: Microsoft Windows Subsystem for Linux Launcher
Product: Microsoft® Windows® Operating System
Company: Microsoft Corporation
OriginalFileName: wsl.exe
CommandLine: C:\WINDOWS\system32\wsl.exe  -d docker-desktop cat /proc/stat
CurrentDirectory: C:\Users\iniad\AppData\Roaming\Docker\
User: DESKTOP-61BPDT0\iniad
LogonGuid: {22a2695c-014a-6428-81ce-030000000000}
LogonId: 0x3CE81
TerminalSessionId: 1
IntegrityLevel: Medium
Hashes: SHA256=070F414025D984C0799A616B459FEBC99EBC7B6F9D6C3B76E0D4E2E1F22266C2
ParentProcessGuid: {22a2695c-2190-6429-055d-000000006e00}
ParentProcessId: 16796
ParentImage: C:\Program Files\Docker\Docker\resources\com.docker.backend.exe
ParentCommandLine: ""C:\Program Files\Docker\Docker\resources\com.docker.backend.exe"" -addr unix:\\.\pipe\dockerBackendApiServer -native-api
ParentUser: DESKTOP-61BPDT0\iniad"
Information,2023/04/02 17:42:44,Microsoft-Windows-Sysmon,5,Process terminated (rule: ProcessTerminate),"Process terminated:
RuleName: -
UtcTime: 2023-04-02 08:42:44.825
ProcessGuid: {22a2695c-4004-6429-26e8-000000006e00}
ProcessId: 27612
Image: C:\Program Files\Splunk\bin\splunk-optimize.exe
User: NT AUTHORITY\SYSTEM"
Information,2023/04/02 17:42:44,Microsoft-Windows-Sysmon,1,Process Create (rule: ProcessCreate),"Process Create:
RuleName: -
UtcTime: 2023-04-02 08:42:44.782
ProcessGuid: {22a2695c-4004-6429-26e8-000000006e00}
ProcessId: 27612
Image: C:\Program Files\Splunk\bin\splunk-optimize.exe
FileVersion: 9.0.4.1
Description: splunk-optimize
Product: splunk Application
Company: Splunk Inc.
OriginalFileName: splunk-optimize.exe
CommandLine: splunk-optimize -d ""C:\Program Files\Splunk\var\lib\splunk\_introspection\db\hot_v1_1"" -x 18013901312 --log-to--splunkd-log --write-level 3 --tsidx-target-size 1572864000 --msidx-comp-block-size 1024
CurrentDirectory: C:\WINDOWS\system32\
User: NT AUTHORITY\SYSTEM
LogonGuid: {22a2695c-0147-6428-e703-000000000000}
LogonId: 0x3E7
TerminalSessionId: 0
IntegrityLevel: System
Hashes: SHA256=090AB6E27522C5B37069983CDBB2F55248153A3FD9602DF223134ACBD59FD742
ParentProcessGuid: {00000000-0000-0000-0000-000000000000}
ParentProcessId: 4840
ParentImage: -
ParentCommandLine: -
ParentUser: -"
Information,2023/04/02 17:42:44,Microsoft-Windows-Sysmon,5,Process terminated (rule: ProcessTerminate),"Process terminated:
RuleName: -
UtcTime: 2023-04-02 08:42:44.777
ProcessGuid: {22a2695c-4004-6429-25e8-000000006e00}
ProcessId: 17544
Image: C:\Program Files\Splunk\bin\splunk-optimize.exe
User: NT AUTHORITY\SYSTEM"
Information,2023/04/02 17:42:44,Microsoft-Windows-Sysmon,1,Process Create (rule: ProcessCreate),"Process Create:
RuleName: -
UtcTime: 2023-04-02 08:42:44.767
ProcessGuid: {22a2695c-4004-6429-25e8-000000006e00}
ProcessId: 17544
Image: C:\Program Files\Splunk\bin\splunk-optimize.exe
FileVersion: 9.0.4.1
Description: splunk-optimize
Product: splunk Application
Company: Splunk Inc.
OriginalFileName: splunk-optimize.exe
CommandLine: splunk-optimize -d ""C:\Program Files\Splunk\var\lib\splunk\_internaldb\db\hot_v1_1"" -x 18013901312 --log-to--splunkd-log --write-level 3 --tsidx-target-size 1572864000 --msidx-comp-block-size 1024
CurrentDirectory: C:\WINDOWS\system32\
User: NT AUTHORITY\SYSTEM
LogonGuid: {22a2695c-0147-6428-e703-000000000000}
LogonId: 0x3E7
TerminalSessionId: 0
IntegrityLevel: System
Hashes: SHA256=090AB6E27522C5B37069983CDBB2F55248153A3FD9602DF223134ACBD59FD742
ParentProcessGuid: {00000000-0000-0000-0000-000000000000}
ParentProcessId: 4840
ParentImage: -
ParentCommandLine: -
ParentUser: -"
Information,2023/04/02 17:42:44,Microsoft-Windows-Sysmon,5,Process terminated (rule: ProcessTerminate),"Process terminated:
RuleName: -
UtcTime: 2023-04-02 08:42:44.760
ProcessGuid: {22a2695c-4004-6429-24e8-000000006e00}
ProcessId: 11580
Image: C:\Program Files\Splunk\bin\splunk-optimize.exe
User: NT AUTHORITY\SYSTEM"
Information,2023/04/02 17:42:44,Microsoft-Windows-Sysmon,1,Process Create (rule: ProcessCreate),"Process Create:
RuleName: -
UtcTime: 2023-04-02 08:42:44.751
ProcessGuid: {22a2695c-4004-6429-24e8-000000006e00}
ProcessId: 11580
Image: C:\Program Files\Splunk\bin\splunk-optimize.exe
FileVersion: 9.0.4.1
Description: splunk-optimize
Product: splunk Application
Company: Splunk Inc.
OriginalFileName: splunk-optimize.exe
CommandLine: splunk-optimize -d ""C:\Program Files\Splunk\var\lib\splunk\_metrics\db\hot_v1_9"" -x 18013901312 --log-to--splunkd-log --write-level 3 --tsidx-target-size 1572864000 --msidx-comp-block-size 1024
CurrentDirectory: C:\WINDOWS\system32\
User: NT AUTHORITY\SYSTEM
LogonGuid: {22a2695c-0147-6428-e703-000000000000}
LogonId: 0x3E7
TerminalSessionId: 0
IntegrityLevel: System
Hashes: SHA256=090AB6E27522C5B37069983CDBB2F55248153A3FD9602DF223134ACBD59FD742
ParentProcessGuid: {00000000-0000-0000-0000-000000000000}
ParentProcessId: 4840
ParentImage: -
ParentCommandLine: -
ParentUser: -"
Information,2023/04/02 17:42:44,Microsoft-Windows-Sysmon,5,Process terminated (rule: ProcessTerminate),"Process terminated:
RuleName: -
UtcTime: 2023-04-02 08:42:44.745
ProcessGuid: {22a2695c-4004-6429-23e8-000000006e00}
ProcessId: 12756
Image: C:\Program Files\Splunk\bin\splunk-optimize.exe
User: NT AUTHORITY\SYSTEM"
Information,2023/04/02 17:42:44,Microsoft-Windows-Sysmon,1,Process Create (rule: ProcessCreate),"Process Create:
RuleName: -
UtcTime: 2023-04-02 08:42:44.735
ProcessGuid: {22a2695c-4004-6429-23e8-000000006e00}
ProcessId: 12756
Image: C:\Program Files\Splunk\bin\splunk-optimize.exe
FileVersion: 9.0.4.1
Description: splunk-optimize
Product: splunk Application
Company: Splunk Inc.
OriginalFileName: splunk-optimize.exe
CommandLine: splunk-optimize -d ""C:\Program Files\Splunk\var\lib\splunk\_metrics\db\hot_v1_8"" -x 18013901312 --log-to--splunkd-log --write-level 3 --tsidx-target-size 1572864000 --msidx-comp-block-size 1024
CurrentDirectory: C:\WINDOWS\system32\
User: NT AUTHORITY\SYSTEM
LogonGuid: {22a2695c-0147-6428-e703-000000000000}
LogonId: 0x3E7
TerminalSessionId: 0
IntegrityLevel: System
Hashes: SHA256=090AB6E27522C5B37069983CDBB2F55248153A3FD9602DF223134ACBD59FD742
ParentProcessGuid: {00000000-0000-0000-0000-000000000000}
ParentProcessId: 4840
ParentImage: -
ParentCommandLine: -
ParentUser: -"
Information,2023/04/02 17:42:44,Microsoft-Windows-Sysmon,5,Process terminated (rule: ProcessTerminate),"Process terminated:
RuleName: -
UtcTime: 2023-04-02 08:42:44.730
ProcessGuid: {22a2695c-4004-6429-22e8-000000006e00}
ProcessId: 10616
Image: C:\Program Files\Splunk\bin\splunk-optimize.exe
User: NT AUTHORITY\SYSTEM"
Information,2023/04/02 17:42:44,Microsoft-Windows-Sysmon,1,Process Create (rule: ProcessCreate),"Process Create:
RuleName: -
UtcTime: 2023-04-02 08:42:44.719
ProcessGuid: {22a2695c-4004-6429-22e8-000000006e00}
ProcessId: 10616
Image: C:\Program Files\Splunk\bin\splunk-optimize.exe
FileVersion: 9.0.4.1
Description: splunk-optimize
Product: splunk Application
Company: Splunk Inc.
OriginalFileName: splunk-optimize.exe
CommandLine: splunk-optimize -d ""C:\Program Files\Splunk\var\lib\splunk\_metrics\db\hot_v1_7"" -x 18013901312 --log-to--splunkd-log --write-level 3 --tsidx-target-size 1572864000 --msidx-comp-block-size 1024
CurrentDirectory: C:\WINDOWS\system32\
User: NT AUTHORITY\SYSTEM
LogonGuid: {22a2695c-0147-6428-e703-000000000000}
LogonId: 0x3E7
TerminalSessionId: 0
IntegrityLevel: System
Hashes: SHA256=090AB6E27522C5B37069983CDBB2F55248153A3FD9602DF223134ACBD59FD742
ParentProcessGuid: {00000000-0000-0000-0000-000000000000}
ParentProcessId: 4840
ParentImage: -
ParentCommandLine: -
ParentUser: -"
Information,2023/04/02 17:42:44,Microsoft-Windows-Sysmon,5,Process terminated (rule: ProcessTerminate),"Process terminated:
RuleName: -
UtcTime: 2023-04-02 08:42:44.714
ProcessGuid: {22a2695c-4004-6429-21e8-000000006e00}
ProcessId: 8480
Image: C:\Program Files\Splunk\bin\splunk-optimize.exe
User: NT AUTHORITY\SYSTEM"
Information,2023/04/02 17:42:44,Microsoft-Windows-Sysmon,1,Process Create (rule: ProcessCreate),"Process Create:
RuleName: -
UtcTime: 2023-04-02 08:42:44.704
ProcessGuid: {22a2695c-4004-6429-21e8-000000006e00}
ProcessId: 8480
Image: C:\Program Files\Splunk\bin\splunk-optimize.exe
FileVersion: 9.0.4.1
Description: splunk-optimize
Product: splunk Application
Company: Splunk Inc.
OriginalFileName: splunk-optimize.exe
CommandLine: splunk-optimize -d ""C:\Program Files\Splunk\var\lib\splunk\_metrics\db\hot_v1_6"" -x 18013901312 --log-to--splunkd-log --write-level 3 --tsidx-target-size 1572864000 --msidx-comp-block-size 1024
CurrentDirectory: C:\WINDOWS\system32\
User: NT AUTHORITY\SYSTEM
LogonGuid: {22a2695c-0147-6428-e703-000000000000}
LogonId: 0x3E7
TerminalSessionId: 0
IntegrityLevel: System
Hashes: SHA256=090AB6E27522C5B37069983CDBB2F55248153A3FD9602DF223134ACBD59FD742
ParentProcessGuid: {00000000-0000-0000-0000-000000000000}
ParentProcessId: 4840
ParentImage: -
ParentCommandLine: -
ParentUser: -"
Information,2023/04/02 17:42:44,Microsoft-Windows-Sysmon,5,Process terminated (rule: ProcessTerminate),"Process terminated:
RuleName: -
UtcTime: 2023-04-02 08:42:44.700
ProcessGuid: {22a2695c-4004-6429-20e8-000000006e00}
ProcessId: 7160
Image: C:\Program Files\Splunk\bin\splunk-optimize.exe
User: NT AUTHORITY\SYSTEM"
Information,2023/04/02 17:42:44,Microsoft-Windows-Sysmon,1,Process Create (rule: ProcessCreate),"Process Create:
RuleName: -
UtcTime: 2023-04-02 08:42:44.688
ProcessGuid: {22a2695c-4004-6429-20e8-000000006e00}
ProcessId: 7160
Image: C:\Program Files\Splunk\bin\splunk-optimize.exe
FileVersion: 9.0.4.1
Description: splunk-optimize
Product: splunk Application
Company: Splunk Inc.
OriginalFileName: splunk-optimize.exe
CommandLine: splunk-optimize -d ""C:\Program Files\Splunk\var\lib\splunk\_metrics\db\hot_v1_5"" -x 18013901312 --log-to--splunkd-log --write-level 3 --tsidx-target-size 1572864000 --msidx-comp-block-size 1024
CurrentDirectory: C:\WINDOWS\system32\
User: NT AUTHORITY\SYSTEM
LogonGuid: {22a2695c-0147-6428-e703-000000000000}
LogonId: 0x3E7
TerminalSessionId: 0
IntegrityLevel: System
Hashes: SHA256=090AB6E27522C5B37069983CDBB2F55248153A3FD9602DF223134ACBD59FD742
ParentProcessGuid: {00000000-0000-0000-0000-000000000000}
ParentProcessId: 4840
ParentImage: -
ParentCommandLine: -
ParentUser: -"
Information,2023/04/02 17:42:44,Microsoft-Windows-Sysmon,5,Process terminated (rule: ProcessTerminate),"Process terminated:
RuleName: -
UtcTime: 2023-04-02 08:42:44.553
ProcessGuid: {22a2695c-4004-6429-1fe8-000000006e00}
ProcessId: 784
Image: C:\Windows\System32\conhost.exe
User: DESKTOP-61BPDT0\iniad"
Information,2023/04/02 17:42:44,Microsoft-Windows-Sysmon,5,Process terminated (rule: ProcessTerminate),"Process terminated:
RuleName: -
UtcTime: 2023-04-02 08:42:44.550
ProcessGuid: {22a2695c-4004-6429-1ee8-000000006e00}
ProcessId: 24724
Image: C:\Windows\System32\lxss\wslhost.exe
User: DESKTOP-61BPDT0\iniad"
Information,2023/04/02 17:42:44,Microsoft-Windows-Sysmon,5,Process terminated (rule: ProcessTerminate),"Process terminated:
RuleName: -
UtcTime: 2023-04-02 08:42:44.543
ProcessGuid: {22a2695c-4004-6429-1de8-000000006e00}
ProcessId: 16036
Image: C:\Windows\System32\wsl.exe
User: DESKTOP-61BPDT0\iniad"
Information,2023/04/02 17:42:44,Microsoft-Windows-Sysmon,1,Process Create (rule: ProcessCreate),"Process Create:
RuleName: -
UtcTime: 2023-04-02 08:42:44.445
ProcessGuid: {22a2695c-4004-6429-1fe8-000000006e00}
ProcessId: 784
Image: C:\Windows\System32\conhost.exe
FileVersion: 10.0.19041.2546 (WinBuild.160101.0800)
Description: Console Window Host
Product: Microsoft® Windows® Operating System
Company: Microsoft Corporation
OriginalFileName: CONHOST.EXE
CommandLine: \??\C:\WINDOWS\system32\conhost.exe 0xffffffff -ForceV1
CurrentDirectory: C:\WINDOWS
User: DESKTOP-61BPDT0\iniad
LogonGuid: {22a2695c-014a-6428-81ce-030000000000}
LogonId: 0x3CE81
TerminalSessionId: 1
IntegrityLevel: Medium
Hashes: SHA256=A26A1FFB81A61281FFA55CB7778CC3FB0FF981704DE49F75F51F18B283FBA7A2
ParentProcessGuid: {22a2695c-4004-6429-1ee8-000000006e00}
ParentProcessId: 24724
ParentImage: C:\Windows\System32\lxss\wslhost.exe
ParentCommandLine: C:\WINDOWS\system32\lxss\wslhost.exe {95147f4a-eee3-4770-bd10-0bb18962c0ea} 776 796 800 {1bd0db17-f179-4a8d-ab5a-afeaeb38f5d5}
ParentUser: DESKTOP-61BPDT0\iniad"
Information,2023/04/02 17:42:44,Microsoft-Windows-Sysmon,1,Process Create (rule: ProcessCreate),"Process Create:
RuleName: -
UtcTime: 2023-04-02 08:42:44.438
ProcessGuid: {22a2695c-4004-6429-1ee8-000000006e00}
ProcessId: 24724
Image: C:\Windows\System32\lxss\wslhost.exe
FileVersion: 10.0.19041.2311 (WinBuild.160101.0800)
Description: Microsoft Windows Subsystem for Linux Background Host
Product: Microsoft® Windows® Operating System
Company: Microsoft Corporation
OriginalFileName: wslhost.exe
CommandLine: C:\WINDOWS\system32\lxss\wslhost.exe {95147f4a-eee3-4770-bd10-0bb18962c0ea} 776 796 800 {1bd0db17-f179-4a8d-ab5a-afeaeb38f5d5}
CurrentDirectory: C:\Users\iniad\AppData\Roaming\Docker\
User: DESKTOP-61BPDT0\iniad
LogonGuid: {22a2695c-014a-6428-81ce-030000000000}
LogonId: 0x3CE81
TerminalSessionId: 1
IntegrityLevel: Medium
Hashes: SHA256=D9E607F64643812EDB102CE26AF0BB0E9BEB180E44F0F28F791941BF2208CA78
ParentProcessGuid: {22a2695c-4004-6429-1de8-000000006e00}
ParentProcessId: 16036
ParentImage: C:\Windows\System32\wsl.exe
ParentCommandLine: C:\WINDOWS\system32\wsl.exe  -d docker-desktop cat /proc/stat
ParentUser: DESKTOP-61BPDT0\iniad"
Information,2023/04/02 17:42:44,Microsoft-Windows-Sysmon,5,Process terminated (rule: ProcessTerminate),"Process terminated:
RuleName: -
UtcTime: 2023-04-02 08:42:44.380
ProcessGuid: {22a2695c-4004-6429-1ce8-000000006e00}
ProcessId: 20372
Image: C:\Windows\System32\conhost.exe
User: DESKTOP-61BPDT0\iniad"
Information,2023/04/02 17:42:44,Microsoft-Windows-Sysmon,5,Process terminated (rule: ProcessTerminate),"Process terminated:
RuleName: -
UtcTime: 2023-04-02 08:42:44.375
ProcessGuid: {22a2695c-4004-6429-1be8-000000006e00}
ProcessId: 5900
Image: C:\Windows\System32\lxss\wslhost.exe
User: DESKTOP-61BPDT0\iniad"
Information,2023/04/02 17:42:44,Microsoft-Windows-Sysmon,1,Process Create (rule: ProcessCreate),"Process Create:
RuleName: -
UtcTime: 2023-04-02 08:42:44.373
ProcessGuid: {22a2695c-4004-6429-1de8-000000006e00}
ProcessId: 16036
Image: C:\Windows\System32\wsl.exe
FileVersion: 10.0.19041.2311 (WinBuild.160101.0800)
Description: Microsoft Windows Subsystem for Linux Launcher
Product: Microsoft® Windows® Operating System
Company: Microsoft Corporation
OriginalFileName: wsl.exe
CommandLine: C:\WINDOWS\system32\wsl.exe  -d docker-desktop cat /proc/stat
CurrentDirectory: C:\Users\iniad\AppData\Roaming\Docker\
User: DESKTOP-61BPDT0\iniad
LogonGuid: {22a2695c-014a-6428-81ce-030000000000}
LogonId: 0x3CE81
TerminalSessionId: 1
IntegrityLevel: Medium
Hashes: SHA256=070F414025D984C0799A616B459FEBC99EBC7B6F9D6C3B76E0D4E2E1F22266C2
ParentProcessGuid: {22a2695c-2190-6429-055d-000000006e00}
ParentProcessId: 16796
ParentImage: C:\Program Files\Docker\Docker\resources\com.docker.backend.exe
ParentCommandLine: ""C:\Program Files\Docker\Docker\resources\com.docker.backend.exe"" -addr unix:\\.\pipe\dockerBackendApiServer -native-api
ParentUser: DESKTOP-61BPDT0\iniad"
Information,2023/04/02 17:42:44,Microsoft-Windows-Sysmon,5,Process terminated (rule: ProcessTerminate),"Process terminated:
RuleName: -
UtcTime: 2023-04-02 08:42:44.366
ProcessGuid: {22a2695c-4004-6429-1ae8-000000006e00}
ProcessId: 19200
Image: C:\Windows\System32\wsl.exe
User: DESKTOP-61BPDT0\iniad"
Information,2023/04/02 17:42:44,Microsoft-Windows-Sysmon,1,Process Create (rule: ProcessCreate),"Process Create:
RuleName: -
UtcTime: 2023-04-02 08:42:44.289
ProcessGuid: {22a2695c-4004-6429-1ce8-000000006e00}
ProcessId: 20372
Image: C:\Windows\System32\conhost.exe
FileVersion: 10.0.19041.2546 (WinBuild.160101.0800)
Description: Console Window Host
Product: Microsoft® Windows® Operating System
Company: Microsoft Corporation
OriginalFileName: CONHOST.EXE
CommandLine: \??\C:\WINDOWS\system32\conhost.exe 0xffffffff -ForceV1
CurrentDirectory: C:\WINDOWS
User: DESKTOP-61BPDT0\iniad
LogonGuid: {22a2695c-014a-6428-81ce-030000000000}
LogonId: 0x3CE81
TerminalSessionId: 1
IntegrityLevel: Medium
Hashes: SHA256=A26A1FFB81A61281FFA55CB7778CC3FB0FF981704DE49F75F51F18B283FBA7A2
ParentProcessGuid: {22a2695c-4004-6429-1be8-000000006e00}
ParentProcessId: 5900
ParentImage: C:\Windows\System32\lxss\wslhost.exe
ParentCommandLine: C:\WINDOWS\system32\lxss\wslhost.exe {95147f4a-eee3-4770-bd10-0bb18962c0ea} 784 804 808 {1bd0db17-f179-4a8d-ab5a-afeaeb38f5d5}
ParentUser: DESKTOP-61BPDT0\iniad"
Information,2023/04/02 17:42:44,Microsoft-Windows-Sysmon,1,Process Create (rule: ProcessCreate),"Process Create:
RuleName: -
UtcTime: 2023-04-02 08:42:44.284
ProcessGuid: {22a2695c-4004-6429-1be8-000000006e00}
ProcessId: 5900
Image: C:\Windows\System32\lxss\wslhost.exe
FileVersion: 10.0.19041.2311 (WinBuild.160101.0800)
Description: Microsoft Windows Subsystem for Linux Background Host
Product: Microsoft® Windows® Operating System
Company: Microsoft Corporation
OriginalFileName: wslhost.exe
CommandLine: C:\WINDOWS\system32\lxss\wslhost.exe {95147f4a-eee3-4770-bd10-0bb18962c0ea} 784 804 808 {1bd0db17-f179-4a8d-ab5a-afeaeb38f5d5}
CurrentDirectory: C:\Users\iniad\AppData\Roaming\Docker\
User: DESKTOP-61BPDT0\iniad
LogonGuid: {22a2695c-014a-6428-81ce-030000000000}
LogonId: 0x3CE81
TerminalSessionId: 1
IntegrityLevel: Medium
Hashes: SHA256=D9E607F64643812EDB102CE26AF0BB0E9BEB180E44F0F28F791941BF2208CA78
ParentProcessGuid: {22a2695c-4004-6429-1ae8-000000006e00}
ParentProcessId: 19200
ParentImage: C:\Windows\System32\wsl.exe
ParentCommandLine: C:\WINDOWS\system32\wsl.exe  -d docker-desktop cat /proc/meminfo
ParentUser: DESKTOP-61BPDT0\iniad"
