Information,2023/04/02 17:42:59,Microsoft-Windows-Sysmon,5,Process terminated (rule: ProcessTerminate),"Process terminated:
RuleName: -
UtcTime: 2023-04-02 08:42:59.507
ProcessGuid: {22a2695c-4013-6429-65e8-000000006e00}
ProcessId: 27040
Image: C:\Windows\System32\conhost.exe
User: DESKTOP-61BPDT0\iniad"
Information,2023/04/02 17:42:59,Microsoft-Windows-Sysmon,5,Process terminated (rule: ProcessTerminate),"Process terminated:
RuleName: -
UtcTime: 2023-04-02 08:42:59.503
ProcessGuid: {22a2695c-4013-6429-64e8-000000006e00}
ProcessId: 25472
Image: C:\Windows\System32\lxss\wslhost.exe
User: DESKTOP-61BPDT0\iniad"
Information,2023/04/02 17:42:59,Microsoft-Windows-Sysmon,5,Process terminated (rule: ProcessTerminate),"Process terminated:
RuleName: -
UtcTime: 2023-04-02 08:42:59.496
ProcessGuid: {22a2695c-4013-6429-63e8-000000006e00}
ProcessId: 25812
Image: C:\Windows\System32\wsl.exe
User: DESKTOP-61BPDT0\iniad"
Information,2023/04/02 17:42:59,Microsoft-Windows-Sysmon,1,Process Create (rule: ProcessCreate),"Process Create:
RuleName: -
UtcTime: 2023-04-02 08:42:59.422
ProcessGuid: {22a2695c-4013-6429-65e8-000000006e00}
ProcessId: 27040
Image: C:\Windows\System32\conhost.exe
FileVersion: 10.0.19041.2546 (WinBuild.160101.0800)
Description: Console Window Host
Product: Microsoft® Windows® Operating System
Company: Microsoft Corporation
OriginalFileName: CONHOST.EXE
CommandLine: \??\C:\WINDOWS\system32\conhost.exe 0xffffffff -ForceV1
CurrentDirectory: C:\WINDOWS
User: DESKTOP-61BPDT0\iniad
LogonGuid: {22a2695c-014a-6428-81ce-030000000000}
LogonId: 0x3CE81
TerminalSessionId: 1
IntegrityLevel: Medium
Hashes: SHA256=A26A1FFB81A61281FFA55CB7778CC3FB0FF981704DE49F75F51F18B283FBA7A2
ParentProcessGuid: {22a2695c-4013-6429-64e8-000000006e00}
ParentProcessId: 25472
ParentImage: C:\Windows\System32\lxss\wslhost.exe
ParentCommandLine: C:\WINDOWS\system32\lxss\wslhost.exe {95147f4a-eee3-4770-bd10-0bb18962c0ea} 784 804 808 {1bd0db17-f179-4a8d-ab5a-afeaeb38f5d5}
ParentUser: DESKTOP-61BPDT0\iniad"
Information,2023/04/02 17:42:59,Microsoft-Windows-Sysmon,1,Process Create (rule: ProcessCreate),"Process Create:
RuleName: -
UtcTime: 2023-04-02 08:42:59.417
ProcessGuid: {22a2695c-4013-6429-64e8-000000006e00}
ProcessId: 25472
Image: C:\Windows\System32\lxss\wslhost.exe
FileVersion: 10.0.19041.2311 (WinBuild.160101.0800)
Description: Microsoft Windows Subsystem for Linux Background Host
Product: Microsoft® Windows® Operating System
Company: Microsoft Corporation
OriginalFileName: wslhost.exe
CommandLine: C:\WINDOWS\system32\lxss\wslhost.exe {95147f4a-eee3-4770-bd10-0bb18962c0ea} 784 804 808 {1bd0db17-f179-4a8d-ab5a-afeaeb38f5d5}
CurrentDirectory: C:\Users\iniad\AppData\Roaming\Docker\
User: DESKTOP-61BPDT0\iniad
LogonGuid: {22a2695c-014a-6428-81ce-030000000000}
LogonId: 0x3CE81
TerminalSessionId: 1
IntegrityLevel: Medium
Hashes: SHA256=D9E607F64643812EDB102CE26AF0BB0E9BEB180E44F0F28F791941BF2208CA78
ParentProcessGuid: {22a2695c-4013-6429-63e8-000000006e00}
ParentProcessId: 25812
ParentImage: C:\Windows\System32\wsl.exe
ParentCommandLine: C:\WINDOWS\system32\wsl.exe  -d docker-desktop cat /proc/stat
ParentUser: DESKTOP-61BPDT0\iniad"
Information,2023/04/02 17:42:59,Microsoft-Windows-Sysmon,5,Process terminated (rule: ProcessTerminate),"Process terminated:
RuleName: -
UtcTime: 2023-04-02 08:42:59.376
ProcessGuid: {22a2695c-4013-6429-62e8-000000006e00}
ProcessId: 25920
Image: C:\Windows\System32\conhost.exe
User: DESKTOP-61BPDT0\iniad"
Information,2023/04/02 17:42:59,Microsoft-Windows-Sysmon,5,Process terminated (rule: ProcessTerminate),"Process terminated:
RuleName: -
UtcTime: 2023-04-02 08:42:59.371
ProcessGuid: {22a2695c-4013-6429-61e8-000000006e00}
ProcessId: 21152
Image: C:\Windows\System32\lxss\wslhost.exe
User: DESKTOP-61BPDT0\iniad"
Information,2023/04/02 17:42:59,Microsoft-Windows-Sysmon,1,Process Create (rule: ProcessCreate),"Process Create:
RuleName: -
UtcTime: 2023-04-02 08:42:59.370
ProcessGuid: {22a2695c-4013-6429-63e8-000000006e00}
ProcessId: 25812
Image: C:\Windows\System32\wsl.exe
FileVersion: 10.0.19041.2311 (WinBuild.160101.0800)
Description: Microsoft Windows Subsystem for Linux Launcher
Product: Microsoft® Windows® Operating System
Company: Microsoft Corporation
OriginalFileName: wsl.exe
CommandLine: C:\WINDOWS\system32\wsl.exe  -d docker-desktop cat /proc/stat
CurrentDirectory: C:\Users\iniad\AppData\Roaming\Docker\
User: DESKTOP-61BPDT0\iniad
LogonGuid: {22a2695c-014a-6428-81ce-030000000000}
LogonId: 0x3CE81
TerminalSessionId: 1
IntegrityLevel: Medium
Hashes: SHA256=070F414025D984C0799A616B459FEBC99EBC7B6F9D6C3B76E0D4E2E1F22266C2
ParentProcessGuid: {22a2695c-2190-6429-055d-000000006e00}
ParentProcessId: 16796
ParentImage: C:\Program Files\Docker\Docker\resources\com.docker.backend.exe
ParentCommandLine: ""C:\Program Files\Docker\Docker\resources\com.docker.backend.exe"" -addr unix:\\.\pipe\dockerBackendApiServer -native-api
ParentUser: DESKTOP-61BPDT0\iniad"
Information,2023/04/02 17:42:59,Microsoft-Windows-Sysmon,5,Process terminated (rule: ProcessTerminate),"Process terminated:
RuleName: -
UtcTime: 2023-04-02 08:42:59.363
ProcessGuid: {22a2695c-4013-6429-60e8-000000006e00}
ProcessId: 14596
Image: C:\Windows\System32\wsl.exe
User: DESKTOP-61BPDT0\iniad"
Information,2023/04/02 17:42:59,Microsoft-Windows-Sysmon,1,Process Create (rule: ProcessCreate),"Process Create:
RuleName: -
UtcTime: 2023-04-02 08:42:59.287
ProcessGuid: {22a2695c-4013-6429-62e8-000000006e00}
ProcessId: 25920
Image: C:\Windows\System32\conhost.exe
FileVersion: 10.0.19041.2546 (WinBuild.160101.0800)
Description: Console Window Host
Product: Microsoft® Windows® Operating System
Company: Microsoft Corporation
OriginalFileName: CONHOST.EXE
CommandLine: \??\C:\WINDOWS\system32\conhost.exe 0xffffffff -ForceV1
CurrentDirectory: C:\WINDOWS
User: DESKTOP-61BPDT0\iniad
LogonGuid: {22a2695c-014a-6428-81ce-030000000000}
LogonId: 0x3CE81
TerminalSessionId: 1
IntegrityLevel: Medium
Hashes: SHA256=A26A1FFB81A61281FFA55CB7778CC3FB0FF981704DE49F75F51F18B283FBA7A2
ParentProcessGuid: {22a2695c-4013-6429-61e8-000000006e00}
ParentProcessId: 21152
ParentImage: C:\Windows\System32\lxss\wslhost.exe
ParentCommandLine: C:\WINDOWS\system32\lxss\wslhost.exe {95147f4a-eee3-4770-bd10-0bb18962c0ea} 784 804 764 {1bd0db17-f179-4a8d-ab5a-afeaeb38f5d5}
ParentUser: DESKTOP-61BPDT0\iniad"
Information,2023/04/02 17:42:59,Microsoft-Windows-Sysmon,1,Process Create (rule: ProcessCreate),"Process Create:
RuleName: -
UtcTime: 2023-04-02 08:42:59.282
ProcessGuid: {22a2695c-4013-6429-61e8-000000006e00}
ProcessId: 21152
Image: C:\Windows\System32\lxss\wslhost.exe
FileVersion: 10.0.19041.2311 (WinBuild.160101.0800)
Description: Microsoft Windows Subsystem for Linux Background Host
Product: Microsoft® Windows® Operating System
Company: Microsoft Corporation
OriginalFileName: wslhost.exe
CommandLine: C:\WINDOWS\system32\lxss\wslhost.exe {95147f4a-eee3-4770-bd10-0bb18962c0ea} 784 804 764 {1bd0db17-f179-4a8d-ab5a-afeaeb38f5d5}
CurrentDirectory: C:\Users\iniad\AppData\Roaming\Docker\
User: DESKTOP-61BPDT0\iniad
LogonGuid: {22a2695c-014a-6428-81ce-030000000000}
LogonId: 0x3CE81
TerminalSessionId: 1
IntegrityLevel: Medium
Hashes: SHA256=D9E607F64643812EDB102CE26AF0BB0E9BEB180E44F0F28F791941BF2208CA78
ParentProcessGuid: {22a2695c-4013-6429-60e8-000000006e00}
ParentProcessId: 14596
ParentImage: C:\Windows\System32\wsl.exe
ParentCommandLine: C:\WINDOWS\system32\wsl.exe  -d docker-desktop cat /proc/meminfo
ParentUser: DESKTOP-61BPDT0\iniad"
Information,2023/04/02 17:42:59,Microsoft-Windows-Sysmon,1,Process Create (rule: ProcessCreate),"Process Create:
RuleName: -
UtcTime: 2023-04-02 08:42:59.216
ProcessGuid: {22a2695c-4013-6429-60e8-000000006e00}
ProcessId: 14596
Image: C:\Windows\System32\wsl.exe
FileVersion: 10.0.19041.2311 (WinBuild.160101.0800)
Description: Microsoft Windows Subsystem for Linux Launcher
Product: Microsoft® Windows® Operating System
Company: Microsoft Corporation
OriginalFileName: wsl.exe
CommandLine: C:\WINDOWS\system32\wsl.exe  -d docker-desktop cat /proc/meminfo
CurrentDirectory: C:\Users\iniad\AppData\Roaming\Docker\
User: DESKTOP-61BPDT0\iniad
LogonGuid: {22a2695c-014a-6428-81ce-030000000000}
LogonId: 0x3CE81
TerminalSessionId: 1
IntegrityLevel: Medium
Hashes: SHA256=070F414025D984C0799A616B459FEBC99EBC7B6F9D6C3B76E0D4E2E1F22266C2
ParentProcessGuid: {22a2695c-2190-6429-055d-000000006e00}
ParentProcessId: 16796
ParentImage: C:\Program Files\Docker\Docker\resources\com.docker.backend.exe
ParentCommandLine: ""C:\Program Files\Docker\Docker\resources\com.docker.backend.exe"" -addr unix:\\.\pipe\dockerBackendApiServer -native-api
ParentUser: DESKTOP-61BPDT0\iniad"
Information,2023/04/02 17:42:57,Microsoft-Windows-Sysmon,1,Process Create (rule: ProcessCreate),"Process Create:
RuleName: -
UtcTime: 2023-04-02 08:42:57.820
ProcessGuid: {22a2695c-4011-6429-5fe8-000000006e00}
ProcessId: 25648
Image: C:\Windows\System32\SearchFilterHost.exe
FileVersion: 7.0.19041.2673 (WinBuild.160101.0800)
Description: Microsoft Windows Search Filter Host
Product: Windows® Search
Company: Microsoft Corporation
OriginalFileName: SearchFilterHost.exe
CommandLine: ""C:\WINDOWS\system32\SearchFilterHost.exe"" 0 812 816 824 8192 820 792 
CurrentDirectory: C:\WINDOWS\system32\
User: NT AUTHORITY\SYSTEM
LogonGuid: {22a2695c-0147-6428-e703-000000000000}
LogonId: 0x3E7
TerminalSessionId: 0
IntegrityLevel: Medium
Hashes: SHA256=289E599C32D569A4F5993B2E0D78F07415B8B32AC8B31B9D35EB63BBEAE45D55
ParentProcessGuid: {22a2695c-017a-6428-3a01-000000006e00}
ParentProcessId: 11948
ParentImage: C:\Windows\System32\SearchIndexer.exe
ParentCommandLine: C:\WINDOWS\system32\SearchIndexer.exe /Embedding
ParentUser: NT AUTHORITY\SYSTEM"
Information,2023/04/02 17:42:55,Microsoft-Windows-Sysmon,5,Process terminated (rule: ProcessTerminate),"Process terminated:
RuleName: -
UtcTime: 2023-04-02 08:42:55.796
ProcessGuid: {22a2695c-400f-6429-5de8-000000006e00}
ProcessId: 24236
Image: C:\Program Files\Splunk\bin\splunk-optimize.exe
User: NT AUTHORITY\SYSTEM"
Information,2023/04/02 17:42:55,Microsoft-Windows-Sysmon,5,Process terminated (rule: ProcessTerminate),"Process terminated:
RuleName: -
UtcTime: 2023-04-02 08:42:55.788
ProcessGuid: {22a2695c-400f-6429-5ee8-000000006e00}
ProcessId: 6880
Image: C:\Program Files\Splunk\bin\splunk-optimize.exe
User: NT AUTHORITY\SYSTEM"
Information,2023/04/02 17:42:55,Microsoft-Windows-Sysmon,1,Process Create (rule: ProcessCreate),"Process Create:
RuleName: -
UtcTime: 2023-04-02 08:42:55.778
ProcessGuid: {22a2695c-400f-6429-5ee8-000000006e00}
ProcessId: 6880
Image: C:\Program Files\Splunk\bin\splunk-optimize.exe
FileVersion: 9.0.4.1
Description: splunk-optimize
Product: splunk Application
Company: Splunk Inc.
OriginalFileName: splunk-optimize.exe
CommandLine: splunk-optimize -d ""C:\Program Files\Splunk\var\lib\splunk\_introspection\db\hot_v1_1"" -x 18013876224 --log-to--splunkd-log --write-level 3 --tsidx-target-size 1572864000 --msidx-comp-block-size 1024
CurrentDirectory: C:\WINDOWS\system32\
User: NT AUTHORITY\SYSTEM
LogonGuid: {22a2695c-0147-6428-e703-000000000000}
LogonId: 0x3E7
TerminalSessionId: 0
IntegrityLevel: System
Hashes: SHA256=090AB6E27522C5B37069983CDBB2F55248153A3FD9602DF223134ACBD59FD742
ParentProcessGuid: {00000000-0000-0000-0000-000000000000}
ParentProcessId: 4840
ParentImage: -
ParentCommandLine: -
ParentUser: -"
Information,2023/04/02 17:42:55,Microsoft-Windows-Sysmon,5,Process terminated (rule: ProcessTerminate),"Process terminated:
RuleName: -
UtcTime: 2023-04-02 08:42:55.777
ProcessGuid: {22a2695c-400f-6429-5ce8-000000006e00}
ProcessId: 22848
Image: C:\Program Files\Splunk\bin\splunk-optimize.exe
User: NT AUTHORITY\SYSTEM"
Information,2023/04/02 17:42:55,Microsoft-Windows-Sysmon,1,Process Create (rule: ProcessCreate),"Process Create:
RuleName: -
UtcTime: 2023-04-02 08:42:55.757
ProcessGuid: {22a2695c-400f-6429-5de8-000000006e00}
ProcessId: 24236
Image: C:\Program Files\Splunk\bin\splunk-optimize.exe
FileVersion: 9.0.4.1
Description: splunk-optimize
Product: splunk Application
Company: Splunk Inc.
OriginalFileName: splunk-optimize.exe
CommandLine: splunk-optimize -d ""C:\Program Files\Splunk\var\lib\splunk\_internaldb\db\hot_v1_1"" -x 18013847552 --log-to--splunkd-log --write-level 3 --tsidx-target-size 1572864000 --msidx-comp-block-size 1024
CurrentDirectory: C:\WINDOWS\system32\
User: NT AUTHORITY\SYSTEM
LogonGuid: {22a2695c-0147-6428-e703-000000000000}
LogonId: 0x3E7
TerminalSessionId: 0
IntegrityLevel: System
Hashes: SHA256=090AB6E27522C5B37069983CDBB2F55248153A3FD9602DF223134ACBD59FD742
ParentProcessGuid: {00000000-0000-0000-0000-000000000000}
ParentProcessId: 4840
ParentImage: -
ParentCommandLine: -
ParentUser: -"
Information,2023/04/02 17:42:55,Microsoft-Windows-Sysmon,1,Process Create (rule: ProcessCreate),"Process Create:
RuleName: -
UtcTime: 2023-04-02 08:42:55.740
ProcessGuid: {22a2695c-400f-6429-5ce8-000000006e00}
ProcessId: 22848
Image: C:\Program Files\Splunk\bin\splunk-optimize.exe
FileVersion: 9.0.4.1
Description: splunk-optimize
Product: splunk Application
Company: Splunk Inc.
OriginalFileName: splunk-optimize.exe
CommandLine: splunk-optimize -d ""C:\Program Files\Splunk\var\lib\splunk\audit\db\hot_v1_1"" -x 18013915136 --log-to--splunkd-log --write-level 3 --tsidx-target-size 1572864000 --msidx-comp-block-size 1024
CurrentDirectory: C:\WINDOWS\system32\
User: NT AUTHORITY\SYSTEM
LogonGuid: {22a2695c-0147-6428-e703-000000000000}
LogonId: 0x3E7
TerminalSessionId: 0
IntegrityLevel: System
Hashes: SHA256=090AB6E27522C5B37069983CDBB2F55248153A3FD9602DF223134ACBD59FD742
ParentProcessGuid: {00000000-0000-0000-0000-000000000000}
ParentProcessId: 4840
ParentImage: -
ParentCommandLine: -
ParentUser: -"
Information,2023/04/02 17:42:55,Microsoft-Windows-Sysmon,5,Process terminated (rule: ProcessTerminate),"Process terminated:
RuleName: -
UtcTime: 2023-04-02 08:42:55.734
ProcessGuid: {22a2695c-400f-6429-5be8-000000006e00}
ProcessId: 27608
Image: C:\Program Files\Splunk\bin\splunk-optimize.exe
User: NT AUTHORITY\SYSTEM"
Information,2023/04/02 17:42:55,Microsoft-Windows-Sysmon,1,Process Create (rule: ProcessCreate),"Process Create:
RuleName: -
UtcTime: 2023-04-02 08:42:55.723
ProcessGuid: {22a2695c-400f-6429-5be8-000000006e00}
ProcessId: 27608
Image: C:\Program Files\Splunk\bin\splunk-optimize.exe
FileVersion: 9.0.4.1
Description: splunk-optimize
Product: splunk Application
Company: Splunk Inc.
OriginalFileName: splunk-optimize.exe
CommandLine: splunk-optimize -d ""C:\Program Files\Splunk\var\lib\splunk\_metrics\db\hot_v1_8"" -x 18013915136 --log-to--splunkd-log --write-level 3 --tsidx-target-size 1572864000 --msidx-comp-block-size 1024
CurrentDirectory: C:\WINDOWS\system32\
User: NT AUTHORITY\SYSTEM
LogonGuid: {22a2695c-0147-6428-e703-000000000000}
LogonId: 0x3E7
TerminalSessionId: 0
IntegrityLevel: System
Hashes: SHA256=090AB6E27522C5B37069983CDBB2F55248153A3FD9602DF223134ACBD59FD742
ParentProcessGuid: {00000000-0000-0000-0000-000000000000}
ParentProcessId: 4840
ParentImage: -
ParentCommandLine: -
ParentUser: -"
Information,2023/04/02 17:42:55,Microsoft-Windows-Sysmon,5,Process terminated (rule: ProcessTerminate),"Process terminated:
RuleName: -
UtcTime: 2023-04-02 08:42:55.718
ProcessGuid: {22a2695c-400f-6429-5ae8-000000006e00}
ProcessId: 660
Image: C:\Program Files\Splunk\bin\splunk-optimize.exe
User: NT AUTHORITY\SYSTEM"
Information,2023/04/02 17:42:55,Microsoft-Windows-Sysmon,1,Process Create (rule: ProcessCreate),"Process Create:
RuleName: -
UtcTime: 2023-04-02 08:42:55.707
ProcessGuid: {22a2695c-400f-6429-5ae8-000000006e00}
ProcessId: 660
Image: C:\Program Files\Splunk\bin\splunk-optimize.exe
FileVersion: 9.0.4.1
Description: splunk-optimize
Product: splunk Application
Company: Splunk Inc.
OriginalFileName: splunk-optimize.exe
CommandLine: splunk-optimize -d ""C:\Program Files\Splunk\var\lib\splunk\_metrics\db\hot_v1_7"" -x 18013915136 --log-to--splunkd-log --write-level 3 --tsidx-target-size 1572864000 --msidx-comp-block-size 1024
CurrentDirectory: C:\WINDOWS\system32\
User: NT AUTHORITY\SYSTEM
LogonGuid: {22a2695c-0147-6428-e703-000000000000}
LogonId: 0x3E7
TerminalSessionId: 0
IntegrityLevel: System
Hashes: SHA256=090AB6E27522C5B37069983CDBB2F55248153A3FD9602DF223134ACBD59FD742
ParentProcessGuid: {00000000-0000-0000-0000-000000000000}
ParentProcessId: 4840
ParentImage: -
ParentCommandLine: -
ParentUser: -"
Information,2023/04/02 17:42:55,Microsoft-Windows-Sysmon,5,Process terminated (rule: ProcessTerminate),"Process terminated:
RuleName: -
UtcTime: 2023-04-02 08:42:55.701
ProcessGuid: {22a2695c-400f-6429-58e8-000000006e00}
ProcessId: 12156
Image: C:\Windows\System32\conhost.exe
User: DESKTOP-61BPDT0\iniad"
Information,2023/04/02 17:42:55,Microsoft-Windows-Sysmon,5,Process terminated (rule: ProcessTerminate),"Process terminated:
RuleName: -
UtcTime: 2023-04-02 08:42:55.701
ProcessGuid: {22a2695c-400f-6429-59e8-000000006e00}
ProcessId: 19636
Image: C:\Program Files\Splunk\bin\splunk-optimize.exe
User: NT AUTHORITY\SYSTEM"
Information,2023/04/02 17:42:55,Microsoft-Windows-Sysmon,5,Process terminated (rule: ProcessTerminate),"Process terminated:
RuleName: -
UtcTime: 2023-04-02 08:42:55.697
ProcessGuid: {22a2695c-400f-6429-57e8-000000006e00}
ProcessId: 20912
Image: C:\Windows\System32\lxss\wslhost.exe
User: DESKTOP-61BPDT0\iniad"
Information,2023/04/02 17:42:55,Microsoft-Windows-Sysmon,5,Process terminated (rule: ProcessTerminate),"Process terminated:
RuleName: -
UtcTime: 2023-04-02 08:42:55.687
ProcessGuid: {22a2695c-400f-6429-56e8-000000006e00}
ProcessId: 23892
Image: C:\Windows\System32\wsl.exe
User: DESKTOP-61BPDT0\iniad"
Information,2023/04/02 17:42:55,Microsoft-Windows-Sysmon,1,Process Create (rule: ProcessCreate),"Process Create:
RuleName: -
UtcTime: 2023-04-02 08:42:55.687
ProcessGuid: {22a2695c-400f-6429-59e8-000000006e00}
ProcessId: 19636
Image: C:\Program Files\Splunk\bin\splunk-optimize.exe
FileVersion: 9.0.4.1
Description: splunk-optimize
Product: splunk Application
Company: Splunk Inc.
OriginalFileName: splunk-optimize.exe
CommandLine: splunk-optimize -d ""C:\Program Files\Splunk\var\lib\splunk\_metrics\db\hot_v1_5"" -x 18013915136 --log-to--splunkd-log --write-level 3 --tsidx-target-size 1572864000 --msidx-comp-block-size 1024
CurrentDirectory: C:\WINDOWS\system32\
User: NT AUTHORITY\SYSTEM
LogonGuid: {22a2695c-0147-6428-e703-000000000000}
LogonId: 0x3E7
TerminalSessionId: 0
IntegrityLevel: System
Hashes: SHA256=090AB6E27522C5B37069983CDBB2F55248153A3FD9602DF223134ACBD59FD742
ParentProcessGuid: {00000000-0000-0000-0000-000000000000}
ParentProcessId: 4840
ParentImage: -
ParentCommandLine: -
ParentUser: -"
Information,2023/04/02 17:42:55,Microsoft-Windows-Sysmon,1,Process Create (rule: ProcessCreate),"Process Create:
RuleName: -
UtcTime: 2023-04-02 08:42:55.596
ProcessGuid: {22a2695c-400f-6429-58e8-000000006e00}
ProcessId: 12156
Image: C:\Windows\System32\conhost.exe
FileVersion: 10.0.19041.2546 (WinBuild.160101.0800)
Description: Console Window Host
Product: Microsoft® Windows® Operating System
Company: Microsoft Corporation
OriginalFileName: CONHOST.EXE
CommandLine: \??\C:\WINDOWS\system32\conhost.exe 0xffffffff -ForceV1
CurrentDirectory: C:\WINDOWS
User: DESKTOP-61BPDT0\iniad
LogonGuid: {22a2695c-014a-6428-81ce-030000000000}
LogonId: 0x3CE81
TerminalSessionId: 1
IntegrityLevel: Medium
Hashes: SHA256=A26A1FFB81A61281FFA55CB7778CC3FB0FF981704DE49F75F51F18B283FBA7A2
ParentProcessGuid: {22a2695c-400f-6429-57e8-000000006e00}
ParentProcessId: 20912
ParentImage: C:\Windows\System32\lxss\wslhost.exe
ParentCommandLine: C:\WINDOWS\system32\lxss\wslhost.exe {95147f4a-eee3-4770-bd10-0bb18962c0ea} 776 796 800 {1bd0db17-f179-4a8d-ab5a-afeaeb38f5d5}
ParentUser: DESKTOP-61BPDT0\iniad"
Information,2023/04/02 17:42:55,Microsoft-Windows-Sysmon,1,Process Create (rule: ProcessCreate),"Process Create:
RuleName: -
UtcTime: 2023-04-02 08:42:55.591
ProcessGuid: {22a2695c-400f-6429-57e8-000000006e00}
ProcessId: 20912
Image: C:\Windows\System32\lxss\wslhost.exe
FileVersion: 10.0.19041.2311 (WinBuild.160101.0800)
Description: Microsoft Windows Subsystem for Linux Background Host
Product: Microsoft® Windows® Operating System
Company: Microsoft Corporation
OriginalFileName: wslhost.exe
CommandLine: C:\WINDOWS\system32\lxss\wslhost.exe {95147f4a-eee3-4770-bd10-0bb18962c0ea} 776 796 800 {1bd0db17-f179-4a8d-ab5a-afeaeb38f5d5}
CurrentDirectory: C:\Users\iniad\AppData\Roaming\Docker\
User: DESKTOP-61BPDT0\iniad
LogonGuid: {22a2695c-014a-6428-81ce-030000000000}
LogonId: 0x3CE81
TerminalSessionId: 1
IntegrityLevel: Medium
Hashes: SHA256=D9E607F64643812EDB102CE26AF0BB0E9BEB180E44F0F28F791941BF2208CA78
ParentProcessGuid: {22a2695c-400f-6429-56e8-000000006e00}
ParentProcessId: 23892
ParentImage: C:\Windows\System32\wsl.exe
ParentCommandLine: C:\WINDOWS\system32\wsl.exe  -d docker-desktop cat /proc/stat
ParentUser: DESKTOP-61BPDT0\iniad"
Information,2023/04/02 17:42:55,Microsoft-Windows-Sysmon,1,Process Create (rule: ProcessCreate),"Process Create:
RuleName: -
UtcTime: 2023-04-02 08:42:55.539
ProcessGuid: {22a2695c-400f-6429-56e8-000000006e00}
ProcessId: 23892
Image: C:\Windows\System32\wsl.exe
FileVersion: 10.0.19041.2311 (WinBuild.160101.0800)
Description: Microsoft Windows Subsystem for Linux Launcher
Product: Microsoft® Windows® Operating System
Company: Microsoft Corporation
OriginalFileName: wsl.exe
CommandLine: C:\WINDOWS\system32\wsl.exe  -d docker-desktop cat /proc/stat
CurrentDirectory: C:\Users\iniad\AppData\Roaming\Docker\
User: DESKTOP-61BPDT0\iniad
LogonGuid: {22a2695c-014a-6428-81ce-030000000000}
LogonId: 0x3CE81
TerminalSessionId: 1
IntegrityLevel: Medium
Hashes: SHA256=070F414025D984C0799A616B459FEBC99EBC7B6F9D6C3B76E0D4E2E1F22266C2
ParentProcessGuid: {22a2695c-2190-6429-055d-000000006e00}
ParentProcessId: 16796
ParentImage: C:\Program Files\Docker\Docker\resources\com.docker.backend.exe
ParentCommandLine: ""C:\Program Files\Docker\Docker\resources\com.docker.backend.exe"" -addr unix:\\.\pipe\dockerBackendApiServer -native-api
ParentUser: DESKTOP-61BPDT0\iniad"
Information,2023/04/02 17:42:54,Microsoft-Windows-Sysmon,5,Process terminated (rule: ProcessTerminate),"Process terminated:
RuleName: -
UtcTime: 2023-04-02 08:42:54.528
ProcessGuid: {22a2695c-400e-6429-55e8-000000006e00}
ProcessId: 27408
Image: C:\Windows\System32\conhost.exe
User: DESKTOP-61BPDT0\iniad"
Information,2023/04/02 17:42:54,Microsoft-Windows-Sysmon,5,Process terminated (rule: ProcessTerminate),"Process terminated:
RuleName: -
UtcTime: 2023-04-02 08:42:54.523
ProcessGuid: {22a2695c-400e-6429-54e8-000000006e00}
ProcessId: 27224
Image: C:\Windows\System32\lxss\wslhost.exe
User: DESKTOP-61BPDT0\iniad"
Information,2023/04/02 17:42:54,Microsoft-Windows-Sysmon,5,Process terminated (rule: ProcessTerminate),"Process terminated:
RuleName: -
UtcTime: 2023-04-02 08:42:54.516
ProcessGuid: {22a2695c-400e-6429-53e8-000000006e00}
ProcessId: 22344
Image: C:\Windows\System32\wsl.exe
User: DESKTOP-61BPDT0\iniad"
Information,2023/04/02 17:42:54,Microsoft-Windows-Sysmon,1,Process Create (rule: ProcessCreate),"Process Create:
RuleName: -
UtcTime: 2023-04-02 08:42:54.434
ProcessGuid: {22a2695c-400e-6429-55e8-000000006e00}
ProcessId: 27408
Image: C:\Windows\System32\conhost.exe
FileVersion: 10.0.19041.2546 (WinBuild.160101.0800)
Description: Console Window Host
Product: Microsoft® Windows® Operating System
Company: Microsoft Corporation
OriginalFileName: CONHOST.EXE
CommandLine: \??\C:\WINDOWS\system32\conhost.exe 0xffffffff -ForceV1
CurrentDirectory: C:\WINDOWS
User: DESKTOP-61BPDT0\iniad
LogonGuid: {22a2695c-014a-6428-81ce-030000000000}
LogonId: 0x3CE81
TerminalSessionId: 1
IntegrityLevel: Medium
Hashes: SHA256=A26A1FFB81A61281FFA55CB7778CC3FB0FF981704DE49F75F51F18B283FBA7A2
ParentProcessGuid: {22a2695c-400e-6429-54e8-000000006e00}
ParentProcessId: 27224
ParentImage: C:\Windows\System32\lxss\wslhost.exe
ParentCommandLine: C:\WINDOWS\system32\lxss\wslhost.exe {95147f4a-eee3-4770-bd10-0bb18962c0ea} 784 804 764 {1bd0db17-f179-4a8d-ab5a-afeaeb38f5d5}
ParentUser: DESKTOP-61BPDT0\iniad"
Information,2023/04/02 17:42:54,Microsoft-Windows-Sysmon,1,Process Create (rule: ProcessCreate),"Process Create:
RuleName: -
UtcTime: 2023-04-02 08:42:54.429
ProcessGuid: {22a2695c-400e-6429-54e8-000000006e00}
ProcessId: 27224
Image: C:\Windows\System32\lxss\wslhost.exe
FileVersion: 10.0.19041.2311 (WinBuild.160101.0800)
Description: Microsoft Windows Subsystem for Linux Background Host
Product: Microsoft® Windows® Operating System
Company: Microsoft Corporation
OriginalFileName: wslhost.exe
CommandLine: C:\WINDOWS\system32\lxss\wslhost.exe {95147f4a-eee3-4770-bd10-0bb18962c0ea} 784 804 764 {1bd0db17-f179-4a8d-ab5a-afeaeb38f5d5}
CurrentDirectory: C:\Users\iniad\AppData\Roaming\Docker\
User: DESKTOP-61BPDT0\iniad
LogonGuid: {22a2695c-014a-6428-81ce-030000000000}
LogonId: 0x3CE81
TerminalSessionId: 1
IntegrityLevel: Medium
Hashes: SHA256=D9E607F64643812EDB102CE26AF0BB0E9BEB180E44F0F28F791941BF2208CA78
ParentProcessGuid: {22a2695c-400e-6429-53e8-000000006e00}
ParentProcessId: 22344
ParentImage: C:\Windows\System32\wsl.exe
ParentCommandLine: C:\WINDOWS\system32\wsl.exe  -d docker-desktop cat /proc/stat
ParentUser: DESKTOP-61BPDT0\iniad"
Information,2023/04/02 17:42:54,Microsoft-Windows-Sysmon,5,Process terminated (rule: ProcessTerminate),"Process terminated:
RuleName: -
UtcTime: 2023-04-02 08:42:54.387
ProcessGuid: {22a2695c-400e-6429-52e8-000000006e00}
ProcessId: 17816
Image: C:\Windows\System32\conhost.exe
User: DESKTOP-61BPDT0\iniad"
Information,2023/04/02 17:42:54,Microsoft-Windows-Sysmon,5,Process terminated (rule: ProcessTerminate),"Process terminated:
RuleName: -
UtcTime: 2023-04-02 08:42:54.382
ProcessGuid: {22a2695c-400e-6429-51e8-000000006e00}
ProcessId: 25280
Image: C:\Windows\System32\lxss\wslhost.exe
User: DESKTOP-61BPDT0\iniad"
Information,2023/04/02 17:42:54,Microsoft-Windows-Sysmon,1,Process Create (rule: ProcessCreate),"Process Create:
RuleName: -
UtcTime: 2023-04-02 08:42:54.382
ProcessGuid: {22a2695c-400e-6429-53e8-000000006e00}
ProcessId: 22344
Image: C:\Windows\System32\wsl.exe
FileVersion: 10.0.19041.2311 (WinBuild.160101.0800)
Description: Microsoft Windows Subsystem for Linux Launcher
Product: Microsoft® Windows® Operating System
Company: Microsoft Corporation
OriginalFileName: wsl.exe
CommandLine: C:\WINDOWS\system32\wsl.exe  -d docker-desktop cat /proc/stat
CurrentDirectory: C:\Users\iniad\AppData\Roaming\Docker\
User: DESKTOP-61BPDT0\iniad
LogonGuid: {22a2695c-014a-6428-81ce-030000000000}
LogonId: 0x3CE81
TerminalSessionId: 1
IntegrityLevel: Medium
Hashes: SHA256=070F414025D984C0799A616B459FEBC99EBC7B6F9D6C3B76E0D4E2E1F22266C2
ParentProcessGuid: {22a2695c-2190-6429-055d-000000006e00}
ParentProcessId: 16796
ParentImage: C:\Program Files\Docker\Docker\resources\com.docker.backend.exe
ParentCommandLine: ""C:\Program Files\Docker\Docker\resources\com.docker.backend.exe"" -addr unix:\\.\pipe\dockerBackendApiServer -native-api
ParentUser: DESKTOP-61BPDT0\iniad"
Information,2023/04/02 17:42:54,Microsoft-Windows-Sysmon,5,Process terminated (rule: ProcessTerminate),"Process terminated:
RuleName: -
UtcTime: 2023-04-02 08:42:54.374
ProcessGuid: {22a2695c-400e-6429-50e8-000000006e00}
ProcessId: 24396
Image: C:\Windows\System32\wsl.exe
User: DESKTOP-61BPDT0\iniad"
Information,2023/04/02 17:42:54,Microsoft-Windows-Sysmon,1,Process Create (rule: ProcessCreate),"Process Create:
RuleName: -
UtcTime: 2023-04-02 08:42:54.292
ProcessGuid: {22a2695c-400e-6429-52e8-000000006e00}
ProcessId: 17816
Image: C:\Windows\System32\conhost.exe
FileVersion: 10.0.19041.2546 (WinBuild.160101.0800)
Description: Console Window Host
Product: Microsoft® Windows® Operating System
Company: Microsoft Corporation
OriginalFileName: CONHOST.EXE
CommandLine: \??\C:\WINDOWS\system32\conhost.exe 0xffffffff -ForceV1
CurrentDirectory: C:\WINDOWS
User: DESKTOP-61BPDT0\iniad
LogonGuid: {22a2695c-014a-6428-81ce-030000000000}
LogonId: 0x3CE81
TerminalSessionId: 1
IntegrityLevel: Medium
Hashes: SHA256=A26A1FFB81A61281FFA55CB7778CC3FB0FF981704DE49F75F51F18B283FBA7A2
ParentProcessGuid: {22a2695c-400e-6429-51e8-000000006e00}
ParentProcessId: 25280
ParentImage: C:\Windows\System32\lxss\wslhost.exe
ParentCommandLine: C:\WINDOWS\system32\lxss\wslhost.exe {95147f4a-eee3-4770-bd10-0bb18962c0ea} 784 804 764 {1bd0db17-f179-4a8d-ab5a-afeaeb38f5d5}
ParentUser: DESKTOP-61BPDT0\iniad"
Information,2023/04/02 17:42:54,Microsoft-Windows-Sysmon,1,Process Create (rule: ProcessCreate),"Process Create:
RuleName: -
UtcTime: 2023-04-02 08:42:54.287
ProcessGuid: {22a2695c-400e-6429-51e8-000000006e00}
ProcessId: 25280
Image: C:\Windows\System32\lxss\wslhost.exe
FileVersion: 10.0.19041.2311 (WinBuild.160101.0800)
Description: Microsoft Windows Subsystem for Linux Background Host
Product: Microsoft® Windows® Operating System
Company: Microsoft Corporation
OriginalFileName: wslhost.exe
CommandLine: C:\WINDOWS\system32\lxss\wslhost.exe {95147f4a-eee3-4770-bd10-0bb18962c0ea} 784 804 764 {1bd0db17-f179-4a8d-ab5a-afeaeb38f5d5}
CurrentDirectory: C:\Users\iniad\AppData\Roaming\Docker\
User: DESKTOP-61BPDT0\iniad
LogonGuid: {22a2695c-014a-6428-81ce-030000000000}
LogonId: 0x3CE81
TerminalSessionId: 1
IntegrityLevel: Medium
Hashes: SHA256=D9E607F64643812EDB102CE26AF0BB0E9BEB180E44F0F28F791941BF2208CA78
ParentProcessGuid: {22a2695c-400e-6429-50e8-000000006e00}
ParentProcessId: 24396
ParentImage: C:\Windows\System32\wsl.exe
ParentCommandLine: C:\WINDOWS\system32\wsl.exe  -d docker-desktop cat /proc/meminfo
ParentUser: DESKTOP-61BPDT0\iniad"
Information,2023/04/02 17:42:54,Microsoft-Windows-Sysmon,1,Process Create (rule: ProcessCreate),"Process Create:
RuleName: -
UtcTime: 2023-04-02 08:42:54.226
ProcessGuid: {22a2695c-400e-6429-50e8-000000006e00}
ProcessId: 24396
Image: C:\Windows\System32\wsl.exe
FileVersion: 10.0.19041.2311 (WinBuild.160101.0800)
Description: Microsoft Windows Subsystem for Linux Launcher
Product: Microsoft® Windows® Operating System
Company: Microsoft Corporation
OriginalFileName: wsl.exe
CommandLine: C:\WINDOWS\system32\wsl.exe  -d docker-desktop cat /proc/meminfo
CurrentDirectory: C:\Users\iniad\AppData\Roaming\Docker\
User: DESKTOP-61BPDT0\iniad
LogonGuid: {22a2695c-014a-6428-81ce-030000000000}
LogonId: 0x3CE81
TerminalSessionId: 1
IntegrityLevel: Medium
Hashes: SHA256=070F414025D984C0799A616B459FEBC99EBC7B6F9D6C3B76E0D4E2E1F22266C2
ParentProcessGuid: {22a2695c-2190-6429-055d-000000006e00}
ParentProcessId: 16796
ParentImage: C:\Program Files\Docker\Docker\resources\com.docker.backend.exe
ParentCommandLine: ""C:\Program Files\Docker\Docker\resources\com.docker.backend.exe"" -addr unix:\\.\pipe\dockerBackendApiServer -native-api
ParentUser: DESKTOP-61BPDT0\iniad"
Information,2023/04/02 17:42:52,Microsoft-Windows-Sysmon,5,Process terminated (rule: ProcessTerminate),"Process terminated:
RuleName: -
UtcTime: 2023-04-02 08:42:52.251
ProcessGuid: {22a2695c-4009-6429-35e8-000000006e00}
ProcessId: 3444
Image: C:\Program Files\Splunk\bin\python3.exe
User: NT AUTHORITY\SYSTEM"
Information,2023/04/02 17:42:52,Microsoft-Windows-Sysmon,5,Process terminated (rule: ProcessTerminate),"Process terminated:
RuleName: -
UtcTime: 2023-04-02 08:42:52.113
ProcessGuid: {22a2695c-400b-6429-4ee8-000000006e00}
ProcessId: 5216
Image: C:\Program Files\Splunk\bin\btool.exe
User: NT AUTHORITY\SYSTEM"
Information,2023/04/02 17:42:52,Microsoft-Windows-Sysmon,5,Process terminated (rule: ProcessTerminate),"Process terminated:
RuleName: -
UtcTime: 2023-04-02 08:42:52.110
ProcessGuid: {22a2695c-400b-6429-4fe8-000000006e00}
ProcessId: 14100
Image: C:\Program Files\Splunk\bin\splunkd.exe
User: NT AUTHORITY\SYSTEM"
Information,2023/04/02 17:42:51,Microsoft-Windows-Sysmon,1,Process Create (rule: ProcessCreate),"Process Create:
RuleName: -
UtcTime: 2023-04-02 08:42:51.883
ProcessGuid: {22a2695c-400b-6429-4fe8-000000006e00}
ProcessId: 14100
Image: C:\Program Files\Splunk\bin\splunkd.exe
FileVersion: 9.0.4.1
Description: splunkd service
Product: splunk Application
Company: Splunk Inc.
OriginalFileName: splunkd.exe
CommandLine: ""C:\Program Files\Splunk\bin\SplunkD.EXE"" btool server list
CurrentDirectory: C:\WINDOWS\system32\
User: NT AUTHORITY\SYSTEM
LogonGuid: {22a2695c-0147-6428-e703-000000000000}
LogonId: 0x3E7
TerminalSessionId: 0
IntegrityLevel: System
Hashes: SHA256=DDC68D8B83CE3833A4DCCCD17EAD4CF9D0517B64BFC681EA7C74108EF606C3E4
ParentProcessGuid: {22a2695c-400b-6429-4ee8-000000006e00}
ParentProcessId: 5216
ParentImage: C:\Program Files\Splunk\bin\btool.exe
ParentCommandLine: btool server list
ParentUser: NT AUTHORITY\SYSTEM"
Information,2023/04/02 17:42:51,Microsoft-Windows-Sysmon,1,Process Create (rule: ProcessCreate),"Process Create:
RuleName: -
UtcTime: 2023-04-02 08:42:51.874
ProcessGuid: {22a2695c-400b-6429-4ee8-000000006e00}
ProcessId: 5216
Image: C:\Program Files\Splunk\bin\btool.exe
FileVersion: 9.0.4.1
Description: btool
Product: splunk Application
Company: Splunk Inc.
OriginalFileName: btool.exe
CommandLine: btool server list
CurrentDirectory: C:\WINDOWS\system32\
User: NT AUTHORITY\SYSTEM
LogonGuid: {22a2695c-0147-6428-e703-000000000000}
LogonId: 0x3E7
TerminalSessionId: 0
IntegrityLevel: System
Hashes: SHA256=84FDBDECB36A65AA09F3BB79E68C79C1571AC4F1A94056B2A24D42928A8083DB
ParentProcessGuid: {22a2695c-4009-6429-35e8-000000006e00}
ParentProcessId: 3444
ParentImage: C:\Program Files\Splunk\bin\python3.exe
ParentCommandLine: ""C:\Program Files\Splunk\bin\Python3.exe"" ""C:\Program Files\Splunk\etc\apps\splunk_assist\bin\uiassets_modular_input.py""
ParentUser: NT AUTHORITY\SYSTEM"
Information,2023/04/02 17:42:51,Microsoft-Windows-Sysmon,5,Process terminated (rule: ProcessTerminate),"Process terminated:
RuleName: -
UtcTime: 2023-04-02 08:42:51.872
ProcessGuid: {22a2695c-400b-6429-4ce8-000000006e00}
ProcessId: 25204
Image: C:\Program Files\Splunk\bin\btool.exe
User: NT AUTHORITY\SYSTEM"
Information,2023/04/02 17:42:51,Microsoft-Windows-Sysmon,5,Process terminated (rule: ProcessTerminate),"Process terminated:
RuleName: -
UtcTime: 2023-04-02 08:42:51.868
ProcessGuid: {22a2695c-400b-6429-4de8-000000006e00}
ProcessId: 25468
Image: C:\Program Files\Splunk\bin\splunkd.exe
User: NT AUTHORITY\SYSTEM"
Information,2023/04/02 17:42:51,Microsoft-Windows-Sysmon,1,Process Create (rule: ProcessCreate),"Process Create:
RuleName: -
UtcTime: 2023-04-02 08:42:51.648
ProcessGuid: {22a2695c-400b-6429-4de8-000000006e00}
ProcessId: 25468
Image: C:\Program Files\Splunk\bin\splunkd.exe
FileVersion: 9.0.4.1
Description: splunkd service
Product: splunk Application
Company: Splunk Inc.
OriginalFileName: splunkd.exe
CommandLine: ""C:\Program Files\Splunk\bin\SplunkD.EXE"" btool --app=splunk_assist assist list
CurrentDirectory: C:\WINDOWS\system32\
User: NT AUTHORITY\SYSTEM
LogonGuid: {22a2695c-0147-6428-e703-000000000000}
LogonId: 0x3E7
TerminalSessionId: 0
IntegrityLevel: System
Hashes: SHA256=DDC68D8B83CE3833A4DCCCD17EAD4CF9D0517B64BFC681EA7C74108EF606C3E4
ParentProcessGuid: {22a2695c-400b-6429-4ce8-000000006e00}
ParentProcessId: 25204
ParentImage: C:\Program Files\Splunk\bin\btool.exe
ParentCommandLine: btool --app=splunk_assist assist list
ParentUser: NT AUTHORITY\SYSTEM"
Information,2023/04/02 17:42:51,Microsoft-Windows-Sysmon,1,Process Create (rule: ProcessCreate),"Process Create:
RuleName: -
UtcTime: 2023-04-02 08:42:51.639
ProcessGuid: {22a2695c-400b-6429-4ce8-000000006e00}
ProcessId: 25204
Image: C:\Program Files\Splunk\bin\btool.exe
FileVersion: 9.0.4.1
Description: btool
Product: splunk Application
Company: Splunk Inc.
OriginalFileName: btool.exe
CommandLine: btool --app=splunk_assist assist list
CurrentDirectory: C:\WINDOWS\system32\
User: NT AUTHORITY\SYSTEM
LogonGuid: {22a2695c-0147-6428-e703-000000000000}
LogonId: 0x3E7
TerminalSessionId: 0
IntegrityLevel: System
Hashes: SHA256=84FDBDECB36A65AA09F3BB79E68C79C1571AC4F1A94056B2A24D42928A8083DB
ParentProcessGuid: {22a2695c-4009-6429-35e8-000000006e00}
ParentProcessId: 3444
ParentImage: C:\Program Files\Splunk\bin\python3.exe
ParentCommandLine: ""C:\Program Files\Splunk\bin\Python3.exe"" ""C:\Program Files\Splunk\etc\apps\splunk_assist\bin\uiassets_modular_input.py""
ParentUser: NT AUTHORITY\SYSTEM"
Information,2023/04/02 17:42:51,Microsoft-Windows-Sysmon,5,Process terminated (rule: ProcessTerminate),"Process terminated:
RuleName: -
UtcTime: 2023-04-02 08:42:51.637
ProcessGuid: {22a2695c-400b-6429-4ae8-000000006e00}
ProcessId: 23628
Image: C:\Program Files\Splunk\bin\btool.exe
User: NT AUTHORITY\SYSTEM"
Information,2023/04/02 17:42:51,Microsoft-Windows-Sysmon,5,Process terminated (rule: ProcessTerminate),"Process terminated:
RuleName: -
UtcTime: 2023-04-02 08:42:51.634
ProcessGuid: {22a2695c-400b-6429-4be8-000000006e00}
ProcessId: 23688
Image: C:\Program Files\Splunk\bin\splunkd.exe
User: NT AUTHORITY\SYSTEM"
Information,2023/04/02 17:42:51,Microsoft-Windows-Sysmon,5,Process terminated (rule: ProcessTerminate),"Process terminated:
RuleName: -
UtcTime: 2023-04-02 08:42:51.522
ProcessGuid: {22a2695c-4009-6429-33e8-000000006e00}
ProcessId: 23288
Image: C:\Program Files\Splunk\bin\python3.exe
User: NT AUTHORITY\SYSTEM"
Information,2023/04/02 17:42:51,Microsoft-Windows-Sysmon,5,Process terminated (rule: ProcessTerminate),"Process terminated:
RuleName: -
UtcTime: 2023-04-02 08:42:51.490
ProcessGuid: {22a2695c-400b-6429-48e8-000000006e00}
ProcessId: 25028
Image: C:\Program Files\Splunk\bin\btool.exe
User: NT AUTHORITY\SYSTEM"
Information,2023/04/02 17:42:51,Microsoft-Windows-Sysmon,5,Process terminated (rule: ProcessTerminate),"Process terminated:
RuleName: -
UtcTime: 2023-04-02 08:42:51.486
ProcessGuid: {22a2695c-400b-6429-49e8-000000006e00}
ProcessId: 14560
Image: C:\Program Files\Splunk\bin\splunkd.exe
User: NT AUTHORITY\SYSTEM"
Information,2023/04/02 17:42:51,Microsoft-Windows-Sysmon,1,Process Create (rule: ProcessCreate),"Process Create:
RuleName: -
UtcTime: 2023-04-02 08:42:51.392
ProcessGuid: {22a2695c-400b-6429-4be8-000000006e00}
ProcessId: 23688
Image: C:\Program Files\Splunk\bin\splunkd.exe
FileVersion: 9.0.4.1
Description: splunkd service
Product: splunk Application
Company: Splunk Inc.
OriginalFileName: splunkd.exe
CommandLine: ""C:\Program Files\Splunk\bin\SplunkD.EXE"" btool --app=splunk_assist assist list
CurrentDirectory: C:\WINDOWS\system32\
User: NT AUTHORITY\SYSTEM
LogonGuid: {22a2695c-0147-6428-e703-000000000000}
LogonId: 0x3E7
TerminalSessionId: 0
IntegrityLevel: System
Hashes: SHA256=DDC68D8B83CE3833A4DCCCD17EAD4CF9D0517B64BFC681EA7C74108EF606C3E4
ParentProcessGuid: {22a2695c-400b-6429-4ae8-000000006e00}
ParentProcessId: 23628
ParentImage: C:\Program Files\Splunk\bin\btool.exe
ParentCommandLine: btool --app=splunk_assist assist list
ParentUser: NT AUTHORITY\SYSTEM"
Information,2023/04/02 17:42:51,Microsoft-Windows-Sysmon,1,Process Create (rule: ProcessCreate),"Process Create:
RuleName: -
UtcTime: 2023-04-02 08:42:51.382
ProcessGuid: {22a2695c-400b-6429-4ae8-000000006e00}
ProcessId: 23628
Image: C:\Program Files\Splunk\bin\btool.exe
FileVersion: 9.0.4.1
Description: btool
Product: splunk Application
Company: Splunk Inc.
OriginalFileName: btool.exe
CommandLine: btool --app=splunk_assist assist list
CurrentDirectory: C:\WINDOWS\system32\
User: NT AUTHORITY\SYSTEM
LogonGuid: {22a2695c-0147-6428-e703-000000000000}
LogonId: 0x3E7
TerminalSessionId: 0
IntegrityLevel: System
Hashes: SHA256=84FDBDECB36A65AA09F3BB79E68C79C1571AC4F1A94056B2A24D42928A8083DB
ParentProcessGuid: {22a2695c-4009-6429-35e8-000000006e00}
ParentProcessId: 3444
ParentImage: C:\Program Files\Splunk\bin\python3.exe
ParentCommandLine: ""C:\Program Files\Splunk\bin\Python3.exe"" ""C:\Program Files\Splunk\etc\apps\splunk_assist\bin\uiassets_modular_input.py""
ParentUser: NT AUTHORITY\SYSTEM"
Information,2023/04/02 17:42:51,Microsoft-Windows-Sysmon,5,Process terminated (rule: ProcessTerminate),"Process terminated:
RuleName: -
UtcTime: 2023-04-02 08:42:51.380
ProcessGuid: {22a2695c-400b-6429-46e8-000000006e00}
ProcessId: 18412
Image: C:\Program Files\Splunk\bin\btool.exe
User: NT AUTHORITY\SYSTEM"
Information,2023/04/02 17:42:51,Microsoft-Windows-Sysmon,5,Process terminated (rule: ProcessTerminate),"Process terminated:
RuleName: -
UtcTime: 2023-04-02 08:42:51.375
ProcessGuid: {22a2695c-400b-6429-47e8-000000006e00}
ProcessId: 24220
Image: C:\Program Files\Splunk\bin\splunkd.exe
User: NT AUTHORITY\SYSTEM"
Information,2023/04/02 17:42:51,Microsoft-Windows-Sysmon,5,Process terminated (rule: ProcessTerminate),"Process terminated:
RuleName: -
UtcTime: 2023-04-02 08:42:51.371
ProcessGuid: {22a2695c-4009-6429-34e8-000000006e00}
ProcessId: 9568
Image: C:\Program Files\Splunk\bin\python3.exe
User: NT AUTHORITY\SYSTEM"
Information,2023/04/02 17:42:51,Microsoft-Windows-Sysmon,5,Process terminated (rule: ProcessTerminate),"Process terminated:
RuleName: -
UtcTime: 2023-04-02 08:42:51.299
ProcessGuid: {22a2695c-400a-6429-44e8-000000006e00}
ProcessId: 10680
Image: C:\Program Files\Splunk\bin\btool.exe
User: NT AUTHORITY\SYSTEM"
Information,2023/04/02 17:42:51,Microsoft-Windows-Sysmon,5,Process terminated (rule: ProcessTerminate),"Process terminated:
RuleName: -
UtcTime: 2023-04-02 08:42:51.296
ProcessGuid: {22a2695c-400a-6429-45e8-000000006e00}
ProcessId: 22828
Image: C:\Program Files\Splunk\bin\splunkd.exe
User: NT AUTHORITY\SYSTEM"
Information,2023/04/02 17:42:51,Microsoft-Windows-Sysmon,1,Process Create (rule: ProcessCreate),"Process Create:
RuleName: -
UtcTime: 2023-04-02 08:42:51.202
ProcessGuid: {22a2695c-400b-6429-49e8-000000006e00}
ProcessId: 14560
Image: C:\Program Files\Splunk\bin\splunkd.exe
FileVersion: 9.0.4.1
Description: splunkd service
Product: splunk Application
Company: Splunk Inc.
OriginalFileName: splunkd.exe
CommandLine: ""C:\Program Files\Splunk\bin\SplunkD.EXE"" btool assist list
CurrentDirectory: C:\WINDOWS\system32\
User: NT AUTHORITY\SYSTEM
LogonGuid: {22a2695c-0147-6428-e703-000000000000}
LogonId: 0x3E7
TerminalSessionId: 0
IntegrityLevel: System
Hashes: SHA256=DDC68D8B83CE3833A4DCCCD17EAD4CF9D0517B64BFC681EA7C74108EF606C3E4
ParentProcessGuid: {22a2695c-400b-6429-48e8-000000006e00}
ParentProcessId: 25028
ParentImage: C:\Program Files\Splunk\bin\btool.exe
ParentCommandLine: btool assist list
ParentUser: NT AUTHORITY\SYSTEM"
Information,2023/04/02 17:42:51,Microsoft-Windows-Sysmon,1,Process Create (rule: ProcessCreate),"Process Create:
RuleName: -
UtcTime: 2023-04-02 08:42:51.192
ProcessGuid: {22a2695c-400b-6429-48e8-000000006e00}
ProcessId: 25028
Image: C:\Program Files\Splunk\bin\btool.exe
FileVersion: 9.0.4.1
Description: btool
Product: splunk Application
Company: Splunk Inc.
OriginalFileName: btool.exe
CommandLine: btool assist list
CurrentDirectory: C:\WINDOWS\system32\
User: NT AUTHORITY\SYSTEM
LogonGuid: {22a2695c-0147-6428-e703-000000000000}
LogonId: 0x3E7
TerminalSessionId: 0
IntegrityLevel: System
Hashes: SHA256=84FDBDECB36A65AA09F3BB79E68C79C1571AC4F1A94056B2A24D42928A8083DB
ParentProcessGuid: {22a2695c-4009-6429-33e8-000000006e00}
ParentProcessId: 23288
ParentImage: C:\Program Files\Splunk\bin\python3.exe
ParentCommandLine: ""C:\Program Files\Splunk\bin\Python3.exe"" ""C:\Program Files\Splunk\etc\apps\splunk_assist\bin\instance_id_modular_input.py""
ParentUser: NT AUTHORITY\SYSTEM"
Information,2023/04/02 17:42:51,Microsoft-Windows-Sysmon,5,Process terminated (rule: ProcessTerminate),"Process terminated:
RuleName: -
UtcTime: 2023-04-02 08:42:51.191
ProcessGuid: {22a2695c-400a-6429-42e8-000000006e00}
ProcessId: 15440
Image: C:\Program Files\Splunk\bin\btool.exe
User: NT AUTHORITY\SYSTEM"
Information,2023/04/02 17:42:51,Microsoft-Windows-Sysmon,5,Process terminated (rule: ProcessTerminate),"Process terminated:
RuleName: -
UtcTime: 2023-04-02 08:42:51.187
ProcessGuid: {22a2695c-400a-6429-43e8-000000006e00}
ProcessId: 7556
Image: C:\Program Files\Splunk\bin\splunkd.exe
User: NT AUTHORITY\SYSTEM"
Information,2023/04/02 17:42:51,Microsoft-Windows-Sysmon,1,Process Create (rule: ProcessCreate),"Process Create:
RuleName: -
UtcTime: 2023-04-02 08:42:51.057
ProcessGuid: {22a2695c-400b-6429-47e8-000000006e00}
ProcessId: 24220
Image: C:\Program Files\Splunk\bin\splunkd.exe
FileVersion: 9.0.4.1
Description: splunkd service
Product: splunk Application
Company: Splunk Inc.
OriginalFileName: splunkd.exe
CommandLine: ""C:\Program Files\Splunk\bin\SplunkD.EXE"" btool --app=splunk_assist assist list
CurrentDirectory: C:\WINDOWS\system32\
User: NT AUTHORITY\SYSTEM
LogonGuid: {22a2695c-0147-6428-e703-000000000000}
LogonId: 0x3E7
TerminalSessionId: 0
IntegrityLevel: System
Hashes: SHA256=DDC68D8B83CE3833A4DCCCD17EAD4CF9D0517B64BFC681EA7C74108EF606C3E4
ParentProcessGuid: {22a2695c-400b-6429-46e8-000000006e00}
ParentProcessId: 18412
ParentImage: C:\Program Files\Splunk\bin\btool.exe
ParentCommandLine: btool --app=splunk_assist assist list
ParentUser: NT AUTHORITY\SYSTEM"
Information,2023/04/02 17:42:51,Microsoft-Windows-Sysmon,1,Process Create (rule: ProcessCreate),"Process Create:
RuleName: -
UtcTime: 2023-04-02 08:42:51.047
ProcessGuid: {22a2695c-400b-6429-46e8-000000006e00}
ProcessId: 18412
Image: C:\Program Files\Splunk\bin\btool.exe
FileVersion: 9.0.4.1
Description: btool
Product: splunk Application
Company: Splunk Inc.
OriginalFileName: btool.exe
CommandLine: btool --app=splunk_assist assist list
CurrentDirectory: C:\WINDOWS\system32\
User: NT AUTHORITY\SYSTEM
LogonGuid: {22a2695c-0147-6428-e703-000000000000}
LogonId: 0x3E7
TerminalSessionId: 0
IntegrityLevel: System
Hashes: SHA256=84FDBDECB36A65AA09F3BB79E68C79C1571AC4F1A94056B2A24D42928A8083DB
ParentProcessGuid: {22a2695c-4009-6429-35e8-000000006e00}
ParentProcessId: 3444
ParentImage: C:\Program Files\Splunk\bin\python3.exe
ParentCommandLine: ""C:\Program Files\Splunk\bin\Python3.exe"" ""C:\Program Files\Splunk\etc\apps\splunk_assist\bin\uiassets_modular_input.py""
ParentUser: NT AUTHORITY\SYSTEM"
Information,2023/04/02 17:42:50,Microsoft-Windows-Sysmon,1,Process Create (rule: ProcessCreate),"Process Create:
RuleName: -
UtcTime: 2023-04-02 08:42:50.960
ProcessGuid: {22a2695c-400a-6429-45e8-000000006e00}
ProcessId: 22828
Image: C:\Program Files\Splunk\bin\splunkd.exe
FileVersion: 9.0.4.1
Description: splunkd service
Product: splunk Application
Company: Splunk Inc.
OriginalFileName: splunkd.exe
CommandLine: ""C:\Program Files\Splunk\bin\SplunkD.EXE"" btool --app=splunk_assist assist list
CurrentDirectory: C:\WINDOWS\system32\
User: NT AUTHORITY\SYSTEM
LogonGuid: {22a2695c-0147-6428-e703-000000000000}
LogonId: 0x3E7
TerminalSessionId: 0
IntegrityLevel: System
Hashes: SHA256=DDC68D8B83CE3833A4DCCCD17EAD4CF9D0517B64BFC681EA7C74108EF606C3E4
ParentProcessGuid: {22a2695c-400a-6429-44e8-000000006e00}
ParentProcessId: 10680
ParentImage: C:\Program Files\Splunk\bin\btool.exe
ParentCommandLine: btool --app=splunk_assist assist list
ParentUser: NT AUTHORITY\SYSTEM"
Information,2023/04/02 17:42:50,Microsoft-Windows-Sysmon,5,Process terminated (rule: ProcessTerminate),"Process terminated:
RuleName: -
UtcTime: 2023-04-02 08:42:50.951
ProcessGuid: {22a2695c-400a-6429-40e8-000000006e00}
ProcessId: 2176
Image: C:\Program Files\Splunk\bin\btool.exe
User: NT AUTHORITY\SYSTEM"
Information,2023/04/02 17:42:50,Microsoft-Windows-Sysmon,1,Process Create (rule: ProcessCreate),"Process Create:
RuleName: -
UtcTime: 2023-04-02 08:42:50.950
ProcessGuid: {22a2695c-400a-6429-44e8-000000006e00}
ProcessId: 10680
Image: C:\Program Files\Splunk\bin\btool.exe
FileVersion: 9.0.4.1
Description: btool
Product: splunk Application
Company: Splunk Inc.
OriginalFileName: btool.exe
CommandLine: btool --app=splunk_assist assist list
CurrentDirectory: C:\WINDOWS\system32\
User: NT AUTHORITY\SYSTEM
LogonGuid: {22a2695c-0147-6428-e703-000000000000}
LogonId: 0x3E7
TerminalSessionId: 0
IntegrityLevel: System
Hashes: SHA256=84FDBDECB36A65AA09F3BB79E68C79C1571AC4F1A94056B2A24D42928A8083DB
ParentProcessGuid: {22a2695c-4009-6429-34e8-000000006e00}
ParentProcessId: 9568
ParentImage: C:\Program Files\Splunk\bin\python3.exe
ParentCommandLine: ""C:\Program Files\Splunk\bin\Python3.exe"" ""C:\Program Files\Splunk\etc\apps\splunk_assist\bin\supervisor_modular_input.py""
ParentUser: NT AUTHORITY\SYSTEM"
Information,2023/04/02 17:42:50,Microsoft-Windows-Sysmon,5,Process terminated (rule: ProcessTerminate),"Process terminated:
RuleName: -
UtcTime: 2023-04-02 08:42:50.947
ProcessGuid: {22a2695c-400a-6429-41e8-000000006e00}
ProcessId: 25700
Image: C:\Program Files\Splunk\bin\splunkd.exe
User: NT AUTHORITY\SYSTEM"
Information,2023/04/02 17:42:50,Microsoft-Windows-Sysmon,1,Process Create (rule: ProcessCreate),"Process Create:
RuleName: -
UtcTime: 2023-04-02 08:42:50.865
ProcessGuid: {22a2695c-400a-6429-43e8-000000006e00}
ProcessId: 7556
Image: C:\Program Files\Splunk\bin\splunkd.exe
FileVersion: 9.0.4.1
Description: splunkd service
Product: splunk Application
Company: Splunk Inc.
OriginalFileName: splunkd.exe
CommandLine: ""C:\Program Files\Splunk\bin\SplunkD.EXE"" btool assist list
CurrentDirectory: C:\WINDOWS\system32\
User: NT AUTHORITY\SYSTEM
LogonGuid: {22a2695c-0147-6428-e703-000000000000}
LogonId: 0x3E7
TerminalSessionId: 0
IntegrityLevel: System
Hashes: SHA256=DDC68D8B83CE3833A4DCCCD17EAD4CF9D0517B64BFC681EA7C74108EF606C3E4
ParentProcessGuid: {22a2695c-400a-6429-42e8-000000006e00}
ParentProcessId: 15440
ParentImage: C:\Program Files\Splunk\bin\btool.exe
ParentCommandLine: btool assist list
ParentUser: NT AUTHORITY\SYSTEM"
